<?xml version="1.0" encoding="UTF-8" standalone="yes"?>
<testsuites name="PartyOnboardingPersonal" time="334" tests="5" failures="0" errors="0">
    <testsuite name="PartyOnboardingPersonal" tests="5" failures="0" errors="0" time="334" timestamp="2019-08-21 19:16:57" hostname="HP - CNU406BFVL" id="Test Suites/DataPreparation/PartyOnboardingPersonal">
        <properties>
            <property name="deviceName" value=""/>
            <property name="devicePlatform" value=""/>
            <property name="logFolder" value="C:\\ML\\JITS\\AYA\\Automation\\FBE\\FBE\\Reports\\DataPreparation\\PartyOnboardingPersonal\\20190821_191653"/>
            <property name="logFiles" value="C:\\ML\\JITS\\AYA\\Automation\\FBE\\FBE\\Reports\\DataPreparation\\PartyOnboardingPersonal\\20190821_191653\\execution0.log"/>
            <property name="attachments" value="C:\\ML\\JITS\\AYA\\Automation\\FBE\\FBE\\Reports\\DataPreparation\\PartyOnboardingPersonal\\20190821_191653\\1566391691218.png, C:\\ML\\JITS\\AYA\\Automation\\FBE\\FBE\\Reports\\DataPreparation\\PartyOnboardingPersonal\\20190821_191653\\1566391696197.png, C:\\ML\\JITS\\AYA\\Automation\\FBE\\FBE\\Reports\\DataPreparation\\PartyOnboardingPersonal\\20190821_191653\\1566391699919.png, C:\\ML\\JITS\\AYA\\Automation\\FBE\\FBE\\Reports\\DataPreparation\\PartyOnboardingPersonal\\20190821_191653\\1566391773633.png, C:\\ML\\JITS\\AYA\\Automation\\FBE\\FBE\\Reports\\DataPreparation\\PartyOnboardingPersonal\\20190821_191653\\1566391778011.png, C:\\ML\\JITS\\AYA\\Automation\\FBE\\FBE\\Reports\\DataPreparation\\PartyOnboardingPersonal\\20190821_191653\\1566391781661.png, C:\\ML\\JITS\\AYA\\Automation\\FBE\\FBE\\Reports\\DataPreparation\\PartyOnboardingPersonal\\20190821_191653\\1566391851904.png, C:\\ML\\JITS\\AYA\\Automation\\FBE\\FBE\\Reports\\DataPreparation\\PartyOnboardingPersonal\\20190821_191653\\1566391856264.png, C:\\ML\\JITS\\AYA\\Automation\\FBE\\FBE\\Reports\\DataPreparation\\PartyOnboardingPersonal\\20190821_191653\\1566391859949.png, C:\\ML\\JITS\\AYA\\Automation\\FBE\\FBE\\Reports\\DataPreparation\\PartyOnboardingPersonal\\20190821_191653\\1566391930840.png, C:\\ML\\JITS\\AYA\\Automation\\FBE\\FBE\\Reports\\DataPreparation\\PartyOnboardingPersonal\\20190821_191653\\1566391935178.png, C:\\ML\\JITS\\AYA\\Automation\\FBE\\FBE\\Reports\\DataPreparation\\PartyOnboardingPersonal\\20190821_191653\\1566391938863.png"/>
            <property name="hostName" value="HP - CNU406BFVL"/>
            <property name="os" value="Windows 7 64bit"/>
            <property name="katalonVersion" value="6.2.2.4"/>
            <property name="browser" value="Chrome 76.0.3809.100"/>
            <property name="hostAddress" value="172.24.175.11"/>
            <property name="sessionId" value="3ac143f06ce116d8940bf84bce41a04d"/>
            <property name="seleniumVersion" value="3.141.59"/>
            <property name="proxyInformation" value="ProxyInformation{proxyOption=NO_PROXY, proxyServerType=HTTP, password=, proxyServerAddress=, proxyServerPort=0}"/>
            <property name="platform" value="Windows 7"/>
        </properties>
        <testcase name="Test Cases/Login" classname="Test Cases/Login" status="PASSED">
            <system-out>2019-08-21 19:16:57 - [TEST_CASE][PASSED] - Test Cases/Login: Test Cases/Login&#xD;
&#xD;
2019-08-21 19:16:58 - [TEST_STEP][PASSED] - Start listener action : sampleBeforeTestCase: null&#xD;
&#xD;
2019-08-21 19:16:58 - [TEST_STEP][PASSED] - testCaseID = testCaseContext.getTestCaseId(): null&#xD;
&#xD;
2019-08-21 19:16:58 - [TEST_STEP][PASSED] - logger = new com.kms.katalon.core.util.KeywordUtil(): null&#xD;
&#xD;
2019-08-21 19:16:58 - [TEST_STEP][PASSED] - loginPage = new pageObjects.LoginPage(): null&#xD;
&#xD;
2019-08-21 19:16:58 - [TEST_STEP][PASSED] - logger.logInfo("Login - Step01 - Open browser"): Login - Step01 - Open browser&#xD;
&#xD;
2019-08-21 19:16:58 - [MESSAGE][INFO] - Login - Step01 - Open browser&#xD;
&#xD;
2019-08-21 19:16:58 - [TEST_STEP][PASSED] - loginPage.openBrowser(url, active): Current window maximized&#xD;
&#xD;
2019-08-21 19:16:58 - [MESSAGE][INFO] - Starting 'Chrome' driver&#xD;
&#xD;
2019-08-21 19:16:59 - [MESSAGE][INFO] - Action delay is set to 0 seconds&#xD;
&#xD;
2019-08-21 19:17:06 - [MESSAGE][PASSED] - Browser is opened with url: 'http://172.24.192.30:9080/uxp/rt/html/layout.html?locale=en-gb'&#xD;
&#xD;
2019-08-21 19:17:07 - [MESSAGE][PASSED] - Current window maximized&#xD;
&#xD;
2019-08-21 19:17:07 - [TEST_STEP][PASSED] - logger.logInfo("Login - Step02 - Input Username"): Login - Step02 - Input Username&#xD;
&#xD;
2019-08-21 19:17:07 - [MESSAGE][INFO] - Login - Step02 - Input Username&#xD;
&#xD;
2019-08-21 19:17:07 - [TEST_STEP][PASSED] - loginPage.inputUsername(username, active): Keys 'br1user006' sent to object: 'Object Repository/LogIn/input_Username_user'&#xD;
&#xD;
2019-08-21 19:17:07 - [MESSAGE][PASSED] - Object 'Object Repository/LogIn/input_Username_user' is present&#xD;
&#xD;
2019-08-21 19:17:08 - [MESSAGE][PASSED] - Keys 'br1user006' sent to object: 'Object Repository/LogIn/input_Username_user'&#xD;
&#xD;
2019-08-21 19:17:08 - [TEST_STEP][PASSED] - logger.logInfo("Login - Step03 - Input Password"): Login - Step03 - Input Password&#xD;
&#xD;
2019-08-21 19:17:08 - [MESSAGE][INFO] - Login - Step03 - Input Password&#xD;
&#xD;
2019-08-21 19:17:08 - [TEST_STEP][PASSED] - loginPage.inputPassword(password, active): Keys 'User006!@#' sent to object: 'Object Repository/LogIn/input_Password_pwd'&#xD;
&#xD;
2019-08-21 19:17:08 - [MESSAGE][PASSED] - Object 'Object Repository/LogIn/input_Password_pwd' is present&#xD;
&#xD;
2019-08-21 19:17:08 - [MESSAGE][PASSED] - Keys 'User006!@#' sent to object: 'Object Repository/LogIn/input_Password_pwd'&#xD;
&#xD;
2019-08-21 19:17:08 - [TEST_STEP][PASSED] - logger.logInfo("Login - Step04 - Click Sign In button"): Login - Step04 - Click Sign In button&#xD;
&#xD;
2019-08-21 19:17:08 - [MESSAGE][INFO] - Login - Step04 - Click Sign In button&#xD;
&#xD;
2019-08-21 19:17:08 - [TEST_STEP][PASSED] - loginPage.clickSingin(active): Object: 'Object Repository/LogIn/input_Password_login' is clicked on&#xD;
&#xD;
2019-08-21 19:17:08 - [MESSAGE][PASSED] - Object 'Object Repository/LogIn/input_Password_login' is present&#xD;
&#xD;
2019-08-21 19:17:10 - [MESSAGE][PASSED] - Object: 'Object Repository/LogIn/input_Password_login' is clicked on&#xD;
&#xD;
2019-08-21 19:17:10 - [TEST_STEP][PASSED] - logger.logInfo("Login - wait load page"): Login - wait load page&#xD;
&#xD;
2019-08-21 19:17:10 - [MESSAGE][INFO] - Login - wait load page&#xD;
&#xD;
2019-08-21 19:17:10 - [TEST_STEP][PASSED] - loginPage.waitLoadPage(active): Wait for page load successfully&#xD;
&#xD;
2019-08-21 19:17:10 - [MESSAGE][PASSED] - Wait for page load successfully</system-out>
            <system-err></system-err>
        </testcase>
        <testcase name="Test Cases/DataPreparation/PartyOnboardingPersonal" classname="Test Cases/DataPreparation/PartyOnboardingPersonal" status="PASSED">
            <system-out>2019-08-21 19:17:10 - [TEST_CASE][PASSED] - Test Cases/DataPreparation/PartyOnboardingPersonal: Test Cases/DataPreparation/PartyOnboardingPersonal&#xD;
&#xD;
2019-08-21 19:17:10 - [TEST_STEP][PASSED] - Start listener action : sampleBeforeTestCase: null&#xD;
&#xD;
2019-08-21 19:17:10 - [TEST_STEP][PASSED] - testCaseID = testCaseContext.getTestCaseId(): null&#xD;
&#xD;
2019-08-21 19:17:11 - [TEST_STEP][PASSED] - partyOnboardingPersonal = new pageObjects.PartyOnboarding(): null&#xD;
&#xD;
2019-08-21 19:17:11 - [TEST_STEP][PASSED] - abtractTest = new commons.AbtractTest(): null&#xD;
&#xD;
2019-08-21 19:17:11 - [TEST_STEP][PASSED] - excelFiles = new report.ExcelFiles(): null&#xD;
&#xD;
2019-08-21 19:17:11 - [TEST_STEP][PASSED] - log = new com.kms.katalon.core.util.KeywordUtil(): null&#xD;
&#xD;
2019-08-21 19:17:11 - [TEST_STEP][PASSED] - results = "": null&#xD;
&#xD;
2019-08-21 19:17:11 - [TEST_STEP][PASSED] - delay(3): Delayed 3 second(s)&#xD;
&#xD;
2019-08-21 19:17:14 - [MESSAGE][PASSED] - Delayed 3 second(s)&#xD;
&#xD;
2019-08-21 19:17:14 - [TEST_STEP][PASSED] - log.logInfo("--- Open Party Onboarding in Menu Search ---"): --- Open Party Onboarding in Menu Search ---&#xD;
&#xD;
2019-08-21 19:17:14 - [MESSAGE][INFO] - --- Open Party Onboarding in Menu Search ---&#xD;
&#xD;
2019-08-21 19:17:14 - [TEST_STEP][PASSED] - partyOnboardingPersonal.inputPartyOnboardingMenuSearch(): Object 'menuSearch_txt' is present&#xD;
&#xD;
2019-08-21 19:17:14 - [MESSAGE][PASSED] - Object 'Object Repository/Menu_Search' is visible&#xD;
&#xD;
2019-08-21 19:17:14 - [MESSAGE][PASSED] - Keys 'ENTER + Party Onboarding' sent to object: 'Object Repository/Menu_Search'&#xD;
&#xD;
2019-08-21 19:17:14 - [MESSAGE][PASSED] - Object 'menuSearch_txt' is present&#xD;
&#xD;
2019-08-21 19:17:14 - [TEST_STEP][PASSED] - log.logInfo("--- Input Local Global ---"): --- Input Local Global ---&#xD;
&#xD;
2019-08-21 19:17:14 - [MESSAGE][INFO] - --- Input Local Global ---&#xD;
&#xD;
2019-08-21 19:17:14 - [TEST_STEP][PASSED] - partyOnboardingPersonal.inputLocalGlobal(s05_localglobal): Keys 'Local Private' sent to object: 'Object Repository/PartyOnboarding/PartyOnboarding/Local Global'&#xD;
&#xD;
2019-08-21 19:17:16 - [MESSAGE][PASSED] - Text of object 'Object Repository/PartyOnboarding/PartyOnboarding/Local Global' is cleared&#xD;
&#xD;
2019-08-21 19:17:16 - [MESSAGE][PASSED] - Object 'Object Repository/PartyOnboarding/PartyOnboarding/Local Global' is visible&#xD;
&#xD;
2019-08-21 19:17:16 - [MESSAGE][PASSED] - Object 'Object Repository/PartyOnboarding/PartyOnboarding/Local Global' is visible&#xD;
&#xD;
2019-08-21 19:17:17 - [MESSAGE][PASSED] - Keys 'Local Private' sent to object: 'Object Repository/PartyOnboarding/PartyOnboarding/Local Global'&#xD;
&#xD;
2019-08-21 19:17:17 - [TEST_STEP][PASSED] - log.logInfo("--- Input Party Type ---"): --- Input Party Type ---&#xD;
&#xD;
2019-08-21 19:17:17 - [MESSAGE][INFO] - --- Input Party Type ---&#xD;
&#xD;
2019-08-21 19:17:17 - [TEST_STEP][PASSED] - partyOnboardingPersonal.inputPartyType(s05_partytype): Keys 'TAB + Personal' sent to object: 'Object Repository/PartyOnboarding/PartyOnboarding/Party Type'&#xD;
&#xD;
2019-08-21 19:17:17 - [MESSAGE][PASSED] - Object 'Object Repository/PartyOnboarding/PartyOnboarding/Party Type' is visible&#xD;
&#xD;
2019-08-21 19:17:17 - [MESSAGE][PASSED] - Keys 'TAB + Personal' sent to object: 'Object Repository/PartyOnboarding/PartyOnboarding/Party Type'&#xD;
&#xD;
2019-08-21 19:17:17 - [TEST_STEP][PASSED] - log.logInfo("--- Input Party Sub Type ---"): --- Input Party Sub Type ---&#xD;
&#xD;
2019-08-21 19:17:17 - [MESSAGE][INFO] - --- Input Party Sub Type ---&#xD;
&#xD;
2019-08-21 19:17:17 - [TEST_STEP][PASSED] - partyOnboardingPersonal.inputPartySubType(s05_partysubtype): Keys 'Individual' sent to object: 'Object Repository/PartyOnboarding/PartyOnboarding/Party Sub-Type'&#xD;
&#xD;
2019-08-21 19:17:18 - [MESSAGE][PASSED] - Delayed 1 second(s)&#xD;
&#xD;
2019-08-21 19:17:18 - [MESSAGE][PASSED] - Object 'Object Repository/PartyOnboarding/PartyOnboarding/Party Type' is visible&#xD;
&#xD;
2019-08-21 19:17:18 - [MESSAGE][PASSED] - Keys 'Individual' sent to object: 'Object Repository/PartyOnboarding/PartyOnboarding/Party Sub-Type'&#xD;
&#xD;
2019-08-21 19:17:18 - [TEST_STEP][PASSED] - log.logInfo("--- Input Party Category ---"): --- Input Party Category ---&#xD;
&#xD;
2019-08-21 19:17:18 - [MESSAGE][INFO] - --- Input Party Category ---&#xD;
&#xD;
2019-08-21 19:17:18 - [TEST_STEP][PASSED] - partyOnboardingPersonal.inputPartyCategory(s05_partycategory): Keys 'Full' sent to object: 'Object Repository/PartyOnboarding/PartyOnboarding/Party Category'&#xD;
&#xD;
2019-08-21 19:17:18 - [MESSAGE][PASSED] - Object 'Object Repository/PartyOnboarding/PartyOnboarding/Party Category' is visible&#xD;
&#xD;
2019-08-21 19:17:19 - [MESSAGE][PASSED] - Keys 'Full' sent to object: 'Object Repository/PartyOnboarding/PartyOnboarding/Party Category'&#xD;
&#xD;
2019-08-21 19:17:19 - [TEST_STEP][PASSED] - log.logInfo("--- Check Line of Business ---"): --- Check Line of Business ---&#xD;
&#xD;
2019-08-21 19:17:19 - [MESSAGE][INFO] - --- Check Line of Business ---&#xD;
&#xD;
2019-08-21 19:17:19 - [TEST_STEP][PASSED] - log.logInfo("--- Click Next to Party Check List  ---"): --- Click Next to Party Check List  ---&#xD;
&#xD;
2019-08-21 19:17:19 - [MESSAGE][INFO] - --- Click Next to Party Check List  ---&#xD;
&#xD;
2019-08-21 19:17:19 - [TEST_STEP][PASSED] - partyOnboardingPersonal.clickNextbutton(): Object: 'Object Repository/PartyOnboarding/btn_Next' is clicked on&#xD;
&#xD;
2019-08-21 19:17:19 - [MESSAGE][PASSED] - Object 'Object Repository/PartyOnboarding/btn_Next' is visible&#xD;
&#xD;
2019-08-21 19:17:19 - [MESSAGE][PASSED] - Object: 'Object Repository/PartyOnboarding/btn_Next' is clicked on&#xD;
&#xD;
2019-08-21 19:17:19 - [TEST_STEP][PASSED] - delay(1): Delayed 1 second(s)&#xD;
&#xD;
2019-08-21 19:17:20 - [MESSAGE][PASSED] - Delayed 1 second(s)&#xD;
&#xD;
2019-08-21 19:17:20 - [TEST_STEP][PASSED] - log.logInfo("--- Click Next to Party Pre-Existence Check  ---"): --- Click Next to Party Pre-Existence Check  ---&#xD;
&#xD;
2019-08-21 19:17:20 - [MESSAGE][INFO] - --- Click Next to Party Pre-Existence Check  ---&#xD;
&#xD;
2019-08-21 19:17:20 - [TEST_STEP][PASSED] - partyOnboardingPersonal.clickNextbutton(): Object: 'Object Repository/PartyOnboarding/btn_Next' is clicked on&#xD;
&#xD;
2019-08-21 19:17:20 - [MESSAGE][PASSED] - Object 'Object Repository/PartyOnboarding/btn_Next' is visible&#xD;
&#xD;
2019-08-21 19:17:20 - [MESSAGE][PASSED] - Object: 'Object Repository/PartyOnboarding/btn_Next' is clicked on&#xD;
&#xD;
2019-08-21 19:17:20 - [TEST_STEP][PASSED] - delay(1): Delayed 1 second(s)&#xD;
&#xD;
2019-08-21 19:17:21 - [MESSAGE][PASSED] - Delayed 1 second(s)&#xD;
&#xD;
2019-08-21 19:17:21 - [TEST_STEP][PASSED] - log.logInfo("--- Input data on Party Pre-Existence Check  ---"): --- Input data on Party Pre-Existence Check  ---&#xD;
&#xD;
2019-08-21 19:17:21 - [MESSAGE][INFO] - --- Input data on Party Pre-Existence Check  ---&#xD;
&#xD;
2019-08-21 19:17:21 - [TEST_STEP][PASSED] - partyOnboardingPersonal.inputPreExistenceCheck(s08_firstname, s08_dateofbirth, s08_nationalldType, s08_nationalldNo, s08_lastname, s08_strState, s08_district01, s08_district02, s08_district03, s08_strType, s08_strregstrationNo): Keys '237516' sent to object: 'Object Repository/PartyOnboarding/Personal/Pre-Existence Check/txt_NationalldNo'&#xD;
&#xD;
2019-08-21 19:17:21 - [MESSAGE][PASSED] - Object 'Object Repository/PartyOnboarding/Personal/Pre-Existence Check/txt_FirstName' is visible&#xD;
&#xD;
2019-08-21 19:17:21 - [MESSAGE][PASSED] - Keys 'ATO 0000001' sent to object: 'Object Repository/PartyOnboarding/Personal/Pre-Existence Check/txt_FirstName'&#xD;
&#xD;
2019-08-21 19:17:21 - [MESSAGE][PASSED] - Object 'Object Repository/PartyOnboarding/Personal/Pre-Existence Check/txt_LastName' is visible&#xD;
&#xD;
2019-08-21 19:17:22 - [MESSAGE][PASSED] - Keys 'Nguyen' sent to object: 'Object Repository/PartyOnboarding/Personal/Pre-Existence Check/txt_LastName'&#xD;
&#xD;
2019-08-21 19:17:22 - [MESSAGE][PASSED] - Object 'Object Repository/PartyOnboarding/Personal/Pre-Existence Check/txt_DateOfBirth' is visible&#xD;
&#xD;
2019-08-21 19:17:22 - [MESSAGE][PASSED] - Keys '12-17-1990' sent to object: 'Object Repository/PartyOnboarding/Personal/Pre-Existence Check/txt_DateOfBirth'&#xD;
&#xD;
2019-08-21 19:17:22 - [MESSAGE][PASSED] - Object 'Object Repository/PartyOnboarding/Personal/Pre-Existence Check/ddl_NationlldType' is visible&#xD;
&#xD;
2019-08-21 19:17:22 - [MESSAGE][PASSED] - Keys 'TAB + Birth Certificate Number' sent to object: 'Object Repository/PartyOnboarding/Personal/Pre-Existence Check/ddl_NationlldType'&#xD;
&#xD;
2019-08-21 19:17:22 - [MESSAGE][PASSED] - Object 'Object Repository/PartyOnboarding/Personal/Pre-Existence Check/txt_NationalldNo' is visible&#xD;
&#xD;
2019-08-21 19:17:22 - [MESSAGE][PASSED] - Keys '237516' sent to object: 'Object Repository/PartyOnboarding/Personal/Pre-Existence Check/txt_NationalldNo'&#xD;
&#xD;
2019-08-21 19:17:22 - [TEST_STEP][PASSED] - log.logInfo("--- Click Next button ---"): --- Click Next button ---&#xD;
&#xD;
2019-08-21 19:17:22 - [MESSAGE][INFO] - --- Click Next button ---&#xD;
&#xD;
2019-08-21 19:17:22 - [TEST_STEP][PASSED] - partyOnboardingPersonal.clickNextbutton(): Object: 'Object Repository/PartyOnboarding/btn_Next' is clicked on&#xD;
&#xD;
2019-08-21 19:17:22 - [MESSAGE][PASSED] - Object 'Object Repository/PartyOnboarding/btn_Next' is visible&#xD;
&#xD;
2019-08-21 19:17:23 - [MESSAGE][PASSED] - Object: 'Object Repository/PartyOnboarding/btn_Next' is clicked on&#xD;
&#xD;
2019-08-21 19:17:23 - [TEST_STEP][PASSED] - log.logInfo("--- Key in data all required fields on Personal Party - PartyId ---"): --- Key in data all required fields on Personal Party - PartyId ---&#xD;
&#xD;
2019-08-21 19:17:23 - [MESSAGE][INFO] - --- Key in data all required fields on Personal Party - PartyId ---&#xD;
&#xD;
2019-08-21 19:17:23 - [TEST_STEP][PASSED] - partyOnboardingPersonal.inputPartyId(): Web element with id: 'Object Repository/PartyOnboarding/Personal/PersonalParty/Message/pop_ErrorDuplicatePartyID' located by 'By.xpath: //textarea[@name='03messages']' not found&#xD;
&#xD;
2019-08-21 19:17:24 - [MESSAGE][PASSED] - Object 'Object Repository/PartyOnboarding/Personal/PersonalParty/txt_PartyID' is visible&#xD;
&#xD;
2019-08-21 19:17:24 - [MESSAGE][PASSED] - Object 'Object Repository/PartyOnboarding/Personal/PersonalParty/txt_PartyID' is visible&#xD;
&#xD;
2019-08-21 19:17:24 - [MESSAGE][PASSED] - Keys 'TAB + cNxpae0H' sent to object: 'Object Repository/PartyOnboarding/Personal/PersonalParty/txt_PartyID'&#xD;
&#xD;
2019-08-21 19:17:56 - [MESSAGE][INFO] - Unable to find the element located by 'By.xpath: //textarea[@name='03messages']'. Please recheck the objects properties to make sure the desired element is located. &#xD;
&#xD;
2019-08-21 19:17:56 - [MESSAGE][WARNING] - Web element with id: 'Object Repository/PartyOnboarding/Personal/PersonalParty/Message/pop_ErrorDuplicatePartyID' located by 'By.xpath: //textarea[@name='03messages']' not found&#xD;
&#xD;
2019-08-21 19:17:56 - [TEST_STEP][PASSED] - log.logInfo("--- Key in data all required fields on Personal Party - Input Nation Identifer Type ---"): --- Key in data all required fields on Personal Party - Input Nation Identifer Type ---&#xD;
&#xD;
2019-08-21 19:17:56 - [MESSAGE][INFO] - --- Key in data all required fields on Personal Party - Input Nation Identifer Type ---&#xD;
&#xD;
2019-08-21 19:17:56 - [TEST_STEP][PASSED] - partyOnboardingPersonal.inputNationalIdentifierType(s09_nationIdentifierType): Keys 'TAB + Passport' sent to object: 'Object Repository/PartyOnboarding/Personal/PersonalParty/ddl_NationalIdentifierType'&#xD;
&#xD;
2019-08-21 19:17:56 - [MESSAGE][PASSED] - Object 'Object Repository/PartyOnboarding/Personal/PersonalParty/ddl_NationalIdentifierType' is visible&#xD;
&#xD;
2019-08-21 19:17:56 - [MESSAGE][PASSED] - Keys 'TAB + Passport' sent to object: 'Object Repository/PartyOnboarding/Personal/PersonalParty/ddl_NationalIdentifierType'&#xD;
&#xD;
2019-08-21 19:17:56 - [TEST_STEP][PASSED] - log.logInfo("--- Key in data all required fields on Personal Party - Input Nation Identifer ---"): --- Key in data all required fields on Personal Party - Input Nation Identifer ---&#xD;
&#xD;
2019-08-21 19:17:56 - [MESSAGE][INFO] - --- Key in data all required fields on Personal Party - Input Nation Identifer ---&#xD;
&#xD;
2019-08-21 19:17:56 - [TEST_STEP][PASSED] - partyOnboardingPersonal.inputNationalIdentifier(s09_nationIdentifier): Keys 'TAB + 12345601' sent to object: 'Object Repository/PartyOnboarding/Personal/PersonalParty/txt_NationalIdentifier'&#xD;
&#xD;
2019-08-21 19:17:56 - [MESSAGE][PASSED] - Object 'Object Repository/PartyOnboarding/Personal/PersonalParty/txt_NationalIdentifier' is visible&#xD;
&#xD;
2019-08-21 19:17:56 - [MESSAGE][PASSED] - Keys 'TAB + 12345601' sent to object: 'Object Repository/PartyOnboarding/Personal/PersonalParty/txt_NationalIdentifier'&#xD;
&#xD;
2019-08-21 19:17:56 - [TEST_STEP][PASSED] - log.logInfo("--- Key in data all required fields on Personal Party - Input Title ---"): --- Key in data all required fields on Personal Party - Input Title ---&#xD;
&#xD;
2019-08-21 19:17:56 - [MESSAGE][INFO] - --- Key in data all required fields on Personal Party - Input Title ---&#xD;
&#xD;
2019-08-21 19:17:56 - [TEST_STEP][PASSED] - partyOnboardingPersonal.inputTitle(s09_title): Keys 'TAB + Ms' sent to object: 'Object Repository/PartyOnboarding/Personal/PersonalParty/ddl_Title'&#xD;
&#xD;
2019-08-21 19:17:56 - [MESSAGE][PASSED] - Object 'Object Repository/PartyOnboarding/Personal/PersonalParty/ddl_Title' is visible&#xD;
&#xD;
2019-08-21 19:17:56 - [MESSAGE][PASSED] - Keys 'TAB + Ms' sent to object: 'Object Repository/PartyOnboarding/Personal/PersonalParty/ddl_Title'&#xD;
&#xD;
2019-08-21 19:17:56 - [TEST_STEP][PASSED] - log.logInfo("--- Key in data all required fields on Personal Party - Input Employment Status ---"): --- Key in data all required fields on Personal Party - Input Employment Status ---&#xD;
&#xD;
2019-08-21 19:17:56 - [MESSAGE][INFO] - --- Key in data all required fields on Personal Party - Input Employment Status ---&#xD;
&#xD;
2019-08-21 19:17:56 - [TEST_STEP][PASSED] - partyOnboardingPersonal.inputEmploymentStatus(s09_employmentStatus): Keys 'TAB + Student' sent to object: 'Object Repository/PartyOnboarding/Personal/PersonalParty/ddl_EmploymentStatus'&#xD;
&#xD;
2019-08-21 19:17:57 - [MESSAGE][PASSED] - Object 'Object Repository/PartyOnboarding/Personal/PersonalParty/ddl_EmploymentStatus' is visible&#xD;
&#xD;
2019-08-21 19:17:57 - [MESSAGE][PASSED] - Keys 'TAB + Student' sent to object: 'Object Repository/PartyOnboarding/Personal/PersonalParty/ddl_EmploymentStatus'&#xD;
&#xD;
2019-08-21 19:17:57 - [TEST_STEP][PASSED] - log.logInfo("--- Key in data all required fields on Personal Party - Input Gender ---"): --- Key in data all required fields on Personal Party - Input Gender ---&#xD;
&#xD;
2019-08-21 19:17:57 - [MESSAGE][INFO] - --- Key in data all required fields on Personal Party - Input Gender ---&#xD;
&#xD;
2019-08-21 19:17:57 - [TEST_STEP][PASSED] - partyOnboardingPersonal.inputGender(s09_gender): Keys 'TAB + Female' sent to object: 'Object Repository/PartyOnboarding/Personal/PersonalParty/ddl_Gender'&#xD;
&#xD;
2019-08-21 19:17:57 - [MESSAGE][PASSED] - Object 'Object Repository/PartyOnboarding/Personal/PersonalParty/ddl_Gender' is visible&#xD;
&#xD;
2019-08-21 19:17:57 - [MESSAGE][PASSED] - Keys 'TAB + Female' sent to object: 'Object Repository/PartyOnboarding/Personal/PersonalParty/ddl_Gender'&#xD;
&#xD;
2019-08-21 19:17:57 - [TEST_STEP][PASSED] - log.logInfo("--- Key in data all required fields on Personal Party - Input Civil Status ---"): --- Key in data all required fields on Personal Party - Input Civil Status ---&#xD;
&#xD;
2019-08-21 19:17:57 - [MESSAGE][INFO] - --- Key in data all required fields on Personal Party - Input Civil Status ---&#xD;
&#xD;
2019-08-21 19:17:57 - [TEST_STEP][PASSED] - partyOnboardingPersonal.inputCivilStatus(s09_civilStatus): Keys 'TAB + Single' sent to object: 'Object Repository/PartyOnboarding/Personal/PersonalParty/txt_CivilStatus'&#xD;
&#xD;
2019-08-21 19:17:57 - [MESSAGE][PASSED] - Object 'Object Repository/PartyOnboarding/Personal/PersonalParty/txt_CivilStatus' is visible&#xD;
&#xD;
2019-08-21 19:17:57 - [MESSAGE][PASSED] - Keys 'TAB + Single' sent to object: 'Object Repository/PartyOnboarding/Personal/PersonalParty/txt_CivilStatus'&#xD;
&#xD;
2019-08-21 19:17:57 - [TEST_STEP][PASSED] - log.logInfo("--- Key in data all required fields on Personal Party - Input Mother's Maiden Name ---"): --- Key in data all required fields on Personal Party - Input Mother's Maiden Name ---&#xD;
&#xD;
2019-08-21 19:17:57 - [MESSAGE][INFO] - --- Key in data all required fields on Personal Party - Input Mother's Maiden Name ---&#xD;
&#xD;
2019-08-21 19:17:57 - [TEST_STEP][PASSED] - partyOnboardingPersonal.inputMotherMaidenName(s09_motherMaidenName): Keys 'TAB + Mother's Name' sent to object: 'Object Repository/PartyOnboarding/Personal/PersonalParty/txt_MothersMaidenName'&#xD;
&#xD;
2019-08-21 19:17:57 - [MESSAGE][PASSED] - Object 'Object Repository/PartyOnboarding/Personal/PersonalParty/txt_MothersMaidenName' is visible&#xD;
&#xD;
2019-08-21 19:17:58 - [MESSAGE][PASSED] - Keys 'TAB + Mother's Name' sent to object: 'Object Repository/PartyOnboarding/Personal/PersonalParty/txt_MothersMaidenName'&#xD;
&#xD;
2019-08-21 19:17:58 - [TEST_STEP][PASSED] - log.logInfo("--- Key in data all required fields on Personal Party - Input Short Name ---"): --- Key in data all required fields on Personal Party - Input Short Name ---&#xD;
&#xD;
2019-08-21 19:17:58 - [MESSAGE][INFO] - --- Key in data all required fields on Personal Party - Input Short Name ---&#xD;
&#xD;
2019-08-21 19:17:58 - [TEST_STEP][PASSED] - partyOnboardingPersonal.inputShortName(s09_shortName): Keys 'TAB + Le 11' sent to object: 'Object Repository/PartyOnboarding/Personal/PersonalParty/txt_ShortName'&#xD;
&#xD;
2019-08-21 19:17:58 - [MESSAGE][PASSED] - Object 'Object Repository/PartyOnboarding/Personal/PersonalParty/txt_ShortName' is visible&#xD;
&#xD;
2019-08-21 19:17:58 - [MESSAGE][PASSED] - Keys 'TAB + Le 11' sent to object: 'Object Repository/PartyOnboarding/Personal/PersonalParty/txt_ShortName'&#xD;
&#xD;
2019-08-21 19:17:58 - [TEST_STEP][PASSED] - log.logInfo("---Key in data all required fields on Personal Party - Input Grandfather's Name ---"): ---Key in data all required fields on Personal Party - Input Grandfather's Name ---&#xD;
&#xD;
2019-08-21 19:17:58 - [MESSAGE][INFO] - ---Key in data all required fields on Personal Party - Input Grandfather's Name ---&#xD;
&#xD;
2019-08-21 19:17:58 - [TEST_STEP][PASSED] - partyOnboardingPersonal.inputGrandfatherName(s09_grandfatherName): Keys 'TAB + Grandfatther' sent to object: 'Object Repository/PartyOnboarding/Personal/PersonalParty/txt_GrandfathersName'&#xD;
&#xD;
2019-08-21 19:17:58 - [MESSAGE][PASSED] - Object 'Object Repository/PartyOnboarding/Personal/PersonalParty/txt_GrandfathersName' is visible&#xD;
&#xD;
2019-08-21 19:17:58 - [MESSAGE][PASSED] - Keys 'TAB + Grandfatther' sent to object: 'Object Repository/PartyOnboarding/Personal/PersonalParty/txt_GrandfathersName'&#xD;
&#xD;
2019-08-21 19:17:58 - [TEST_STEP][PASSED] - log.logInfo("---Key in data all required fields on Personal Party - Input Nationality ---"): ---Key in data all required fields on Personal Party - Input Nationality ---&#xD;
&#xD;
2019-08-21 19:17:58 - [MESSAGE][INFO] - ---Key in data all required fields on Personal Party - Input Nationality ---&#xD;
&#xD;
2019-08-21 19:17:58 - [TEST_STEP][PASSED] - partyOnboardingPersonal.inputNationality(s09_nationality): Keys 'TAB + Myanmar' sent to object: 'Object Repository/PartyOnboarding/Personal/PersonalParty/ddl_Nationality'&#xD;
&#xD;
2019-08-21 19:17:58 - [MESSAGE][PASSED] - Object 'Object Repository/PartyOnboarding/Personal/PersonalParty/ddl_Nationality' is visible&#xD;
&#xD;
2019-08-21 19:17:58 - [MESSAGE][PASSED] - Keys 'TAB + Myanmar' sent to object: 'Object Repository/PartyOnboarding/Personal/PersonalParty/ddl_Nationality'&#xD;
&#xD;
2019-08-21 19:17:58 - [TEST_STEP][PASSED] - log.logInfo("--- Key in data all required fields on Personal Party - Input Resident Status ---"): --- Key in data all required fields on Personal Party - Input Resident Status ---&#xD;
&#xD;
2019-08-21 19:17:58 - [MESSAGE][INFO] - --- Key in data all required fields on Personal Party - Input Resident Status ---&#xD;
&#xD;
2019-08-21 19:17:58 - [TEST_STEP][PASSED] - partyOnboardingPersonal.inputResidentStatus(s09_residentStatus): Keys 'Diplomat' sent to object: 'Object Repository/PartyOnboarding/Personal/PersonalParty/ddl_ResidentStatus'&#xD;
&#xD;
2019-08-21 19:17:58 - [MESSAGE][PASSED] - Object 'Object Repository/PartyOnboarding/Personal/PersonalParty/ddl_ResidentStatus' is visible&#xD;
&#xD;
2019-08-21 19:17:59 - [MESSAGE][PASSED] - Keys 'Diplomat' sent to object: 'Object Repository/PartyOnboarding/Personal/PersonalParty/ddl_ResidentStatus'&#xD;
&#xD;
2019-08-21 19:17:59 - [TEST_STEP][PASSED] - log.logInfo("--- Key in data all required fields on Personal Party - Input Tax ID Number ---"): --- Key in data all required fields on Personal Party - Input Tax ID Number ---&#xD;
&#xD;
2019-08-21 19:17:59 - [MESSAGE][INFO] - --- Key in data all required fields on Personal Party - Input Tax ID Number ---&#xD;
&#xD;
2019-08-21 19:17:59 - [TEST_STEP][PASSED] - partyOnboardingPersonal.inputTaxIDNumber(s09_taxIDNumber): Keys 'TAB + 12345678' sent to object: 'Object Repository/PartyOnboarding/Personal/PersonalParty/txt_TaxIDNumber'&#xD;
&#xD;
2019-08-21 19:17:59 - [MESSAGE][PASSED] - Object 'Object Repository/PartyOnboarding/Personal/PersonalParty/txt_TaxIDNumber' is visible&#xD;
&#xD;
2019-08-21 19:17:59 - [MESSAGE][PASSED] - Keys 'TAB + 12345678' sent to object: 'Object Repository/PartyOnboarding/Personal/PersonalParty/txt_TaxIDNumber'&#xD;
&#xD;
2019-08-21 19:17:59 - [TEST_STEP][PASSED] - log.logInfo("--- Key in data all required fields on Personal Party - Input Religion ---"): --- Key in data all required fields on Personal Party - Input Religion ---&#xD;
&#xD;
2019-08-21 19:17:59 - [MESSAGE][INFO] - --- Key in data all required fields on Personal Party - Input Religion ---&#xD;
&#xD;
2019-08-21 19:17:59 - [TEST_STEP][PASSED] - partyOnboardingPersonal.inputReligion(s09_religion): Keys 'TAB + Christianity' sent to object: 'Object Repository/PartyOnboarding/Personal/PersonalParty/ddl_Religion'&#xD;
&#xD;
2019-08-21 19:17:59 - [MESSAGE][PASSED] - Object 'Object Repository/PartyOnboarding/Personal/PersonalParty/ddl_Religion' is visible&#xD;
&#xD;
2019-08-21 19:17:59 - [MESSAGE][PASSED] - Keys 'TAB + Christianity' sent to object: 'Object Repository/PartyOnboarding/Personal/PersonalParty/ddl_Religion'&#xD;
&#xD;
2019-08-21 19:17:59 - [TEST_STEP][PASSED] - log.logInfo("--- Key in data all required fields on Personal Party - Click Next button ---"): --- Key in data all required fields on Personal Party - Click Next button ---&#xD;
&#xD;
2019-08-21 19:17:59 - [MESSAGE][INFO] - --- Key in data all required fields on Personal Party - Click Next button ---&#xD;
&#xD;
2019-08-21 19:17:59 - [TEST_STEP][PASSED] - partyOnboardingPersonal.clickNextbutton(): Object: 'Object Repository/PartyOnboarding/btn_Next' is clicked on&#xD;
&#xD;
2019-08-21 19:17:59 - [MESSAGE][PASSED] - Object 'Object Repository/PartyOnboarding/btn_Next' is visible&#xD;
&#xD;
2019-08-21 19:17:59 - [MESSAGE][PASSED] - Object: 'Object Repository/PartyOnboarding/btn_Next' is clicked on&#xD;
&#xD;
2019-08-21 19:17:59 - [TEST_STEP][PASSED] - log.logInfo("--- Key in data all required fields on Personal Party - Click Process on Warning box ---"): --- Key in data all required fields on Personal Party - Click Process on Warning box ---&#xD;
&#xD;
2019-08-21 19:17:59 - [MESSAGE][INFO] - --- Key in data all required fields on Personal Party - Click Process on Warning box ---&#xD;
&#xD;
2019-08-21 19:17:59 - [TEST_STEP][PASSED] - partyOnboardingPersonal.clickProcessInWarningBox(): Object: 'Object Repository/PartyOnboarding/Personal/PersonalParty/btn_Warnings_Proceed_NotCapture' is clicked on&#xD;
&#xD;
2019-08-21 19:18:00 - [MESSAGE][PASSED] - Object 'Object Repository/PartyOnboarding/Personal/PersonalParty/btn_Warnings_Proceed_NotCapture' is visible&#xD;
&#xD;
2019-08-21 19:18:00 - [MESSAGE][PASSED] - Object: 'Object Repository/PartyOnboarding/Personal/PersonalParty/btn_Warnings_Proceed_NotCapture' is clicked on&#xD;
&#xD;
2019-08-21 19:18:00 - [TEST_STEP][PASSED] - log.logInfo("--- Input required fields for Party Address - Input Address Type, User of Communication and Valid From---"): --- Input required fields for Party Address - Input Address Type, User of Communication and Valid From---&#xD;
&#xD;
2019-08-21 19:18:00 - [MESSAGE][INFO] - --- Input required fields for Party Address - Input Address Type, User of Communication and Valid From---&#xD;
&#xD;
2019-08-21 19:18:00 - [TEST_STEP][PASSED] - partyOnboardingPersonal.inputRDataForAddressParty(s10_addressType, s10_userForCommunication, s10_validFrom): Execute JavaScript 'arguments[0].click();' successfully&#xD;
&#xD;
2019-08-21 19:18:01 - [MESSAGE][PASSED] - Object 'Object Repository/PartyOnboarding/Personal/PartyAddress/button_New Row_PartyAddress' is visible&#xD;
&#xD;
2019-08-21 19:18:01 - [MESSAGE][PASSED] - Execute JavaScript 'arguments[0].click();' successfully&#xD;
&#xD;
2019-08-21 19:18:01 - [MESSAGE][PASSED] - Object 'Object Repository/PartyOnboarding/Personal/PartyAddress/Address Type' is visible&#xD;
&#xD;
2019-08-21 19:18:02 - [MESSAGE][PASSED] - Keys 'TAB + Home Address' sent to object: 'Object Repository/PartyOnboarding/Personal/PartyAddress/Address Type'&#xD;
&#xD;
2019-08-21 19:18:02 - [MESSAGE][PASSED] - Object 'Object Repository/PartyOnboarding/Personal/PartyAddress/Valid From' is visible&#xD;
&#xD;
2019-08-21 19:18:02 - [MESSAGE][PASSED] - Text of object 'Object Repository/PartyOnboarding/Personal/PartyAddress/Valid From' is cleared&#xD;
&#xD;
2019-08-21 19:18:02 - [MESSAGE][PASSED] - Object 'Object Repository/PartyOnboarding/Personal/PartyAddress/Valid From' is visible&#xD;
&#xD;
2019-08-21 19:18:03 - [MESSAGE][PASSED] - Keys '2018-01-14' sent to object: 'Object Repository/PartyOnboarding/Personal/PartyAddress/Valid From'&#xD;
&#xD;
2019-08-21 19:18:03 - [MESSAGE][PASSED] - Object 'Object Repository/PartyOnboarding/Personal/PartyAddress/chk_Use  for Communication' is present&#xD;
&#xD;
2019-08-21 19:18:03 - [MESSAGE][PASSED] - Attribute 'aria-checked' of object 'Object Repository/PartyOnboarding/Personal/PartyAddress/chk_Use  for Communication' is: 'false'&#xD;
&#xD;
2019-08-21 19:18:03 - [MESSAGE][PASSED] - Object 'Object Repository/PartyOnboarding/Personal/PartyAddress/chk_Use  for Communication' is checked&#xD;
&#xD;
2019-08-21 19:18:03 - [MESSAGE][PASSED] - Object 'Object Repository/PartyOnboarding/Personal/PartyAddress/SaveRow' is visible&#xD;
&#xD;
2019-08-21 19:18:03 - [MESSAGE][PASSED] - Execute JavaScript 'arguments[0].click();' successfully&#xD;
&#xD;
2019-08-21 19:18:03 - [MESSAGE][PASSED] - Object 'Object Repository/PartyOnboarding/Personal/PartyAddress/button_New Row_PartyAddress' is visible&#xD;
&#xD;
2019-08-21 19:18:03 - [MESSAGE][PASSED] - Execute JavaScript 'arguments[0].click();' successfully&#xD;
&#xD;
2019-08-21 19:18:03 - [MESSAGE][PASSED] - Object 'Object Repository/PartyOnboarding/Personal/PartyAddress/Address Type' is visible&#xD;
&#xD;
2019-08-21 19:18:04 - [MESSAGE][PASSED] - Keys 'TAB + Office Address' sent to object: 'Object Repository/PartyOnboarding/Personal/PartyAddress/Address Type'&#xD;
&#xD;
2019-08-21 19:18:04 - [MESSAGE][PASSED] - Object 'Object Repository/PartyOnboarding/Personal/PartyAddress/Valid From' is visible&#xD;
&#xD;
2019-08-21 19:18:04 - [MESSAGE][PASSED] - Text of object 'Object Repository/PartyOnboarding/Personal/PartyAddress/Valid From' is cleared&#xD;
&#xD;
2019-08-21 19:18:04 - [MESSAGE][PASSED] - Object 'Object Repository/PartyOnboarding/Personal/PartyAddress/Valid From' is visible&#xD;
&#xD;
2019-08-21 19:18:04 - [MESSAGE][PASSED] - Keys '2018-01-17' sent to object: 'Object Repository/PartyOnboarding/Personal/PartyAddress/Valid From'&#xD;
&#xD;
2019-08-21 19:18:04 - [MESSAGE][PASSED] - Object 'Object Repository/PartyOnboarding/Personal/PartyAddress/SaveRow' is visible&#xD;
&#xD;
2019-08-21 19:18:04 - [MESSAGE][PASSED] - Execute JavaScript 'arguments[0].click();' successfully&#xD;
&#xD;
2019-08-21 19:18:04 - [MESSAGE][PASSED] - Object 'Object Repository/PartyOnboarding/Personal/PartyAddress/button_New Row_PartyAddress' is visible&#xD;
&#xD;
2019-08-21 19:18:04 - [MESSAGE][PASSED] - Execute JavaScript 'arguments[0].click();' successfully&#xD;
&#xD;
2019-08-21 19:18:04 - [MESSAGE][PASSED] - Object 'Object Repository/PartyOnboarding/Personal/PartyAddress/Address Type' is visible&#xD;
&#xD;
2019-08-21 19:18:05 - [MESSAGE][PASSED] - Keys 'TAB + Current Address' sent to object: 'Object Repository/PartyOnboarding/Personal/PartyAddress/Address Type'&#xD;
&#xD;
2019-08-21 19:18:05 - [MESSAGE][PASSED] - Object 'Object Repository/PartyOnboarding/Personal/PartyAddress/Valid From' is visible&#xD;
&#xD;
2019-08-21 19:18:05 - [MESSAGE][PASSED] - Text of object 'Object Repository/PartyOnboarding/Personal/PartyAddress/Valid From' is cleared&#xD;
&#xD;
2019-08-21 19:18:05 - [MESSAGE][PASSED] - Object 'Object Repository/PartyOnboarding/Personal/PartyAddress/Valid From' is visible&#xD;
&#xD;
2019-08-21 19:18:06 - [MESSAGE][PASSED] - Keys '2017-01-17' sent to object: 'Object Repository/PartyOnboarding/Personal/PartyAddress/Valid From'&#xD;
&#xD;
2019-08-21 19:18:06 - [MESSAGE][PASSED] - Object 'Object Repository/PartyOnboarding/Personal/PartyAddress/SaveRow' is visible&#xD;
&#xD;
2019-08-21 19:18:06 - [MESSAGE][PASSED] - Execute JavaScript 'arguments[0].click();' successfully&#xD;
&#xD;
2019-08-21 19:18:06 - [TEST_STEP][PASSED] - log.logInfo("--- Input required fields for Party Address - click Next button---"): --- Input required fields for Party Address - click Next button---&#xD;
&#xD;
2019-08-21 19:18:06 - [MESSAGE][INFO] - --- Input required fields for Party Address - click Next button---&#xD;
&#xD;
2019-08-21 19:18:06 - [TEST_STEP][PASSED] - partyOnboardingPersonal.clickNextbutton(): Object: 'Object Repository/PartyOnboarding/btn_Next' is clicked on&#xD;
&#xD;
2019-08-21 19:18:06 - [MESSAGE][PASSED] - Object 'Object Repository/PartyOnboarding/btn_Next' is visible&#xD;
&#xD;
2019-08-21 19:18:06 - [MESSAGE][PASSED] - Object: 'Object Repository/PartyOnboarding/btn_Next' is clicked on&#xD;
&#xD;
2019-08-21 19:18:06 - [TEST_STEP][PASSED] - log.logInfo("--- Input data for Party Contacts ---"): --- Input data for Party Contacts ---&#xD;
&#xD;
2019-08-21 19:18:06 - [MESSAGE][INFO] - --- Input data for Party Contacts ---&#xD;
&#xD;
2019-08-21 19:18:06 - [TEST_STEP][PASSED] - partyOnboardingPersonal.inputDataForPartyContacts(s11_contactMethod, s11_contactTypeLocation, s11_contactCountryCode, s11_contactAreaCode, s11_contactNumber, s11_contactEmail, s11_confirmEmail, s11_validFrom): Execute JavaScript 'arguments[0].click();' successfully&#xD;
&#xD;
2019-08-21 19:18:07 - [MESSAGE][PASSED] - Object 'Object Repository/PartyOnboarding/Personal/PartyContacts/New Row' is visible&#xD;
&#xD;
2019-08-21 19:18:07 - [MESSAGE][PASSED] - Execute JavaScript 'arguments[0].click();' successfully&#xD;
&#xD;
2019-08-21 19:18:08 - [MESSAGE][PASSED] - Delayed 1 second(s)&#xD;
&#xD;
2019-08-21 19:18:08 - [MESSAGE][PASSED] - Object 'Object Repository/PartyOnboarding/Personal/PartyContacts/Contact Method' is visible&#xD;
&#xD;
2019-08-21 19:18:08 - [MESSAGE][PASSED] - Keys 'TAB + Telephone' sent to object: 'Object Repository/PartyOnboarding/Personal/PartyContacts/Contact Method'&#xD;
&#xD;
2019-08-21 19:18:09 - [MESSAGE][PASSED] - Delayed 1 second(s)&#xD;
&#xD;
2019-08-21 19:18:09 - [MESSAGE][PASSED] - Object 'Object Repository/PartyOnboarding/Personal/PartyContacts/Contact Type  Location' is visible&#xD;
&#xD;
2019-08-21 19:18:10 - [MESSAGE][PASSED] - Keys 'TAB + Personal' sent to object: 'Object Repository/PartyOnboarding/Personal/PartyContacts/Contact Type  Location'&#xD;
&#xD;
2019-08-21 19:18:10 - [MESSAGE][PASSED] - Object 'Object Repository/PartyOnboarding/Personal/PartyContacts/Contact Email' is visible&#xD;
&#xD;
2019-08-21 19:18:10 - [MESSAGE][PASSED] - Object 'Object Repository/PartyOnboarding/Personal/PartyContacts/Contact Email' has attribute 'readonly'&#xD;
&#xD;
2019-08-21 19:18:10 - [MESSAGE][PASSED] - Object 'Object Repository/PartyOnboarding/Personal/PartyContacts/Contact Number_03_Code' is visible&#xD;
&#xD;
2019-08-21 19:18:10 - [MESSAGE][PASSED] - Text of object 'Object Repository/PartyOnboarding/Personal/PartyContacts/Contact Number_03_Code' is cleared&#xD;
&#xD;
2019-08-21 19:18:10 - [MESSAGE][PASSED] - Object 'Object Repository/PartyOnboarding/Personal/PartyContacts/Contact Number_03_Code' is visible&#xD;
&#xD;
2019-08-21 19:18:10 - [MESSAGE][PASSED] - Keys '+95' sent to object: 'Object Repository/PartyOnboarding/Personal/PartyContacts/Contact Number_03_Code'&#xD;
&#xD;
2019-08-21 19:18:10 - [MESSAGE][PASSED] - Object 'Object Repository/PartyOnboarding/Personal/PartyContacts/Contact Number_AreaCode' is visible&#xD;
&#xD;
2019-08-21 19:18:10 - [MESSAGE][PASSED] - Keys '' sent to object: 'Object Repository/PartyOnboarding/Personal/PartyContacts/Contact Number_AreaCode'&#xD;
&#xD;
2019-08-21 19:18:10 - [MESSAGE][PASSED] - Object 'Object Repository/PartyOnboarding/Personal/PartyContacts/Contact Number_Number' is visible&#xD;
&#xD;
2019-08-21 19:18:11 - [MESSAGE][PASSED] - Keys '9697989901' sent to object: 'Object Repository/PartyOnboarding/Personal/PartyContacts/Contact Number_Number'&#xD;
&#xD;
2019-08-21 19:18:11 - [MESSAGE][PASSED] - Object 'Object Repository/PartyOnboarding/Personal/PartyContacts/Contact Number_03_Code' is visible&#xD;
&#xD;
2019-08-21 19:18:12 - [MESSAGE][WARNING] - Object 'Object Repository/PartyOnboarding/Personal/PartyContacts/Contact Number_03_Code' does not have attribute 'readonly' (Root cause: com.kms.katalon.core.exception.StepFailedException: Object 'Object Repository/PartyOnboarding/Personal/PartyContacts/Contact Number_03_Code' does not have attribute 'readonly'&#xD;
	at com.kms.katalon.core.webui.keyword.internal.WebUIKeywordMain.stepFailed(WebUIKeywordMain.groovy:64)&#xD;
	at com.kms.katalon.core.webui.keyword.builtin.VerifyElementHasAttributeKeyword$_verifyElementHasAttribute_closure1.doCall(VerifyElementHasAttributeKeyword.groovy:89)&#xD;
	at com.kms.katalon.core.webui.keyword.builtin.VerifyElementHasAttributeKeyword$_verifyElementHasAttribute_closure1.call(VerifyElementHasAttributeKeyword.groovy)&#xD;
	at com.kms.katalon.core.webui.keyword.internal.WebUIKeywordMain.runKeyword(WebUIKeywordMain.groovy:20)&#xD;
	at com.kms.katalon.core.webui.keyword.builtin.VerifyElementHasAttributeKeyword.verifyElementHasAttribute(VerifyElementHasAttributeKeyword.groovy:100)&#xD;
	at com.kms.katalon.core.webui.keyword.builtin.VerifyElementHasAttributeKeyword.execute(VerifyElementHasAttributeKeyword.groovy:69)&#xD;
	at com.kms.katalon.core.keyword.internal.KeywordExecutor.executeKeywordForPlatform(KeywordExecutor.groovy:56)&#xD;
	at com.kms.katalon.core.webui.keyword.WebUiBuiltInKeywords.verifyElementHasAttribute(WebUiBuiltInKeywords.groovy:3166)&#xD;
	at com.kms.katalon.core.webui.keyword.WebUiBuiltInKeywords$verifyElementHasAttribute$11.call(Unknown Source)&#xD;
	at pageObjects.PartyOnboarding.inputDataForPartyContacts(PartyOnboarding.groovy:736)&#xD;
	at PartyOnboardingPersonal.run(PartyOnboardingPersonal:77)&#xD;
	at com.kms.katalon.core.main.ScriptEngine.run(ScriptEngine.java:194)&#xD;
	at com.kms.katalon.core.main.ScriptEngine.runScriptAsRawText(ScriptEngine.java:119)&#xD;
	at com.kms.katalon.core.main.TestCaseExecutor.runScript(TestCaseExecutor.java:337)&#xD;
	at com.kms.katalon.core.main.TestCaseExecutor.doExecute(TestCaseExecutor.java:328)&#xD;
	at com.kms.katalon.core.main.TestCaseExecutor.processExecutionPhase(TestCaseExecutor.java:307)&#xD;
	at com.kms.katalon.core.main.TestCaseExecutor.accessMainPhase(TestCaseExecutor.java:299)&#xD;
	at com.kms.katalon.core.main.TestCaseExecutor.execute(TestCaseExecutor.java:233)&#xD;
	at com.kms.katalon.core.main.TestSuiteExecutor.accessTestCaseMainPhase(TestSuiteExecutor.java:133)&#xD;
	at com.kms.katalon.core.main.TestSuiteExecutor.accessTestSuiteMainPhase(TestSuiteExecutor.java:116)&#xD;
	at com.kms.katalon.core.main.TestSuiteExecutor.execute(TestSuiteExecutor.java:83)&#xD;
	at com.kms.katalon.core.main.TestCaseMain.startTestSuite(TestCaseMain.java:157)&#xD;
	at com.kms.katalon.core.main.TestCaseMain$startTestSuite$0.call(Unknown Source)&#xD;
	at TempTestSuite1566391613482.run(TempTestSuite1566391613482.groovy:35)&#xD;
)&#xD;
[[ATTACHMENT|C:\\ML\\JITS\\AYA\\Automation\\FBE\\FBE\\Reports\\DataPreparation\\PartyOnboardingPersonal\\20190821_191653\\1566391691218.png]]&#xD;
&#xD;
2019-08-21 19:18:12 - [MESSAGE][PASSED] - Object 'Object Repository/PartyOnboarding/Personal/PartyContacts/Valid From' is visible&#xD;
&#xD;
2019-08-21 19:18:12 - [MESSAGE][PASSED] - Text of object 'Object Repository/PartyOnboarding/Personal/PartyContacts/Valid From' is cleared&#xD;
&#xD;
2019-08-21 19:18:12 - [MESSAGE][PASSED] - Object 'Object Repository/PartyOnboarding/Personal/PartyContacts/Valid From' is visible&#xD;
&#xD;
2019-08-21 19:18:12 - [MESSAGE][PASSED] - Keys '2018-12-20' sent to object: 'Object Repository/PartyOnboarding/Personal/PartyContacts/Valid From'&#xD;
&#xD;
2019-08-21 19:18:12 - [MESSAGE][PASSED] - Object 'Object Repository/PartyOnboarding/Personal/PartyContacts/Save Row' is visible&#xD;
&#xD;
2019-08-21 19:18:12 - [MESSAGE][PASSED] - Execute JavaScript 'arguments[0].click();' successfully&#xD;
&#xD;
2019-08-21 19:18:12 - [MESSAGE][PASSED] - Object 'Object Repository/PartyOnboarding/Personal/PartyContacts/New Row' is visible&#xD;
&#xD;
2019-08-21 19:18:12 - [MESSAGE][PASSED] - Execute JavaScript 'arguments[0].click();' successfully&#xD;
&#xD;
2019-08-21 19:18:13 - [MESSAGE][PASSED] - Delayed 1 second(s)&#xD;
&#xD;
2019-08-21 19:18:13 - [MESSAGE][PASSED] - Object 'Object Repository/PartyOnboarding/Personal/PartyContacts/Contact Method' is visible&#xD;
&#xD;
2019-08-21 19:18:14 - [MESSAGE][PASSED] - Keys 'TAB + Mobile' sent to object: 'Object Repository/PartyOnboarding/Personal/PartyContacts/Contact Method'&#xD;
&#xD;
2019-08-21 19:18:15 - [MESSAGE][PASSED] - Delayed 1 second(s)&#xD;
&#xD;
2019-08-21 19:18:15 - [MESSAGE][PASSED] - Object 'Object Repository/PartyOnboarding/Personal/PartyContacts/Contact Type  Location' is visible&#xD;
&#xD;
2019-08-21 19:18:15 - [MESSAGE][PASSED] - Keys 'TAB + Work' sent to object: 'Object Repository/PartyOnboarding/Personal/PartyContacts/Contact Type  Location'&#xD;
&#xD;
2019-08-21 19:18:15 - [MESSAGE][PASSED] - Object 'Object Repository/PartyOnboarding/Personal/PartyContacts/Contact Email' is visible&#xD;
&#xD;
2019-08-21 19:18:15 - [MESSAGE][PASSED] - Object 'Object Repository/PartyOnboarding/Personal/PartyContacts/Contact Email' has attribute 'readonly'&#xD;
&#xD;
2019-08-21 19:18:15 - [MESSAGE][PASSED] - Object 'Object Repository/PartyOnboarding/Personal/PartyContacts/Contact Number_03_Code' is visible&#xD;
&#xD;
2019-08-21 19:18:15 - [MESSAGE][PASSED] - Text of object 'Object Repository/PartyOnboarding/Personal/PartyContacts/Contact Number_03_Code' is cleared&#xD;
&#xD;
2019-08-21 19:18:15 - [MESSAGE][PASSED] - Object 'Object Repository/PartyOnboarding/Personal/PartyContacts/Contact Number_03_Code' is visible&#xD;
&#xD;
2019-08-21 19:18:15 - [MESSAGE][PASSED] - Keys '+1' sent to object: 'Object Repository/PartyOnboarding/Personal/PartyContacts/Contact Number_03_Code'&#xD;
&#xD;
2019-08-21 19:18:15 - [MESSAGE][PASSED] - Object 'Object Repository/PartyOnboarding/Personal/PartyContacts/Contact Number_AreaCode' is visible&#xD;
&#xD;
2019-08-21 19:18:15 - [MESSAGE][PASSED] - Keys '' sent to object: 'Object Repository/PartyOnboarding/Personal/PartyContacts/Contact Number_AreaCode'&#xD;
&#xD;
2019-08-21 19:18:15 - [MESSAGE][PASSED] - Object 'Object Repository/PartyOnboarding/Personal/PartyContacts/Contact Number_Number' is visible&#xD;
&#xD;
2019-08-21 19:18:16 - [MESSAGE][PASSED] - Keys '12312313' sent to object: 'Object Repository/PartyOnboarding/Personal/PartyContacts/Contact Number_Number'&#xD;
&#xD;
2019-08-21 19:18:16 - [MESSAGE][PASSED] - Object 'Object Repository/PartyOnboarding/Personal/PartyContacts/Contact Number_03_Code' is visible&#xD;
&#xD;
2019-08-21 19:18:16 - [MESSAGE][WARNING] - Object 'Object Repository/PartyOnboarding/Personal/PartyContacts/Contact Number_03_Code' does not have attribute 'readonly' (Root cause: com.kms.katalon.core.exception.StepFailedException: Object 'Object Repository/PartyOnboarding/Personal/PartyContacts/Contact Number_03_Code' does not have attribute 'readonly'&#xD;
	at com.kms.katalon.core.webui.keyword.internal.WebUIKeywordMain.stepFailed(WebUIKeywordMain.groovy:64)&#xD;
	at com.kms.katalon.core.webui.keyword.builtin.VerifyElementHasAttributeKeyword$_verifyElementHasAttribute_closure1.doCall(VerifyElementHasAttributeKeyword.groovy:89)&#xD;
	at com.kms.katalon.core.webui.keyword.builtin.VerifyElementHasAttributeKeyword$_verifyElementHasAttribute_closure1.call(VerifyElementHasAttributeKeyword.groovy)&#xD;
	at com.kms.katalon.core.webui.keyword.internal.WebUIKeywordMain.runKeyword(WebUIKeywordMain.groovy:20)&#xD;
	at com.kms.katalon.core.webui.keyword.builtin.VerifyElementHasAttributeKeyword.verifyElementHasAttribute(VerifyElementHasAttributeKeyword.groovy:100)&#xD;
	at com.kms.katalon.core.webui.keyword.builtin.VerifyElementHasAttributeKeyword.execute(VerifyElementHasAttributeKeyword.groovy:69)&#xD;
	at com.kms.katalon.core.keyword.internal.KeywordExecutor.executeKeywordForPlatform(KeywordExecutor.groovy:56)&#xD;
	at com.kms.katalon.core.webui.keyword.WebUiBuiltInKeywords.verifyElementHasAttribute(WebUiBuiltInKeywords.groovy:3166)&#xD;
	at com.kms.katalon.core.webui.keyword.WebUiBuiltInKeywords$verifyElementHasAttribute$11.call(Unknown Source)&#xD;
	at pageObjects.PartyOnboarding.inputDataForPartyContacts(PartyOnboarding.groovy:736)&#xD;
	at PartyOnboardingPersonal.run(PartyOnboardingPersonal:77)&#xD;
	at com.kms.katalon.core.main.ScriptEngine.run(ScriptEngine.java:194)&#xD;
	at com.kms.katalon.core.main.ScriptEngine.runScriptAsRawText(ScriptEngine.java:119)&#xD;
	at com.kms.katalon.core.main.TestCaseExecutor.runScript(TestCaseExecutor.java:337)&#xD;
	at com.kms.katalon.core.main.TestCaseExecutor.doExecute(TestCaseExecutor.java:328)&#xD;
	at com.kms.katalon.core.main.TestCaseExecutor.processExecutionPhase(TestCaseExecutor.java:307)&#xD;
	at com.kms.katalon.core.main.TestCaseExecutor.accessMainPhase(TestCaseExecutor.java:299)&#xD;
	at com.kms.katalon.core.main.TestCaseExecutor.execute(TestCaseExecutor.java:233)&#xD;
	at com.kms.katalon.core.main.TestSuiteExecutor.accessTestCaseMainPhase(TestSuiteExecutor.java:133)&#xD;
	at com.kms.katalon.core.main.TestSuiteExecutor.accessTestSuiteMainPhase(TestSuiteExecutor.java:116)&#xD;
	at com.kms.katalon.core.main.TestSuiteExecutor.execute(TestSuiteExecutor.java:83)&#xD;
	at com.kms.katalon.core.main.TestCaseMain.startTestSuite(TestCaseMain.java:157)&#xD;
	at com.kms.katalon.core.main.TestCaseMain$startTestSuite$0.call(Unknown Source)&#xD;
	at TempTestSuite1566391613482.run(TempTestSuite1566391613482.groovy:35)&#xD;
)&#xD;
[[ATTACHMENT|C:\\ML\\JITS\\AYA\\Automation\\FBE\\FBE\\Reports\\DataPreparation\\PartyOnboardingPersonal\\20190821_191653\\1566391696197.png]]&#xD;
&#xD;
2019-08-21 19:18:16 - [MESSAGE][PASSED] - Object 'Object Repository/PartyOnboarding/Personal/PartyContacts/Valid From' is visible&#xD;
&#xD;
2019-08-21 19:18:16 - [MESSAGE][PASSED] - Text of object 'Object Repository/PartyOnboarding/Personal/PartyContacts/Valid From' is cleared&#xD;
&#xD;
2019-08-21 19:18:16 - [MESSAGE][PASSED] - Object 'Object Repository/PartyOnboarding/Personal/PartyContacts/Valid From' is visible&#xD;
&#xD;
2019-08-21 19:18:17 - [MESSAGE][PASSED] - Keys '2018-01-24' sent to object: 'Object Repository/PartyOnboarding/Personal/PartyContacts/Valid From'&#xD;
&#xD;
2019-08-21 19:18:17 - [MESSAGE][PASSED] - Object 'Object Repository/PartyOnboarding/Personal/PartyContacts/Save Row' is visible&#xD;
&#xD;
2019-08-21 19:18:17 - [MESSAGE][PASSED] - Execute JavaScript 'arguments[0].click();' successfully&#xD;
&#xD;
2019-08-21 19:18:17 - [MESSAGE][PASSED] - Object 'Object Repository/PartyOnboarding/Personal/PartyContacts/New Row' is visible&#xD;
&#xD;
2019-08-21 19:18:17 - [MESSAGE][PASSED] - Execute JavaScript 'arguments[0].click();' successfully&#xD;
&#xD;
2019-08-21 19:18:18 - [MESSAGE][PASSED] - Delayed 1 second(s)&#xD;
&#xD;
2019-08-21 19:18:18 - [MESSAGE][PASSED] - Object 'Object Repository/PartyOnboarding/Personal/PartyContacts/Contact Method' is visible&#xD;
&#xD;
2019-08-21 19:18:18 - [MESSAGE][PASSED] - Keys 'TAB + Email' sent to object: 'Object Repository/PartyOnboarding/Personal/PartyContacts/Contact Method'&#xD;
&#xD;
2019-08-21 19:18:19 - [MESSAGE][PASSED] - Delayed 1 second(s)&#xD;
&#xD;
2019-08-21 19:18:19 - [MESSAGE][PASSED] - Object 'Object Repository/PartyOnboarding/Personal/PartyContacts/Contact Type  Location' is visible&#xD;
&#xD;
2019-08-21 19:18:19 - [MESSAGE][PASSED] - Keys 'TAB + Personal' sent to object: 'Object Repository/PartyOnboarding/Personal/PartyContacts/Contact Type  Location'&#xD;
&#xD;
2019-08-21 19:18:19 - [MESSAGE][PASSED] - Object 'Object Repository/PartyOnboarding/Personal/PartyContacts/Contact Email' is visible&#xD;
&#xD;
2019-08-21 19:18:20 - [MESSAGE][WARNING] - Object 'Object Repository/PartyOnboarding/Personal/PartyContacts/Contact Email' does not have attribute 'readonly' (Root cause: com.kms.katalon.core.exception.StepFailedException: Object 'Object Repository/PartyOnboarding/Personal/PartyContacts/Contact Email' does not have attribute 'readonly'&#xD;
	at com.kms.katalon.core.webui.keyword.internal.WebUIKeywordMain.stepFailed(WebUIKeywordMain.groovy:64)&#xD;
	at com.kms.katalon.core.webui.keyword.builtin.VerifyElementHasAttributeKeyword$_verifyElementHasAttribute_closure1.doCall(VerifyElementHasAttributeKeyword.groovy:89)&#xD;
	at com.kms.katalon.core.webui.keyword.builtin.VerifyElementHasAttributeKeyword$_verifyElementHasAttribute_closure1.call(VerifyElementHasAttributeKeyword.groovy)&#xD;
	at com.kms.katalon.core.webui.keyword.internal.WebUIKeywordMain.runKeyword(WebUIKeywordMain.groovy:20)&#xD;
	at com.kms.katalon.core.webui.keyword.builtin.VerifyElementHasAttributeKeyword.verifyElementHasAttribute(VerifyElementHasAttributeKeyword.groovy:100)&#xD;
	at com.kms.katalon.core.webui.keyword.builtin.VerifyElementHasAttributeKeyword.execute(VerifyElementHasAttributeKeyword.groovy:69)&#xD;
	at com.kms.katalon.core.keyword.internal.KeywordExecutor.executeKeywordForPlatform(KeywordExecutor.groovy:56)&#xD;
	at com.kms.katalon.core.webui.keyword.WebUiBuiltInKeywords.verifyElementHasAttribute(WebUiBuiltInKeywords.groovy:3166)&#xD;
	at com.kms.katalon.core.webui.keyword.WebUiBuiltInKeywords$verifyElementHasAttribute$11.call(Unknown Source)&#xD;
	at pageObjects.PartyOnboarding.inputDataForPartyContacts(PartyOnboarding.groovy:721)&#xD;
	at PartyOnboardingPersonal.run(PartyOnboardingPersonal:77)&#xD;
	at com.kms.katalon.core.main.ScriptEngine.run(ScriptEngine.java:194)&#xD;
	at com.kms.katalon.core.main.ScriptEngine.runScriptAsRawText(ScriptEngine.java:119)&#xD;
	at com.kms.katalon.core.main.TestCaseExecutor.runScript(TestCaseExecutor.java:337)&#xD;
	at com.kms.katalon.core.main.TestCaseExecutor.doExecute(TestCaseExecutor.java:328)&#xD;
	at com.kms.katalon.core.main.TestCaseExecutor.processExecutionPhase(TestCaseExecutor.java:307)&#xD;
	at com.kms.katalon.core.main.TestCaseExecutor.accessMainPhase(TestCaseExecutor.java:299)&#xD;
	at com.kms.katalon.core.main.TestCaseExecutor.execute(TestCaseExecutor.java:233)&#xD;
	at com.kms.katalon.core.main.TestSuiteExecutor.accessTestCaseMainPhase(TestSuiteExecutor.java:133)&#xD;
	at com.kms.katalon.core.main.TestSuiteExecutor.accessTestSuiteMainPhase(TestSuiteExecutor.java:116)&#xD;
	at com.kms.katalon.core.main.TestSuiteExecutor.execute(TestSuiteExecutor.java:83)&#xD;
	at com.kms.katalon.core.main.TestCaseMain.startTestSuite(TestCaseMain.java:157)&#xD;
	at com.kms.katalon.core.main.TestCaseMain$startTestSuite$0.call(Unknown Source)&#xD;
	at TempTestSuite1566391613482.run(TempTestSuite1566391613482.groovy:35)&#xD;
)&#xD;
[[ATTACHMENT|C:\\ML\\JITS\\AYA\\Automation\\FBE\\FBE\\Reports\\DataPreparation\\PartyOnboardingPersonal\\20190821_191653\\1566391699919.png]]&#xD;
&#xD;
2019-08-21 19:18:20 - [MESSAGE][PASSED] - Object 'Object Repository/PartyOnboarding/Personal/PartyContacts/Contact Number_03_Code' is visible&#xD;
&#xD;
2019-08-21 19:18:20 - [MESSAGE][PASSED] - Object 'Object Repository/PartyOnboarding/Personal/PartyContacts/Contact Number_03_Code' has attribute 'readonly'&#xD;
&#xD;
2019-08-21 19:18:20 - [MESSAGE][PASSED] - Object 'Object Repository/PartyOnboarding/Personal/PartyContacts/Contact Email' is visible&#xD;
&#xD;
2019-08-21 19:18:21 - [MESSAGE][PASSED] - Keys 'nguyenthimyle@gmail.com' sent to object: 'Object Repository/PartyOnboarding/Personal/PartyContacts/Contact Email'&#xD;
&#xD;
2019-08-21 19:18:21 - [MESSAGE][PASSED] - Object 'Object Repository/PartyOnboarding/Personal/PartyContacts/Confirm Email' is visible&#xD;
&#xD;
2019-08-21 19:18:21 - [MESSAGE][PASSED] - Keys 'nguyenthimyle@gmail.com' sent to object: 'Object Repository/PartyOnboarding/Personal/PartyContacts/Confirm Email'&#xD;
&#xD;
2019-08-21 19:18:22 - [MESSAGE][PASSED] - Object 'Object Repository/PartyOnboarding/Personal/PartyContacts/Valid From' is visible&#xD;
&#xD;
2019-08-21 19:18:22 - [MESSAGE][PASSED] - Text of object 'Object Repository/PartyOnboarding/Personal/PartyContacts/Valid From' is cleared&#xD;
&#xD;
2019-08-21 19:18:22 - [MESSAGE][PASSED] - Object 'Object Repository/PartyOnboarding/Personal/PartyContacts/Valid From' is visible&#xD;
&#xD;
2019-08-21 19:18:22 - [MESSAGE][PASSED] - Keys '2018-01-25' sent to object: 'Object Repository/PartyOnboarding/Personal/PartyContacts/Valid From'&#xD;
&#xD;
2019-08-21 19:18:22 - [MESSAGE][PASSED] - Object 'Object Repository/PartyOnboarding/Personal/PartyContacts/Save Row' is visible&#xD;
&#xD;
2019-08-21 19:18:22 - [MESSAGE][PASSED] - Execute JavaScript 'arguments[0].click();' successfully&#xD;
&#xD;
2019-08-21 19:18:22 - [TEST_STEP][PASSED] - log.logInfo("--- Input data for Party Contacts - click Next ---"): --- Input data for Party Contacts - click Next ---&#xD;
&#xD;
2019-08-21 19:18:22 - [MESSAGE][INFO] - --- Input data for Party Contacts - click Next ---&#xD;
&#xD;
2019-08-21 19:18:22 - [TEST_STEP][PASSED] - partyOnboardingPersonal.clickNextbutton(): Object: 'Object Repository/PartyOnboarding/btn_Next' is clicked on&#xD;
&#xD;
2019-08-21 19:18:22 - [MESSAGE][PASSED] - Object 'Object Repository/PartyOnboarding/btn_Next' is visible&#xD;
&#xD;
2019-08-21 19:18:22 - [MESSAGE][PASSED] - Object: 'Object Repository/PartyOnboarding/btn_Next' is clicked on&#xD;
&#xD;
2019-08-21 19:18:22 - [TEST_STEP][PASSED] - log.logInfo("--- Input Party Required Documents - Input information for document---"): --- Input Party Required Documents - Input information for document---&#xD;
&#xD;
2019-08-21 19:18:22 - [MESSAGE][INFO] - --- Input Party Required Documents - Input information for document---&#xD;
&#xD;
2019-08-21 19:18:22 - [TEST_STEP][PASSED] - partyOnboardingPersonal.inputDataForPartyRequiredDocuments(s12_documentCategory, s12_kycExpired, s12_documentType, s12_validFrom, s12_validTo, s12_referenceNumber, s12_issuingAuthority, s12_issuingCountry, s12_documentVerified, s12_image, s12_documentCollectionStatus): Keys 'Documents collected and validated centrally' sent to object: 'Object Repository/PartyOnboarding/Personal/PartyRequiredDocument/ddl_DocumentsCollectionStatus'&#xD;
&#xD;
2019-08-21 19:18:23 - [MESSAGE][PASSED] - Delayed 1 second(s)&#xD;
&#xD;
2019-08-21 19:18:23 - [MESSAGE][PASSED] - Object 'Object Repository/PartyOnboarding/Personal/PartyRequiredDocument/New Row' is visible&#xD;
&#xD;
2019-08-21 19:18:23 - [MESSAGE][PASSED] - Execute JavaScript 'arguments[0].click();' successfully&#xD;
&#xD;
2019-08-21 19:18:24 - [MESSAGE][PASSED] - Object 'Object Repository/PartyOnboarding/Personal/PartyRequiredDocument/DocumentCategory' is visible&#xD;
&#xD;
2019-08-21 19:18:24 - [MESSAGE][PASSED] - Keys 'TAB + PT-NRC' sent to object: 'Object Repository/PartyOnboarding/Personal/PartyRequiredDocument/DocumentCategory'&#xD;
&#xD;
2019-08-21 19:18:25 - [MESSAGE][PASSED] - Delayed 1 second(s)&#xD;
&#xD;
2019-08-21 19:18:25 - [MESSAGE][PASSED] - Object 'Object Repository/PartyOnboarding/Personal/PartyRequiredDocument/Document Type' is visible&#xD;
&#xD;
2019-08-21 19:18:25 - [MESSAGE][PASSED] - Keys 'TAB + NRC' sent to object: 'Object Repository/PartyOnboarding/Personal/PartyRequiredDocument/Document Type'&#xD;
&#xD;
2019-08-21 19:18:26 - [MESSAGE][PASSED] - Delayed 1 second(s)&#xD;
&#xD;
2019-08-21 19:18:26 - [MESSAGE][PASSED] - Object 'Object Repository/PartyOnboarding/Personal/PartyRequiredDocument/Issuing Country' is visible&#xD;
&#xD;
2019-08-21 19:18:27 - [MESSAGE][PASSED] - Keys 'Bahrain' sent to object: 'Object Repository/PartyOnboarding/Personal/PartyRequiredDocument/Issuing Country'&#xD;
&#xD;
2019-08-21 19:18:28 - [MESSAGE][PASSED] - Delayed 1 second(s)&#xD;
&#xD;
2019-08-21 19:18:28 - [MESSAGE][PASSED] - Object 'Object Repository/PartyOnboarding/Personal/PartyRequiredDocument/Document Verified' is visible&#xD;
&#xD;
2019-08-21 19:18:28 - [MESSAGE][PASSED] - Keys 'TAB + TRUE' sent to object: 'Object Repository/PartyOnboarding/Personal/PartyRequiredDocument/Document Verified'&#xD;
&#xD;
2019-08-21 19:18:28 - [MESSAGE][PASSED] - Object 'Object Repository/PartyOnboarding/Personal/PartyRequiredDocument/Save Row' is visible&#xD;
&#xD;
2019-08-21 19:18:28 - [MESSAGE][PASSED] - Execute JavaScript 'arguments[0].click();' successfully&#xD;
&#xD;
2019-08-21 19:18:28 - [MESSAGE][PASSED] - Object 'Object Repository/PartyOnboarding/Personal/PartyRequiredDocument/ddl_DocumentsCollectionStatus' is visible&#xD;
&#xD;
2019-08-21 19:18:30 - [MESSAGE][PASSED] - Keys 'Documents collected and validated centrally' sent to object: 'Object Repository/PartyOnboarding/Personal/PartyRequiredDocument/ddl_DocumentsCollectionStatus'&#xD;
&#xD;
2019-08-21 19:18:30 - [TEST_STEP][PASSED] - log.logInfo("--- Input Party Required Documents - Click Next button---"): --- Input Party Required Documents - Click Next button---&#xD;
&#xD;
2019-08-21 19:18:30 - [MESSAGE][INFO] - --- Input Party Required Documents - Click Next button---&#xD;
&#xD;
2019-08-21 19:18:30 - [TEST_STEP][PASSED] - partyOnboardingPersonal.clickNextbutton(): Object: 'Object Repository/PartyOnboarding/btn_Next' is clicked on&#xD;
&#xD;
2019-08-21 19:18:30 - [MESSAGE][PASSED] - Object 'Object Repository/PartyOnboarding/btn_Next' is visible&#xD;
&#xD;
2019-08-21 19:18:30 - [MESSAGE][PASSED] - Object: 'Object Repository/PartyOnboarding/btn_Next' is clicked on&#xD;
&#xD;
2019-08-21 19:18:30 - [TEST_STEP][PASSED] - log.logInfo("--- Input Party Required Documents - Record PartyID ---"): --- Input Party Required Documents - Record PartyID ---&#xD;
&#xD;
2019-08-21 19:18:30 - [MESSAGE][INFO] - --- Input Party Required Documents - Record PartyID ---&#xD;
&#xD;
2019-08-21 19:18:30 - [TEST_STEP][PASSED] - partyOnboardingPersonal.recordPartyId(): Attribute 'value' of object 'Object Repository/PartyOnboarding/Confirmation/PartyID' is: 'CNXPAE0H'&#xD;
&#xD;
2019-08-21 19:18:31 - [MESSAGE][PASSED] - Attribute 'value' of object 'Object Repository/PartyOnboarding/Confirmation/PartyID' is: 'CNXPAE0H'&#xD;
&#xD;
2019-08-21 19:18:33 - [TEST_STEP][PASSED] - log.logInfo("--- Ask For Approve - Click Next button ---"): --- Ask For Approve - Click Next button ---&#xD;
&#xD;
2019-08-21 19:18:33 - [MESSAGE][INFO] - --- Ask For Approve - Click Next button ---&#xD;
&#xD;
2019-08-21 19:18:33 - [TEST_STEP][PASSED] - partyOnboardingPersonal.clickNextbutton(): Object: 'Object Repository/PartyOnboarding/btn_Next' is clicked on&#xD;
&#xD;
2019-08-21 19:18:33 - [MESSAGE][PASSED] - Object 'Object Repository/PartyOnboarding/btn_Next' is visible&#xD;
&#xD;
2019-08-21 19:18:33 - [MESSAGE][PASSED] - Object: 'Object Repository/PartyOnboarding/btn_Next' is clicked on&#xD;
&#xD;
2019-08-21 19:18:33 - [TEST_STEP][PASSED] - log.logInfo("--- Ask For Approve - Click Ask For Approval button ---"): --- Ask For Approve - Click Ask For Approval button ---&#xD;
&#xD;
2019-08-21 19:18:33 - [MESSAGE][INFO] - --- Ask For Approve - Click Ask For Approval button ---&#xD;
&#xD;
2019-08-21 19:18:33 - [TEST_STEP][PASSED] - partyOnboardingPersonal.clickAskForApprovalbutton(): Object: 'Object Repository/PartyOnboarding/RequestToApproval/AskForApproval_btn' is clicked on&#xD;
&#xD;
2019-08-21 19:18:34 - [MESSAGE][PASSED] - Object 'Object Repository/PartyOnboarding/RequestToApproval/AskForApproval_btn' is visible&#xD;
&#xD;
2019-08-21 19:18:34 - [MESSAGE][PASSED] - Object: 'Object Repository/PartyOnboarding/RequestToApproval/AskForApproval_btn' is clicked on</system-out>
            <system-err></system-err>
        </testcase>
        <testcase name="Test Cases/DataPreparation/PartyOnboardingPersonal" classname="Test Cases/DataPreparation/PartyOnboardingPersonal" status="PASSED">
            <system-out>2019-08-21 19:18:34 - [TEST_CASE][PASSED] - Test Cases/DataPreparation/PartyOnboardingPersonal: Test Cases/DataPreparation/PartyOnboardingPersonal&#xD;
&#xD;
2019-08-21 19:18:34 - [TEST_STEP][PASSED] - Start listener action : sampleBeforeTestCase: null&#xD;
&#xD;
2019-08-21 19:18:34 - [TEST_STEP][PASSED] - testCaseID = testCaseContext.getTestCaseId(): null&#xD;
&#xD;
2019-08-21 19:18:34 - [TEST_STEP][PASSED] - partyOnboardingPersonal = new pageObjects.PartyOnboarding(): null&#xD;
&#xD;
2019-08-21 19:18:34 - [TEST_STEP][PASSED] - abtractTest = new commons.AbtractTest(): null&#xD;
&#xD;
2019-08-21 19:18:34 - [TEST_STEP][PASSED] - excelFiles = new report.ExcelFiles(): null&#xD;
&#xD;
2019-08-21 19:18:34 - [TEST_STEP][PASSED] - log = new com.kms.katalon.core.util.KeywordUtil(): null&#xD;
&#xD;
2019-08-21 19:18:34 - [TEST_STEP][PASSED] - results = "": null&#xD;
&#xD;
2019-08-21 19:18:34 - [TEST_STEP][PASSED] - delay(3): Delayed 3 second(s)&#xD;
&#xD;
2019-08-21 19:18:37 - [MESSAGE][PASSED] - Delayed 3 second(s)&#xD;
&#xD;
2019-08-21 19:18:37 - [TEST_STEP][PASSED] - log.logInfo("--- Open Party Onboarding in Menu Search ---"): --- Open Party Onboarding in Menu Search ---&#xD;
&#xD;
2019-08-21 19:18:37 - [MESSAGE][INFO] - --- Open Party Onboarding in Menu Search ---&#xD;
&#xD;
2019-08-21 19:18:37 - [TEST_STEP][PASSED] - partyOnboardingPersonal.inputPartyOnboardingMenuSearch(): Object 'menuSearch_txt' is present&#xD;
&#xD;
2019-08-21 19:18:38 - [MESSAGE][PASSED] - Object 'Object Repository/Menu_Search' is visible&#xD;
&#xD;
2019-08-21 19:18:38 - [MESSAGE][PASSED] - Keys 'ENTER + Party Onboarding' sent to object: 'Object Repository/Menu_Search'&#xD;
&#xD;
2019-08-21 19:18:38 - [MESSAGE][PASSED] - Object 'menuSearch_txt' is present&#xD;
&#xD;
2019-08-21 19:18:38 - [TEST_STEP][PASSED] - log.logInfo("--- Input Local Global ---"): --- Input Local Global ---&#xD;
&#xD;
2019-08-21 19:18:38 - [MESSAGE][INFO] - --- Input Local Global ---&#xD;
&#xD;
2019-08-21 19:18:38 - [TEST_STEP][PASSED] - partyOnboardingPersonal.inputLocalGlobal(s05_localglobal): Keys 'Local Private' sent to object: 'Object Repository/PartyOnboarding/PartyOnboarding/Local Global'&#xD;
&#xD;
2019-08-21 19:18:39 - [MESSAGE][PASSED] - Text of object 'Object Repository/PartyOnboarding/PartyOnboarding/Local Global' is cleared&#xD;
&#xD;
2019-08-21 19:18:39 - [MESSAGE][PASSED] - Object 'Object Repository/PartyOnboarding/PartyOnboarding/Local Global' is visible&#xD;
&#xD;
2019-08-21 19:18:39 - [MESSAGE][PASSED] - Object 'Object Repository/PartyOnboarding/PartyOnboarding/Local Global' is visible&#xD;
&#xD;
2019-08-21 19:18:40 - [MESSAGE][PASSED] - Keys 'Local Private' sent to object: 'Object Repository/PartyOnboarding/PartyOnboarding/Local Global'&#xD;
&#xD;
2019-08-21 19:18:40 - [TEST_STEP][PASSED] - log.logInfo("--- Input Party Type ---"): --- Input Party Type ---&#xD;
&#xD;
2019-08-21 19:18:40 - [MESSAGE][INFO] - --- Input Party Type ---&#xD;
&#xD;
2019-08-21 19:18:40 - [TEST_STEP][PASSED] - partyOnboardingPersonal.inputPartyType(s05_partytype): Keys 'TAB + Personal' sent to object: 'Object Repository/PartyOnboarding/PartyOnboarding/Party Type'&#xD;
&#xD;
2019-08-21 19:18:40 - [MESSAGE][PASSED] - Object 'Object Repository/PartyOnboarding/PartyOnboarding/Party Type' is visible&#xD;
&#xD;
2019-08-21 19:18:40 - [MESSAGE][PASSED] - Keys 'TAB + Personal' sent to object: 'Object Repository/PartyOnboarding/PartyOnboarding/Party Type'&#xD;
&#xD;
2019-08-21 19:18:40 - [TEST_STEP][PASSED] - log.logInfo("--- Input Party Sub Type ---"): --- Input Party Sub Type ---&#xD;
&#xD;
2019-08-21 19:18:40 - [MESSAGE][INFO] - --- Input Party Sub Type ---&#xD;
&#xD;
2019-08-21 19:18:40 - [TEST_STEP][PASSED] - partyOnboardingPersonal.inputPartySubType(s05_partysubtype): Keys 'Individual' sent to object: 'Object Repository/PartyOnboarding/PartyOnboarding/Party Sub-Type'&#xD;
&#xD;
2019-08-21 19:18:41 - [MESSAGE][PASSED] - Delayed 1 second(s)&#xD;
&#xD;
2019-08-21 19:18:41 - [MESSAGE][PASSED] - Object 'Object Repository/PartyOnboarding/PartyOnboarding/Party Type' is visible&#xD;
&#xD;
2019-08-21 19:18:41 - [MESSAGE][PASSED] - Keys 'Individual' sent to object: 'Object Repository/PartyOnboarding/PartyOnboarding/Party Sub-Type'&#xD;
&#xD;
2019-08-21 19:18:41 - [TEST_STEP][PASSED] - log.logInfo("--- Input Party Category ---"): --- Input Party Category ---&#xD;
&#xD;
2019-08-21 19:18:41 - [MESSAGE][INFO] - --- Input Party Category ---&#xD;
&#xD;
2019-08-21 19:18:41 - [TEST_STEP][PASSED] - partyOnboardingPersonal.inputPartyCategory(s05_partycategory): Keys 'Full' sent to object: 'Object Repository/PartyOnboarding/PartyOnboarding/Party Category'&#xD;
&#xD;
2019-08-21 19:18:41 - [MESSAGE][PASSED] - Object 'Object Repository/PartyOnboarding/PartyOnboarding/Party Category' is visible&#xD;
&#xD;
2019-08-21 19:18:42 - [MESSAGE][PASSED] - Keys 'Full' sent to object: 'Object Repository/PartyOnboarding/PartyOnboarding/Party Category'&#xD;
&#xD;
2019-08-21 19:18:42 - [TEST_STEP][PASSED] - log.logInfo("--- Check Line of Business ---"): --- Check Line of Business ---&#xD;
&#xD;
2019-08-21 19:18:42 - [MESSAGE][INFO] - --- Check Line of Business ---&#xD;
&#xD;
2019-08-21 19:18:42 - [TEST_STEP][PASSED] - log.logInfo("--- Click Next to Party Check List  ---"): --- Click Next to Party Check List  ---&#xD;
&#xD;
2019-08-21 19:18:42 - [MESSAGE][INFO] - --- Click Next to Party Check List  ---&#xD;
&#xD;
2019-08-21 19:18:42 - [TEST_STEP][PASSED] - partyOnboardingPersonal.clickNextbutton(): Object: 'Object Repository/PartyOnboarding/btn_Next' is clicked on&#xD;
&#xD;
2019-08-21 19:18:42 - [MESSAGE][PASSED] - Object 'Object Repository/PartyOnboarding/btn_Next' is visible&#xD;
&#xD;
2019-08-21 19:18:42 - [MESSAGE][PASSED] - Object: 'Object Repository/PartyOnboarding/btn_Next' is clicked on&#xD;
&#xD;
2019-08-21 19:18:42 - [TEST_STEP][PASSED] - delay(1): Delayed 1 second(s)&#xD;
&#xD;
2019-08-21 19:18:43 - [MESSAGE][PASSED] - Delayed 1 second(s)&#xD;
&#xD;
2019-08-21 19:18:43 - [TEST_STEP][PASSED] - log.logInfo("--- Click Next to Party Pre-Existence Check  ---"): --- Click Next to Party Pre-Existence Check  ---&#xD;
&#xD;
2019-08-21 19:18:43 - [MESSAGE][INFO] - --- Click Next to Party Pre-Existence Check  ---&#xD;
&#xD;
2019-08-21 19:18:43 - [TEST_STEP][PASSED] - partyOnboardingPersonal.clickNextbutton(): Object: 'Object Repository/PartyOnboarding/btn_Next' is clicked on&#xD;
&#xD;
2019-08-21 19:18:43 - [MESSAGE][PASSED] - Object 'Object Repository/PartyOnboarding/btn_Next' is visible&#xD;
&#xD;
2019-08-21 19:18:43 - [MESSAGE][PASSED] - Object: 'Object Repository/PartyOnboarding/btn_Next' is clicked on&#xD;
&#xD;
2019-08-21 19:18:43 - [TEST_STEP][PASSED] - delay(1): Delayed 1 second(s)&#xD;
&#xD;
2019-08-21 19:18:44 - [MESSAGE][PASSED] - Delayed 1 second(s)&#xD;
&#xD;
2019-08-21 19:18:44 - [TEST_STEP][PASSED] - log.logInfo("--- Input data on Party Pre-Existence Check  ---"): --- Input data on Party Pre-Existence Check  ---&#xD;
&#xD;
2019-08-21 19:18:44 - [MESSAGE][INFO] - --- Input data on Party Pre-Existence Check  ---&#xD;
&#xD;
2019-08-21 19:18:44 - [TEST_STEP][PASSED] - partyOnboardingPersonal.inputPreExistenceCheck(s08_firstname, s08_dateofbirth, s08_nationalldType, s08_nationalldNo, s08_lastname, s08_strState, s08_district01, s08_district02, s08_district03, s08_strType, s08_strregstrationNo): Keys '893064' sent to object: 'Object Repository/PartyOnboarding/Personal/Pre-Existence Check/NRC_fields/txt_RegstrationNo'&#xD;
&#xD;
2019-08-21 19:18:44 - [MESSAGE][PASSED] - Object 'Object Repository/PartyOnboarding/Personal/Pre-Existence Check/txt_FirstName' is visible&#xD;
&#xD;
2019-08-21 19:18:44 - [MESSAGE][PASSED] - Keys 'ATO 0000002' sent to object: 'Object Repository/PartyOnboarding/Personal/Pre-Existence Check/txt_FirstName'&#xD;
&#xD;
2019-08-21 19:18:44 - [MESSAGE][PASSED] - Object 'Object Repository/PartyOnboarding/Personal/Pre-Existence Check/txt_LastName' is visible&#xD;
&#xD;
2019-08-21 19:18:44 - [MESSAGE][PASSED] - Keys 'Nguyen' sent to object: 'Object Repository/PartyOnboarding/Personal/Pre-Existence Check/txt_LastName'&#xD;
&#xD;
2019-08-21 19:18:44 - [MESSAGE][PASSED] - Object 'Object Repository/PartyOnboarding/Personal/Pre-Existence Check/txt_DateOfBirth' is visible&#xD;
&#xD;
2019-08-21 19:18:45 - [MESSAGE][PASSED] - Keys '12-17-1990' sent to object: 'Object Repository/PartyOnboarding/Personal/Pre-Existence Check/txt_DateOfBirth'&#xD;
&#xD;
2019-08-21 19:18:45 - [MESSAGE][PASSED] - Object 'Object Repository/PartyOnboarding/Personal/Pre-Existence Check/ddl_NationlldType' is visible&#xD;
&#xD;
2019-08-21 19:18:45 - [MESSAGE][PASSED] - Keys 'TAB + NRC' sent to object: 'Object Repository/PartyOnboarding/Personal/Pre-Existence Check/ddl_NationlldType'&#xD;
&#xD;
2019-08-21 19:18:45 - [MESSAGE][PASSED] - Object 'Object Repository/PartyOnboarding/Personal/Pre-Existence Check/txt_NationalldNo' is visible&#xD;
&#xD;
2019-08-21 19:18:45 - [MESSAGE][PASSED] - Object 'Object Repository/PartyOnboarding/Personal/Pre-Existence Check/NRC_fields/ddl_State' is visible&#xD;
&#xD;
2019-08-21 19:18:45 - [MESSAGE][PASSED] - Keys '10' sent to object: 'Object Repository/PartyOnboarding/Personal/Pre-Existence Check/NRC_fields/ddl_State'&#xD;
&#xD;
2019-08-21 19:18:45 - [MESSAGE][PASSED] - Object 'Object Repository/PartyOnboarding/Personal/Pre-Existence Check/NRC_fields/ddl_District01' is visible&#xD;
&#xD;
2019-08-21 19:18:45 - [MESSAGE][PASSED] - Keys 'AH' sent to object: 'Object Repository/PartyOnboarding/Personal/Pre-Existence Check/NRC_fields/ddl_District01'&#xD;
&#xD;
2019-08-21 19:18:45 - [MESSAGE][PASSED] - Object 'Object Repository/PartyOnboarding/Personal/Pre-Existence Check/NRC_fields/ddl_District02' is visible&#xD;
&#xD;
2019-08-21 19:18:45 - [MESSAGE][PASSED] - Keys 'AH' sent to object: 'Object Repository/PartyOnboarding/Personal/Pre-Existence Check/NRC_fields/ddl_District02'&#xD;
&#xD;
2019-08-21 19:18:45 - [MESSAGE][PASSED] - Object 'Object Repository/PartyOnboarding/Personal/Pre-Existence Check/NRC_fields/ddl_District03' is visible&#xD;
&#xD;
2019-08-21 19:18:45 - [MESSAGE][PASSED] - Keys 'AH' sent to object: 'Object Repository/PartyOnboarding/Personal/Pre-Existence Check/NRC_fields/ddl_District03'&#xD;
&#xD;
2019-08-21 19:18:45 - [MESSAGE][PASSED] - Object 'Object Repository/PartyOnboarding/Personal/Pre-Existence Check/NRC_fields/ddl_Type' is visible&#xD;
&#xD;
2019-08-21 19:18:46 - [MESSAGE][PASSED] - Keys '(HTAYA)' sent to object: 'Object Repository/PartyOnboarding/Personal/Pre-Existence Check/NRC_fields/ddl_Type'&#xD;
&#xD;
2019-08-21 19:18:46 - [MESSAGE][PASSED] - Object 'Object Repository/PartyOnboarding/Personal/Pre-Existence Check/NRC_fields/txt_RegstrationNo' is visible&#xD;
&#xD;
2019-08-21 19:18:46 - [MESSAGE][PASSED] - Keys '893064' sent to object: 'Object Repository/PartyOnboarding/Personal/Pre-Existence Check/NRC_fields/txt_RegstrationNo'&#xD;
&#xD;
2019-08-21 19:18:46 - [TEST_STEP][PASSED] - log.logInfo("--- Click Next button ---"): --- Click Next button ---&#xD;
&#xD;
2019-08-21 19:18:46 - [MESSAGE][INFO] - --- Click Next button ---&#xD;
&#xD;
2019-08-21 19:18:46 - [TEST_STEP][PASSED] - partyOnboardingPersonal.clickNextbutton(): Object: 'Object Repository/PartyOnboarding/btn_Next' is clicked on&#xD;
&#xD;
2019-08-21 19:18:46 - [MESSAGE][PASSED] - Object 'Object Repository/PartyOnboarding/btn_Next' is visible&#xD;
&#xD;
2019-08-21 19:18:46 - [MESSAGE][PASSED] - Object: 'Object Repository/PartyOnboarding/btn_Next' is clicked on&#xD;
&#xD;
2019-08-21 19:18:46 - [TEST_STEP][PASSED] - log.logInfo("--- Key in data all required fields on Personal Party - PartyId ---"): --- Key in data all required fields on Personal Party - PartyId ---&#xD;
&#xD;
2019-08-21 19:18:46 - [MESSAGE][INFO] - --- Key in data all required fields on Personal Party - PartyId ---&#xD;
&#xD;
2019-08-21 19:18:46 - [TEST_STEP][PASSED] - partyOnboardingPersonal.inputPartyId(): Web element with id: 'Object Repository/PartyOnboarding/Personal/PersonalParty/Message/pop_ErrorDuplicatePartyID' located by 'By.xpath: //textarea[@name='03messages']' not found&#xD;
&#xD;
2019-08-21 19:18:47 - [MESSAGE][PASSED] - Object 'Object Repository/PartyOnboarding/Personal/PersonalParty/txt_PartyID' is visible&#xD;
&#xD;
2019-08-21 19:18:47 - [MESSAGE][PASSED] - Object 'Object Repository/PartyOnboarding/Personal/PersonalParty/txt_PartyID' is visible&#xD;
&#xD;
2019-08-21 19:18:47 - [MESSAGE][PASSED] - Keys 'TAB + 1FOGOQt1' sent to object: 'Object Repository/PartyOnboarding/Personal/PersonalParty/txt_PartyID'&#xD;
&#xD;
2019-08-21 19:19:18 - [MESSAGE][INFO] - Unable to find the element located by 'By.xpath: //textarea[@name='03messages']'. Please recheck the objects properties to make sure the desired element is located. &#xD;
&#xD;
2019-08-21 19:19:18 - [MESSAGE][WARNING] - Web element with id: 'Object Repository/PartyOnboarding/Personal/PersonalParty/Message/pop_ErrorDuplicatePartyID' located by 'By.xpath: //textarea[@name='03messages']' not found&#xD;
&#xD;
2019-08-21 19:19:18 - [TEST_STEP][PASSED] - log.logInfo("--- Key in data all required fields on Personal Party - Input Nation Identifer Type ---"): --- Key in data all required fields on Personal Party - Input Nation Identifer Type ---&#xD;
&#xD;
2019-08-21 19:19:18 - [MESSAGE][INFO] - --- Key in data all required fields on Personal Party - Input Nation Identifer Type ---&#xD;
&#xD;
2019-08-21 19:19:18 - [TEST_STEP][PASSED] - partyOnboardingPersonal.inputNationalIdentifierType(s09_nationIdentifierType): Keys 'TAB + Passport' sent to object: 'Object Repository/PartyOnboarding/Personal/PersonalParty/ddl_NationalIdentifierType'&#xD;
&#xD;
2019-08-21 19:19:19 - [MESSAGE][PASSED] - Object 'Object Repository/PartyOnboarding/Personal/PersonalParty/ddl_NationalIdentifierType' is visible&#xD;
&#xD;
2019-08-21 19:19:19 - [MESSAGE][PASSED] - Keys 'TAB + Passport' sent to object: 'Object Repository/PartyOnboarding/Personal/PersonalParty/ddl_NationalIdentifierType'&#xD;
&#xD;
2019-08-21 19:19:19 - [TEST_STEP][PASSED] - log.logInfo("--- Key in data all required fields on Personal Party - Input Nation Identifer ---"): --- Key in data all required fields on Personal Party - Input Nation Identifer ---&#xD;
&#xD;
2019-08-21 19:19:19 - [MESSAGE][INFO] - --- Key in data all required fields on Personal Party - Input Nation Identifer ---&#xD;
&#xD;
2019-08-21 19:19:19 - [TEST_STEP][PASSED] - partyOnboardingPersonal.inputNationalIdentifier(s09_nationIdentifier): Keys 'TAB + 12345602' sent to object: 'Object Repository/PartyOnboarding/Personal/PersonalParty/txt_NationalIdentifier'&#xD;
&#xD;
2019-08-21 19:19:19 - [MESSAGE][PASSED] - Object 'Object Repository/PartyOnboarding/Personal/PersonalParty/txt_NationalIdentifier' is visible&#xD;
&#xD;
2019-08-21 19:19:19 - [MESSAGE][PASSED] - Keys 'TAB + 12345602' sent to object: 'Object Repository/PartyOnboarding/Personal/PersonalParty/txt_NationalIdentifier'&#xD;
&#xD;
2019-08-21 19:19:19 - [TEST_STEP][PASSED] - log.logInfo("--- Key in data all required fields on Personal Party - Input Title ---"): --- Key in data all required fields on Personal Party - Input Title ---&#xD;
&#xD;
2019-08-21 19:19:19 - [MESSAGE][INFO] - --- Key in data all required fields on Personal Party - Input Title ---&#xD;
&#xD;
2019-08-21 19:19:19 - [TEST_STEP][PASSED] - partyOnboardingPersonal.inputTitle(s09_title): Keys 'TAB + Ms' sent to object: 'Object Repository/PartyOnboarding/Personal/PersonalParty/ddl_Title'&#xD;
&#xD;
2019-08-21 19:19:19 - [MESSAGE][PASSED] - Object 'Object Repository/PartyOnboarding/Personal/PersonalParty/ddl_Title' is visible&#xD;
&#xD;
2019-08-21 19:19:19 - [MESSAGE][PASSED] - Keys 'TAB + Ms' sent to object: 'Object Repository/PartyOnboarding/Personal/PersonalParty/ddl_Title'&#xD;
&#xD;
2019-08-21 19:19:19 - [TEST_STEP][PASSED] - log.logInfo("--- Key in data all required fields on Personal Party - Input Employment Status ---"): --- Key in data all required fields on Personal Party - Input Employment Status ---&#xD;
&#xD;
2019-08-21 19:19:19 - [MESSAGE][INFO] - --- Key in data all required fields on Personal Party - Input Employment Status ---&#xD;
&#xD;
2019-08-21 19:19:19 - [TEST_STEP][PASSED] - partyOnboardingPersonal.inputEmploymentStatus(s09_employmentStatus): Keys 'TAB + Student' sent to object: 'Object Repository/PartyOnboarding/Personal/PersonalParty/ddl_EmploymentStatus'&#xD;
&#xD;
2019-08-21 19:19:19 - [MESSAGE][PASSED] - Object 'Object Repository/PartyOnboarding/Personal/PersonalParty/ddl_EmploymentStatus' is visible&#xD;
&#xD;
2019-08-21 19:19:19 - [MESSAGE][PASSED] - Keys 'TAB + Student' sent to object: 'Object Repository/PartyOnboarding/Personal/PersonalParty/ddl_EmploymentStatus'&#xD;
&#xD;
2019-08-21 19:19:19 - [TEST_STEP][PASSED] - log.logInfo("--- Key in data all required fields on Personal Party - Input Gender ---"): --- Key in data all required fields on Personal Party - Input Gender ---&#xD;
&#xD;
2019-08-21 19:19:19 - [MESSAGE][INFO] - --- Key in data all required fields on Personal Party - Input Gender ---&#xD;
&#xD;
2019-08-21 19:19:19 - [TEST_STEP][PASSED] - partyOnboardingPersonal.inputGender(s09_gender): Keys 'TAB + Female' sent to object: 'Object Repository/PartyOnboarding/Personal/PersonalParty/ddl_Gender'&#xD;
&#xD;
2019-08-21 19:19:19 - [MESSAGE][PASSED] - Object 'Object Repository/PartyOnboarding/Personal/PersonalParty/ddl_Gender' is visible&#xD;
&#xD;
2019-08-21 19:19:20 - [MESSAGE][PASSED] - Keys 'TAB + Female' sent to object: 'Object Repository/PartyOnboarding/Personal/PersonalParty/ddl_Gender'&#xD;
&#xD;
2019-08-21 19:19:20 - [TEST_STEP][PASSED] - log.logInfo("--- Key in data all required fields on Personal Party - Input Civil Status ---"): --- Key in data all required fields on Personal Party - Input Civil Status ---&#xD;
&#xD;
2019-08-21 19:19:20 - [MESSAGE][INFO] - --- Key in data all required fields on Personal Party - Input Civil Status ---&#xD;
&#xD;
2019-08-21 19:19:20 - [TEST_STEP][PASSED] - partyOnboardingPersonal.inputCivilStatus(s09_civilStatus): Keys 'TAB + Single' sent to object: 'Object Repository/PartyOnboarding/Personal/PersonalParty/txt_CivilStatus'&#xD;
&#xD;
2019-08-21 19:19:20 - [MESSAGE][PASSED] - Object 'Object Repository/PartyOnboarding/Personal/PersonalParty/txt_CivilStatus' is visible&#xD;
&#xD;
2019-08-21 19:19:20 - [MESSAGE][PASSED] - Keys 'TAB + Single' sent to object: 'Object Repository/PartyOnboarding/Personal/PersonalParty/txt_CivilStatus'&#xD;
&#xD;
2019-08-21 19:19:20 - [TEST_STEP][PASSED] - log.logInfo("--- Key in data all required fields on Personal Party - Input Mother's Maiden Name ---"): --- Key in data all required fields on Personal Party - Input Mother's Maiden Name ---&#xD;
&#xD;
2019-08-21 19:19:20 - [MESSAGE][INFO] - --- Key in data all required fields on Personal Party - Input Mother's Maiden Name ---&#xD;
&#xD;
2019-08-21 19:19:20 - [TEST_STEP][PASSED] - partyOnboardingPersonal.inputMotherMaidenName(s09_motherMaidenName): Keys 'TAB + Mother's Name' sent to object: 'Object Repository/PartyOnboarding/Personal/PersonalParty/txt_MothersMaidenName'&#xD;
&#xD;
2019-08-21 19:19:20 - [MESSAGE][PASSED] - Object 'Object Repository/PartyOnboarding/Personal/PersonalParty/txt_MothersMaidenName' is visible&#xD;
&#xD;
2019-08-21 19:19:20 - [MESSAGE][PASSED] - Keys 'TAB + Mother's Name' sent to object: 'Object Repository/PartyOnboarding/Personal/PersonalParty/txt_MothersMaidenName'&#xD;
&#xD;
2019-08-21 19:19:20 - [TEST_STEP][PASSED] - log.logInfo("--- Key in data all required fields on Personal Party - Input Short Name ---"): --- Key in data all required fields on Personal Party - Input Short Name ---&#xD;
&#xD;
2019-08-21 19:19:20 - [MESSAGE][INFO] - --- Key in data all required fields on Personal Party - Input Short Name ---&#xD;
&#xD;
2019-08-21 19:19:20 - [TEST_STEP][PASSED] - partyOnboardingPersonal.inputShortName(s09_shortName): Keys 'TAB + Le 12' sent to object: 'Object Repository/PartyOnboarding/Personal/PersonalParty/txt_ShortName'&#xD;
&#xD;
2019-08-21 19:19:20 - [MESSAGE][PASSED] - Object 'Object Repository/PartyOnboarding/Personal/PersonalParty/txt_ShortName' is visible&#xD;
&#xD;
2019-08-21 19:19:20 - [MESSAGE][PASSED] - Keys 'TAB + Le 12' sent to object: 'Object Repository/PartyOnboarding/Personal/PersonalParty/txt_ShortName'&#xD;
&#xD;
2019-08-21 19:19:20 - [TEST_STEP][PASSED] - log.logInfo("---Key in data all required fields on Personal Party - Input Grandfather's Name ---"): ---Key in data all required fields on Personal Party - Input Grandfather's Name ---&#xD;
&#xD;
2019-08-21 19:19:20 - [MESSAGE][INFO] - ---Key in data all required fields on Personal Party - Input Grandfather's Name ---&#xD;
&#xD;
2019-08-21 19:19:20 - [TEST_STEP][PASSED] - partyOnboardingPersonal.inputGrandfatherName(s09_grandfatherName): Keys 'TAB + Grandfatther' sent to object: 'Object Repository/PartyOnboarding/Personal/PersonalParty/txt_GrandfathersName'&#xD;
&#xD;
2019-08-21 19:19:20 - [MESSAGE][PASSED] - Object 'Object Repository/PartyOnboarding/Personal/PersonalParty/txt_GrandfathersName' is visible&#xD;
&#xD;
2019-08-21 19:19:21 - [MESSAGE][PASSED] - Keys 'TAB + Grandfatther' sent to object: 'Object Repository/PartyOnboarding/Personal/PersonalParty/txt_GrandfathersName'&#xD;
&#xD;
2019-08-21 19:19:21 - [TEST_STEP][PASSED] - log.logInfo("---Key in data all required fields on Personal Party - Input Nationality ---"): ---Key in data all required fields on Personal Party - Input Nationality ---&#xD;
&#xD;
2019-08-21 19:19:21 - [MESSAGE][INFO] - ---Key in data all required fields on Personal Party - Input Nationality ---&#xD;
&#xD;
2019-08-21 19:19:21 - [TEST_STEP][PASSED] - partyOnboardingPersonal.inputNationality(s09_nationality): Keys 'TAB + Myanmar' sent to object: 'Object Repository/PartyOnboarding/Personal/PersonalParty/ddl_Nationality'&#xD;
&#xD;
2019-08-21 19:19:21 - [MESSAGE][PASSED] - Object 'Object Repository/PartyOnboarding/Personal/PersonalParty/ddl_Nationality' is visible&#xD;
&#xD;
2019-08-21 19:19:21 - [MESSAGE][PASSED] - Keys 'TAB + Myanmar' sent to object: 'Object Repository/PartyOnboarding/Personal/PersonalParty/ddl_Nationality'&#xD;
&#xD;
2019-08-21 19:19:21 - [TEST_STEP][PASSED] - log.logInfo("--- Key in data all required fields on Personal Party - Input Resident Status ---"): --- Key in data all required fields on Personal Party - Input Resident Status ---&#xD;
&#xD;
2019-08-21 19:19:21 - [MESSAGE][INFO] - --- Key in data all required fields on Personal Party - Input Resident Status ---&#xD;
&#xD;
2019-08-21 19:19:21 - [TEST_STEP][PASSED] - partyOnboardingPersonal.inputResidentStatus(s09_residentStatus): Keys 'Diplomat' sent to object: 'Object Repository/PartyOnboarding/Personal/PersonalParty/ddl_ResidentStatus'&#xD;
&#xD;
2019-08-21 19:19:21 - [MESSAGE][PASSED] - Object 'Object Repository/PartyOnboarding/Personal/PersonalParty/ddl_ResidentStatus' is visible&#xD;
&#xD;
2019-08-21 19:19:21 - [MESSAGE][PASSED] - Keys 'Diplomat' sent to object: 'Object Repository/PartyOnboarding/Personal/PersonalParty/ddl_ResidentStatus'&#xD;
&#xD;
2019-08-21 19:19:21 - [TEST_STEP][PASSED] - log.logInfo("--- Key in data all required fields on Personal Party - Input Tax ID Number ---"): --- Key in data all required fields on Personal Party - Input Tax ID Number ---&#xD;
&#xD;
2019-08-21 19:19:21 - [MESSAGE][INFO] - --- Key in data all required fields on Personal Party - Input Tax ID Number ---&#xD;
&#xD;
2019-08-21 19:19:21 - [TEST_STEP][PASSED] - partyOnboardingPersonal.inputTaxIDNumber(s09_taxIDNumber): Keys 'TAB + 12345678' sent to object: 'Object Repository/PartyOnboarding/Personal/PersonalParty/txt_TaxIDNumber'&#xD;
&#xD;
2019-08-21 19:19:21 - [MESSAGE][PASSED] - Object 'Object Repository/PartyOnboarding/Personal/PersonalParty/txt_TaxIDNumber' is visible&#xD;
&#xD;
2019-08-21 19:19:21 - [MESSAGE][PASSED] - Keys 'TAB + 12345678' sent to object: 'Object Repository/PartyOnboarding/Personal/PersonalParty/txt_TaxIDNumber'&#xD;
&#xD;
2019-08-21 19:19:21 - [TEST_STEP][PASSED] - log.logInfo("--- Key in data all required fields on Personal Party - Input Religion ---"): --- Key in data all required fields on Personal Party - Input Religion ---&#xD;
&#xD;
2019-08-21 19:19:21 - [MESSAGE][INFO] - --- Key in data all required fields on Personal Party - Input Religion ---&#xD;
&#xD;
2019-08-21 19:19:21 - [TEST_STEP][PASSED] - partyOnboardingPersonal.inputReligion(s09_religion): Keys 'TAB + Christianity' sent to object: 'Object Repository/PartyOnboarding/Personal/PersonalParty/ddl_Religion'&#xD;
&#xD;
2019-08-21 19:19:22 - [MESSAGE][PASSED] - Object 'Object Repository/PartyOnboarding/Personal/PersonalParty/ddl_Religion' is visible&#xD;
&#xD;
2019-08-21 19:19:22 - [MESSAGE][PASSED] - Keys 'TAB + Christianity' sent to object: 'Object Repository/PartyOnboarding/Personal/PersonalParty/ddl_Religion'&#xD;
&#xD;
2019-08-21 19:19:22 - [TEST_STEP][PASSED] - log.logInfo("--- Key in data all required fields on Personal Party - Click Next button ---"): --- Key in data all required fields on Personal Party - Click Next button ---&#xD;
&#xD;
2019-08-21 19:19:22 - [MESSAGE][INFO] - --- Key in data all required fields on Personal Party - Click Next button ---&#xD;
&#xD;
2019-08-21 19:19:22 - [TEST_STEP][PASSED] - partyOnboardingPersonal.clickNextbutton(): Object: 'Object Repository/PartyOnboarding/btn_Next' is clicked on&#xD;
&#xD;
2019-08-21 19:19:22 - [MESSAGE][PASSED] - Object 'Object Repository/PartyOnboarding/btn_Next' is visible&#xD;
&#xD;
2019-08-21 19:19:22 - [MESSAGE][PASSED] - Object: 'Object Repository/PartyOnboarding/btn_Next' is clicked on&#xD;
&#xD;
2019-08-21 19:19:22 - [TEST_STEP][PASSED] - log.logInfo("--- Key in data all required fields on Personal Party - Click Process on Warning box ---"): --- Key in data all required fields on Personal Party - Click Process on Warning box ---&#xD;
&#xD;
2019-08-21 19:19:22 - [MESSAGE][INFO] - --- Key in data all required fields on Personal Party - Click Process on Warning box ---&#xD;
&#xD;
2019-08-21 19:19:22 - [TEST_STEP][PASSED] - partyOnboardingPersonal.clickProcessInWarningBox(): Object: 'Object Repository/PartyOnboarding/Personal/PersonalParty/btn_Warnings_Proceed_NotCapture' is clicked on&#xD;
&#xD;
2019-08-21 19:19:23 - [MESSAGE][PASSED] - Object 'Object Repository/PartyOnboarding/Personal/PersonalParty/btn_Warnings_Proceed_NotCapture' is visible&#xD;
&#xD;
2019-08-21 19:19:23 - [MESSAGE][PASSED] - Object: 'Object Repository/PartyOnboarding/Personal/PersonalParty/btn_Warnings_Proceed_NotCapture' is clicked on&#xD;
&#xD;
2019-08-21 19:19:23 - [TEST_STEP][PASSED] - log.logInfo("--- Input required fields for Party Address - Input Address Type, User of Communication and Valid From---"): --- Input required fields for Party Address - Input Address Type, User of Communication and Valid From---&#xD;
&#xD;
2019-08-21 19:19:23 - [MESSAGE][INFO] - --- Input required fields for Party Address - Input Address Type, User of Communication and Valid From---&#xD;
&#xD;
2019-08-21 19:19:23 - [TEST_STEP][PASSED] - partyOnboardingPersonal.inputRDataForAddressParty(s10_addressType, s10_userForCommunication, s10_validFrom): Execute JavaScript 'arguments[0].click();' successfully&#xD;
&#xD;
2019-08-21 19:19:24 - [MESSAGE][PASSED] - Object 'Object Repository/PartyOnboarding/Personal/PartyAddress/button_New Row_PartyAddress' is visible&#xD;
&#xD;
2019-08-21 19:19:24 - [MESSAGE][PASSED] - Execute JavaScript 'arguments[0].click();' successfully&#xD;
&#xD;
2019-08-21 19:19:24 - [MESSAGE][PASSED] - Object 'Object Repository/PartyOnboarding/Personal/PartyAddress/Address Type' is visible&#xD;
&#xD;
2019-08-21 19:19:24 - [MESSAGE][PASSED] - Keys 'TAB + Home Address' sent to object: 'Object Repository/PartyOnboarding/Personal/PartyAddress/Address Type'&#xD;
&#xD;
2019-08-21 19:19:25 - [MESSAGE][PASSED] - Object 'Object Repository/PartyOnboarding/Personal/PartyAddress/Valid From' is visible&#xD;
&#xD;
2019-08-21 19:19:25 - [MESSAGE][PASSED] - Text of object 'Object Repository/PartyOnboarding/Personal/PartyAddress/Valid From' is cleared&#xD;
&#xD;
2019-08-21 19:19:25 - [MESSAGE][PASSED] - Object 'Object Repository/PartyOnboarding/Personal/PartyAddress/Valid From' is visible&#xD;
&#xD;
2019-08-21 19:19:25 - [MESSAGE][PASSED] - Keys '2018-01-14' sent to object: 'Object Repository/PartyOnboarding/Personal/PartyAddress/Valid From'&#xD;
&#xD;
2019-08-21 19:19:25 - [MESSAGE][PASSED] - Object 'Object Repository/PartyOnboarding/Personal/PartyAddress/chk_Use  for Communication' is present&#xD;
&#xD;
2019-08-21 19:19:25 - [MESSAGE][PASSED] - Attribute 'aria-checked' of object 'Object Repository/PartyOnboarding/Personal/PartyAddress/chk_Use  for Communication' is: 'false'&#xD;
&#xD;
2019-08-21 19:19:25 - [MESSAGE][PASSED] - Object 'Object Repository/PartyOnboarding/Personal/PartyAddress/chk_Use  for Communication' is checked&#xD;
&#xD;
2019-08-21 19:19:25 - [MESSAGE][PASSED] - Object 'Object Repository/PartyOnboarding/Personal/PartyAddress/SaveRow' is visible&#xD;
&#xD;
2019-08-21 19:19:25 - [MESSAGE][PASSED] - Execute JavaScript 'arguments[0].click();' successfully&#xD;
&#xD;
2019-08-21 19:19:25 - [MESSAGE][PASSED] - Object 'Object Repository/PartyOnboarding/Personal/PartyAddress/button_New Row_PartyAddress' is visible&#xD;
&#xD;
2019-08-21 19:19:25 - [MESSAGE][PASSED] - Execute JavaScript 'arguments[0].click();' successfully&#xD;
&#xD;
2019-08-21 19:19:26 - [MESSAGE][PASSED] - Object 'Object Repository/PartyOnboarding/Personal/PartyAddress/Address Type' is visible&#xD;
&#xD;
2019-08-21 19:19:26 - [MESSAGE][PASSED] - Keys 'TAB + Office Address' sent to object: 'Object Repository/PartyOnboarding/Personal/PartyAddress/Address Type'&#xD;
&#xD;
2019-08-21 19:19:26 - [MESSAGE][PASSED] - Object 'Object Repository/PartyOnboarding/Personal/PartyAddress/Valid From' is visible&#xD;
&#xD;
2019-08-21 19:19:26 - [MESSAGE][PASSED] - Text of object 'Object Repository/PartyOnboarding/Personal/PartyAddress/Valid From' is cleared&#xD;
&#xD;
2019-08-21 19:19:26 - [MESSAGE][PASSED] - Object 'Object Repository/PartyOnboarding/Personal/PartyAddress/Valid From' is visible&#xD;
&#xD;
2019-08-21 19:19:27 - [MESSAGE][PASSED] - Keys '2018-01-17' sent to object: 'Object Repository/PartyOnboarding/Personal/PartyAddress/Valid From'&#xD;
&#xD;
2019-08-21 19:19:27 - [MESSAGE][PASSED] - Object 'Object Repository/PartyOnboarding/Personal/PartyAddress/SaveRow' is visible&#xD;
&#xD;
2019-08-21 19:19:27 - [MESSAGE][PASSED] - Execute JavaScript 'arguments[0].click();' successfully&#xD;
&#xD;
2019-08-21 19:19:27 - [MESSAGE][PASSED] - Object 'Object Repository/PartyOnboarding/Personal/PartyAddress/button_New Row_PartyAddress' is visible&#xD;
&#xD;
2019-08-21 19:19:27 - [MESSAGE][PASSED] - Execute JavaScript 'arguments[0].click();' successfully&#xD;
&#xD;
2019-08-21 19:19:27 - [MESSAGE][PASSED] - Object 'Object Repository/PartyOnboarding/Personal/PartyAddress/Address Type' is visible&#xD;
&#xD;
2019-08-21 19:19:28 - [MESSAGE][PASSED] - Keys 'TAB + Current Address' sent to object: 'Object Repository/PartyOnboarding/Personal/PartyAddress/Address Type'&#xD;
&#xD;
2019-08-21 19:19:28 - [MESSAGE][PASSED] - Object 'Object Repository/PartyOnboarding/Personal/PartyAddress/Valid From' is visible&#xD;
&#xD;
2019-08-21 19:19:28 - [MESSAGE][PASSED] - Text of object 'Object Repository/PartyOnboarding/Personal/PartyAddress/Valid From' is cleared&#xD;
&#xD;
2019-08-21 19:19:28 - [MESSAGE][PASSED] - Object 'Object Repository/PartyOnboarding/Personal/PartyAddress/Valid From' is visible&#xD;
&#xD;
2019-08-21 19:19:28 - [MESSAGE][PASSED] - Keys '2017-01-18' sent to object: 'Object Repository/PartyOnboarding/Personal/PartyAddress/Valid From'&#xD;
&#xD;
2019-08-21 19:19:28 - [MESSAGE][PASSED] - Object 'Object Repository/PartyOnboarding/Personal/PartyAddress/SaveRow' is visible&#xD;
&#xD;
2019-08-21 19:19:28 - [MESSAGE][PASSED] - Execute JavaScript 'arguments[0].click();' successfully&#xD;
&#xD;
2019-08-21 19:19:28 - [TEST_STEP][PASSED] - log.logInfo("--- Input required fields for Party Address - click Next button---"): --- Input required fields for Party Address - click Next button---&#xD;
&#xD;
2019-08-21 19:19:28 - [MESSAGE][INFO] - --- Input required fields for Party Address - click Next button---&#xD;
&#xD;
2019-08-21 19:19:28 - [TEST_STEP][PASSED] - partyOnboardingPersonal.clickNextbutton(): Object: 'Object Repository/PartyOnboarding/btn_Next' is clicked on&#xD;
&#xD;
2019-08-21 19:19:28 - [MESSAGE][PASSED] - Object 'Object Repository/PartyOnboarding/btn_Next' is visible&#xD;
&#xD;
2019-08-21 19:19:29 - [MESSAGE][PASSED] - Object: 'Object Repository/PartyOnboarding/btn_Next' is clicked on&#xD;
&#xD;
2019-08-21 19:19:29 - [TEST_STEP][PASSED] - log.logInfo("--- Input data for Party Contacts ---"): --- Input data for Party Contacts ---&#xD;
&#xD;
2019-08-21 19:19:29 - [MESSAGE][INFO] - --- Input data for Party Contacts ---&#xD;
&#xD;
2019-08-21 19:19:29 - [TEST_STEP][PASSED] - partyOnboardingPersonal.inputDataForPartyContacts(s11_contactMethod, s11_contactTypeLocation, s11_contactCountryCode, s11_contactAreaCode, s11_contactNumber, s11_contactEmail, s11_confirmEmail, s11_validFrom): Execute JavaScript 'arguments[0].click();' successfully&#xD;
&#xD;
2019-08-21 19:19:29 - [MESSAGE][PASSED] - Object 'Object Repository/PartyOnboarding/Personal/PartyContacts/New Row' is visible&#xD;
&#xD;
2019-08-21 19:19:29 - [MESSAGE][PASSED] - Execute JavaScript 'arguments[0].click();' successfully&#xD;
&#xD;
2019-08-21 19:19:30 - [MESSAGE][PASSED] - Delayed 1 second(s)&#xD;
&#xD;
2019-08-21 19:19:30 - [MESSAGE][PASSED] - Object 'Object Repository/PartyOnboarding/Personal/PartyContacts/Contact Method' is visible&#xD;
&#xD;
2019-08-21 19:19:31 - [MESSAGE][PASSED] - Keys 'TAB + Telephone' sent to object: 'Object Repository/PartyOnboarding/Personal/PartyContacts/Contact Method'&#xD;
&#xD;
2019-08-21 19:19:32 - [MESSAGE][PASSED] - Delayed 1 second(s)&#xD;
&#xD;
2019-08-21 19:19:32 - [MESSAGE][PASSED] - Object 'Object Repository/PartyOnboarding/Personal/PartyContacts/Contact Type  Location' is visible&#xD;
&#xD;
2019-08-21 19:19:32 - [MESSAGE][PASSED] - Keys 'TAB + Personal' sent to object: 'Object Repository/PartyOnboarding/Personal/PartyContacts/Contact Type  Location'&#xD;
&#xD;
2019-08-21 19:19:32 - [MESSAGE][PASSED] - Object 'Object Repository/PartyOnboarding/Personal/PartyContacts/Contact Email' is visible&#xD;
&#xD;
2019-08-21 19:19:32 - [MESSAGE][PASSED] - Object 'Object Repository/PartyOnboarding/Personal/PartyContacts/Contact Email' has attribute 'readonly'&#xD;
&#xD;
2019-08-21 19:19:32 - [MESSAGE][PASSED] - Object 'Object Repository/PartyOnboarding/Personal/PartyContacts/Contact Number_03_Code' is visible&#xD;
&#xD;
2019-08-21 19:19:32 - [MESSAGE][PASSED] - Text of object 'Object Repository/PartyOnboarding/Personal/PartyContacts/Contact Number_03_Code' is cleared&#xD;
&#xD;
2019-08-21 19:19:32 - [MESSAGE][PASSED] - Object 'Object Repository/PartyOnboarding/Personal/PartyContacts/Contact Number_03_Code' is visible&#xD;
&#xD;
2019-08-21 19:19:33 - [MESSAGE][PASSED] - Keys '+95' sent to object: 'Object Repository/PartyOnboarding/Personal/PartyContacts/Contact Number_03_Code'&#xD;
&#xD;
2019-08-21 19:19:33 - [MESSAGE][PASSED] - Object 'Object Repository/PartyOnboarding/Personal/PartyContacts/Contact Number_AreaCode' is visible&#xD;
&#xD;
2019-08-21 19:19:33 - [MESSAGE][PASSED] - Keys '' sent to object: 'Object Repository/PartyOnboarding/Personal/PartyContacts/Contact Number_AreaCode'&#xD;
&#xD;
2019-08-21 19:19:33 - [MESSAGE][PASSED] - Object 'Object Repository/PartyOnboarding/Personal/PartyContacts/Contact Number_Number' is visible&#xD;
&#xD;
2019-08-21 19:19:33 - [MESSAGE][PASSED] - Keys '9697989901' sent to object: 'Object Repository/PartyOnboarding/Personal/PartyContacts/Contact Number_Number'&#xD;
&#xD;
2019-08-21 19:19:33 - [MESSAGE][PASSED] - Object 'Object Repository/PartyOnboarding/Personal/PartyContacts/Contact Number_03_Code' is visible&#xD;
&#xD;
2019-08-21 19:19:33 - [MESSAGE][WARNING] - Object 'Object Repository/PartyOnboarding/Personal/PartyContacts/Contact Number_03_Code' does not have attribute 'readonly' (Root cause: com.kms.katalon.core.exception.StepFailedException: Object 'Object Repository/PartyOnboarding/Personal/PartyContacts/Contact Number_03_Code' does not have attribute 'readonly'&#xD;
	at com.kms.katalon.core.webui.keyword.internal.WebUIKeywordMain.stepFailed(WebUIKeywordMain.groovy:64)&#xD;
	at com.kms.katalon.core.webui.keyword.builtin.VerifyElementHasAttributeKeyword$_verifyElementHasAttribute_closure1.doCall(VerifyElementHasAttributeKeyword.groovy:89)&#xD;
	at com.kms.katalon.core.webui.keyword.builtin.VerifyElementHasAttributeKeyword$_verifyElementHasAttribute_closure1.call(VerifyElementHasAttributeKeyword.groovy)&#xD;
	at com.kms.katalon.core.webui.keyword.internal.WebUIKeywordMain.runKeyword(WebUIKeywordMain.groovy:20)&#xD;
	at com.kms.katalon.core.webui.keyword.builtin.VerifyElementHasAttributeKeyword.verifyElementHasAttribute(VerifyElementHasAttributeKeyword.groovy:100)&#xD;
	at com.kms.katalon.core.webui.keyword.builtin.VerifyElementHasAttributeKeyword.execute(VerifyElementHasAttributeKeyword.groovy:69)&#xD;
	at com.kms.katalon.core.keyword.internal.KeywordExecutor.executeKeywordForPlatform(KeywordExecutor.groovy:56)&#xD;
	at com.kms.katalon.core.webui.keyword.WebUiBuiltInKeywords.verifyElementHasAttribute(WebUiBuiltInKeywords.groovy:3166)&#xD;
	at com.kms.katalon.core.webui.keyword.WebUiBuiltInKeywords$verifyElementHasAttribute$11.call(Unknown Source)&#xD;
	at pageObjects.PartyOnboarding.inputDataForPartyContacts(PartyOnboarding.groovy:736)&#xD;
	at PartyOnboardingPersonal.run(PartyOnboardingPersonal:77)&#xD;
	at com.kms.katalon.core.main.ScriptEngine.run(ScriptEngine.java:194)&#xD;
	at com.kms.katalon.core.main.ScriptEngine.runScriptAsRawText(ScriptEngine.java:119)&#xD;
	at com.kms.katalon.core.main.TestCaseExecutor.runScript(TestCaseExecutor.java:337)&#xD;
	at com.kms.katalon.core.main.TestCaseExecutor.doExecute(TestCaseExecutor.java:328)&#xD;
	at com.kms.katalon.core.main.TestCaseExecutor.processExecutionPhase(TestCaseExecutor.java:307)&#xD;
	at com.kms.katalon.core.main.TestCaseExecutor.accessMainPhase(TestCaseExecutor.java:299)&#xD;
	at com.kms.katalon.core.main.TestCaseExecutor.execute(TestCaseExecutor.java:233)&#xD;
	at com.kms.katalon.core.main.TestSuiteExecutor.accessTestCaseMainPhase(TestSuiteExecutor.java:133)&#xD;
	at com.kms.katalon.core.main.TestSuiteExecutor.accessTestSuiteMainPhase(TestSuiteExecutor.java:116)&#xD;
	at com.kms.katalon.core.main.TestSuiteExecutor.execute(TestSuiteExecutor.java:83)&#xD;
	at com.kms.katalon.core.main.TestCaseMain.startTestSuite(TestCaseMain.java:157)&#xD;
	at com.kms.katalon.core.main.TestCaseMain$startTestSuite$0.call(Unknown Source)&#xD;
	at TempTestSuite1566391613482.run(TempTestSuite1566391613482.groovy:35)&#xD;
)&#xD;
[[ATTACHMENT|C:\\ML\\JITS\\AYA\\Automation\\FBE\\FBE\\Reports\\DataPreparation\\PartyOnboardingPersonal\\20190821_191653\\1566391773633.png]]&#xD;
&#xD;
2019-08-21 19:19:34 - [MESSAGE][PASSED] - Object 'Object Repository/PartyOnboarding/Personal/PartyContacts/Valid From' is visible&#xD;
&#xD;
2019-08-21 19:19:34 - [MESSAGE][PASSED] - Text of object 'Object Repository/PartyOnboarding/Personal/PartyContacts/Valid From' is cleared&#xD;
&#xD;
2019-08-21 19:19:34 - [MESSAGE][PASSED] - Object 'Object Repository/PartyOnboarding/Personal/PartyContacts/Valid From' is visible&#xD;
&#xD;
2019-08-21 19:19:34 - [MESSAGE][PASSED] - Keys '2018-12-20' sent to object: 'Object Repository/PartyOnboarding/Personal/PartyContacts/Valid From'&#xD;
&#xD;
2019-08-21 19:19:34 - [MESSAGE][PASSED] - Object 'Object Repository/PartyOnboarding/Personal/PartyContacts/Save Row' is visible&#xD;
&#xD;
2019-08-21 19:19:34 - [MESSAGE][PASSED] - Execute JavaScript 'arguments[0].click();' successfully&#xD;
&#xD;
2019-08-21 19:19:34 - [MESSAGE][PASSED] - Object 'Object Repository/PartyOnboarding/Personal/PartyContacts/New Row' is visible&#xD;
&#xD;
2019-08-21 19:19:34 - [MESSAGE][PASSED] - Execute JavaScript 'arguments[0].click();' successfully&#xD;
&#xD;
2019-08-21 19:19:35 - [MESSAGE][PASSED] - Delayed 1 second(s)&#xD;
&#xD;
2019-08-21 19:19:35 - [MESSAGE][PASSED] - Object 'Object Repository/PartyOnboarding/Personal/PartyContacts/Contact Method' is visible&#xD;
&#xD;
2019-08-21 19:19:36 - [MESSAGE][PASSED] - Keys 'TAB + Mobile' sent to object: 'Object Repository/PartyOnboarding/Personal/PartyContacts/Contact Method'&#xD;
&#xD;
2019-08-21 19:19:37 - [MESSAGE][PASSED] - Delayed 1 second(s)&#xD;
&#xD;
2019-08-21 19:19:37 - [MESSAGE][PASSED] - Object 'Object Repository/PartyOnboarding/Personal/PartyContacts/Contact Type  Location' is visible&#xD;
&#xD;
2019-08-21 19:19:37 - [MESSAGE][PASSED] - Keys 'TAB + Work' sent to object: 'Object Repository/PartyOnboarding/Personal/PartyContacts/Contact Type  Location'&#xD;
&#xD;
2019-08-21 19:19:37 - [MESSAGE][PASSED] - Object 'Object Repository/PartyOnboarding/Personal/PartyContacts/Contact Email' is visible&#xD;
&#xD;
2019-08-21 19:19:37 - [MESSAGE][PASSED] - Object 'Object Repository/PartyOnboarding/Personal/PartyContacts/Contact Email' has attribute 'readonly'&#xD;
&#xD;
2019-08-21 19:19:37 - [MESSAGE][PASSED] - Object 'Object Repository/PartyOnboarding/Personal/PartyContacts/Contact Number_03_Code' is visible&#xD;
&#xD;
2019-08-21 19:19:37 - [MESSAGE][PASSED] - Text of object 'Object Repository/PartyOnboarding/Personal/PartyContacts/Contact Number_03_Code' is cleared&#xD;
&#xD;
2019-08-21 19:19:37 - [MESSAGE][PASSED] - Object 'Object Repository/PartyOnboarding/Personal/PartyContacts/Contact Number_03_Code' is visible&#xD;
&#xD;
2019-08-21 19:19:37 - [MESSAGE][PASSED] - Keys '+1' sent to object: 'Object Repository/PartyOnboarding/Personal/PartyContacts/Contact Number_03_Code'&#xD;
&#xD;
2019-08-21 19:19:37 - [MESSAGE][PASSED] - Object 'Object Repository/PartyOnboarding/Personal/PartyContacts/Contact Number_AreaCode' is visible&#xD;
&#xD;
2019-08-21 19:19:37 - [MESSAGE][PASSED] - Keys '' sent to object: 'Object Repository/PartyOnboarding/Personal/PartyContacts/Contact Number_AreaCode'&#xD;
&#xD;
2019-08-21 19:19:37 - [MESSAGE][PASSED] - Object 'Object Repository/PartyOnboarding/Personal/PartyContacts/Contact Number_Number' is visible&#xD;
&#xD;
2019-08-21 19:19:37 - [MESSAGE][PASSED] - Keys '12312314' sent to object: 'Object Repository/PartyOnboarding/Personal/PartyContacts/Contact Number_Number'&#xD;
&#xD;
2019-08-21 19:19:37 - [MESSAGE][PASSED] - Object 'Object Repository/PartyOnboarding/Personal/PartyContacts/Contact Number_03_Code' is visible&#xD;
&#xD;
2019-08-21 19:19:38 - [MESSAGE][WARNING] - Object 'Object Repository/PartyOnboarding/Personal/PartyContacts/Contact Number_03_Code' does not have attribute 'readonly' (Root cause: com.kms.katalon.core.exception.StepFailedException: Object 'Object Repository/PartyOnboarding/Personal/PartyContacts/Contact Number_03_Code' does not have attribute 'readonly'&#xD;
	at com.kms.katalon.core.webui.keyword.internal.WebUIKeywordMain.stepFailed(WebUIKeywordMain.groovy:64)&#xD;
	at com.kms.katalon.core.webui.keyword.builtin.VerifyElementHasAttributeKeyword$_verifyElementHasAttribute_closure1.doCall(VerifyElementHasAttributeKeyword.groovy:89)&#xD;
	at com.kms.katalon.core.webui.keyword.builtin.VerifyElementHasAttributeKeyword$_verifyElementHasAttribute_closure1.call(VerifyElementHasAttributeKeyword.groovy)&#xD;
	at com.kms.katalon.core.webui.keyword.internal.WebUIKeywordMain.runKeyword(WebUIKeywordMain.groovy:20)&#xD;
	at com.kms.katalon.core.webui.keyword.builtin.VerifyElementHasAttributeKeyword.verifyElementHasAttribute(VerifyElementHasAttributeKeyword.groovy:100)&#xD;
	at com.kms.katalon.core.webui.keyword.builtin.VerifyElementHasAttributeKeyword.execute(VerifyElementHasAttributeKeyword.groovy:69)&#xD;
	at com.kms.katalon.core.keyword.internal.KeywordExecutor.executeKeywordForPlatform(KeywordExecutor.groovy:56)&#xD;
	at com.kms.katalon.core.webui.keyword.WebUiBuiltInKeywords.verifyElementHasAttribute(WebUiBuiltInKeywords.groovy:3166)&#xD;
	at com.kms.katalon.core.webui.keyword.WebUiBuiltInKeywords$verifyElementHasAttribute$11.call(Unknown Source)&#xD;
	at pageObjects.PartyOnboarding.inputDataForPartyContacts(PartyOnboarding.groovy:736)&#xD;
	at PartyOnboardingPersonal.run(PartyOnboardingPersonal:77)&#xD;
	at com.kms.katalon.core.main.ScriptEngine.run(ScriptEngine.java:194)&#xD;
	at com.kms.katalon.core.main.ScriptEngine.runScriptAsRawText(ScriptEngine.java:119)&#xD;
	at com.kms.katalon.core.main.TestCaseExecutor.runScript(TestCaseExecutor.java:337)&#xD;
	at com.kms.katalon.core.main.TestCaseExecutor.doExecute(TestCaseExecutor.java:328)&#xD;
	at com.kms.katalon.core.main.TestCaseExecutor.processExecutionPhase(TestCaseExecutor.java:307)&#xD;
	at com.kms.katalon.core.main.TestCaseExecutor.accessMainPhase(TestCaseExecutor.java:299)&#xD;
	at com.kms.katalon.core.main.TestCaseExecutor.execute(TestCaseExecutor.java:233)&#xD;
	at com.kms.katalon.core.main.TestSuiteExecutor.accessTestCaseMainPhase(TestSuiteExecutor.java:133)&#xD;
	at com.kms.katalon.core.main.TestSuiteExecutor.accessTestSuiteMainPhase(TestSuiteExecutor.java:116)&#xD;
	at com.kms.katalon.core.main.TestSuiteExecutor.execute(TestSuiteExecutor.java:83)&#xD;
	at com.kms.katalon.core.main.TestCaseMain.startTestSuite(TestCaseMain.java:157)&#xD;
	at com.kms.katalon.core.main.TestCaseMain$startTestSuite$0.call(Unknown Source)&#xD;
	at TempTestSuite1566391613482.run(TempTestSuite1566391613482.groovy:35)&#xD;
)&#xD;
[[ATTACHMENT|C:\\ML\\JITS\\AYA\\Automation\\FBE\\FBE\\Reports\\DataPreparation\\PartyOnboardingPersonal\\20190821_191653\\1566391778011.png]]&#xD;
&#xD;
2019-08-21 19:19:38 - [MESSAGE][PASSED] - Object 'Object Repository/PartyOnboarding/Personal/PartyContacts/Valid From' is visible&#xD;
&#xD;
2019-08-21 19:19:38 - [MESSAGE][PASSED] - Text of object 'Object Repository/PartyOnboarding/Personal/PartyContacts/Valid From' is cleared&#xD;
&#xD;
2019-08-21 19:19:38 - [MESSAGE][PASSED] - Object 'Object Repository/PartyOnboarding/Personal/PartyContacts/Valid From' is visible&#xD;
&#xD;
2019-08-21 19:19:38 - [MESSAGE][PASSED] - Keys '2018-01-24' sent to object: 'Object Repository/PartyOnboarding/Personal/PartyContacts/Valid From'&#xD;
&#xD;
2019-08-21 19:19:38 - [MESSAGE][PASSED] - Object 'Object Repository/PartyOnboarding/Personal/PartyContacts/Save Row' is visible&#xD;
&#xD;
2019-08-21 19:19:38 - [MESSAGE][PASSED] - Execute JavaScript 'arguments[0].click();' successfully&#xD;
&#xD;
2019-08-21 19:19:38 - [MESSAGE][PASSED] - Object 'Object Repository/PartyOnboarding/Personal/PartyContacts/New Row' is visible&#xD;
&#xD;
2019-08-21 19:19:38 - [MESSAGE][PASSED] - Execute JavaScript 'arguments[0].click();' successfully&#xD;
&#xD;
2019-08-21 19:19:39 - [MESSAGE][PASSED] - Delayed 1 second(s)&#xD;
&#xD;
2019-08-21 19:19:40 - [MESSAGE][PASSED] - Object 'Object Repository/PartyOnboarding/Personal/PartyContacts/Contact Method' is visible&#xD;
&#xD;
2019-08-21 19:19:40 - [MESSAGE][PASSED] - Keys 'TAB + Email' sent to object: 'Object Repository/PartyOnboarding/Personal/PartyContacts/Contact Method'&#xD;
&#xD;
2019-08-21 19:19:41 - [MESSAGE][PASSED] - Delayed 1 second(s)&#xD;
&#xD;
2019-08-21 19:19:41 - [MESSAGE][PASSED] - Object 'Object Repository/PartyOnboarding/Personal/PartyContacts/Contact Type  Location' is visible&#xD;
&#xD;
2019-08-21 19:19:41 - [MESSAGE][PASSED] - Keys 'TAB + Personal' sent to object: 'Object Repository/PartyOnboarding/Personal/PartyContacts/Contact Type  Location'&#xD;
&#xD;
2019-08-21 19:19:41 - [MESSAGE][PASSED] - Object 'Object Repository/PartyOnboarding/Personal/PartyContacts/Contact Email' is visible&#xD;
&#xD;
2019-08-21 19:19:42 - [MESSAGE][WARNING] - Object 'Object Repository/PartyOnboarding/Personal/PartyContacts/Contact Email' does not have attribute 'readonly' (Root cause: com.kms.katalon.core.exception.StepFailedException: Object 'Object Repository/PartyOnboarding/Personal/PartyContacts/Contact Email' does not have attribute 'readonly'&#xD;
	at com.kms.katalon.core.webui.keyword.internal.WebUIKeywordMain.stepFailed(WebUIKeywordMain.groovy:64)&#xD;
	at com.kms.katalon.core.webui.keyword.builtin.VerifyElementHasAttributeKeyword$_verifyElementHasAttribute_closure1.doCall(VerifyElementHasAttributeKeyword.groovy:89)&#xD;
	at com.kms.katalon.core.webui.keyword.builtin.VerifyElementHasAttributeKeyword$_verifyElementHasAttribute_closure1.call(VerifyElementHasAttributeKeyword.groovy)&#xD;
	at com.kms.katalon.core.webui.keyword.internal.WebUIKeywordMain.runKeyword(WebUIKeywordMain.groovy:20)&#xD;
	at com.kms.katalon.core.webui.keyword.builtin.VerifyElementHasAttributeKeyword.verifyElementHasAttribute(VerifyElementHasAttributeKeyword.groovy:100)&#xD;
	at com.kms.katalon.core.webui.keyword.builtin.VerifyElementHasAttributeKeyword.execute(VerifyElementHasAttributeKeyword.groovy:69)&#xD;
	at com.kms.katalon.core.keyword.internal.KeywordExecutor.executeKeywordForPlatform(KeywordExecutor.groovy:56)&#xD;
	at com.kms.katalon.core.webui.keyword.WebUiBuiltInKeywords.verifyElementHasAttribute(WebUiBuiltInKeywords.groovy:3166)&#xD;
	at com.kms.katalon.core.webui.keyword.WebUiBuiltInKeywords$verifyElementHasAttribute$11.call(Unknown Source)&#xD;
	at pageObjects.PartyOnboarding.inputDataForPartyContacts(PartyOnboarding.groovy:721)&#xD;
	at PartyOnboardingPersonal.run(PartyOnboardingPersonal:77)&#xD;
	at com.kms.katalon.core.main.ScriptEngine.run(ScriptEngine.java:194)&#xD;
	at com.kms.katalon.core.main.ScriptEngine.runScriptAsRawText(ScriptEngine.java:119)&#xD;
	at com.kms.katalon.core.main.TestCaseExecutor.runScript(TestCaseExecutor.java:337)&#xD;
	at com.kms.katalon.core.main.TestCaseExecutor.doExecute(TestCaseExecutor.java:328)&#xD;
	at com.kms.katalon.core.main.TestCaseExecutor.processExecutionPhase(TestCaseExecutor.java:307)&#xD;
	at com.kms.katalon.core.main.TestCaseExecutor.accessMainPhase(TestCaseExecutor.java:299)&#xD;
	at com.kms.katalon.core.main.TestCaseExecutor.execute(TestCaseExecutor.java:233)&#xD;
	at com.kms.katalon.core.main.TestSuiteExecutor.accessTestCaseMainPhase(TestSuiteExecutor.java:133)&#xD;
	at com.kms.katalon.core.main.TestSuiteExecutor.accessTestSuiteMainPhase(TestSuiteExecutor.java:116)&#xD;
	at com.kms.katalon.core.main.TestSuiteExecutor.execute(TestSuiteExecutor.java:83)&#xD;
	at com.kms.katalon.core.main.TestCaseMain.startTestSuite(TestCaseMain.java:157)&#xD;
	at com.kms.katalon.core.main.TestCaseMain$startTestSuite$0.call(Unknown Source)&#xD;
	at TempTestSuite1566391613482.run(TempTestSuite1566391613482.groovy:35)&#xD;
)&#xD;
[[ATTACHMENT|C:\\ML\\JITS\\AYA\\Automation\\FBE\\FBE\\Reports\\DataPreparation\\PartyOnboardingPersonal\\20190821_191653\\1566391781661.png]]&#xD;
&#xD;
2019-08-21 19:19:42 - [MESSAGE][PASSED] - Object 'Object Repository/PartyOnboarding/Personal/PartyContacts/Contact Number_03_Code' is visible&#xD;
&#xD;
2019-08-21 19:19:42 - [MESSAGE][PASSED] - Object 'Object Repository/PartyOnboarding/Personal/PartyContacts/Contact Number_03_Code' has attribute 'readonly'&#xD;
&#xD;
2019-08-21 19:19:42 - [MESSAGE][PASSED] - Object 'Object Repository/PartyOnboarding/Personal/PartyContacts/Contact Email' is visible&#xD;
&#xD;
2019-08-21 19:19:42 - [MESSAGE][PASSED] - Keys 'nguyenthimyle@gmail.com' sent to object: 'Object Repository/PartyOnboarding/Personal/PartyContacts/Contact Email'&#xD;
&#xD;
2019-08-21 19:19:42 - [MESSAGE][PASSED] - Object 'Object Repository/PartyOnboarding/Personal/PartyContacts/Confirm Email' is visible&#xD;
&#xD;
2019-08-21 19:19:43 - [MESSAGE][PASSED] - Keys 'nguyenthimyle@gmail.com' sent to object: 'Object Repository/PartyOnboarding/Personal/PartyContacts/Confirm Email'&#xD;
&#xD;
2019-08-21 19:19:43 - [MESSAGE][PASSED] - Object 'Object Repository/PartyOnboarding/Personal/PartyContacts/Valid From' is visible&#xD;
&#xD;
2019-08-21 19:19:43 - [MESSAGE][PASSED] - Text of object 'Object Repository/PartyOnboarding/Personal/PartyContacts/Valid From' is cleared&#xD;
&#xD;
2019-08-21 19:19:43 - [MESSAGE][PASSED] - Object 'Object Repository/PartyOnboarding/Personal/PartyContacts/Valid From' is visible&#xD;
&#xD;
2019-08-21 19:19:44 - [MESSAGE][PASSED] - Keys '2018-01-26' sent to object: 'Object Repository/PartyOnboarding/Personal/PartyContacts/Valid From'&#xD;
&#xD;
2019-08-21 19:19:44 - [MESSAGE][PASSED] - Object 'Object Repository/PartyOnboarding/Personal/PartyContacts/Save Row' is visible&#xD;
&#xD;
2019-08-21 19:19:44 - [MESSAGE][PASSED] - Execute JavaScript 'arguments[0].click();' successfully&#xD;
&#xD;
2019-08-21 19:19:44 - [TEST_STEP][PASSED] - log.logInfo("--- Input data for Party Contacts - click Next ---"): --- Input data for Party Contacts - click Next ---&#xD;
&#xD;
2019-08-21 19:19:44 - [MESSAGE][INFO] - --- Input data for Party Contacts - click Next ---&#xD;
&#xD;
2019-08-21 19:19:44 - [TEST_STEP][PASSED] - partyOnboardingPersonal.clickNextbutton(): Object: 'Object Repository/PartyOnboarding/btn_Next' is clicked on&#xD;
&#xD;
2019-08-21 19:19:44 - [MESSAGE][PASSED] - Object 'Object Repository/PartyOnboarding/btn_Next' is visible&#xD;
&#xD;
2019-08-21 19:19:44 - [MESSAGE][PASSED] - Object: 'Object Repository/PartyOnboarding/btn_Next' is clicked on&#xD;
&#xD;
2019-08-21 19:19:44 - [TEST_STEP][PASSED] - log.logInfo("--- Input Party Required Documents - Input information for document---"): --- Input Party Required Documents - Input information for document---&#xD;
&#xD;
2019-08-21 19:19:44 - [MESSAGE][INFO] - --- Input Party Required Documents - Input information for document---&#xD;
&#xD;
2019-08-21 19:19:44 - [TEST_STEP][PASSED] - partyOnboardingPersonal.inputDataForPartyRequiredDocuments(s12_documentCategory, s12_kycExpired, s12_documentType, s12_validFrom, s12_validTo, s12_referenceNumber, s12_issuingAuthority, s12_issuingCountry, s12_documentVerified, s12_image, s12_documentCollectionStatus): Keys 'Documents collected and validated centrally' sent to object: 'Object Repository/PartyOnboarding/Personal/PartyRequiredDocument/ddl_DocumentsCollectionStatus'&#xD;
&#xD;
2019-08-21 19:19:45 - [MESSAGE][PASSED] - Delayed 1 second(s)&#xD;
&#xD;
2019-08-21 19:19:45 - [MESSAGE][PASSED] - Object 'Object Repository/PartyOnboarding/Personal/PartyRequiredDocument/New Row' is visible&#xD;
&#xD;
2019-08-21 19:19:45 - [MESSAGE][PASSED] - Execute JavaScript 'arguments[0].click();' successfully&#xD;
&#xD;
2019-08-21 19:19:45 - [MESSAGE][PASSED] - Object 'Object Repository/PartyOnboarding/Personal/PartyRequiredDocument/DocumentCategory' is visible&#xD;
&#xD;
2019-08-21 19:19:46 - [MESSAGE][PASSED] - Keys 'TAB + PT-NRC' sent to object: 'Object Repository/PartyOnboarding/Personal/PartyRequiredDocument/DocumentCategory'&#xD;
&#xD;
2019-08-21 19:19:47 - [MESSAGE][PASSED] - Delayed 1 second(s)&#xD;
&#xD;
2019-08-21 19:19:47 - [MESSAGE][PASSED] - Object 'Object Repository/PartyOnboarding/Personal/PartyRequiredDocument/Document Type' is visible&#xD;
&#xD;
2019-08-21 19:19:47 - [MESSAGE][PASSED] - Keys 'TAB + NRC' sent to object: 'Object Repository/PartyOnboarding/Personal/PartyRequiredDocument/Document Type'&#xD;
&#xD;
2019-08-21 19:19:48 - [MESSAGE][PASSED] - Delayed 1 second(s)&#xD;
&#xD;
2019-08-21 19:19:48 - [MESSAGE][PASSED] - Object 'Object Repository/PartyOnboarding/Personal/PartyRequiredDocument/Issuing Country' is visible&#xD;
&#xD;
2019-08-21 19:19:48 - [MESSAGE][PASSED] - Keys 'Bahrain' sent to object: 'Object Repository/PartyOnboarding/Personal/PartyRequiredDocument/Issuing Country'&#xD;
&#xD;
2019-08-21 19:19:49 - [MESSAGE][PASSED] - Delayed 1 second(s)&#xD;
&#xD;
2019-08-21 19:19:49 - [MESSAGE][PASSED] - Object 'Object Repository/PartyOnboarding/Personal/PartyRequiredDocument/Document Verified' is visible&#xD;
&#xD;
2019-08-21 19:19:50 - [MESSAGE][PASSED] - Keys 'TAB + TRUE' sent to object: 'Object Repository/PartyOnboarding/Personal/PartyRequiredDocument/Document Verified'&#xD;
&#xD;
2019-08-21 19:19:50 - [MESSAGE][PASSED] - Object 'Object Repository/PartyOnboarding/Personal/PartyRequiredDocument/Save Row' is visible&#xD;
&#xD;
2019-08-21 19:19:50 - [MESSAGE][PASSED] - Execute JavaScript 'arguments[0].click();' successfully&#xD;
&#xD;
2019-08-21 19:19:50 - [MESSAGE][PASSED] - Object 'Object Repository/PartyOnboarding/Personal/PartyRequiredDocument/ddl_DocumentsCollectionStatus' is visible&#xD;
&#xD;
2019-08-21 19:19:52 - [MESSAGE][PASSED] - Keys 'Documents collected and validated centrally' sent to object: 'Object Repository/PartyOnboarding/Personal/PartyRequiredDocument/ddl_DocumentsCollectionStatus'&#xD;
&#xD;
2019-08-21 19:19:52 - [TEST_STEP][PASSED] - log.logInfo("--- Input Party Required Documents - Click Next button---"): --- Input Party Required Documents - Click Next button---&#xD;
&#xD;
2019-08-21 19:19:52 - [MESSAGE][INFO] - --- Input Party Required Documents - Click Next button---&#xD;
&#xD;
2019-08-21 19:19:52 - [TEST_STEP][PASSED] - partyOnboardingPersonal.clickNextbutton(): Object: 'Object Repository/PartyOnboarding/btn_Next' is clicked on&#xD;
&#xD;
2019-08-21 19:19:52 - [MESSAGE][PASSED] - Object 'Object Repository/PartyOnboarding/btn_Next' is visible&#xD;
&#xD;
2019-08-21 19:19:52 - [MESSAGE][PASSED] - Object: 'Object Repository/PartyOnboarding/btn_Next' is clicked on&#xD;
&#xD;
2019-08-21 19:19:52 - [TEST_STEP][PASSED] - log.logInfo("--- Input Party Required Documents - Record PartyID ---"): --- Input Party Required Documents - Record PartyID ---&#xD;
&#xD;
2019-08-21 19:19:52 - [MESSAGE][INFO] - --- Input Party Required Documents - Record PartyID ---&#xD;
&#xD;
2019-08-21 19:19:52 - [TEST_STEP][PASSED] - partyOnboardingPersonal.recordPartyId(): Attribute 'value' of object 'Object Repository/PartyOnboarding/Confirmation/PartyID' is: '1FOGOQT1'&#xD;
&#xD;
2019-08-21 19:19:53 - [MESSAGE][PASSED] - Attribute 'value' of object 'Object Repository/PartyOnboarding/Confirmation/PartyID' is: '1FOGOQT1'&#xD;
&#xD;
2019-08-21 19:19:53 - [TEST_STEP][PASSED] - log.logInfo("--- Ask For Approve - Click Next button ---"): --- Ask For Approve - Click Next button ---&#xD;
&#xD;
2019-08-21 19:19:53 - [MESSAGE][INFO] - --- Ask For Approve - Click Next button ---&#xD;
&#xD;
2019-08-21 19:19:53 - [TEST_STEP][PASSED] - partyOnboardingPersonal.clickNextbutton(): Object: 'Object Repository/PartyOnboarding/btn_Next' is clicked on&#xD;
&#xD;
2019-08-21 19:19:53 - [MESSAGE][PASSED] - Object 'Object Repository/PartyOnboarding/btn_Next' is visible&#xD;
&#xD;
2019-08-21 19:19:53 - [MESSAGE][PASSED] - Object: 'Object Repository/PartyOnboarding/btn_Next' is clicked on&#xD;
&#xD;
2019-08-21 19:19:53 - [TEST_STEP][PASSED] - log.logInfo("--- Ask For Approve - Click Ask For Approval button ---"): --- Ask For Approve - Click Ask For Approval button ---&#xD;
&#xD;
2019-08-21 19:19:53 - [MESSAGE][INFO] - --- Ask For Approve - Click Ask For Approval button ---&#xD;
&#xD;
2019-08-21 19:19:53 - [TEST_STEP][PASSED] - partyOnboardingPersonal.clickAskForApprovalbutton(): Object: 'Object Repository/PartyOnboarding/RequestToApproval/AskForApproval_btn' is clicked on&#xD;
&#xD;
2019-08-21 19:19:54 - [MESSAGE][PASSED] - Object 'Object Repository/PartyOnboarding/RequestToApproval/AskForApproval_btn' is visible&#xD;
&#xD;
2019-08-21 19:19:54 - [MESSAGE][PASSED] - Object: 'Object Repository/PartyOnboarding/RequestToApproval/AskForApproval_btn' is clicked on</system-out>
            <system-err></system-err>
        </testcase>
        <testcase name="Test Cases/DataPreparation/PartyOnboardingPersonal" classname="Test Cases/DataPreparation/PartyOnboardingPersonal" status="PASSED">
            <system-out>2019-08-21 19:19:54 - [TEST_CASE][PASSED] - Test Cases/DataPreparation/PartyOnboardingPersonal: Test Cases/DataPreparation/PartyOnboardingPersonal&#xD;
&#xD;
2019-08-21 19:19:54 - [TEST_STEP][PASSED] - Start listener action : sampleBeforeTestCase: null&#xD;
&#xD;
2019-08-21 19:19:54 - [TEST_STEP][PASSED] - testCaseID = testCaseContext.getTestCaseId(): null&#xD;
&#xD;
2019-08-21 19:19:54 - [TEST_STEP][PASSED] - partyOnboardingPersonal = new pageObjects.PartyOnboarding(): null&#xD;
&#xD;
2019-08-21 19:19:54 - [TEST_STEP][PASSED] - abtractTest = new commons.AbtractTest(): null&#xD;
&#xD;
2019-08-21 19:19:54 - [TEST_STEP][PASSED] - excelFiles = new report.ExcelFiles(): null&#xD;
&#xD;
2019-08-21 19:19:54 - [TEST_STEP][PASSED] - log = new com.kms.katalon.core.util.KeywordUtil(): null&#xD;
&#xD;
2019-08-21 19:19:54 - [TEST_STEP][PASSED] - results = "": null&#xD;
&#xD;
2019-08-21 19:19:54 - [TEST_STEP][PASSED] - delay(3): Delayed 3 second(s)&#xD;
&#xD;
2019-08-21 19:19:57 - [MESSAGE][PASSED] - Delayed 3 second(s)&#xD;
&#xD;
2019-08-21 19:19:57 - [TEST_STEP][PASSED] - log.logInfo("--- Open Party Onboarding in Menu Search ---"): --- Open Party Onboarding in Menu Search ---&#xD;
&#xD;
2019-08-21 19:19:57 - [MESSAGE][INFO] - --- Open Party Onboarding in Menu Search ---&#xD;
&#xD;
2019-08-21 19:19:57 - [TEST_STEP][PASSED] - partyOnboardingPersonal.inputPartyOnboardingMenuSearch(): Object 'menuSearch_txt' is present&#xD;
&#xD;
2019-08-21 19:19:57 - [MESSAGE][PASSED] - Object 'Object Repository/Menu_Search' is visible&#xD;
&#xD;
2019-08-21 19:19:57 - [MESSAGE][PASSED] - Keys 'ENTER + Party Onboarding' sent to object: 'Object Repository/Menu_Search'&#xD;
&#xD;
2019-08-21 19:19:57 - [MESSAGE][PASSED] - Object 'menuSearch_txt' is present&#xD;
&#xD;
2019-08-21 19:19:57 - [TEST_STEP][PASSED] - log.logInfo("--- Input Local Global ---"): --- Input Local Global ---&#xD;
&#xD;
2019-08-21 19:19:57 - [MESSAGE][INFO] - --- Input Local Global ---&#xD;
&#xD;
2019-08-21 19:19:57 - [TEST_STEP][PASSED] - partyOnboardingPersonal.inputLocalGlobal(s05_localglobal): Keys 'Local Private' sent to object: 'Object Repository/PartyOnboarding/PartyOnboarding/Local Global'&#xD;
&#xD;
2019-08-21 19:19:59 - [MESSAGE][PASSED] - Text of object 'Object Repository/PartyOnboarding/PartyOnboarding/Local Global' is cleared&#xD;
&#xD;
2019-08-21 19:19:59 - [MESSAGE][PASSED] - Object 'Object Repository/PartyOnboarding/PartyOnboarding/Local Global' is visible&#xD;
&#xD;
2019-08-21 19:19:59 - [MESSAGE][PASSED] - Object 'Object Repository/PartyOnboarding/PartyOnboarding/Local Global' is visible&#xD;
&#xD;
2019-08-21 19:19:59 - [MESSAGE][PASSED] - Keys 'Local Private' sent to object: 'Object Repository/PartyOnboarding/PartyOnboarding/Local Global'&#xD;
&#xD;
2019-08-21 19:19:59 - [TEST_STEP][PASSED] - log.logInfo("--- Input Party Type ---"): --- Input Party Type ---&#xD;
&#xD;
2019-08-21 19:19:59 - [MESSAGE][INFO] - --- Input Party Type ---&#xD;
&#xD;
2019-08-21 19:19:59 - [TEST_STEP][PASSED] - partyOnboardingPersonal.inputPartyType(s05_partytype): Keys 'TAB + Personal' sent to object: 'Object Repository/PartyOnboarding/PartyOnboarding/Party Type'&#xD;
&#xD;
2019-08-21 19:19:59 - [MESSAGE][PASSED] - Object 'Object Repository/PartyOnboarding/PartyOnboarding/Party Type' is visible&#xD;
&#xD;
2019-08-21 19:19:59 - [MESSAGE][PASSED] - Keys 'TAB + Personal' sent to object: 'Object Repository/PartyOnboarding/PartyOnboarding/Party Type'&#xD;
&#xD;
2019-08-21 19:19:59 - [TEST_STEP][PASSED] - log.logInfo("--- Input Party Sub Type ---"): --- Input Party Sub Type ---&#xD;
&#xD;
2019-08-21 19:19:59 - [MESSAGE][INFO] - --- Input Party Sub Type ---&#xD;
&#xD;
2019-08-21 19:19:59 - [TEST_STEP][PASSED] - partyOnboardingPersonal.inputPartySubType(s05_partysubtype): Keys 'Individual' sent to object: 'Object Repository/PartyOnboarding/PartyOnboarding/Party Sub-Type'&#xD;
&#xD;
2019-08-21 19:20:00 - [MESSAGE][PASSED] - Delayed 1 second(s)&#xD;
&#xD;
2019-08-21 19:20:00 - [MESSAGE][PASSED] - Object 'Object Repository/PartyOnboarding/PartyOnboarding/Party Type' is visible&#xD;
&#xD;
2019-08-21 19:20:01 - [MESSAGE][PASSED] - Keys 'Individual' sent to object: 'Object Repository/PartyOnboarding/PartyOnboarding/Party Sub-Type'&#xD;
&#xD;
2019-08-21 19:20:01 - [TEST_STEP][PASSED] - log.logInfo("--- Input Party Category ---"): --- Input Party Category ---&#xD;
&#xD;
2019-08-21 19:20:01 - [MESSAGE][INFO] - --- Input Party Category ---&#xD;
&#xD;
2019-08-21 19:20:01 - [TEST_STEP][PASSED] - partyOnboardingPersonal.inputPartyCategory(s05_partycategory): Keys 'Full' sent to object: 'Object Repository/PartyOnboarding/PartyOnboarding/Party Category'&#xD;
&#xD;
2019-08-21 19:20:01 - [MESSAGE][PASSED] - Object 'Object Repository/PartyOnboarding/PartyOnboarding/Party Category' is visible&#xD;
&#xD;
2019-08-21 19:20:01 - [MESSAGE][PASSED] - Keys 'Full' sent to object: 'Object Repository/PartyOnboarding/PartyOnboarding/Party Category'&#xD;
&#xD;
2019-08-21 19:20:01 - [TEST_STEP][PASSED] - log.logInfo("--- Check Line of Business ---"): --- Check Line of Business ---&#xD;
&#xD;
2019-08-21 19:20:01 - [MESSAGE][INFO] - --- Check Line of Business ---&#xD;
&#xD;
2019-08-21 19:20:01 - [TEST_STEP][PASSED] - log.logInfo("--- Click Next to Party Check List  ---"): --- Click Next to Party Check List  ---&#xD;
&#xD;
2019-08-21 19:20:01 - [MESSAGE][INFO] - --- Click Next to Party Check List  ---&#xD;
&#xD;
2019-08-21 19:20:01 - [TEST_STEP][PASSED] - partyOnboardingPersonal.clickNextbutton(): Object: 'Object Repository/PartyOnboarding/btn_Next' is clicked on&#xD;
&#xD;
2019-08-21 19:20:01 - [MESSAGE][PASSED] - Object 'Object Repository/PartyOnboarding/btn_Next' is visible&#xD;
&#xD;
2019-08-21 19:20:01 - [MESSAGE][PASSED] - Object: 'Object Repository/PartyOnboarding/btn_Next' is clicked on&#xD;
&#xD;
2019-08-21 19:20:01 - [TEST_STEP][PASSED] - delay(1): Delayed 1 second(s)&#xD;
&#xD;
2019-08-21 19:20:02 - [MESSAGE][PASSED] - Delayed 1 second(s)&#xD;
&#xD;
2019-08-21 19:20:02 - [TEST_STEP][PASSED] - log.logInfo("--- Click Next to Party Pre-Existence Check  ---"): --- Click Next to Party Pre-Existence Check  ---&#xD;
&#xD;
2019-08-21 19:20:02 - [MESSAGE][INFO] - --- Click Next to Party Pre-Existence Check  ---&#xD;
&#xD;
2019-08-21 19:20:02 - [TEST_STEP][PASSED] - partyOnboardingPersonal.clickNextbutton(): Object: 'Object Repository/PartyOnboarding/btn_Next' is clicked on&#xD;
&#xD;
2019-08-21 19:20:02 - [MESSAGE][PASSED] - Object 'Object Repository/PartyOnboarding/btn_Next' is visible&#xD;
&#xD;
2019-08-21 19:20:02 - [MESSAGE][PASSED] - Object: 'Object Repository/PartyOnboarding/btn_Next' is clicked on&#xD;
&#xD;
2019-08-21 19:20:02 - [TEST_STEP][PASSED] - delay(1): Delayed 1 second(s)&#xD;
&#xD;
2019-08-21 19:20:03 - [MESSAGE][PASSED] - Delayed 1 second(s)&#xD;
&#xD;
2019-08-21 19:20:03 - [TEST_STEP][PASSED] - log.logInfo("--- Input data on Party Pre-Existence Check  ---"): --- Input data on Party Pre-Existence Check  ---&#xD;
&#xD;
2019-08-21 19:20:03 - [MESSAGE][INFO] - --- Input data on Party Pre-Existence Check  ---&#xD;
&#xD;
2019-08-21 19:20:03 - [TEST_STEP][PASSED] - partyOnboardingPersonal.inputPreExistenceCheck(s08_firstname, s08_dateofbirth, s08_nationalldType, s08_nationalldNo, s08_lastname, s08_strState, s08_district01, s08_district02, s08_district03, s08_strType, s08_strregstrationNo): Keys '237516' sent to object: 'Object Repository/PartyOnboarding/Personal/Pre-Existence Check/txt_NationalldNo'&#xD;
&#xD;
2019-08-21 19:20:04 - [MESSAGE][PASSED] - Object 'Object Repository/PartyOnboarding/Personal/Pre-Existence Check/txt_FirstName' is visible&#xD;
&#xD;
2019-08-21 19:20:04 - [MESSAGE][PASSED] - Keys 'ATO 0000001' sent to object: 'Object Repository/PartyOnboarding/Personal/Pre-Existence Check/txt_FirstName'&#xD;
&#xD;
2019-08-21 19:20:04 - [MESSAGE][PASSED] - Object 'Object Repository/PartyOnboarding/Personal/Pre-Existence Check/txt_LastName' is visible&#xD;
&#xD;
2019-08-21 19:20:04 - [MESSAGE][PASSED] - Keys 'Nguyen' sent to object: 'Object Repository/PartyOnboarding/Personal/Pre-Existence Check/txt_LastName'&#xD;
&#xD;
2019-08-21 19:20:04 - [MESSAGE][PASSED] - Object 'Object Repository/PartyOnboarding/Personal/Pre-Existence Check/txt_DateOfBirth' is visible&#xD;
&#xD;
2019-08-21 19:20:04 - [MESSAGE][PASSED] - Keys '12-17-1990' sent to object: 'Object Repository/PartyOnboarding/Personal/Pre-Existence Check/txt_DateOfBirth'&#xD;
&#xD;
2019-08-21 19:20:04 - [MESSAGE][PASSED] - Object 'Object Repository/PartyOnboarding/Personal/Pre-Existence Check/ddl_NationlldType' is visible&#xD;
&#xD;
2019-08-21 19:20:04 - [MESSAGE][PASSED] - Keys 'TAB + Birth Certificate Number' sent to object: 'Object Repository/PartyOnboarding/Personal/Pre-Existence Check/ddl_NationlldType'&#xD;
&#xD;
2019-08-21 19:20:04 - [MESSAGE][PASSED] - Object 'Object Repository/PartyOnboarding/Personal/Pre-Existence Check/txt_NationalldNo' is visible&#xD;
&#xD;
2019-08-21 19:20:05 - [MESSAGE][PASSED] - Keys '237516' sent to object: 'Object Repository/PartyOnboarding/Personal/Pre-Existence Check/txt_NationalldNo'&#xD;
&#xD;
2019-08-21 19:20:05 - [TEST_STEP][PASSED] - log.logInfo("--- Click Next button ---"): --- Click Next button ---&#xD;
&#xD;
2019-08-21 19:20:05 - [MESSAGE][INFO] - --- Click Next button ---&#xD;
&#xD;
2019-08-21 19:20:05 - [TEST_STEP][PASSED] - partyOnboardingPersonal.clickNextbutton(): Object: 'Object Repository/PartyOnboarding/btn_Next' is clicked on&#xD;
&#xD;
2019-08-21 19:20:05 - [MESSAGE][PASSED] - Object 'Object Repository/PartyOnboarding/btn_Next' is visible&#xD;
&#xD;
2019-08-21 19:20:05 - [MESSAGE][PASSED] - Object: 'Object Repository/PartyOnboarding/btn_Next' is clicked on&#xD;
&#xD;
2019-08-21 19:20:05 - [TEST_STEP][PASSED] - log.logInfo("--- Key in data all required fields on Personal Party - PartyId ---"): --- Key in data all required fields on Personal Party - PartyId ---&#xD;
&#xD;
2019-08-21 19:20:05 - [MESSAGE][INFO] - --- Key in data all required fields on Personal Party - PartyId ---&#xD;
&#xD;
2019-08-21 19:20:05 - [TEST_STEP][PASSED] - partyOnboardingPersonal.inputPartyId(): Web element with id: 'Object Repository/PartyOnboarding/Personal/PersonalParty/Message/pop_ErrorDuplicatePartyID' located by 'By.xpath: //textarea[@name='03messages']' not found&#xD;
&#xD;
2019-08-21 19:20:06 - [MESSAGE][PASSED] - Object 'Object Repository/PartyOnboarding/Personal/PersonalParty/txt_PartyID' is visible&#xD;
&#xD;
2019-08-21 19:20:06 - [MESSAGE][PASSED] - Object 'Object Repository/PartyOnboarding/Personal/PersonalParty/txt_PartyID' is visible&#xD;
&#xD;
2019-08-21 19:20:06 - [MESSAGE][PASSED] - Keys 'TAB + CtL0d9Mj' sent to object: 'Object Repository/PartyOnboarding/Personal/PersonalParty/txt_PartyID'&#xD;
&#xD;
2019-08-21 19:20:37 - [MESSAGE][INFO] - Unable to find the element located by 'By.xpath: //textarea[@name='03messages']'. Please recheck the objects properties to make sure the desired element is located. &#xD;
&#xD;
2019-08-21 19:20:37 - [MESSAGE][WARNING] - Web element with id: 'Object Repository/PartyOnboarding/Personal/PersonalParty/Message/pop_ErrorDuplicatePartyID' located by 'By.xpath: //textarea[@name='03messages']' not found&#xD;
&#xD;
2019-08-21 19:20:37 - [TEST_STEP][PASSED] - log.logInfo("--- Key in data all required fields on Personal Party - Input Nation Identifer Type ---"): --- Key in data all required fields on Personal Party - Input Nation Identifer Type ---&#xD;
&#xD;
2019-08-21 19:20:37 - [MESSAGE][INFO] - --- Key in data all required fields on Personal Party - Input Nation Identifer Type ---&#xD;
&#xD;
2019-08-21 19:20:37 - [TEST_STEP][PASSED] - partyOnboardingPersonal.inputNationalIdentifierType(s09_nationIdentifierType): Keys 'TAB + Passport' sent to object: 'Object Repository/PartyOnboarding/Personal/PersonalParty/ddl_NationalIdentifierType'&#xD;
&#xD;
2019-08-21 19:20:37 - [MESSAGE][PASSED] - Object 'Object Repository/PartyOnboarding/Personal/PersonalParty/ddl_NationalIdentifierType' is visible&#xD;
&#xD;
2019-08-21 19:20:37 - [MESSAGE][PASSED] - Keys 'TAB + Passport' sent to object: 'Object Repository/PartyOnboarding/Personal/PersonalParty/ddl_NationalIdentifierType'&#xD;
&#xD;
2019-08-21 19:20:37 - [TEST_STEP][PASSED] - log.logInfo("--- Key in data all required fields on Personal Party - Input Nation Identifer ---"): --- Key in data all required fields on Personal Party - Input Nation Identifer ---&#xD;
&#xD;
2019-08-21 19:20:37 - [MESSAGE][INFO] - --- Key in data all required fields on Personal Party - Input Nation Identifer ---&#xD;
&#xD;
2019-08-21 19:20:37 - [TEST_STEP][PASSED] - partyOnboardingPersonal.inputNationalIdentifier(s09_nationIdentifier): Keys 'TAB + 12345601' sent to object: 'Object Repository/PartyOnboarding/Personal/PersonalParty/txt_NationalIdentifier'&#xD;
&#xD;
2019-08-21 19:20:38 - [MESSAGE][PASSED] - Object 'Object Repository/PartyOnboarding/Personal/PersonalParty/txt_NationalIdentifier' is visible&#xD;
&#xD;
2019-08-21 19:20:38 - [MESSAGE][PASSED] - Keys 'TAB + 12345601' sent to object: 'Object Repository/PartyOnboarding/Personal/PersonalParty/txt_NationalIdentifier'&#xD;
&#xD;
2019-08-21 19:20:38 - [TEST_STEP][PASSED] - log.logInfo("--- Key in data all required fields on Personal Party - Input Title ---"): --- Key in data all required fields on Personal Party - Input Title ---&#xD;
&#xD;
2019-08-21 19:20:38 - [MESSAGE][INFO] - --- Key in data all required fields on Personal Party - Input Title ---&#xD;
&#xD;
2019-08-21 19:20:38 - [TEST_STEP][PASSED] - partyOnboardingPersonal.inputTitle(s09_title): Keys 'TAB + Ms' sent to object: 'Object Repository/PartyOnboarding/Personal/PersonalParty/ddl_Title'&#xD;
&#xD;
2019-08-21 19:20:38 - [MESSAGE][PASSED] - Object 'Object Repository/PartyOnboarding/Personal/PersonalParty/ddl_Title' is visible&#xD;
&#xD;
2019-08-21 19:20:38 - [MESSAGE][PASSED] - Keys 'TAB + Ms' sent to object: 'Object Repository/PartyOnboarding/Personal/PersonalParty/ddl_Title'&#xD;
&#xD;
2019-08-21 19:20:38 - [TEST_STEP][PASSED] - log.logInfo("--- Key in data all required fields on Personal Party - Input Employment Status ---"): --- Key in data all required fields on Personal Party - Input Employment Status ---&#xD;
&#xD;
2019-08-21 19:20:38 - [MESSAGE][INFO] - --- Key in data all required fields on Personal Party - Input Employment Status ---&#xD;
&#xD;
2019-08-21 19:20:38 - [TEST_STEP][PASSED] - partyOnboardingPersonal.inputEmploymentStatus(s09_employmentStatus): Keys 'TAB + Student' sent to object: 'Object Repository/PartyOnboarding/Personal/PersonalParty/ddl_EmploymentStatus'&#xD;
&#xD;
2019-08-21 19:20:38 - [MESSAGE][PASSED] - Object 'Object Repository/PartyOnboarding/Personal/PersonalParty/ddl_EmploymentStatus' is visible&#xD;
&#xD;
2019-08-21 19:20:38 - [MESSAGE][PASSED] - Keys 'TAB + Student' sent to object: 'Object Repository/PartyOnboarding/Personal/PersonalParty/ddl_EmploymentStatus'&#xD;
&#xD;
2019-08-21 19:20:38 - [TEST_STEP][PASSED] - log.logInfo("--- Key in data all required fields on Personal Party - Input Gender ---"): --- Key in data all required fields on Personal Party - Input Gender ---&#xD;
&#xD;
2019-08-21 19:20:38 - [MESSAGE][INFO] - --- Key in data all required fields on Personal Party - Input Gender ---&#xD;
&#xD;
2019-08-21 19:20:38 - [TEST_STEP][PASSED] - partyOnboardingPersonal.inputGender(s09_gender): Keys 'TAB + Female' sent to object: 'Object Repository/PartyOnboarding/Personal/PersonalParty/ddl_Gender'&#xD;
&#xD;
2019-08-21 19:20:38 - [MESSAGE][PASSED] - Object 'Object Repository/PartyOnboarding/Personal/PersonalParty/ddl_Gender' is visible&#xD;
&#xD;
2019-08-21 19:20:38 - [MESSAGE][PASSED] - Keys 'TAB + Female' sent to object: 'Object Repository/PartyOnboarding/Personal/PersonalParty/ddl_Gender'&#xD;
&#xD;
2019-08-21 19:20:38 - [TEST_STEP][PASSED] - log.logInfo("--- Key in data all required fields on Personal Party - Input Civil Status ---"): --- Key in data all required fields on Personal Party - Input Civil Status ---&#xD;
&#xD;
2019-08-21 19:20:38 - [MESSAGE][INFO] - --- Key in data all required fields on Personal Party - Input Civil Status ---&#xD;
&#xD;
2019-08-21 19:20:38 - [TEST_STEP][PASSED] - partyOnboardingPersonal.inputCivilStatus(s09_civilStatus): Keys 'TAB + Single' sent to object: 'Object Repository/PartyOnboarding/Personal/PersonalParty/txt_CivilStatus'&#xD;
&#xD;
2019-08-21 19:20:38 - [MESSAGE][PASSED] - Object 'Object Repository/PartyOnboarding/Personal/PersonalParty/txt_CivilStatus' is visible&#xD;
&#xD;
2019-08-21 19:20:39 - [MESSAGE][PASSED] - Keys 'TAB + Single' sent to object: 'Object Repository/PartyOnboarding/Personal/PersonalParty/txt_CivilStatus'&#xD;
&#xD;
2019-08-21 19:20:39 - [TEST_STEP][PASSED] - log.logInfo("--- Key in data all required fields on Personal Party - Input Mother's Maiden Name ---"): --- Key in data all required fields on Personal Party - Input Mother's Maiden Name ---&#xD;
&#xD;
2019-08-21 19:20:39 - [MESSAGE][INFO] - --- Key in data all required fields on Personal Party - Input Mother's Maiden Name ---&#xD;
&#xD;
2019-08-21 19:20:39 - [TEST_STEP][PASSED] - partyOnboardingPersonal.inputMotherMaidenName(s09_motherMaidenName): Keys 'TAB + Mother's Name' sent to object: 'Object Repository/PartyOnboarding/Personal/PersonalParty/txt_MothersMaidenName'&#xD;
&#xD;
2019-08-21 19:20:39 - [MESSAGE][PASSED] - Object 'Object Repository/PartyOnboarding/Personal/PersonalParty/txt_MothersMaidenName' is visible&#xD;
&#xD;
2019-08-21 19:20:39 - [MESSAGE][PASSED] - Keys 'TAB + Mother's Name' sent to object: 'Object Repository/PartyOnboarding/Personal/PersonalParty/txt_MothersMaidenName'&#xD;
&#xD;
2019-08-21 19:20:39 - [TEST_STEP][PASSED] - log.logInfo("--- Key in data all required fields on Personal Party - Input Short Name ---"): --- Key in data all required fields on Personal Party - Input Short Name ---&#xD;
&#xD;
2019-08-21 19:20:39 - [MESSAGE][INFO] - --- Key in data all required fields on Personal Party - Input Short Name ---&#xD;
&#xD;
2019-08-21 19:20:39 - [TEST_STEP][PASSED] - partyOnboardingPersonal.inputShortName(s09_shortName): Keys 'TAB + Le 11' sent to object: 'Object Repository/PartyOnboarding/Personal/PersonalParty/txt_ShortName'&#xD;
&#xD;
2019-08-21 19:20:39 - [MESSAGE][PASSED] - Object 'Object Repository/PartyOnboarding/Personal/PersonalParty/txt_ShortName' is visible&#xD;
&#xD;
2019-08-21 19:20:39 - [MESSAGE][PASSED] - Keys 'TAB + Le 11' sent to object: 'Object Repository/PartyOnboarding/Personal/PersonalParty/txt_ShortName'&#xD;
&#xD;
2019-08-21 19:20:39 - [TEST_STEP][PASSED] - log.logInfo("---Key in data all required fields on Personal Party - Input Grandfather's Name ---"): ---Key in data all required fields on Personal Party - Input Grandfather's Name ---&#xD;
&#xD;
2019-08-21 19:20:39 - [MESSAGE][INFO] - ---Key in data all required fields on Personal Party - Input Grandfather's Name ---&#xD;
&#xD;
2019-08-21 19:20:39 - [TEST_STEP][PASSED] - partyOnboardingPersonal.inputGrandfatherName(s09_grandfatherName): Keys 'TAB + Grandfatther' sent to object: 'Object Repository/PartyOnboarding/Personal/PersonalParty/txt_GrandfathersName'&#xD;
&#xD;
2019-08-21 19:20:39 - [MESSAGE][PASSED] - Object 'Object Repository/PartyOnboarding/Personal/PersonalParty/txt_GrandfathersName' is visible&#xD;
&#xD;
2019-08-21 19:20:39 - [MESSAGE][PASSED] - Keys 'TAB + Grandfatther' sent to object: 'Object Repository/PartyOnboarding/Personal/PersonalParty/txt_GrandfathersName'&#xD;
&#xD;
2019-08-21 19:20:39 - [TEST_STEP][PASSED] - log.logInfo("---Key in data all required fields on Personal Party - Input Nationality ---"): ---Key in data all required fields on Personal Party - Input Nationality ---&#xD;
&#xD;
2019-08-21 19:20:39 - [MESSAGE][INFO] - ---Key in data all required fields on Personal Party - Input Nationality ---&#xD;
&#xD;
2019-08-21 19:20:39 - [TEST_STEP][PASSED] - partyOnboardingPersonal.inputNationality(s09_nationality): Keys 'TAB + Myanmar' sent to object: 'Object Repository/PartyOnboarding/Personal/PersonalParty/ddl_Nationality'&#xD;
&#xD;
2019-08-21 19:20:39 - [MESSAGE][PASSED] - Object 'Object Repository/PartyOnboarding/Personal/PersonalParty/ddl_Nationality' is visible&#xD;
&#xD;
2019-08-21 19:20:40 - [MESSAGE][PASSED] - Keys 'TAB + Myanmar' sent to object: 'Object Repository/PartyOnboarding/Personal/PersonalParty/ddl_Nationality'&#xD;
&#xD;
2019-08-21 19:20:40 - [TEST_STEP][PASSED] - log.logInfo("--- Key in data all required fields on Personal Party - Input Resident Status ---"): --- Key in data all required fields on Personal Party - Input Resident Status ---&#xD;
&#xD;
2019-08-21 19:20:40 - [MESSAGE][INFO] - --- Key in data all required fields on Personal Party - Input Resident Status ---&#xD;
&#xD;
2019-08-21 19:20:40 - [TEST_STEP][PASSED] - partyOnboardingPersonal.inputResidentStatus(s09_residentStatus): Keys 'Diplomat' sent to object: 'Object Repository/PartyOnboarding/Personal/PersonalParty/ddl_ResidentStatus'&#xD;
&#xD;
2019-08-21 19:20:40 - [MESSAGE][PASSED] - Object 'Object Repository/PartyOnboarding/Personal/PersonalParty/ddl_ResidentStatus' is visible&#xD;
&#xD;
2019-08-21 19:20:40 - [MESSAGE][PASSED] - Keys 'Diplomat' sent to object: 'Object Repository/PartyOnboarding/Personal/PersonalParty/ddl_ResidentStatus'&#xD;
&#xD;
2019-08-21 19:20:40 - [TEST_STEP][PASSED] - log.logInfo("--- Key in data all required fields on Personal Party - Input Tax ID Number ---"): --- Key in data all required fields on Personal Party - Input Tax ID Number ---&#xD;
&#xD;
2019-08-21 19:20:40 - [MESSAGE][INFO] - --- Key in data all required fields on Personal Party - Input Tax ID Number ---&#xD;
&#xD;
2019-08-21 19:20:40 - [TEST_STEP][PASSED] - partyOnboardingPersonal.inputTaxIDNumber(s09_taxIDNumber): Keys 'TAB + 12345678' sent to object: 'Object Repository/PartyOnboarding/Personal/PersonalParty/txt_TaxIDNumber'&#xD;
&#xD;
2019-08-21 19:20:40 - [MESSAGE][PASSED] - Object 'Object Repository/PartyOnboarding/Personal/PersonalParty/txt_TaxIDNumber' is visible&#xD;
&#xD;
2019-08-21 19:20:40 - [MESSAGE][PASSED] - Keys 'TAB + 12345678' sent to object: 'Object Repository/PartyOnboarding/Personal/PersonalParty/txt_TaxIDNumber'&#xD;
&#xD;
2019-08-21 19:20:40 - [TEST_STEP][PASSED] - log.logInfo("--- Key in data all required fields on Personal Party - Input Religion ---"): --- Key in data all required fields on Personal Party - Input Religion ---&#xD;
&#xD;
2019-08-21 19:20:40 - [MESSAGE][INFO] - --- Key in data all required fields on Personal Party - Input Religion ---&#xD;
&#xD;
2019-08-21 19:20:40 - [TEST_STEP][PASSED] - partyOnboardingPersonal.inputReligion(s09_religion): Keys 'TAB + Christianity' sent to object: 'Object Repository/PartyOnboarding/Personal/PersonalParty/ddl_Religion'&#xD;
&#xD;
2019-08-21 19:20:40 - [MESSAGE][PASSED] - Object 'Object Repository/PartyOnboarding/Personal/PersonalParty/ddl_Religion' is visible&#xD;
&#xD;
2019-08-21 19:20:40 - [MESSAGE][PASSED] - Keys 'TAB + Christianity' sent to object: 'Object Repository/PartyOnboarding/Personal/PersonalParty/ddl_Religion'&#xD;
&#xD;
2019-08-21 19:20:40 - [TEST_STEP][PASSED] - log.logInfo("--- Key in data all required fields on Personal Party - Click Next button ---"): --- Key in data all required fields on Personal Party - Click Next button ---&#xD;
&#xD;
2019-08-21 19:20:40 - [MESSAGE][INFO] - --- Key in data all required fields on Personal Party - Click Next button ---&#xD;
&#xD;
2019-08-21 19:20:40 - [TEST_STEP][PASSED] - partyOnboardingPersonal.clickNextbutton(): Object: 'Object Repository/PartyOnboarding/btn_Next' is clicked on&#xD;
&#xD;
2019-08-21 19:20:40 - [MESSAGE][PASSED] - Object 'Object Repository/PartyOnboarding/btn_Next' is visible&#xD;
&#xD;
2019-08-21 19:20:41 - [MESSAGE][PASSED] - Object: 'Object Repository/PartyOnboarding/btn_Next' is clicked on&#xD;
&#xD;
2019-08-21 19:20:41 - [TEST_STEP][PASSED] - log.logInfo("--- Key in data all required fields on Personal Party - Click Process on Warning box ---"): --- Key in data all required fields on Personal Party - Click Process on Warning box ---&#xD;
&#xD;
2019-08-21 19:20:41 - [MESSAGE][INFO] - --- Key in data all required fields on Personal Party - Click Process on Warning box ---&#xD;
&#xD;
2019-08-21 19:20:41 - [TEST_STEP][PASSED] - partyOnboardingPersonal.clickProcessInWarningBox(): Object: 'Object Repository/PartyOnboarding/Personal/PersonalParty/btn_Warnings_Proceed_NotCapture' is clicked on&#xD;
&#xD;
2019-08-21 19:20:41 - [MESSAGE][PASSED] - Object 'Object Repository/PartyOnboarding/Personal/PersonalParty/btn_Warnings_Proceed_NotCapture' is visible&#xD;
&#xD;
2019-08-21 19:20:41 - [MESSAGE][PASSED] - Object: 'Object Repository/PartyOnboarding/Personal/PersonalParty/btn_Warnings_Proceed_NotCapture' is clicked on&#xD;
&#xD;
2019-08-21 19:20:41 - [TEST_STEP][PASSED] - log.logInfo("--- Input required fields for Party Address - Input Address Type, User of Communication and Valid From---"): --- Input required fields for Party Address - Input Address Type, User of Communication and Valid From---&#xD;
&#xD;
2019-08-21 19:20:41 - [MESSAGE][INFO] - --- Input required fields for Party Address - Input Address Type, User of Communication and Valid From---&#xD;
&#xD;
2019-08-21 19:20:41 - [TEST_STEP][PASSED] - partyOnboardingPersonal.inputRDataForAddressParty(s10_addressType, s10_userForCommunication, s10_validFrom): Execute JavaScript 'arguments[0].click();' successfully&#xD;
&#xD;
2019-08-21 19:20:42 - [MESSAGE][PASSED] - Object 'Object Repository/PartyOnboarding/Personal/PartyAddress/button_New Row_PartyAddress' is visible&#xD;
&#xD;
2019-08-21 19:20:43 - [MESSAGE][PASSED] - Execute JavaScript 'arguments[0].click();' successfully&#xD;
&#xD;
2019-08-21 19:20:43 - [MESSAGE][PASSED] - Object 'Object Repository/PartyOnboarding/Personal/PartyAddress/Address Type' is visible&#xD;
&#xD;
2019-08-21 19:20:43 - [MESSAGE][PASSED] - Keys 'TAB + Home Address' sent to object: 'Object Repository/PartyOnboarding/Personal/PartyAddress/Address Type'&#xD;
&#xD;
2019-08-21 19:20:43 - [MESSAGE][PASSED] - Object 'Object Repository/PartyOnboarding/Personal/PartyAddress/Valid From' is visible&#xD;
&#xD;
2019-08-21 19:20:43 - [MESSAGE][PASSED] - Text of object 'Object Repository/PartyOnboarding/Personal/PartyAddress/Valid From' is cleared&#xD;
&#xD;
2019-08-21 19:20:43 - [MESSAGE][PASSED] - Object 'Object Repository/PartyOnboarding/Personal/PartyAddress/Valid From' is visible&#xD;
&#xD;
2019-08-21 19:20:44 - [MESSAGE][PASSED] - Keys '2018-01-14' sent to object: 'Object Repository/PartyOnboarding/Personal/PartyAddress/Valid From'&#xD;
&#xD;
2019-08-21 19:20:44 - [MESSAGE][PASSED] - Object 'Object Repository/PartyOnboarding/Personal/PartyAddress/chk_Use  for Communication' is present&#xD;
&#xD;
2019-08-21 19:20:44 - [MESSAGE][PASSED] - Attribute 'aria-checked' of object 'Object Repository/PartyOnboarding/Personal/PartyAddress/chk_Use  for Communication' is: 'false'&#xD;
&#xD;
2019-08-21 19:20:44 - [MESSAGE][PASSED] - Object 'Object Repository/PartyOnboarding/Personal/PartyAddress/chk_Use  for Communication' is checked&#xD;
&#xD;
2019-08-21 19:20:44 - [MESSAGE][PASSED] - Object 'Object Repository/PartyOnboarding/Personal/PartyAddress/SaveRow' is visible&#xD;
&#xD;
2019-08-21 19:20:44 - [MESSAGE][PASSED] - Execute JavaScript 'arguments[0].click();' successfully&#xD;
&#xD;
2019-08-21 19:20:44 - [MESSAGE][PASSED] - Object 'Object Repository/PartyOnboarding/Personal/PartyAddress/button_New Row_PartyAddress' is visible&#xD;
&#xD;
2019-08-21 19:20:44 - [MESSAGE][PASSED] - Execute JavaScript 'arguments[0].click();' successfully&#xD;
&#xD;
2019-08-21 19:20:44 - [MESSAGE][PASSED] - Object 'Object Repository/PartyOnboarding/Personal/PartyAddress/Address Type' is visible&#xD;
&#xD;
2019-08-21 19:20:45 - [MESSAGE][PASSED] - Keys 'TAB + Office Address' sent to object: 'Object Repository/PartyOnboarding/Personal/PartyAddress/Address Type'&#xD;
&#xD;
2019-08-21 19:20:45 - [MESSAGE][PASSED] - Object 'Object Repository/PartyOnboarding/Personal/PartyAddress/Valid From' is visible&#xD;
&#xD;
2019-08-21 19:20:45 - [MESSAGE][PASSED] - Text of object 'Object Repository/PartyOnboarding/Personal/PartyAddress/Valid From' is cleared&#xD;
&#xD;
2019-08-21 19:20:45 - [MESSAGE][PASSED] - Object 'Object Repository/PartyOnboarding/Personal/PartyAddress/Valid From' is visible&#xD;
&#xD;
2019-08-21 19:20:45 - [MESSAGE][PASSED] - Keys '2018-01-17' sent to object: 'Object Repository/PartyOnboarding/Personal/PartyAddress/Valid From'&#xD;
&#xD;
2019-08-21 19:20:45 - [MESSAGE][PASSED] - Object 'Object Repository/PartyOnboarding/Personal/PartyAddress/SaveRow' is visible&#xD;
&#xD;
2019-08-21 19:20:45 - [MESSAGE][PASSED] - Execute JavaScript 'arguments[0].click();' successfully&#xD;
&#xD;
2019-08-21 19:20:45 - [MESSAGE][PASSED] - Object 'Object Repository/PartyOnboarding/Personal/PartyAddress/button_New Row_PartyAddress' is visible&#xD;
&#xD;
2019-08-21 19:20:46 - [MESSAGE][PASSED] - Execute JavaScript 'arguments[0].click();' successfully&#xD;
&#xD;
2019-08-21 19:20:46 - [MESSAGE][PASSED] - Object 'Object Repository/PartyOnboarding/Personal/PartyAddress/Address Type' is visible&#xD;
&#xD;
2019-08-21 19:20:46 - [MESSAGE][PASSED] - Keys 'TAB + Current Address' sent to object: 'Object Repository/PartyOnboarding/Personal/PartyAddress/Address Type'&#xD;
&#xD;
2019-08-21 19:20:46 - [MESSAGE][PASSED] - Object 'Object Repository/PartyOnboarding/Personal/PartyAddress/Valid From' is visible&#xD;
&#xD;
2019-08-21 19:20:46 - [MESSAGE][PASSED] - Text of object 'Object Repository/PartyOnboarding/Personal/PartyAddress/Valid From' is cleared&#xD;
&#xD;
2019-08-21 19:20:46 - [MESSAGE][PASSED] - Object 'Object Repository/PartyOnboarding/Personal/PartyAddress/Valid From' is visible&#xD;
&#xD;
2019-08-21 19:20:47 - [MESSAGE][PASSED] - Keys '2017-01-17' sent to object: 'Object Repository/PartyOnboarding/Personal/PartyAddress/Valid From'&#xD;
&#xD;
2019-08-21 19:20:47 - [MESSAGE][PASSED] - Object 'Object Repository/PartyOnboarding/Personal/PartyAddress/SaveRow' is visible&#xD;
&#xD;
2019-08-21 19:20:47 - [MESSAGE][PASSED] - Execute JavaScript 'arguments[0].click();' successfully&#xD;
&#xD;
2019-08-21 19:20:47 - [TEST_STEP][PASSED] - log.logInfo("--- Input required fields for Party Address - click Next button---"): --- Input required fields for Party Address - click Next button---&#xD;
&#xD;
2019-08-21 19:20:47 - [MESSAGE][INFO] - --- Input required fields for Party Address - click Next button---&#xD;
&#xD;
2019-08-21 19:20:47 - [TEST_STEP][PASSED] - partyOnboardingPersonal.clickNextbutton(): Object: 'Object Repository/PartyOnboarding/btn_Next' is clicked on&#xD;
&#xD;
2019-08-21 19:20:47 - [MESSAGE][PASSED] - Object 'Object Repository/PartyOnboarding/btn_Next' is visible&#xD;
&#xD;
2019-08-21 19:20:47 - [MESSAGE][PASSED] - Object: 'Object Repository/PartyOnboarding/btn_Next' is clicked on&#xD;
&#xD;
2019-08-21 19:20:47 - [TEST_STEP][PASSED] - log.logInfo("--- Input data for Party Contacts ---"): --- Input data for Party Contacts ---&#xD;
&#xD;
2019-08-21 19:20:47 - [MESSAGE][INFO] - --- Input data for Party Contacts ---&#xD;
&#xD;
2019-08-21 19:20:47 - [TEST_STEP][PASSED] - partyOnboardingPersonal.inputDataForPartyContacts(s11_contactMethod, s11_contactTypeLocation, s11_contactCountryCode, s11_contactAreaCode, s11_contactNumber, s11_contactEmail, s11_confirmEmail, s11_validFrom): Execute JavaScript 'arguments[0].click();' successfully&#xD;
&#xD;
2019-08-21 19:20:48 - [MESSAGE][PASSED] - Object 'Object Repository/PartyOnboarding/Personal/PartyContacts/New Row' is visible&#xD;
&#xD;
2019-08-21 19:20:48 - [MESSAGE][PASSED] - Execute JavaScript 'arguments[0].click();' successfully&#xD;
&#xD;
2019-08-21 19:20:49 - [MESSAGE][PASSED] - Delayed 1 second(s)&#xD;
&#xD;
2019-08-21 19:20:49 - [MESSAGE][PASSED] - Object 'Object Repository/PartyOnboarding/Personal/PartyContacts/Contact Method' is visible&#xD;
&#xD;
2019-08-21 19:20:49 - [MESSAGE][PASSED] - Keys 'TAB + Telephone' sent to object: 'Object Repository/PartyOnboarding/Personal/PartyContacts/Contact Method'&#xD;
&#xD;
2019-08-21 19:20:50 - [MESSAGE][PASSED] - Delayed 1 second(s)&#xD;
&#xD;
2019-08-21 19:20:50 - [MESSAGE][PASSED] - Object 'Object Repository/PartyOnboarding/Personal/PartyContacts/Contact Type  Location' is visible&#xD;
&#xD;
2019-08-21 19:20:50 - [MESSAGE][PASSED] - Keys 'TAB + Personal' sent to object: 'Object Repository/PartyOnboarding/Personal/PartyContacts/Contact Type  Location'&#xD;
&#xD;
2019-08-21 19:20:51 - [MESSAGE][PASSED] - Object 'Object Repository/PartyOnboarding/Personal/PartyContacts/Contact Email' is visible&#xD;
&#xD;
2019-08-21 19:20:51 - [MESSAGE][PASSED] - Object 'Object Repository/PartyOnboarding/Personal/PartyContacts/Contact Email' has attribute 'readonly'&#xD;
&#xD;
2019-08-21 19:20:51 - [MESSAGE][PASSED] - Object 'Object Repository/PartyOnboarding/Personal/PartyContacts/Contact Number_03_Code' is visible&#xD;
&#xD;
2019-08-21 19:20:51 - [MESSAGE][PASSED] - Text of object 'Object Repository/PartyOnboarding/Personal/PartyContacts/Contact Number_03_Code' is cleared&#xD;
&#xD;
2019-08-21 19:20:51 - [MESSAGE][PASSED] - Object 'Object Repository/PartyOnboarding/Personal/PartyContacts/Contact Number_03_Code' is visible&#xD;
&#xD;
2019-08-21 19:20:51 - [MESSAGE][PASSED] - Keys '+95' sent to object: 'Object Repository/PartyOnboarding/Personal/PartyContacts/Contact Number_03_Code'&#xD;
&#xD;
2019-08-21 19:20:51 - [MESSAGE][PASSED] - Object 'Object Repository/PartyOnboarding/Personal/PartyContacts/Contact Number_AreaCode' is visible&#xD;
&#xD;
2019-08-21 19:20:51 - [MESSAGE][PASSED] - Keys '' sent to object: 'Object Repository/PartyOnboarding/Personal/PartyContacts/Contact Number_AreaCode'&#xD;
&#xD;
2019-08-21 19:20:51 - [MESSAGE][PASSED] - Object 'Object Repository/PartyOnboarding/Personal/PartyContacts/Contact Number_Number' is visible&#xD;
&#xD;
2019-08-21 19:20:51 - [MESSAGE][PASSED] - Keys '9697989901' sent to object: 'Object Repository/PartyOnboarding/Personal/PartyContacts/Contact Number_Number'&#xD;
&#xD;
2019-08-21 19:20:51 - [MESSAGE][PASSED] - Object 'Object Repository/PartyOnboarding/Personal/PartyContacts/Contact Number_03_Code' is visible&#xD;
&#xD;
2019-08-21 19:20:52 - [MESSAGE][WARNING] - Object 'Object Repository/PartyOnboarding/Personal/PartyContacts/Contact Number_03_Code' does not have attribute 'readonly' (Root cause: com.kms.katalon.core.exception.StepFailedException: Object 'Object Repository/PartyOnboarding/Personal/PartyContacts/Contact Number_03_Code' does not have attribute 'readonly'&#xD;
	at com.kms.katalon.core.webui.keyword.internal.WebUIKeywordMain.stepFailed(WebUIKeywordMain.groovy:64)&#xD;
	at com.kms.katalon.core.webui.keyword.builtin.VerifyElementHasAttributeKeyword$_verifyElementHasAttribute_closure1.doCall(VerifyElementHasAttributeKeyword.groovy:89)&#xD;
	at com.kms.katalon.core.webui.keyword.builtin.VerifyElementHasAttributeKeyword$_verifyElementHasAttribute_closure1.call(VerifyElementHasAttributeKeyword.groovy)&#xD;
	at com.kms.katalon.core.webui.keyword.internal.WebUIKeywordMain.runKeyword(WebUIKeywordMain.groovy:20)&#xD;
	at com.kms.katalon.core.webui.keyword.builtin.VerifyElementHasAttributeKeyword.verifyElementHasAttribute(VerifyElementHasAttributeKeyword.groovy:100)&#xD;
	at com.kms.katalon.core.webui.keyword.builtin.VerifyElementHasAttributeKeyword.execute(VerifyElementHasAttributeKeyword.groovy:69)&#xD;
	at com.kms.katalon.core.keyword.internal.KeywordExecutor.executeKeywordForPlatform(KeywordExecutor.groovy:56)&#xD;
	at com.kms.katalon.core.webui.keyword.WebUiBuiltInKeywords.verifyElementHasAttribute(WebUiBuiltInKeywords.groovy:3166)&#xD;
	at com.kms.katalon.core.webui.keyword.WebUiBuiltInKeywords$verifyElementHasAttribute$11.call(Unknown Source)&#xD;
	at pageObjects.PartyOnboarding.inputDataForPartyContacts(PartyOnboarding.groovy:736)&#xD;
	at PartyOnboardingPersonal.run(PartyOnboardingPersonal:77)&#xD;
	at com.kms.katalon.core.main.ScriptEngine.run(ScriptEngine.java:194)&#xD;
	at com.kms.katalon.core.main.ScriptEngine.runScriptAsRawText(ScriptEngine.java:119)&#xD;
	at com.kms.katalon.core.main.TestCaseExecutor.runScript(TestCaseExecutor.java:337)&#xD;
	at com.kms.katalon.core.main.TestCaseExecutor.doExecute(TestCaseExecutor.java:328)&#xD;
	at com.kms.katalon.core.main.TestCaseExecutor.processExecutionPhase(TestCaseExecutor.java:307)&#xD;
	at com.kms.katalon.core.main.TestCaseExecutor.accessMainPhase(TestCaseExecutor.java:299)&#xD;
	at com.kms.katalon.core.main.TestCaseExecutor.execute(TestCaseExecutor.java:233)&#xD;
	at com.kms.katalon.core.main.TestSuiteExecutor.accessTestCaseMainPhase(TestSuiteExecutor.java:133)&#xD;
	at com.kms.katalon.core.main.TestSuiteExecutor.accessTestSuiteMainPhase(TestSuiteExecutor.java:116)&#xD;
	at com.kms.katalon.core.main.TestSuiteExecutor.execute(TestSuiteExecutor.java:83)&#xD;
	at com.kms.katalon.core.main.TestCaseMain.startTestSuite(TestCaseMain.java:157)&#xD;
	at com.kms.katalon.core.main.TestCaseMain$startTestSuite$0.call(Unknown Source)&#xD;
	at TempTestSuite1566391613482.run(TempTestSuite1566391613482.groovy:35)&#xD;
)&#xD;
[[ATTACHMENT|C:\\ML\\JITS\\AYA\\Automation\\FBE\\FBE\\Reports\\DataPreparation\\PartyOnboardingPersonal\\20190821_191653\\1566391851904.png]]&#xD;
&#xD;
2019-08-21 19:20:52 - [MESSAGE][PASSED] - Object 'Object Repository/PartyOnboarding/Personal/PartyContacts/Valid From' is visible&#xD;
&#xD;
2019-08-21 19:20:52 - [MESSAGE][PASSED] - Text of object 'Object Repository/PartyOnboarding/Personal/PartyContacts/Valid From' is cleared&#xD;
&#xD;
2019-08-21 19:20:52 - [MESSAGE][PASSED] - Object 'Object Repository/PartyOnboarding/Personal/PartyContacts/Valid From' is visible&#xD;
&#xD;
2019-08-21 19:20:52 - [MESSAGE][PASSED] - Keys '2018-12-20' sent to object: 'Object Repository/PartyOnboarding/Personal/PartyContacts/Valid From'&#xD;
&#xD;
2019-08-21 19:20:52 - [MESSAGE][PASSED] - Object 'Object Repository/PartyOnboarding/Personal/PartyContacts/Save Row' is visible&#xD;
&#xD;
2019-08-21 19:20:52 - [MESSAGE][PASSED] - Execute JavaScript 'arguments[0].click();' successfully&#xD;
&#xD;
2019-08-21 19:20:52 - [MESSAGE][PASSED] - Object 'Object Repository/PartyOnboarding/Personal/PartyContacts/New Row' is visible&#xD;
&#xD;
2019-08-21 19:20:52 - [MESSAGE][PASSED] - Execute JavaScript 'arguments[0].click();' successfully&#xD;
&#xD;
2019-08-21 19:20:53 - [MESSAGE][PASSED] - Delayed 1 second(s)&#xD;
&#xD;
2019-08-21 19:20:54 - [MESSAGE][PASSED] - Object 'Object Repository/PartyOnboarding/Personal/PartyContacts/Contact Method' is visible&#xD;
&#xD;
2019-08-21 19:20:54 - [MESSAGE][PASSED] - Keys 'TAB + Mobile' sent to object: 'Object Repository/PartyOnboarding/Personal/PartyContacts/Contact Method'&#xD;
&#xD;
2019-08-21 19:20:55 - [MESSAGE][PASSED] - Delayed 1 second(s)&#xD;
&#xD;
2019-08-21 19:20:55 - [MESSAGE][PASSED] - Object 'Object Repository/PartyOnboarding/Personal/PartyContacts/Contact Type  Location' is visible&#xD;
&#xD;
2019-08-21 19:20:55 - [MESSAGE][PASSED] - Keys 'TAB + Work' sent to object: 'Object Repository/PartyOnboarding/Personal/PartyContacts/Contact Type  Location'&#xD;
&#xD;
2019-08-21 19:20:55 - [MESSAGE][PASSED] - Object 'Object Repository/PartyOnboarding/Personal/PartyContacts/Contact Email' is visible&#xD;
&#xD;
2019-08-21 19:20:55 - [MESSAGE][PASSED] - Object 'Object Repository/PartyOnboarding/Personal/PartyContacts/Contact Email' has attribute 'readonly'&#xD;
&#xD;
2019-08-21 19:20:55 - [MESSAGE][PASSED] - Object 'Object Repository/PartyOnboarding/Personal/PartyContacts/Contact Number_03_Code' is visible&#xD;
&#xD;
2019-08-21 19:20:55 - [MESSAGE][PASSED] - Text of object 'Object Repository/PartyOnboarding/Personal/PartyContacts/Contact Number_03_Code' is cleared&#xD;
&#xD;
2019-08-21 19:20:55 - [MESSAGE][PASSED] - Object 'Object Repository/PartyOnboarding/Personal/PartyContacts/Contact Number_03_Code' is visible&#xD;
&#xD;
2019-08-21 19:20:55 - [MESSAGE][PASSED] - Keys '+1' sent to object: 'Object Repository/PartyOnboarding/Personal/PartyContacts/Contact Number_03_Code'&#xD;
&#xD;
2019-08-21 19:20:55 - [MESSAGE][PASSED] - Object 'Object Repository/PartyOnboarding/Personal/PartyContacts/Contact Number_AreaCode' is visible&#xD;
&#xD;
2019-08-21 19:20:55 - [MESSAGE][PASSED] - Keys '' sent to object: 'Object Repository/PartyOnboarding/Personal/PartyContacts/Contact Number_AreaCode'&#xD;
&#xD;
2019-08-21 19:20:55 - [MESSAGE][PASSED] - Object 'Object Repository/PartyOnboarding/Personal/PartyContacts/Contact Number_Number' is visible&#xD;
&#xD;
2019-08-21 19:20:56 - [MESSAGE][PASSED] - Keys '12312313' sent to object: 'Object Repository/PartyOnboarding/Personal/PartyContacts/Contact Number_Number'&#xD;
&#xD;
2019-08-21 19:20:56 - [MESSAGE][PASSED] - Object 'Object Repository/PartyOnboarding/Personal/PartyContacts/Contact Number_03_Code' is visible&#xD;
&#xD;
2019-08-21 19:20:56 - [MESSAGE][WARNING] - Object 'Object Repository/PartyOnboarding/Personal/PartyContacts/Contact Number_03_Code' does not have attribute 'readonly' (Root cause: com.kms.katalon.core.exception.StepFailedException: Object 'Object Repository/PartyOnboarding/Personal/PartyContacts/Contact Number_03_Code' does not have attribute 'readonly'&#xD;
	at com.kms.katalon.core.webui.keyword.internal.WebUIKeywordMain.stepFailed(WebUIKeywordMain.groovy:64)&#xD;
	at com.kms.katalon.core.webui.keyword.builtin.VerifyElementHasAttributeKeyword$_verifyElementHasAttribute_closure1.doCall(VerifyElementHasAttributeKeyword.groovy:89)&#xD;
	at com.kms.katalon.core.webui.keyword.builtin.VerifyElementHasAttributeKeyword$_verifyElementHasAttribute_closure1.call(VerifyElementHasAttributeKeyword.groovy)&#xD;
	at com.kms.katalon.core.webui.keyword.internal.WebUIKeywordMain.runKeyword(WebUIKeywordMain.groovy:20)&#xD;
	at com.kms.katalon.core.webui.keyword.builtin.VerifyElementHasAttributeKeyword.verifyElementHasAttribute(VerifyElementHasAttributeKeyword.groovy:100)&#xD;
	at com.kms.katalon.core.webui.keyword.builtin.VerifyElementHasAttributeKeyword.execute(VerifyElementHasAttributeKeyword.groovy:69)&#xD;
	at com.kms.katalon.core.keyword.internal.KeywordExecutor.executeKeywordForPlatform(KeywordExecutor.groovy:56)&#xD;
	at com.kms.katalon.core.webui.keyword.WebUiBuiltInKeywords.verifyElementHasAttribute(WebUiBuiltInKeywords.groovy:3166)&#xD;
	at com.kms.katalon.core.webui.keyword.WebUiBuiltInKeywords$verifyElementHasAttribute$11.call(Unknown Source)&#xD;
	at pageObjects.PartyOnboarding.inputDataForPartyContacts(PartyOnboarding.groovy:736)&#xD;
	at PartyOnboardingPersonal.run(PartyOnboardingPersonal:77)&#xD;
	at com.kms.katalon.core.main.ScriptEngine.run(ScriptEngine.java:194)&#xD;
	at com.kms.katalon.core.main.ScriptEngine.runScriptAsRawText(ScriptEngine.java:119)&#xD;
	at com.kms.katalon.core.main.TestCaseExecutor.runScript(TestCaseExecutor.java:337)&#xD;
	at com.kms.katalon.core.main.TestCaseExecutor.doExecute(TestCaseExecutor.java:328)&#xD;
	at com.kms.katalon.core.main.TestCaseExecutor.processExecutionPhase(TestCaseExecutor.java:307)&#xD;
	at com.kms.katalon.core.main.TestCaseExecutor.accessMainPhase(TestCaseExecutor.java:299)&#xD;
	at com.kms.katalon.core.main.TestCaseExecutor.execute(TestCaseExecutor.java:233)&#xD;
	at com.kms.katalon.core.main.TestSuiteExecutor.accessTestCaseMainPhase(TestSuiteExecutor.java:133)&#xD;
	at com.kms.katalon.core.main.TestSuiteExecutor.accessTestSuiteMainPhase(TestSuiteExecutor.java:116)&#xD;
	at com.kms.katalon.core.main.TestSuiteExecutor.execute(TestSuiteExecutor.java:83)&#xD;
	at com.kms.katalon.core.main.TestCaseMain.startTestSuite(TestCaseMain.java:157)&#xD;
	at com.kms.katalon.core.main.TestCaseMain$startTestSuite$0.call(Unknown Source)&#xD;
	at TempTestSuite1566391613482.run(TempTestSuite1566391613482.groovy:35)&#xD;
)&#xD;
[[ATTACHMENT|C:\\ML\\JITS\\AYA\\Automation\\FBE\\FBE\\Reports\\DataPreparation\\PartyOnboardingPersonal\\20190821_191653\\1566391856264.png]]&#xD;
&#xD;
2019-08-21 19:20:56 - [MESSAGE][PASSED] - Object 'Object Repository/PartyOnboarding/Personal/PartyContacts/Valid From' is visible&#xD;
&#xD;
2019-08-21 19:20:56 - [MESSAGE][PASSED] - Text of object 'Object Repository/PartyOnboarding/Personal/PartyContacts/Valid From' is cleared&#xD;
&#xD;
2019-08-21 19:20:56 - [MESSAGE][PASSED] - Object 'Object Repository/PartyOnboarding/Personal/PartyContacts/Valid From' is visible&#xD;
&#xD;
2019-08-21 19:20:57 - [MESSAGE][PASSED] - Keys '2018-01-24' sent to object: 'Object Repository/PartyOnboarding/Personal/PartyContacts/Valid From'&#xD;
&#xD;
2019-08-21 19:20:57 - [MESSAGE][PASSED] - Object 'Object Repository/PartyOnboarding/Personal/PartyContacts/Save Row' is visible&#xD;
&#xD;
2019-08-21 19:20:57 - [MESSAGE][PASSED] - Execute JavaScript 'arguments[0].click();' successfully&#xD;
&#xD;
2019-08-21 19:20:57 - [MESSAGE][PASSED] - Object 'Object Repository/PartyOnboarding/Personal/PartyContacts/New Row' is visible&#xD;
&#xD;
2019-08-21 19:20:57 - [MESSAGE][PASSED] - Execute JavaScript 'arguments[0].click();' successfully&#xD;
&#xD;
2019-08-21 19:20:58 - [MESSAGE][PASSED] - Delayed 1 second(s)&#xD;
&#xD;
2019-08-21 19:20:58 - [MESSAGE][PASSED] - Object 'Object Repository/PartyOnboarding/Personal/PartyContacts/Contact Method' is visible&#xD;
&#xD;
2019-08-21 19:20:58 - [MESSAGE][PASSED] - Keys 'TAB + Email' sent to object: 'Object Repository/PartyOnboarding/Personal/PartyContacts/Contact Method'&#xD;
&#xD;
2019-08-21 19:20:59 - [MESSAGE][PASSED] - Delayed 1 second(s)&#xD;
&#xD;
2019-08-21 19:20:59 - [MESSAGE][PASSED] - Object 'Object Repository/PartyOnboarding/Personal/PartyContacts/Contact Type  Location' is visible&#xD;
&#xD;
2019-08-21 19:20:59 - [MESSAGE][PASSED] - Keys 'TAB + Personal' sent to object: 'Object Repository/PartyOnboarding/Personal/PartyContacts/Contact Type  Location'&#xD;
&#xD;
2019-08-21 19:20:59 - [MESSAGE][PASSED] - Object 'Object Repository/PartyOnboarding/Personal/PartyContacts/Contact Email' is visible&#xD;
&#xD;
2019-08-21 19:21:00 - [MESSAGE][WARNING] - Object 'Object Repository/PartyOnboarding/Personal/PartyContacts/Contact Email' does not have attribute 'readonly' (Root cause: com.kms.katalon.core.exception.StepFailedException: Object 'Object Repository/PartyOnboarding/Personal/PartyContacts/Contact Email' does not have attribute 'readonly'&#xD;
	at com.kms.katalon.core.webui.keyword.internal.WebUIKeywordMain.stepFailed(WebUIKeywordMain.groovy:64)&#xD;
	at com.kms.katalon.core.webui.keyword.builtin.VerifyElementHasAttributeKeyword$_verifyElementHasAttribute_closure1.doCall(VerifyElementHasAttributeKeyword.groovy:89)&#xD;
	at com.kms.katalon.core.webui.keyword.builtin.VerifyElementHasAttributeKeyword$_verifyElementHasAttribute_closure1.call(VerifyElementHasAttributeKeyword.groovy)&#xD;
	at com.kms.katalon.core.webui.keyword.internal.WebUIKeywordMain.runKeyword(WebUIKeywordMain.groovy:20)&#xD;
	at com.kms.katalon.core.webui.keyword.builtin.VerifyElementHasAttributeKeyword.verifyElementHasAttribute(VerifyElementHasAttributeKeyword.groovy:100)&#xD;
	at com.kms.katalon.core.webui.keyword.builtin.VerifyElementHasAttributeKeyword.execute(VerifyElementHasAttributeKeyword.groovy:69)&#xD;
	at com.kms.katalon.core.keyword.internal.KeywordExecutor.executeKeywordForPlatform(KeywordExecutor.groovy:56)&#xD;
	at com.kms.katalon.core.webui.keyword.WebUiBuiltInKeywords.verifyElementHasAttribute(WebUiBuiltInKeywords.groovy:3166)&#xD;
	at com.kms.katalon.core.webui.keyword.WebUiBuiltInKeywords$verifyElementHasAttribute$11.call(Unknown Source)&#xD;
	at pageObjects.PartyOnboarding.inputDataForPartyContacts(PartyOnboarding.groovy:721)&#xD;
	at PartyOnboardingPersonal.run(PartyOnboardingPersonal:77)&#xD;
	at com.kms.katalon.core.main.ScriptEngine.run(ScriptEngine.java:194)&#xD;
	at com.kms.katalon.core.main.ScriptEngine.runScriptAsRawText(ScriptEngine.java:119)&#xD;
	at com.kms.katalon.core.main.TestCaseExecutor.runScript(TestCaseExecutor.java:337)&#xD;
	at com.kms.katalon.core.main.TestCaseExecutor.doExecute(TestCaseExecutor.java:328)&#xD;
	at com.kms.katalon.core.main.TestCaseExecutor.processExecutionPhase(TestCaseExecutor.java:307)&#xD;
	at com.kms.katalon.core.main.TestCaseExecutor.accessMainPhase(TestCaseExecutor.java:299)&#xD;
	at com.kms.katalon.core.main.TestCaseExecutor.execute(TestCaseExecutor.java:233)&#xD;
	at com.kms.katalon.core.main.TestSuiteExecutor.accessTestCaseMainPhase(TestSuiteExecutor.java:133)&#xD;
	at com.kms.katalon.core.main.TestSuiteExecutor.accessTestSuiteMainPhase(TestSuiteExecutor.java:116)&#xD;
	at com.kms.katalon.core.main.TestSuiteExecutor.execute(TestSuiteExecutor.java:83)&#xD;
	at com.kms.katalon.core.main.TestCaseMain.startTestSuite(TestCaseMain.java:157)&#xD;
	at com.kms.katalon.core.main.TestCaseMain$startTestSuite$0.call(Unknown Source)&#xD;
	at TempTestSuite1566391613482.run(TempTestSuite1566391613482.groovy:35)&#xD;
)&#xD;
[[ATTACHMENT|C:\\ML\\JITS\\AYA\\Automation\\FBE\\FBE\\Reports\\DataPreparation\\PartyOnboardingPersonal\\20190821_191653\\1566391859949.png]]&#xD;
&#xD;
2019-08-21 19:21:00 - [MESSAGE][PASSED] - Object 'Object Repository/PartyOnboarding/Personal/PartyContacts/Contact Number_03_Code' is visible&#xD;
&#xD;
2019-08-21 19:21:00 - [MESSAGE][PASSED] - Object 'Object Repository/PartyOnboarding/Personal/PartyContacts/Contact Number_03_Code' has attribute 'readonly'&#xD;
&#xD;
2019-08-21 19:21:00 - [MESSAGE][PASSED] - Object 'Object Repository/PartyOnboarding/Personal/PartyContacts/Contact Email' is visible&#xD;
&#xD;
2019-08-21 19:21:01 - [MESSAGE][PASSED] - Keys 'nguyenthimyle@gmail.com' sent to object: 'Object Repository/PartyOnboarding/Personal/PartyContacts/Contact Email'&#xD;
&#xD;
2019-08-21 19:21:01 - [MESSAGE][PASSED] - Object 'Object Repository/PartyOnboarding/Personal/PartyContacts/Confirm Email' is visible&#xD;
&#xD;
2019-08-21 19:21:01 - [MESSAGE][PASSED] - Keys 'nguyenthimyle@gmail.com' sent to object: 'Object Repository/PartyOnboarding/Personal/PartyContacts/Confirm Email'&#xD;
&#xD;
2019-08-21 19:21:01 - [MESSAGE][PASSED] - Object 'Object Repository/PartyOnboarding/Personal/PartyContacts/Valid From' is visible&#xD;
&#xD;
2019-08-21 19:21:01 - [MESSAGE][PASSED] - Text of object 'Object Repository/PartyOnboarding/Personal/PartyContacts/Valid From' is cleared&#xD;
&#xD;
2019-08-21 19:21:01 - [MESSAGE][PASSED] - Object 'Object Repository/PartyOnboarding/Personal/PartyContacts/Valid From' is visible&#xD;
&#xD;
2019-08-21 19:21:02 - [MESSAGE][PASSED] - Keys '2018-01-25' sent to object: 'Object Repository/PartyOnboarding/Personal/PartyContacts/Valid From'&#xD;
&#xD;
2019-08-21 19:21:02 - [MESSAGE][PASSED] - Object 'Object Repository/PartyOnboarding/Personal/PartyContacts/Save Row' is visible&#xD;
&#xD;
2019-08-21 19:21:02 - [MESSAGE][PASSED] - Execute JavaScript 'arguments[0].click();' successfully&#xD;
&#xD;
2019-08-21 19:21:02 - [TEST_STEP][PASSED] - log.logInfo("--- Input data for Party Contacts - click Next ---"): --- Input data for Party Contacts - click Next ---&#xD;
&#xD;
2019-08-21 19:21:02 - [MESSAGE][INFO] - --- Input data for Party Contacts - click Next ---&#xD;
&#xD;
2019-08-21 19:21:02 - [TEST_STEP][PASSED] - partyOnboardingPersonal.clickNextbutton(): Object: 'Object Repository/PartyOnboarding/btn_Next' is clicked on&#xD;
&#xD;
2019-08-21 19:21:02 - [MESSAGE][PASSED] - Object 'Object Repository/PartyOnboarding/btn_Next' is visible&#xD;
&#xD;
2019-08-21 19:21:02 - [MESSAGE][PASSED] - Object: 'Object Repository/PartyOnboarding/btn_Next' is clicked on&#xD;
&#xD;
2019-08-21 19:21:02 - [TEST_STEP][PASSED] - log.logInfo("--- Input Party Required Documents - Input information for document---"): --- Input Party Required Documents - Input information for document---&#xD;
&#xD;
2019-08-21 19:21:02 - [MESSAGE][INFO] - --- Input Party Required Documents - Input information for document---&#xD;
&#xD;
2019-08-21 19:21:02 - [TEST_STEP][PASSED] - partyOnboardingPersonal.inputDataForPartyRequiredDocuments(s12_documentCategory, s12_kycExpired, s12_documentType, s12_validFrom, s12_validTo, s12_referenceNumber, s12_issuingAuthority, s12_issuingCountry, s12_documentVerified, s12_image, s12_documentCollectionStatus): Keys 'Documents collected and validated centrally' sent to object: 'Object Repository/PartyOnboarding/Personal/PartyRequiredDocument/ddl_DocumentsCollectionStatus'&#xD;
&#xD;
2019-08-21 19:21:03 - [MESSAGE][PASSED] - Delayed 1 second(s)&#xD;
&#xD;
2019-08-21 19:21:03 - [MESSAGE][PASSED] - Object 'Object Repository/PartyOnboarding/Personal/PartyRequiredDocument/New Row' is visible&#xD;
&#xD;
2019-08-21 19:21:03 - [MESSAGE][PASSED] - Execute JavaScript 'arguments[0].click();' successfully&#xD;
&#xD;
2019-08-21 19:21:03 - [MESSAGE][PASSED] - Object 'Object Repository/PartyOnboarding/Personal/PartyRequiredDocument/DocumentCategory' is visible&#xD;
&#xD;
2019-08-21 19:21:04 - [MESSAGE][PASSED] - Keys 'TAB + PT-NRC' sent to object: 'Object Repository/PartyOnboarding/Personal/PartyRequiredDocument/DocumentCategory'&#xD;
&#xD;
2019-08-21 19:21:05 - [MESSAGE][PASSED] - Delayed 1 second(s)&#xD;
&#xD;
2019-08-21 19:21:05 - [MESSAGE][PASSED] - Object 'Object Repository/PartyOnboarding/Personal/PartyRequiredDocument/Document Type' is visible&#xD;
&#xD;
2019-08-21 19:21:05 - [MESSAGE][PASSED] - Keys 'TAB + NRC' sent to object: 'Object Repository/PartyOnboarding/Personal/PartyRequiredDocument/Document Type'&#xD;
&#xD;
2019-08-21 19:21:06 - [MESSAGE][PASSED] - Delayed 1 second(s)&#xD;
&#xD;
2019-08-21 19:21:06 - [MESSAGE][PASSED] - Object 'Object Repository/PartyOnboarding/Personal/PartyRequiredDocument/Issuing Country' is visible&#xD;
&#xD;
2019-08-21 19:21:06 - [MESSAGE][PASSED] - Keys 'Bahrain' sent to object: 'Object Repository/PartyOnboarding/Personal/PartyRequiredDocument/Issuing Country'&#xD;
&#xD;
2019-08-21 19:21:07 - [MESSAGE][PASSED] - Delayed 1 second(s)&#xD;
&#xD;
2019-08-21 19:21:07 - [MESSAGE][PASSED] - Object 'Object Repository/PartyOnboarding/Personal/PartyRequiredDocument/Document Verified' is visible&#xD;
&#xD;
2019-08-21 19:21:08 - [MESSAGE][PASSED] - Keys 'TAB + TRUE' sent to object: 'Object Repository/PartyOnboarding/Personal/PartyRequiredDocument/Document Verified'&#xD;
&#xD;
2019-08-21 19:21:08 - [MESSAGE][PASSED] - Object 'Object Repository/PartyOnboarding/Personal/PartyRequiredDocument/Save Row' is visible&#xD;
&#xD;
2019-08-21 19:21:08 - [MESSAGE][PASSED] - Execute JavaScript 'arguments[0].click();' successfully&#xD;
&#xD;
2019-08-21 19:21:08 - [MESSAGE][PASSED] - Object 'Object Repository/PartyOnboarding/Personal/PartyRequiredDocument/ddl_DocumentsCollectionStatus' is visible&#xD;
&#xD;
2019-08-21 19:21:10 - [MESSAGE][PASSED] - Keys 'Documents collected and validated centrally' sent to object: 'Object Repository/PartyOnboarding/Personal/PartyRequiredDocument/ddl_DocumentsCollectionStatus'&#xD;
&#xD;
2019-08-21 19:21:10 - [TEST_STEP][PASSED] - log.logInfo("--- Input Party Required Documents - Click Next button---"): --- Input Party Required Documents - Click Next button---&#xD;
&#xD;
2019-08-21 19:21:10 - [MESSAGE][INFO] - --- Input Party Required Documents - Click Next button---&#xD;
&#xD;
2019-08-21 19:21:10 - [TEST_STEP][PASSED] - partyOnboardingPersonal.clickNextbutton(): Object: 'Object Repository/PartyOnboarding/btn_Next' is clicked on&#xD;
&#xD;
2019-08-21 19:21:10 - [MESSAGE][PASSED] - Object 'Object Repository/PartyOnboarding/btn_Next' is visible&#xD;
&#xD;
2019-08-21 19:21:10 - [MESSAGE][PASSED] - Object: 'Object Repository/PartyOnboarding/btn_Next' is clicked on&#xD;
&#xD;
2019-08-21 19:21:10 - [TEST_STEP][PASSED] - log.logInfo("--- Input Party Required Documents - Record PartyID ---"): --- Input Party Required Documents - Record PartyID ---&#xD;
&#xD;
2019-08-21 19:21:10 - [MESSAGE][INFO] - --- Input Party Required Documents - Record PartyID ---&#xD;
&#xD;
2019-08-21 19:21:10 - [TEST_STEP][PASSED] - partyOnboardingPersonal.recordPartyId(): Attribute 'value' of object 'Object Repository/PartyOnboarding/Confirmation/PartyID' is: 'CTL0D9MJ'&#xD;
&#xD;
2019-08-21 19:21:11 - [MESSAGE][PASSED] - Attribute 'value' of object 'Object Repository/PartyOnboarding/Confirmation/PartyID' is: 'CTL0D9MJ'&#xD;
&#xD;
2019-08-21 19:21:11 - [TEST_STEP][PASSED] - log.logInfo("--- Ask For Approve - Click Next button ---"): --- Ask For Approve - Click Next button ---&#xD;
&#xD;
2019-08-21 19:21:11 - [MESSAGE][INFO] - --- Ask For Approve - Click Next button ---&#xD;
&#xD;
2019-08-21 19:21:11 - [TEST_STEP][PASSED] - partyOnboardingPersonal.clickNextbutton(): Object: 'Object Repository/PartyOnboarding/btn_Next' is clicked on&#xD;
&#xD;
2019-08-21 19:21:11 - [MESSAGE][PASSED] - Object 'Object Repository/PartyOnboarding/btn_Next' is visible&#xD;
&#xD;
2019-08-21 19:21:11 - [MESSAGE][PASSED] - Object: 'Object Repository/PartyOnboarding/btn_Next' is clicked on&#xD;
&#xD;
2019-08-21 19:21:11 - [TEST_STEP][PASSED] - log.logInfo("--- Ask For Approve - Click Ask For Approval button ---"): --- Ask For Approve - Click Ask For Approval button ---&#xD;
&#xD;
2019-08-21 19:21:11 - [MESSAGE][INFO] - --- Ask For Approve - Click Ask For Approval button ---&#xD;
&#xD;
2019-08-21 19:21:11 - [TEST_STEP][PASSED] - partyOnboardingPersonal.clickAskForApprovalbutton(): Object: 'Object Repository/PartyOnboarding/RequestToApproval/AskForApproval_btn' is clicked on&#xD;
&#xD;
2019-08-21 19:21:12 - [MESSAGE][PASSED] - Object 'Object Repository/PartyOnboarding/RequestToApproval/AskForApproval_btn' is visible&#xD;
&#xD;
2019-08-21 19:21:12 - [MESSAGE][PASSED] - Object: 'Object Repository/PartyOnboarding/RequestToApproval/AskForApproval_btn' is clicked on</system-out>
            <system-err></system-err>
        </testcase>
        <testcase name="Test Cases/DataPreparation/PartyOnboardingPersonal" classname="Test Cases/DataPreparation/PartyOnboardingPersonal" status="PASSED">
            <system-out>2019-08-21 19:21:12 - [TEST_CASE][PASSED] - Test Cases/DataPreparation/PartyOnboardingPersonal: Test Cases/DataPreparation/PartyOnboardingPersonal&#xD;
&#xD;
2019-08-21 19:21:12 - [TEST_STEP][PASSED] - Start listener action : sampleBeforeTestCase: null&#xD;
&#xD;
2019-08-21 19:21:12 - [TEST_STEP][PASSED] - testCaseID = testCaseContext.getTestCaseId(): null&#xD;
&#xD;
2019-08-21 19:21:12 - [TEST_STEP][PASSED] - partyOnboardingPersonal = new pageObjects.PartyOnboarding(): null&#xD;
&#xD;
2019-08-21 19:21:12 - [TEST_STEP][PASSED] - abtractTest = new commons.AbtractTest(): null&#xD;
&#xD;
2019-08-21 19:21:12 - [TEST_STEP][PASSED] - excelFiles = new report.ExcelFiles(): null&#xD;
&#xD;
2019-08-21 19:21:12 - [TEST_STEP][PASSED] - log = new com.kms.katalon.core.util.KeywordUtil(): null&#xD;
&#xD;
2019-08-21 19:21:12 - [TEST_STEP][PASSED] - results = "": null&#xD;
&#xD;
2019-08-21 19:21:12 - [TEST_STEP][PASSED] - delay(3): Delayed 3 second(s)&#xD;
&#xD;
2019-08-21 19:21:15 - [MESSAGE][PASSED] - Delayed 3 second(s)&#xD;
&#xD;
2019-08-21 19:21:15 - [TEST_STEP][PASSED] - log.logInfo("--- Open Party Onboarding in Menu Search ---"): --- Open Party Onboarding in Menu Search ---&#xD;
&#xD;
2019-08-21 19:21:15 - [MESSAGE][INFO] - --- Open Party Onboarding in Menu Search ---&#xD;
&#xD;
2019-08-21 19:21:15 - [TEST_STEP][PASSED] - partyOnboardingPersonal.inputPartyOnboardingMenuSearch(): Object 'menuSearch_txt' is present&#xD;
&#xD;
2019-08-21 19:21:15 - [MESSAGE][PASSED] - Object 'Object Repository/Menu_Search' is visible&#xD;
&#xD;
2019-08-21 19:21:15 - [MESSAGE][PASSED] - Keys 'ENTER + Party Onboarding' sent to object: 'Object Repository/Menu_Search'&#xD;
&#xD;
2019-08-21 19:21:15 - [MESSAGE][PASSED] - Object 'menuSearch_txt' is present&#xD;
&#xD;
2019-08-21 19:21:15 - [TEST_STEP][PASSED] - log.logInfo("--- Input Local Global ---"): --- Input Local Global ---&#xD;
&#xD;
2019-08-21 19:21:15 - [MESSAGE][INFO] - --- Input Local Global ---&#xD;
&#xD;
2019-08-21 19:21:15 - [TEST_STEP][PASSED] - partyOnboardingPersonal.inputLocalGlobal(s05_localglobal): Keys 'Local Private' sent to object: 'Object Repository/PartyOnboarding/PartyOnboarding/Local Global'&#xD;
&#xD;
2019-08-21 19:21:17 - [MESSAGE][PASSED] - Text of object 'Object Repository/PartyOnboarding/PartyOnboarding/Local Global' is cleared&#xD;
&#xD;
2019-08-21 19:21:17 - [MESSAGE][PASSED] - Object 'Object Repository/PartyOnboarding/PartyOnboarding/Local Global' is visible&#xD;
&#xD;
2019-08-21 19:21:17 - [MESSAGE][PASSED] - Object 'Object Repository/PartyOnboarding/PartyOnboarding/Local Global' is visible&#xD;
&#xD;
2019-08-21 19:21:17 - [MESSAGE][PASSED] - Keys 'Local Private' sent to object: 'Object Repository/PartyOnboarding/PartyOnboarding/Local Global'&#xD;
&#xD;
2019-08-21 19:21:17 - [TEST_STEP][PASSED] - log.logInfo("--- Input Party Type ---"): --- Input Party Type ---&#xD;
&#xD;
2019-08-21 19:21:17 - [MESSAGE][INFO] - --- Input Party Type ---&#xD;
&#xD;
2019-08-21 19:21:17 - [TEST_STEP][PASSED] - partyOnboardingPersonal.inputPartyType(s05_partytype): Keys 'TAB + Personal' sent to object: 'Object Repository/PartyOnboarding/PartyOnboarding/Party Type'&#xD;
&#xD;
2019-08-21 19:21:17 - [MESSAGE][PASSED] - Object 'Object Repository/PartyOnboarding/PartyOnboarding/Party Type' is visible&#xD;
&#xD;
2019-08-21 19:21:17 - [MESSAGE][PASSED] - Keys 'TAB + Personal' sent to object: 'Object Repository/PartyOnboarding/PartyOnboarding/Party Type'&#xD;
&#xD;
2019-08-21 19:21:17 - [TEST_STEP][PASSED] - log.logInfo("--- Input Party Sub Type ---"): --- Input Party Sub Type ---&#xD;
&#xD;
2019-08-21 19:21:17 - [MESSAGE][INFO] - --- Input Party Sub Type ---&#xD;
&#xD;
2019-08-21 19:21:17 - [TEST_STEP][PASSED] - partyOnboardingPersonal.inputPartySubType(s05_partysubtype): Keys 'Individual' sent to object: 'Object Repository/PartyOnboarding/PartyOnboarding/Party Sub-Type'&#xD;
&#xD;
2019-08-21 19:21:19 - [MESSAGE][PASSED] - Delayed 1 second(s)&#xD;
&#xD;
2019-08-21 19:21:19 - [MESSAGE][PASSED] - Object 'Object Repository/PartyOnboarding/PartyOnboarding/Party Type' is visible&#xD;
&#xD;
2019-08-21 19:21:19 - [MESSAGE][PASSED] - Keys 'Individual' sent to object: 'Object Repository/PartyOnboarding/PartyOnboarding/Party Sub-Type'&#xD;
&#xD;
2019-08-21 19:21:19 - [TEST_STEP][PASSED] - log.logInfo("--- Input Party Category ---"): --- Input Party Category ---&#xD;
&#xD;
2019-08-21 19:21:19 - [MESSAGE][INFO] - --- Input Party Category ---&#xD;
&#xD;
2019-08-21 19:21:19 - [TEST_STEP][PASSED] - partyOnboardingPersonal.inputPartyCategory(s05_partycategory): Keys 'Full' sent to object: 'Object Repository/PartyOnboarding/PartyOnboarding/Party Category'&#xD;
&#xD;
2019-08-21 19:21:19 - [MESSAGE][PASSED] - Object 'Object Repository/PartyOnboarding/PartyOnboarding/Party Category' is visible&#xD;
&#xD;
2019-08-21 19:21:19 - [MESSAGE][PASSED] - Keys 'Full' sent to object: 'Object Repository/PartyOnboarding/PartyOnboarding/Party Category'&#xD;
&#xD;
2019-08-21 19:21:19 - [TEST_STEP][PASSED] - log.logInfo("--- Check Line of Business ---"): --- Check Line of Business ---&#xD;
&#xD;
2019-08-21 19:21:19 - [MESSAGE][INFO] - --- Check Line of Business ---&#xD;
&#xD;
2019-08-21 19:21:19 - [TEST_STEP][PASSED] - log.logInfo("--- Click Next to Party Check List  ---"): --- Click Next to Party Check List  ---&#xD;
&#xD;
2019-08-21 19:21:19 - [MESSAGE][INFO] - --- Click Next to Party Check List  ---&#xD;
&#xD;
2019-08-21 19:21:19 - [TEST_STEP][PASSED] - partyOnboardingPersonal.clickNextbutton(): Object: 'Object Repository/PartyOnboarding/btn_Next' is clicked on&#xD;
&#xD;
2019-08-21 19:21:19 - [MESSAGE][PASSED] - Object 'Object Repository/PartyOnboarding/btn_Next' is visible&#xD;
&#xD;
2019-08-21 19:21:19 - [MESSAGE][PASSED] - Object: 'Object Repository/PartyOnboarding/btn_Next' is clicked on&#xD;
&#xD;
2019-08-21 19:21:19 - [TEST_STEP][PASSED] - delay(1): Delayed 1 second(s)&#xD;
&#xD;
2019-08-21 19:21:20 - [MESSAGE][PASSED] - Delayed 1 second(s)&#xD;
&#xD;
2019-08-21 19:21:20 - [TEST_STEP][PASSED] - log.logInfo("--- Click Next to Party Pre-Existence Check  ---"): --- Click Next to Party Pre-Existence Check  ---&#xD;
&#xD;
2019-08-21 19:21:20 - [MESSAGE][INFO] - --- Click Next to Party Pre-Existence Check  ---&#xD;
&#xD;
2019-08-21 19:21:20 - [TEST_STEP][PASSED] - partyOnboardingPersonal.clickNextbutton(): Object: 'Object Repository/PartyOnboarding/btn_Next' is clicked on&#xD;
&#xD;
2019-08-21 19:21:20 - [MESSAGE][PASSED] - Object 'Object Repository/PartyOnboarding/btn_Next' is visible&#xD;
&#xD;
2019-08-21 19:21:20 - [MESSAGE][PASSED] - Object: 'Object Repository/PartyOnboarding/btn_Next' is clicked on&#xD;
&#xD;
2019-08-21 19:21:20 - [TEST_STEP][PASSED] - delay(1): Delayed 1 second(s)&#xD;
&#xD;
2019-08-21 19:21:21 - [MESSAGE][PASSED] - Delayed 1 second(s)&#xD;
&#xD;
2019-08-21 19:21:21 - [TEST_STEP][PASSED] - log.logInfo("--- Input data on Party Pre-Existence Check  ---"): --- Input data on Party Pre-Existence Check  ---&#xD;
&#xD;
2019-08-21 19:21:21 - [MESSAGE][INFO] - --- Input data on Party Pre-Existence Check  ---&#xD;
&#xD;
2019-08-21 19:21:21 - [TEST_STEP][PASSED] - partyOnboardingPersonal.inputPreExistenceCheck(s08_firstname, s08_dateofbirth, s08_nationalldType, s08_nationalldNo, s08_lastname, s08_strState, s08_district01, s08_district02, s08_district03, s08_strType, s08_strregstrationNo): Keys '893064' sent to object: 'Object Repository/PartyOnboarding/Personal/Pre-Existence Check/NRC_fields/txt_RegstrationNo'&#xD;
&#xD;
2019-08-21 19:21:21 - [MESSAGE][PASSED] - Object 'Object Repository/PartyOnboarding/Personal/Pre-Existence Check/txt_FirstName' is visible&#xD;
&#xD;
2019-08-21 19:21:22 - [MESSAGE][PASSED] - Keys 'ATO 0000002' sent to object: 'Object Repository/PartyOnboarding/Personal/Pre-Existence Check/txt_FirstName'&#xD;
&#xD;
2019-08-21 19:21:22 - [MESSAGE][PASSED] - Object 'Object Repository/PartyOnboarding/Personal/Pre-Existence Check/txt_LastName' is visible&#xD;
&#xD;
2019-08-21 19:21:22 - [MESSAGE][PASSED] - Keys 'Nguyen' sent to object: 'Object Repository/PartyOnboarding/Personal/Pre-Existence Check/txt_LastName'&#xD;
&#xD;
2019-08-21 19:21:22 - [MESSAGE][PASSED] - Object 'Object Repository/PartyOnboarding/Personal/Pre-Existence Check/txt_DateOfBirth' is visible&#xD;
&#xD;
2019-08-21 19:21:22 - [MESSAGE][PASSED] - Keys '12-17-1990' sent to object: 'Object Repository/PartyOnboarding/Personal/Pre-Existence Check/txt_DateOfBirth'&#xD;
&#xD;
2019-08-21 19:21:22 - [MESSAGE][PASSED] - Object 'Object Repository/PartyOnboarding/Personal/Pre-Existence Check/ddl_NationlldType' is visible&#xD;
&#xD;
2019-08-21 19:21:22 - [MESSAGE][PASSED] - Keys 'TAB + NRC' sent to object: 'Object Repository/PartyOnboarding/Personal/Pre-Existence Check/ddl_NationlldType'&#xD;
&#xD;
2019-08-21 19:21:22 - [MESSAGE][PASSED] - Object 'Object Repository/PartyOnboarding/Personal/Pre-Existence Check/txt_NationalldNo' is visible&#xD;
&#xD;
2019-08-21 19:21:22 - [MESSAGE][PASSED] - Object 'Object Repository/PartyOnboarding/Personal/Pre-Existence Check/NRC_fields/ddl_State' is visible&#xD;
&#xD;
2019-08-21 19:21:22 - [MESSAGE][PASSED] - Keys '10' sent to object: 'Object Repository/PartyOnboarding/Personal/Pre-Existence Check/NRC_fields/ddl_State'&#xD;
&#xD;
2019-08-21 19:21:22 - [MESSAGE][PASSED] - Object 'Object Repository/PartyOnboarding/Personal/Pre-Existence Check/NRC_fields/ddl_District01' is visible&#xD;
&#xD;
2019-08-21 19:21:22 - [MESSAGE][PASSED] - Keys 'AH' sent to object: 'Object Repository/PartyOnboarding/Personal/Pre-Existence Check/NRC_fields/ddl_District01'&#xD;
&#xD;
2019-08-21 19:21:22 - [MESSAGE][PASSED] - Object 'Object Repository/PartyOnboarding/Personal/Pre-Existence Check/NRC_fields/ddl_District02' is visible&#xD;
&#xD;
2019-08-21 19:21:23 - [MESSAGE][PASSED] - Keys 'AH' sent to object: 'Object Repository/PartyOnboarding/Personal/Pre-Existence Check/NRC_fields/ddl_District02'&#xD;
&#xD;
2019-08-21 19:21:23 - [MESSAGE][PASSED] - Object 'Object Repository/PartyOnboarding/Personal/Pre-Existence Check/NRC_fields/ddl_District03' is visible&#xD;
&#xD;
2019-08-21 19:21:23 - [MESSAGE][PASSED] - Keys 'AH' sent to object: 'Object Repository/PartyOnboarding/Personal/Pre-Existence Check/NRC_fields/ddl_District03'&#xD;
&#xD;
2019-08-21 19:21:23 - [MESSAGE][PASSED] - Object 'Object Repository/PartyOnboarding/Personal/Pre-Existence Check/NRC_fields/ddl_Type' is visible&#xD;
&#xD;
2019-08-21 19:21:23 - [MESSAGE][PASSED] - Keys '(HTAYA)' sent to object: 'Object Repository/PartyOnboarding/Personal/Pre-Existence Check/NRC_fields/ddl_Type'&#xD;
&#xD;
2019-08-21 19:21:23 - [MESSAGE][PASSED] - Object 'Object Repository/PartyOnboarding/Personal/Pre-Existence Check/NRC_fields/txt_RegstrationNo' is visible&#xD;
&#xD;
2019-08-21 19:21:23 - [MESSAGE][PASSED] - Keys '893064' sent to object: 'Object Repository/PartyOnboarding/Personal/Pre-Existence Check/NRC_fields/txt_RegstrationNo'&#xD;
&#xD;
2019-08-21 19:21:23 - [TEST_STEP][PASSED] - log.logInfo("--- Click Next button ---"): --- Click Next button ---&#xD;
&#xD;
2019-08-21 19:21:23 - [MESSAGE][INFO] - --- Click Next button ---&#xD;
&#xD;
2019-08-21 19:21:23 - [TEST_STEP][PASSED] - partyOnboardingPersonal.clickNextbutton(): Object: 'Object Repository/PartyOnboarding/btn_Next' is clicked on&#xD;
&#xD;
2019-08-21 19:21:23 - [MESSAGE][PASSED] - Object 'Object Repository/PartyOnboarding/btn_Next' is visible&#xD;
&#xD;
2019-08-21 19:21:23 - [MESSAGE][PASSED] - Object: 'Object Repository/PartyOnboarding/btn_Next' is clicked on&#xD;
&#xD;
2019-08-21 19:21:23 - [TEST_STEP][PASSED] - log.logInfo("--- Key in data all required fields on Personal Party - PartyId ---"): --- Key in data all required fields on Personal Party - PartyId ---&#xD;
&#xD;
2019-08-21 19:21:23 - [MESSAGE][INFO] - --- Key in data all required fields on Personal Party - PartyId ---&#xD;
&#xD;
2019-08-21 19:21:23 - [TEST_STEP][PASSED] - partyOnboardingPersonal.inputPartyId(): Web element with id: 'Object Repository/PartyOnboarding/Personal/PersonalParty/Message/pop_ErrorDuplicatePartyID' located by 'By.xpath: //textarea[@name='03messages']' not found&#xD;
&#xD;
2019-08-21 19:21:24 - [MESSAGE][PASSED] - Object 'Object Repository/PartyOnboarding/Personal/PersonalParty/txt_PartyID' is visible&#xD;
&#xD;
2019-08-21 19:21:24 - [MESSAGE][PASSED] - Object 'Object Repository/PartyOnboarding/Personal/PersonalParty/txt_PartyID' is visible&#xD;
&#xD;
2019-08-21 19:21:24 - [MESSAGE][PASSED] - Keys 'TAB + MX3X7oxz' sent to object: 'Object Repository/PartyOnboarding/Personal/PersonalParty/txt_PartyID'&#xD;
&#xD;
2019-08-21 19:21:56 - [MESSAGE][INFO] - Unable to find the element located by 'By.xpath: //textarea[@name='03messages']'. Please recheck the objects properties to make sure the desired element is located. &#xD;
&#xD;
2019-08-21 19:21:56 - [MESSAGE][WARNING] - Web element with id: 'Object Repository/PartyOnboarding/Personal/PersonalParty/Message/pop_ErrorDuplicatePartyID' located by 'By.xpath: //textarea[@name='03messages']' not found&#xD;
&#xD;
2019-08-21 19:21:56 - [TEST_STEP][PASSED] - log.logInfo("--- Key in data all required fields on Personal Party - Input Nation Identifer Type ---"): --- Key in data all required fields on Personal Party - Input Nation Identifer Type ---&#xD;
&#xD;
2019-08-21 19:21:56 - [MESSAGE][INFO] - --- Key in data all required fields on Personal Party - Input Nation Identifer Type ---&#xD;
&#xD;
2019-08-21 19:21:56 - [TEST_STEP][PASSED] - partyOnboardingPersonal.inputNationalIdentifierType(s09_nationIdentifierType): Keys 'TAB + Passport' sent to object: 'Object Repository/PartyOnboarding/Personal/PersonalParty/ddl_NationalIdentifierType'&#xD;
&#xD;
2019-08-21 19:21:56 - [MESSAGE][PASSED] - Object 'Object Repository/PartyOnboarding/Personal/PersonalParty/ddl_NationalIdentifierType' is visible&#xD;
&#xD;
2019-08-21 19:21:56 - [MESSAGE][PASSED] - Keys 'TAB + Passport' sent to object: 'Object Repository/PartyOnboarding/Personal/PersonalParty/ddl_NationalIdentifierType'&#xD;
&#xD;
2019-08-21 19:21:56 - [TEST_STEP][PASSED] - log.logInfo("--- Key in data all required fields on Personal Party - Input Nation Identifer ---"): --- Key in data all required fields on Personal Party - Input Nation Identifer ---&#xD;
&#xD;
2019-08-21 19:21:56 - [MESSAGE][INFO] - --- Key in data all required fields on Personal Party - Input Nation Identifer ---&#xD;
&#xD;
2019-08-21 19:21:56 - [TEST_STEP][PASSED] - partyOnboardingPersonal.inputNationalIdentifier(s09_nationIdentifier): Keys 'TAB + 12345602' sent to object: 'Object Repository/PartyOnboarding/Personal/PersonalParty/txt_NationalIdentifier'&#xD;
&#xD;
2019-08-21 19:21:56 - [MESSAGE][PASSED] - Object 'Object Repository/PartyOnboarding/Personal/PersonalParty/txt_NationalIdentifier' is visible&#xD;
&#xD;
2019-08-21 19:21:56 - [MESSAGE][PASSED] - Keys 'TAB + 12345602' sent to object: 'Object Repository/PartyOnboarding/Personal/PersonalParty/txt_NationalIdentifier'&#xD;
&#xD;
2019-08-21 19:21:56 - [TEST_STEP][PASSED] - log.logInfo("--- Key in data all required fields on Personal Party - Input Title ---"): --- Key in data all required fields on Personal Party - Input Title ---&#xD;
&#xD;
2019-08-21 19:21:56 - [MESSAGE][INFO] - --- Key in data all required fields on Personal Party - Input Title ---&#xD;
&#xD;
2019-08-21 19:21:56 - [TEST_STEP][PASSED] - partyOnboardingPersonal.inputTitle(s09_title): Keys 'TAB + Ms' sent to object: 'Object Repository/PartyOnboarding/Personal/PersonalParty/ddl_Title'&#xD;
&#xD;
2019-08-21 19:21:56 - [MESSAGE][PASSED] - Object 'Object Repository/PartyOnboarding/Personal/PersonalParty/ddl_Title' is visible&#xD;
&#xD;
2019-08-21 19:21:56 - [MESSAGE][PASSED] - Keys 'TAB + Ms' sent to object: 'Object Repository/PartyOnboarding/Personal/PersonalParty/ddl_Title'&#xD;
&#xD;
2019-08-21 19:21:56 - [TEST_STEP][PASSED] - log.logInfo("--- Key in data all required fields on Personal Party - Input Employment Status ---"): --- Key in data all required fields on Personal Party - Input Employment Status ---&#xD;
&#xD;
2019-08-21 19:21:56 - [MESSAGE][INFO] - --- Key in data all required fields on Personal Party - Input Employment Status ---&#xD;
&#xD;
2019-08-21 19:21:56 - [TEST_STEP][PASSED] - partyOnboardingPersonal.inputEmploymentStatus(s09_employmentStatus): Keys 'TAB + Student' sent to object: 'Object Repository/PartyOnboarding/Personal/PersonalParty/ddl_EmploymentStatus'&#xD;
&#xD;
2019-08-21 19:21:56 - [MESSAGE][PASSED] - Object 'Object Repository/PartyOnboarding/Personal/PersonalParty/ddl_EmploymentStatus' is visible&#xD;
&#xD;
2019-08-21 19:21:57 - [MESSAGE][PASSED] - Keys 'TAB + Student' sent to object: 'Object Repository/PartyOnboarding/Personal/PersonalParty/ddl_EmploymentStatus'&#xD;
&#xD;
2019-08-21 19:21:57 - [TEST_STEP][PASSED] - log.logInfo("--- Key in data all required fields on Personal Party - Input Gender ---"): --- Key in data all required fields on Personal Party - Input Gender ---&#xD;
&#xD;
2019-08-21 19:21:57 - [MESSAGE][INFO] - --- Key in data all required fields on Personal Party - Input Gender ---&#xD;
&#xD;
2019-08-21 19:21:57 - [TEST_STEP][PASSED] - partyOnboardingPersonal.inputGender(s09_gender): Keys 'TAB + Female' sent to object: 'Object Repository/PartyOnboarding/Personal/PersonalParty/ddl_Gender'&#xD;
&#xD;
2019-08-21 19:21:57 - [MESSAGE][PASSED] - Object 'Object Repository/PartyOnboarding/Personal/PersonalParty/ddl_Gender' is visible&#xD;
&#xD;
2019-08-21 19:21:57 - [MESSAGE][PASSED] - Keys 'TAB + Female' sent to object: 'Object Repository/PartyOnboarding/Personal/PersonalParty/ddl_Gender'&#xD;
&#xD;
2019-08-21 19:21:57 - [TEST_STEP][PASSED] - log.logInfo("--- Key in data all required fields on Personal Party - Input Civil Status ---"): --- Key in data all required fields on Personal Party - Input Civil Status ---&#xD;
&#xD;
2019-08-21 19:21:57 - [MESSAGE][INFO] - --- Key in data all required fields on Personal Party - Input Civil Status ---&#xD;
&#xD;
2019-08-21 19:21:57 - [TEST_STEP][PASSED] - partyOnboardingPersonal.inputCivilStatus(s09_civilStatus): Keys 'TAB + Single' sent to object: 'Object Repository/PartyOnboarding/Personal/PersonalParty/txt_CivilStatus'&#xD;
&#xD;
2019-08-21 19:21:57 - [MESSAGE][PASSED] - Object 'Object Repository/PartyOnboarding/Personal/PersonalParty/txt_CivilStatus' is visible&#xD;
&#xD;
2019-08-21 19:21:57 - [MESSAGE][PASSED] - Keys 'TAB + Single' sent to object: 'Object Repository/PartyOnboarding/Personal/PersonalParty/txt_CivilStatus'&#xD;
&#xD;
2019-08-21 19:21:57 - [TEST_STEP][PASSED] - log.logInfo("--- Key in data all required fields on Personal Party - Input Mother's Maiden Name ---"): --- Key in data all required fields on Personal Party - Input Mother's Maiden Name ---&#xD;
&#xD;
2019-08-21 19:21:57 - [MESSAGE][INFO] - --- Key in data all required fields on Personal Party - Input Mother's Maiden Name ---&#xD;
&#xD;
2019-08-21 19:21:57 - [TEST_STEP][PASSED] - partyOnboardingPersonal.inputMotherMaidenName(s09_motherMaidenName): Keys 'TAB + Mother's Name' sent to object: 'Object Repository/PartyOnboarding/Personal/PersonalParty/txt_MothersMaidenName'&#xD;
&#xD;
2019-08-21 19:21:57 - [MESSAGE][PASSED] - Object 'Object Repository/PartyOnboarding/Personal/PersonalParty/txt_MothersMaidenName' is visible&#xD;
&#xD;
2019-08-21 19:21:57 - [MESSAGE][PASSED] - Keys 'TAB + Mother's Name' sent to object: 'Object Repository/PartyOnboarding/Personal/PersonalParty/txt_MothersMaidenName'&#xD;
&#xD;
2019-08-21 19:21:57 - [TEST_STEP][PASSED] - log.logInfo("--- Key in data all required fields on Personal Party - Input Short Name ---"): --- Key in data all required fields on Personal Party - Input Short Name ---&#xD;
&#xD;
2019-08-21 19:21:57 - [MESSAGE][INFO] - --- Key in data all required fields on Personal Party - Input Short Name ---&#xD;
&#xD;
2019-08-21 19:21:57 - [TEST_STEP][PASSED] - partyOnboardingPersonal.inputShortName(s09_shortName): Keys 'TAB + Le 12' sent to object: 'Object Repository/PartyOnboarding/Personal/PersonalParty/txt_ShortName'&#xD;
&#xD;
2019-08-21 19:21:57 - [MESSAGE][PASSED] - Object 'Object Repository/PartyOnboarding/Personal/PersonalParty/txt_ShortName' is visible&#xD;
&#xD;
2019-08-21 19:21:58 - [MESSAGE][PASSED] - Keys 'TAB + Le 12' sent to object: 'Object Repository/PartyOnboarding/Personal/PersonalParty/txt_ShortName'&#xD;
&#xD;
2019-08-21 19:21:58 - [TEST_STEP][PASSED] - log.logInfo("---Key in data all required fields on Personal Party - Input Grandfather's Name ---"): ---Key in data all required fields on Personal Party - Input Grandfather's Name ---&#xD;
&#xD;
2019-08-21 19:21:58 - [MESSAGE][INFO] - ---Key in data all required fields on Personal Party - Input Grandfather's Name ---&#xD;
&#xD;
2019-08-21 19:21:58 - [TEST_STEP][PASSED] - partyOnboardingPersonal.inputGrandfatherName(s09_grandfatherName): Keys 'TAB + Grandfatther' sent to object: 'Object Repository/PartyOnboarding/Personal/PersonalParty/txt_GrandfathersName'&#xD;
&#xD;
2019-08-21 19:21:58 - [MESSAGE][PASSED] - Object 'Object Repository/PartyOnboarding/Personal/PersonalParty/txt_GrandfathersName' is visible&#xD;
&#xD;
2019-08-21 19:21:58 - [MESSAGE][PASSED] - Keys 'TAB + Grandfatther' sent to object: 'Object Repository/PartyOnboarding/Personal/PersonalParty/txt_GrandfathersName'&#xD;
&#xD;
2019-08-21 19:21:58 - [TEST_STEP][PASSED] - log.logInfo("---Key in data all required fields on Personal Party - Input Nationality ---"): ---Key in data all required fields on Personal Party - Input Nationality ---&#xD;
&#xD;
2019-08-21 19:21:58 - [MESSAGE][INFO] - ---Key in data all required fields on Personal Party - Input Nationality ---&#xD;
&#xD;
2019-08-21 19:21:58 - [TEST_STEP][PASSED] - partyOnboardingPersonal.inputNationality(s09_nationality): Keys 'TAB + Myanmar' sent to object: 'Object Repository/PartyOnboarding/Personal/PersonalParty/ddl_Nationality'&#xD;
&#xD;
2019-08-21 19:21:58 - [MESSAGE][PASSED] - Object 'Object Repository/PartyOnboarding/Personal/PersonalParty/ddl_Nationality' is visible&#xD;
&#xD;
2019-08-21 19:21:58 - [MESSAGE][PASSED] - Keys 'TAB + Myanmar' sent to object: 'Object Repository/PartyOnboarding/Personal/PersonalParty/ddl_Nationality'&#xD;
&#xD;
2019-08-21 19:21:58 - [TEST_STEP][PASSED] - log.logInfo("--- Key in data all required fields on Personal Party - Input Resident Status ---"): --- Key in data all required fields on Personal Party - Input Resident Status ---&#xD;
&#xD;
2019-08-21 19:21:58 - [MESSAGE][INFO] - --- Key in data all required fields on Personal Party - Input Resident Status ---&#xD;
&#xD;
2019-08-21 19:21:58 - [TEST_STEP][PASSED] - partyOnboardingPersonal.inputResidentStatus(s09_residentStatus): Keys 'Diplomat' sent to object: 'Object Repository/PartyOnboarding/Personal/PersonalParty/ddl_ResidentStatus'&#xD;
&#xD;
2019-08-21 19:21:58 - [MESSAGE][PASSED] - Object 'Object Repository/PartyOnboarding/Personal/PersonalParty/ddl_ResidentStatus' is visible&#xD;
&#xD;
2019-08-21 19:21:58 - [MESSAGE][PASSED] - Keys 'Diplomat' sent to object: 'Object Repository/PartyOnboarding/Personal/PersonalParty/ddl_ResidentStatus'&#xD;
&#xD;
2019-08-21 19:21:58 - [TEST_STEP][PASSED] - log.logInfo("--- Key in data all required fields on Personal Party - Input Tax ID Number ---"): --- Key in data all required fields on Personal Party - Input Tax ID Number ---&#xD;
&#xD;
2019-08-21 19:21:58 - [MESSAGE][INFO] - --- Key in data all required fields on Personal Party - Input Tax ID Number ---&#xD;
&#xD;
2019-08-21 19:21:58 - [TEST_STEP][PASSED] - partyOnboardingPersonal.inputTaxIDNumber(s09_taxIDNumber): Keys 'TAB + 12345678' sent to object: 'Object Repository/PartyOnboarding/Personal/PersonalParty/txt_TaxIDNumber'&#xD;
&#xD;
2019-08-21 19:21:58 - [MESSAGE][PASSED] - Object 'Object Repository/PartyOnboarding/Personal/PersonalParty/txt_TaxIDNumber' is visible&#xD;
&#xD;
2019-08-21 19:21:59 - [MESSAGE][PASSED] - Keys 'TAB + 12345678' sent to object: 'Object Repository/PartyOnboarding/Personal/PersonalParty/txt_TaxIDNumber'&#xD;
&#xD;
2019-08-21 19:21:59 - [TEST_STEP][PASSED] - log.logInfo("--- Key in data all required fields on Personal Party - Input Religion ---"): --- Key in data all required fields on Personal Party - Input Religion ---&#xD;
&#xD;
2019-08-21 19:21:59 - [MESSAGE][INFO] - --- Key in data all required fields on Personal Party - Input Religion ---&#xD;
&#xD;
2019-08-21 19:21:59 - [TEST_STEP][PASSED] - partyOnboardingPersonal.inputReligion(s09_religion): Keys 'TAB + Christianity' sent to object: 'Object Repository/PartyOnboarding/Personal/PersonalParty/ddl_Religion'&#xD;
&#xD;
2019-08-21 19:21:59 - [MESSAGE][PASSED] - Object 'Object Repository/PartyOnboarding/Personal/PersonalParty/ddl_Religion' is visible&#xD;
&#xD;
2019-08-21 19:21:59 - [MESSAGE][PASSED] - Keys 'TAB + Christianity' sent to object: 'Object Repository/PartyOnboarding/Personal/PersonalParty/ddl_Religion'&#xD;
&#xD;
2019-08-21 19:21:59 - [TEST_STEP][PASSED] - log.logInfo("--- Key in data all required fields on Personal Party - Click Next button ---"): --- Key in data all required fields on Personal Party - Click Next button ---&#xD;
&#xD;
2019-08-21 19:21:59 - [MESSAGE][INFO] - --- Key in data all required fields on Personal Party - Click Next button ---&#xD;
&#xD;
2019-08-21 19:21:59 - [TEST_STEP][PASSED] - partyOnboardingPersonal.clickNextbutton(): Object: 'Object Repository/PartyOnboarding/btn_Next' is clicked on&#xD;
&#xD;
2019-08-21 19:21:59 - [MESSAGE][PASSED] - Object 'Object Repository/PartyOnboarding/btn_Next' is visible&#xD;
&#xD;
2019-08-21 19:21:59 - [MESSAGE][PASSED] - Object: 'Object Repository/PartyOnboarding/btn_Next' is clicked on&#xD;
&#xD;
2019-08-21 19:21:59 - [TEST_STEP][PASSED] - log.logInfo("--- Key in data all required fields on Personal Party - Click Process on Warning box ---"): --- Key in data all required fields on Personal Party - Click Process on Warning box ---&#xD;
&#xD;
2019-08-21 19:21:59 - [MESSAGE][INFO] - --- Key in data all required fields on Personal Party - Click Process on Warning box ---&#xD;
&#xD;
2019-08-21 19:21:59 - [TEST_STEP][PASSED] - partyOnboardingPersonal.clickProcessInWarningBox(): Object: 'Object Repository/PartyOnboarding/Personal/PersonalParty/btn_Warnings_Proceed_NotCapture' is clicked on&#xD;
&#xD;
2019-08-21 19:22:00 - [MESSAGE][PASSED] - Object 'Object Repository/PartyOnboarding/Personal/PersonalParty/btn_Warnings_Proceed_NotCapture' is visible&#xD;
&#xD;
2019-08-21 19:22:00 - [MESSAGE][PASSED] - Object: 'Object Repository/PartyOnboarding/Personal/PersonalParty/btn_Warnings_Proceed_NotCapture' is clicked on&#xD;
&#xD;
2019-08-21 19:22:00 - [TEST_STEP][PASSED] - log.logInfo("--- Input required fields for Party Address - Input Address Type, User of Communication and Valid From---"): --- Input required fields for Party Address - Input Address Type, User of Communication and Valid From---&#xD;
&#xD;
2019-08-21 19:22:00 - [MESSAGE][INFO] - --- Input required fields for Party Address - Input Address Type, User of Communication and Valid From---&#xD;
&#xD;
2019-08-21 19:22:00 - [TEST_STEP][PASSED] - partyOnboardingPersonal.inputRDataForAddressParty(s10_addressType, s10_userForCommunication, s10_validFrom): Execute JavaScript 'arguments[0].click();' successfully&#xD;
&#xD;
2019-08-21 19:22:01 - [MESSAGE][PASSED] - Object 'Object Repository/PartyOnboarding/Personal/PartyAddress/button_New Row_PartyAddress' is visible&#xD;
&#xD;
2019-08-21 19:22:01 - [MESSAGE][PASSED] - Execute JavaScript 'arguments[0].click();' successfully&#xD;
&#xD;
2019-08-21 19:22:01 - [MESSAGE][PASSED] - Object 'Object Repository/PartyOnboarding/Personal/PartyAddress/Address Type' is visible&#xD;
&#xD;
2019-08-21 19:22:02 - [MESSAGE][PASSED] - Keys 'TAB + Home Address' sent to object: 'Object Repository/PartyOnboarding/Personal/PartyAddress/Address Type'&#xD;
&#xD;
2019-08-21 19:22:02 - [MESSAGE][PASSED] - Object 'Object Repository/PartyOnboarding/Personal/PartyAddress/Valid From' is visible&#xD;
&#xD;
2019-08-21 19:22:02 - [MESSAGE][PASSED] - Text of object 'Object Repository/PartyOnboarding/Personal/PartyAddress/Valid From' is cleared&#xD;
&#xD;
2019-08-21 19:22:02 - [MESSAGE][PASSED] - Object 'Object Repository/PartyOnboarding/Personal/PartyAddress/Valid From' is visible&#xD;
&#xD;
2019-08-21 19:22:02 - [MESSAGE][PASSED] - Keys '2018-01-14' sent to object: 'Object Repository/PartyOnboarding/Personal/PartyAddress/Valid From'&#xD;
&#xD;
2019-08-21 19:22:02 - [MESSAGE][PASSED] - Object 'Object Repository/PartyOnboarding/Personal/PartyAddress/chk_Use  for Communication' is present&#xD;
&#xD;
2019-08-21 19:22:02 - [MESSAGE][PASSED] - Attribute 'aria-checked' of object 'Object Repository/PartyOnboarding/Personal/PartyAddress/chk_Use  for Communication' is: 'false'&#xD;
&#xD;
2019-08-21 19:22:02 - [MESSAGE][PASSED] - Object 'Object Repository/PartyOnboarding/Personal/PartyAddress/chk_Use  for Communication' is checked&#xD;
&#xD;
2019-08-21 19:22:02 - [MESSAGE][PASSED] - Object 'Object Repository/PartyOnboarding/Personal/PartyAddress/SaveRow' is visible&#xD;
&#xD;
2019-08-21 19:22:03 - [MESSAGE][PASSED] - Execute JavaScript 'arguments[0].click();' successfully&#xD;
&#xD;
2019-08-21 19:22:03 - [MESSAGE][PASSED] - Object 'Object Repository/PartyOnboarding/Personal/PartyAddress/button_New Row_PartyAddress' is visible&#xD;
&#xD;
2019-08-21 19:22:03 - [MESSAGE][PASSED] - Execute JavaScript 'arguments[0].click();' successfully&#xD;
&#xD;
2019-08-21 19:22:03 - [MESSAGE][PASSED] - Object 'Object Repository/PartyOnboarding/Personal/PartyAddress/Address Type' is visible&#xD;
&#xD;
2019-08-21 19:22:03 - [MESSAGE][PASSED] - Keys 'TAB + Office Address' sent to object: 'Object Repository/PartyOnboarding/Personal/PartyAddress/Address Type'&#xD;
&#xD;
2019-08-21 19:22:03 - [MESSAGE][PASSED] - Object 'Object Repository/PartyOnboarding/Personal/PartyAddress/Valid From' is visible&#xD;
&#xD;
2019-08-21 19:22:04 - [MESSAGE][PASSED] - Text of object 'Object Repository/PartyOnboarding/Personal/PartyAddress/Valid From' is cleared&#xD;
&#xD;
2019-08-21 19:22:04 - [MESSAGE][PASSED] - Object 'Object Repository/PartyOnboarding/Personal/PartyAddress/Valid From' is visible&#xD;
&#xD;
2019-08-21 19:22:04 - [MESSAGE][PASSED] - Keys '2018-01-17' sent to object: 'Object Repository/PartyOnboarding/Personal/PartyAddress/Valid From'&#xD;
&#xD;
2019-08-21 19:22:04 - [MESSAGE][PASSED] - Object 'Object Repository/PartyOnboarding/Personal/PartyAddress/SaveRow' is visible&#xD;
&#xD;
2019-08-21 19:22:04 - [MESSAGE][PASSED] - Execute JavaScript 'arguments[0].click();' successfully&#xD;
&#xD;
2019-08-21 19:22:04 - [MESSAGE][PASSED] - Object 'Object Repository/PartyOnboarding/Personal/PartyAddress/button_New Row_PartyAddress' is visible&#xD;
&#xD;
2019-08-21 19:22:04 - [MESSAGE][PASSED] - Execute JavaScript 'arguments[0].click();' successfully&#xD;
&#xD;
2019-08-21 19:22:04 - [MESSAGE][PASSED] - Object 'Object Repository/PartyOnboarding/Personal/PartyAddress/Address Type' is visible&#xD;
&#xD;
2019-08-21 19:22:05 - [MESSAGE][PASSED] - Keys 'TAB + Current Address' sent to object: 'Object Repository/PartyOnboarding/Personal/PartyAddress/Address Type'&#xD;
&#xD;
2019-08-21 19:22:05 - [MESSAGE][PASSED] - Object 'Object Repository/PartyOnboarding/Personal/PartyAddress/Valid From' is visible&#xD;
&#xD;
2019-08-21 19:22:05 - [MESSAGE][PASSED] - Text of object 'Object Repository/PartyOnboarding/Personal/PartyAddress/Valid From' is cleared&#xD;
&#xD;
2019-08-21 19:22:05 - [MESSAGE][PASSED] - Object 'Object Repository/PartyOnboarding/Personal/PartyAddress/Valid From' is visible&#xD;
&#xD;
2019-08-21 19:22:06 - [MESSAGE][PASSED] - Keys '2017-01-18' sent to object: 'Object Repository/PartyOnboarding/Personal/PartyAddress/Valid From'&#xD;
&#xD;
2019-08-21 19:22:06 - [MESSAGE][PASSED] - Object 'Object Repository/PartyOnboarding/Personal/PartyAddress/SaveRow' is visible&#xD;
&#xD;
2019-08-21 19:22:06 - [MESSAGE][PASSED] - Execute JavaScript 'arguments[0].click();' successfully&#xD;
&#xD;
2019-08-21 19:22:06 - [TEST_STEP][PASSED] - log.logInfo("--- Input required fields for Party Address - click Next button---"): --- Input required fields for Party Address - click Next button---&#xD;
&#xD;
2019-08-21 19:22:06 - [MESSAGE][INFO] - --- Input required fields for Party Address - click Next button---&#xD;
&#xD;
2019-08-21 19:22:06 - [TEST_STEP][PASSED] - partyOnboardingPersonal.clickNextbutton(): Object: 'Object Repository/PartyOnboarding/btn_Next' is clicked on&#xD;
&#xD;
2019-08-21 19:22:06 - [MESSAGE][PASSED] - Object 'Object Repository/PartyOnboarding/btn_Next' is visible&#xD;
&#xD;
2019-08-21 19:22:06 - [MESSAGE][PASSED] - Object: 'Object Repository/PartyOnboarding/btn_Next' is clicked on&#xD;
&#xD;
2019-08-21 19:22:06 - [TEST_STEP][PASSED] - log.logInfo("--- Input data for Party Contacts ---"): --- Input data for Party Contacts ---&#xD;
&#xD;
2019-08-21 19:22:06 - [MESSAGE][INFO] - --- Input data for Party Contacts ---&#xD;
&#xD;
2019-08-21 19:22:06 - [TEST_STEP][PASSED] - partyOnboardingPersonal.inputDataForPartyContacts(s11_contactMethod, s11_contactTypeLocation, s11_contactCountryCode, s11_contactAreaCode, s11_contactNumber, s11_contactEmail, s11_confirmEmail, s11_validFrom): Execute JavaScript 'arguments[0].click();' successfully&#xD;
&#xD;
2019-08-21 19:22:07 - [MESSAGE][PASSED] - Object 'Object Repository/PartyOnboarding/Personal/PartyContacts/New Row' is visible&#xD;
&#xD;
2019-08-21 19:22:07 - [MESSAGE][PASSED] - Execute JavaScript 'arguments[0].click();' successfully&#xD;
&#xD;
2019-08-21 19:22:08 - [MESSAGE][PASSED] - Delayed 1 second(s)&#xD;
&#xD;
2019-08-21 19:22:08 - [MESSAGE][PASSED] - Object 'Object Repository/PartyOnboarding/Personal/PartyContacts/Contact Method' is visible&#xD;
&#xD;
2019-08-21 19:22:08 - [MESSAGE][PASSED] - Keys 'TAB + Telephone' sent to object: 'Object Repository/PartyOnboarding/Personal/PartyContacts/Contact Method'&#xD;
&#xD;
2019-08-21 19:22:09 - [MESSAGE][PASSED] - Delayed 1 second(s)&#xD;
&#xD;
2019-08-21 19:22:09 - [MESSAGE][PASSED] - Object 'Object Repository/PartyOnboarding/Personal/PartyContacts/Contact Type  Location' is visible&#xD;
&#xD;
2019-08-21 19:22:09 - [MESSAGE][PASSED] - Keys 'TAB + Personal' sent to object: 'Object Repository/PartyOnboarding/Personal/PartyContacts/Contact Type  Location'&#xD;
&#xD;
2019-08-21 19:22:09 - [MESSAGE][PASSED] - Object 'Object Repository/PartyOnboarding/Personal/PartyContacts/Contact Email' is visible&#xD;
&#xD;
2019-08-21 19:22:09 - [MESSAGE][PASSED] - Object 'Object Repository/PartyOnboarding/Personal/PartyContacts/Contact Email' has attribute 'readonly'&#xD;
&#xD;
2019-08-21 19:22:10 - [MESSAGE][PASSED] - Object 'Object Repository/PartyOnboarding/Personal/PartyContacts/Contact Number_03_Code' is visible&#xD;
&#xD;
2019-08-21 19:22:10 - [MESSAGE][PASSED] - Text of object 'Object Repository/PartyOnboarding/Personal/PartyContacts/Contact Number_03_Code' is cleared&#xD;
&#xD;
2019-08-21 19:22:10 - [MESSAGE][PASSED] - Object 'Object Repository/PartyOnboarding/Personal/PartyContacts/Contact Number_03_Code' is visible&#xD;
&#xD;
2019-08-21 19:22:10 - [MESSAGE][PASSED] - Keys '+95' sent to object: 'Object Repository/PartyOnboarding/Personal/PartyContacts/Contact Number_03_Code'&#xD;
&#xD;
2019-08-21 19:22:10 - [MESSAGE][PASSED] - Object 'Object Repository/PartyOnboarding/Personal/PartyContacts/Contact Number_AreaCode' is visible&#xD;
&#xD;
2019-08-21 19:22:10 - [MESSAGE][PASSED] - Keys '' sent to object: 'Object Repository/PartyOnboarding/Personal/PartyContacts/Contact Number_AreaCode'&#xD;
&#xD;
2019-08-21 19:22:10 - [MESSAGE][PASSED] - Object 'Object Repository/PartyOnboarding/Personal/PartyContacts/Contact Number_Number' is visible&#xD;
&#xD;
2019-08-21 19:22:10 - [MESSAGE][PASSED] - Keys '9697989901' sent to object: 'Object Repository/PartyOnboarding/Personal/PartyContacts/Contact Number_Number'&#xD;
&#xD;
2019-08-21 19:22:10 - [MESSAGE][PASSED] - Object 'Object Repository/PartyOnboarding/Personal/PartyContacts/Contact Number_03_Code' is visible&#xD;
&#xD;
2019-08-21 19:22:11 - [MESSAGE][WARNING] - Object 'Object Repository/PartyOnboarding/Personal/PartyContacts/Contact Number_03_Code' does not have attribute 'readonly' (Root cause: com.kms.katalon.core.exception.StepFailedException: Object 'Object Repository/PartyOnboarding/Personal/PartyContacts/Contact Number_03_Code' does not have attribute 'readonly'&#xD;
	at com.kms.katalon.core.webui.keyword.internal.WebUIKeywordMain.stepFailed(WebUIKeywordMain.groovy:64)&#xD;
	at com.kms.katalon.core.webui.keyword.builtin.VerifyElementHasAttributeKeyword$_verifyElementHasAttribute_closure1.doCall(VerifyElementHasAttributeKeyword.groovy:89)&#xD;
	at com.kms.katalon.core.webui.keyword.builtin.VerifyElementHasAttributeKeyword$_verifyElementHasAttribute_closure1.call(VerifyElementHasAttributeKeyword.groovy)&#xD;
	at com.kms.katalon.core.webui.keyword.internal.WebUIKeywordMain.runKeyword(WebUIKeywordMain.groovy:20)&#xD;
	at com.kms.katalon.core.webui.keyword.builtin.VerifyElementHasAttributeKeyword.verifyElementHasAttribute(VerifyElementHasAttributeKeyword.groovy:100)&#xD;
	at com.kms.katalon.core.webui.keyword.builtin.VerifyElementHasAttributeKeyword.execute(VerifyElementHasAttributeKeyword.groovy:69)&#xD;
	at com.kms.katalon.core.keyword.internal.KeywordExecutor.executeKeywordForPlatform(KeywordExecutor.groovy:56)&#xD;
	at com.kms.katalon.core.webui.keyword.WebUiBuiltInKeywords.verifyElementHasAttribute(WebUiBuiltInKeywords.groovy:3166)&#xD;
	at com.kms.katalon.core.webui.keyword.WebUiBuiltInKeywords$verifyElementHasAttribute$11.call(Unknown Source)&#xD;
	at pageObjects.PartyOnboarding.inputDataForPartyContacts(PartyOnboarding.groovy:736)&#xD;
	at PartyOnboardingPersonal.run(PartyOnboardingPersonal:77)&#xD;
	at com.kms.katalon.core.main.ScriptEngine.run(ScriptEngine.java:194)&#xD;
	at com.kms.katalon.core.main.ScriptEngine.runScriptAsRawText(ScriptEngine.java:119)&#xD;
	at com.kms.katalon.core.main.TestCaseExecutor.runScript(TestCaseExecutor.java:337)&#xD;
	at com.kms.katalon.core.main.TestCaseExecutor.doExecute(TestCaseExecutor.java:328)&#xD;
	at com.kms.katalon.core.main.TestCaseExecutor.processExecutionPhase(TestCaseExecutor.java:307)&#xD;
	at com.kms.katalon.core.main.TestCaseExecutor.accessMainPhase(TestCaseExecutor.java:299)&#xD;
	at com.kms.katalon.core.main.TestCaseExecutor.execute(TestCaseExecutor.java:233)&#xD;
	at com.kms.katalon.core.main.TestSuiteExecutor.accessTestCaseMainPhase(TestSuiteExecutor.java:133)&#xD;
	at com.kms.katalon.core.main.TestSuiteExecutor.accessTestSuiteMainPhase(TestSuiteExecutor.java:116)&#xD;
	at com.kms.katalon.core.main.TestSuiteExecutor.execute(TestSuiteExecutor.java:83)&#xD;
	at com.kms.katalon.core.main.TestCaseMain.startTestSuite(TestCaseMain.java:157)&#xD;
	at com.kms.katalon.core.main.TestCaseMain$startTestSuite$0.call(Unknown Source)&#xD;
	at TempTestSuite1566391613482.run(TempTestSuite1566391613482.groovy:35)&#xD;
)&#xD;
[[ATTACHMENT|C:\\ML\\JITS\\AYA\\Automation\\FBE\\FBE\\Reports\\DataPreparation\\PartyOnboardingPersonal\\20190821_191653\\1566391930840.png]]&#xD;
&#xD;
2019-08-21 19:22:11 - [MESSAGE][PASSED] - Object 'Object Repository/PartyOnboarding/Personal/PartyContacts/Valid From' is visible&#xD;
&#xD;
2019-08-21 19:22:11 - [MESSAGE][PASSED] - Text of object 'Object Repository/PartyOnboarding/Personal/PartyContacts/Valid From' is cleared&#xD;
&#xD;
2019-08-21 19:22:11 - [MESSAGE][PASSED] - Object 'Object Repository/PartyOnboarding/Personal/PartyContacts/Valid From' is visible&#xD;
&#xD;
2019-08-21 19:22:11 - [MESSAGE][PASSED] - Keys '2018-12-20' sent to object: 'Object Repository/PartyOnboarding/Personal/PartyContacts/Valid From'&#xD;
&#xD;
2019-08-21 19:22:11 - [MESSAGE][PASSED] - Object 'Object Repository/PartyOnboarding/Personal/PartyContacts/Save Row' is visible&#xD;
&#xD;
2019-08-21 19:22:11 - [MESSAGE][PASSED] - Execute JavaScript 'arguments[0].click();' successfully&#xD;
&#xD;
2019-08-21 19:22:11 - [MESSAGE][PASSED] - Object 'Object Repository/PartyOnboarding/Personal/PartyContacts/New Row' is visible&#xD;
&#xD;
2019-08-21 19:22:11 - [MESSAGE][PASSED] - Execute JavaScript 'arguments[0].click();' successfully&#xD;
&#xD;
2019-08-21 19:22:12 - [MESSAGE][PASSED] - Delayed 1 second(s)&#xD;
&#xD;
2019-08-21 19:22:12 - [MESSAGE][PASSED] - Object 'Object Repository/PartyOnboarding/Personal/PartyContacts/Contact Method' is visible&#xD;
&#xD;
2019-08-21 19:22:13 - [MESSAGE][PASSED] - Keys 'TAB + Mobile' sent to object: 'Object Repository/PartyOnboarding/Personal/PartyContacts/Contact Method'&#xD;
&#xD;
2019-08-21 19:22:14 - [MESSAGE][PASSED] - Delayed 1 second(s)&#xD;
&#xD;
2019-08-21 19:22:14 - [MESSAGE][PASSED] - Object 'Object Repository/PartyOnboarding/Personal/PartyContacts/Contact Type  Location' is visible&#xD;
&#xD;
2019-08-21 19:22:14 - [MESSAGE][PASSED] - Keys 'TAB + Work' sent to object: 'Object Repository/PartyOnboarding/Personal/PartyContacts/Contact Type  Location'&#xD;
&#xD;
2019-08-21 19:22:14 - [MESSAGE][PASSED] - Object 'Object Repository/PartyOnboarding/Personal/PartyContacts/Contact Email' is visible&#xD;
&#xD;
2019-08-21 19:22:14 - [MESSAGE][PASSED] - Object 'Object Repository/PartyOnboarding/Personal/PartyContacts/Contact Email' has attribute 'readonly'&#xD;
&#xD;
2019-08-21 19:22:14 - [MESSAGE][PASSED] - Object 'Object Repository/PartyOnboarding/Personal/PartyContacts/Contact Number_03_Code' is visible&#xD;
&#xD;
2019-08-21 19:22:14 - [MESSAGE][PASSED] - Text of object 'Object Repository/PartyOnboarding/Personal/PartyContacts/Contact Number_03_Code' is cleared&#xD;
&#xD;
2019-08-21 19:22:14 - [MESSAGE][PASSED] - Object 'Object Repository/PartyOnboarding/Personal/PartyContacts/Contact Number_03_Code' is visible&#xD;
&#xD;
2019-08-21 19:22:14 - [MESSAGE][PASSED] - Keys '+1' sent to object: 'Object Repository/PartyOnboarding/Personal/PartyContacts/Contact Number_03_Code'&#xD;
&#xD;
2019-08-21 19:22:14 - [MESSAGE][PASSED] - Object 'Object Repository/PartyOnboarding/Personal/PartyContacts/Contact Number_AreaCode' is visible&#xD;
&#xD;
2019-08-21 19:22:14 - [MESSAGE][PASSED] - Keys '' sent to object: 'Object Repository/PartyOnboarding/Personal/PartyContacts/Contact Number_AreaCode'&#xD;
&#xD;
2019-08-21 19:22:14 - [MESSAGE][PASSED] - Object 'Object Repository/PartyOnboarding/Personal/PartyContacts/Contact Number_Number' is visible&#xD;
&#xD;
2019-08-21 19:22:15 - [MESSAGE][PASSED] - Keys '12312314' sent to object: 'Object Repository/PartyOnboarding/Personal/PartyContacts/Contact Number_Number'&#xD;
&#xD;
2019-08-21 19:22:15 - [MESSAGE][PASSED] - Object 'Object Repository/PartyOnboarding/Personal/PartyContacts/Contact Number_03_Code' is visible&#xD;
&#xD;
2019-08-21 19:22:15 - [MESSAGE][WARNING] - Object 'Object Repository/PartyOnboarding/Personal/PartyContacts/Contact Number_03_Code' does not have attribute 'readonly' (Root cause: com.kms.katalon.core.exception.StepFailedException: Object 'Object Repository/PartyOnboarding/Personal/PartyContacts/Contact Number_03_Code' does not have attribute 'readonly'&#xD;
	at com.kms.katalon.core.webui.keyword.internal.WebUIKeywordMain.stepFailed(WebUIKeywordMain.groovy:64)&#xD;
	at com.kms.katalon.core.webui.keyword.builtin.VerifyElementHasAttributeKeyword$_verifyElementHasAttribute_closure1.doCall(VerifyElementHasAttributeKeyword.groovy:89)&#xD;
	at com.kms.katalon.core.webui.keyword.builtin.VerifyElementHasAttributeKeyword$_verifyElementHasAttribute_closure1.call(VerifyElementHasAttributeKeyword.groovy)&#xD;
	at com.kms.katalon.core.webui.keyword.internal.WebUIKeywordMain.runKeyword(WebUIKeywordMain.groovy:20)&#xD;
	at com.kms.katalon.core.webui.keyword.builtin.VerifyElementHasAttributeKeyword.verifyElementHasAttribute(VerifyElementHasAttributeKeyword.groovy:100)&#xD;
	at com.kms.katalon.core.webui.keyword.builtin.VerifyElementHasAttributeKeyword.execute(VerifyElementHasAttributeKeyword.groovy:69)&#xD;
	at com.kms.katalon.core.keyword.internal.KeywordExecutor.executeKeywordForPlatform(KeywordExecutor.groovy:56)&#xD;
	at com.kms.katalon.core.webui.keyword.WebUiBuiltInKeywords.verifyElementHasAttribute(WebUiBuiltInKeywords.groovy:3166)&#xD;
	at com.kms.katalon.core.webui.keyword.WebUiBuiltInKeywords$verifyElementHasAttribute$11.call(Unknown Source)&#xD;
	at pageObjects.PartyOnboarding.inputDataForPartyContacts(PartyOnboarding.groovy:736)&#xD;
	at PartyOnboardingPersonal.run(PartyOnboardingPersonal:77)&#xD;
	at com.kms.katalon.core.main.ScriptEngine.run(ScriptEngine.java:194)&#xD;
	at com.kms.katalon.core.main.ScriptEngine.runScriptAsRawText(ScriptEngine.java:119)&#xD;
	at com.kms.katalon.core.main.TestCaseExecutor.runScript(TestCaseExecutor.java:337)&#xD;
	at com.kms.katalon.core.main.TestCaseExecutor.doExecute(TestCaseExecutor.java:328)&#xD;
	at com.kms.katalon.core.main.TestCaseExecutor.processExecutionPhase(TestCaseExecutor.java:307)&#xD;
	at com.kms.katalon.core.main.TestCaseExecutor.accessMainPhase(TestCaseExecutor.java:299)&#xD;
	at com.kms.katalon.core.main.TestCaseExecutor.execute(TestCaseExecutor.java:233)&#xD;
	at com.kms.katalon.core.main.TestSuiteExecutor.accessTestCaseMainPhase(TestSuiteExecutor.java:133)&#xD;
	at com.kms.katalon.core.main.TestSuiteExecutor.accessTestSuiteMainPhase(TestSuiteExecutor.java:116)&#xD;
	at com.kms.katalon.core.main.TestSuiteExecutor.execute(TestSuiteExecutor.java:83)&#xD;
	at com.kms.katalon.core.main.TestCaseMain.startTestSuite(TestCaseMain.java:157)&#xD;
	at com.kms.katalon.core.main.TestCaseMain$startTestSuite$0.call(Unknown Source)&#xD;
	at TempTestSuite1566391613482.run(TempTestSuite1566391613482.groovy:35)&#xD;
)&#xD;
[[ATTACHMENT|C:\\ML\\JITS\\AYA\\Automation\\FBE\\FBE\\Reports\\DataPreparation\\PartyOnboardingPersonal\\20190821_191653\\1566391935178.png]]&#xD;
&#xD;
2019-08-21 19:22:15 - [MESSAGE][PASSED] - Object 'Object Repository/PartyOnboarding/Personal/PartyContacts/Valid From' is visible&#xD;
&#xD;
2019-08-21 19:22:15 - [MESSAGE][PASSED] - Text of object 'Object Repository/PartyOnboarding/Personal/PartyContacts/Valid From' is cleared&#xD;
&#xD;
2019-08-21 19:22:15 - [MESSAGE][PASSED] - Object 'Object Repository/PartyOnboarding/Personal/PartyContacts/Valid From' is visible&#xD;
&#xD;
2019-08-21 19:22:15 - [MESSAGE][PASSED] - Keys '2018-01-24' sent to object: 'Object Repository/PartyOnboarding/Personal/PartyContacts/Valid From'&#xD;
&#xD;
2019-08-21 19:22:16 - [MESSAGE][PASSED] - Object 'Object Repository/PartyOnboarding/Personal/PartyContacts/Save Row' is visible&#xD;
&#xD;
2019-08-21 19:22:16 - [MESSAGE][PASSED] - Execute JavaScript 'arguments[0].click();' successfully&#xD;
&#xD;
2019-08-21 19:22:16 - [MESSAGE][PASSED] - Object 'Object Repository/PartyOnboarding/Personal/PartyContacts/New Row' is visible&#xD;
&#xD;
2019-08-21 19:22:16 - [MESSAGE][PASSED] - Execute JavaScript 'arguments[0].click();' successfully&#xD;
&#xD;
2019-08-21 19:22:17 - [MESSAGE][PASSED] - Delayed 1 second(s)&#xD;
&#xD;
2019-08-21 19:22:17 - [MESSAGE][PASSED] - Object 'Object Repository/PartyOnboarding/Personal/PartyContacts/Contact Method' is visible&#xD;
&#xD;
2019-08-21 19:22:17 - [MESSAGE][PASSED] - Keys 'TAB + Email' sent to object: 'Object Repository/PartyOnboarding/Personal/PartyContacts/Contact Method'&#xD;
&#xD;
2019-08-21 19:22:18 - [MESSAGE][PASSED] - Delayed 1 second(s)&#xD;
&#xD;
2019-08-21 19:22:18 - [MESSAGE][PASSED] - Object 'Object Repository/PartyOnboarding/Personal/PartyContacts/Contact Type  Location' is visible&#xD;
&#xD;
2019-08-21 19:22:18 - [MESSAGE][PASSED] - Keys 'TAB + Personal' sent to object: 'Object Repository/PartyOnboarding/Personal/PartyContacts/Contact Type  Location'&#xD;
&#xD;
2019-08-21 19:22:18 - [MESSAGE][PASSED] - Object 'Object Repository/PartyOnboarding/Personal/PartyContacts/Contact Email' is visible&#xD;
&#xD;
2019-08-21 19:22:19 - [MESSAGE][WARNING] - Object 'Object Repository/PartyOnboarding/Personal/PartyContacts/Contact Email' does not have attribute 'readonly' (Root cause: com.kms.katalon.core.exception.StepFailedException: Object 'Object Repository/PartyOnboarding/Personal/PartyContacts/Contact Email' does not have attribute 'readonly'&#xD;
	at com.kms.katalon.core.webui.keyword.internal.WebUIKeywordMain.stepFailed(WebUIKeywordMain.groovy:64)&#xD;
	at com.kms.katalon.core.webui.keyword.builtin.VerifyElementHasAttributeKeyword$_verifyElementHasAttribute_closure1.doCall(VerifyElementHasAttributeKeyword.groovy:89)&#xD;
	at com.kms.katalon.core.webui.keyword.builtin.VerifyElementHasAttributeKeyword$_verifyElementHasAttribute_closure1.call(VerifyElementHasAttributeKeyword.groovy)&#xD;
	at com.kms.katalon.core.webui.keyword.internal.WebUIKeywordMain.runKeyword(WebUIKeywordMain.groovy:20)&#xD;
	at com.kms.katalon.core.webui.keyword.builtin.VerifyElementHasAttributeKeyword.verifyElementHasAttribute(VerifyElementHasAttributeKeyword.groovy:100)&#xD;
	at com.kms.katalon.core.webui.keyword.builtin.VerifyElementHasAttributeKeyword.execute(VerifyElementHasAttributeKeyword.groovy:69)&#xD;
	at com.kms.katalon.core.keyword.internal.KeywordExecutor.executeKeywordForPlatform(KeywordExecutor.groovy:56)&#xD;
	at com.kms.katalon.core.webui.keyword.WebUiBuiltInKeywords.verifyElementHasAttribute(WebUiBuiltInKeywords.groovy:3166)&#xD;
	at com.kms.katalon.core.webui.keyword.WebUiBuiltInKeywords$verifyElementHasAttribute$11.call(Unknown Source)&#xD;
	at pageObjects.PartyOnboarding.inputDataForPartyContacts(PartyOnboarding.groovy:721)&#xD;
	at PartyOnboardingPersonal.run(PartyOnboardingPersonal:77)&#xD;
	at com.kms.katalon.core.main.ScriptEngine.run(ScriptEngine.java:194)&#xD;
	at com.kms.katalon.core.main.ScriptEngine.runScriptAsRawText(ScriptEngine.java:119)&#xD;
	at com.kms.katalon.core.main.TestCaseExecutor.runScript(TestCaseExecutor.java:337)&#xD;
	at com.kms.katalon.core.main.TestCaseExecutor.doExecute(TestCaseExecutor.java:328)&#xD;
	at com.kms.katalon.core.main.TestCaseExecutor.processExecutionPhase(TestCaseExecutor.java:307)&#xD;
	at com.kms.katalon.core.main.TestCaseExecutor.accessMainPhase(TestCaseExecutor.java:299)&#xD;
	at com.kms.katalon.core.main.TestCaseExecutor.execute(TestCaseExecutor.java:233)&#xD;
	at com.kms.katalon.core.main.TestSuiteExecutor.accessTestCaseMainPhase(TestSuiteExecutor.java:133)&#xD;
	at com.kms.katalon.core.main.TestSuiteExecutor.accessTestSuiteMainPhase(TestSuiteExecutor.java:116)&#xD;
	at com.kms.katalon.core.main.TestSuiteExecutor.execute(TestSuiteExecutor.java:83)&#xD;
	at com.kms.katalon.core.main.TestCaseMain.startTestSuite(TestCaseMain.java:157)&#xD;
	at com.kms.katalon.core.main.TestCaseMain$startTestSuite$0.call(Unknown Source)&#xD;
	at TempTestSuite1566391613482.run(TempTestSuite1566391613482.groovy:35)&#xD;
)&#xD;
[[ATTACHMENT|C:\\ML\\JITS\\AYA\\Automation\\FBE\\FBE\\Reports\\DataPreparation\\PartyOnboardingPersonal\\20190821_191653\\1566391938863.png]]&#xD;
&#xD;
2019-08-21 19:22:19 - [MESSAGE][PASSED] - Object 'Object Repository/PartyOnboarding/Personal/PartyContacts/Contact Number_03_Code' is visible&#xD;
&#xD;
2019-08-21 19:22:19 - [MESSAGE][PASSED] - Object 'Object Repository/PartyOnboarding/Personal/PartyContacts/Contact Number_03_Code' has attribute 'readonly'&#xD;
&#xD;
2019-08-21 19:22:19 - [MESSAGE][PASSED] - Object 'Object Repository/PartyOnboarding/Personal/PartyContacts/Contact Email' is visible&#xD;
&#xD;
2019-08-21 19:22:20 - [MESSAGE][PASSED] - Keys 'nguyenthimyle@gmail.com' sent to object: 'Object Repository/PartyOnboarding/Personal/PartyContacts/Contact Email'&#xD;
&#xD;
2019-08-21 19:22:20 - [MESSAGE][PASSED] - Object 'Object Repository/PartyOnboarding/Personal/PartyContacts/Confirm Email' is visible&#xD;
&#xD;
2019-08-21 19:22:21 - [MESSAGE][PASSED] - Keys 'nguyenthimyle@gmail.com' sent to object: 'Object Repository/PartyOnboarding/Personal/PartyContacts/Confirm Email'&#xD;
&#xD;
2019-08-21 19:22:21 - [MESSAGE][PASSED] - Object 'Object Repository/PartyOnboarding/Personal/PartyContacts/Valid From' is visible&#xD;
&#xD;
2019-08-21 19:22:21 - [MESSAGE][PASSED] - Text of object 'Object Repository/PartyOnboarding/Personal/PartyContacts/Valid From' is cleared&#xD;
&#xD;
2019-08-21 19:22:21 - [MESSAGE][PASSED] - Object 'Object Repository/PartyOnboarding/Personal/PartyContacts/Valid From' is visible&#xD;
&#xD;
2019-08-21 19:22:21 - [MESSAGE][PASSED] - Keys '2018-01-26' sent to object: 'Object Repository/PartyOnboarding/Personal/PartyContacts/Valid From'&#xD;
&#xD;
2019-08-21 19:22:21 - [MESSAGE][PASSED] - Object 'Object Repository/PartyOnboarding/Personal/PartyContacts/Save Row' is visible&#xD;
&#xD;
2019-08-21 19:22:21 - [MESSAGE][PASSED] - Execute JavaScript 'arguments[0].click();' successfully&#xD;
&#xD;
2019-08-21 19:22:21 - [TEST_STEP][PASSED] - log.logInfo("--- Input data for Party Contacts - click Next ---"): --- Input data for Party Contacts - click Next ---&#xD;
&#xD;
2019-08-21 19:22:21 - [MESSAGE][INFO] - --- Input data for Party Contacts - click Next ---&#xD;
&#xD;
2019-08-21 19:22:21 - [TEST_STEP][PASSED] - partyOnboardingPersonal.clickNextbutton(): Object: 'Object Repository/PartyOnboarding/btn_Next' is clicked on&#xD;
&#xD;
2019-08-21 19:22:21 - [MESSAGE][PASSED] - Object 'Object Repository/PartyOnboarding/btn_Next' is visible&#xD;
&#xD;
2019-08-21 19:22:21 - [MESSAGE][PASSED] - Object: 'Object Repository/PartyOnboarding/btn_Next' is clicked on&#xD;
&#xD;
2019-08-21 19:22:21 - [TEST_STEP][PASSED] - log.logInfo("--- Input Party Required Documents - Input information for document---"): --- Input Party Required Documents - Input information for document---&#xD;
&#xD;
2019-08-21 19:22:21 - [MESSAGE][INFO] - --- Input Party Required Documents - Input information for document---&#xD;
&#xD;
2019-08-21 19:22:21 - [TEST_STEP][PASSED] - partyOnboardingPersonal.inputDataForPartyRequiredDocuments(s12_documentCategory, s12_kycExpired, s12_documentType, s12_validFrom, s12_validTo, s12_referenceNumber, s12_issuingAuthority, s12_issuingCountry, s12_documentVerified, s12_image, s12_documentCollectionStatus): Keys 'Documents collected and validated centrally' sent to object: 'Object Repository/PartyOnboarding/Personal/PartyRequiredDocument/ddl_DocumentsCollectionStatus'&#xD;
&#xD;
2019-08-21 19:22:22 - [MESSAGE][PASSED] - Delayed 1 second(s)&#xD;
&#xD;
2019-08-21 19:22:22 - [MESSAGE][PASSED] - Object 'Object Repository/PartyOnboarding/Personal/PartyRequiredDocument/New Row' is visible&#xD;
&#xD;
2019-08-21 19:22:22 - [MESSAGE][PASSED] - Execute JavaScript 'arguments[0].click();' successfully&#xD;
&#xD;
2019-08-21 19:22:23 - [MESSAGE][PASSED] - Object 'Object Repository/PartyOnboarding/Personal/PartyRequiredDocument/DocumentCategory' is visible&#xD;
&#xD;
2019-08-21 19:22:23 - [MESSAGE][PASSED] - Keys 'TAB + PT-NRC' sent to object: 'Object Repository/PartyOnboarding/Personal/PartyRequiredDocument/DocumentCategory'&#xD;
&#xD;
2019-08-21 19:22:24 - [MESSAGE][PASSED] - Delayed 1 second(s)&#xD;
&#xD;
2019-08-21 19:22:24 - [MESSAGE][PASSED] - Object 'Object Repository/PartyOnboarding/Personal/PartyRequiredDocument/Document Type' is visible&#xD;
&#xD;
2019-08-21 19:22:24 - [MESSAGE][PASSED] - Keys 'TAB + NRC' sent to object: 'Object Repository/PartyOnboarding/Personal/PartyRequiredDocument/Document Type'&#xD;
&#xD;
2019-08-21 19:22:25 - [MESSAGE][PASSED] - Delayed 1 second(s)&#xD;
&#xD;
2019-08-21 19:22:25 - [MESSAGE][PASSED] - Object 'Object Repository/PartyOnboarding/Personal/PartyRequiredDocument/Issuing Country' is visible&#xD;
&#xD;
2019-08-21 19:22:26 - [MESSAGE][PASSED] - Keys 'Bahrain' sent to object: 'Object Repository/PartyOnboarding/Personal/PartyRequiredDocument/Issuing Country'&#xD;
&#xD;
2019-08-21 19:22:27 - [MESSAGE][PASSED] - Delayed 1 second(s)&#xD;
&#xD;
2019-08-21 19:22:27 - [MESSAGE][PASSED] - Object 'Object Repository/PartyOnboarding/Personal/PartyRequiredDocument/Document Verified' is visible&#xD;
&#xD;
2019-08-21 19:22:27 - [MESSAGE][PASSED] - Keys 'TAB + TRUE' sent to object: 'Object Repository/PartyOnboarding/Personal/PartyRequiredDocument/Document Verified'&#xD;
&#xD;
2019-08-21 19:22:27 - [MESSAGE][PASSED] - Object 'Object Repository/PartyOnboarding/Personal/PartyRequiredDocument/Save Row' is visible&#xD;
&#xD;
2019-08-21 19:22:27 - [MESSAGE][PASSED] - Execute JavaScript 'arguments[0].click();' successfully&#xD;
&#xD;
2019-08-21 19:22:27 - [MESSAGE][PASSED] - Object 'Object Repository/PartyOnboarding/Personal/PartyRequiredDocument/ddl_DocumentsCollectionStatus' is visible&#xD;
&#xD;
2019-08-21 19:22:29 - [MESSAGE][PASSED] - Keys 'Documents collected and validated centrally' sent to object: 'Object Repository/PartyOnboarding/Personal/PartyRequiredDocument/ddl_DocumentsCollectionStatus'&#xD;
&#xD;
2019-08-21 19:22:29 - [TEST_STEP][PASSED] - log.logInfo("--- Input Party Required Documents - Click Next button---"): --- Input Party Required Documents - Click Next button---&#xD;
&#xD;
2019-08-21 19:22:29 - [MESSAGE][INFO] - --- Input Party Required Documents - Click Next button---&#xD;
&#xD;
2019-08-21 19:22:29 - [TEST_STEP][PASSED] - partyOnboardingPersonal.clickNextbutton(): Object: 'Object Repository/PartyOnboarding/btn_Next' is clicked on&#xD;
&#xD;
2019-08-21 19:22:29 - [MESSAGE][PASSED] - Object 'Object Repository/PartyOnboarding/btn_Next' is visible&#xD;
&#xD;
2019-08-21 19:22:29 - [MESSAGE][PASSED] - Object: 'Object Repository/PartyOnboarding/btn_Next' is clicked on&#xD;
&#xD;
2019-08-21 19:22:29 - [TEST_STEP][PASSED] - log.logInfo("--- Input Party Required Documents - Record PartyID ---"): --- Input Party Required Documents - Record PartyID ---&#xD;
&#xD;
2019-08-21 19:22:29 - [MESSAGE][INFO] - --- Input Party Required Documents - Record PartyID ---&#xD;
&#xD;
2019-08-21 19:22:29 - [TEST_STEP][PASSED] - partyOnboardingPersonal.recordPartyId(): Attribute 'value' of object 'Object Repository/PartyOnboarding/Confirmation/PartyID' is: 'MX3X7OXZ'&#xD;
&#xD;
2019-08-21 19:22:30 - [MESSAGE][PASSED] - Attribute 'value' of object 'Object Repository/PartyOnboarding/Confirmation/PartyID' is: 'MX3X7OXZ'&#xD;
&#xD;
2019-08-21 19:22:30 - [TEST_STEP][PASSED] - log.logInfo("--- Ask For Approve - Click Next button ---"): --- Ask For Approve - Click Next button ---&#xD;
&#xD;
2019-08-21 19:22:30 - [MESSAGE][INFO] - --- Ask For Approve - Click Next button ---&#xD;
&#xD;
2019-08-21 19:22:30 - [TEST_STEP][PASSED] - partyOnboardingPersonal.clickNextbutton(): Object: 'Object Repository/PartyOnboarding/btn_Next' is clicked on&#xD;
&#xD;
2019-08-21 19:22:30 - [MESSAGE][PASSED] - Object 'Object Repository/PartyOnboarding/btn_Next' is visible&#xD;
&#xD;
2019-08-21 19:22:30 - [MESSAGE][PASSED] - Object: 'Object Repository/PartyOnboarding/btn_Next' is clicked on&#xD;
&#xD;
2019-08-21 19:22:30 - [TEST_STEP][PASSED] - log.logInfo("--- Ask For Approve - Click Ask For Approval button ---"): --- Ask For Approve - Click Ask For Approval button ---&#xD;
&#xD;
2019-08-21 19:22:30 - [MESSAGE][INFO] - --- Ask For Approve - Click Ask For Approval button ---&#xD;
&#xD;
2019-08-21 19:22:30 - [TEST_STEP][PASSED] - partyOnboardingPersonal.clickAskForApprovalbutton(): Object: 'Object Repository/PartyOnboarding/RequestToApproval/AskForApproval_btn' is clicked on&#xD;
&#xD;
2019-08-21 19:22:31 - [MESSAGE][PASSED] - Object 'Object Repository/PartyOnboarding/RequestToApproval/AskForApproval_btn' is visible&#xD;
&#xD;
2019-08-21 19:22:31 - [MESSAGE][PASSED] - Object: 'Object Repository/PartyOnboarding/RequestToApproval/AskForApproval_btn' is clicked on</system-out>
            <system-err></system-err>
        </testcase>
        <system-out>2019-08-21 19:16:57 - [TEST_SUITE][INCOMPLETE] - PartyOnboardingPersonal: null</system-out>
        <system-err>2019-08-21 19:16:57 - [TEST_SUITE][INCOMPLETE] - PartyOnboardingPersonal: null</system-err>
    </testsuite>
</testsuites>
