<?xml version="1.0" encoding="UTF-8" standalone="yes"?>
<testsuites name="PartyOnboardingPersonal" time="201" tests="8" failures="0" errors="0">
    <testsuite name="PartyOnboardingPersonal" tests="8" failures="0" errors="0" time="201" timestamp="2019-08-22 19:06:56" hostname="HP - CNU406BFVL" id="Test Suites/DataPreparation/PartyOnboardingPersonal">
        <properties>
            <property name="deviceName" value=""/>
            <property name="devicePlatform" value=""/>
            <property name="logFolder" value="C:\\ML\\JITS\\AYA\\Automation\\FBE\\FBE\\Reports\\DataPreparation\\PartyOnboardingPersonal\\20190822_190653"/>
            <property name="logFiles" value="C:\\ML\\JITS\\AYA\\Automation\\FBE\\FBE\\Reports\\DataPreparation\\PartyOnboardingPersonal\\20190822_190653\\execution0.log"/>
            <property name="attachments" value="C:\\ML\\JITS\\AYA\\Automation\\FBE\\FBE\\Reports\\DataPreparation\\PartyOnboardingPersonal\\20190822_190653\\1566477488529.png, C:\\ML\\JITS\\AYA\\Automation\\FBE\\FBE\\Reports\\DataPreparation\\PartyOnboardingPersonal\\20190822_190653\\1566477492912.png, C:\\ML\\JITS\\AYA\\Automation\\FBE\\FBE\\Reports\\DataPreparation\\PartyOnboardingPersonal\\20190822_190653\\1566477496504.png, C:\\ML\\JITS\\AYA\\Automation\\FBE\\FBE\\Reports\\DataPreparation\\PartyOnboardingPersonal\\20190822_190653\\1566477616972.png"/>
            <property name="hostName" value="HP - CNU406BFVL"/>
            <property name="os" value="Windows 7 64bit"/>
            <property name="katalonVersion" value="6.2.2.4"/>
            <property name="browser" value="Chrome 76.0.3809.100"/>
            <property name="hostAddress" value="10.9.13.62"/>
            <property name="sessionId" value="9e13f82fc94886eb514c42cf9306f024"/>
            <property name="seleniumVersion" value="3.141.59"/>
            <property name="proxyInformation" value="ProxyInformation{proxyOption=NO_PROXY, proxyServerType=HTTP, password=, proxyServerAddress=, proxyServerPort=0}"/>
            <property name="platform" value="Windows 7"/>
        </properties>
        <testcase name="Test Cases/Login" classname="Test Cases/Login" status="PASSED">
            <system-out>2019-08-22 19:06:56 - [TEST_CASE][PASSED] - Test Cases/Login: Test Cases/Login&#xD;
&#xD;
2019-08-22 19:06:56 - [TEST_STEP][PASSED] - Start listener action : sampleBeforeTestCase: null&#xD;
&#xD;
2019-08-22 19:06:56 - [TEST_STEP][PASSED] - testCaseID = testCaseContext.getTestCaseId(): null&#xD;
&#xD;
2019-08-22 19:06:57 - [TEST_STEP][PASSED] - logger = new com.kms.katalon.core.util.KeywordUtil(): null&#xD;
&#xD;
2019-08-22 19:06:57 - [TEST_STEP][PASSED] - loginPage = new pageObjects.LoginPage(): null&#xD;
&#xD;
2019-08-22 19:06:57 - [TEST_STEP][PASSED] - logger.logInfo("Login - Step01 - Open browser"): Login - Step01 - Open browser&#xD;
&#xD;
2019-08-22 19:06:57 - [MESSAGE][INFO] - Login - Step01 - Open browser&#xD;
&#xD;
2019-08-22 19:06:57 - [TEST_STEP][PASSED] - loginPage.openBrowser(url, active): Current window maximized&#xD;
&#xD;
2019-08-22 19:06:57 - [MESSAGE][INFO] - Starting 'Chrome' driver&#xD;
&#xD;
2019-08-22 19:06:57 - [MESSAGE][INFO] - Action delay is set to 0 seconds&#xD;
&#xD;
2019-08-22 19:07:05 - [MESSAGE][PASSED] - Browser is opened with url: 'http://172.24.192.30:9080/uxp/rt/html/layout.html?locale=en-gb'&#xD;
&#xD;
2019-08-22 19:07:07 - [MESSAGE][PASSED] - Current window maximized&#xD;
&#xD;
2019-08-22 19:07:07 - [TEST_STEP][PASSED] - logger.logInfo("Login - Step02 - Input Username"): Login - Step02 - Input Username&#xD;
&#xD;
2019-08-22 19:07:07 - [MESSAGE][INFO] - Login - Step02 - Input Username&#xD;
&#xD;
2019-08-22 19:07:07 - [TEST_STEP][PASSED] - loginPage.inputUsername(username, active): Keys 'br1user006' sent to object: 'Object Repository/LogIn/input_Username_user'&#xD;
&#xD;
2019-08-22 19:07:07 - [MESSAGE][PASSED] - Object 'Object Repository/LogIn/input_Username_user' is present&#xD;
&#xD;
2019-08-22 19:07:07 - [MESSAGE][PASSED] - Keys 'br1user006' sent to object: 'Object Repository/LogIn/input_Username_user'&#xD;
&#xD;
2019-08-22 19:07:07 - [TEST_STEP][PASSED] - logger.logInfo("Login - Step03 - Input Password"): Login - Step03 - Input Password&#xD;
&#xD;
2019-08-22 19:07:07 - [MESSAGE][INFO] - Login - Step03 - Input Password&#xD;
&#xD;
2019-08-22 19:07:07 - [TEST_STEP][PASSED] - loginPage.inputPassword(password, active): Keys 'User006!@#' sent to object: 'Object Repository/LogIn/input_Password_pwd'&#xD;
&#xD;
2019-08-22 19:07:07 - [MESSAGE][PASSED] - Object 'Object Repository/LogIn/input_Password_pwd' is present&#xD;
&#xD;
2019-08-22 19:07:07 - [MESSAGE][PASSED] - Keys 'User006!@#' sent to object: 'Object Repository/LogIn/input_Password_pwd'&#xD;
&#xD;
2019-08-22 19:07:07 - [TEST_STEP][PASSED] - logger.logInfo("Login - Step04 - Click Sign In button"): Login - Step04 - Click Sign In button&#xD;
&#xD;
2019-08-22 19:07:07 - [MESSAGE][INFO] - Login - Step04 - Click Sign In button&#xD;
&#xD;
2019-08-22 19:07:07 - [TEST_STEP][PASSED] - loginPage.clickSingin(active): Object: 'Object Repository/LogIn/input_Password_login' is clicked on&#xD;
&#xD;
2019-08-22 19:07:07 - [MESSAGE][PASSED] - Object 'Object Repository/LogIn/input_Password_login' is present&#xD;
&#xD;
2019-08-22 19:07:09 - [MESSAGE][PASSED] - Object: 'Object Repository/LogIn/input_Password_login' is clicked on&#xD;
&#xD;
2019-08-22 19:07:09 - [TEST_STEP][PASSED] - logger.logInfo("Login - wait load page"): Login - wait load page&#xD;
&#xD;
2019-08-22 19:07:09 - [MESSAGE][INFO] - Login - wait load page&#xD;
&#xD;
2019-08-22 19:07:09 - [TEST_STEP][PASSED] - loginPage.waitLoadPage(active): Wait for page load successfully&#xD;
&#xD;
2019-08-22 19:07:09 - [MESSAGE][PASSED] - Wait for page load successfully</system-out>
            <system-err></system-err>
        </testcase>
        <testcase name="Test Cases/DataPreparation/PartyOnboardingPersonal" classname="Test Cases/DataPreparation/PartyOnboardingPersonal" status="PASSED">
            <system-out>2019-08-22 19:07:09 - [TEST_CASE][PASSED] - Test Cases/DataPreparation/PartyOnboardingPersonal: Test Cases/DataPreparation/PartyOnboardingPersonal&#xD;
&#xD;
2019-08-22 19:07:09 - [TEST_STEP][PASSED] - Start listener action : sampleBeforeTestCase: null&#xD;
&#xD;
2019-08-22 19:07:09 - [TEST_STEP][PASSED] - testCaseID = testCaseContext.getTestCaseId(): null&#xD;
&#xD;
2019-08-22 19:07:09 - [TEST_STEP][PASSED] - partyOnboardingPersonal = new pageObjects.PartyOnboarding(): null&#xD;
&#xD;
2019-08-22 19:07:09 - [TEST_STEP][PASSED] - abtractTest = new commons.AbtractTest(): null&#xD;
&#xD;
2019-08-22 19:07:09 - [TEST_STEP][PASSED] - excelFiles = new report.ExcelFiles(): null&#xD;
&#xD;
2019-08-22 19:07:09 - [TEST_STEP][PASSED] - log = new com.kms.katalon.core.util.KeywordUtil(): null&#xD;
&#xD;
2019-08-22 19:07:09 - [TEST_STEP][PASSED] - results = "": null&#xD;
&#xD;
2019-08-22 19:07:09 - [TEST_STEP][PASSED] - delay(3): Delayed 3 second(s)&#xD;
&#xD;
2019-08-22 19:07:12 - [MESSAGE][PASSED] - Delayed 3 second(s)&#xD;
&#xD;
2019-08-22 19:07:12 - [TEST_STEP][PASSED] - log.logInfo("--- Open Party Onboarding in Menu Search ---"): --- Open Party Onboarding in Menu Search ---&#xD;
&#xD;
2019-08-22 19:07:12 - [MESSAGE][INFO] - --- Open Party Onboarding in Menu Search ---&#xD;
&#xD;
2019-08-22 19:07:12 - [TEST_STEP][PASSED] - partyOnboardingPersonal.inputPartyOnboardingMenuSearch(): Object 'menuSearch_txt' is present&#xD;
&#xD;
2019-08-22 19:07:12 - [MESSAGE][PASSED] - Object 'Object Repository/Menu_Search' is visible&#xD;
&#xD;
2019-08-22 19:07:13 - [MESSAGE][PASSED] - Keys 'ENTER + Party Onboarding' sent to object: 'Object Repository/Menu_Search'&#xD;
&#xD;
2019-08-22 19:07:13 - [MESSAGE][PASSED] - Object 'menuSearch_txt' is present&#xD;
&#xD;
2019-08-22 19:07:13 - [TEST_STEP][PASSED] - log.logInfo("--- Input Local Global ---"): --- Input Local Global ---&#xD;
&#xD;
2019-08-22 19:07:13 - [MESSAGE][INFO] - --- Input Local Global ---&#xD;
&#xD;
2019-08-22 19:07:13 - [TEST_STEP][PASSED] - partyOnboardingPersonal.inputLocalGlobal(s05_localglobal): Keys 'Local Private' sent to object: 'Object Repository/PartyOnboarding/PartyOnboarding/Local Global'&#xD;
&#xD;
2019-08-22 19:07:14 - [MESSAGE][PASSED] - Text of object 'Object Repository/PartyOnboarding/PartyOnboarding/Local Global' is cleared&#xD;
&#xD;
2019-08-22 19:07:14 - [MESSAGE][PASSED] - Object 'Object Repository/PartyOnboarding/PartyOnboarding/Local Global' is visible&#xD;
&#xD;
2019-08-22 19:07:14 - [MESSAGE][PASSED] - Object 'Object Repository/PartyOnboarding/PartyOnboarding/Local Global' is visible&#xD;
&#xD;
2019-08-22 19:07:14 - [MESSAGE][PASSED] - Keys 'Local Private' sent to object: 'Object Repository/PartyOnboarding/PartyOnboarding/Local Global'&#xD;
&#xD;
2019-08-22 19:07:14 - [TEST_STEP][PASSED] - log.logInfo("--- Input Party Type ---"): --- Input Party Type ---&#xD;
&#xD;
2019-08-22 19:07:14 - [MESSAGE][INFO] - --- Input Party Type ---&#xD;
&#xD;
2019-08-22 19:07:14 - [TEST_STEP][PASSED] - partyOnboardingPersonal.inputPartyType(s05_partytype): Keys 'TAB + Personal' sent to object: 'Object Repository/PartyOnboarding/PartyOnboarding/Party Type'&#xD;
&#xD;
2019-08-22 19:07:14 - [MESSAGE][PASSED] - Object 'Object Repository/PartyOnboarding/PartyOnboarding/Party Type' is visible&#xD;
&#xD;
2019-08-22 19:07:15 - [MESSAGE][PASSED] - Keys 'TAB + Personal' sent to object: 'Object Repository/PartyOnboarding/PartyOnboarding/Party Type'&#xD;
&#xD;
2019-08-22 19:07:15 - [TEST_STEP][PASSED] - log.logInfo("--- Input Party Sub Type ---"): --- Input Party Sub Type ---&#xD;
&#xD;
2019-08-22 19:07:15 - [MESSAGE][INFO] - --- Input Party Sub Type ---&#xD;
&#xD;
2019-08-22 19:07:15 - [TEST_STEP][PASSED] - partyOnboardingPersonal.inputPartySubType(s05_partysubtype): Keys 'Individual' sent to object: 'Object Repository/PartyOnboarding/PartyOnboarding/Party Sub-Type'&#xD;
&#xD;
2019-08-22 19:07:16 - [MESSAGE][PASSED] - Delayed 1 second(s)&#xD;
&#xD;
2019-08-22 19:07:16 - [MESSAGE][PASSED] - Object 'Object Repository/PartyOnboarding/PartyOnboarding/Party Type' is visible&#xD;
&#xD;
2019-08-22 19:07:16 - [MESSAGE][PASSED] - Keys 'Individual' sent to object: 'Object Repository/PartyOnboarding/PartyOnboarding/Party Sub-Type'&#xD;
&#xD;
2019-08-22 19:07:16 - [TEST_STEP][PASSED] - log.logInfo("--- Input Party Category ---"): --- Input Party Category ---&#xD;
&#xD;
2019-08-22 19:07:16 - [MESSAGE][INFO] - --- Input Party Category ---&#xD;
&#xD;
2019-08-22 19:07:16 - [TEST_STEP][PASSED] - partyOnboardingPersonal.inputPartyCategory(s05_partycategory): Keys 'Full' sent to object: 'Object Repository/PartyOnboarding/PartyOnboarding/Party Category'&#xD;
&#xD;
2019-08-22 19:07:16 - [MESSAGE][PASSED] - Object 'Object Repository/PartyOnboarding/PartyOnboarding/Party Category' is visible&#xD;
&#xD;
2019-08-22 19:07:16 - [MESSAGE][PASSED] - Keys 'Full' sent to object: 'Object Repository/PartyOnboarding/PartyOnboarding/Party Category'&#xD;
&#xD;
2019-08-22 19:07:16 - [TEST_STEP][PASSED] - log.logInfo("--- Check Line of Business ---"): --- Check Line of Business ---&#xD;
&#xD;
2019-08-22 19:07:16 - [MESSAGE][INFO] - --- Check Line of Business ---&#xD;
&#xD;
2019-08-22 19:07:16 - [TEST_STEP][PASSED] - log.logInfo("--- Click Next to Party Check List  ---"): --- Click Next to Party Check List  ---&#xD;
&#xD;
2019-08-22 19:07:16 - [MESSAGE][INFO] - --- Click Next to Party Check List  ---&#xD;
&#xD;
2019-08-22 19:07:16 - [TEST_STEP][PASSED] - partyOnboardingPersonal.clickNextbutton(): Object: 'Object Repository/PartyOnboarding/btn_Next' is clicked on&#xD;
&#xD;
2019-08-22 19:07:16 - [MESSAGE][PASSED] - Object 'Object Repository/PartyOnboarding/btn_Next' is visible&#xD;
&#xD;
2019-08-22 19:07:16 - [MESSAGE][PASSED] - Object: 'Object Repository/PartyOnboarding/btn_Next' is clicked on&#xD;
&#xD;
2019-08-22 19:07:16 - [TEST_STEP][PASSED] - delay(1): Delayed 1 second(s)&#xD;
&#xD;
2019-08-22 19:07:17 - [MESSAGE][PASSED] - Delayed 1 second(s)&#xD;
&#xD;
2019-08-22 19:07:17 - [TEST_STEP][PASSED] - log.logInfo("--- Click Next to Party Pre-Existence Check  ---"): --- Click Next to Party Pre-Existence Check  ---&#xD;
&#xD;
2019-08-22 19:07:17 - [MESSAGE][INFO] - --- Click Next to Party Pre-Existence Check  ---&#xD;
&#xD;
2019-08-22 19:07:17 - [TEST_STEP][PASSED] - partyOnboardingPersonal.clickNextbutton(): Object: 'Object Repository/PartyOnboarding/btn_Next' is clicked on&#xD;
&#xD;
2019-08-22 19:07:17 - [MESSAGE][PASSED] - Object 'Object Repository/PartyOnboarding/btn_Next' is visible&#xD;
&#xD;
2019-08-22 19:07:18 - [MESSAGE][PASSED] - Object: 'Object Repository/PartyOnboarding/btn_Next' is clicked on&#xD;
&#xD;
2019-08-22 19:07:18 - [TEST_STEP][PASSED] - delay(1): Delayed 1 second(s)&#xD;
&#xD;
2019-08-22 19:07:19 - [MESSAGE][PASSED] - Delayed 1 second(s)&#xD;
&#xD;
2019-08-22 19:07:19 - [TEST_STEP][PASSED] - log.logInfo("--- Input data on Party Pre-Existence Check  ---"): --- Input data on Party Pre-Existence Check  ---&#xD;
&#xD;
2019-08-22 19:07:19 - [MESSAGE][INFO] - --- Input data on Party Pre-Existence Check  ---&#xD;
&#xD;
2019-08-22 19:07:19 - [TEST_STEP][PASSED] - partyOnboardingPersonal.inputPreExistenceCheck(s08_firstname, s08_dateofbirth, s08_nationalldType, s08_nationalldNo, s08_lastname, s08_strState, s08_district01, s08_district02, s08_district03, s08_strType, s08_strregstrationNo): Keys '237516' sent to object: 'Object Repository/PartyOnboarding/Personal/Pre-Existence Check/txt_NationalldNo'&#xD;
&#xD;
2019-08-22 19:07:19 - [MESSAGE][PASSED] - Object 'Object Repository/PartyOnboarding/Personal/Pre-Existence Check/txt_FirstName' is visible&#xD;
&#xD;
2019-08-22 19:07:19 - [MESSAGE][PASSED] - Keys 'ATO 0000001' sent to object: 'Object Repository/PartyOnboarding/Personal/Pre-Existence Check/txt_FirstName'&#xD;
&#xD;
2019-08-22 19:07:19 - [MESSAGE][PASSED] - Object 'Object Repository/PartyOnboarding/Personal/Pre-Existence Check/txt_LastName' is visible&#xD;
&#xD;
2019-08-22 19:07:19 - [MESSAGE][PASSED] - Keys 'Nguyen' sent to object: 'Object Repository/PartyOnboarding/Personal/Pre-Existence Check/txt_LastName'&#xD;
&#xD;
2019-08-22 19:07:19 - [MESSAGE][PASSED] - Object 'Object Repository/PartyOnboarding/Personal/Pre-Existence Check/txt_DateOfBirth' is visible&#xD;
&#xD;
2019-08-22 19:07:19 - [MESSAGE][PASSED] - Keys '12-17-1990' sent to object: 'Object Repository/PartyOnboarding/Personal/Pre-Existence Check/txt_DateOfBirth'&#xD;
&#xD;
2019-08-22 19:07:19 - [MESSAGE][PASSED] - Object 'Object Repository/PartyOnboarding/Personal/Pre-Existence Check/ddl_NationlldType' is visible&#xD;
&#xD;
2019-08-22 19:07:19 - [MESSAGE][PASSED] - Keys 'TAB + Birth Certificate Number' sent to object: 'Object Repository/PartyOnboarding/Personal/Pre-Existence Check/ddl_NationlldType'&#xD;
&#xD;
2019-08-22 19:07:19 - [MESSAGE][PASSED] - Object 'Object Repository/PartyOnboarding/Personal/Pre-Existence Check/txt_NationalldNo' is visible&#xD;
&#xD;
2019-08-22 19:07:20 - [MESSAGE][PASSED] - Keys '237516' sent to object: 'Object Repository/PartyOnboarding/Personal/Pre-Existence Check/txt_NationalldNo'&#xD;
&#xD;
2019-08-22 19:07:20 - [TEST_STEP][PASSED] - log.logInfo("--- Click Next button ---"): --- Click Next button ---&#xD;
&#xD;
2019-08-22 19:07:20 - [MESSAGE][INFO] - --- Click Next button ---&#xD;
&#xD;
2019-08-22 19:07:20 - [TEST_STEP][PASSED] - partyOnboardingPersonal.clickNextbutton(): Object: 'Object Repository/PartyOnboarding/btn_Next' is clicked on&#xD;
&#xD;
2019-08-22 19:07:20 - [MESSAGE][PASSED] - Object 'Object Repository/PartyOnboarding/btn_Next' is visible&#xD;
&#xD;
2019-08-22 19:07:20 - [MESSAGE][PASSED] - Object: 'Object Repository/PartyOnboarding/btn_Next' is clicked on&#xD;
&#xD;
2019-08-22 19:07:20 - [TEST_STEP][PASSED] - log.logInfo("--- Key in data all required fields on Personal Party - PartyId ---"): --- Key in data all required fields on Personal Party - PartyId ---&#xD;
&#xD;
2019-08-22 19:07:20 - [MESSAGE][INFO] - --- Key in data all required fields on Personal Party - PartyId ---&#xD;
&#xD;
2019-08-22 19:07:20 - [TEST_STEP][PASSED] - partyOnboardingPersonal.inputPartyId(): Web element with id: 'Object Repository/PartyOnboarding/Personal/PersonalParty/Message/pop_ErrorDuplicatePartyID' located by 'By.xpath: //textarea[@name='03messages']' not found&#xD;
&#xD;
2019-08-22 19:07:22 - [MESSAGE][PASSED] - Object 'Object Repository/PartyOnboarding/Personal/PersonalParty/txt_PartyID' is visible&#xD;
&#xD;
2019-08-22 19:07:22 - [MESSAGE][PASSED] - Object 'Object Repository/PartyOnboarding/Personal/PersonalParty/txt_PartyID' is visible&#xD;
&#xD;
2019-08-22 19:07:22 - [MESSAGE][PASSED] - Keys 'TAB + xkI6HCvA' sent to object: 'Object Repository/PartyOnboarding/Personal/PersonalParty/txt_PartyID'&#xD;
&#xD;
2019-08-22 19:07:53 - [MESSAGE][INFO] - Unable to find the element located by 'By.xpath: //textarea[@name='03messages']'. Please recheck the objects properties to make sure the desired element is located. &#xD;
&#xD;
2019-08-22 19:07:53 - [MESSAGE][WARNING] - Web element with id: 'Object Repository/PartyOnboarding/Personal/PersonalParty/Message/pop_ErrorDuplicatePartyID' located by 'By.xpath: //textarea[@name='03messages']' not found&#xD;
&#xD;
2019-08-22 19:07:53 - [TEST_STEP][PASSED] - log.logInfo("--- Key in data all required fields on Personal Party - Input Nation Identifer Type ---"): --- Key in data all required fields on Personal Party - Input Nation Identifer Type ---&#xD;
&#xD;
2019-08-22 19:07:53 - [MESSAGE][INFO] - --- Key in data all required fields on Personal Party - Input Nation Identifer Type ---&#xD;
&#xD;
2019-08-22 19:07:53 - [TEST_STEP][PASSED] - partyOnboardingPersonal.inputNationalIdentifierType(s09_nationIdentifierType): Keys 'TAB + Passport' sent to object: 'Object Repository/PartyOnboarding/Personal/PersonalParty/ddl_NationalIdentifierType'&#xD;
&#xD;
2019-08-22 19:07:53 - [MESSAGE][PASSED] - Object 'Object Repository/PartyOnboarding/Personal/PersonalParty/ddl_NationalIdentifierType' is visible&#xD;
&#xD;
2019-08-22 19:07:53 - [MESSAGE][PASSED] - Keys 'TAB + Passport' sent to object: 'Object Repository/PartyOnboarding/Personal/PersonalParty/ddl_NationalIdentifierType'&#xD;
&#xD;
2019-08-22 19:07:53 - [TEST_STEP][PASSED] - log.logInfo("--- Key in data all required fields on Personal Party - Input Nation Identifer ---"): --- Key in data all required fields on Personal Party - Input Nation Identifer ---&#xD;
&#xD;
2019-08-22 19:07:53 - [MESSAGE][INFO] - --- Key in data all required fields on Personal Party - Input Nation Identifer ---&#xD;
&#xD;
2019-08-22 19:07:53 - [TEST_STEP][PASSED] - partyOnboardingPersonal.inputNationalIdentifier(s09_nationIdentifier): Keys 'TAB + 12345601' sent to object: 'Object Repository/PartyOnboarding/Personal/PersonalParty/txt_NationalIdentifier'&#xD;
&#xD;
2019-08-22 19:07:54 - [MESSAGE][PASSED] - Object 'Object Repository/PartyOnboarding/Personal/PersonalParty/txt_NationalIdentifier' is visible&#xD;
&#xD;
2019-08-22 19:07:54 - [MESSAGE][PASSED] - Keys 'TAB + 12345601' sent to object: 'Object Repository/PartyOnboarding/Personal/PersonalParty/txt_NationalIdentifier'&#xD;
&#xD;
2019-08-22 19:07:54 - [TEST_STEP][PASSED] - log.logInfo("--- Key in data all required fields on Personal Party - Input Title ---"): --- Key in data all required fields on Personal Party - Input Title ---&#xD;
&#xD;
2019-08-22 19:07:54 - [MESSAGE][INFO] - --- Key in data all required fields on Personal Party - Input Title ---&#xD;
&#xD;
2019-08-22 19:07:54 - [TEST_STEP][PASSED] - partyOnboardingPersonal.inputTitle(s09_title): Keys 'TAB + Ms' sent to object: 'Object Repository/PartyOnboarding/Personal/PersonalParty/ddl_Title'&#xD;
&#xD;
2019-08-22 19:07:54 - [MESSAGE][PASSED] - Object 'Object Repository/PartyOnboarding/Personal/PersonalParty/ddl_Title' is visible&#xD;
&#xD;
2019-08-22 19:07:54 - [MESSAGE][PASSED] - Keys 'TAB + Ms' sent to object: 'Object Repository/PartyOnboarding/Personal/PersonalParty/ddl_Title'&#xD;
&#xD;
2019-08-22 19:07:54 - [TEST_STEP][PASSED] - log.logInfo("--- Key in data all required fields on Personal Party - Input Employment Status ---"): --- Key in data all required fields on Personal Party - Input Employment Status ---&#xD;
&#xD;
2019-08-22 19:07:54 - [MESSAGE][INFO] - --- Key in data all required fields on Personal Party - Input Employment Status ---&#xD;
&#xD;
2019-08-22 19:07:54 - [TEST_STEP][PASSED] - partyOnboardingPersonal.inputEmploymentStatus(s09_employmentStatus): Keys 'TAB + Student' sent to object: 'Object Repository/PartyOnboarding/Personal/PersonalParty/ddl_EmploymentStatus'&#xD;
&#xD;
2019-08-22 19:07:54 - [MESSAGE][PASSED] - Object 'Object Repository/PartyOnboarding/Personal/PersonalParty/ddl_EmploymentStatus' is visible&#xD;
&#xD;
2019-08-22 19:07:54 - [MESSAGE][PASSED] - Keys 'TAB + Student' sent to object: 'Object Repository/PartyOnboarding/Personal/PersonalParty/ddl_EmploymentStatus'&#xD;
&#xD;
2019-08-22 19:07:54 - [TEST_STEP][PASSED] - log.logInfo("--- Key in data all required fields on Personal Party - Input Gender ---"): --- Key in data all required fields on Personal Party - Input Gender ---&#xD;
&#xD;
2019-08-22 19:07:54 - [MESSAGE][INFO] - --- Key in data all required fields on Personal Party - Input Gender ---&#xD;
&#xD;
2019-08-22 19:07:54 - [TEST_STEP][PASSED] - partyOnboardingPersonal.inputGender(s09_gender): Keys 'TAB + Female' sent to object: 'Object Repository/PartyOnboarding/Personal/PersonalParty/ddl_Gender'&#xD;
&#xD;
2019-08-22 19:07:54 - [MESSAGE][PASSED] - Object 'Object Repository/PartyOnboarding/Personal/PersonalParty/ddl_Gender' is visible&#xD;
&#xD;
2019-08-22 19:07:54 - [MESSAGE][PASSED] - Keys 'TAB + Female' sent to object: 'Object Repository/PartyOnboarding/Personal/PersonalParty/ddl_Gender'&#xD;
&#xD;
2019-08-22 19:07:54 - [TEST_STEP][PASSED] - log.logInfo("--- Key in data all required fields on Personal Party - Input Civil Status ---"): --- Key in data all required fields on Personal Party - Input Civil Status ---&#xD;
&#xD;
2019-08-22 19:07:54 - [MESSAGE][INFO] - --- Key in data all required fields on Personal Party - Input Civil Status ---&#xD;
&#xD;
2019-08-22 19:07:54 - [TEST_STEP][PASSED] - partyOnboardingPersonal.inputCivilStatus(s09_civilStatus): Keys 'TAB + Single' sent to object: 'Object Repository/PartyOnboarding/Personal/PersonalParty/txt_CivilStatus'&#xD;
&#xD;
2019-08-22 19:07:54 - [MESSAGE][PASSED] - Object 'Object Repository/PartyOnboarding/Personal/PersonalParty/txt_CivilStatus' is visible&#xD;
&#xD;
2019-08-22 19:07:55 - [MESSAGE][PASSED] - Keys 'TAB + Single' sent to object: 'Object Repository/PartyOnboarding/Personal/PersonalParty/txt_CivilStatus'&#xD;
&#xD;
2019-08-22 19:07:55 - [TEST_STEP][PASSED] - log.logInfo("--- Key in data all required fields on Personal Party - Input Mother's Maiden Name ---"): --- Key in data all required fields on Personal Party - Input Mother's Maiden Name ---&#xD;
&#xD;
2019-08-22 19:07:55 - [MESSAGE][INFO] - --- Key in data all required fields on Personal Party - Input Mother's Maiden Name ---&#xD;
&#xD;
2019-08-22 19:07:55 - [TEST_STEP][PASSED] - partyOnboardingPersonal.inputMotherMaidenName(s09_motherMaidenName): Keys 'TAB + Mother's Name' sent to object: 'Object Repository/PartyOnboarding/Personal/PersonalParty/txt_MothersMaidenName'&#xD;
&#xD;
2019-08-22 19:07:55 - [MESSAGE][PASSED] - Object 'Object Repository/PartyOnboarding/Personal/PersonalParty/txt_MothersMaidenName' is visible&#xD;
&#xD;
2019-08-22 19:07:55 - [MESSAGE][PASSED] - Keys 'TAB + Mother's Name' sent to object: 'Object Repository/PartyOnboarding/Personal/PersonalParty/txt_MothersMaidenName'&#xD;
&#xD;
2019-08-22 19:07:55 - [TEST_STEP][PASSED] - log.logInfo("--- Key in data all required fields on Personal Party - Input Short Name ---"): --- Key in data all required fields on Personal Party - Input Short Name ---&#xD;
&#xD;
2019-08-22 19:07:55 - [MESSAGE][INFO] - --- Key in data all required fields on Personal Party - Input Short Name ---&#xD;
&#xD;
2019-08-22 19:07:55 - [TEST_STEP][PASSED] - partyOnboardingPersonal.inputShortName(s09_shortName): Keys 'TAB + Le 11' sent to object: 'Object Repository/PartyOnboarding/Personal/PersonalParty/txt_ShortName'&#xD;
&#xD;
2019-08-22 19:07:55 - [MESSAGE][PASSED] - Object 'Object Repository/PartyOnboarding/Personal/PersonalParty/txt_ShortName' is visible&#xD;
&#xD;
2019-08-22 19:07:55 - [MESSAGE][PASSED] - Keys 'TAB + Le 11' sent to object: 'Object Repository/PartyOnboarding/Personal/PersonalParty/txt_ShortName'&#xD;
&#xD;
2019-08-22 19:07:55 - [TEST_STEP][PASSED] - log.logInfo("---Key in data all required fields on Personal Party - Input Grandfather's Name ---"): ---Key in data all required fields on Personal Party - Input Grandfather's Name ---&#xD;
&#xD;
2019-08-22 19:07:55 - [MESSAGE][INFO] - ---Key in data all required fields on Personal Party - Input Grandfather's Name ---&#xD;
&#xD;
2019-08-22 19:07:55 - [TEST_STEP][PASSED] - partyOnboardingPersonal.inputGrandfatherName(s09_grandfatherName): Keys 'TAB + Grandfatther' sent to object: 'Object Repository/PartyOnboarding/Personal/PersonalParty/txt_GrandfathersName'&#xD;
&#xD;
2019-08-22 19:07:55 - [MESSAGE][PASSED] - Object 'Object Repository/PartyOnboarding/Personal/PersonalParty/txt_GrandfathersName' is visible&#xD;
&#xD;
2019-08-22 19:07:55 - [MESSAGE][PASSED] - Keys 'TAB + Grandfatther' sent to object: 'Object Repository/PartyOnboarding/Personal/PersonalParty/txt_GrandfathersName'&#xD;
&#xD;
2019-08-22 19:07:55 - [TEST_STEP][PASSED] - log.logInfo("---Key in data all required fields on Personal Party - Input Nationality ---"): ---Key in data all required fields on Personal Party - Input Nationality ---&#xD;
&#xD;
2019-08-22 19:07:55 - [MESSAGE][INFO] - ---Key in data all required fields on Personal Party - Input Nationality ---&#xD;
&#xD;
2019-08-22 19:07:55 - [TEST_STEP][PASSED] - partyOnboardingPersonal.inputNationality(s09_nationality): Keys 'TAB + Myanmar' sent to object: 'Object Repository/PartyOnboarding/Personal/PersonalParty/ddl_Nationality'&#xD;
&#xD;
2019-08-22 19:07:55 - [MESSAGE][PASSED] - Object 'Object Repository/PartyOnboarding/Personal/PersonalParty/ddl_Nationality' is visible&#xD;
&#xD;
2019-08-22 19:07:55 - [MESSAGE][PASSED] - Keys 'TAB + Myanmar' sent to object: 'Object Repository/PartyOnboarding/Personal/PersonalParty/ddl_Nationality'&#xD;
&#xD;
2019-08-22 19:07:55 - [TEST_STEP][PASSED] - log.logInfo("--- Key in data all required fields on Personal Party - Input Resident Status ---"): --- Key in data all required fields on Personal Party - Input Resident Status ---&#xD;
&#xD;
2019-08-22 19:07:55 - [MESSAGE][INFO] - --- Key in data all required fields on Personal Party - Input Resident Status ---&#xD;
&#xD;
2019-08-22 19:07:55 - [TEST_STEP][PASSED] - partyOnboardingPersonal.inputResidentStatus(s09_residentStatus): Keys 'Diplomat' sent to object: 'Object Repository/PartyOnboarding/Personal/PersonalParty/ddl_ResidentStatus'&#xD;
&#xD;
2019-08-22 19:07:56 - [MESSAGE][PASSED] - Object 'Object Repository/PartyOnboarding/Personal/PersonalParty/ddl_ResidentStatus' is visible&#xD;
&#xD;
2019-08-22 19:07:56 - [MESSAGE][PASSED] - Keys 'Diplomat' sent to object: 'Object Repository/PartyOnboarding/Personal/PersonalParty/ddl_ResidentStatus'&#xD;
&#xD;
2019-08-22 19:07:56 - [TEST_STEP][PASSED] - log.logInfo("--- Key in data all required fields on Personal Party - Input Tax ID Number ---"): --- Key in data all required fields on Personal Party - Input Tax ID Number ---&#xD;
&#xD;
2019-08-22 19:07:56 - [MESSAGE][INFO] - --- Key in data all required fields on Personal Party - Input Tax ID Number ---&#xD;
&#xD;
2019-08-22 19:07:56 - [TEST_STEP][PASSED] - partyOnboardingPersonal.inputTaxIDNumber(s09_taxIDNumber): Keys 'TAB + 12345678' sent to object: 'Object Repository/PartyOnboarding/Personal/PersonalParty/txt_TaxIDNumber'&#xD;
&#xD;
2019-08-22 19:07:56 - [MESSAGE][PASSED] - Object 'Object Repository/PartyOnboarding/Personal/PersonalParty/txt_TaxIDNumber' is visible&#xD;
&#xD;
2019-08-22 19:07:56 - [MESSAGE][PASSED] - Keys 'TAB + 12345678' sent to object: 'Object Repository/PartyOnboarding/Personal/PersonalParty/txt_TaxIDNumber'&#xD;
&#xD;
2019-08-22 19:07:56 - [TEST_STEP][PASSED] - log.logInfo("--- Key in data all required fields on Personal Party - Input Religion ---"): --- Key in data all required fields on Personal Party - Input Religion ---&#xD;
&#xD;
2019-08-22 19:07:56 - [MESSAGE][INFO] - --- Key in data all required fields on Personal Party - Input Religion ---&#xD;
&#xD;
2019-08-22 19:07:56 - [TEST_STEP][PASSED] - partyOnboardingPersonal.inputReligion(s09_religion): Keys 'TAB + Christianity' sent to object: 'Object Repository/PartyOnboarding/Personal/PersonalParty/ddl_Religion'&#xD;
&#xD;
2019-08-22 19:07:56 - [MESSAGE][PASSED] - Object 'Object Repository/PartyOnboarding/Personal/PersonalParty/ddl_Religion' is visible&#xD;
&#xD;
2019-08-22 19:07:56 - [MESSAGE][PASSED] - Keys 'TAB + Christianity' sent to object: 'Object Repository/PartyOnboarding/Personal/PersonalParty/ddl_Religion'&#xD;
&#xD;
2019-08-22 19:07:56 - [TEST_STEP][PASSED] - log.logInfo("--- Key in data all required fields on Personal Party - Click Next button ---"): --- Key in data all required fields on Personal Party - Click Next button ---&#xD;
&#xD;
2019-08-22 19:07:56 - [MESSAGE][INFO] - --- Key in data all required fields on Personal Party - Click Next button ---&#xD;
&#xD;
2019-08-22 19:07:56 - [TEST_STEP][PASSED] - partyOnboardingPersonal.clickNextbutton(): Object: 'Object Repository/PartyOnboarding/btn_Next' is clicked on&#xD;
&#xD;
2019-08-22 19:07:56 - [MESSAGE][PASSED] - Object 'Object Repository/PartyOnboarding/btn_Next' is visible&#xD;
&#xD;
2019-08-22 19:07:56 - [MESSAGE][PASSED] - Object: 'Object Repository/PartyOnboarding/btn_Next' is clicked on&#xD;
&#xD;
2019-08-22 19:07:56 - [TEST_STEP][PASSED] - log.logInfo("--- Key in data all required fields on Personal Party - Click Process on Warning box ---"): --- Key in data all required fields on Personal Party - Click Process on Warning box ---&#xD;
&#xD;
2019-08-22 19:07:56 - [MESSAGE][INFO] - --- Key in data all required fields on Personal Party - Click Process on Warning box ---&#xD;
&#xD;
2019-08-22 19:07:56 - [TEST_STEP][PASSED] - partyOnboardingPersonal.clickProcessInWarningBox(): Object: 'Object Repository/PartyOnboarding/Personal/PersonalParty/btn_Warnings_Proceed_NotCapture' is clicked on&#xD;
&#xD;
2019-08-22 19:07:57 - [MESSAGE][PASSED] - Object 'Object Repository/PartyOnboarding/Personal/PersonalParty/btn_Warnings_Proceed_NotCapture' is visible&#xD;
&#xD;
2019-08-22 19:07:57 - [MESSAGE][PASSED] - Object: 'Object Repository/PartyOnboarding/Personal/PersonalParty/btn_Warnings_Proceed_NotCapture' is clicked on&#xD;
&#xD;
2019-08-22 19:07:57 - [TEST_STEP][PASSED] - log.logInfo("--- Input required fields for Party Address - Input Address Type, User of Communication and Valid From---"): --- Input required fields for Party Address - Input Address Type, User of Communication and Valid From---&#xD;
&#xD;
2019-08-22 19:07:57 - [MESSAGE][INFO] - --- Input required fields for Party Address - Input Address Type, User of Communication and Valid From---&#xD;
&#xD;
2019-08-22 19:07:57 - [TEST_STEP][PASSED] - partyOnboardingPersonal.inputRDataForAddressParty(s10_addressType, s10_userForCommunication, s10_validFrom): Execute JavaScript 'arguments[0].click();' successfully&#xD;
&#xD;
2019-08-22 19:07:59 - [MESSAGE][PASSED] - Object 'Object Repository/PartyOnboarding/Personal/PartyAddress/button_New Row_PartyAddress' is visible&#xD;
&#xD;
2019-08-22 19:07:59 - [MESSAGE][PASSED] - Execute JavaScript 'arguments[0].click();' successfully&#xD;
&#xD;
2019-08-22 19:07:59 - [MESSAGE][PASSED] - Object 'Object Repository/PartyOnboarding/Personal/PartyAddress/Address Type' is visible&#xD;
&#xD;
2019-08-22 19:07:59 - [MESSAGE][PASSED] - Keys 'TAB + Home Address' sent to object: 'Object Repository/PartyOnboarding/Personal/PartyAddress/Address Type'&#xD;
&#xD;
2019-08-22 19:08:00 - [MESSAGE][PASSED] - Object 'Object Repository/PartyOnboarding/Personal/PartyAddress/Valid From' is visible&#xD;
&#xD;
2019-08-22 19:08:00 - [MESSAGE][PASSED] - Text of object 'Object Repository/PartyOnboarding/Personal/PartyAddress/Valid From' is cleared&#xD;
&#xD;
2019-08-22 19:08:00 - [MESSAGE][PASSED] - Object 'Object Repository/PartyOnboarding/Personal/PartyAddress/Valid From' is visible&#xD;
&#xD;
2019-08-22 19:08:00 - [MESSAGE][PASSED] - Keys '2018-01-14' sent to object: 'Object Repository/PartyOnboarding/Personal/PartyAddress/Valid From'&#xD;
&#xD;
2019-08-22 19:08:00 - [MESSAGE][PASSED] - Object 'Object Repository/PartyOnboarding/Personal/PartyAddress/chk_Use  for Communication' is present&#xD;
&#xD;
2019-08-22 19:08:00 - [MESSAGE][PASSED] - Attribute 'aria-checked' of object 'Object Repository/PartyOnboarding/Personal/PartyAddress/chk_Use  for Communication' is: 'false'&#xD;
&#xD;
2019-08-22 19:08:00 - [MESSAGE][PASSED] - Object 'Object Repository/PartyOnboarding/Personal/PartyAddress/chk_Use  for Communication' is checked&#xD;
&#xD;
2019-08-22 19:08:00 - [MESSAGE][PASSED] - Object 'Object Repository/PartyOnboarding/Personal/PartyAddress/SaveRow' is visible&#xD;
&#xD;
2019-08-22 19:08:00 - [MESSAGE][PASSED] - Execute JavaScript 'arguments[0].click();' successfully&#xD;
&#xD;
2019-08-22 19:08:00 - [MESSAGE][PASSED] - Object 'Object Repository/PartyOnboarding/Personal/PartyAddress/button_New Row_PartyAddress' is visible&#xD;
&#xD;
2019-08-22 19:08:00 - [MESSAGE][PASSED] - Execute JavaScript 'arguments[0].click();' successfully&#xD;
&#xD;
2019-08-22 19:08:00 - [MESSAGE][PASSED] - Object 'Object Repository/PartyOnboarding/Personal/PartyAddress/Address Type' is visible&#xD;
&#xD;
2019-08-22 19:08:01 - [MESSAGE][PASSED] - Keys 'TAB + Office Address' sent to object: 'Object Repository/PartyOnboarding/Personal/PartyAddress/Address Type'&#xD;
&#xD;
2019-08-22 19:08:01 - [MESSAGE][PASSED] - Object 'Object Repository/PartyOnboarding/Personal/PartyAddress/Valid From' is visible&#xD;
&#xD;
2019-08-22 19:08:01 - [MESSAGE][PASSED] - Text of object 'Object Repository/PartyOnboarding/Personal/PartyAddress/Valid From' is cleared&#xD;
&#xD;
2019-08-22 19:08:01 - [MESSAGE][PASSED] - Object 'Object Repository/PartyOnboarding/Personal/PartyAddress/Valid From' is visible&#xD;
&#xD;
2019-08-22 19:08:02 - [MESSAGE][PASSED] - Keys '2018-01-17' sent to object: 'Object Repository/PartyOnboarding/Personal/PartyAddress/Valid From'&#xD;
&#xD;
2019-08-22 19:08:02 - [MESSAGE][PASSED] - Object 'Object Repository/PartyOnboarding/Personal/PartyAddress/SaveRow' is visible&#xD;
&#xD;
2019-08-22 19:08:02 - [MESSAGE][PASSED] - Execute JavaScript 'arguments[0].click();' successfully&#xD;
&#xD;
2019-08-22 19:08:02 - [MESSAGE][PASSED] - Object 'Object Repository/PartyOnboarding/Personal/PartyAddress/button_New Row_PartyAddress' is visible&#xD;
&#xD;
2019-08-22 19:08:02 - [MESSAGE][PASSED] - Execute JavaScript 'arguments[0].click();' successfully&#xD;
&#xD;
2019-08-22 19:08:02 - [MESSAGE][PASSED] - Object 'Object Repository/PartyOnboarding/Personal/PartyAddress/Address Type' is visible&#xD;
&#xD;
2019-08-22 19:08:02 - [MESSAGE][PASSED] - Keys 'TAB + Current Address' sent to object: 'Object Repository/PartyOnboarding/Personal/PartyAddress/Address Type'&#xD;
&#xD;
2019-08-22 19:08:02 - [MESSAGE][PASSED] - Object 'Object Repository/PartyOnboarding/Personal/PartyAddress/Valid From' is visible&#xD;
&#xD;
2019-08-22 19:08:02 - [MESSAGE][PASSED] - Text of object 'Object Repository/PartyOnboarding/Personal/PartyAddress/Valid From' is cleared&#xD;
&#xD;
2019-08-22 19:08:02 - [MESSAGE][PASSED] - Object 'Object Repository/PartyOnboarding/Personal/PartyAddress/Valid From' is visible&#xD;
&#xD;
2019-08-22 19:08:03 - [MESSAGE][PASSED] - Keys '2017-01-17' sent to object: 'Object Repository/PartyOnboarding/Personal/PartyAddress/Valid From'&#xD;
&#xD;
2019-08-22 19:08:03 - [MESSAGE][PASSED] - Object 'Object Repository/PartyOnboarding/Personal/PartyAddress/SaveRow' is visible&#xD;
&#xD;
2019-08-22 19:08:03 - [MESSAGE][PASSED] - Execute JavaScript 'arguments[0].click();' successfully&#xD;
&#xD;
2019-08-22 19:08:03 - [TEST_STEP][PASSED] - log.logInfo("--- Input required fields for Party Address - click Next button---"): --- Input required fields for Party Address - click Next button---&#xD;
&#xD;
2019-08-22 19:08:03 - [MESSAGE][INFO] - --- Input required fields for Party Address - click Next button---&#xD;
&#xD;
2019-08-22 19:08:03 - [TEST_STEP][PASSED] - partyOnboardingPersonal.clickNextbutton(): Object: 'Object Repository/PartyOnboarding/btn_Next' is clicked on&#xD;
&#xD;
2019-08-22 19:08:03 - [MESSAGE][PASSED] - Object 'Object Repository/PartyOnboarding/btn_Next' is visible&#xD;
&#xD;
2019-08-22 19:08:03 - [MESSAGE][PASSED] - Object: 'Object Repository/PartyOnboarding/btn_Next' is clicked on&#xD;
&#xD;
2019-08-22 19:08:03 - [TEST_STEP][PASSED] - log.logInfo("--- Input data for Party Contacts ---"): --- Input data for Party Contacts ---&#xD;
&#xD;
2019-08-22 19:08:03 - [MESSAGE][INFO] - --- Input data for Party Contacts ---&#xD;
&#xD;
2019-08-22 19:08:03 - [TEST_STEP][PASSED] - partyOnboardingPersonal.inputDataForPartyContacts(s11_contactMethod, s11_contactTypeLocation, s11_contactCountryCode, s11_contactAreaCode, s11_contactNumber, s11_contactEmail, s11_confirmEmail, s11_validFrom): Execute JavaScript 'arguments[0].click();' successfully&#xD;
&#xD;
2019-08-22 19:08:04 - [MESSAGE][PASSED] - Object 'Object Repository/PartyOnboarding/Personal/PartyContacts/New Row' is visible&#xD;
&#xD;
2019-08-22 19:08:04 - [MESSAGE][PASSED] - Execute JavaScript 'arguments[0].click();' successfully&#xD;
&#xD;
2019-08-22 19:08:05 - [MESSAGE][PASSED] - Delayed 1 second(s)&#xD;
&#xD;
2019-08-22 19:08:05 - [MESSAGE][PASSED] - Object 'Object Repository/PartyOnboarding/Personal/PartyContacts/Contact Method' is visible&#xD;
&#xD;
2019-08-22 19:08:06 - [MESSAGE][PASSED] - Keys 'TAB + Telephone' sent to object: 'Object Repository/PartyOnboarding/Personal/PartyContacts/Contact Method'&#xD;
&#xD;
2019-08-22 19:08:07 - [MESSAGE][PASSED] - Delayed 1 second(s)&#xD;
&#xD;
2019-08-22 19:08:07 - [MESSAGE][PASSED] - Object 'Object Repository/PartyOnboarding/Personal/PartyContacts/Contact Type  Location' is visible&#xD;
&#xD;
2019-08-22 19:08:07 - [MESSAGE][PASSED] - Keys 'TAB + Personal' sent to object: 'Object Repository/PartyOnboarding/Personal/PartyContacts/Contact Type  Location'&#xD;
&#xD;
2019-08-22 19:08:07 - [MESSAGE][PASSED] - Object 'Object Repository/PartyOnboarding/Personal/PartyContacts/Contact Email' is visible&#xD;
&#xD;
2019-08-22 19:08:07 - [MESSAGE][PASSED] - Object 'Object Repository/PartyOnboarding/Personal/PartyContacts/Contact Email' has attribute 'readonly'&#xD;
&#xD;
2019-08-22 19:08:07 - [MESSAGE][PASSED] - Object 'Object Repository/PartyOnboarding/Personal/PartyContacts/Contact Number_03_Code' is visible&#xD;
&#xD;
2019-08-22 19:08:07 - [MESSAGE][PASSED] - Text of object 'Object Repository/PartyOnboarding/Personal/PartyContacts/Contact Number_03_Code' is cleared&#xD;
&#xD;
2019-08-22 19:08:07 - [MESSAGE][PASSED] - Object 'Object Repository/PartyOnboarding/Personal/PartyContacts/Contact Number_03_Code' is visible&#xD;
&#xD;
2019-08-22 19:08:07 - [MESSAGE][PASSED] - Keys '+95' sent to object: 'Object Repository/PartyOnboarding/Personal/PartyContacts/Contact Number_03_Code'&#xD;
&#xD;
2019-08-22 19:08:08 - [MESSAGE][PASSED] - Object 'Object Repository/PartyOnboarding/Personal/PartyContacts/Contact Number_AreaCode' is visible&#xD;
&#xD;
2019-08-22 19:08:08 - [MESSAGE][PASSED] - Keys '' sent to object: 'Object Repository/PartyOnboarding/Personal/PartyContacts/Contact Number_AreaCode'&#xD;
&#xD;
2019-08-22 19:08:08 - [MESSAGE][PASSED] - Object 'Object Repository/PartyOnboarding/Personal/PartyContacts/Contact Number_Number' is visible&#xD;
&#xD;
2019-08-22 19:08:08 - [MESSAGE][PASSED] - Keys '9697989901' sent to object: 'Object Repository/PartyOnboarding/Personal/PartyContacts/Contact Number_Number'&#xD;
&#xD;
2019-08-22 19:08:08 - [MESSAGE][PASSED] - Object 'Object Repository/PartyOnboarding/Personal/PartyContacts/Contact Number_03_Code' is visible&#xD;
&#xD;
2019-08-22 19:08:08 - [MESSAGE][WARNING] - Object 'Object Repository/PartyOnboarding/Personal/PartyContacts/Contact Number_03_Code' does not have attribute 'readonly' (Root cause: com.kms.katalon.core.exception.StepFailedException: Object 'Object Repository/PartyOnboarding/Personal/PartyContacts/Contact Number_03_Code' does not have attribute 'readonly'&#xD;
	at com.kms.katalon.core.webui.keyword.internal.WebUIKeywordMain.stepFailed(WebUIKeywordMain.groovy:64)&#xD;
	at com.kms.katalon.core.webui.keyword.builtin.VerifyElementHasAttributeKeyword$_verifyElementHasAttribute_closure1.doCall(VerifyElementHasAttributeKeyword.groovy:89)&#xD;
	at com.kms.katalon.core.webui.keyword.builtin.VerifyElementHasAttributeKeyword$_verifyElementHasAttribute_closure1.call(VerifyElementHasAttributeKeyword.groovy)&#xD;
	at com.kms.katalon.core.webui.keyword.internal.WebUIKeywordMain.runKeyword(WebUIKeywordMain.groovy:20)&#xD;
	at com.kms.katalon.core.webui.keyword.builtin.VerifyElementHasAttributeKeyword.verifyElementHasAttribute(VerifyElementHasAttributeKeyword.groovy:100)&#xD;
	at com.kms.katalon.core.webui.keyword.builtin.VerifyElementHasAttributeKeyword.execute(VerifyElementHasAttributeKeyword.groovy:69)&#xD;
	at com.kms.katalon.core.keyword.internal.KeywordExecutor.executeKeywordForPlatform(KeywordExecutor.groovy:56)&#xD;
	at com.kms.katalon.core.webui.keyword.WebUiBuiltInKeywords.verifyElementHasAttribute(WebUiBuiltInKeywords.groovy:3166)&#xD;
	at com.kms.katalon.core.webui.keyword.WebUiBuiltInKeywords$verifyElementHasAttribute$11.call(Unknown Source)&#xD;
	at pageObjects.PartyOnboarding.inputDataForPartyContacts(PartyOnboarding.groovy:736)&#xD;
	at PartyOnboardingPersonal.run(PartyOnboardingPersonal:77)&#xD;
	at com.kms.katalon.core.main.ScriptEngine.run(ScriptEngine.java:194)&#xD;
	at com.kms.katalon.core.main.ScriptEngine.runScriptAsRawText(ScriptEngine.java:119)&#xD;
	at com.kms.katalon.core.main.TestCaseExecutor.runScript(TestCaseExecutor.java:337)&#xD;
	at com.kms.katalon.core.main.TestCaseExecutor.doExecute(TestCaseExecutor.java:328)&#xD;
	at com.kms.katalon.core.main.TestCaseExecutor.processExecutionPhase(TestCaseExecutor.java:307)&#xD;
	at com.kms.katalon.core.main.TestCaseExecutor.accessMainPhase(TestCaseExecutor.java:299)&#xD;
	at com.kms.katalon.core.main.TestCaseExecutor.execute(TestCaseExecutor.java:233)&#xD;
	at com.kms.katalon.core.main.TestSuiteExecutor.accessTestCaseMainPhase(TestSuiteExecutor.java:133)&#xD;
	at com.kms.katalon.core.main.TestSuiteExecutor.accessTestSuiteMainPhase(TestSuiteExecutor.java:116)&#xD;
	at com.kms.katalon.core.main.TestSuiteExecutor.execute(TestSuiteExecutor.java:83)&#xD;
	at com.kms.katalon.core.main.TestCaseMain.startTestSuite(TestCaseMain.java:157)&#xD;
	at com.kms.katalon.core.main.TestCaseMain$startTestSuite$0.call(Unknown Source)&#xD;
	at TempTestSuite1566477413230.run(TempTestSuite1566477413230.groovy:35)&#xD;
)&#xD;
[[ATTACHMENT|C:\\ML\\JITS\\AYA\\Automation\\FBE\\FBE\\Reports\\DataPreparation\\PartyOnboardingPersonal\\20190822_190653\\1566477488529.png]]&#xD;
&#xD;
2019-08-22 19:08:08 - [MESSAGE][PASSED] - Object 'Object Repository/PartyOnboarding/Personal/PartyContacts/Valid From' is visible&#xD;
&#xD;
2019-08-22 19:08:09 - [MESSAGE][PASSED] - Text of object 'Object Repository/PartyOnboarding/Personal/PartyContacts/Valid From' is cleared&#xD;
&#xD;
2019-08-22 19:08:09 - [MESSAGE][PASSED] - Object 'Object Repository/PartyOnboarding/Personal/PartyContacts/Valid From' is visible&#xD;
&#xD;
2019-08-22 19:08:09 - [MESSAGE][PASSED] - Keys '2018-12-20' sent to object: 'Object Repository/PartyOnboarding/Personal/PartyContacts/Valid From'&#xD;
&#xD;
2019-08-22 19:08:09 - [MESSAGE][PASSED] - Object 'Object Repository/PartyOnboarding/Personal/PartyContacts/Save Row' is visible&#xD;
&#xD;
2019-08-22 19:08:09 - [MESSAGE][PASSED] - Execute JavaScript 'arguments[0].click();' successfully&#xD;
&#xD;
2019-08-22 19:08:09 - [MESSAGE][PASSED] - Object 'Object Repository/PartyOnboarding/Personal/PartyContacts/New Row' is visible&#xD;
&#xD;
2019-08-22 19:08:09 - [MESSAGE][PASSED] - Execute JavaScript 'arguments[0].click();' successfully&#xD;
&#xD;
2019-08-22 19:08:10 - [MESSAGE][PASSED] - Delayed 1 second(s)&#xD;
&#xD;
2019-08-22 19:08:10 - [MESSAGE][PASSED] - Object 'Object Repository/PartyOnboarding/Personal/PartyContacts/Contact Method' is visible&#xD;
&#xD;
2019-08-22 19:08:10 - [MESSAGE][PASSED] - Keys 'TAB + Mobile' sent to object: 'Object Repository/PartyOnboarding/Personal/PartyContacts/Contact Method'&#xD;
&#xD;
2019-08-22 19:08:11 - [MESSAGE][PASSED] - Delayed 1 second(s)&#xD;
&#xD;
2019-08-22 19:08:11 - [MESSAGE][PASSED] - Object 'Object Repository/PartyOnboarding/Personal/PartyContacts/Contact Type  Location' is visible&#xD;
&#xD;
2019-08-22 19:08:12 - [MESSAGE][PASSED] - Keys 'TAB + Work' sent to object: 'Object Repository/PartyOnboarding/Personal/PartyContacts/Contact Type  Location'&#xD;
&#xD;
2019-08-22 19:08:12 - [MESSAGE][PASSED] - Object 'Object Repository/PartyOnboarding/Personal/PartyContacts/Contact Email' is visible&#xD;
&#xD;
2019-08-22 19:08:12 - [MESSAGE][PASSED] - Object 'Object Repository/PartyOnboarding/Personal/PartyContacts/Contact Email' has attribute 'readonly'&#xD;
&#xD;
2019-08-22 19:08:12 - [MESSAGE][PASSED] - Object 'Object Repository/PartyOnboarding/Personal/PartyContacts/Contact Number_03_Code' is visible&#xD;
&#xD;
2019-08-22 19:08:12 - [MESSAGE][PASSED] - Text of object 'Object Repository/PartyOnboarding/Personal/PartyContacts/Contact Number_03_Code' is cleared&#xD;
&#xD;
2019-08-22 19:08:12 - [MESSAGE][PASSED] - Object 'Object Repository/PartyOnboarding/Personal/PartyContacts/Contact Number_03_Code' is visible&#xD;
&#xD;
2019-08-22 19:08:12 - [MESSAGE][PASSED] - Keys '+1' sent to object: 'Object Repository/PartyOnboarding/Personal/PartyContacts/Contact Number_03_Code'&#xD;
&#xD;
2019-08-22 19:08:12 - [MESSAGE][PASSED] - Object 'Object Repository/PartyOnboarding/Personal/PartyContacts/Contact Number_AreaCode' is visible&#xD;
&#xD;
2019-08-22 19:08:12 - [MESSAGE][PASSED] - Keys '' sent to object: 'Object Repository/PartyOnboarding/Personal/PartyContacts/Contact Number_AreaCode'&#xD;
&#xD;
2019-08-22 19:08:12 - [MESSAGE][PASSED] - Object 'Object Repository/PartyOnboarding/Personal/PartyContacts/Contact Number_Number' is visible&#xD;
&#xD;
2019-08-22 19:08:12 - [MESSAGE][PASSED] - Keys '12312313' sent to object: 'Object Repository/PartyOnboarding/Personal/PartyContacts/Contact Number_Number'&#xD;
&#xD;
2019-08-22 19:08:12 - [MESSAGE][PASSED] - Object 'Object Repository/PartyOnboarding/Personal/PartyContacts/Contact Number_03_Code' is visible&#xD;
&#xD;
2019-08-22 19:08:13 - [MESSAGE][WARNING] - Object 'Object Repository/PartyOnboarding/Personal/PartyContacts/Contact Number_03_Code' does not have attribute 'readonly' (Root cause: com.kms.katalon.core.exception.StepFailedException: Object 'Object Repository/PartyOnboarding/Personal/PartyContacts/Contact Number_03_Code' does not have attribute 'readonly'&#xD;
	at com.kms.katalon.core.webui.keyword.internal.WebUIKeywordMain.stepFailed(WebUIKeywordMain.groovy:64)&#xD;
	at com.kms.katalon.core.webui.keyword.builtin.VerifyElementHasAttributeKeyword$_verifyElementHasAttribute_closure1.doCall(VerifyElementHasAttributeKeyword.groovy:89)&#xD;
	at com.kms.katalon.core.webui.keyword.builtin.VerifyElementHasAttributeKeyword$_verifyElementHasAttribute_closure1.call(VerifyElementHasAttributeKeyword.groovy)&#xD;
	at com.kms.katalon.core.webui.keyword.internal.WebUIKeywordMain.runKeyword(WebUIKeywordMain.groovy:20)&#xD;
	at com.kms.katalon.core.webui.keyword.builtin.VerifyElementHasAttributeKeyword.verifyElementHasAttribute(VerifyElementHasAttributeKeyword.groovy:100)&#xD;
	at com.kms.katalon.core.webui.keyword.builtin.VerifyElementHasAttributeKeyword.execute(VerifyElementHasAttributeKeyword.groovy:69)&#xD;
	at com.kms.katalon.core.keyword.internal.KeywordExecutor.executeKeywordForPlatform(KeywordExecutor.groovy:56)&#xD;
	at com.kms.katalon.core.webui.keyword.WebUiBuiltInKeywords.verifyElementHasAttribute(WebUiBuiltInKeywords.groovy:3166)&#xD;
	at com.kms.katalon.core.webui.keyword.WebUiBuiltInKeywords$verifyElementHasAttribute$11.call(Unknown Source)&#xD;
	at pageObjects.PartyOnboarding.inputDataForPartyContacts(PartyOnboarding.groovy:736)&#xD;
	at PartyOnboardingPersonal.run(PartyOnboardingPersonal:77)&#xD;
	at com.kms.katalon.core.main.ScriptEngine.run(ScriptEngine.java:194)&#xD;
	at com.kms.katalon.core.main.ScriptEngine.runScriptAsRawText(ScriptEngine.java:119)&#xD;
	at com.kms.katalon.core.main.TestCaseExecutor.runScript(TestCaseExecutor.java:337)&#xD;
	at com.kms.katalon.core.main.TestCaseExecutor.doExecute(TestCaseExecutor.java:328)&#xD;
	at com.kms.katalon.core.main.TestCaseExecutor.processExecutionPhase(TestCaseExecutor.java:307)&#xD;
	at com.kms.katalon.core.main.TestCaseExecutor.accessMainPhase(TestCaseExecutor.java:299)&#xD;
	at com.kms.katalon.core.main.TestCaseExecutor.execute(TestCaseExecutor.java:233)&#xD;
	at com.kms.katalon.core.main.TestSuiteExecutor.accessTestCaseMainPhase(TestSuiteExecutor.java:133)&#xD;
	at com.kms.katalon.core.main.TestSuiteExecutor.accessTestSuiteMainPhase(TestSuiteExecutor.java:116)&#xD;
	at com.kms.katalon.core.main.TestSuiteExecutor.execute(TestSuiteExecutor.java:83)&#xD;
	at com.kms.katalon.core.main.TestCaseMain.startTestSuite(TestCaseMain.java:157)&#xD;
	at com.kms.katalon.core.main.TestCaseMain$startTestSuite$0.call(Unknown Source)&#xD;
	at TempTestSuite1566477413230.run(TempTestSuite1566477413230.groovy:35)&#xD;
)&#xD;
[[ATTACHMENT|C:\\ML\\JITS\\AYA\\Automation\\FBE\\FBE\\Reports\\DataPreparation\\PartyOnboardingPersonal\\20190822_190653\\1566477492912.png]]&#xD;
&#xD;
2019-08-22 19:08:13 - [MESSAGE][PASSED] - Object 'Object Repository/PartyOnboarding/Personal/PartyContacts/Valid From' is visible&#xD;
&#xD;
2019-08-22 19:08:13 - [MESSAGE][PASSED] - Text of object 'Object Repository/PartyOnboarding/Personal/PartyContacts/Valid From' is cleared&#xD;
&#xD;
2019-08-22 19:08:13 - [MESSAGE][PASSED] - Object 'Object Repository/PartyOnboarding/Personal/PartyContacts/Valid From' is visible&#xD;
&#xD;
2019-08-22 19:08:13 - [MESSAGE][PASSED] - Keys '2018-01-24' sent to object: 'Object Repository/PartyOnboarding/Personal/PartyContacts/Valid From'&#xD;
&#xD;
2019-08-22 19:08:13 - [MESSAGE][PASSED] - Object 'Object Repository/PartyOnboarding/Personal/PartyContacts/Save Row' is visible&#xD;
&#xD;
2019-08-22 19:08:13 - [MESSAGE][PASSED] - Execute JavaScript 'arguments[0].click();' successfully&#xD;
&#xD;
2019-08-22 19:08:13 - [MESSAGE][PASSED] - Object 'Object Repository/PartyOnboarding/Personal/PartyContacts/New Row' is visible&#xD;
&#xD;
2019-08-22 19:08:13 - [MESSAGE][PASSED] - Execute JavaScript 'arguments[0].click();' successfully&#xD;
&#xD;
2019-08-22 19:08:14 - [MESSAGE][PASSED] - Delayed 1 second(s)&#xD;
&#xD;
2019-08-22 19:08:14 - [MESSAGE][PASSED] - Object 'Object Repository/PartyOnboarding/Personal/PartyContacts/Contact Method' is visible&#xD;
&#xD;
2019-08-22 19:08:15 - [MESSAGE][PASSED] - Keys 'TAB + Email' sent to object: 'Object Repository/PartyOnboarding/Personal/PartyContacts/Contact Method'&#xD;
&#xD;
2019-08-22 19:08:16 - [MESSAGE][PASSED] - Delayed 1 second(s)&#xD;
&#xD;
2019-08-22 19:08:16 - [MESSAGE][PASSED] - Object 'Object Repository/PartyOnboarding/Personal/PartyContacts/Contact Type  Location' is visible&#xD;
&#xD;
2019-08-22 19:08:16 - [MESSAGE][PASSED] - Keys 'TAB + Personal' sent to object: 'Object Repository/PartyOnboarding/Personal/PartyContacts/Contact Type  Location'&#xD;
&#xD;
2019-08-22 19:08:16 - [MESSAGE][PASSED] - Object 'Object Repository/PartyOnboarding/Personal/PartyContacts/Contact Email' is visible&#xD;
&#xD;
2019-08-22 19:08:16 - [MESSAGE][WARNING] - Object 'Object Repository/PartyOnboarding/Personal/PartyContacts/Contact Email' does not have attribute 'readonly' (Root cause: com.kms.katalon.core.exception.StepFailedException: Object 'Object Repository/PartyOnboarding/Personal/PartyContacts/Contact Email' does not have attribute 'readonly'&#xD;
	at com.kms.katalon.core.webui.keyword.internal.WebUIKeywordMain.stepFailed(WebUIKeywordMain.groovy:64)&#xD;
	at com.kms.katalon.core.webui.keyword.builtin.VerifyElementHasAttributeKeyword$_verifyElementHasAttribute_closure1.doCall(VerifyElementHasAttributeKeyword.groovy:89)&#xD;
	at com.kms.katalon.core.webui.keyword.builtin.VerifyElementHasAttributeKeyword$_verifyElementHasAttribute_closure1.call(VerifyElementHasAttributeKeyword.groovy)&#xD;
	at com.kms.katalon.core.webui.keyword.internal.WebUIKeywordMain.runKeyword(WebUIKeywordMain.groovy:20)&#xD;
	at com.kms.katalon.core.webui.keyword.builtin.VerifyElementHasAttributeKeyword.verifyElementHasAttribute(VerifyElementHasAttributeKeyword.groovy:100)&#xD;
	at com.kms.katalon.core.webui.keyword.builtin.VerifyElementHasAttributeKeyword.execute(VerifyElementHasAttributeKeyword.groovy:69)&#xD;
	at com.kms.katalon.core.keyword.internal.KeywordExecutor.executeKeywordForPlatform(KeywordExecutor.groovy:56)&#xD;
	at com.kms.katalon.core.webui.keyword.WebUiBuiltInKeywords.verifyElementHasAttribute(WebUiBuiltInKeywords.groovy:3166)&#xD;
	at com.kms.katalon.core.webui.keyword.WebUiBuiltInKeywords$verifyElementHasAttribute$11.call(Unknown Source)&#xD;
	at pageObjects.PartyOnboarding.inputDataForPartyContacts(PartyOnboarding.groovy:721)&#xD;
	at PartyOnboardingPersonal.run(PartyOnboardingPersonal:77)&#xD;
	at com.kms.katalon.core.main.ScriptEngine.run(ScriptEngine.java:194)&#xD;
	at com.kms.katalon.core.main.ScriptEngine.runScriptAsRawText(ScriptEngine.java:119)&#xD;
	at com.kms.katalon.core.main.TestCaseExecutor.runScript(TestCaseExecutor.java:337)&#xD;
	at com.kms.katalon.core.main.TestCaseExecutor.doExecute(TestCaseExecutor.java:328)&#xD;
	at com.kms.katalon.core.main.TestCaseExecutor.processExecutionPhase(TestCaseExecutor.java:307)&#xD;
	at com.kms.katalon.core.main.TestCaseExecutor.accessMainPhase(TestCaseExecutor.java:299)&#xD;
	at com.kms.katalon.core.main.TestCaseExecutor.execute(TestCaseExecutor.java:233)&#xD;
	at com.kms.katalon.core.main.TestSuiteExecutor.accessTestCaseMainPhase(TestSuiteExecutor.java:133)&#xD;
	at com.kms.katalon.core.main.TestSuiteExecutor.accessTestSuiteMainPhase(TestSuiteExecutor.java:116)&#xD;
	at com.kms.katalon.core.main.TestSuiteExecutor.execute(TestSuiteExecutor.java:83)&#xD;
	at com.kms.katalon.core.main.TestCaseMain.startTestSuite(TestCaseMain.java:157)&#xD;
	at com.kms.katalon.core.main.TestCaseMain$startTestSuite$0.call(Unknown Source)&#xD;
	at TempTestSuite1566477413230.run(TempTestSuite1566477413230.groovy:35)&#xD;
)&#xD;
[[ATTACHMENT|C:\\ML\\JITS\\AYA\\Automation\\FBE\\FBE\\Reports\\DataPreparation\\PartyOnboardingPersonal\\20190822_190653\\1566477496504.png]]&#xD;
&#xD;
2019-08-22 19:08:16 - [MESSAGE][PASSED] - Object 'Object Repository/PartyOnboarding/Personal/PartyContacts/Contact Number_03_Code' is visible&#xD;
&#xD;
2019-08-22 19:08:16 - [MESSAGE][PASSED] - Object 'Object Repository/PartyOnboarding/Personal/PartyContacts/Contact Number_03_Code' has attribute 'readonly'&#xD;
&#xD;
2019-08-22 19:08:16 - [MESSAGE][PASSED] - Object 'Object Repository/PartyOnboarding/Personal/PartyContacts/Contact Email' is visible&#xD;
&#xD;
2019-08-22 19:08:17 - [MESSAGE][PASSED] - Keys 'nguyenthimyle@gmail.com' sent to object: 'Object Repository/PartyOnboarding/Personal/PartyContacts/Contact Email'&#xD;
&#xD;
2019-08-22 19:08:17 - [MESSAGE][PASSED] - Object 'Object Repository/PartyOnboarding/Personal/PartyContacts/Confirm Email' is visible&#xD;
&#xD;
2019-08-22 19:08:18 - [MESSAGE][PASSED] - Keys 'nguyenthimyle@gmail.com' sent to object: 'Object Repository/PartyOnboarding/Personal/PartyContacts/Confirm Email'&#xD;
&#xD;
2019-08-22 19:08:18 - [MESSAGE][PASSED] - Object 'Object Repository/PartyOnboarding/Personal/PartyContacts/Valid From' is visible&#xD;
&#xD;
2019-08-22 19:08:18 - [MESSAGE][PASSED] - Text of object 'Object Repository/PartyOnboarding/Personal/PartyContacts/Valid From' is cleared&#xD;
&#xD;
2019-08-22 19:08:18 - [MESSAGE][PASSED] - Object 'Object Repository/PartyOnboarding/Personal/PartyContacts/Valid From' is visible&#xD;
&#xD;
2019-08-22 19:08:18 - [MESSAGE][PASSED] - Keys '2018-01-25' sent to object: 'Object Repository/PartyOnboarding/Personal/PartyContacts/Valid From'&#xD;
&#xD;
2019-08-22 19:08:18 - [MESSAGE][PASSED] - Object 'Object Repository/PartyOnboarding/Personal/PartyContacts/Save Row' is visible&#xD;
&#xD;
2019-08-22 19:08:19 - [MESSAGE][PASSED] - Execute JavaScript 'arguments[0].click();' successfully&#xD;
&#xD;
2019-08-22 19:08:19 - [TEST_STEP][PASSED] - log.logInfo("--- Input data for Party Contacts - click Next ---"): --- Input data for Party Contacts - click Next ---&#xD;
&#xD;
2019-08-22 19:08:19 - [MESSAGE][INFO] - --- Input data for Party Contacts - click Next ---&#xD;
&#xD;
2019-08-22 19:08:19 - [TEST_STEP][PASSED] - partyOnboardingPersonal.clickNextbutton(): Object: 'Object Repository/PartyOnboarding/btn_Next' is clicked on&#xD;
&#xD;
2019-08-22 19:08:19 - [MESSAGE][PASSED] - Object 'Object Repository/PartyOnboarding/btn_Next' is visible&#xD;
&#xD;
2019-08-22 19:08:19 - [MESSAGE][PASSED] - Object: 'Object Repository/PartyOnboarding/btn_Next' is clicked on&#xD;
&#xD;
2019-08-22 19:08:19 - [TEST_STEP][PASSED] - log.logInfo("--- Input Party Required Documents - Input information for document---"): --- Input Party Required Documents - Input information for document---&#xD;
&#xD;
2019-08-22 19:08:19 - [MESSAGE][INFO] - --- Input Party Required Documents - Input information for document---&#xD;
&#xD;
2019-08-22 19:08:19 - [TEST_STEP][PASSED] - partyOnboardingPersonal.inputDataForPartyRequiredDocuments(s12_documentCategory, s12_kycExpired, s12_documentType, s12_validFrom, s12_validTo, s12_referenceNumber, s12_issuingAuthority, s12_issuingCountry, s12_documentVerified, s12_image, s12_documentCollectionStatus): Keys 'Documents collected and validated centrally' sent to object: 'Object Repository/PartyOnboarding/Personal/PartyRequiredDocument/ddl_DocumentsCollectionStatus'&#xD;
&#xD;
2019-08-22 19:08:20 - [MESSAGE][PASSED] - Delayed 1 second(s)&#xD;
&#xD;
2019-08-22 19:08:20 - [MESSAGE][PASSED] - Object 'Object Repository/PartyOnboarding/Personal/PartyRequiredDocument/New Row' is visible&#xD;
&#xD;
2019-08-22 19:08:20 - [MESSAGE][PASSED] - Execute JavaScript 'arguments[0].click();' successfully&#xD;
&#xD;
2019-08-22 19:08:21 - [MESSAGE][PASSED] - Object 'Object Repository/PartyOnboarding/Personal/PartyRequiredDocument/DocumentCategory' is visible&#xD;
&#xD;
2019-08-22 19:08:21 - [MESSAGE][PASSED] - Keys 'TAB + PT-NRC' sent to object: 'Object Repository/PartyOnboarding/Personal/PartyRequiredDocument/DocumentCategory'&#xD;
&#xD;
2019-08-22 19:08:22 - [MESSAGE][PASSED] - Delayed 1 second(s)&#xD;
&#xD;
2019-08-22 19:08:22 - [MESSAGE][PASSED] - Object 'Object Repository/PartyOnboarding/Personal/PartyRequiredDocument/Document Type' is visible&#xD;
&#xD;
2019-08-22 19:08:22 - [MESSAGE][PASSED] - Keys 'TAB + NRC' sent to object: 'Object Repository/PartyOnboarding/Personal/PartyRequiredDocument/Document Type'&#xD;
&#xD;
2019-08-22 19:08:23 - [MESSAGE][PASSED] - Delayed 1 second(s)&#xD;
&#xD;
2019-08-22 19:08:23 - [MESSAGE][PASSED] - Object 'Object Repository/PartyOnboarding/Personal/PartyRequiredDocument/Issuing Country' is visible&#xD;
&#xD;
2019-08-22 19:08:24 - [MESSAGE][PASSED] - Keys 'Bahrain' sent to object: 'Object Repository/PartyOnboarding/Personal/PartyRequiredDocument/Issuing Country'&#xD;
&#xD;
2019-08-22 19:08:25 - [MESSAGE][PASSED] - Delayed 1 second(s)&#xD;
&#xD;
2019-08-22 19:08:25 - [MESSAGE][PASSED] - Object 'Object Repository/PartyOnboarding/Personal/PartyRequiredDocument/Document Verified' is visible&#xD;
&#xD;
2019-08-22 19:08:25 - [MESSAGE][PASSED] - Keys 'TAB + TRUE' sent to object: 'Object Repository/PartyOnboarding/Personal/PartyRequiredDocument/Document Verified'&#xD;
&#xD;
2019-08-22 19:08:25 - [MESSAGE][PASSED] - Object 'Object Repository/PartyOnboarding/Personal/PartyRequiredDocument/Save Row' is visible&#xD;
&#xD;
2019-08-22 19:08:25 - [MESSAGE][PASSED] - Execute JavaScript 'arguments[0].click();' successfully&#xD;
&#xD;
2019-08-22 19:08:25 - [MESSAGE][PASSED] - Object 'Object Repository/PartyOnboarding/Personal/PartyRequiredDocument/ddl_DocumentsCollectionStatus' is visible&#xD;
&#xD;
2019-08-22 19:08:27 - [MESSAGE][PASSED] - Keys 'Documents collected and validated centrally' sent to object: 'Object Repository/PartyOnboarding/Personal/PartyRequiredDocument/ddl_DocumentsCollectionStatus'&#xD;
&#xD;
2019-08-22 19:08:27 - [TEST_STEP][PASSED] - log.logInfo("--- Input Party Required Documents - Click Next button---"): --- Input Party Required Documents - Click Next button---&#xD;
&#xD;
2019-08-22 19:08:27 - [MESSAGE][INFO] - --- Input Party Required Documents - Click Next button---&#xD;
&#xD;
2019-08-22 19:08:27 - [TEST_STEP][PASSED] - partyOnboardingPersonal.clickNextbutton(): Object: 'Object Repository/PartyOnboarding/btn_Next' is clicked on&#xD;
&#xD;
2019-08-22 19:08:27 - [MESSAGE][PASSED] - Object 'Object Repository/PartyOnboarding/btn_Next' is visible&#xD;
&#xD;
2019-08-22 19:08:27 - [MESSAGE][PASSED] - Object: 'Object Repository/PartyOnboarding/btn_Next' is clicked on&#xD;
&#xD;
2019-08-22 19:08:27 - [TEST_STEP][PASSED] - log.logInfo("--- Input Party Required Documents - Record PartyID ---"): --- Input Party Required Documents - Record PartyID ---&#xD;
&#xD;
2019-08-22 19:08:27 - [MESSAGE][INFO] - --- Input Party Required Documents - Record PartyID ---&#xD;
&#xD;
2019-08-22 19:08:27 - [TEST_STEP][PASSED] - partyOnboardingPersonal.recordPartyId(): Attribute 'value' of object 'Object Repository/PartyOnboarding/Confirmation/PartyID' is: 'XKI6HCVA'&#xD;
&#xD;
2019-08-22 19:08:29 - [MESSAGE][PASSED] - Attribute 'value' of object 'Object Repository/PartyOnboarding/Confirmation/PartyID' is: 'XKI6HCVA'&#xD;
&#xD;
2019-08-22 19:08:30 - [TEST_STEP][PASSED] - log.logInfo("--- Ask For Approve - Click Next button ---"): --- Ask For Approve - Click Next button ---&#xD;
&#xD;
2019-08-22 19:08:30 - [MESSAGE][INFO] - --- Ask For Approve - Click Next button ---&#xD;
&#xD;
2019-08-22 19:08:30 - [TEST_STEP][PASSED] - partyOnboardingPersonal.clickNextbutton(): Object: 'Object Repository/PartyOnboarding/btn_Next' is clicked on&#xD;
&#xD;
2019-08-22 19:08:30 - [MESSAGE][PASSED] - Object 'Object Repository/PartyOnboarding/btn_Next' is visible&#xD;
&#xD;
2019-08-22 19:08:30 - [MESSAGE][PASSED] - Object: 'Object Repository/PartyOnboarding/btn_Next' is clicked on&#xD;
&#xD;
2019-08-22 19:08:30 - [TEST_STEP][PASSED] - log.logInfo("--- Ask For Approve - Click Ask For Approval button ---"): --- Ask For Approve - Click Ask For Approval button ---&#xD;
&#xD;
2019-08-22 19:08:30 - [MESSAGE][INFO] - --- Ask For Approve - Click Ask For Approval button ---&#xD;
&#xD;
2019-08-22 19:08:30 - [TEST_STEP][PASSED] - partyOnboardingPersonal.clickAskForApprovalbutton(): Object: 'Object Repository/PartyOnboarding/RequestToApproval/AskForApproval_btn' is clicked on&#xD;
&#xD;
2019-08-22 19:08:31 - [MESSAGE][PASSED] - Object 'Object Repository/PartyOnboarding/RequestToApproval/AskForApproval_btn' is visible&#xD;
&#xD;
2019-08-22 19:08:31 - [MESSAGE][PASSED] - Object: 'Object Repository/PartyOnboarding/RequestToApproval/AskForApproval_btn' is clicked on</system-out>
            <system-err></system-err>
        </testcase>
        <testcase name="Test Cases/LogOutFromSystem" classname="Test Cases/LogOutFromSystem" status="PASSED">
            <system-out>2019-08-22 19:08:31 - [TEST_CASE][PASSED] - Test Cases/LogOutFromSystem: Test Cases/LogOutFromSystem&#xD;
&#xD;
2019-08-22 19:08:31 - [TEST_STEP][PASSED] - Start listener action : sampleBeforeTestCase: null&#xD;
&#xD;
2019-08-22 19:08:31 - [TEST_STEP][PASSED] - testCaseID = testCaseContext.getTestCaseId(): null&#xD;
&#xD;
2019-08-22 19:08:31 - [TEST_STEP][PASSED] - click(findTestObject("LogOut/Menu_Logoff")): Object: 'Object Repository/LogOut/Menu_Logoff' is clicked on&#xD;
&#xD;
2019-08-22 19:08:31 - [MESSAGE][PASSED] - Object: 'Object Repository/LogOut/Menu_Logoff' is clicked on&#xD;
&#xD;
2019-08-22 19:08:31 - [TEST_STEP][PASSED] - click(findTestObject("LogOut/SignOut")): Object: 'Object Repository/LogOut/SignOut' is clicked on&#xD;
&#xD;
2019-08-22 19:08:31 - [MESSAGE][PASSED] - Object: 'Object Repository/LogOut/SignOut' is clicked on</system-out>
            <system-err></system-err>
        </testcase>
        <testcase name="Test Cases/Login" classname="Test Cases/Login" status="PASSED">
            <system-out>2019-08-22 19:08:31 - [TEST_CASE][PASSED] - Test Cases/Login: Test Cases/Login&#xD;
&#xD;
2019-08-22 19:08:31 - [TEST_STEP][PASSED] - Start listener action : sampleBeforeTestCase: null&#xD;
&#xD;
2019-08-22 19:08:31 - [TEST_STEP][PASSED] - testCaseID = testCaseContext.getTestCaseId(): null&#xD;
&#xD;
2019-08-22 19:08:31 - [TEST_STEP][PASSED] - logger = new com.kms.katalon.core.util.KeywordUtil(): null&#xD;
&#xD;
2019-08-22 19:08:31 - [TEST_STEP][PASSED] - loginPage = new pageObjects.LoginPage(): null&#xD;
&#xD;
2019-08-22 19:08:31 - [TEST_STEP][PASSED] - logger.logInfo("Login - Step01 - Open browser"): Login - Step01 - Open browser&#xD;
&#xD;
2019-08-22 19:08:31 - [MESSAGE][INFO] - Login - Step01 - Open browser&#xD;
&#xD;
2019-08-22 19:08:31 - [TEST_STEP][PASSED] - loginPage.openBrowser(url, active): Current window maximized&#xD;
&#xD;
2019-08-22 19:08:31 - [MESSAGE][WARNING] - A browser is already opened. Closing browser and opening a new one&#xD;
&#xD;
2019-08-22 19:08:32 - [MESSAGE][INFO] - Starting 'Chrome' driver&#xD;
&#xD;
2019-08-22 19:08:40 - [MESSAGE][PASSED] - Browser is opened with url: 'http://172.24.192.30:9080/uxp/rt/html/layout.html?locale=en-gb'&#xD;
&#xD;
2019-08-22 19:08:41 - [MESSAGE][PASSED] - Current window maximized&#xD;
&#xD;
2019-08-22 19:08:41 - [TEST_STEP][PASSED] - logger.logInfo("Login - Step02 - Input Username"): Login - Step02 - Input Username&#xD;
&#xD;
2019-08-22 19:08:41 - [MESSAGE][INFO] - Login - Step02 - Input Username&#xD;
&#xD;
2019-08-22 19:08:41 - [TEST_STEP][PASSED] - loginPage.inputUsername(username, active): Keys 'br1user017' sent to object: 'Object Repository/LogIn/input_Username_user'&#xD;
&#xD;
2019-08-22 19:08:41 - [MESSAGE][PASSED] - Object 'Object Repository/LogIn/input_Username_user' is present&#xD;
&#xD;
2019-08-22 19:08:41 - [MESSAGE][PASSED] - Keys 'br1user017' sent to object: 'Object Repository/LogIn/input_Username_user'&#xD;
&#xD;
2019-08-22 19:08:41 - [TEST_STEP][PASSED] - logger.logInfo("Login - Step03 - Input Password"): Login - Step03 - Input Password&#xD;
&#xD;
2019-08-22 19:08:41 - [MESSAGE][INFO] - Login - Step03 - Input Password&#xD;
&#xD;
2019-08-22 19:08:41 - [TEST_STEP][PASSED] - loginPage.inputPassword(password, active): Keys 'User017$#@' sent to object: 'Object Repository/LogIn/input_Password_pwd'&#xD;
&#xD;
2019-08-22 19:08:41 - [MESSAGE][PASSED] - Object 'Object Repository/LogIn/input_Password_pwd' is present&#xD;
&#xD;
2019-08-22 19:08:42 - [MESSAGE][PASSED] - Keys 'User017$#@' sent to object: 'Object Repository/LogIn/input_Password_pwd'&#xD;
&#xD;
2019-08-22 19:08:42 - [TEST_STEP][PASSED] - logger.logInfo("Login - Step04 - Click Sign In button"): Login - Step04 - Click Sign In button&#xD;
&#xD;
2019-08-22 19:08:42 - [MESSAGE][INFO] - Login - Step04 - Click Sign In button&#xD;
&#xD;
2019-08-22 19:08:42 - [TEST_STEP][PASSED] - loginPage.clickSingin(active): Object: 'Object Repository/LogIn/input_Password_login' is clicked on&#xD;
&#xD;
2019-08-22 19:08:42 - [MESSAGE][PASSED] - Object 'Object Repository/LogIn/input_Password_login' is present&#xD;
&#xD;
2019-08-22 19:08:43 - [MESSAGE][PASSED] - Object: 'Object Repository/LogIn/input_Password_login' is clicked on&#xD;
&#xD;
2019-08-22 19:08:43 - [TEST_STEP][PASSED] - logger.logInfo("Login - wait load page"): Login - wait load page&#xD;
&#xD;
2019-08-22 19:08:43 - [MESSAGE][INFO] - Login - wait load page&#xD;
&#xD;
2019-08-22 19:08:43 - [TEST_STEP][PASSED] - loginPage.waitLoadPage(active): Wait for page load successfully&#xD;
&#xD;
2019-08-22 19:08:43 - [MESSAGE][PASSED] - Wait for page load successfully</system-out>
            <system-err></system-err>
        </testcase>
        <testcase name="Test Cases/DataPreparation/ApprovalDataPreparation" classname="Test Cases/DataPreparation/ApprovalDataPreparation" status="PASSED">
            <system-out>2019-08-22 19:08:43 - [TEST_CASE][PASSED] - Test Cases/DataPreparation/ApprovalDataPreparation: Test Cases/DataPreparation/ApprovalDataPreparation&#xD;
&#xD;
2019-08-22 19:08:43 - [TEST_STEP][PASSED] - Start listener action : sampleBeforeTestCase: null&#xD;
&#xD;
2019-08-22 19:08:43 - [TEST_STEP][PASSED] - testCaseID = testCaseContext.getTestCaseId(): null&#xD;
&#xD;
2019-08-22 19:08:43 - [TEST_STEP][PASSED] - log = new com.kms.katalon.core.util.KeywordUtil(): null&#xD;
&#xD;
2019-08-22 19:08:43 - [TEST_STEP][PASSED] - notificationPage = new pageObjects.NotificationPage(): null&#xD;
&#xD;
2019-08-22 19:08:43 - [TEST_STEP][PASSED] - step = "": null&#xD;
&#xD;
2019-08-22 19:08:43 - [TEST_STEP][PASSED] - step = "1": null&#xD;
&#xD;
2019-08-22 19:08:43 - [TEST_STEP][PASSED] - log.logInfo("Approval - Step0" + step + " Click Notification icon"): Approval - Step01 Click Notification icon&#xD;
&#xD;
2019-08-22 19:08:43 - [MESSAGE][INFO] - Approval - Step01 Click Notification icon&#xD;
&#xD;
2019-08-22 19:08:43 - [TEST_STEP][PASSED] - notificationPage.clickNotificationIcon(): Object: 'Object Repository/ProcessApprovalConfirmation/NotificationIcon_btn' is clicked on&#xD;
&#xD;
2019-08-22 19:08:45 - [MESSAGE][PASSED] - Delayed 2 second(s)&#xD;
&#xD;
2019-08-22 19:08:45 - [MESSAGE][PASSED] - Object 'Object Repository/ProcessApprovalConfirmation/NotificationIcon_btn' is visible&#xD;
&#xD;
2019-08-22 19:08:45 - [MESSAGE][PASSED] - Object: 'Object Repository/ProcessApprovalConfirmation/NotificationIcon_btn' is clicked on&#xD;
&#xD;
2019-08-22 19:08:45 - [TEST_STEP][PASSED] - step = "2": null&#xD;
&#xD;
2019-08-22 19:08:45 - [TEST_STEP][PASSED] - log.logInfo("Approval - Step0" + step + " Click Referral description"): Approval - Step02 Click Referral description&#xD;
&#xD;
2019-08-22 19:08:45 - [MESSAGE][INFO] - Approval - Step02 Click Referral description&#xD;
&#xD;
2019-08-22 19:08:45 - [TEST_STEP][PASSED] - notificationPage.clickDescription("Referral"): Execute JavaScript 'arguments[0].click();' successfully&#xD;
&#xD;
2019-08-22 19:08:47 - [MESSAGE][PASSED] - Object 'Object Repository/NotificationPage/NotificationTypes_rdo' is visible&#xD;
&#xD;
2019-08-22 19:08:47 - [MESSAGE][PASSED] - Object 'Object Repository/NotificationPage/NotificationTypes_rdo' is visible&#xD;
&#xD;
2019-08-22 19:08:47 - [MESSAGE][PASSED] - Execute JavaScript 'arguments[0].click();' successfully&#xD;
&#xD;
2019-08-22 19:08:47 - [MESSAGE][PASSED] - Object 'Object Repository/PartyOnboarding/btn_Next' is visible&#xD;
&#xD;
2019-08-22 19:08:47 - [MESSAGE][PASSED] - Execute JavaScript 'arguments[0].click();' successfully&#xD;
&#xD;
2019-08-22 19:08:47 - [TEST_STEP][PASSED] - step = "3": null&#xD;
&#xD;
2019-08-22 19:08:47 - [TEST_STEP][PASSED] - log.logInfo("Approval - Step0" + step + " Click Approval for Party"): Approval - Step03 Click Approval for Party&#xD;
&#xD;
2019-08-22 19:08:47 - [MESSAGE][INFO] - Approval - Step03 Click Approval for Party&#xD;
&#xD;
2019-08-22 19:08:47 - [TEST_STEP][PASSED] - notificationPage.clickApproved(description): Unable to find the element located by 'By.xpath: //td[text()='Referral' and @idx=1]/preceding-sibling::td[@idx='0']'. Please recheck the objects properties to make sure the desired element is located. &#xD;
&#xD;
2019-08-22 19:08:48 - [MESSAGE][PASSED] - Delayed 1 second(s)&#xD;
&#xD;
2019-08-22 19:08:48 - [MESSAGE][PASSED] - Object 'Object Repository/ProcessApprovalConfirmation/ListTaskID_txt' is visible&#xD;
&#xD;
2019-08-22 19:08:48 - [MESSAGE][PASSED] - Object 'Object Repository/ProcessApprovalConfirmation/ListTaskID_rdo' is visible&#xD;
&#xD;
2019-08-22 19:08:48 - [MESSAGE][PASSED] - Object 'Object Repository/ProcessApprovalConfirmation/ListTaskID_rdo' is present&#xD;
&#xD;
2019-08-22 19:08:48 - [MESSAGE][PASSED] - Object 'Object Repository/ProcessApprovalConfirmation/ListTaskID_txt' is visible&#xD;
&#xD;
2019-08-22 19:08:48 - [MESSAGE][PASSED] - Object 'Object Repository/ProcessApprovalConfirmation/ListTaskID_rdo' is visible&#xD;
&#xD;
2019-08-22 19:08:48 - [MESSAGE][PASSED] - Object 'Object Repository/ProcessApprovalConfirmation/ListTaskID_rdo' is clickable&#xD;
&#xD;
2019-08-22 19:08:49 - [MESSAGE][PASSED] - Text of object 'Object Repository/NotificationPage/TaskDescription_txt' is: 'Supervisor Authorization required for Party Onboarding'&#xD;
&#xD;
2019-08-22 19:08:49 - [MESSAGE][PASSED] - Object 'Object Repository/ProcessApprovalConfirmation/Approve_btn' is visible&#xD;
&#xD;
2019-08-22 19:08:49 - [MESSAGE][PASSED] - Object: 'Object Repository/ProcessApprovalConfirmation/Approve_btn' is clicked on&#xD;
&#xD;
2019-08-22 19:08:49 - [MESSAGE][PASSED] - Object 'Object Repository/ProcessApprovalConfirmation/ListTaskID_rdo' is present&#xD;
&#xD;
2019-08-22 19:08:49 - [MESSAGE][PASSED] - Object 'Object Repository/ProcessApprovalConfirmation/ListTaskID_txt' is visible&#xD;
&#xD;
2019-08-22 19:08:49 - [MESSAGE][PASSED] - Object 'Object Repository/ProcessApprovalConfirmation/ListTaskID_rdo' is visible&#xD;
&#xD;
2019-08-22 19:08:49 - [MESSAGE][PASSED] - Object 'Object Repository/ProcessApprovalConfirmation/ListTaskID_rdo' is clickable&#xD;
&#xD;
2019-08-22 19:09:20 - [MESSAGE][INFO] - Unable to find the element located by 'By.xpath: //td[text()='Referral' and @idx=1]/preceding-sibling::td[@idx='0']'. Please recheck the objects properties to make sure the desired element is located.</system-out>
            <system-err></system-err>
        </testcase>
        <testcase name="Test Cases/LogOutFromSystem" classname="Test Cases/LogOutFromSystem" status="PASSED">
            <system-out>2019-08-22 19:09:20 - [TEST_CASE][PASSED] - Test Cases/LogOutFromSystem: Test Cases/LogOutFromSystem&#xD;
&#xD;
2019-08-22 19:09:20 - [TEST_STEP][PASSED] - Start listener action : sampleBeforeTestCase: null&#xD;
&#xD;
2019-08-22 19:09:20 - [TEST_STEP][PASSED] - testCaseID = testCaseContext.getTestCaseId(): null&#xD;
&#xD;
2019-08-22 19:09:20 - [TEST_STEP][PASSED] - click(findTestObject("LogOut/Menu_Logoff")): Object: 'Object Repository/LogOut/Menu_Logoff' is clicked on&#xD;
&#xD;
2019-08-22 19:09:20 - [MESSAGE][PASSED] - Object: 'Object Repository/LogOut/Menu_Logoff' is clicked on&#xD;
&#xD;
2019-08-22 19:09:20 - [TEST_STEP][PASSED] - click(findTestObject("LogOut/SignOut")): Object: 'Object Repository/LogOut/SignOut' is clicked on&#xD;
&#xD;
2019-08-22 19:09:20 - [MESSAGE][PASSED] - Object: 'Object Repository/LogOut/SignOut' is clicked on</system-out>
            <system-err></system-err>
        </testcase>
        <testcase name="Test Cases/Login" classname="Test Cases/Login" status="PASSED">
            <system-out>2019-08-22 19:09:21 - [TEST_CASE][PASSED] - Test Cases/Login: Test Cases/Login&#xD;
&#xD;
2019-08-22 19:09:21 - [TEST_STEP][PASSED] - Start listener action : sampleBeforeTestCase: null&#xD;
&#xD;
2019-08-22 19:09:21 - [TEST_STEP][PASSED] - testCaseID = testCaseContext.getTestCaseId(): null&#xD;
&#xD;
2019-08-22 19:09:21 - [TEST_STEP][PASSED] - logger = new com.kms.katalon.core.util.KeywordUtil(): null&#xD;
&#xD;
2019-08-22 19:09:21 - [TEST_STEP][PASSED] - loginPage = new pageObjects.LoginPage(): null&#xD;
&#xD;
2019-08-22 19:09:21 - [TEST_STEP][PASSED] - logger.logInfo("Login - Step01 - Open browser"): Login - Step01 - Open browser&#xD;
&#xD;
2019-08-22 19:09:21 - [MESSAGE][INFO] - Login - Step01 - Open browser&#xD;
&#xD;
2019-08-22 19:09:21 - [TEST_STEP][PASSED] - loginPage.openBrowser(url, active): Current window maximized&#xD;
&#xD;
2019-08-22 19:09:21 - [MESSAGE][WARNING] - A browser is already opened. Closing browser and opening a new one&#xD;
&#xD;
2019-08-22 19:09:21 - [MESSAGE][INFO] - Starting 'Chrome' driver&#xD;
&#xD;
2019-08-22 19:09:29 - [MESSAGE][PASSED] - Browser is opened with url: 'http://172.24.192.30:9080/uxp/rt/html/layout.html?locale=en-gb'&#xD;
&#xD;
2019-08-22 19:09:30 - [MESSAGE][PASSED] - Current window maximized&#xD;
&#xD;
2019-08-22 19:09:30 - [TEST_STEP][PASSED] - logger.logInfo("Login - Step02 - Input Username"): Login - Step02 - Input Username&#xD;
&#xD;
2019-08-22 19:09:30 - [MESSAGE][INFO] - Login - Step02 - Input Username&#xD;
&#xD;
2019-08-22 19:09:30 - [TEST_STEP][PASSED] - loginPage.inputUsername(username, active): Keys 'br1user006' sent to object: 'Object Repository/LogIn/input_Username_user'&#xD;
&#xD;
2019-08-22 19:09:30 - [MESSAGE][PASSED] - Object 'Object Repository/LogIn/input_Username_user' is present&#xD;
&#xD;
2019-08-22 19:09:30 - [MESSAGE][PASSED] - Keys 'br1user006' sent to object: 'Object Repository/LogIn/input_Username_user'&#xD;
&#xD;
2019-08-22 19:09:30 - [TEST_STEP][PASSED] - logger.logInfo("Login - Step03 - Input Password"): Login - Step03 - Input Password&#xD;
&#xD;
2019-08-22 19:09:30 - [MESSAGE][INFO] - Login - Step03 - Input Password&#xD;
&#xD;
2019-08-22 19:09:30 - [TEST_STEP][PASSED] - loginPage.inputPassword(password, active): Keys 'User006!@#' sent to object: 'Object Repository/LogIn/input_Password_pwd'&#xD;
&#xD;
2019-08-22 19:09:30 - [MESSAGE][PASSED] - Object 'Object Repository/LogIn/input_Password_pwd' is present&#xD;
&#xD;
2019-08-22 19:09:30 - [MESSAGE][PASSED] - Keys 'User006!@#' sent to object: 'Object Repository/LogIn/input_Password_pwd'&#xD;
&#xD;
2019-08-22 19:09:30 - [TEST_STEP][PASSED] - logger.logInfo("Login - Step04 - Click Sign In button"): Login - Step04 - Click Sign In button&#xD;
&#xD;
2019-08-22 19:09:30 - [MESSAGE][INFO] - Login - Step04 - Click Sign In button&#xD;
&#xD;
2019-08-22 19:09:30 - [TEST_STEP][PASSED] - loginPage.clickSingin(active): Object: 'Object Repository/LogIn/input_Password_login' is clicked on&#xD;
&#xD;
2019-08-22 19:09:30 - [MESSAGE][PASSED] - Object 'Object Repository/LogIn/input_Password_login' is present&#xD;
&#xD;
2019-08-22 19:09:31 - [MESSAGE][PASSED] - Object: 'Object Repository/LogIn/input_Password_login' is clicked on&#xD;
&#xD;
2019-08-22 19:09:31 - [TEST_STEP][PASSED] - logger.logInfo("Login - wait load page"): Login - wait load page&#xD;
&#xD;
2019-08-22 19:09:31 - [MESSAGE][INFO] - Login - wait load page&#xD;
&#xD;
2019-08-22 19:09:31 - [TEST_STEP][PASSED] - loginPage.waitLoadPage(active): Wait for page load successfully&#xD;
&#xD;
2019-08-22 19:09:31 - [MESSAGE][PASSED] - Wait for page load successfully</system-out>
            <system-err></system-err>
        </testcase>
        <testcase name="Test Cases/DataPreparation/ConfirmDataPreparation" classname="Test Cases/DataPreparation/ConfirmDataPreparation" status="PASSED">
            <system-out>2019-08-22 19:09:31 - [TEST_CASE][PASSED] - Test Cases/DataPreparation/ConfirmDataPreparation: Test Cases/DataPreparation/ConfirmDataPreparation&#xD;
&#xD;
2019-08-22 19:09:31 - [TEST_STEP][PASSED] - Start listener action : sampleBeforeTestCase: null&#xD;
&#xD;
2019-08-22 19:09:31 - [TEST_STEP][PASSED] - testCaseID = testCaseContext.getTestCaseId(): null&#xD;
&#xD;
2019-08-22 19:09:32 - [TEST_STEP][PASSED] - log = new com.kms.katalon.core.logging.KeywordLogger(): null&#xD;
&#xD;
2019-08-22 19:09:32 - [TEST_STEP][PASSED] - notificationPage = new pageObjects.NotificationPage(): null&#xD;
&#xD;
2019-08-22 19:09:32 - [TEST_STEP][PASSED] - step = "": null&#xD;
&#xD;
2019-08-22 19:09:32 - [TEST_STEP][PASSED] - step = "1": null&#xD;
&#xD;
2019-08-22 19:09:32 - [TEST_STEP][PASSED] - log.logInfo("Confirmation - Step0" + step + " Click Notification icon"): Confirmation - Step01 Click Notification icon&#xD;
&#xD;
2019-08-22 19:09:32 - [MESSAGE][INFO] - Confirmation - Step01 Click Notification icon&#xD;
&#xD;
2019-08-22 19:09:32 - [TEST_STEP][PASSED] - notificationPage.clickNotificationIcon(): Object: 'Object Repository/ProcessApprovalConfirmation/NotificationIcon_btn' is clicked on&#xD;
&#xD;
2019-08-22 19:09:34 - [MESSAGE][PASSED] - Delayed 2 second(s)&#xD;
&#xD;
2019-08-22 19:09:34 - [MESSAGE][PASSED] - Object 'Object Repository/ProcessApprovalConfirmation/NotificationIcon_btn' is visible&#xD;
&#xD;
2019-08-22 19:09:34 - [MESSAGE][PASSED] - Object: 'Object Repository/ProcessApprovalConfirmation/NotificationIcon_btn' is clicked on&#xD;
&#xD;
2019-08-22 19:09:34 - [TEST_STEP][PASSED] - step = "2": null&#xD;
&#xD;
2019-08-22 19:09:34 - [TEST_STEP][PASSED] - log.logInfo("Confirmation - Step0" + step + " Click Approval description"): Confirmation - Step02 Click Approval description&#xD;
&#xD;
2019-08-22 19:09:34 - [MESSAGE][INFO] - Confirmation - Step02 Click Approval description&#xD;
&#xD;
2019-08-22 19:09:34 - [TEST_STEP][PASSED] - notificationPage.clickDescription("Approval"): Execute JavaScript 'arguments[0].click();' successfully&#xD;
&#xD;
2019-08-22 19:09:35 - [MESSAGE][PASSED] - Object 'Object Repository/NotificationPage/NotificationTypes_rdo' is visible&#xD;
&#xD;
2019-08-22 19:09:35 - [MESSAGE][PASSED] - Object 'Object Repository/NotificationPage/NotificationTypes_rdo' is visible&#xD;
&#xD;
2019-08-22 19:09:35 - [MESSAGE][PASSED] - Execute JavaScript 'arguments[0].click();' successfully&#xD;
&#xD;
2019-08-22 19:09:35 - [MESSAGE][PASSED] - Object 'Object Repository/PartyOnboarding/btn_Next' is visible&#xD;
&#xD;
2019-08-22 19:09:35 - [MESSAGE][PASSED] - Execute JavaScript 'arguments[0].click();' successfully&#xD;
&#xD;
2019-08-22 19:09:35 - [TEST_STEP][PASSED] - step = "3": null&#xD;
&#xD;
2019-08-22 19:09:35 - [TEST_STEP][PASSED] - log.logInfo("Confirmation - Step0" + step + " Confirmed Party Creation"): Confirmation - Step03 Confirmed Party Creation&#xD;
&#xD;
2019-08-22 19:09:35 - [MESSAGE][INFO] - Confirmation - Step03 Confirmed Party Creation&#xD;
&#xD;
2019-08-22 19:09:35 - [TEST_STEP][PASSED] - notificationPage.clickConfirmed(description, "Approval"): com.kms.katalon.core.webui.exception.WebElementNotFoundException: Web element with id: 'Object Repository/ProcessApprovalConfirmation/ListTaskID_rdo' located by 'By.xpath: //td[text()='Approval' and @idx=1]/preceding-sibling::td[@idx='0']' not found (Root cause: com.kms.katalon.core.exception.StepFailedException: com.kms.katalon.core.webui.exception.WebElementNotFoundException: Web element with id: 'Object Repository/ProcessApprovalConfirmation/ListTaskID_rdo' located by 'By.xpath: //td[text()='Approval' and @idx=1]/preceding-sibling::td[@idx='0']' not found&#xD;
	at com.kms.katalon.core.webui.keyword.internal.WebUIKeywordMain.stepFailed(WebUIKeywordMain.groovy:64)&#xD;
	at com.kms.katalon.core.webui.keyword.builtin.VerifyElementPresentKeyword$_verifyElementPresent_closure1.doCall(VerifyElementPresentKeyword.groovy:85)&#xD;
	at com.kms.katalon.core.webui.keyword.builtin.VerifyElementPresentKeyword$_verifyElementPresent_closure1.call(VerifyElementPresentKeyword.groovy)&#xD;
	at com.kms.katalon.core.webui.keyword.internal.WebUIKeywordMain.runKeyword(WebUIKeywordMain.groovy:20)&#xD;
	at com.kms.katalon.core.webui.keyword.builtin.VerifyElementPresentKeyword.verifyElementPresent(VerifyElementPresentKeyword.groovy:92)&#xD;
	at com.kms.katalon.core.webui.keyword.builtin.VerifyElementPresentKeyword.execute(VerifyElementPresentKeyword.groovy:68)&#xD;
	at com.kms.katalon.core.keyword.internal.KeywordExecutor.executeKeywordForPlatform(KeywordExecutor.groovy:56)&#xD;
	at com.kms.katalon.core.webui.keyword.WebUiBuiltInKeywords.verifyElementPresent(WebUiBuiltInKeywords.groovy:1418)&#xD;
	at com.kms.katalon.core.webui.keyword.WebUiBuiltInKeywords$verifyElementPresent$15.call(Unknown Source)&#xD;
	at pageObjects.NotificationPage.clickConfirmed(NotificationPage.groovy:151)&#xD;
	at ConfirmDataPreparation.run(ConfirmDataPreparation:34)&#xD;
	at com.kms.katalon.core.main.ScriptEngine.run(ScriptEngine.java:194)&#xD;
	at com.kms.katalon.core.main.ScriptEngine.runScriptAsRawText(ScriptEngine.java:119)&#xD;
	at com.kms.katalon.core.main.TestCaseExecutor.runScript(TestCaseExecutor.java:337)&#xD;
	at com.kms.katalon.core.main.TestCaseExecutor.doExecute(TestCaseExecutor.java:328)&#xD;
	at com.kms.katalon.core.main.TestCaseExecutor.processExecutionPhase(TestCaseExecutor.java:307)&#xD;
	at com.kms.katalon.core.main.TestCaseExecutor.accessMainPhase(TestCaseExecutor.java:299)&#xD;
	at com.kms.katalon.core.main.TestCaseExecutor.execute(TestCaseExecutor.java:233)&#xD;
	at com.kms.katalon.core.main.TestSuiteExecutor.accessTestCaseMainPhase(TestSuiteExecutor.java:133)&#xD;
	at com.kms.katalon.core.main.TestSuiteExecutor.accessTestSuiteMainPhase(TestSuiteExecutor.java:116)&#xD;
	at com.kms.katalon.core.main.TestSuiteExecutor.execute(TestSuiteExecutor.java:83)&#xD;
	at com.kms.katalon.core.main.TestCaseMain.startTestSuite(TestCaseMain.java:157)&#xD;
	at com.kms.katalon.core.main.TestCaseMain$startTestSuite$0.call(Unknown Source)&#xD;
	at TempTestSuite1566477413230.run(TempTestSuite1566477413230.groovy:35)&#xD;
)&#xD;
&#xD;
2019-08-22 19:09:36 - [MESSAGE][PASSED] - Delayed 1 second(s)&#xD;
&#xD;
2019-08-22 19:09:36 - [MESSAGE][PASSED] - Object 'Object Repository/ProcessApprovalConfirmation/ListTaskID_txt' is visible&#xD;
&#xD;
2019-08-22 19:09:36 - [MESSAGE][PASSED] - Object 'Object Repository/ProcessApprovalConfirmation/ListTaskID_rdo' is visible&#xD;
&#xD;
2019-08-22 19:09:36 - [MESSAGE][PASSED] - Object 'Object Repository/ProcessApprovalConfirmation/ListTaskID_rdo' is present&#xD;
&#xD;
2019-08-22 19:09:36 - [MESSAGE][PASSED] - Object 'Object Repository/ProcessApprovalConfirmation/ListTaskID_txt' is visible&#xD;
&#xD;
2019-08-22 19:09:36 - [MESSAGE][PASSED] - Object 'Object Repository/ProcessApprovalConfirmation/ListTaskID_rdo' is visible&#xD;
&#xD;
2019-08-22 19:09:36 - [MESSAGE][PASSED] - Object 'Object Repository/ProcessApprovalConfirmation/ListTaskID_rdo' is clickable&#xD;
&#xD;
2019-08-22 19:09:37 - [MESSAGE][PASSED] - Text of object 'Object Repository/NotificationPage/TaskDescription_txt' is: 'Supervisor Authorization required for Party Onboarding'&#xD;
&#xD;
2019-08-22 19:09:37 - [MESSAGE][PASSED] - Object 'Object Repository/PartyOnboarding/btn_Next' is visible&#xD;
&#xD;
2019-08-22 19:09:37 - [MESSAGE][PASSED] - Object: 'Object Repository/PartyOnboarding/btn_Next' is clicked on&#xD;
&#xD;
2019-08-22 19:09:38 - [MESSAGE][PASSED] - Object 'Object Repository/ProcessApprovalConfirmation/chk_TickToDenoteCompliance' is present&#xD;
&#xD;
2019-08-22 19:09:38 - [MESSAGE][PASSED] - Execute JavaScript 'arguments[0].click();' successfully&#xD;
&#xD;
2019-08-22 19:09:38 - [MESSAGE][PASSED] - Object 'Object Repository/PartyOnboarding/btn_Next' is visible&#xD;
&#xD;
2019-08-22 19:09:38 - [MESSAGE][PASSED] - Execute JavaScript 'arguments[0].click();' successfully&#xD;
&#xD;
2019-08-22 19:09:40 - [MESSAGE][PASSED] - Attribute 'value' of object 'Object Repository/ProcessApprovalConfirmation/PartyID/lbl_PartyType' is: 'Personal'&#xD;
&#xD;
2019-08-22 19:09:40 - [MESSAGE][PASSED] - Object 'Object Repository/ProcessApprovalConfirmation/PartyID/lbl_PartyID' is visible&#xD;
&#xD;
2019-08-22 19:09:40 - [MESSAGE][PASSED] - Attribute 'value' of object 'Object Repository/ProcessApprovalConfirmation/PartyID/lbl_PartyID' is: 'XKI6HCVA'&#xD;
&#xD;
2019-08-22 19:09:40 - [MESSAGE][PASSED] - Wait for page load successfully&#xD;
&#xD;
2019-08-22 19:09:40 - [MESSAGE][PASSED] - Object 'Object Repository/btn_ClosePage' is present&#xD;
&#xD;
2019-08-22 19:09:40 - [MESSAGE][PASSED] - Object: 'Object Repository/btn_ClosePage' is clicked on&#xD;
&#xD;
2019-08-22 19:09:45 - [MESSAGE][INFO] - Unable to find the element located by 'By.xpath: //td[text()='Approval']/preceding-sibling::td'. Please recheck the objects properties to make sure the desired element is located. &#xD;
&#xD;
2019-08-22 19:09:45 - [MESSAGE][WARNING] - Web element with id: 'Object Repository/NotificationPage/NotificationTypes_rdo' located by 'By.xpath: //td[text()='Approval']/preceding-sibling::td' not found&#xD;
&#xD;
2019-08-22 19:10:16 - [MESSAGE][INFO] - Unable to find the element located by 'By.xpath: //td[text()='Approval' and @idx=1]/preceding-sibling::td[@idx='0']'. Please recheck the objects properties to make sure the desired element is located. &#xD;
&#xD;
2019-08-22 19:10:17 - [MESSAGE][WARNING] - com.kms.katalon.core.webui.exception.WebElementNotFoundException: Web element with id: 'Object Repository/ProcessApprovalConfirmation/ListTaskID_rdo' located by 'By.xpath: //td[text()='Approval' and @idx=1]/preceding-sibling::td[@idx='0']' not found (Root cause: com.kms.katalon.core.exception.StepFailedException: com.kms.katalon.core.webui.exception.WebElementNotFoundException: Web element with id: 'Object Repository/ProcessApprovalConfirmation/ListTaskID_rdo' located by 'By.xpath: //td[text()='Approval' and @idx=1]/preceding-sibling::td[@idx='0']' not found&#xD;
	at com.kms.katalon.core.webui.keyword.internal.WebUIKeywordMain.stepFailed(WebUIKeywordMain.groovy:64)&#xD;
	at com.kms.katalon.core.webui.keyword.builtin.VerifyElementPresentKeyword$_verifyElementPresent_closure1.doCall(VerifyElementPresentKeyword.groovy:85)&#xD;
	at com.kms.katalon.core.webui.keyword.builtin.VerifyElementPresentKeyword$_verifyElementPresent_closure1.call(VerifyElementPresentKeyword.groovy)&#xD;
	at com.kms.katalon.core.webui.keyword.internal.WebUIKeywordMain.runKeyword(WebUIKeywordMain.groovy:20)&#xD;
	at com.kms.katalon.core.webui.keyword.builtin.VerifyElementPresentKeyword.verifyElementPresent(VerifyElementPresentKeyword.groovy:92)&#xD;
	at com.kms.katalon.core.webui.keyword.builtin.VerifyElementPresentKeyword.execute(VerifyElementPresentKeyword.groovy:68)&#xD;
	at com.kms.katalon.core.keyword.internal.KeywordExecutor.executeKeywordForPlatform(KeywordExecutor.groovy:56)&#xD;
	at com.kms.katalon.core.webui.keyword.WebUiBuiltInKeywords.verifyElementPresent(WebUiBuiltInKeywords.groovy:1418)&#xD;
	at com.kms.katalon.core.webui.keyword.WebUiBuiltInKeywords$verifyElementPresent$15.call(Unknown Source)&#xD;
	at pageObjects.NotificationPage.clickConfirmed(NotificationPage.groovy:151)&#xD;
	at ConfirmDataPreparation.run(ConfirmDataPreparation:34)&#xD;
	at com.kms.katalon.core.main.ScriptEngine.run(ScriptEngine.java:194)&#xD;
	at com.kms.katalon.core.main.ScriptEngine.runScriptAsRawText(ScriptEngine.java:119)&#xD;
	at com.kms.katalon.core.main.TestCaseExecutor.runScript(TestCaseExecutor.java:337)&#xD;
	at com.kms.katalon.core.main.TestCaseExecutor.doExecute(TestCaseExecutor.java:328)&#xD;
	at com.kms.katalon.core.main.TestCaseExecutor.processExecutionPhase(TestCaseExecutor.java:307)&#xD;
	at com.kms.katalon.core.main.TestCaseExecutor.accessMainPhase(TestCaseExecutor.java:299)&#xD;
	at com.kms.katalon.core.main.TestCaseExecutor.execute(TestCaseExecutor.java:233)&#xD;
	at com.kms.katalon.core.main.TestSuiteExecutor.accessTestCaseMainPhase(TestSuiteExecutor.java:133)&#xD;
	at com.kms.katalon.core.main.TestSuiteExecutor.accessTestSuiteMainPhase(TestSuiteExecutor.java:116)&#xD;
	at com.kms.katalon.core.main.TestSuiteExecutor.execute(TestSuiteExecutor.java:83)&#xD;
	at com.kms.katalon.core.main.TestCaseMain.startTestSuite(TestCaseMain.java:157)&#xD;
	at com.kms.katalon.core.main.TestCaseMain$startTestSuite$0.call(Unknown Source)&#xD;
	at TempTestSuite1566477413230.run(TempTestSuite1566477413230.groovy:35)&#xD;
)&#xD;
[[ATTACHMENT|C:\\ML\\JITS\\AYA\\Automation\\FBE\\FBE\\Reports\\DataPreparation\\PartyOnboardingPersonal\\20190822_190653\\1566477616972.png]]</system-out>
            <system-err></system-err>
        </testcase>
        <system-out>2019-08-22 19:06:56 - [TEST_SUITE][INCOMPLETE] - PartyOnboardingPersonal: null</system-out>
        <system-err>2019-08-22 19:06:56 - [TEST_SUITE][INCOMPLETE] - PartyOnboardingPersonal: null</system-err>
    </testsuite>
</testsuites>
