<?xml version="1.0" encoding="UTF-8" standalone="yes"?>
<testsuites name="PartyOnboardingPersonal" time="2390" tests="17" failures="0" errors="0">
    <testsuite name="PartyOnboardingPersonal" tests="17" failures="0" errors="0" time="2390" timestamp="2019-08-22 09:15:38" hostname="HP - CNU406BFVL" id="Test Suites/DataPreparation/PartyOnboardingPersonal">
        <properties>
            <property name="deviceName" value=""/>
            <property name="devicePlatform" value=""/>
            <property name="logFolder" value="C:\\ML\\JITS\\AYA\\Automation\\FBE\\FBE\\Reports\\DataPreparation\\PartyOnboardingPersonal\\20190822_091535"/>
            <property name="logFiles" value="C:\\ML\\JITS\\AYA\\Automation\\FBE\\FBE\\Reports\\DataPreparation\\PartyOnboardingPersonal\\20190822_091535\\execution0.log"/>
            <property name="attachments" value="C:\\ML\\JITS\\AYA\\Automation\\FBE\\FBE\\Reports\\DataPreparation\\PartyOnboardingPersonal\\20190822_091535\\1566442007634.png, C:\\ML\\JITS\\AYA\\Automation\\FBE\\FBE\\Reports\\DataPreparation\\PartyOnboardingPersonal\\20190822_091535\\1566442012058.png, C:\\ML\\JITS\\AYA\\Automation\\FBE\\FBE\\Reports\\DataPreparation\\PartyOnboardingPersonal\\20190822_091535\\1566442015834.png, C:\\ML\\JITS\\AYA\\Automation\\FBE\\FBE\\Reports\\DataPreparation\\PartyOnboardingPersonal\\20190822_091535\\1566442156002.png, C:\\ML\\JITS\\AYA\\Automation\\FBE\\FBE\\Reports\\DataPreparation\\PartyOnboardingPersonal\\20190822_091535\\1566442160356.png, C:\\ML\\JITS\\AYA\\Automation\\FBE\\FBE\\Reports\\DataPreparation\\PartyOnboardingPersonal\\20190822_091535\\1566442164019.png, C:\\ML\\JITS\\AYA\\Automation\\FBE\\FBE\\Reports\\DataPreparation\\PartyOnboardingPersonal\\20190822_091535\\1566442302800.png, C:\\ML\\JITS\\AYA\\Automation\\FBE\\FBE\\Reports\\DataPreparation\\PartyOnboardingPersonal\\20190822_091535\\1566442307103.png, C:\\ML\\JITS\\AYA\\Automation\\FBE\\FBE\\Reports\\DataPreparation\\PartyOnboardingPersonal\\20190822_091535\\1566442310699.png, C:\\ML\\JITS\\AYA\\Automation\\FBE\\FBE\\Reports\\DataPreparation\\PartyOnboardingPersonal\\20190822_091535\\1566442449890.png, C:\\ML\\JITS\\AYA\\Automation\\FBE\\FBE\\Reports\\DataPreparation\\PartyOnboardingPersonal\\20190822_091535\\1566442454153.png, C:\\ML\\JITS\\AYA\\Automation\\FBE\\FBE\\Reports\\DataPreparation\\PartyOnboardingPersonal\\20190822_091535\\1566442457753.png, C:\\ML\\JITS\\AYA\\Automation\\FBE\\FBE\\Reports\\DataPreparation\\PartyOnboardingPersonal\\20190822_091535\\1566442596601.png, C:\\ML\\JITS\\AYA\\Automation\\FBE\\FBE\\Reports\\DataPreparation\\PartyOnboardingPersonal\\20190822_091535\\1566442600833.png, C:\\ML\\JITS\\AYA\\Automation\\FBE\\FBE\\Reports\\DataPreparation\\PartyOnboardingPersonal\\20190822_091535\\1566442604412.png, C:\\ML\\JITS\\AYA\\Automation\\FBE\\FBE\\Reports\\DataPreparation\\PartyOnboardingPersonal\\20190822_091535\\1566442743372.png, C:\\ML\\JITS\\AYA\\Automation\\FBE\\FBE\\Reports\\DataPreparation\\PartyOnboardingPersonal\\20190822_091535\\1566442747669.png, C:\\ML\\JITS\\AYA\\Automation\\FBE\\FBE\\Reports\\DataPreparation\\PartyOnboardingPersonal\\20190822_091535\\1566442751255.png, C:\\ML\\JITS\\AYA\\Automation\\FBE\\FBE\\Reports\\DataPreparation\\PartyOnboardingPersonal\\20190822_091535\\1566442893386.png, C:\\ML\\JITS\\AYA\\Automation\\FBE\\FBE\\Reports\\DataPreparation\\PartyOnboardingPersonal\\20190822_091535\\1566442897594.png, C:\\ML\\JITS\\AYA\\Automation\\FBE\\FBE\\Reports\\DataPreparation\\PartyOnboardingPersonal\\20190822_091535\\1566442901165.png, C:\\ML\\JITS\\AYA\\Automation\\FBE\\FBE\\Reports\\DataPreparation\\PartyOnboardingPersonal\\20190822_091535\\1566443040342.png, C:\\ML\\JITS\\AYA\\Automation\\FBE\\FBE\\Reports\\DataPreparation\\PartyOnboardingPersonal\\20190822_091535\\1566443044618.png, C:\\ML\\JITS\\AYA\\Automation\\FBE\\FBE\\Reports\\DataPreparation\\PartyOnboardingPersonal\\20190822_091535\\1566443048266.png, C:\\ML\\JITS\\AYA\\Automation\\FBE\\FBE\\Reports\\DataPreparation\\PartyOnboardingPersonal\\20190822_091535\\1566443188420.png, C:\\ML\\JITS\\AYA\\Automation\\FBE\\FBE\\Reports\\DataPreparation\\PartyOnboardingPersonal\\20190822_091535\\1566443192726.png, C:\\ML\\JITS\\AYA\\Automation\\FBE\\FBE\\Reports\\DataPreparation\\PartyOnboardingPersonal\\20190822_091535\\1566443196344.png, C:\\ML\\JITS\\AYA\\Automation\\FBE\\FBE\\Reports\\DataPreparation\\PartyOnboardingPersonal\\20190822_091535\\1566443336487.png, C:\\ML\\JITS\\AYA\\Automation\\FBE\\FBE\\Reports\\DataPreparation\\PartyOnboardingPersonal\\20190822_091535\\1566443340747.png, C:\\ML\\JITS\\AYA\\Automation\\FBE\\FBE\\Reports\\DataPreparation\\PartyOnboardingPersonal\\20190822_091535\\1566443344419.png, C:\\ML\\JITS\\AYA\\Automation\\FBE\\FBE\\Reports\\DataPreparation\\PartyOnboardingPersonal\\20190822_091535\\1566443484580.png, C:\\ML\\JITS\\AYA\\Automation\\FBE\\FBE\\Reports\\DataPreparation\\PartyOnboardingPersonal\\20190822_091535\\1566443488892.png, C:\\ML\\JITS\\AYA\\Automation\\FBE\\FBE\\Reports\\DataPreparation\\PartyOnboardingPersonal\\20190822_091535\\1566443492456.png, C:\\ML\\JITS\\AYA\\Automation\\FBE\\FBE\\Reports\\DataPreparation\\PartyOnboardingPersonal\\20190822_091535\\1566443638221.png, C:\\ML\\JITS\\AYA\\Automation\\FBE\\FBE\\Reports\\DataPreparation\\PartyOnboardingPersonal\\20190822_091535\\1566443642491.png, C:\\ML\\JITS\\AYA\\Automation\\FBE\\FBE\\Reports\\DataPreparation\\PartyOnboardingPersonal\\20190822_091535\\1566443646415.png, C:\\ML\\JITS\\AYA\\Automation\\FBE\\FBE\\Reports\\DataPreparation\\PartyOnboardingPersonal\\20190822_091535\\1566443790484.png, C:\\ML\\JITS\\AYA\\Automation\\FBE\\FBE\\Reports\\DataPreparation\\PartyOnboardingPersonal\\20190822_091535\\1566443794743.png, C:\\ML\\JITS\\AYA\\Automation\\FBE\\FBE\\Reports\\DataPreparation\\PartyOnboardingPersonal\\20190822_091535\\1566443798358.png, C:\\ML\\JITS\\AYA\\Automation\\FBE\\FBE\\Reports\\DataPreparation\\PartyOnboardingPersonal\\20190822_091535\\1566443938667.png, C:\\ML\\JITS\\AYA\\Automation\\FBE\\FBE\\Reports\\DataPreparation\\PartyOnboardingPersonal\\20190822_091535\\1566443942956.png, C:\\ML\\JITS\\AYA\\Automation\\FBE\\FBE\\Reports\\DataPreparation\\PartyOnboardingPersonal\\20190822_091535\\1566443946622.png, C:\\ML\\JITS\\AYA\\Automation\\FBE\\FBE\\Reports\\DataPreparation\\PartyOnboardingPersonal\\20190822_091535\\1566444086888.png, C:\\ML\\JITS\\AYA\\Automation\\FBE\\FBE\\Reports\\DataPreparation\\PartyOnboardingPersonal\\20190822_091535\\1566444091163.png, C:\\ML\\JITS\\AYA\\Automation\\FBE\\FBE\\Reports\\DataPreparation\\PartyOnboardingPersonal\\20190822_091535\\1566444094810.png, C:\\ML\\JITS\\AYA\\Automation\\FBE\\FBE\\Reports\\DataPreparation\\PartyOnboardingPersonal\\20190822_091535\\1566444235234.png, C:\\ML\\JITS\\AYA\\Automation\\FBE\\FBE\\Reports\\DataPreparation\\PartyOnboardingPersonal\\20190822_091535\\1566444239572.png, C:\\ML\\JITS\\AYA\\Automation\\FBE\\FBE\\Reports\\DataPreparation\\PartyOnboardingPersonal\\20190822_091535\\1566444243175.png"/>
            <property name="hostName" value="HP - CNU406BFVL"/>
            <property name="os" value="Windows 7 64bit"/>
            <property name="katalonVersion" value="6.2.2.4"/>
            <property name="browser" value="Chrome 76.0.3809.100"/>
            <property name="hostAddress" value="172.24.175.11"/>
            <property name="sessionId" value="b66037a08e632903dd77306610ecffdc"/>
            <property name="seleniumVersion" value="3.141.59"/>
            <property name="proxyInformation" value="ProxyInformation{proxyOption=NO_PROXY, proxyServerType=HTTP, password=, proxyServerAddress=, proxyServerPort=0}"/>
            <property name="platform" value="Windows 7"/>
        </properties>
        <testcase name="Test Cases/Login" classname="Test Cases/Login" status="PASSED">
            <system-out>2019-08-22 09:15:38 - [TEST_CASE][PASSED] - Test Cases/Login: Test Cases/Login&#xD;
&#xD;
2019-08-22 09:15:38 - [TEST_STEP][PASSED] - Start listener action : sampleBeforeTestCase: null&#xD;
&#xD;
2019-08-22 09:15:38 - [TEST_STEP][PASSED] - testCaseID = testCaseContext.getTestCaseId(): null&#xD;
&#xD;
2019-08-22 09:15:39 - [TEST_STEP][PASSED] - logger = new com.kms.katalon.core.util.KeywordUtil(): null&#xD;
&#xD;
2019-08-22 09:15:39 - [TEST_STEP][PASSED] - loginPage = new pageObjects.LoginPage(): null&#xD;
&#xD;
2019-08-22 09:15:39 - [TEST_STEP][PASSED] - logger.logInfo("Login - Step01 - Open browser"): Login - Step01 - Open browser&#xD;
&#xD;
2019-08-22 09:15:39 - [MESSAGE][INFO] - Login - Step01 - Open browser&#xD;
&#xD;
2019-08-22 09:15:39 - [TEST_STEP][PASSED] - loginPage.openBrowser(url, active): Current window maximized&#xD;
&#xD;
2019-08-22 09:15:39 - [MESSAGE][INFO] - Starting 'Chrome' driver&#xD;
&#xD;
2019-08-22 09:15:39 - [MESSAGE][INFO] - Action delay is set to 0 seconds&#xD;
&#xD;
2019-08-22 09:15:46 - [MESSAGE][PASSED] - Browser is opened with url: 'http://172.24.192.30:9080/uxp/rt/html/layout.html?locale=en-gb'&#xD;
&#xD;
2019-08-22 09:15:48 - [MESSAGE][PASSED] - Current window maximized&#xD;
&#xD;
2019-08-22 09:15:48 - [TEST_STEP][PASSED] - logger.logInfo("Login - Step02 - Input Username"): Login - Step02 - Input Username&#xD;
&#xD;
2019-08-22 09:15:48 - [MESSAGE][INFO] - Login - Step02 - Input Username&#xD;
&#xD;
2019-08-22 09:15:48 - [TEST_STEP][PASSED] - loginPage.inputUsername(username, active): Keys 'br1user006' sent to object: 'Object Repository/LogIn/input_Username_user'&#xD;
&#xD;
2019-08-22 09:15:48 - [MESSAGE][PASSED] - Object 'Object Repository/LogIn/input_Username_user' is present&#xD;
&#xD;
2019-08-22 09:15:48 - [MESSAGE][PASSED] - Keys 'br1user006' sent to object: 'Object Repository/LogIn/input_Username_user'&#xD;
&#xD;
2019-08-22 09:15:48 - [TEST_STEP][PASSED] - logger.logInfo("Login - Step03 - Input Password"): Login - Step03 - Input Password&#xD;
&#xD;
2019-08-22 09:15:48 - [MESSAGE][INFO] - Login - Step03 - Input Password&#xD;
&#xD;
2019-08-22 09:15:48 - [TEST_STEP][PASSED] - loginPage.inputPassword(password, active): Keys 'User006!@#' sent to object: 'Object Repository/LogIn/input_Password_pwd'&#xD;
&#xD;
2019-08-22 09:15:48 - [MESSAGE][PASSED] - Object 'Object Repository/LogIn/input_Password_pwd' is present&#xD;
&#xD;
2019-08-22 09:15:48 - [MESSAGE][PASSED] - Keys 'User006!@#' sent to object: 'Object Repository/LogIn/input_Password_pwd'&#xD;
&#xD;
2019-08-22 09:15:48 - [TEST_STEP][PASSED] - logger.logInfo("Login - Step04 - Click Sign In button"): Login - Step04 - Click Sign In button&#xD;
&#xD;
2019-08-22 09:15:48 - [MESSAGE][INFO] - Login - Step04 - Click Sign In button&#xD;
&#xD;
2019-08-22 09:15:48 - [TEST_STEP][PASSED] - loginPage.clickSingin(active): Object: 'Object Repository/LogIn/input_Password_login' is clicked on&#xD;
&#xD;
2019-08-22 09:15:48 - [MESSAGE][PASSED] - Object 'Object Repository/LogIn/input_Password_login' is present&#xD;
&#xD;
2019-08-22 09:15:50 - [MESSAGE][PASSED] - Object: 'Object Repository/LogIn/input_Password_login' is clicked on&#xD;
&#xD;
2019-08-22 09:15:50 - [TEST_STEP][PASSED] - logger.logInfo("Login - wait load page"): Login - wait load page&#xD;
&#xD;
2019-08-22 09:15:50 - [MESSAGE][INFO] - Login - wait load page&#xD;
&#xD;
2019-08-22 09:15:50 - [TEST_STEP][PASSED] - loginPage.waitLoadPage(active): Wait for page load successfully&#xD;
&#xD;
2019-08-22 09:15:50 - [MESSAGE][PASSED] - Wait for page load successfully</system-out>
            <system-err></system-err>
        </testcase>
        <testcase name="Test Cases/DataPreparation/PartyOnboardingEnterprise" classname="Test Cases/DataPreparation/PartyOnboardingEnterprise" status="PASSED">
            <system-out>2019-08-22 09:15:50 - [TEST_CASE][PASSED] - Test Cases/DataPreparation/PartyOnboardingEnterprise: Test Cases/DataPreparation/PartyOnboardingEnterprise&#xD;
&#xD;
2019-08-22 09:15:50 - [TEST_STEP][PASSED] - Start listener action : sampleBeforeTestCase: null&#xD;
&#xD;
2019-08-22 09:15:50 - [TEST_STEP][PASSED] - testCaseID = testCaseContext.getTestCaseId(): null&#xD;
&#xD;
2019-08-22 09:15:50 - [TEST_STEP][PASSED] - log = new com.kms.katalon.core.util.KeywordUtil(): null&#xD;
&#xD;
2019-08-22 09:15:50 - [TEST_STEP][PASSED] - partyOnboardingEnterprise = new pageObjects.PartyOnboarding(): null&#xD;
&#xD;
2019-08-22 09:15:50 - [TEST_STEP][PASSED] - delay(3): Delayed 3 second(s)&#xD;
&#xD;
2019-08-22 09:15:53 - [MESSAGE][PASSED] - Delayed 3 second(s)&#xD;
&#xD;
2019-08-22 09:15:53 - [TEST_STEP][PASSED] - log.logInfo("--- Open Party Onboarding in Menu Search ---"): --- Open Party Onboarding in Menu Search ---&#xD;
&#xD;
2019-08-22 09:15:53 - [MESSAGE][INFO] - --- Open Party Onboarding in Menu Search ---&#xD;
&#xD;
2019-08-22 09:15:53 - [TEST_STEP][PASSED] - partyOnboardingEnterprise.inputPartyOnboardingMenuSearch(): Object 'menuSearch_txt' is present&#xD;
&#xD;
2019-08-22 09:15:53 - [MESSAGE][PASSED] - Object 'Object Repository/Menu_Search' is visible&#xD;
&#xD;
2019-08-22 09:15:54 - [MESSAGE][PASSED] - Keys 'ENTER + Party Onboarding' sent to object: 'Object Repository/Menu_Search'&#xD;
&#xD;
2019-08-22 09:15:54 - [MESSAGE][PASSED] - Object 'menuSearch_txt' is present&#xD;
&#xD;
2019-08-22 09:15:54 - [TEST_STEP][PASSED] - log.logInfo("/---------------Party Onboarding---------------/"): /---------------Party Onboarding---------------/&#xD;
&#xD;
2019-08-22 09:15:54 - [MESSAGE][INFO] - /---------------Party Onboarding---------------/&#xD;
&#xD;
2019-08-22 09:15:54 - [TEST_STEP][PASSED] - log.logInfo("--- Input Local Global ---"): --- Input Local Global ---&#xD;
&#xD;
2019-08-22 09:15:54 - [MESSAGE][INFO] - --- Input Local Global ---&#xD;
&#xD;
2019-08-22 09:15:54 - [TEST_STEP][PASSED] - partyOnboardingEnterprise.inputLocalGlobal(s01_localglobal): Keys 'Local Private' sent to object: 'Object Repository/PartyOnboarding/PartyOnboarding/Local Global'&#xD;
&#xD;
2019-08-22 09:15:55 - [MESSAGE][PASSED] - Text of object 'Object Repository/PartyOnboarding/PartyOnboarding/Local Global' is cleared&#xD;
&#xD;
2019-08-22 09:15:55 - [MESSAGE][PASSED] - Object 'Object Repository/PartyOnboarding/PartyOnboarding/Local Global' is visible&#xD;
&#xD;
2019-08-22 09:15:55 - [MESSAGE][PASSED] - Object 'Object Repository/PartyOnboarding/PartyOnboarding/Local Global' is visible&#xD;
&#xD;
2019-08-22 09:15:56 - [MESSAGE][PASSED] - Keys 'Local Private' sent to object: 'Object Repository/PartyOnboarding/PartyOnboarding/Local Global'&#xD;
&#xD;
2019-08-22 09:15:56 - [TEST_STEP][PASSED] - log.logInfo("--- Input Party Type ---"): --- Input Party Type ---&#xD;
&#xD;
2019-08-22 09:15:56 - [MESSAGE][INFO] - --- Input Party Type ---&#xD;
&#xD;
2019-08-22 09:15:56 - [TEST_STEP][PASSED] - partyOnboardingEnterprise.inputPartyType(s01_partytype): Keys 'TAB + Enterprise' sent to object: 'Object Repository/PartyOnboarding/PartyOnboarding/Party Type'&#xD;
&#xD;
2019-08-22 09:15:56 - [MESSAGE][PASSED] - Object 'Object Repository/PartyOnboarding/PartyOnboarding/Party Type' is visible&#xD;
&#xD;
2019-08-22 09:15:56 - [MESSAGE][PASSED] - Keys 'TAB + Enterprise' sent to object: 'Object Repository/PartyOnboarding/PartyOnboarding/Party Type'&#xD;
&#xD;
2019-08-22 09:15:56 - [TEST_STEP][PASSED] - log.logInfo("--- Input Party Sub Type ---"): --- Input Party Sub Type ---&#xD;
&#xD;
2019-08-22 09:15:56 - [MESSAGE][INFO] - --- Input Party Sub Type ---&#xD;
&#xD;
2019-08-22 09:15:56 - [TEST_STEP][PASSED] - partyOnboardingEnterprise.inputPartySubType(s01_partysubtype): Keys 'PRIVATE/PUBLIC/PUBLIC LISTED COMPANY (MYANMAR)' sent to object: 'Object Repository/PartyOnboarding/PartyOnboarding/Party Sub-Type'&#xD;
&#xD;
2019-08-22 09:15:57 - [MESSAGE][PASSED] - Delayed 1 second(s)&#xD;
&#xD;
2019-08-22 09:15:57 - [MESSAGE][PASSED] - Object 'Object Repository/PartyOnboarding/PartyOnboarding/Party Type' is visible&#xD;
&#xD;
2019-08-22 09:15:58 - [MESSAGE][PASSED] - Keys 'PRIVATE/PUBLIC/PUBLIC LISTED COMPANY (MYANMAR)' sent to object: 'Object Repository/PartyOnboarding/PartyOnboarding/Party Sub-Type'&#xD;
&#xD;
2019-08-22 09:15:58 - [TEST_STEP][PASSED] - log.logInfo("--- Input Party Category ---"): --- Input Party Category ---&#xD;
&#xD;
2019-08-22 09:15:58 - [MESSAGE][INFO] - --- Input Party Category ---&#xD;
&#xD;
2019-08-22 09:15:58 - [TEST_STEP][PASSED] - partyOnboardingEnterprise.inputPartyCategory(s01_partycategory): Keys 'Full' sent to object: 'Object Repository/PartyOnboarding/PartyOnboarding/Party Category'&#xD;
&#xD;
2019-08-22 09:15:58 - [MESSAGE][PASSED] - Object 'Object Repository/PartyOnboarding/PartyOnboarding/Party Category' is visible&#xD;
&#xD;
2019-08-22 09:15:59 - [MESSAGE][PASSED] - Keys 'Full' sent to object: 'Object Repository/PartyOnboarding/PartyOnboarding/Party Category'&#xD;
&#xD;
2019-08-22 09:15:59 - [TEST_STEP][PASSED] - log.logInfo("--- Check Line of Business ---"): --- Check Line of Business ---&#xD;
&#xD;
2019-08-22 09:15:59 - [MESSAGE][INFO] - --- Check Line of Business ---&#xD;
&#xD;
2019-08-22 09:15:59 - [TEST_STEP][PASSED] - partyOnboardingEnterprise.clickLineofBusiness(s01_lineofbusiness, findTestObject("PartyOnboarding/PartyOnboarding/div_Core Banking")): Object 'Object Repository/PartyOnboarding/PartyOnboarding/LineofBusiness_List' is checked&#xD;
&#xD;
2019-08-22 09:15:59 - [MESSAGE][PASSED] - Object 'Object Repository/PartyOnboarding/PartyOnboarding/div_Core Banking' is visible&#xD;
&#xD;
2019-08-22 09:15:59 - [MESSAGE][PASSED] - Attribute 'aria-checked' of object 'Object Repository/PartyOnboarding/PartyOnboarding/div_Core Banking' is: 'true'&#xD;
&#xD;
2019-08-22 09:15:59 - [MESSAGE][PASSED] - Object 'Object Repository/PartyOnboarding/PartyOnboarding/chk_SelectAllLineOfBusiness' is visible&#xD;
&#xD;
2019-08-22 09:15:59 - [MESSAGE][PASSED] - Attribute 'aria-checked' of object 'Object Repository/PartyOnboarding/PartyOnboarding/chk_SelectAllLineOfBusiness' is: 'true'&#xD;
&#xD;
2019-08-22 09:15:59 - [MESSAGE][PASSED] - Object 'Object Repository/PartyOnboarding/PartyOnboarding/LineofBusiness_List' is visible&#xD;
&#xD;
2019-08-22 09:15:59 - [MESSAGE][PASSED] - Attribute 'aria-checked' of object 'Object Repository/PartyOnboarding/PartyOnboarding/LineofBusiness_List' is: 'true'&#xD;
&#xD;
2019-08-22 09:15:59 - [MESSAGE][PASSED] - Object 'Object Repository/PartyOnboarding/PartyOnboarding/LineofBusiness_List' is visible&#xD;
&#xD;
2019-08-22 09:15:59 - [MESSAGE][PASSED] - Attribute 'aria-checked' of object 'Object Repository/PartyOnboarding/PartyOnboarding/LineofBusiness_List' is: 'true'&#xD;
&#xD;
2019-08-22 09:15:59 - [MESSAGE][PASSED] - Object 'Object Repository/PartyOnboarding/PartyOnboarding/chk_SelectAllLineOfBusiness' is visible&#xD;
&#xD;
2019-08-22 09:15:59 - [MESSAGE][PASSED] - Attribute 'aria-checked' of object 'Object Repository/PartyOnboarding/PartyOnboarding/chk_SelectAllLineOfBusiness' is: 'true'&#xD;
&#xD;
2019-08-22 09:15:59 - [MESSAGE][PASSED] - Object 'Object Repository/PartyOnboarding/PartyOnboarding/chk_SelectAllLineOfBusiness' is checked&#xD;
&#xD;
2019-08-22 09:15:59 - [MESSAGE][PASSED] - Object 'Object Repository/PartyOnboarding/PartyOnboarding/div_Core Banking' is visible&#xD;
&#xD;
2019-08-22 09:15:59 - [MESSAGE][PASSED] - Attribute 'aria-checked' of object 'Object Repository/PartyOnboarding/PartyOnboarding/div_Core Banking' is: 'false'&#xD;
&#xD;
2019-08-22 09:16:00 - [MESSAGE][PASSED] - Object 'Object Repository/PartyOnboarding/PartyOnboarding/div_Core Banking' is checked&#xD;
&#xD;
2019-08-22 09:16:00 - [MESSAGE][PASSED] - Object 'Object Repository/PartyOnboarding/PartyOnboarding/LineofBusiness_List' is visible&#xD;
&#xD;
2019-08-22 09:16:00 - [MESSAGE][PASSED] - Attribute 'aria-checked' of object 'Object Repository/PartyOnboarding/PartyOnboarding/LineofBusiness_List' is: 'false'&#xD;
&#xD;
2019-08-22 09:16:00 - [MESSAGE][PASSED] - Object 'Object Repository/PartyOnboarding/PartyOnboarding/LineofBusiness_List' is checked&#xD;
&#xD;
2019-08-22 09:16:00 - [TEST_STEP][PASSED] - log.logInfo("--- Click Next to Party Check List  ---"): --- Click Next to Party Check List  ---&#xD;
&#xD;
2019-08-22 09:16:00 - [MESSAGE][INFO] - --- Click Next to Party Check List  ---&#xD;
&#xD;
2019-08-22 09:16:00 - [TEST_STEP][PASSED] - partyOnboardingEnterprise.clickNextbutton(): Object: 'Object Repository/PartyOnboarding/btn_Next' is clicked on&#xD;
&#xD;
2019-08-22 09:16:00 - [MESSAGE][PASSED] - Object 'Object Repository/PartyOnboarding/btn_Next' is visible&#xD;
&#xD;
2019-08-22 09:16:00 - [MESSAGE][PASSED] - Object: 'Object Repository/PartyOnboarding/btn_Next' is clicked on&#xD;
&#xD;
2019-08-22 09:16:00 - [TEST_STEP][PASSED] - delay(1): Delayed 1 second(s)&#xD;
&#xD;
2019-08-22 09:16:01 - [MESSAGE][PASSED] - Delayed 1 second(s)&#xD;
&#xD;
2019-08-22 09:16:01 - [TEST_STEP][PASSED] - partyOnboardingEnterprise.clickNextbutton(): Object: 'Object Repository/PartyOnboarding/btn_Next' is clicked on&#xD;
&#xD;
2019-08-22 09:16:01 - [MESSAGE][PASSED] - Object 'Object Repository/PartyOnboarding/btn_Next' is visible&#xD;
&#xD;
2019-08-22 09:16:01 - [MESSAGE][PASSED] - Object: 'Object Repository/PartyOnboarding/btn_Next' is clicked on&#xD;
&#xD;
2019-08-22 09:16:01 - [TEST_STEP][PASSED] - log.logInfo("/---------------Pre-Existence Check---------------/"): /---------------Pre-Existence Check---------------/&#xD;
&#xD;
2019-08-22 09:16:01 - [MESSAGE][INFO] - /---------------Pre-Existence Check---------------/&#xD;
&#xD;
2019-08-22 09:16:01 - [TEST_STEP][PASSED] - partyOnboardingEnterprise.inputEnterpriseName(s02_enterpriseName): Keys 'Enterprise 0000001' sent to object: 'Object Repository/PartyOnboarding/Enterprise/PreExistenceCheck/txt_EnterpriseName'&#xD;
&#xD;
2019-08-22 09:16:02 - [MESSAGE][PASSED] - Object 'Object Repository/PartyOnboarding/Enterprise/PreExistenceCheck/txt_EnterpriseName' is visible&#xD;
&#xD;
2019-08-22 09:16:02 - [MESSAGE][PASSED] - Keys 'Enterprise 0000001' sent to object: 'Object Repository/PartyOnboarding/Enterprise/PreExistenceCheck/txt_EnterpriseName'&#xD;
&#xD;
2019-08-22 09:16:02 - [TEST_STEP][PASSED] - partyOnboardingEnterprise.inputRegistration(): Keys '0UbsUUQl' sent to object: 'Object Repository/PartyOnboarding/Enterprise/PreExistenceCheck/txt_Registration'&#xD;
&#xD;
2019-08-22 09:16:02 - [MESSAGE][PASSED] - Object 'Object Repository/PartyOnboarding/Enterprise/PreExistenceCheck/txt_Registration' is visible&#xD;
&#xD;
2019-08-22 09:16:02 - [MESSAGE][PASSED] - Keys '0UbsUUQl' sent to object: 'Object Repository/PartyOnboarding/Enterprise/PreExistenceCheck/txt_Registration'&#xD;
&#xD;
2019-08-22 09:16:02 - [TEST_STEP][PASSED] - partyOnboardingEnterprise.clickNextbutton(): Object: 'Object Repository/PartyOnboarding/btn_Next' is clicked on&#xD;
&#xD;
2019-08-22 09:16:02 - [MESSAGE][PASSED] - Object 'Object Repository/PartyOnboarding/btn_Next' is visible&#xD;
&#xD;
2019-08-22 09:16:02 - [MESSAGE][PASSED] - Object: 'Object Repository/PartyOnboarding/btn_Next' is clicked on&#xD;
&#xD;
2019-08-22 09:16:02 - [TEST_STEP][PASSED] - log.logInfo("/--------------- Party Onboarding---------------/"): /--------------- Party Onboarding---------------/&#xD;
&#xD;
2019-08-22 09:16:02 - [MESSAGE][INFO] - /--------------- Party Onboarding---------------/&#xD;
&#xD;
2019-08-22 09:16:02 - [TEST_STEP][PASSED] - partyOnboardingEnterprise.inputPartyId(): Web element with id: 'Object Repository/PartyOnboarding/Personal/PersonalParty/Message/pop_ErrorDuplicatePartyID' located by 'By.xpath: //textarea[@name='03messages']' not found&#xD;
&#xD;
2019-08-22 09:16:04 - [MESSAGE][PASSED] - Object 'Object Repository/PartyOnboarding/Personal/PersonalParty/txt_PartyID' is visible&#xD;
&#xD;
2019-08-22 09:16:04 - [MESSAGE][PASSED] - Object 'Object Repository/PartyOnboarding/Personal/PersonalParty/txt_PartyID' is visible&#xD;
&#xD;
2019-08-22 09:16:04 - [MESSAGE][PASSED] - Keys 'TAB + hOYCURkX' sent to object: 'Object Repository/PartyOnboarding/Personal/PersonalParty/txt_PartyID'&#xD;
&#xD;
2019-08-22 09:16:36 - [MESSAGE][INFO] - Unable to find the element located by 'By.xpath: //textarea[@name='03messages']'. Please recheck the objects properties to make sure the desired element is located. &#xD;
&#xD;
2019-08-22 09:16:36 - [MESSAGE][WARNING] - Web element with id: 'Object Repository/PartyOnboarding/Personal/PersonalParty/Message/pop_ErrorDuplicatePartyID' located by 'By.xpath: //textarea[@name='03messages']' not found&#xD;
&#xD;
2019-08-22 09:16:36 - [TEST_STEP][PASSED] - partyOnboardingEnterprise.inputShortNameEnterprise(s03_shortName): Keys 'TAB + Enterprise' sent to object: 'Object Repository/PartyOnboarding/Enterprise/EnterpriseParty/Short Name_txt'&#xD;
&#xD;
2019-08-22 09:16:36 - [MESSAGE][PASSED] - Object 'Object Repository/PartyOnboarding/Enterprise/EnterpriseParty/Short Name_txt' is visible&#xD;
&#xD;
2019-08-22 09:16:36 - [MESSAGE][PASSED] - Keys 'TAB + Enterprise' sent to object: 'Object Repository/PartyOnboarding/Enterprise/EnterpriseParty/Short Name_txt'&#xD;
&#xD;
2019-08-22 09:16:36 - [TEST_STEP][PASSED] - partyOnboardingEnterprise.clickNextbutton(): Object: 'Object Repository/PartyOnboarding/btn_Next' is clicked on&#xD;
&#xD;
2019-08-22 09:16:36 - [MESSAGE][PASSED] - Object 'Object Repository/PartyOnboarding/btn_Next' is visible&#xD;
&#xD;
2019-08-22 09:16:36 - [MESSAGE][PASSED] - Object: 'Object Repository/PartyOnboarding/btn_Next' is clicked on&#xD;
&#xD;
2019-08-22 09:16:36 - [TEST_STEP][PASSED] - partyOnboardingEnterprise.clickProcessInWarningBox(): Object: 'Object Repository/PartyOnboarding/Personal/PersonalParty/btn_Warnings_Proceed_NotCapture' is clicked on&#xD;
&#xD;
2019-08-22 09:16:37 - [MESSAGE][PASSED] - Object 'Object Repository/PartyOnboarding/Personal/PersonalParty/btn_Warnings_Proceed_NotCapture' is visible&#xD;
&#xD;
2019-08-22 09:16:37 - [MESSAGE][PASSED] - Object: 'Object Repository/PartyOnboarding/Personal/PersonalParty/btn_Warnings_Proceed_NotCapture' is clicked on&#xD;
&#xD;
2019-08-22 09:16:37 - [TEST_STEP][PASSED] - log.logInfo("/--------------- Party Onboarding - Address---------------/"): /--------------- Party Onboarding - Address---------------/&#xD;
&#xD;
2019-08-22 09:16:37 - [MESSAGE][INFO] - /--------------- Party Onboarding - Address---------------/&#xD;
&#xD;
2019-08-22 09:16:37 - [TEST_STEP][PASSED] - partyOnboardingEnterprise.inputRDataForAddressParty(s04_addressType, s04_userForCommunication, s04_validFrom): Execute JavaScript 'arguments[0].click();' successfully&#xD;
&#xD;
2019-08-22 09:16:38 - [MESSAGE][PASSED] - Object 'Object Repository/PartyOnboarding/Personal/PartyAddress/button_New Row_PartyAddress' is visible&#xD;
&#xD;
2019-08-22 09:16:38 - [MESSAGE][PASSED] - Execute JavaScript 'arguments[0].click();' successfully&#xD;
&#xD;
2019-08-22 09:16:38 - [MESSAGE][PASSED] - Object 'Object Repository/PartyOnboarding/Personal/PartyAddress/Address Type' is visible&#xD;
&#xD;
2019-08-22 09:16:39 - [MESSAGE][PASSED] - Keys 'TAB + Home Address' sent to object: 'Object Repository/PartyOnboarding/Personal/PartyAddress/Address Type'&#xD;
&#xD;
2019-08-22 09:16:39 - [MESSAGE][PASSED] - Object 'Object Repository/PartyOnboarding/Personal/PartyAddress/Valid From' is visible&#xD;
&#xD;
2019-08-22 09:16:39 - [MESSAGE][PASSED] - Text of object 'Object Repository/PartyOnboarding/Personal/PartyAddress/Valid From' is cleared&#xD;
&#xD;
2019-08-22 09:16:39 - [MESSAGE][PASSED] - Object 'Object Repository/PartyOnboarding/Personal/PartyAddress/Valid From' is visible&#xD;
&#xD;
2019-08-22 09:16:40 - [MESSAGE][PASSED] - Keys '2018-01-14' sent to object: 'Object Repository/PartyOnboarding/Personal/PartyAddress/Valid From'&#xD;
&#xD;
2019-08-22 09:16:40 - [MESSAGE][PASSED] - Object 'Object Repository/PartyOnboarding/Personal/PartyAddress/chk_Use  for Communication' is present&#xD;
&#xD;
2019-08-22 09:16:40 - [MESSAGE][PASSED] - Attribute 'aria-checked' of object 'Object Repository/PartyOnboarding/Personal/PartyAddress/chk_Use  for Communication' is: 'false'&#xD;
&#xD;
2019-08-22 09:16:40 - [MESSAGE][PASSED] - Object 'Object Repository/PartyOnboarding/Personal/PartyAddress/chk_Use  for Communication' is checked&#xD;
&#xD;
2019-08-22 09:16:40 - [MESSAGE][PASSED] - Object 'Object Repository/PartyOnboarding/Personal/PartyAddress/SaveRow' is visible&#xD;
&#xD;
2019-08-22 09:16:40 - [MESSAGE][PASSED] - Execute JavaScript 'arguments[0].click();' successfully&#xD;
&#xD;
2019-08-22 09:16:40 - [MESSAGE][PASSED] - Object 'Object Repository/PartyOnboarding/Personal/PartyAddress/button_New Row_PartyAddress' is visible&#xD;
&#xD;
2019-08-22 09:16:40 - [MESSAGE][PASSED] - Execute JavaScript 'arguments[0].click();' successfully&#xD;
&#xD;
2019-08-22 09:16:40 - [MESSAGE][PASSED] - Object 'Object Repository/PartyOnboarding/Personal/PartyAddress/Address Type' is visible&#xD;
&#xD;
2019-08-22 09:16:41 - [MESSAGE][PASSED] - Keys 'TAB + Current Address' sent to object: 'Object Repository/PartyOnboarding/Personal/PartyAddress/Address Type'&#xD;
&#xD;
2019-08-22 09:16:41 - [MESSAGE][PASSED] - Object 'Object Repository/PartyOnboarding/Personal/PartyAddress/Valid From' is visible&#xD;
&#xD;
2019-08-22 09:16:41 - [MESSAGE][PASSED] - Text of object 'Object Repository/PartyOnboarding/Personal/PartyAddress/Valid From' is cleared&#xD;
&#xD;
2019-08-22 09:16:41 - [MESSAGE][PASSED] - Object 'Object Repository/PartyOnboarding/Personal/PartyAddress/Valid From' is visible&#xD;
&#xD;
2019-08-22 09:16:41 - [MESSAGE][PASSED] - Keys '2018-01-17' sent to object: 'Object Repository/PartyOnboarding/Personal/PartyAddress/Valid From'&#xD;
&#xD;
2019-08-22 09:16:41 - [MESSAGE][PASSED] - Object 'Object Repository/PartyOnboarding/Personal/PartyAddress/SaveRow' is visible&#xD;
&#xD;
2019-08-22 09:16:41 - [MESSAGE][PASSED] - Execute JavaScript 'arguments[0].click();' successfully&#xD;
&#xD;
2019-08-22 09:16:41 - [MESSAGE][PASSED] - Object 'Object Repository/PartyOnboarding/Personal/PartyAddress/button_New Row_PartyAddress' is visible&#xD;
&#xD;
2019-08-22 09:16:41 - [MESSAGE][PASSED] - Execute JavaScript 'arguments[0].click();' successfully&#xD;
&#xD;
2019-08-22 09:16:41 - [MESSAGE][PASSED] - Object 'Object Repository/PartyOnboarding/Personal/PartyAddress/Address Type' is visible&#xD;
&#xD;
2019-08-22 09:16:42 - [MESSAGE][PASSED] - Keys 'TAB + Office Address' sent to object: 'Object Repository/PartyOnboarding/Personal/PartyAddress/Address Type'&#xD;
&#xD;
2019-08-22 09:16:42 - [MESSAGE][PASSED] - Object 'Object Repository/PartyOnboarding/Personal/PartyAddress/Valid From' is visible&#xD;
&#xD;
2019-08-22 09:16:42 - [MESSAGE][PASSED] - Text of object 'Object Repository/PartyOnboarding/Personal/PartyAddress/Valid From' is cleared&#xD;
&#xD;
2019-08-22 09:16:42 - [MESSAGE][PASSED] - Object 'Object Repository/PartyOnboarding/Personal/PartyAddress/Valid From' is visible&#xD;
&#xD;
2019-08-22 09:16:42 - [MESSAGE][PASSED] - Keys '2017-01-17' sent to object: 'Object Repository/PartyOnboarding/Personal/PartyAddress/Valid From'&#xD;
&#xD;
2019-08-22 09:16:42 - [MESSAGE][PASSED] - Object 'Object Repository/PartyOnboarding/Personal/PartyAddress/SaveRow' is visible&#xD;
&#xD;
2019-08-22 09:16:42 - [MESSAGE][PASSED] - Execute JavaScript 'arguments[0].click();' successfully&#xD;
&#xD;
2019-08-22 09:16:42 - [TEST_STEP][PASSED] - partyOnboardingEnterprise.clickNextbutton(): Object: 'Object Repository/PartyOnboarding/btn_Next' is clicked on&#xD;
&#xD;
2019-08-22 09:16:42 - [MESSAGE][PASSED] - Object 'Object Repository/PartyOnboarding/btn_Next' is visible&#xD;
&#xD;
2019-08-22 09:16:43 - [MESSAGE][PASSED] - Object: 'Object Repository/PartyOnboarding/btn_Next' is clicked on&#xD;
&#xD;
2019-08-22 09:16:43 - [TEST_STEP][PASSED] - partyOnboardingEnterprise.inputDataForPartyContacts(s05_contactMethod, s05_contactTypeLocation, s05_contactCountryCode, s05_contactAreaCode, s05_contactNumber, s05_contactEmail, s05_confirmEmail, s05_validFrom): Execute JavaScript 'arguments[0].click();' successfully&#xD;
&#xD;
2019-08-22 09:16:43 - [MESSAGE][PASSED] - Object 'Object Repository/PartyOnboarding/Personal/PartyContacts/New Row' is visible&#xD;
&#xD;
2019-08-22 09:16:43 - [MESSAGE][PASSED] - Execute JavaScript 'arguments[0].click();' successfully&#xD;
&#xD;
2019-08-22 09:16:44 - [MESSAGE][PASSED] - Delayed 1 second(s)&#xD;
&#xD;
2019-08-22 09:16:44 - [MESSAGE][PASSED] - Object 'Object Repository/PartyOnboarding/Personal/PartyContacts/Contact Method' is visible&#xD;
&#xD;
2019-08-22 09:16:45 - [MESSAGE][PASSED] - Keys 'TAB + Telephone' sent to object: 'Object Repository/PartyOnboarding/Personal/PartyContacts/Contact Method'&#xD;
&#xD;
2019-08-22 09:16:46 - [MESSAGE][PASSED] - Delayed 1 second(s)&#xD;
&#xD;
2019-08-22 09:16:46 - [MESSAGE][PASSED] - Object 'Object Repository/PartyOnboarding/Personal/PartyContacts/Contact Type  Location' is visible&#xD;
&#xD;
2019-08-22 09:16:46 - [MESSAGE][PASSED] - Keys 'TAB + Personal' sent to object: 'Object Repository/PartyOnboarding/Personal/PartyContacts/Contact Type  Location'&#xD;
&#xD;
2019-08-22 09:16:46 - [MESSAGE][PASSED] - Object 'Object Repository/PartyOnboarding/Personal/PartyContacts/Contact Email' is visible&#xD;
&#xD;
2019-08-22 09:16:46 - [MESSAGE][PASSED] - Object 'Object Repository/PartyOnboarding/Personal/PartyContacts/Contact Email' has attribute 'readonly'&#xD;
&#xD;
2019-08-22 09:16:46 - [MESSAGE][PASSED] - Object 'Object Repository/PartyOnboarding/Personal/PartyContacts/Contact Number_03_Code' is visible&#xD;
&#xD;
2019-08-22 09:16:46 - [MESSAGE][PASSED] - Text of object 'Object Repository/PartyOnboarding/Personal/PartyContacts/Contact Number_03_Code' is cleared&#xD;
&#xD;
2019-08-22 09:16:46 - [MESSAGE][PASSED] - Object 'Object Repository/PartyOnboarding/Personal/PartyContacts/Contact Number_03_Code' is visible&#xD;
&#xD;
2019-08-22 09:16:47 - [MESSAGE][PASSED] - Keys '+95' sent to object: 'Object Repository/PartyOnboarding/Personal/PartyContacts/Contact Number_03_Code'&#xD;
&#xD;
2019-08-22 09:16:47 - [MESSAGE][PASSED] - Object 'Object Repository/PartyOnboarding/Personal/PartyContacts/Contact Number_AreaCode' is visible&#xD;
&#xD;
2019-08-22 09:16:47 - [MESSAGE][PASSED] - Keys '' sent to object: 'Object Repository/PartyOnboarding/Personal/PartyContacts/Contact Number_AreaCode'&#xD;
&#xD;
2019-08-22 09:16:47 - [MESSAGE][PASSED] - Object 'Object Repository/PartyOnboarding/Personal/PartyContacts/Contact Number_Number' is visible&#xD;
&#xD;
2019-08-22 09:16:47 - [MESSAGE][PASSED] - Keys '9697989901' sent to object: 'Object Repository/PartyOnboarding/Personal/PartyContacts/Contact Number_Number'&#xD;
&#xD;
2019-08-22 09:16:47 - [MESSAGE][PASSED] - Object 'Object Repository/PartyOnboarding/Personal/PartyContacts/Contact Number_03_Code' is visible&#xD;
&#xD;
2019-08-22 09:16:47 - [MESSAGE][WARNING] - Object 'Object Repository/PartyOnboarding/Personal/PartyContacts/Contact Number_03_Code' does not have attribute 'readonly' (Root cause: com.kms.katalon.core.exception.StepFailedException: Object 'Object Repository/PartyOnboarding/Personal/PartyContacts/Contact Number_03_Code' does not have attribute 'readonly'&#xD;
	at com.kms.katalon.core.webui.keyword.internal.WebUIKeywordMain.stepFailed(WebUIKeywordMain.groovy:64)&#xD;
	at com.kms.katalon.core.webui.keyword.builtin.VerifyElementHasAttributeKeyword$_verifyElementHasAttribute_closure1.doCall(VerifyElementHasAttributeKeyword.groovy:89)&#xD;
	at com.kms.katalon.core.webui.keyword.builtin.VerifyElementHasAttributeKeyword$_verifyElementHasAttribute_closure1.call(VerifyElementHasAttributeKeyword.groovy)&#xD;
	at com.kms.katalon.core.webui.keyword.internal.WebUIKeywordMain.runKeyword(WebUIKeywordMain.groovy:20)&#xD;
	at com.kms.katalon.core.webui.keyword.builtin.VerifyElementHasAttributeKeyword.verifyElementHasAttribute(VerifyElementHasAttributeKeyword.groovy:100)&#xD;
	at com.kms.katalon.core.webui.keyword.builtin.VerifyElementHasAttributeKeyword.execute(VerifyElementHasAttributeKeyword.groovy:69)&#xD;
	at com.kms.katalon.core.keyword.internal.KeywordExecutor.executeKeywordForPlatform(KeywordExecutor.groovy:56)&#xD;
	at com.kms.katalon.core.webui.keyword.WebUiBuiltInKeywords.verifyElementHasAttribute(WebUiBuiltInKeywords.groovy:3166)&#xD;
	at com.kms.katalon.core.webui.keyword.WebUiBuiltInKeywords$verifyElementHasAttribute$11.call(Unknown Source)&#xD;
	at pageObjects.PartyOnboarding.inputDataForPartyContacts(PartyOnboarding.groovy:736)&#xD;
	at PartyOnboardingEnterprise.run(PartyOnboardingEnterprise:61)&#xD;
	at com.kms.katalon.core.main.ScriptEngine.run(ScriptEngine.java:194)&#xD;
	at com.kms.katalon.core.main.ScriptEngine.runScriptAsRawText(ScriptEngine.java:119)&#xD;
	at com.kms.katalon.core.main.TestCaseExecutor.runScript(TestCaseExecutor.java:337)&#xD;
	at com.kms.katalon.core.main.TestCaseExecutor.doExecute(TestCaseExecutor.java:328)&#xD;
	at com.kms.katalon.core.main.TestCaseExecutor.processExecutionPhase(TestCaseExecutor.java:307)&#xD;
	at com.kms.katalon.core.main.TestCaseExecutor.accessMainPhase(TestCaseExecutor.java:299)&#xD;
	at com.kms.katalon.core.main.TestCaseExecutor.execute(TestCaseExecutor.java:233)&#xD;
	at com.kms.katalon.core.main.TestSuiteExecutor.accessTestCaseMainPhase(TestSuiteExecutor.java:133)&#xD;
	at com.kms.katalon.core.main.TestSuiteExecutor.accessTestSuiteMainPhase(TestSuiteExecutor.java:116)&#xD;
	at com.kms.katalon.core.main.TestSuiteExecutor.execute(TestSuiteExecutor.java:83)&#xD;
	at com.kms.katalon.core.main.TestCaseMain.startTestSuite(TestCaseMain.java:157)&#xD;
	at com.kms.katalon.core.main.TestCaseMain$startTestSuite$0.call(Unknown Source)&#xD;
	at TempTestSuite1566441935163.run(TempTestSuite1566441935163.groovy:35)&#xD;
)&#xD;
[[ATTACHMENT|C:\\ML\\JITS\\AYA\\Automation\\FBE\\FBE\\Reports\\DataPreparation\\PartyOnboardingPersonal\\20190822_091535\\1566442007634.png]]&#xD;
&#xD;
2019-08-22 09:16:48 - [MESSAGE][PASSED] - Object 'Object Repository/PartyOnboarding/Personal/PartyContacts/Valid From' is visible&#xD;
&#xD;
2019-08-22 09:16:48 - [MESSAGE][PASSED] - Text of object 'Object Repository/PartyOnboarding/Personal/PartyContacts/Valid From' is cleared&#xD;
&#xD;
2019-08-22 09:16:48 - [MESSAGE][PASSED] - Object 'Object Repository/PartyOnboarding/Personal/PartyContacts/Valid From' is visible&#xD;
&#xD;
2019-08-22 09:16:48 - [MESSAGE][PASSED] - Keys '2018-12-20' sent to object: 'Object Repository/PartyOnboarding/Personal/PartyContacts/Valid From'&#xD;
&#xD;
2019-08-22 09:16:48 - [MESSAGE][PASSED] - Object 'Object Repository/PartyOnboarding/Personal/PartyContacts/Save Row' is visible&#xD;
&#xD;
2019-08-22 09:16:48 - [MESSAGE][PASSED] - Execute JavaScript 'arguments[0].click();' successfully&#xD;
&#xD;
2019-08-22 09:16:48 - [MESSAGE][PASSED] - Object 'Object Repository/PartyOnboarding/Personal/PartyContacts/New Row' is visible&#xD;
&#xD;
2019-08-22 09:16:48 - [MESSAGE][PASSED] - Execute JavaScript 'arguments[0].click();' successfully&#xD;
&#xD;
2019-08-22 09:16:49 - [MESSAGE][PASSED] - Delayed 1 second(s)&#xD;
&#xD;
2019-08-22 09:16:49 - [MESSAGE][PASSED] - Object 'Object Repository/PartyOnboarding/Personal/PartyContacts/Contact Method' is visible&#xD;
&#xD;
2019-08-22 09:16:49 - [MESSAGE][PASSED] - Keys 'TAB + Mobile' sent to object: 'Object Repository/PartyOnboarding/Personal/PartyContacts/Contact Method'&#xD;
&#xD;
2019-08-22 09:16:50 - [MESSAGE][PASSED] - Delayed 1 second(s)&#xD;
&#xD;
2019-08-22 09:16:51 - [MESSAGE][PASSED] - Object 'Object Repository/PartyOnboarding/Personal/PartyContacts/Contact Type  Location' is visible&#xD;
&#xD;
2019-08-22 09:16:51 - [MESSAGE][PASSED] - Keys 'TAB + Work' sent to object: 'Object Repository/PartyOnboarding/Personal/PartyContacts/Contact Type  Location'&#xD;
&#xD;
2019-08-22 09:16:51 - [MESSAGE][PASSED] - Object 'Object Repository/PartyOnboarding/Personal/PartyContacts/Contact Email' is visible&#xD;
&#xD;
2019-08-22 09:16:51 - [MESSAGE][PASSED] - Object 'Object Repository/PartyOnboarding/Personal/PartyContacts/Contact Email' has attribute 'readonly'&#xD;
&#xD;
2019-08-22 09:16:51 - [MESSAGE][PASSED] - Object 'Object Repository/PartyOnboarding/Personal/PartyContacts/Contact Number_03_Code' is visible&#xD;
&#xD;
2019-08-22 09:16:51 - [MESSAGE][PASSED] - Text of object 'Object Repository/PartyOnboarding/Personal/PartyContacts/Contact Number_03_Code' is cleared&#xD;
&#xD;
2019-08-22 09:16:51 - [MESSAGE][PASSED] - Object 'Object Repository/PartyOnboarding/Personal/PartyContacts/Contact Number_03_Code' is visible&#xD;
&#xD;
2019-08-22 09:16:51 - [MESSAGE][PASSED] - Keys '+1' sent to object: 'Object Repository/PartyOnboarding/Personal/PartyContacts/Contact Number_03_Code'&#xD;
&#xD;
2019-08-22 09:16:51 - [MESSAGE][PASSED] - Object 'Object Repository/PartyOnboarding/Personal/PartyContacts/Contact Number_AreaCode' is visible&#xD;
&#xD;
2019-08-22 09:16:51 - [MESSAGE][PASSED] - Keys '' sent to object: 'Object Repository/PartyOnboarding/Personal/PartyContacts/Contact Number_AreaCode'&#xD;
&#xD;
2019-08-22 09:16:51 - [MESSAGE][PASSED] - Object 'Object Repository/PartyOnboarding/Personal/PartyContacts/Contact Number_Number' is visible&#xD;
&#xD;
2019-08-22 09:16:52 - [MESSAGE][PASSED] - Keys '9697989901' sent to object: 'Object Repository/PartyOnboarding/Personal/PartyContacts/Contact Number_Number'&#xD;
&#xD;
2019-08-22 09:16:52 - [MESSAGE][PASSED] - Object 'Object Repository/PartyOnboarding/Personal/PartyContacts/Contact Number_03_Code' is visible&#xD;
&#xD;
2019-08-22 09:16:52 - [MESSAGE][WARNING] - Object 'Object Repository/PartyOnboarding/Personal/PartyContacts/Contact Number_03_Code' does not have attribute 'readonly' (Root cause: com.kms.katalon.core.exception.StepFailedException: Object 'Object Repository/PartyOnboarding/Personal/PartyContacts/Contact Number_03_Code' does not have attribute 'readonly'&#xD;
	at com.kms.katalon.core.webui.keyword.internal.WebUIKeywordMain.stepFailed(WebUIKeywordMain.groovy:64)&#xD;
	at com.kms.katalon.core.webui.keyword.builtin.VerifyElementHasAttributeKeyword$_verifyElementHasAttribute_closure1.doCall(VerifyElementHasAttributeKeyword.groovy:89)&#xD;
	at com.kms.katalon.core.webui.keyword.builtin.VerifyElementHasAttributeKeyword$_verifyElementHasAttribute_closure1.call(VerifyElementHasAttributeKeyword.groovy)&#xD;
	at com.kms.katalon.core.webui.keyword.internal.WebUIKeywordMain.runKeyword(WebUIKeywordMain.groovy:20)&#xD;
	at com.kms.katalon.core.webui.keyword.builtin.VerifyElementHasAttributeKeyword.verifyElementHasAttribute(VerifyElementHasAttributeKeyword.groovy:100)&#xD;
	at com.kms.katalon.core.webui.keyword.builtin.VerifyElementHasAttributeKeyword.execute(VerifyElementHasAttributeKeyword.groovy:69)&#xD;
	at com.kms.katalon.core.keyword.internal.KeywordExecutor.executeKeywordForPlatform(KeywordExecutor.groovy:56)&#xD;
	at com.kms.katalon.core.webui.keyword.WebUiBuiltInKeywords.verifyElementHasAttribute(WebUiBuiltInKeywords.groovy:3166)&#xD;
	at com.kms.katalon.core.webui.keyword.WebUiBuiltInKeywords$verifyElementHasAttribute$11.call(Unknown Source)&#xD;
	at pageObjects.PartyOnboarding.inputDataForPartyContacts(PartyOnboarding.groovy:736)&#xD;
	at PartyOnboardingEnterprise.run(PartyOnboardingEnterprise:61)&#xD;
	at com.kms.katalon.core.main.ScriptEngine.run(ScriptEngine.java:194)&#xD;
	at com.kms.katalon.core.main.ScriptEngine.runScriptAsRawText(ScriptEngine.java:119)&#xD;
	at com.kms.katalon.core.main.TestCaseExecutor.runScript(TestCaseExecutor.java:337)&#xD;
	at com.kms.katalon.core.main.TestCaseExecutor.doExecute(TestCaseExecutor.java:328)&#xD;
	at com.kms.katalon.core.main.TestCaseExecutor.processExecutionPhase(TestCaseExecutor.java:307)&#xD;
	at com.kms.katalon.core.main.TestCaseExecutor.accessMainPhase(TestCaseExecutor.java:299)&#xD;
	at com.kms.katalon.core.main.TestCaseExecutor.execute(TestCaseExecutor.java:233)&#xD;
	at com.kms.katalon.core.main.TestSuiteExecutor.accessTestCaseMainPhase(TestSuiteExecutor.java:133)&#xD;
	at com.kms.katalon.core.main.TestSuiteExecutor.accessTestSuiteMainPhase(TestSuiteExecutor.java:116)&#xD;
	at com.kms.katalon.core.main.TestSuiteExecutor.execute(TestSuiteExecutor.java:83)&#xD;
	at com.kms.katalon.core.main.TestCaseMain.startTestSuite(TestCaseMain.java:157)&#xD;
	at com.kms.katalon.core.main.TestCaseMain$startTestSuite$0.call(Unknown Source)&#xD;
	at TempTestSuite1566441935163.run(TempTestSuite1566441935163.groovy:35)&#xD;
)&#xD;
[[ATTACHMENT|C:\\ML\\JITS\\AYA\\Automation\\FBE\\FBE\\Reports\\DataPreparation\\PartyOnboardingPersonal\\20190822_091535\\1566442012058.png]]&#xD;
&#xD;
2019-08-22 09:16:52 - [MESSAGE][PASSED] - Object 'Object Repository/PartyOnboarding/Personal/PartyContacts/Valid From' is visible&#xD;
&#xD;
2019-08-22 09:16:52 - [MESSAGE][PASSED] - Text of object 'Object Repository/PartyOnboarding/Personal/PartyContacts/Valid From' is cleared&#xD;
&#xD;
2019-08-22 09:16:52 - [MESSAGE][PASSED] - Object 'Object Repository/PartyOnboarding/Personal/PartyContacts/Valid From' is visible&#xD;
&#xD;
2019-08-22 09:16:52 - [MESSAGE][PASSED] - Keys '2018-01-24' sent to object: 'Object Repository/PartyOnboarding/Personal/PartyContacts/Valid From'&#xD;
&#xD;
2019-08-22 09:16:52 - [MESSAGE][PASSED] - Object 'Object Repository/PartyOnboarding/Personal/PartyContacts/Save Row' is visible&#xD;
&#xD;
2019-08-22 09:16:52 - [MESSAGE][PASSED] - Execute JavaScript 'arguments[0].click();' successfully&#xD;
&#xD;
2019-08-22 09:16:53 - [MESSAGE][PASSED] - Object 'Object Repository/PartyOnboarding/Personal/PartyContacts/New Row' is visible&#xD;
&#xD;
2019-08-22 09:16:53 - [MESSAGE][PASSED] - Execute JavaScript 'arguments[0].click();' successfully&#xD;
&#xD;
2019-08-22 09:16:54 - [MESSAGE][PASSED] - Delayed 1 second(s)&#xD;
&#xD;
2019-08-22 09:16:54 - [MESSAGE][PASSED] - Object 'Object Repository/PartyOnboarding/Personal/PartyContacts/Contact Method' is visible&#xD;
&#xD;
2019-08-22 09:16:54 - [MESSAGE][PASSED] - Keys 'TAB + Email' sent to object: 'Object Repository/PartyOnboarding/Personal/PartyContacts/Contact Method'&#xD;
&#xD;
2019-08-22 09:16:55 - [MESSAGE][PASSED] - Delayed 1 second(s)&#xD;
&#xD;
2019-08-22 09:16:55 - [MESSAGE][PASSED] - Object 'Object Repository/PartyOnboarding/Personal/PartyContacts/Contact Type  Location' is visible&#xD;
&#xD;
2019-08-22 09:16:55 - [MESSAGE][PASSED] - Keys 'TAB + Personal' sent to object: 'Object Repository/PartyOnboarding/Personal/PartyContacts/Contact Type  Location'&#xD;
&#xD;
2019-08-22 09:16:55 - [MESSAGE][PASSED] - Object 'Object Repository/PartyOnboarding/Personal/PartyContacts/Contact Email' is visible&#xD;
&#xD;
2019-08-22 09:16:56 - [MESSAGE][WARNING] - Object 'Object Repository/PartyOnboarding/Personal/PartyContacts/Contact Email' does not have attribute 'readonly' (Root cause: com.kms.katalon.core.exception.StepFailedException: Object 'Object Repository/PartyOnboarding/Personal/PartyContacts/Contact Email' does not have attribute 'readonly'&#xD;
	at com.kms.katalon.core.webui.keyword.internal.WebUIKeywordMain.stepFailed(WebUIKeywordMain.groovy:64)&#xD;
	at com.kms.katalon.core.webui.keyword.builtin.VerifyElementHasAttributeKeyword$_verifyElementHasAttribute_closure1.doCall(VerifyElementHasAttributeKeyword.groovy:89)&#xD;
	at com.kms.katalon.core.webui.keyword.builtin.VerifyElementHasAttributeKeyword$_verifyElementHasAttribute_closure1.call(VerifyElementHasAttributeKeyword.groovy)&#xD;
	at com.kms.katalon.core.webui.keyword.internal.WebUIKeywordMain.runKeyword(WebUIKeywordMain.groovy:20)&#xD;
	at com.kms.katalon.core.webui.keyword.builtin.VerifyElementHasAttributeKeyword.verifyElementHasAttribute(VerifyElementHasAttributeKeyword.groovy:100)&#xD;
	at com.kms.katalon.core.webui.keyword.builtin.VerifyElementHasAttributeKeyword.execute(VerifyElementHasAttributeKeyword.groovy:69)&#xD;
	at com.kms.katalon.core.keyword.internal.KeywordExecutor.executeKeywordForPlatform(KeywordExecutor.groovy:56)&#xD;
	at com.kms.katalon.core.webui.keyword.WebUiBuiltInKeywords.verifyElementHasAttribute(WebUiBuiltInKeywords.groovy:3166)&#xD;
	at com.kms.katalon.core.webui.keyword.WebUiBuiltInKeywords$verifyElementHasAttribute$11.call(Unknown Source)&#xD;
	at pageObjects.PartyOnboarding.inputDataForPartyContacts(PartyOnboarding.groovy:721)&#xD;
	at PartyOnboardingEnterprise.run(PartyOnboardingEnterprise:61)&#xD;
	at com.kms.katalon.core.main.ScriptEngine.run(ScriptEngine.java:194)&#xD;
	at com.kms.katalon.core.main.ScriptEngine.runScriptAsRawText(ScriptEngine.java:119)&#xD;
	at com.kms.katalon.core.main.TestCaseExecutor.runScript(TestCaseExecutor.java:337)&#xD;
	at com.kms.katalon.core.main.TestCaseExecutor.doExecute(TestCaseExecutor.java:328)&#xD;
	at com.kms.katalon.core.main.TestCaseExecutor.processExecutionPhase(TestCaseExecutor.java:307)&#xD;
	at com.kms.katalon.core.main.TestCaseExecutor.accessMainPhase(TestCaseExecutor.java:299)&#xD;
	at com.kms.katalon.core.main.TestCaseExecutor.execute(TestCaseExecutor.java:233)&#xD;
	at com.kms.katalon.core.main.TestSuiteExecutor.accessTestCaseMainPhase(TestSuiteExecutor.java:133)&#xD;
	at com.kms.katalon.core.main.TestSuiteExecutor.accessTestSuiteMainPhase(TestSuiteExecutor.java:116)&#xD;
	at com.kms.katalon.core.main.TestSuiteExecutor.execute(TestSuiteExecutor.java:83)&#xD;
	at com.kms.katalon.core.main.TestCaseMain.startTestSuite(TestCaseMain.java:157)&#xD;
	at com.kms.katalon.core.main.TestCaseMain$startTestSuite$0.call(Unknown Source)&#xD;
	at TempTestSuite1566441935163.run(TempTestSuite1566441935163.groovy:35)&#xD;
)&#xD;
[[ATTACHMENT|C:\\ML\\JITS\\AYA\\Automation\\FBE\\FBE\\Reports\\DataPreparation\\PartyOnboardingPersonal\\20190822_091535\\1566442015834.png]]&#xD;
&#xD;
2019-08-22 09:16:56 - [MESSAGE][PASSED] - Object 'Object Repository/PartyOnboarding/Personal/PartyContacts/Contact Number_03_Code' is visible&#xD;
&#xD;
2019-08-22 09:16:56 - [MESSAGE][PASSED] - Object 'Object Repository/PartyOnboarding/Personal/PartyContacts/Contact Number_03_Code' has attribute 'readonly'&#xD;
&#xD;
2019-08-22 09:16:56 - [MESSAGE][PASSED] - Object 'Object Repository/PartyOnboarding/Personal/PartyContacts/Contact Email' is visible&#xD;
&#xD;
2019-08-22 09:16:57 - [MESSAGE][PASSED] - Keys 'nguyenthimyle@gmail.com' sent to object: 'Object Repository/PartyOnboarding/Personal/PartyContacts/Contact Email'&#xD;
&#xD;
2019-08-22 09:16:57 - [MESSAGE][PASSED] - Object 'Object Repository/PartyOnboarding/Personal/PartyContacts/Confirm Email' is visible&#xD;
&#xD;
2019-08-22 09:16:57 - [MESSAGE][PASSED] - Keys 'nguyenthimyle@gmail.com' sent to object: 'Object Repository/PartyOnboarding/Personal/PartyContacts/Confirm Email'&#xD;
&#xD;
2019-08-22 09:16:57 - [MESSAGE][PASSED] - Object 'Object Repository/PartyOnboarding/Personal/PartyContacts/Valid From' is visible&#xD;
&#xD;
2019-08-22 09:16:57 - [MESSAGE][PASSED] - Text of object 'Object Repository/PartyOnboarding/Personal/PartyContacts/Valid From' is cleared&#xD;
&#xD;
2019-08-22 09:16:57 - [MESSAGE][PASSED] - Object 'Object Repository/PartyOnboarding/Personal/PartyContacts/Valid From' is visible&#xD;
&#xD;
2019-08-22 09:16:58 - [MESSAGE][PASSED] - Keys '2017-01-24' sent to object: 'Object Repository/PartyOnboarding/Personal/PartyContacts/Valid From'&#xD;
&#xD;
2019-08-22 09:16:58 - [MESSAGE][PASSED] - Object 'Object Repository/PartyOnboarding/Personal/PartyContacts/Save Row' is visible&#xD;
&#xD;
2019-08-22 09:16:58 - [MESSAGE][PASSED] - Execute JavaScript 'arguments[0].click();' successfully&#xD;
&#xD;
2019-08-22 09:16:58 - [TEST_STEP][PASSED] - partyOnboardingEnterprise.clickNextbutton(): Object: 'Object Repository/PartyOnboarding/btn_Next' is clicked on&#xD;
&#xD;
2019-08-22 09:16:58 - [MESSAGE][PASSED] - Object 'Object Repository/PartyOnboarding/btn_Next' is visible&#xD;
&#xD;
2019-08-22 09:16:58 - [MESSAGE][PASSED] - Object: 'Object Repository/PartyOnboarding/btn_Next' is clicked on&#xD;
&#xD;
2019-08-22 09:16:58 - [TEST_STEP][PASSED] - partyOnboardingEnterprise.inputDataForPartyRequiredDocuments(s06_documentCategory, s06_kycExpired, s06_documentType, s06_validFrom, s06_validTo, s06_referenceNumber, s06_issuingAuthority, s06_issuingCountry, s06_documentVerified, s06_image, s06_documentCollectionStatus): Keys 'Documents collected and validated centrally' sent to object: 'Object Repository/PartyOnboarding/Personal/PartyRequiredDocument/ddl_DocumentsCollectionStatus'&#xD;
&#xD;
2019-08-22 09:16:59 - [MESSAGE][PASSED] - Delayed 1 second(s)&#xD;
&#xD;
2019-08-22 09:16:59 - [MESSAGE][PASSED] - Object 'Object Repository/PartyOnboarding/Personal/PartyRequiredDocument/New Row' is visible&#xD;
&#xD;
2019-08-22 09:16:59 - [MESSAGE][PASSED] - Execute JavaScript 'arguments[0].click();' successfully&#xD;
&#xD;
2019-08-22 09:16:59 - [MESSAGE][PASSED] - Object 'Object Repository/PartyOnboarding/Personal/PartyRequiredDocument/DocumentCategory' is visible&#xD;
&#xD;
2019-08-22 09:17:00 - [MESSAGE][PASSED] - Keys 'TAB + PT-AUTHORIZED MYCO USER' sent to object: 'Object Repository/PartyOnboarding/Personal/PartyRequiredDocument/DocumentCategory'&#xD;
&#xD;
2019-08-22 09:17:01 - [MESSAGE][PASSED] - Delayed 1 second(s)&#xD;
&#xD;
2019-08-22 09:17:01 - [MESSAGE][PASSED] - Object 'Object Repository/PartyOnboarding/Personal/PartyRequiredDocument/Document Type' is visible&#xD;
&#xD;
2019-08-22 09:17:02 - [MESSAGE][PASSED] - Keys 'TAB + AUTHORIZED MYCO USER' sent to object: 'Object Repository/PartyOnboarding/Personal/PartyRequiredDocument/Document Type'&#xD;
&#xD;
2019-08-22 09:17:03 - [MESSAGE][PASSED] - Delayed 1 second(s)&#xD;
&#xD;
2019-08-22 09:17:03 - [MESSAGE][PASSED] - Object 'Object Repository/PartyOnboarding/Personal/PartyRequiredDocument/Issuing Country' is visible&#xD;
&#xD;
2019-08-22 09:17:04 - [MESSAGE][PASSED] - Keys 'Myanmar' sent to object: 'Object Repository/PartyOnboarding/Personal/PartyRequiredDocument/Issuing Country'&#xD;
&#xD;
2019-08-22 09:17:05 - [MESSAGE][PASSED] - Delayed 1 second(s)&#xD;
&#xD;
2019-08-22 09:17:05 - [MESSAGE][PASSED] - Object 'Object Repository/PartyOnboarding/Personal/PartyRequiredDocument/Document Verified' is visible&#xD;
&#xD;
2019-08-22 09:17:05 - [MESSAGE][PASSED] - Keys 'TAB + TRUE' sent to object: 'Object Repository/PartyOnboarding/Personal/PartyRequiredDocument/Document Verified'&#xD;
&#xD;
2019-08-22 09:17:05 - [MESSAGE][PASSED] - Object 'Object Repository/PartyOnboarding/Personal/PartyRequiredDocument/Save Row' is visible&#xD;
&#xD;
2019-08-22 09:17:05 - [MESSAGE][PASSED] - Execute JavaScript 'arguments[0].click();' successfully&#xD;
&#xD;
2019-08-22 09:17:05 - [MESSAGE][PASSED] - Object 'Object Repository/PartyOnboarding/Personal/PartyRequiredDocument/New Row' is visible&#xD;
&#xD;
2019-08-22 09:17:05 - [MESSAGE][PASSED] - Execute JavaScript 'arguments[0].click();' successfully&#xD;
&#xD;
2019-08-22 09:17:05 - [MESSAGE][PASSED] - Object 'Object Repository/PartyOnboarding/Personal/PartyRequiredDocument/DocumentCategory' is visible&#xD;
&#xD;
2019-08-22 09:17:07 - [MESSAGE][PASSED] - Keys 'TAB + PT-BOARD OF DIRECTORS RESOLUTION' sent to object: 'Object Repository/PartyOnboarding/Personal/PartyRequiredDocument/DocumentCategory'&#xD;
&#xD;
2019-08-22 09:17:08 - [MESSAGE][PASSED] - Delayed 1 second(s)&#xD;
&#xD;
2019-08-22 09:17:08 - [MESSAGE][PASSED] - Object 'Object Repository/PartyOnboarding/Personal/PartyRequiredDocument/Document Type' is visible&#xD;
&#xD;
2019-08-22 09:17:09 - [MESSAGE][PASSED] - Keys 'TAB + BOARD OF DIRECTORS RESOLUTION' sent to object: 'Object Repository/PartyOnboarding/Personal/PartyRequiredDocument/Document Type'&#xD;
&#xD;
2019-08-22 09:17:10 - [MESSAGE][PASSED] - Delayed 1 second(s)&#xD;
&#xD;
2019-08-22 09:17:10 - [MESSAGE][PASSED] - Object 'Object Repository/PartyOnboarding/Personal/PartyRequiredDocument/Issuing Country' is visible&#xD;
&#xD;
2019-08-22 09:17:11 - [MESSAGE][PASSED] - Keys 'Myanmar' sent to object: 'Object Repository/PartyOnboarding/Personal/PartyRequiredDocument/Issuing Country'&#xD;
&#xD;
2019-08-22 09:17:12 - [MESSAGE][PASSED] - Delayed 1 second(s)&#xD;
&#xD;
2019-08-22 09:17:12 - [MESSAGE][PASSED] - Object 'Object Repository/PartyOnboarding/Personal/PartyRequiredDocument/Document Verified' is visible&#xD;
&#xD;
2019-08-22 09:17:12 - [MESSAGE][PASSED] - Keys 'TAB + TRUE' sent to object: 'Object Repository/PartyOnboarding/Personal/PartyRequiredDocument/Document Verified'&#xD;
&#xD;
2019-08-22 09:17:12 - [MESSAGE][PASSED] - Object 'Object Repository/PartyOnboarding/Personal/PartyRequiredDocument/Save Row' is visible&#xD;
&#xD;
2019-08-22 09:17:12 - [MESSAGE][PASSED] - Execute JavaScript 'arguments[0].click();' successfully&#xD;
&#xD;
2019-08-22 09:17:12 - [MESSAGE][PASSED] - Object 'Object Repository/PartyOnboarding/Personal/PartyRequiredDocument/New Row' is visible&#xD;
&#xD;
2019-08-22 09:17:12 - [MESSAGE][PASSED] - Execute JavaScript 'arguments[0].click();' successfully&#xD;
&#xD;
2019-08-22 09:17:12 - [MESSAGE][PASSED] - Object 'Object Repository/PartyOnboarding/Personal/PartyRequiredDocument/DocumentCategory' is visible&#xD;
&#xD;
2019-08-22 09:17:13 - [MESSAGE][PASSED] - Keys 'TAB + PT-CERTIFICATE OF INCORPORATION' sent to object: 'Object Repository/PartyOnboarding/Personal/PartyRequiredDocument/DocumentCategory'&#xD;
&#xD;
2019-08-22 09:17:14 - [MESSAGE][PASSED] - Delayed 1 second(s)&#xD;
&#xD;
2019-08-22 09:17:14 - [MESSAGE][PASSED] - Object 'Object Repository/PartyOnboarding/Personal/PartyRequiredDocument/Document Type' is visible&#xD;
&#xD;
2019-08-22 09:17:16 - [MESSAGE][PASSED] - Keys 'TAB + CERTIFICATE OF INCORPORATION' sent to object: 'Object Repository/PartyOnboarding/Personal/PartyRequiredDocument/Document Type'&#xD;
&#xD;
2019-08-22 09:17:17 - [MESSAGE][PASSED] - Delayed 1 second(s)&#xD;
&#xD;
2019-08-22 09:17:17 - [MESSAGE][PASSED] - Object 'Object Repository/PartyOnboarding/Personal/PartyRequiredDocument/Issuing Country' is visible&#xD;
&#xD;
2019-08-22 09:17:17 - [MESSAGE][PASSED] - Keys 'Myanmar' sent to object: 'Object Repository/PartyOnboarding/Personal/PartyRequiredDocument/Issuing Country'&#xD;
&#xD;
2019-08-22 09:17:18 - [MESSAGE][PASSED] - Delayed 1 second(s)&#xD;
&#xD;
2019-08-22 09:17:18 - [MESSAGE][PASSED] - Object 'Object Repository/PartyOnboarding/Personal/PartyRequiredDocument/Document Verified' is visible&#xD;
&#xD;
2019-08-22 09:17:18 - [MESSAGE][PASSED] - Keys 'TAB + TRUE' sent to object: 'Object Repository/PartyOnboarding/Personal/PartyRequiredDocument/Document Verified'&#xD;
&#xD;
2019-08-22 09:17:18 - [MESSAGE][PASSED] - Object 'Object Repository/PartyOnboarding/Personal/PartyRequiredDocument/Save Row' is visible&#xD;
&#xD;
2019-08-22 09:17:19 - [MESSAGE][PASSED] - Execute JavaScript 'arguments[0].click();' successfully&#xD;
&#xD;
2019-08-22 09:17:19 - [MESSAGE][PASSED] - Object 'Object Repository/PartyOnboarding/Personal/PartyRequiredDocument/New Row' is visible&#xD;
&#xD;
2019-08-22 09:17:19 - [MESSAGE][PASSED] - Execute JavaScript 'arguments[0].click();' successfully&#xD;
&#xD;
2019-08-22 09:17:19 - [MESSAGE][PASSED] - Object 'Object Repository/PartyOnboarding/Personal/PartyRequiredDocument/DocumentCategory' is visible&#xD;
&#xD;
2019-08-22 09:17:19 - [MESSAGE][PASSED] - Keys 'TAB + PT-FILING HISTORY' sent to object: 'Object Repository/PartyOnboarding/Personal/PartyRequiredDocument/DocumentCategory'&#xD;
&#xD;
2019-08-22 09:17:20 - [MESSAGE][PASSED] - Delayed 1 second(s)&#xD;
&#xD;
2019-08-22 09:17:21 - [MESSAGE][PASSED] - Object 'Object Repository/PartyOnboarding/Personal/PartyRequiredDocument/Document Type' is visible&#xD;
&#xD;
2019-08-22 09:17:21 - [MESSAGE][PASSED] - Keys 'TAB + FILING HISTORY' sent to object: 'Object Repository/PartyOnboarding/Personal/PartyRequiredDocument/Document Type'&#xD;
&#xD;
2019-08-22 09:17:22 - [MESSAGE][PASSED] - Delayed 1 second(s)&#xD;
&#xD;
2019-08-22 09:17:22 - [MESSAGE][PASSED] - Object 'Object Repository/PartyOnboarding/Personal/PartyRequiredDocument/Issuing Country' is visible&#xD;
&#xD;
2019-08-22 09:17:23 - [MESSAGE][PASSED] - Keys 'Myanmar' sent to object: 'Object Repository/PartyOnboarding/Personal/PartyRequiredDocument/Issuing Country'&#xD;
&#xD;
2019-08-22 09:17:24 - [MESSAGE][PASSED] - Delayed 1 second(s)&#xD;
&#xD;
2019-08-22 09:17:24 - [MESSAGE][PASSED] - Object 'Object Repository/PartyOnboarding/Personal/PartyRequiredDocument/Document Verified' is visible&#xD;
&#xD;
2019-08-22 09:17:24 - [MESSAGE][PASSED] - Keys 'TAB + TRUE' sent to object: 'Object Repository/PartyOnboarding/Personal/PartyRequiredDocument/Document Verified'&#xD;
&#xD;
2019-08-22 09:17:24 - [MESSAGE][PASSED] - Object 'Object Repository/PartyOnboarding/Personal/PartyRequiredDocument/Save Row' is visible&#xD;
&#xD;
2019-08-22 09:17:24 - [MESSAGE][PASSED] - Execute JavaScript 'arguments[0].click();' successfully&#xD;
&#xD;
2019-08-22 09:17:24 - [MESSAGE][PASSED] - Object 'Object Repository/PartyOnboarding/Personal/PartyRequiredDocument/New Row' is visible&#xD;
&#xD;
2019-08-22 09:17:24 - [MESSAGE][PASSED] - Execute JavaScript 'arguments[0].click();' successfully&#xD;
&#xD;
2019-08-22 09:17:24 - [MESSAGE][PASSED] - Object 'Object Repository/PartyOnboarding/Personal/PartyRequiredDocument/DocumentCategory' is visible&#xD;
&#xD;
2019-08-22 09:17:26 - [MESSAGE][PASSED] - Keys 'TAB + PT-FORM QA 22(FOREIGNER)' sent to object: 'Object Repository/PartyOnboarding/Personal/PartyRequiredDocument/DocumentCategory'&#xD;
&#xD;
2019-08-22 09:17:27 - [MESSAGE][PASSED] - Delayed 1 second(s)&#xD;
&#xD;
2019-08-22 09:17:27 - [MESSAGE][PASSED] - Object 'Object Repository/PartyOnboarding/Personal/PartyRequiredDocument/Document Type' is visible&#xD;
&#xD;
2019-08-22 09:17:28 - [MESSAGE][PASSED] - Keys 'TAB + FORM QA 22(FOREIGNER)' sent to object: 'Object Repository/PartyOnboarding/Personal/PartyRequiredDocument/Document Type'&#xD;
&#xD;
2019-08-22 09:17:29 - [MESSAGE][PASSED] - Delayed 1 second(s)&#xD;
&#xD;
2019-08-22 09:17:29 - [MESSAGE][PASSED] - Object 'Object Repository/PartyOnboarding/Personal/PartyRequiredDocument/Issuing Country' is visible&#xD;
&#xD;
2019-08-22 09:17:29 - [MESSAGE][PASSED] - Keys 'Myanmar' sent to object: 'Object Repository/PartyOnboarding/Personal/PartyRequiredDocument/Issuing Country'&#xD;
&#xD;
2019-08-22 09:17:30 - [MESSAGE][PASSED] - Delayed 1 second(s)&#xD;
&#xD;
2019-08-22 09:17:30 - [MESSAGE][PASSED] - Object 'Object Repository/PartyOnboarding/Personal/PartyRequiredDocument/Document Verified' is visible&#xD;
&#xD;
2019-08-22 09:17:30 - [MESSAGE][PASSED] - Keys 'TAB + TRUE' sent to object: 'Object Repository/PartyOnboarding/Personal/PartyRequiredDocument/Document Verified'&#xD;
&#xD;
2019-08-22 09:17:30 - [MESSAGE][PASSED] - Object 'Object Repository/PartyOnboarding/Personal/PartyRequiredDocument/Save Row' is visible&#xD;
&#xD;
2019-08-22 09:17:30 - [MESSAGE][PASSED] - Execute JavaScript 'arguments[0].click();' successfully&#xD;
&#xD;
2019-08-22 09:17:30 - [MESSAGE][PASSED] - Object 'Object Repository/PartyOnboarding/Personal/PartyRequiredDocument/New Row' is visible&#xD;
&#xD;
2019-08-22 09:17:31 - [MESSAGE][PASSED] - Execute JavaScript 'arguments[0].click();' successfully&#xD;
&#xD;
2019-08-22 09:17:31 - [MESSAGE][PASSED] - Object 'Object Repository/PartyOnboarding/Personal/PartyRequiredDocument/DocumentCategory' is visible&#xD;
&#xD;
2019-08-22 09:17:32 - [MESSAGE][PASSED] - Keys 'TAB + PT-LIST OF DIRECTORS AND MEMBER DETAILS' sent to object: 'Object Repository/PartyOnboarding/Personal/PartyRequiredDocument/DocumentCategory'&#xD;
&#xD;
2019-08-22 09:17:33 - [MESSAGE][PASSED] - Delayed 1 second(s)&#xD;
&#xD;
2019-08-22 09:17:33 - [MESSAGE][PASSED] - Object 'Object Repository/PartyOnboarding/Personal/PartyRequiredDocument/Document Type' is visible&#xD;
&#xD;
2019-08-22 09:17:35 - [MESSAGE][PASSED] - Keys 'TAB + LIST OF DIRECTORS AND MEMBER DETAILS' sent to object: 'Object Repository/PartyOnboarding/Personal/PartyRequiredDocument/Document Type'&#xD;
&#xD;
2019-08-22 09:17:36 - [MESSAGE][PASSED] - Delayed 1 second(s)&#xD;
&#xD;
2019-08-22 09:17:36 - [MESSAGE][PASSED] - Object 'Object Repository/PartyOnboarding/Personal/PartyRequiredDocument/Issuing Country' is visible&#xD;
&#xD;
2019-08-22 09:17:36 - [MESSAGE][PASSED] - Keys 'Myanmar' sent to object: 'Object Repository/PartyOnboarding/Personal/PartyRequiredDocument/Issuing Country'&#xD;
&#xD;
2019-08-22 09:17:37 - [MESSAGE][PASSED] - Delayed 1 second(s)&#xD;
&#xD;
2019-08-22 09:17:37 - [MESSAGE][PASSED] - Object 'Object Repository/PartyOnboarding/Personal/PartyRequiredDocument/Document Verified' is visible&#xD;
&#xD;
2019-08-22 09:17:38 - [MESSAGE][PASSED] - Keys 'TAB + TRUE' sent to object: 'Object Repository/PartyOnboarding/Personal/PartyRequiredDocument/Document Verified'&#xD;
&#xD;
2019-08-22 09:17:38 - [MESSAGE][PASSED] - Object 'Object Repository/PartyOnboarding/Personal/PartyRequiredDocument/Save Row' is visible&#xD;
&#xD;
2019-08-22 09:17:38 - [MESSAGE][PASSED] - Execute JavaScript 'arguments[0].click();' successfully&#xD;
&#xD;
2019-08-22 09:17:38 - [MESSAGE][PASSED] - Object 'Object Repository/PartyOnboarding/Personal/PartyRequiredDocument/New Row' is visible&#xD;
&#xD;
2019-08-22 09:17:38 - [MESSAGE][PASSED] - Execute JavaScript 'arguments[0].click();' successfully&#xD;
&#xD;
2019-08-22 09:17:38 - [MESSAGE][PASSED] - Object 'Object Repository/PartyOnboarding/Personal/PartyRequiredDocument/DocumentCategory' is visible&#xD;
&#xD;
2019-08-22 09:17:40 - [MESSAGE][PASSED] - Keys 'TAB + PT-LIST OF SHAREHOLDERS AND MEMBER DETAILS' sent to object: 'Object Repository/PartyOnboarding/Personal/PartyRequiredDocument/DocumentCategory'&#xD;
&#xD;
2019-08-22 09:17:41 - [MESSAGE][PASSED] - Delayed 1 second(s)&#xD;
&#xD;
2019-08-22 09:17:41 - [MESSAGE][PASSED] - Object 'Object Repository/PartyOnboarding/Personal/PartyRequiredDocument/Document Type' is visible&#xD;
&#xD;
2019-08-22 09:17:43 - [MESSAGE][PASSED] - Keys 'TAB + LIST OF SHAREHOLDERS AND MEMBER DETAILS' sent to object: 'Object Repository/PartyOnboarding/Personal/PartyRequiredDocument/Document Type'&#xD;
&#xD;
2019-08-22 09:17:44 - [MESSAGE][PASSED] - Delayed 1 second(s)&#xD;
&#xD;
2019-08-22 09:17:44 - [MESSAGE][PASSED] - Object 'Object Repository/PartyOnboarding/Personal/PartyRequiredDocument/Issuing Country' is visible&#xD;
&#xD;
2019-08-22 09:17:44 - [MESSAGE][PASSED] - Keys 'Myanmar' sent to object: 'Object Repository/PartyOnboarding/Personal/PartyRequiredDocument/Issuing Country'&#xD;
&#xD;
2019-08-22 09:17:45 - [MESSAGE][PASSED] - Delayed 1 second(s)&#xD;
&#xD;
2019-08-22 09:17:46 - [MESSAGE][PASSED] - Object 'Object Repository/PartyOnboarding/Personal/PartyRequiredDocument/Document Verified' is visible&#xD;
&#xD;
2019-08-22 09:17:46 - [MESSAGE][PASSED] - Keys 'TAB + TRUE' sent to object: 'Object Repository/PartyOnboarding/Personal/PartyRequiredDocument/Document Verified'&#xD;
&#xD;
2019-08-22 09:17:46 - [MESSAGE][PASSED] - Object 'Object Repository/PartyOnboarding/Personal/PartyRequiredDocument/Save Row' is visible&#xD;
&#xD;
2019-08-22 09:17:46 - [MESSAGE][PASSED] - Execute JavaScript 'arguments[0].click();' successfully&#xD;
&#xD;
2019-08-22 09:17:46 - [MESSAGE][PASSED] - Object 'Object Repository/PartyOnboarding/Personal/PartyRequiredDocument/New Row' is visible&#xD;
&#xD;
2019-08-22 09:17:46 - [MESSAGE][PASSED] - Execute JavaScript 'arguments[0].click();' successfully&#xD;
&#xD;
2019-08-22 09:17:46 - [MESSAGE][PASSED] - Object 'Object Repository/PartyOnboarding/Personal/PartyRequiredDocument/DocumentCategory' is visible&#xD;
&#xD;
2019-08-22 09:17:48 - [MESSAGE][PASSED] - Keys 'TAB + PT-NRC/PASSPORT COPY OF AUTHORIZED SIGNATORY' sent to object: 'Object Repository/PartyOnboarding/Personal/PartyRequiredDocument/DocumentCategory'&#xD;
&#xD;
2019-08-22 09:17:49 - [MESSAGE][PASSED] - Delayed 1 second(s)&#xD;
&#xD;
2019-08-22 09:17:49 - [MESSAGE][PASSED] - Object 'Object Repository/PartyOnboarding/Personal/PartyRequiredDocument/Document Type' is visible&#xD;
&#xD;
2019-08-22 09:17:51 - [MESSAGE][PASSED] - Keys 'TAB + NRC/PASSPORT COPY OF AUTHORIZED SIGNATORY' sent to object: 'Object Repository/PartyOnboarding/Personal/PartyRequiredDocument/Document Type'&#xD;
&#xD;
2019-08-22 09:17:52 - [MESSAGE][PASSED] - Delayed 1 second(s)&#xD;
&#xD;
2019-08-22 09:17:52 - [MESSAGE][PASSED] - Object 'Object Repository/PartyOnboarding/Personal/PartyRequiredDocument/Issuing Country' is visible&#xD;
&#xD;
2019-08-22 09:17:52 - [MESSAGE][PASSED] - Keys 'Myanmar' sent to object: 'Object Repository/PartyOnboarding/Personal/PartyRequiredDocument/Issuing Country'&#xD;
&#xD;
2019-08-22 09:17:53 - [MESSAGE][PASSED] - Delayed 1 second(s)&#xD;
&#xD;
2019-08-22 09:17:53 - [MESSAGE][PASSED] - Object 'Object Repository/PartyOnboarding/Personal/PartyRequiredDocument/Document Verified' is visible&#xD;
&#xD;
2019-08-22 09:17:54 - [MESSAGE][PASSED] - Keys 'TAB + TRUE' sent to object: 'Object Repository/PartyOnboarding/Personal/PartyRequiredDocument/Document Verified'&#xD;
&#xD;
2019-08-22 09:17:54 - [MESSAGE][PASSED] - Object 'Object Repository/PartyOnboarding/Personal/PartyRequiredDocument/Save Row' is visible&#xD;
&#xD;
2019-08-22 09:17:54 - [MESSAGE][PASSED] - Execute JavaScript 'arguments[0].click();' successfully&#xD;
&#xD;
2019-08-22 09:17:54 - [MESSAGE][PASSED] - Object 'Object Repository/PartyOnboarding/Personal/PartyRequiredDocument/New Row' is visible&#xD;
&#xD;
2019-08-22 09:17:54 - [MESSAGE][PASSED] - Execute JavaScript 'arguments[0].click();' successfully&#xD;
&#xD;
2019-08-22 09:17:54 - [MESSAGE][PASSED] - Object 'Object Repository/PartyOnboarding/Personal/PartyRequiredDocument/DocumentCategory' is visible&#xD;
&#xD;
2019-08-22 09:17:55 - [MESSAGE][PASSED] - Keys 'TAB + PT-NRC/PASSPORT COPY OF SHAREHOLDERS' sent to object: 'Object Repository/PartyOnboarding/Personal/PartyRequiredDocument/DocumentCategory'&#xD;
&#xD;
2019-08-22 09:17:56 - [MESSAGE][PASSED] - Delayed 1 second(s)&#xD;
&#xD;
2019-08-22 09:17:57 - [MESSAGE][PASSED] - Object 'Object Repository/PartyOnboarding/Personal/PartyRequiredDocument/Document Type' is visible&#xD;
&#xD;
2019-08-22 09:17:58 - [MESSAGE][PASSED] - Keys 'TAB + NRC/PASSPORT COPY OF SHAREHOLDERS' sent to object: 'Object Repository/PartyOnboarding/Personal/PartyRequiredDocument/Document Type'&#xD;
&#xD;
2019-08-22 09:17:59 - [MESSAGE][PASSED] - Delayed 1 second(s)&#xD;
&#xD;
2019-08-22 09:17:59 - [MESSAGE][PASSED] - Object 'Object Repository/PartyOnboarding/Personal/PartyRequiredDocument/Issuing Country' is visible&#xD;
&#xD;
2019-08-22 09:17:59 - [MESSAGE][PASSED] - Keys 'Myanmar' sent to object: 'Object Repository/PartyOnboarding/Personal/PartyRequiredDocument/Issuing Country'&#xD;
&#xD;
2019-08-22 09:18:00 - [MESSAGE][PASSED] - Delayed 1 second(s)&#xD;
&#xD;
2019-08-22 09:18:00 - [MESSAGE][PASSED] - Object 'Object Repository/PartyOnboarding/Personal/PartyRequiredDocument/Document Verified' is visible&#xD;
&#xD;
2019-08-22 09:18:01 - [MESSAGE][PASSED] - Keys 'TAB + TRUE' sent to object: 'Object Repository/PartyOnboarding/Personal/PartyRequiredDocument/Document Verified'&#xD;
&#xD;
2019-08-22 09:18:01 - [MESSAGE][PASSED] - Object 'Object Repository/PartyOnboarding/Personal/PartyRequiredDocument/Save Row' is visible&#xD;
&#xD;
2019-08-22 09:18:01 - [MESSAGE][PASSED] - Execute JavaScript 'arguments[0].click();' successfully&#xD;
&#xD;
2019-08-22 09:18:01 - [MESSAGE][PASSED] - Object 'Object Repository/PartyOnboarding/Personal/PartyRequiredDocument/New Row' is visible&#xD;
&#xD;
2019-08-22 09:18:01 - [MESSAGE][PASSED] - Execute JavaScript 'arguments[0].click();' successfully&#xD;
&#xD;
2019-08-22 09:18:01 - [MESSAGE][PASSED] - Object 'Object Repository/PartyOnboarding/Personal/PartyRequiredDocument/DocumentCategory' is visible&#xD;
&#xD;
2019-08-22 09:18:02 - [MESSAGE][PASSED] - Keys 'TAB + PT-REGISTERED COMPANY ADDRESS' sent to object: 'Object Repository/PartyOnboarding/Personal/PartyRequiredDocument/DocumentCategory'&#xD;
&#xD;
2019-08-22 09:18:03 - [MESSAGE][PASSED] - Delayed 1 second(s)&#xD;
&#xD;
2019-08-22 09:18:03 - [MESSAGE][PASSED] - Object 'Object Repository/PartyOnboarding/Personal/PartyRequiredDocument/Document Type' is visible&#xD;
&#xD;
2019-08-22 09:18:05 - [MESSAGE][PASSED] - Keys 'TAB + REGISTERED COMPANY ADDRESS' sent to object: 'Object Repository/PartyOnboarding/Personal/PartyRequiredDocument/Document Type'&#xD;
&#xD;
2019-08-22 09:18:06 - [MESSAGE][PASSED] - Delayed 1 second(s)&#xD;
&#xD;
2019-08-22 09:18:06 - [MESSAGE][PASSED] - Object 'Object Repository/PartyOnboarding/Personal/PartyRequiredDocument/Issuing Country' is visible&#xD;
&#xD;
2019-08-22 09:18:06 - [MESSAGE][PASSED] - Keys 'Myanmar' sent to object: 'Object Repository/PartyOnboarding/Personal/PartyRequiredDocument/Issuing Country'&#xD;
&#xD;
2019-08-22 09:18:07 - [MESSAGE][PASSED] - Delayed 1 second(s)&#xD;
&#xD;
2019-08-22 09:18:07 - [MESSAGE][PASSED] - Object 'Object Repository/PartyOnboarding/Personal/PartyRequiredDocument/Document Verified' is visible&#xD;
&#xD;
2019-08-22 09:18:07 - [MESSAGE][PASSED] - Keys 'TAB + TRUE' sent to object: 'Object Repository/PartyOnboarding/Personal/PartyRequiredDocument/Document Verified'&#xD;
&#xD;
2019-08-22 09:18:07 - [MESSAGE][PASSED] - Object 'Object Repository/PartyOnboarding/Personal/PartyRequiredDocument/Save Row' is visible&#xD;
&#xD;
2019-08-22 09:18:07 - [MESSAGE][PASSED] - Execute JavaScript 'arguments[0].click();' successfully&#xD;
&#xD;
2019-08-22 09:18:07 - [MESSAGE][PASSED] - Object 'Object Repository/PartyOnboarding/Personal/PartyRequiredDocument/New Row' is visible&#xD;
&#xD;
2019-08-22 09:18:07 - [MESSAGE][PASSED] - Execute JavaScript 'arguments[0].click();' successfully&#xD;
&#xD;
2019-08-22 09:18:08 - [MESSAGE][PASSED] - Object 'Object Repository/PartyOnboarding/Personal/PartyRequiredDocument/DocumentCategory' is visible&#xD;
&#xD;
2019-08-22 09:18:10 - [MESSAGE][PASSED] - Keys 'TAB + PT-VALID VISA COPY OF AUTH. SIGNATORY(FOREIGNER)' sent to object: 'Object Repository/PartyOnboarding/Personal/PartyRequiredDocument/DocumentCategory'&#xD;
&#xD;
2019-08-22 09:18:11 - [MESSAGE][PASSED] - Delayed 1 second(s)&#xD;
&#xD;
2019-08-22 09:18:11 - [MESSAGE][PASSED] - Object 'Object Repository/PartyOnboarding/Personal/PartyRequiredDocument/Document Type' is visible&#xD;
&#xD;
2019-08-22 09:18:13 - [MESSAGE][PASSED] - Keys 'TAB + VALID VISA COPY OF AUTH. SIGNATORY(FOREIGNER)' sent to object: 'Object Repository/PartyOnboarding/Personal/PartyRequiredDocument/Document Type'&#xD;
&#xD;
2019-08-22 09:18:14 - [MESSAGE][PASSED] - Delayed 1 second(s)&#xD;
&#xD;
2019-08-22 09:18:14 - [MESSAGE][PASSED] - Object 'Object Repository/PartyOnboarding/Personal/PartyRequiredDocument/Issuing Country' is visible&#xD;
&#xD;
2019-08-22 09:18:14 - [MESSAGE][PASSED] - Keys 'Myanmar' sent to object: 'Object Repository/PartyOnboarding/Personal/PartyRequiredDocument/Issuing Country'&#xD;
&#xD;
2019-08-22 09:18:15 - [MESSAGE][PASSED] - Delayed 1 second(s)&#xD;
&#xD;
2019-08-22 09:18:15 - [MESSAGE][PASSED] - Object 'Object Repository/PartyOnboarding/Personal/PartyRequiredDocument/Document Verified' is visible&#xD;
&#xD;
2019-08-22 09:18:16 - [MESSAGE][PASSED] - Keys 'TAB + TRUE' sent to object: 'Object Repository/PartyOnboarding/Personal/PartyRequiredDocument/Document Verified'&#xD;
&#xD;
2019-08-22 09:18:16 - [MESSAGE][PASSED] - Object 'Object Repository/PartyOnboarding/Personal/PartyRequiredDocument/Save Row' is visible&#xD;
&#xD;
2019-08-22 09:18:16 - [MESSAGE][PASSED] - Execute JavaScript 'arguments[0].click();' successfully&#xD;
&#xD;
2019-08-22 09:18:16 - [MESSAGE][PASSED] - Object 'Object Repository/PartyOnboarding/Personal/PartyRequiredDocument/ddl_DocumentsCollectionStatus' is visible&#xD;
&#xD;
2019-08-22 09:18:18 - [MESSAGE][PASSED] - Keys 'Documents collected and validated centrally' sent to object: 'Object Repository/PartyOnboarding/Personal/PartyRequiredDocument/ddl_DocumentsCollectionStatus'&#xD;
&#xD;
2019-08-22 09:18:18 - [TEST_STEP][PASSED] - partyOnboardingEnterprise.clickNextbutton(): Object: 'Object Repository/PartyOnboarding/btn_Next' is clicked on&#xD;
&#xD;
2019-08-22 09:18:18 - [MESSAGE][PASSED] - Object 'Object Repository/PartyOnboarding/btn_Next' is visible&#xD;
&#xD;
2019-08-22 09:18:18 - [MESSAGE][PASSED] - Object: 'Object Repository/PartyOnboarding/btn_Next' is clicked on&#xD;
&#xD;
2019-08-22 09:18:18 - [TEST_STEP][PASSED] - delay(1): Delayed 1 second(s)&#xD;
&#xD;
2019-08-22 09:18:19 - [MESSAGE][PASSED] - Delayed 1 second(s)&#xD;
&#xD;
2019-08-22 09:18:19 - [TEST_STEP][PASSED] - log.logInfo("--- " + " Click Next button ---"): ---  Click Next button ---&#xD;
&#xD;
2019-08-22 09:18:19 - [MESSAGE][INFO] - ---  Click Next button ---&#xD;
&#xD;
2019-08-22 09:18:19 - [TEST_STEP][PASSED] - partyOnboardingEnterprise.clickNextbutton(): Object: 'Object Repository/PartyOnboarding/btn_Next' is clicked on&#xD;
&#xD;
2019-08-22 09:18:19 - [MESSAGE][PASSED] - Object 'Object Repository/PartyOnboarding/btn_Next' is visible&#xD;
&#xD;
2019-08-22 09:18:19 - [MESSAGE][PASSED] - Object: 'Object Repository/PartyOnboarding/btn_Next' is clicked on&#xD;
&#xD;
2019-08-22 09:18:19 - [TEST_STEP][PASSED] - log.logInfo("--- " + " Click Next button ---"): ---  Click Next button ---&#xD;
&#xD;
2019-08-22 09:18:19 - [MESSAGE][INFO] - ---  Click Next button ---&#xD;
&#xD;
2019-08-22 09:18:19 - [TEST_STEP][PASSED] - delay(1): Delayed 1 second(s)&#xD;
&#xD;
2019-08-22 09:18:20 - [MESSAGE][PASSED] - Delayed 1 second(s)&#xD;
&#xD;
2019-08-22 09:18:20 - [TEST_STEP][PASSED] - partyOnboardingEnterprise.clickNextbutton(): Object: 'Object Repository/PartyOnboarding/btn_Next' is clicked on&#xD;
&#xD;
2019-08-22 09:18:20 - [MESSAGE][PASSED] - Object 'Object Repository/PartyOnboarding/btn_Next' is visible&#xD;
&#xD;
2019-08-22 09:18:20 - [MESSAGE][PASSED] - Object: 'Object Repository/PartyOnboarding/btn_Next' is clicked on&#xD;
&#xD;
2019-08-22 09:18:20 - [TEST_STEP][PASSED] - log.logInfo("--- " + " Click Process on Warning box ---"): ---  Click Process on Warning box ---&#xD;
&#xD;
2019-08-22 09:18:20 - [MESSAGE][INFO] - ---  Click Process on Warning box ---&#xD;
&#xD;
2019-08-22 09:18:20 - [TEST_STEP][PASSED] - partyOnboardingEnterprise.clickAskForApprovalbutton(): Object: 'Object Repository/PartyOnboarding/RequestToApproval/AskForApproval_btn' is clicked on&#xD;
&#xD;
2019-08-22 09:18:21 - [MESSAGE][PASSED] - Object 'Object Repository/PartyOnboarding/RequestToApproval/AskForApproval_btn' is visible&#xD;
&#xD;
2019-08-22 09:18:21 - [MESSAGE][PASSED] - Object: 'Object Repository/PartyOnboarding/RequestToApproval/AskForApproval_btn' is clicked on</system-out>
            <system-err></system-err>
        </testcase>
        <testcase name="Test Cases/DataPreparation/PartyOnboardingEnterprise" classname="Test Cases/DataPreparation/PartyOnboardingEnterprise" status="PASSED">
            <system-out>2019-08-22 09:18:21 - [TEST_CASE][PASSED] - Test Cases/DataPreparation/PartyOnboardingEnterprise: Test Cases/DataPreparation/PartyOnboardingEnterprise&#xD;
&#xD;
2019-08-22 09:18:21 - [TEST_STEP][PASSED] - Start listener action : sampleBeforeTestCase: null&#xD;
&#xD;
2019-08-22 09:18:21 - [TEST_STEP][PASSED] - testCaseID = testCaseContext.getTestCaseId(): null&#xD;
&#xD;
2019-08-22 09:18:21 - [TEST_STEP][PASSED] - log = new com.kms.katalon.core.util.KeywordUtil(): null&#xD;
&#xD;
2019-08-22 09:18:21 - [TEST_STEP][PASSED] - partyOnboardingEnterprise = new pageObjects.PartyOnboarding(): null&#xD;
&#xD;
2019-08-22 09:18:21 - [TEST_STEP][PASSED] - delay(3): Delayed 3 second(s)&#xD;
&#xD;
2019-08-22 09:18:24 - [MESSAGE][PASSED] - Delayed 3 second(s)&#xD;
&#xD;
2019-08-22 09:18:24 - [TEST_STEP][PASSED] - log.logInfo("--- Open Party Onboarding in Menu Search ---"): --- Open Party Onboarding in Menu Search ---&#xD;
&#xD;
2019-08-22 09:18:24 - [MESSAGE][INFO] - --- Open Party Onboarding in Menu Search ---&#xD;
&#xD;
2019-08-22 09:18:24 - [TEST_STEP][PASSED] - partyOnboardingEnterprise.inputPartyOnboardingMenuSearch(): Object 'menuSearch_txt' is present&#xD;
&#xD;
2019-08-22 09:18:24 - [MESSAGE][PASSED] - Object 'Object Repository/Menu_Search' is visible&#xD;
&#xD;
2019-08-22 09:18:24 - [MESSAGE][PASSED] - Keys 'ENTER + Party Onboarding' sent to object: 'Object Repository/Menu_Search'&#xD;
&#xD;
2019-08-22 09:18:24 - [MESSAGE][PASSED] - Object 'menuSearch_txt' is present&#xD;
&#xD;
2019-08-22 09:18:24 - [TEST_STEP][PASSED] - log.logInfo("/---------------Party Onboarding---------------/"): /---------------Party Onboarding---------------/&#xD;
&#xD;
2019-08-22 09:18:24 - [MESSAGE][INFO] - /---------------Party Onboarding---------------/&#xD;
&#xD;
2019-08-22 09:18:24 - [TEST_STEP][PASSED] - log.logInfo("--- Input Local Global ---"): --- Input Local Global ---&#xD;
&#xD;
2019-08-22 09:18:24 - [MESSAGE][INFO] - --- Input Local Global ---&#xD;
&#xD;
2019-08-22 09:18:24 - [TEST_STEP][PASSED] - partyOnboardingEnterprise.inputLocalGlobal(s01_localglobal): Keys 'Local Private' sent to object: 'Object Repository/PartyOnboarding/PartyOnboarding/Local Global'&#xD;
&#xD;
2019-08-22 09:18:26 - [MESSAGE][PASSED] - Text of object 'Object Repository/PartyOnboarding/PartyOnboarding/Local Global' is cleared&#xD;
&#xD;
2019-08-22 09:18:26 - [MESSAGE][PASSED] - Object 'Object Repository/PartyOnboarding/PartyOnboarding/Local Global' is visible&#xD;
&#xD;
2019-08-22 09:18:26 - [MESSAGE][PASSED] - Object 'Object Repository/PartyOnboarding/PartyOnboarding/Local Global' is visible&#xD;
&#xD;
2019-08-22 09:18:26 - [MESSAGE][PASSED] - Keys 'Local Private' sent to object: 'Object Repository/PartyOnboarding/PartyOnboarding/Local Global'&#xD;
&#xD;
2019-08-22 09:18:26 - [TEST_STEP][PASSED] - log.logInfo("--- Input Party Type ---"): --- Input Party Type ---&#xD;
&#xD;
2019-08-22 09:18:26 - [MESSAGE][INFO] - --- Input Party Type ---&#xD;
&#xD;
2019-08-22 09:18:26 - [TEST_STEP][PASSED] - partyOnboardingEnterprise.inputPartyType(s01_partytype): Keys 'TAB + Enterprise' sent to object: 'Object Repository/PartyOnboarding/PartyOnboarding/Party Type'&#xD;
&#xD;
2019-08-22 09:18:26 - [MESSAGE][PASSED] - Object 'Object Repository/PartyOnboarding/PartyOnboarding/Party Type' is visible&#xD;
&#xD;
2019-08-22 09:18:26 - [MESSAGE][PASSED] - Keys 'TAB + Enterprise' sent to object: 'Object Repository/PartyOnboarding/PartyOnboarding/Party Type'&#xD;
&#xD;
2019-08-22 09:18:26 - [TEST_STEP][PASSED] - log.logInfo("--- Input Party Sub Type ---"): --- Input Party Sub Type ---&#xD;
&#xD;
2019-08-22 09:18:26 - [MESSAGE][INFO] - --- Input Party Sub Type ---&#xD;
&#xD;
2019-08-22 09:18:26 - [TEST_STEP][PASSED] - partyOnboardingEnterprise.inputPartySubType(s01_partysubtype): Keys 'PRIVATE/PUBLIC/PUBLIC LISTED COMPANY (MYANMAR)' sent to object: 'Object Repository/PartyOnboarding/PartyOnboarding/Party Sub-Type'&#xD;
&#xD;
2019-08-22 09:18:27 - [MESSAGE][PASSED] - Delayed 1 second(s)&#xD;
&#xD;
2019-08-22 09:18:27 - [MESSAGE][PASSED] - Object 'Object Repository/PartyOnboarding/PartyOnboarding/Party Type' is visible&#xD;
&#xD;
2019-08-22 09:18:28 - [MESSAGE][PASSED] - Keys 'PRIVATE/PUBLIC/PUBLIC LISTED COMPANY (MYANMAR)' sent to object: 'Object Repository/PartyOnboarding/PartyOnboarding/Party Sub-Type'&#xD;
&#xD;
2019-08-22 09:18:28 - [TEST_STEP][PASSED] - log.logInfo("--- Input Party Category ---"): --- Input Party Category ---&#xD;
&#xD;
2019-08-22 09:18:28 - [MESSAGE][INFO] - --- Input Party Category ---&#xD;
&#xD;
2019-08-22 09:18:28 - [TEST_STEP][PASSED] - partyOnboardingEnterprise.inputPartyCategory(s01_partycategory): Keys 'Full' sent to object: 'Object Repository/PartyOnboarding/PartyOnboarding/Party Category'&#xD;
&#xD;
2019-08-22 09:18:28 - [MESSAGE][PASSED] - Object 'Object Repository/PartyOnboarding/PartyOnboarding/Party Category' is visible&#xD;
&#xD;
2019-08-22 09:18:29 - [MESSAGE][PASSED] - Keys 'Full' sent to object: 'Object Repository/PartyOnboarding/PartyOnboarding/Party Category'&#xD;
&#xD;
2019-08-22 09:18:29 - [TEST_STEP][PASSED] - log.logInfo("--- Check Line of Business ---"): --- Check Line of Business ---&#xD;
&#xD;
2019-08-22 09:18:29 - [MESSAGE][INFO] - --- Check Line of Business ---&#xD;
&#xD;
2019-08-22 09:18:29 - [TEST_STEP][PASSED] - partyOnboardingEnterprise.clickLineofBusiness(s01_lineofbusiness, findTestObject("PartyOnboarding/PartyOnboarding/div_Core Banking")): Object 'Object Repository/PartyOnboarding/PartyOnboarding/LineofBusiness_List' is checked&#xD;
&#xD;
2019-08-22 09:18:29 - [MESSAGE][PASSED] - Object 'Object Repository/PartyOnboarding/PartyOnboarding/div_Core Banking' is visible&#xD;
&#xD;
2019-08-22 09:18:29 - [MESSAGE][PASSED] - Attribute 'aria-checked' of object 'Object Repository/PartyOnboarding/PartyOnboarding/div_Core Banking' is: 'true'&#xD;
&#xD;
2019-08-22 09:18:29 - [MESSAGE][PASSED] - Object 'Object Repository/PartyOnboarding/PartyOnboarding/chk_SelectAllLineOfBusiness' is visible&#xD;
&#xD;
2019-08-22 09:18:29 - [MESSAGE][PASSED] - Attribute 'aria-checked' of object 'Object Repository/PartyOnboarding/PartyOnboarding/chk_SelectAllLineOfBusiness' is: 'true'&#xD;
&#xD;
2019-08-22 09:18:29 - [MESSAGE][PASSED] - Object 'Object Repository/PartyOnboarding/PartyOnboarding/LineofBusiness_List' is visible&#xD;
&#xD;
2019-08-22 09:18:29 - [MESSAGE][PASSED] - Attribute 'aria-checked' of object 'Object Repository/PartyOnboarding/PartyOnboarding/LineofBusiness_List' is: 'true'&#xD;
&#xD;
2019-08-22 09:18:29 - [MESSAGE][PASSED] - Object 'Object Repository/PartyOnboarding/PartyOnboarding/LineofBusiness_List' is visible&#xD;
&#xD;
2019-08-22 09:18:29 - [MESSAGE][PASSED] - Attribute 'aria-checked' of object 'Object Repository/PartyOnboarding/PartyOnboarding/LineofBusiness_List' is: 'true'&#xD;
&#xD;
2019-08-22 09:18:29 - [MESSAGE][PASSED] - Object 'Object Repository/PartyOnboarding/PartyOnboarding/chk_SelectAllLineOfBusiness' is visible&#xD;
&#xD;
2019-08-22 09:18:29 - [MESSAGE][PASSED] - Attribute 'aria-checked' of object 'Object Repository/PartyOnboarding/PartyOnboarding/chk_SelectAllLineOfBusiness' is: 'true'&#xD;
&#xD;
2019-08-22 09:18:29 - [MESSAGE][PASSED] - Object 'Object Repository/PartyOnboarding/PartyOnboarding/chk_SelectAllLineOfBusiness' is checked&#xD;
&#xD;
2019-08-22 09:18:29 - [MESSAGE][PASSED] - Object 'Object Repository/PartyOnboarding/PartyOnboarding/div_Core Banking' is visible&#xD;
&#xD;
2019-08-22 09:18:29 - [MESSAGE][PASSED] - Attribute 'aria-checked' of object 'Object Repository/PartyOnboarding/PartyOnboarding/div_Core Banking' is: 'false'&#xD;
&#xD;
2019-08-22 09:18:29 - [MESSAGE][PASSED] - Object 'Object Repository/PartyOnboarding/PartyOnboarding/div_Core Banking' is checked&#xD;
&#xD;
2019-08-22 09:18:29 - [MESSAGE][PASSED] - Object 'Object Repository/PartyOnboarding/PartyOnboarding/LineofBusiness_List' is visible&#xD;
&#xD;
2019-08-22 09:18:29 - [MESSAGE][PASSED] - Attribute 'aria-checked' of object 'Object Repository/PartyOnboarding/PartyOnboarding/LineofBusiness_List' is: 'false'&#xD;
&#xD;
2019-08-22 09:18:29 - [MESSAGE][PASSED] - Object 'Object Repository/PartyOnboarding/PartyOnboarding/LineofBusiness_List' is checked&#xD;
&#xD;
2019-08-22 09:18:29 - [TEST_STEP][PASSED] - log.logInfo("--- Click Next to Party Check List  ---"): --- Click Next to Party Check List  ---&#xD;
&#xD;
2019-08-22 09:18:29 - [MESSAGE][INFO] - --- Click Next to Party Check List  ---&#xD;
&#xD;
2019-08-22 09:18:29 - [TEST_STEP][PASSED] - partyOnboardingEnterprise.clickNextbutton(): Object: 'Object Repository/PartyOnboarding/btn_Next' is clicked on&#xD;
&#xD;
2019-08-22 09:18:29 - [MESSAGE][PASSED] - Object 'Object Repository/PartyOnboarding/btn_Next' is visible&#xD;
&#xD;
2019-08-22 09:18:29 - [MESSAGE][PASSED] - Object: 'Object Repository/PartyOnboarding/btn_Next' is clicked on&#xD;
&#xD;
2019-08-22 09:18:29 - [TEST_STEP][PASSED] - delay(1): Delayed 1 second(s)&#xD;
&#xD;
2019-08-22 09:18:30 - [MESSAGE][PASSED] - Delayed 1 second(s)&#xD;
&#xD;
2019-08-22 09:18:30 - [TEST_STEP][PASSED] - partyOnboardingEnterprise.clickNextbutton(): Object: 'Object Repository/PartyOnboarding/btn_Next' is clicked on&#xD;
&#xD;
2019-08-22 09:18:31 - [MESSAGE][PASSED] - Object 'Object Repository/PartyOnboarding/btn_Next' is visible&#xD;
&#xD;
2019-08-22 09:18:31 - [MESSAGE][PASSED] - Object: 'Object Repository/PartyOnboarding/btn_Next' is clicked on&#xD;
&#xD;
2019-08-22 09:18:31 - [TEST_STEP][PASSED] - log.logInfo("/---------------Pre-Existence Check---------------/"): /---------------Pre-Existence Check---------------/&#xD;
&#xD;
2019-08-22 09:18:31 - [MESSAGE][INFO] - /---------------Pre-Existence Check---------------/&#xD;
&#xD;
2019-08-22 09:18:31 - [TEST_STEP][PASSED] - partyOnboardingEnterprise.inputEnterpriseName(s02_enterpriseName): Keys 'Enterprise 0000002' sent to object: 'Object Repository/PartyOnboarding/Enterprise/PreExistenceCheck/txt_EnterpriseName'&#xD;
&#xD;
2019-08-22 09:18:31 - [MESSAGE][PASSED] - Object 'Object Repository/PartyOnboarding/Enterprise/PreExistenceCheck/txt_EnterpriseName' is visible&#xD;
&#xD;
2019-08-22 09:18:31 - [MESSAGE][PASSED] - Keys 'Enterprise 0000002' sent to object: 'Object Repository/PartyOnboarding/Enterprise/PreExistenceCheck/txt_EnterpriseName'&#xD;
&#xD;
2019-08-22 09:18:31 - [TEST_STEP][PASSED] - partyOnboardingEnterprise.inputRegistration(): Keys 'C4RamATP' sent to object: 'Object Repository/PartyOnboarding/Enterprise/PreExistenceCheck/txt_Registration'&#xD;
&#xD;
2019-08-22 09:18:31 - [MESSAGE][PASSED] - Object 'Object Repository/PartyOnboarding/Enterprise/PreExistenceCheck/txt_Registration' is visible&#xD;
&#xD;
2019-08-22 09:18:31 - [MESSAGE][PASSED] - Keys 'C4RamATP' sent to object: 'Object Repository/PartyOnboarding/Enterprise/PreExistenceCheck/txt_Registration'&#xD;
&#xD;
2019-08-22 09:18:31 - [TEST_STEP][PASSED] - partyOnboardingEnterprise.clickNextbutton(): Object: 'Object Repository/PartyOnboarding/btn_Next' is clicked on&#xD;
&#xD;
2019-08-22 09:18:32 - [MESSAGE][PASSED] - Object 'Object Repository/PartyOnboarding/btn_Next' is visible&#xD;
&#xD;
2019-08-22 09:18:32 - [MESSAGE][PASSED] - Object: 'Object Repository/PartyOnboarding/btn_Next' is clicked on&#xD;
&#xD;
2019-08-22 09:18:32 - [TEST_STEP][PASSED] - log.logInfo("/--------------- Party Onboarding---------------/"): /--------------- Party Onboarding---------------/&#xD;
&#xD;
2019-08-22 09:18:32 - [MESSAGE][INFO] - /--------------- Party Onboarding---------------/&#xD;
&#xD;
2019-08-22 09:18:32 - [TEST_STEP][PASSED] - partyOnboardingEnterprise.inputPartyId(): Web element with id: 'Object Repository/PartyOnboarding/Personal/PersonalParty/Message/pop_ErrorDuplicatePartyID' located by 'By.xpath: //textarea[@name='03messages']' not found&#xD;
&#xD;
2019-08-22 09:18:33 - [MESSAGE][PASSED] - Object 'Object Repository/PartyOnboarding/Personal/PersonalParty/txt_PartyID' is visible&#xD;
&#xD;
2019-08-22 09:18:33 - [MESSAGE][PASSED] - Object 'Object Repository/PartyOnboarding/Personal/PersonalParty/txt_PartyID' is visible&#xD;
&#xD;
2019-08-22 09:18:33 - [MESSAGE][PASSED] - Keys 'TAB + ViSiiBHd' sent to object: 'Object Repository/PartyOnboarding/Personal/PersonalParty/txt_PartyID'&#xD;
&#xD;
2019-08-22 09:19:05 - [MESSAGE][INFO] - Unable to find the element located by 'By.xpath: //textarea[@name='03messages']'. Please recheck the objects properties to make sure the desired element is located. &#xD;
&#xD;
2019-08-22 09:19:05 - [MESSAGE][WARNING] - Web element with id: 'Object Repository/PartyOnboarding/Personal/PersonalParty/Message/pop_ErrorDuplicatePartyID' located by 'By.xpath: //textarea[@name='03messages']' not found&#xD;
&#xD;
2019-08-22 09:19:05 - [TEST_STEP][PASSED] - partyOnboardingEnterprise.inputShortNameEnterprise(s03_shortName): Keys 'TAB + Enterprise' sent to object: 'Object Repository/PartyOnboarding/Enterprise/EnterpriseParty/Short Name_txt'&#xD;
&#xD;
2019-08-22 09:19:05 - [MESSAGE][PASSED] - Object 'Object Repository/PartyOnboarding/Enterprise/EnterpriseParty/Short Name_txt' is visible&#xD;
&#xD;
2019-08-22 09:19:05 - [MESSAGE][PASSED] - Keys 'TAB + Enterprise' sent to object: 'Object Repository/PartyOnboarding/Enterprise/EnterpriseParty/Short Name_txt'&#xD;
&#xD;
2019-08-22 09:19:05 - [TEST_STEP][PASSED] - partyOnboardingEnterprise.clickNextbutton(): Object: 'Object Repository/PartyOnboarding/btn_Next' is clicked on&#xD;
&#xD;
2019-08-22 09:19:05 - [MESSAGE][PASSED] - Object 'Object Repository/PartyOnboarding/btn_Next' is visible&#xD;
&#xD;
2019-08-22 09:19:05 - [MESSAGE][PASSED] - Object: 'Object Repository/PartyOnboarding/btn_Next' is clicked on&#xD;
&#xD;
2019-08-22 09:19:05 - [TEST_STEP][PASSED] - partyOnboardingEnterprise.clickProcessInWarningBox(): Object: 'Object Repository/PartyOnboarding/Personal/PersonalParty/btn_Warnings_Proceed_NotCapture' is clicked on&#xD;
&#xD;
2019-08-22 09:19:06 - [MESSAGE][PASSED] - Object 'Object Repository/PartyOnboarding/Personal/PersonalParty/btn_Warnings_Proceed_NotCapture' is visible&#xD;
&#xD;
2019-08-22 09:19:06 - [MESSAGE][PASSED] - Object: 'Object Repository/PartyOnboarding/Personal/PersonalParty/btn_Warnings_Proceed_NotCapture' is clicked on&#xD;
&#xD;
2019-08-22 09:19:06 - [TEST_STEP][PASSED] - log.logInfo("/--------------- Party Onboarding - Address---------------/"): /--------------- Party Onboarding - Address---------------/&#xD;
&#xD;
2019-08-22 09:19:06 - [MESSAGE][INFO] - /--------------- Party Onboarding - Address---------------/&#xD;
&#xD;
2019-08-22 09:19:06 - [TEST_STEP][PASSED] - partyOnboardingEnterprise.inputRDataForAddressParty(s04_addressType, s04_userForCommunication, s04_validFrom): Execute JavaScript 'arguments[0].click();' successfully&#xD;
&#xD;
2019-08-22 09:19:07 - [MESSAGE][PASSED] - Object 'Object Repository/PartyOnboarding/Personal/PartyAddress/button_New Row_PartyAddress' is visible&#xD;
&#xD;
2019-08-22 09:19:07 - [MESSAGE][PASSED] - Execute JavaScript 'arguments[0].click();' successfully&#xD;
&#xD;
2019-08-22 09:19:07 - [MESSAGE][PASSED] - Object 'Object Repository/PartyOnboarding/Personal/PartyAddress/Address Type' is visible&#xD;
&#xD;
2019-08-22 09:19:08 - [MESSAGE][PASSED] - Keys 'TAB + Home Address' sent to object: 'Object Repository/PartyOnboarding/Personal/PartyAddress/Address Type'&#xD;
&#xD;
2019-08-22 09:19:08 - [MESSAGE][PASSED] - Object 'Object Repository/PartyOnboarding/Personal/PartyAddress/Valid From' is visible&#xD;
&#xD;
2019-08-22 09:19:08 - [MESSAGE][PASSED] - Text of object 'Object Repository/PartyOnboarding/Personal/PartyAddress/Valid From' is cleared&#xD;
&#xD;
2019-08-22 09:19:08 - [MESSAGE][PASSED] - Object 'Object Repository/PartyOnboarding/Personal/PartyAddress/Valid From' is visible&#xD;
&#xD;
2019-08-22 09:19:08 - [MESSAGE][PASSED] - Keys '2018-01-14' sent to object: 'Object Repository/PartyOnboarding/Personal/PartyAddress/Valid From'&#xD;
&#xD;
2019-08-22 09:19:08 - [MESSAGE][PASSED] - Object 'Object Repository/PartyOnboarding/Personal/PartyAddress/chk_Use  for Communication' is present&#xD;
&#xD;
2019-08-22 09:19:08 - [MESSAGE][PASSED] - Attribute 'aria-checked' of object 'Object Repository/PartyOnboarding/Personal/PartyAddress/chk_Use  for Communication' is: 'false'&#xD;
&#xD;
2019-08-22 09:19:08 - [MESSAGE][PASSED] - Object 'Object Repository/PartyOnboarding/Personal/PartyAddress/chk_Use  for Communication' is checked&#xD;
&#xD;
2019-08-22 09:19:08 - [MESSAGE][PASSED] - Object 'Object Repository/PartyOnboarding/Personal/PartyAddress/SaveRow' is visible&#xD;
&#xD;
2019-08-22 09:19:08 - [MESSAGE][PASSED] - Execute JavaScript 'arguments[0].click();' successfully&#xD;
&#xD;
2019-08-22 09:19:08 - [MESSAGE][PASSED] - Object 'Object Repository/PartyOnboarding/Personal/PartyAddress/button_New Row_PartyAddress' is visible&#xD;
&#xD;
2019-08-22 09:19:08 - [MESSAGE][PASSED] - Execute JavaScript 'arguments[0].click();' successfully&#xD;
&#xD;
2019-08-22 09:19:08 - [MESSAGE][PASSED] - Object 'Object Repository/PartyOnboarding/Personal/PartyAddress/Address Type' is visible&#xD;
&#xD;
2019-08-22 09:19:09 - [MESSAGE][PASSED] - Keys 'TAB + Current Address' sent to object: 'Object Repository/PartyOnboarding/Personal/PartyAddress/Address Type'&#xD;
&#xD;
2019-08-22 09:19:09 - [MESSAGE][PASSED] - Object 'Object Repository/PartyOnboarding/Personal/PartyAddress/Valid From' is visible&#xD;
&#xD;
2019-08-22 09:19:09 - [MESSAGE][PASSED] - Text of object 'Object Repository/PartyOnboarding/Personal/PartyAddress/Valid From' is cleared&#xD;
&#xD;
2019-08-22 09:19:09 - [MESSAGE][PASSED] - Object 'Object Repository/PartyOnboarding/Personal/PartyAddress/Valid From' is visible&#xD;
&#xD;
2019-08-22 09:19:09 - [MESSAGE][PASSED] - Keys '2018-01-17' sent to object: 'Object Repository/PartyOnboarding/Personal/PartyAddress/Valid From'&#xD;
&#xD;
2019-08-22 09:19:10 - [MESSAGE][PASSED] - Object 'Object Repository/PartyOnboarding/Personal/PartyAddress/SaveRow' is visible&#xD;
&#xD;
2019-08-22 09:19:10 - [MESSAGE][PASSED] - Execute JavaScript 'arguments[0].click();' successfully&#xD;
&#xD;
2019-08-22 09:19:10 - [MESSAGE][PASSED] - Object 'Object Repository/PartyOnboarding/Personal/PartyAddress/button_New Row_PartyAddress' is visible&#xD;
&#xD;
2019-08-22 09:19:10 - [MESSAGE][PASSED] - Execute JavaScript 'arguments[0].click();' successfully&#xD;
&#xD;
2019-08-22 09:19:10 - [MESSAGE][PASSED] - Object 'Object Repository/PartyOnboarding/Personal/PartyAddress/Address Type' is visible&#xD;
&#xD;
2019-08-22 09:19:10 - [MESSAGE][PASSED] - Keys 'TAB + Office Address' sent to object: 'Object Repository/PartyOnboarding/Personal/PartyAddress/Address Type'&#xD;
&#xD;
2019-08-22 09:19:10 - [MESSAGE][PASSED] - Object 'Object Repository/PartyOnboarding/Personal/PartyAddress/Valid From' is visible&#xD;
&#xD;
2019-08-22 09:19:10 - [MESSAGE][PASSED] - Text of object 'Object Repository/PartyOnboarding/Personal/PartyAddress/Valid From' is cleared&#xD;
&#xD;
2019-08-22 09:19:10 - [MESSAGE][PASSED] - Object 'Object Repository/PartyOnboarding/Personal/PartyAddress/Valid From' is visible&#xD;
&#xD;
2019-08-22 09:19:11 - [MESSAGE][PASSED] - Keys '2017-01-17' sent to object: 'Object Repository/PartyOnboarding/Personal/PartyAddress/Valid From'&#xD;
&#xD;
2019-08-22 09:19:11 - [MESSAGE][PASSED] - Object 'Object Repository/PartyOnboarding/Personal/PartyAddress/SaveRow' is visible&#xD;
&#xD;
2019-08-22 09:19:11 - [MESSAGE][PASSED] - Execute JavaScript 'arguments[0].click();' successfully&#xD;
&#xD;
2019-08-22 09:19:11 - [TEST_STEP][PASSED] - partyOnboardingEnterprise.clickNextbutton(): Object: 'Object Repository/PartyOnboarding/btn_Next' is clicked on&#xD;
&#xD;
2019-08-22 09:19:11 - [MESSAGE][PASSED] - Object 'Object Repository/PartyOnboarding/btn_Next' is visible&#xD;
&#xD;
2019-08-22 09:19:11 - [MESSAGE][PASSED] - Object: 'Object Repository/PartyOnboarding/btn_Next' is clicked on&#xD;
&#xD;
2019-08-22 09:19:11 - [TEST_STEP][PASSED] - partyOnboardingEnterprise.inputDataForPartyContacts(s05_contactMethod, s05_contactTypeLocation, s05_contactCountryCode, s05_contactAreaCode, s05_contactNumber, s05_contactEmail, s05_confirmEmail, s05_validFrom): Execute JavaScript 'arguments[0].click();' successfully&#xD;
&#xD;
2019-08-22 09:19:12 - [MESSAGE][PASSED] - Object 'Object Repository/PartyOnboarding/Personal/PartyContacts/New Row' is visible&#xD;
&#xD;
2019-08-22 09:19:12 - [MESSAGE][PASSED] - Execute JavaScript 'arguments[0].click();' successfully&#xD;
&#xD;
2019-08-22 09:19:13 - [MESSAGE][PASSED] - Delayed 1 second(s)&#xD;
&#xD;
2019-08-22 09:19:13 - [MESSAGE][PASSED] - Object 'Object Repository/PartyOnboarding/Personal/PartyContacts/Contact Method' is visible&#xD;
&#xD;
2019-08-22 09:19:13 - [MESSAGE][PASSED] - Keys 'TAB + Telephone' sent to object: 'Object Repository/PartyOnboarding/Personal/PartyContacts/Contact Method'&#xD;
&#xD;
2019-08-22 09:19:14 - [MESSAGE][PASSED] - Delayed 1 second(s)&#xD;
&#xD;
2019-08-22 09:19:14 - [MESSAGE][PASSED] - Object 'Object Repository/PartyOnboarding/Personal/PartyContacts/Contact Type  Location' is visible&#xD;
&#xD;
2019-08-22 09:19:15 - [MESSAGE][PASSED] - Keys 'TAB + Personal' sent to object: 'Object Repository/PartyOnboarding/Personal/PartyContacts/Contact Type  Location'&#xD;
&#xD;
2019-08-22 09:19:15 - [MESSAGE][PASSED] - Object 'Object Repository/PartyOnboarding/Personal/PartyContacts/Contact Email' is visible&#xD;
&#xD;
2019-08-22 09:19:15 - [MESSAGE][PASSED] - Object 'Object Repository/PartyOnboarding/Personal/PartyContacts/Contact Email' has attribute 'readonly'&#xD;
&#xD;
2019-08-22 09:19:15 - [MESSAGE][PASSED] - Object 'Object Repository/PartyOnboarding/Personal/PartyContacts/Contact Number_03_Code' is visible&#xD;
&#xD;
2019-08-22 09:19:15 - [MESSAGE][PASSED] - Text of object 'Object Repository/PartyOnboarding/Personal/PartyContacts/Contact Number_03_Code' is cleared&#xD;
&#xD;
2019-08-22 09:19:15 - [MESSAGE][PASSED] - Object 'Object Repository/PartyOnboarding/Personal/PartyContacts/Contact Number_03_Code' is visible&#xD;
&#xD;
2019-08-22 09:19:15 - [MESSAGE][PASSED] - Keys '+95' sent to object: 'Object Repository/PartyOnboarding/Personal/PartyContacts/Contact Number_03_Code'&#xD;
&#xD;
2019-08-22 09:19:15 - [MESSAGE][PASSED] - Object 'Object Repository/PartyOnboarding/Personal/PartyContacts/Contact Number_AreaCode' is visible&#xD;
&#xD;
2019-08-22 09:19:15 - [MESSAGE][PASSED] - Keys '' sent to object: 'Object Repository/PartyOnboarding/Personal/PartyContacts/Contact Number_AreaCode'&#xD;
&#xD;
2019-08-22 09:19:15 - [MESSAGE][PASSED] - Object 'Object Repository/PartyOnboarding/Personal/PartyContacts/Contact Number_Number' is visible&#xD;
&#xD;
2019-08-22 09:19:15 - [MESSAGE][PASSED] - Keys '9697989902' sent to object: 'Object Repository/PartyOnboarding/Personal/PartyContacts/Contact Number_Number'&#xD;
&#xD;
2019-08-22 09:19:15 - [MESSAGE][PASSED] - Object 'Object Repository/PartyOnboarding/Personal/PartyContacts/Contact Number_03_Code' is visible&#xD;
&#xD;
2019-08-22 09:19:16 - [MESSAGE][WARNING] - Object 'Object Repository/PartyOnboarding/Personal/PartyContacts/Contact Number_03_Code' does not have attribute 'readonly' (Root cause: com.kms.katalon.core.exception.StepFailedException: Object 'Object Repository/PartyOnboarding/Personal/PartyContacts/Contact Number_03_Code' does not have attribute 'readonly'&#xD;
	at com.kms.katalon.core.webui.keyword.internal.WebUIKeywordMain.stepFailed(WebUIKeywordMain.groovy:64)&#xD;
	at com.kms.katalon.core.webui.keyword.builtin.VerifyElementHasAttributeKeyword$_verifyElementHasAttribute_closure1.doCall(VerifyElementHasAttributeKeyword.groovy:89)&#xD;
	at com.kms.katalon.core.webui.keyword.builtin.VerifyElementHasAttributeKeyword$_verifyElementHasAttribute_closure1.call(VerifyElementHasAttributeKeyword.groovy)&#xD;
	at com.kms.katalon.core.webui.keyword.internal.WebUIKeywordMain.runKeyword(WebUIKeywordMain.groovy:20)&#xD;
	at com.kms.katalon.core.webui.keyword.builtin.VerifyElementHasAttributeKeyword.verifyElementHasAttribute(VerifyElementHasAttributeKeyword.groovy:100)&#xD;
	at com.kms.katalon.core.webui.keyword.builtin.VerifyElementHasAttributeKeyword.execute(VerifyElementHasAttributeKeyword.groovy:69)&#xD;
	at com.kms.katalon.core.keyword.internal.KeywordExecutor.executeKeywordForPlatform(KeywordExecutor.groovy:56)&#xD;
	at com.kms.katalon.core.webui.keyword.WebUiBuiltInKeywords.verifyElementHasAttribute(WebUiBuiltInKeywords.groovy:3166)&#xD;
	at com.kms.katalon.core.webui.keyword.WebUiBuiltInKeywords$verifyElementHasAttribute$11.call(Unknown Source)&#xD;
	at pageObjects.PartyOnboarding.inputDataForPartyContacts(PartyOnboarding.groovy:736)&#xD;
	at PartyOnboardingEnterprise.run(PartyOnboardingEnterprise:61)&#xD;
	at com.kms.katalon.core.main.ScriptEngine.run(ScriptEngine.java:194)&#xD;
	at com.kms.katalon.core.main.ScriptEngine.runScriptAsRawText(ScriptEngine.java:119)&#xD;
	at com.kms.katalon.core.main.TestCaseExecutor.runScript(TestCaseExecutor.java:337)&#xD;
	at com.kms.katalon.core.main.TestCaseExecutor.doExecute(TestCaseExecutor.java:328)&#xD;
	at com.kms.katalon.core.main.TestCaseExecutor.processExecutionPhase(TestCaseExecutor.java:307)&#xD;
	at com.kms.katalon.core.main.TestCaseExecutor.accessMainPhase(TestCaseExecutor.java:299)&#xD;
	at com.kms.katalon.core.main.TestCaseExecutor.execute(TestCaseExecutor.java:233)&#xD;
	at com.kms.katalon.core.main.TestSuiteExecutor.accessTestCaseMainPhase(TestSuiteExecutor.java:133)&#xD;
	at com.kms.katalon.core.main.TestSuiteExecutor.accessTestSuiteMainPhase(TestSuiteExecutor.java:116)&#xD;
	at com.kms.katalon.core.main.TestSuiteExecutor.execute(TestSuiteExecutor.java:83)&#xD;
	at com.kms.katalon.core.main.TestCaseMain.startTestSuite(TestCaseMain.java:157)&#xD;
	at com.kms.katalon.core.main.TestCaseMain$startTestSuite$0.call(Unknown Source)&#xD;
	at TempTestSuite1566441935163.run(TempTestSuite1566441935163.groovy:35)&#xD;
)&#xD;
[[ATTACHMENT|C:\\ML\\JITS\\AYA\\Automation\\FBE\\FBE\\Reports\\DataPreparation\\PartyOnboardingPersonal\\20190822_091535\\1566442156002.png]]&#xD;
&#xD;
2019-08-22 09:19:16 - [MESSAGE][PASSED] - Object 'Object Repository/PartyOnboarding/Personal/PartyContacts/Valid From' is visible&#xD;
&#xD;
2019-08-22 09:19:16 - [MESSAGE][PASSED] - Text of object 'Object Repository/PartyOnboarding/Personal/PartyContacts/Valid From' is cleared&#xD;
&#xD;
2019-08-22 09:19:16 - [MESSAGE][PASSED] - Object 'Object Repository/PartyOnboarding/Personal/PartyContacts/Valid From' is visible&#xD;
&#xD;
2019-08-22 09:19:16 - [MESSAGE][PASSED] - Keys '2018-12-20' sent to object: 'Object Repository/PartyOnboarding/Personal/PartyContacts/Valid From'&#xD;
&#xD;
2019-08-22 09:19:16 - [MESSAGE][PASSED] - Object 'Object Repository/PartyOnboarding/Personal/PartyContacts/Save Row' is visible&#xD;
&#xD;
2019-08-22 09:19:16 - [MESSAGE][PASSED] - Execute JavaScript 'arguments[0].click();' successfully&#xD;
&#xD;
2019-08-22 09:19:16 - [MESSAGE][PASSED] - Object 'Object Repository/PartyOnboarding/Personal/PartyContacts/New Row' is visible&#xD;
&#xD;
2019-08-22 09:19:16 - [MESSAGE][PASSED] - Execute JavaScript 'arguments[0].click();' successfully&#xD;
&#xD;
2019-08-22 09:19:17 - [MESSAGE][PASSED] - Delayed 1 second(s)&#xD;
&#xD;
2019-08-22 09:19:18 - [MESSAGE][PASSED] - Object 'Object Repository/PartyOnboarding/Personal/PartyContacts/Contact Method' is visible&#xD;
&#xD;
2019-08-22 09:19:18 - [MESSAGE][PASSED] - Keys 'TAB + Mobile' sent to object: 'Object Repository/PartyOnboarding/Personal/PartyContacts/Contact Method'&#xD;
&#xD;
2019-08-22 09:19:19 - [MESSAGE][PASSED] - Delayed 1 second(s)&#xD;
&#xD;
2019-08-22 09:19:19 - [MESSAGE][PASSED] - Object 'Object Repository/PartyOnboarding/Personal/PartyContacts/Contact Type  Location' is visible&#xD;
&#xD;
2019-08-22 09:19:19 - [MESSAGE][PASSED] - Keys 'TAB + Work' sent to object: 'Object Repository/PartyOnboarding/Personal/PartyContacts/Contact Type  Location'&#xD;
&#xD;
2019-08-22 09:19:19 - [MESSAGE][PASSED] - Object 'Object Repository/PartyOnboarding/Personal/PartyContacts/Contact Email' is visible&#xD;
&#xD;
2019-08-22 09:19:19 - [MESSAGE][PASSED] - Object 'Object Repository/PartyOnboarding/Personal/PartyContacts/Contact Email' has attribute 'readonly'&#xD;
&#xD;
2019-08-22 09:19:19 - [MESSAGE][PASSED] - Object 'Object Repository/PartyOnboarding/Personal/PartyContacts/Contact Number_03_Code' is visible&#xD;
&#xD;
2019-08-22 09:19:19 - [MESSAGE][PASSED] - Text of object 'Object Repository/PartyOnboarding/Personal/PartyContacts/Contact Number_03_Code' is cleared&#xD;
&#xD;
2019-08-22 09:19:19 - [MESSAGE][PASSED] - Object 'Object Repository/PartyOnboarding/Personal/PartyContacts/Contact Number_03_Code' is visible&#xD;
&#xD;
2019-08-22 09:19:19 - [MESSAGE][PASSED] - Keys '+1' sent to object: 'Object Repository/PartyOnboarding/Personal/PartyContacts/Contact Number_03_Code'&#xD;
&#xD;
2019-08-22 09:19:19 - [MESSAGE][PASSED] - Object 'Object Repository/PartyOnboarding/Personal/PartyContacts/Contact Number_AreaCode' is visible&#xD;
&#xD;
2019-08-22 09:19:19 - [MESSAGE][PASSED] - Keys '' sent to object: 'Object Repository/PartyOnboarding/Personal/PartyContacts/Contact Number_AreaCode'&#xD;
&#xD;
2019-08-22 09:19:19 - [MESSAGE][PASSED] - Object 'Object Repository/PartyOnboarding/Personal/PartyContacts/Contact Number_Number' is visible&#xD;
&#xD;
2019-08-22 09:19:20 - [MESSAGE][PASSED] - Keys '9697989901' sent to object: 'Object Repository/PartyOnboarding/Personal/PartyContacts/Contact Number_Number'&#xD;
&#xD;
2019-08-22 09:19:20 - [MESSAGE][PASSED] - Object 'Object Repository/PartyOnboarding/Personal/PartyContacts/Contact Number_03_Code' is visible&#xD;
&#xD;
2019-08-22 09:19:20 - [MESSAGE][WARNING] - Object 'Object Repository/PartyOnboarding/Personal/PartyContacts/Contact Number_03_Code' does not have attribute 'readonly' (Root cause: com.kms.katalon.core.exception.StepFailedException: Object 'Object Repository/PartyOnboarding/Personal/PartyContacts/Contact Number_03_Code' does not have attribute 'readonly'&#xD;
	at com.kms.katalon.core.webui.keyword.internal.WebUIKeywordMain.stepFailed(WebUIKeywordMain.groovy:64)&#xD;
	at com.kms.katalon.core.webui.keyword.builtin.VerifyElementHasAttributeKeyword$_verifyElementHasAttribute_closure1.doCall(VerifyElementHasAttributeKeyword.groovy:89)&#xD;
	at com.kms.katalon.core.webui.keyword.builtin.VerifyElementHasAttributeKeyword$_verifyElementHasAttribute_closure1.call(VerifyElementHasAttributeKeyword.groovy)&#xD;
	at com.kms.katalon.core.webui.keyword.internal.WebUIKeywordMain.runKeyword(WebUIKeywordMain.groovy:20)&#xD;
	at com.kms.katalon.core.webui.keyword.builtin.VerifyElementHasAttributeKeyword.verifyElementHasAttribute(VerifyElementHasAttributeKeyword.groovy:100)&#xD;
	at com.kms.katalon.core.webui.keyword.builtin.VerifyElementHasAttributeKeyword.execute(VerifyElementHasAttributeKeyword.groovy:69)&#xD;
	at com.kms.katalon.core.keyword.internal.KeywordExecutor.executeKeywordForPlatform(KeywordExecutor.groovy:56)&#xD;
	at com.kms.katalon.core.webui.keyword.WebUiBuiltInKeywords.verifyElementHasAttribute(WebUiBuiltInKeywords.groovy:3166)&#xD;
	at com.kms.katalon.core.webui.keyword.WebUiBuiltInKeywords$verifyElementHasAttribute$11.call(Unknown Source)&#xD;
	at pageObjects.PartyOnboarding.inputDataForPartyContacts(PartyOnboarding.groovy:736)&#xD;
	at PartyOnboardingEnterprise.run(PartyOnboardingEnterprise:61)&#xD;
	at com.kms.katalon.core.main.ScriptEngine.run(ScriptEngine.java:194)&#xD;
	at com.kms.katalon.core.main.ScriptEngine.runScriptAsRawText(ScriptEngine.java:119)&#xD;
	at com.kms.katalon.core.main.TestCaseExecutor.runScript(TestCaseExecutor.java:337)&#xD;
	at com.kms.katalon.core.main.TestCaseExecutor.doExecute(TestCaseExecutor.java:328)&#xD;
	at com.kms.katalon.core.main.TestCaseExecutor.processExecutionPhase(TestCaseExecutor.java:307)&#xD;
	at com.kms.katalon.core.main.TestCaseExecutor.accessMainPhase(TestCaseExecutor.java:299)&#xD;
	at com.kms.katalon.core.main.TestCaseExecutor.execute(TestCaseExecutor.java:233)&#xD;
	at com.kms.katalon.core.main.TestSuiteExecutor.accessTestCaseMainPhase(TestSuiteExecutor.java:133)&#xD;
	at com.kms.katalon.core.main.TestSuiteExecutor.accessTestSuiteMainPhase(TestSuiteExecutor.java:116)&#xD;
	at com.kms.katalon.core.main.TestSuiteExecutor.execute(TestSuiteExecutor.java:83)&#xD;
	at com.kms.katalon.core.main.TestCaseMain.startTestSuite(TestCaseMain.java:157)&#xD;
	at com.kms.katalon.core.main.TestCaseMain$startTestSuite$0.call(Unknown Source)&#xD;
	at TempTestSuite1566441935163.run(TempTestSuite1566441935163.groovy:35)&#xD;
)&#xD;
[[ATTACHMENT|C:\\ML\\JITS\\AYA\\Automation\\FBE\\FBE\\Reports\\DataPreparation\\PartyOnboardingPersonal\\20190822_091535\\1566442160356.png]]&#xD;
&#xD;
2019-08-22 09:19:20 - [MESSAGE][PASSED] - Object 'Object Repository/PartyOnboarding/Personal/PartyContacts/Valid From' is visible&#xD;
&#xD;
2019-08-22 09:19:20 - [MESSAGE][PASSED] - Text of object 'Object Repository/PartyOnboarding/Personal/PartyContacts/Valid From' is cleared&#xD;
&#xD;
2019-08-22 09:19:20 - [MESSAGE][PASSED] - Object 'Object Repository/PartyOnboarding/Personal/PartyContacts/Valid From' is visible&#xD;
&#xD;
2019-08-22 09:19:21 - [MESSAGE][PASSED] - Keys '2018-01-24' sent to object: 'Object Repository/PartyOnboarding/Personal/PartyContacts/Valid From'&#xD;
&#xD;
2019-08-22 09:19:21 - [MESSAGE][PASSED] - Object 'Object Repository/PartyOnboarding/Personal/PartyContacts/Save Row' is visible&#xD;
&#xD;
2019-08-22 09:19:21 - [MESSAGE][PASSED] - Execute JavaScript 'arguments[0].click();' successfully&#xD;
&#xD;
2019-08-22 09:19:21 - [MESSAGE][PASSED] - Object 'Object Repository/PartyOnboarding/Personal/PartyContacts/New Row' is visible&#xD;
&#xD;
2019-08-22 09:19:21 - [MESSAGE][PASSED] - Execute JavaScript 'arguments[0].click();' successfully&#xD;
&#xD;
2019-08-22 09:19:22 - [MESSAGE][PASSED] - Delayed 1 second(s)&#xD;
&#xD;
2019-08-22 09:19:22 - [MESSAGE][PASSED] - Object 'Object Repository/PartyOnboarding/Personal/PartyContacts/Contact Method' is visible&#xD;
&#xD;
2019-08-22 09:19:22 - [MESSAGE][PASSED] - Keys 'TAB + Email' sent to object: 'Object Repository/PartyOnboarding/Personal/PartyContacts/Contact Method'&#xD;
&#xD;
2019-08-22 09:19:23 - [MESSAGE][PASSED] - Delayed 1 second(s)&#xD;
&#xD;
2019-08-22 09:19:23 - [MESSAGE][PASSED] - Object 'Object Repository/PartyOnboarding/Personal/PartyContacts/Contact Type  Location' is visible&#xD;
&#xD;
2019-08-22 09:19:23 - [MESSAGE][PASSED] - Keys 'TAB + Personal' sent to object: 'Object Repository/PartyOnboarding/Personal/PartyContacts/Contact Type  Location'&#xD;
&#xD;
2019-08-22 09:19:23 - [MESSAGE][PASSED] - Object 'Object Repository/PartyOnboarding/Personal/PartyContacts/Contact Email' is visible&#xD;
&#xD;
2019-08-22 09:19:24 - [MESSAGE][WARNING] - Object 'Object Repository/PartyOnboarding/Personal/PartyContacts/Contact Email' does not have attribute 'readonly' (Root cause: com.kms.katalon.core.exception.StepFailedException: Object 'Object Repository/PartyOnboarding/Personal/PartyContacts/Contact Email' does not have attribute 'readonly'&#xD;
	at com.kms.katalon.core.webui.keyword.internal.WebUIKeywordMain.stepFailed(WebUIKeywordMain.groovy:64)&#xD;
	at com.kms.katalon.core.webui.keyword.builtin.VerifyElementHasAttributeKeyword$_verifyElementHasAttribute_closure1.doCall(VerifyElementHasAttributeKeyword.groovy:89)&#xD;
	at com.kms.katalon.core.webui.keyword.builtin.VerifyElementHasAttributeKeyword$_verifyElementHasAttribute_closure1.call(VerifyElementHasAttributeKeyword.groovy)&#xD;
	at com.kms.katalon.core.webui.keyword.internal.WebUIKeywordMain.runKeyword(WebUIKeywordMain.groovy:20)&#xD;
	at com.kms.katalon.core.webui.keyword.builtin.VerifyElementHasAttributeKeyword.verifyElementHasAttribute(VerifyElementHasAttributeKeyword.groovy:100)&#xD;
	at com.kms.katalon.core.webui.keyword.builtin.VerifyElementHasAttributeKeyword.execute(VerifyElementHasAttributeKeyword.groovy:69)&#xD;
	at com.kms.katalon.core.keyword.internal.KeywordExecutor.executeKeywordForPlatform(KeywordExecutor.groovy:56)&#xD;
	at com.kms.katalon.core.webui.keyword.WebUiBuiltInKeywords.verifyElementHasAttribute(WebUiBuiltInKeywords.groovy:3166)&#xD;
	at com.kms.katalon.core.webui.keyword.WebUiBuiltInKeywords$verifyElementHasAttribute$11.call(Unknown Source)&#xD;
	at pageObjects.PartyOnboarding.inputDataForPartyContacts(PartyOnboarding.groovy:721)&#xD;
	at PartyOnboardingEnterprise.run(PartyOnboardingEnterprise:61)&#xD;
	at com.kms.katalon.core.main.ScriptEngine.run(ScriptEngine.java:194)&#xD;
	at com.kms.katalon.core.main.ScriptEngine.runScriptAsRawText(ScriptEngine.java:119)&#xD;
	at com.kms.katalon.core.main.TestCaseExecutor.runScript(TestCaseExecutor.java:337)&#xD;
	at com.kms.katalon.core.main.TestCaseExecutor.doExecute(TestCaseExecutor.java:328)&#xD;
	at com.kms.katalon.core.main.TestCaseExecutor.processExecutionPhase(TestCaseExecutor.java:307)&#xD;
	at com.kms.katalon.core.main.TestCaseExecutor.accessMainPhase(TestCaseExecutor.java:299)&#xD;
	at com.kms.katalon.core.main.TestCaseExecutor.execute(TestCaseExecutor.java:233)&#xD;
	at com.kms.katalon.core.main.TestSuiteExecutor.accessTestCaseMainPhase(TestSuiteExecutor.java:133)&#xD;
	at com.kms.katalon.core.main.TestSuiteExecutor.accessTestSuiteMainPhase(TestSuiteExecutor.java:116)&#xD;
	at com.kms.katalon.core.main.TestSuiteExecutor.execute(TestSuiteExecutor.java:83)&#xD;
	at com.kms.katalon.core.main.TestCaseMain.startTestSuite(TestCaseMain.java:157)&#xD;
	at com.kms.katalon.core.main.TestCaseMain$startTestSuite$0.call(Unknown Source)&#xD;
	at TempTestSuite1566441935163.run(TempTestSuite1566441935163.groovy:35)&#xD;
)&#xD;
[[ATTACHMENT|C:\\ML\\JITS\\AYA\\Automation\\FBE\\FBE\\Reports\\DataPreparation\\PartyOnboardingPersonal\\20190822_091535\\1566442164019.png]]&#xD;
&#xD;
2019-08-22 09:19:24 - [MESSAGE][PASSED] - Object 'Object Repository/PartyOnboarding/Personal/PartyContacts/Contact Number_03_Code' is visible&#xD;
&#xD;
2019-08-22 09:19:24 - [MESSAGE][PASSED] - Object 'Object Repository/PartyOnboarding/Personal/PartyContacts/Contact Number_03_Code' has attribute 'readonly'&#xD;
&#xD;
2019-08-22 09:19:24 - [MESSAGE][PASSED] - Object 'Object Repository/PartyOnboarding/Personal/PartyContacts/Contact Email' is visible&#xD;
&#xD;
2019-08-22 09:19:25 - [MESSAGE][PASSED] - Keys 'nguyenthimyle@gmail.com' sent to object: 'Object Repository/PartyOnboarding/Personal/PartyContacts/Contact Email'&#xD;
&#xD;
2019-08-22 09:19:25 - [MESSAGE][PASSED] - Object 'Object Repository/PartyOnboarding/Personal/PartyContacts/Confirm Email' is visible&#xD;
&#xD;
2019-08-22 09:19:25 - [MESSAGE][PASSED] - Keys 'nguyenthimyle@gmail.com' sent to object: 'Object Repository/PartyOnboarding/Personal/PartyContacts/Confirm Email'&#xD;
&#xD;
2019-08-22 09:19:25 - [MESSAGE][PASSED] - Object 'Object Repository/PartyOnboarding/Personal/PartyContacts/Valid From' is visible&#xD;
&#xD;
2019-08-22 09:19:26 - [MESSAGE][PASSED] - Text of object 'Object Repository/PartyOnboarding/Personal/PartyContacts/Valid From' is cleared&#xD;
&#xD;
2019-08-22 09:19:26 - [MESSAGE][PASSED] - Object 'Object Repository/PartyOnboarding/Personal/PartyContacts/Valid From' is visible&#xD;
&#xD;
2019-08-22 09:19:26 - [MESSAGE][PASSED] - Keys '2017-01-24' sent to object: 'Object Repository/PartyOnboarding/Personal/PartyContacts/Valid From'&#xD;
&#xD;
2019-08-22 09:19:26 - [MESSAGE][PASSED] - Object 'Object Repository/PartyOnboarding/Personal/PartyContacts/Save Row' is visible&#xD;
&#xD;
2019-08-22 09:19:26 - [MESSAGE][PASSED] - Execute JavaScript 'arguments[0].click();' successfully&#xD;
&#xD;
2019-08-22 09:19:26 - [TEST_STEP][PASSED] - partyOnboardingEnterprise.clickNextbutton(): Object: 'Object Repository/PartyOnboarding/btn_Next' is clicked on&#xD;
&#xD;
2019-08-22 09:19:26 - [MESSAGE][PASSED] - Object 'Object Repository/PartyOnboarding/btn_Next' is visible&#xD;
&#xD;
2019-08-22 09:19:26 - [MESSAGE][PASSED] - Object: 'Object Repository/PartyOnboarding/btn_Next' is clicked on&#xD;
&#xD;
2019-08-22 09:19:26 - [TEST_STEP][PASSED] - partyOnboardingEnterprise.inputDataForPartyRequiredDocuments(s06_documentCategory, s06_kycExpired, s06_documentType, s06_validFrom, s06_validTo, s06_referenceNumber, s06_issuingAuthority, s06_issuingCountry, s06_documentVerified, s06_image, s06_documentCollectionStatus): Keys 'Documents collected and validated centrally' sent to object: 'Object Repository/PartyOnboarding/Personal/PartyRequiredDocument/ddl_DocumentsCollectionStatus'&#xD;
&#xD;
2019-08-22 09:19:27 - [MESSAGE][PASSED] - Delayed 1 second(s)&#xD;
&#xD;
2019-08-22 09:19:27 - [MESSAGE][PASSED] - Object 'Object Repository/PartyOnboarding/Personal/PartyRequiredDocument/New Row' is visible&#xD;
&#xD;
2019-08-22 09:19:27 - [MESSAGE][PASSED] - Execute JavaScript 'arguments[0].click();' successfully&#xD;
&#xD;
2019-08-22 09:19:27 - [MESSAGE][PASSED] - Object 'Object Repository/PartyOnboarding/Personal/PartyRequiredDocument/DocumentCategory' is visible&#xD;
&#xD;
2019-08-22 09:19:28 - [MESSAGE][PASSED] - Keys 'TAB + PT-AUTHORIZED MYCO USER' sent to object: 'Object Repository/PartyOnboarding/Personal/PartyRequiredDocument/DocumentCategory'&#xD;
&#xD;
2019-08-22 09:19:29 - [MESSAGE][PASSED] - Delayed 1 second(s)&#xD;
&#xD;
2019-08-22 09:19:30 - [MESSAGE][PASSED] - Object 'Object Repository/PartyOnboarding/Personal/PartyRequiredDocument/Document Type' is visible&#xD;
&#xD;
2019-08-22 09:19:30 - [MESSAGE][PASSED] - Keys 'TAB + AUTHORIZED MYCO USER' sent to object: 'Object Repository/PartyOnboarding/Personal/PartyRequiredDocument/Document Type'&#xD;
&#xD;
2019-08-22 09:19:31 - [MESSAGE][PASSED] - Delayed 1 second(s)&#xD;
&#xD;
2019-08-22 09:19:31 - [MESSAGE][PASSED] - Object 'Object Repository/PartyOnboarding/Personal/PartyRequiredDocument/Issuing Country' is visible&#xD;
&#xD;
2019-08-22 09:19:32 - [MESSAGE][PASSED] - Keys 'Myanmar' sent to object: 'Object Repository/PartyOnboarding/Personal/PartyRequiredDocument/Issuing Country'&#xD;
&#xD;
2019-08-22 09:19:33 - [MESSAGE][PASSED] - Delayed 1 second(s)&#xD;
&#xD;
2019-08-22 09:19:33 - [MESSAGE][PASSED] - Object 'Object Repository/PartyOnboarding/Personal/PartyRequiredDocument/Document Verified' is visible&#xD;
&#xD;
2019-08-22 09:19:33 - [MESSAGE][PASSED] - Keys 'TAB + TRUE' sent to object: 'Object Repository/PartyOnboarding/Personal/PartyRequiredDocument/Document Verified'&#xD;
&#xD;
2019-08-22 09:19:33 - [MESSAGE][PASSED] - Object 'Object Repository/PartyOnboarding/Personal/PartyRequiredDocument/Save Row' is visible&#xD;
&#xD;
2019-08-22 09:19:33 - [MESSAGE][PASSED] - Execute JavaScript 'arguments[0].click();' successfully&#xD;
&#xD;
2019-08-22 09:19:33 - [MESSAGE][PASSED] - Object 'Object Repository/PartyOnboarding/Personal/PartyRequiredDocument/New Row' is visible&#xD;
&#xD;
2019-08-22 09:19:33 - [MESSAGE][PASSED] - Execute JavaScript 'arguments[0].click();' successfully&#xD;
&#xD;
2019-08-22 09:19:33 - [MESSAGE][PASSED] - Object 'Object Repository/PartyOnboarding/Personal/PartyRequiredDocument/DocumentCategory' is visible&#xD;
&#xD;
2019-08-22 09:19:35 - [MESSAGE][PASSED] - Keys 'TAB + PT-BOARD OF DIRECTORS RESOLUTION' sent to object: 'Object Repository/PartyOnboarding/Personal/PartyRequiredDocument/DocumentCategory'&#xD;
&#xD;
2019-08-22 09:19:36 - [MESSAGE][PASSED] - Delayed 1 second(s)&#xD;
&#xD;
2019-08-22 09:19:36 - [MESSAGE][PASSED] - Object 'Object Repository/PartyOnboarding/Personal/PartyRequiredDocument/Document Type' is visible&#xD;
&#xD;
2019-08-22 09:19:37 - [MESSAGE][PASSED] - Keys 'TAB + BOARD OF DIRECTORS RESOLUTION' sent to object: 'Object Repository/PartyOnboarding/Personal/PartyRequiredDocument/Document Type'&#xD;
&#xD;
2019-08-22 09:19:38 - [MESSAGE][PASSED] - Delayed 1 second(s)&#xD;
&#xD;
2019-08-22 09:19:38 - [MESSAGE][PASSED] - Object 'Object Repository/PartyOnboarding/Personal/PartyRequiredDocument/Issuing Country' is visible&#xD;
&#xD;
2019-08-22 09:19:39 - [MESSAGE][PASSED] - Keys 'Myanmar' sent to object: 'Object Repository/PartyOnboarding/Personal/PartyRequiredDocument/Issuing Country'&#xD;
&#xD;
2019-08-22 09:19:40 - [MESSAGE][PASSED] - Delayed 1 second(s)&#xD;
&#xD;
2019-08-22 09:19:40 - [MESSAGE][PASSED] - Object 'Object Repository/PartyOnboarding/Personal/PartyRequiredDocument/Document Verified' is visible&#xD;
&#xD;
2019-08-22 09:19:40 - [MESSAGE][PASSED] - Keys 'TAB + TRUE' sent to object: 'Object Repository/PartyOnboarding/Personal/PartyRequiredDocument/Document Verified'&#xD;
&#xD;
2019-08-22 09:19:40 - [MESSAGE][PASSED] - Object 'Object Repository/PartyOnboarding/Personal/PartyRequiredDocument/Save Row' is visible&#xD;
&#xD;
2019-08-22 09:19:40 - [MESSAGE][PASSED] - Execute JavaScript 'arguments[0].click();' successfully&#xD;
&#xD;
2019-08-22 09:19:40 - [MESSAGE][PASSED] - Object 'Object Repository/PartyOnboarding/Personal/PartyRequiredDocument/New Row' is visible&#xD;
&#xD;
2019-08-22 09:19:40 - [MESSAGE][PASSED] - Execute JavaScript 'arguments[0].click();' successfully&#xD;
&#xD;
2019-08-22 09:19:40 - [MESSAGE][PASSED] - Object 'Object Repository/PartyOnboarding/Personal/PartyRequiredDocument/DocumentCategory' is visible&#xD;
&#xD;
2019-08-22 09:19:42 - [MESSAGE][PASSED] - Keys 'TAB + PT-CERTIFICATE OF INCORPORATION' sent to object: 'Object Repository/PartyOnboarding/Personal/PartyRequiredDocument/DocumentCategory'&#xD;
&#xD;
2019-08-22 09:19:43 - [MESSAGE][PASSED] - Delayed 1 second(s)&#xD;
&#xD;
2019-08-22 09:19:43 - [MESSAGE][PASSED] - Object 'Object Repository/PartyOnboarding/Personal/PartyRequiredDocument/Document Type' is visible&#xD;
&#xD;
2019-08-22 09:19:44 - [MESSAGE][PASSED] - Keys 'TAB + CERTIFICATE OF INCORPORATION' sent to object: 'Object Repository/PartyOnboarding/Personal/PartyRequiredDocument/Document Type'&#xD;
&#xD;
2019-08-22 09:19:45 - [MESSAGE][PASSED] - Delayed 1 second(s)&#xD;
&#xD;
2019-08-22 09:19:45 - [MESSAGE][PASSED] - Object 'Object Repository/PartyOnboarding/Personal/PartyRequiredDocument/Issuing Country' is visible&#xD;
&#xD;
2019-08-22 09:19:45 - [MESSAGE][PASSED] - Keys 'Myanmar' sent to object: 'Object Repository/PartyOnboarding/Personal/PartyRequiredDocument/Issuing Country'&#xD;
&#xD;
2019-08-22 09:19:46 - [MESSAGE][PASSED] - Delayed 1 second(s)&#xD;
&#xD;
2019-08-22 09:19:46 - [MESSAGE][PASSED] - Object 'Object Repository/PartyOnboarding/Personal/PartyRequiredDocument/Document Verified' is visible&#xD;
&#xD;
2019-08-22 09:19:47 - [MESSAGE][PASSED] - Keys 'TAB + TRUE' sent to object: 'Object Repository/PartyOnboarding/Personal/PartyRequiredDocument/Document Verified'&#xD;
&#xD;
2019-08-22 09:19:47 - [MESSAGE][PASSED] - Object 'Object Repository/PartyOnboarding/Personal/PartyRequiredDocument/Save Row' is visible&#xD;
&#xD;
2019-08-22 09:19:47 - [MESSAGE][PASSED] - Execute JavaScript 'arguments[0].click();' successfully&#xD;
&#xD;
2019-08-22 09:19:47 - [MESSAGE][PASSED] - Object 'Object Repository/PartyOnboarding/Personal/PartyRequiredDocument/New Row' is visible&#xD;
&#xD;
2019-08-22 09:19:47 - [MESSAGE][PASSED] - Execute JavaScript 'arguments[0].click();' successfully&#xD;
&#xD;
2019-08-22 09:19:47 - [MESSAGE][PASSED] - Object 'Object Repository/PartyOnboarding/Personal/PartyRequiredDocument/DocumentCategory' is visible&#xD;
&#xD;
2019-08-22 09:19:48 - [MESSAGE][PASSED] - Keys 'TAB + PT-FILING HISTORY' sent to object: 'Object Repository/PartyOnboarding/Personal/PartyRequiredDocument/DocumentCategory'&#xD;
&#xD;
2019-08-22 09:19:49 - [MESSAGE][PASSED] - Delayed 1 second(s)&#xD;
&#xD;
2019-08-22 09:19:49 - [MESSAGE][PASSED] - Object 'Object Repository/PartyOnboarding/Personal/PartyRequiredDocument/Document Type' is visible&#xD;
&#xD;
2019-08-22 09:19:49 - [MESSAGE][PASSED] - Keys 'TAB + FILING HISTORY' sent to object: 'Object Repository/PartyOnboarding/Personal/PartyRequiredDocument/Document Type'&#xD;
&#xD;
2019-08-22 09:19:50 - [MESSAGE][PASSED] - Delayed 1 second(s)&#xD;
&#xD;
2019-08-22 09:19:50 - [MESSAGE][PASSED] - Object 'Object Repository/PartyOnboarding/Personal/PartyRequiredDocument/Issuing Country' is visible&#xD;
&#xD;
2019-08-22 09:19:51 - [MESSAGE][PASSED] - Keys 'Myanmar' sent to object: 'Object Repository/PartyOnboarding/Personal/PartyRequiredDocument/Issuing Country'&#xD;
&#xD;
2019-08-22 09:19:52 - [MESSAGE][PASSED] - Delayed 1 second(s)&#xD;
&#xD;
2019-08-22 09:19:52 - [MESSAGE][PASSED] - Object 'Object Repository/PartyOnboarding/Personal/PartyRequiredDocument/Document Verified' is visible&#xD;
&#xD;
2019-08-22 09:19:52 - [MESSAGE][PASSED] - Keys 'TAB + TRUE' sent to object: 'Object Repository/PartyOnboarding/Personal/PartyRequiredDocument/Document Verified'&#xD;
&#xD;
2019-08-22 09:19:52 - [MESSAGE][PASSED] - Object 'Object Repository/PartyOnboarding/Personal/PartyRequiredDocument/Save Row' is visible&#xD;
&#xD;
2019-08-22 09:19:52 - [MESSAGE][PASSED] - Execute JavaScript 'arguments[0].click();' successfully&#xD;
&#xD;
2019-08-22 09:19:52 - [MESSAGE][PASSED] - Object 'Object Repository/PartyOnboarding/Personal/PartyRequiredDocument/New Row' is visible&#xD;
&#xD;
2019-08-22 09:19:52 - [MESSAGE][PASSED] - Execute JavaScript 'arguments[0].click();' successfully&#xD;
&#xD;
2019-08-22 09:19:52 - [MESSAGE][PASSED] - Object 'Object Repository/PartyOnboarding/Personal/PartyRequiredDocument/DocumentCategory' is visible&#xD;
&#xD;
2019-08-22 09:19:53 - [MESSAGE][PASSED] - Keys 'TAB + PT-FORM QA 22(FOREIGNER)' sent to object: 'Object Repository/PartyOnboarding/Personal/PartyRequiredDocument/DocumentCategory'&#xD;
&#xD;
2019-08-22 09:19:54 - [MESSAGE][PASSED] - Delayed 1 second(s)&#xD;
&#xD;
2019-08-22 09:19:54 - [MESSAGE][PASSED] - Object 'Object Repository/PartyOnboarding/Personal/PartyRequiredDocument/Document Type' is visible&#xD;
&#xD;
2019-08-22 09:19:55 - [MESSAGE][PASSED] - Keys 'TAB + FORM QA 22(FOREIGNER)' sent to object: 'Object Repository/PartyOnboarding/Personal/PartyRequiredDocument/Document Type'&#xD;
&#xD;
2019-08-22 09:19:56 - [MESSAGE][PASSED] - Delayed 1 second(s)&#xD;
&#xD;
2019-08-22 09:19:56 - [MESSAGE][PASSED] - Object 'Object Repository/PartyOnboarding/Personal/PartyRequiredDocument/Issuing Country' is visible&#xD;
&#xD;
2019-08-22 09:19:57 - [MESSAGE][PASSED] - Keys 'Myanmar' sent to object: 'Object Repository/PartyOnboarding/Personal/PartyRequiredDocument/Issuing Country'&#xD;
&#xD;
2019-08-22 09:19:58 - [MESSAGE][PASSED] - Delayed 1 second(s)&#xD;
&#xD;
2019-08-22 09:19:58 - [MESSAGE][PASSED] - Object 'Object Repository/PartyOnboarding/Personal/PartyRequiredDocument/Document Verified' is visible&#xD;
&#xD;
2019-08-22 09:19:58 - [MESSAGE][PASSED] - Keys 'TAB + TRUE' sent to object: 'Object Repository/PartyOnboarding/Personal/PartyRequiredDocument/Document Verified'&#xD;
&#xD;
2019-08-22 09:19:58 - [MESSAGE][PASSED] - Object 'Object Repository/PartyOnboarding/Personal/PartyRequiredDocument/Save Row' is visible&#xD;
&#xD;
2019-08-22 09:19:58 - [MESSAGE][PASSED] - Execute JavaScript 'arguments[0].click();' successfully&#xD;
&#xD;
2019-08-22 09:19:58 - [MESSAGE][PASSED] - Object 'Object Repository/PartyOnboarding/Personal/PartyRequiredDocument/New Row' is visible&#xD;
&#xD;
2019-08-22 09:19:58 - [MESSAGE][PASSED] - Execute JavaScript 'arguments[0].click();' successfully&#xD;
&#xD;
2019-08-22 09:19:58 - [MESSAGE][PASSED] - Object 'Object Repository/PartyOnboarding/Personal/PartyRequiredDocument/DocumentCategory' is visible&#xD;
&#xD;
2019-08-22 09:20:00 - [MESSAGE][PASSED] - Keys 'TAB + PT-LIST OF DIRECTORS AND MEMBER DETAILS' sent to object: 'Object Repository/PartyOnboarding/Personal/PartyRequiredDocument/DocumentCategory'&#xD;
&#xD;
2019-08-22 09:20:01 - [MESSAGE][PASSED] - Delayed 1 second(s)&#xD;
&#xD;
2019-08-22 09:20:01 - [MESSAGE][PASSED] - Object 'Object Repository/PartyOnboarding/Personal/PartyRequiredDocument/Document Type' is visible&#xD;
&#xD;
2019-08-22 09:20:03 - [MESSAGE][PASSED] - Keys 'TAB + LIST OF DIRECTORS AND MEMBER DETAILS' sent to object: 'Object Repository/PartyOnboarding/Personal/PartyRequiredDocument/Document Type'&#xD;
&#xD;
2019-08-22 09:20:04 - [MESSAGE][PASSED] - Delayed 1 second(s)&#xD;
&#xD;
2019-08-22 09:20:04 - [MESSAGE][PASSED] - Object 'Object Repository/PartyOnboarding/Personal/PartyRequiredDocument/Issuing Country' is visible&#xD;
&#xD;
2019-08-22 09:20:04 - [MESSAGE][PASSED] - Keys 'Myanmar' sent to object: 'Object Repository/PartyOnboarding/Personal/PartyRequiredDocument/Issuing Country'&#xD;
&#xD;
2019-08-22 09:20:05 - [MESSAGE][PASSED] - Delayed 1 second(s)&#xD;
&#xD;
2019-08-22 09:20:05 - [MESSAGE][PASSED] - Object 'Object Repository/PartyOnboarding/Personal/PartyRequiredDocument/Document Verified' is visible&#xD;
&#xD;
2019-08-22 09:20:05 - [MESSAGE][PASSED] - Keys 'TAB + TRUE' sent to object: 'Object Repository/PartyOnboarding/Personal/PartyRequiredDocument/Document Verified'&#xD;
&#xD;
2019-08-22 09:20:05 - [MESSAGE][PASSED] - Object 'Object Repository/PartyOnboarding/Personal/PartyRequiredDocument/Save Row' is visible&#xD;
&#xD;
2019-08-22 09:20:05 - [MESSAGE][PASSED] - Execute JavaScript 'arguments[0].click();' successfully&#xD;
&#xD;
2019-08-22 09:20:05 - [MESSAGE][PASSED] - Object 'Object Repository/PartyOnboarding/Personal/PartyRequiredDocument/New Row' is visible&#xD;
&#xD;
2019-08-22 09:20:05 - [MESSAGE][PASSED] - Execute JavaScript 'arguments[0].click();' successfully&#xD;
&#xD;
2019-08-22 09:20:06 - [MESSAGE][PASSED] - Object 'Object Repository/PartyOnboarding/Personal/PartyRequiredDocument/DocumentCategory' is visible&#xD;
&#xD;
2019-08-22 09:20:07 - [MESSAGE][PASSED] - Keys 'TAB + PT-LIST OF SHAREHOLDERS AND MEMBER DETAILS' sent to object: 'Object Repository/PartyOnboarding/Personal/PartyRequiredDocument/DocumentCategory'&#xD;
&#xD;
2019-08-22 09:20:08 - [MESSAGE][PASSED] - Delayed 1 second(s)&#xD;
&#xD;
2019-08-22 09:20:08 - [MESSAGE][PASSED] - Object 'Object Repository/PartyOnboarding/Personal/PartyRequiredDocument/Document Type' is visible&#xD;
&#xD;
2019-08-22 09:20:10 - [MESSAGE][PASSED] - Keys 'TAB + LIST OF SHAREHOLDERS AND MEMBER DETAILS' sent to object: 'Object Repository/PartyOnboarding/Personal/PartyRequiredDocument/Document Type'&#xD;
&#xD;
2019-08-22 09:20:11 - [MESSAGE][PASSED] - Delayed 1 second(s)&#xD;
&#xD;
2019-08-22 09:20:11 - [MESSAGE][PASSED] - Object 'Object Repository/PartyOnboarding/Personal/PartyRequiredDocument/Issuing Country' is visible&#xD;
&#xD;
2019-08-22 09:20:12 - [MESSAGE][PASSED] - Keys 'Myanmar' sent to object: 'Object Repository/PartyOnboarding/Personal/PartyRequiredDocument/Issuing Country'&#xD;
&#xD;
2019-08-22 09:20:13 - [MESSAGE][PASSED] - Delayed 1 second(s)&#xD;
&#xD;
2019-08-22 09:20:13 - [MESSAGE][PASSED] - Object 'Object Repository/PartyOnboarding/Personal/PartyRequiredDocument/Document Verified' is visible&#xD;
&#xD;
2019-08-22 09:20:13 - [MESSAGE][PASSED] - Keys 'TAB + TRUE' sent to object: 'Object Repository/PartyOnboarding/Personal/PartyRequiredDocument/Document Verified'&#xD;
&#xD;
2019-08-22 09:20:13 - [MESSAGE][PASSED] - Object 'Object Repository/PartyOnboarding/Personal/PartyRequiredDocument/Save Row' is visible&#xD;
&#xD;
2019-08-22 09:20:13 - [MESSAGE][PASSED] - Execute JavaScript 'arguments[0].click();' successfully&#xD;
&#xD;
2019-08-22 09:20:13 - [MESSAGE][PASSED] - Object 'Object Repository/PartyOnboarding/Personal/PartyRequiredDocument/New Row' is visible&#xD;
&#xD;
2019-08-22 09:20:13 - [MESSAGE][PASSED] - Execute JavaScript 'arguments[0].click();' successfully&#xD;
&#xD;
2019-08-22 09:20:13 - [MESSAGE][PASSED] - Object 'Object Repository/PartyOnboarding/Personal/PartyRequiredDocument/DocumentCategory' is visible&#xD;
&#xD;
2019-08-22 09:20:15 - [MESSAGE][PASSED] - Keys 'TAB + PT-NRC/PASSPORT COPY OF AUTHORIZED SIGNATORY' sent to object: 'Object Repository/PartyOnboarding/Personal/PartyRequiredDocument/DocumentCategory'&#xD;
&#xD;
2019-08-22 09:20:16 - [MESSAGE][PASSED] - Delayed 1 second(s)&#xD;
&#xD;
2019-08-22 09:20:16 - [MESSAGE][PASSED] - Object 'Object Repository/PartyOnboarding/Personal/PartyRequiredDocument/Document Type' is visible&#xD;
&#xD;
2019-08-22 09:20:18 - [MESSAGE][PASSED] - Keys 'TAB + NRC/PASSPORT COPY OF AUTHORIZED SIGNATORY' sent to object: 'Object Repository/PartyOnboarding/Personal/PartyRequiredDocument/Document Type'&#xD;
&#xD;
2019-08-22 09:20:19 - [MESSAGE][PASSED] - Delayed 1 second(s)&#xD;
&#xD;
2019-08-22 09:20:19 - [MESSAGE][PASSED] - Object 'Object Repository/PartyOnboarding/Personal/PartyRequiredDocument/Issuing Country' is visible&#xD;
&#xD;
2019-08-22 09:20:19 - [MESSAGE][PASSED] - Keys 'Myanmar' sent to object: 'Object Repository/PartyOnboarding/Personal/PartyRequiredDocument/Issuing Country'&#xD;
&#xD;
2019-08-22 09:20:20 - [MESSAGE][PASSED] - Delayed 1 second(s)&#xD;
&#xD;
2019-08-22 09:20:20 - [MESSAGE][PASSED] - Object 'Object Repository/PartyOnboarding/Personal/PartyRequiredDocument/Document Verified' is visible&#xD;
&#xD;
2019-08-22 09:20:21 - [MESSAGE][PASSED] - Keys 'TAB + TRUE' sent to object: 'Object Repository/PartyOnboarding/Personal/PartyRequiredDocument/Document Verified'&#xD;
&#xD;
2019-08-22 09:20:21 - [MESSAGE][PASSED] - Object 'Object Repository/PartyOnboarding/Personal/PartyRequiredDocument/Save Row' is visible&#xD;
&#xD;
2019-08-22 09:20:21 - [MESSAGE][PASSED] - Execute JavaScript 'arguments[0].click();' successfully&#xD;
&#xD;
2019-08-22 09:20:21 - [MESSAGE][PASSED] - Object 'Object Repository/PartyOnboarding/Personal/PartyRequiredDocument/New Row' is visible&#xD;
&#xD;
2019-08-22 09:20:21 - [MESSAGE][PASSED] - Execute JavaScript 'arguments[0].click();' successfully&#xD;
&#xD;
2019-08-22 09:20:21 - [MESSAGE][PASSED] - Object 'Object Repository/PartyOnboarding/Personal/PartyRequiredDocument/DocumentCategory' is visible&#xD;
&#xD;
2019-08-22 09:20:23 - [MESSAGE][PASSED] - Keys 'TAB + PT-NRC/PASSPORT COPY OF SHAREHOLDERS' sent to object: 'Object Repository/PartyOnboarding/Personal/PartyRequiredDocument/DocumentCategory'&#xD;
&#xD;
2019-08-22 09:20:24 - [MESSAGE][PASSED] - Delayed 1 second(s)&#xD;
&#xD;
2019-08-22 09:20:24 - [MESSAGE][PASSED] - Object 'Object Repository/PartyOnboarding/Personal/PartyRequiredDocument/Document Type' is visible&#xD;
&#xD;
2019-08-22 09:20:25 - [MESSAGE][PASSED] - Keys 'TAB + NRC/PASSPORT COPY OF SHAREHOLDERS' sent to object: 'Object Repository/PartyOnboarding/Personal/PartyRequiredDocument/Document Type'&#xD;
&#xD;
2019-08-22 09:20:26 - [MESSAGE][PASSED] - Delayed 1 second(s)&#xD;
&#xD;
2019-08-22 09:20:26 - [MESSAGE][PASSED] - Object 'Object Repository/PartyOnboarding/Personal/PartyRequiredDocument/Issuing Country' is visible&#xD;
&#xD;
2019-08-22 09:20:27 - [MESSAGE][PASSED] - Keys 'Myanmar' sent to object: 'Object Repository/PartyOnboarding/Personal/PartyRequiredDocument/Issuing Country'&#xD;
&#xD;
2019-08-22 09:20:28 - [MESSAGE][PASSED] - Delayed 1 second(s)&#xD;
&#xD;
2019-08-22 09:20:28 - [MESSAGE][PASSED] - Object 'Object Repository/PartyOnboarding/Personal/PartyRequiredDocument/Document Verified' is visible&#xD;
&#xD;
2019-08-22 09:20:28 - [MESSAGE][PASSED] - Keys 'TAB + TRUE' sent to object: 'Object Repository/PartyOnboarding/Personal/PartyRequiredDocument/Document Verified'&#xD;
&#xD;
2019-08-22 09:20:28 - [MESSAGE][PASSED] - Object 'Object Repository/PartyOnboarding/Personal/PartyRequiredDocument/Save Row' is visible&#xD;
&#xD;
2019-08-22 09:20:28 - [MESSAGE][PASSED] - Execute JavaScript 'arguments[0].click();' successfully&#xD;
&#xD;
2019-08-22 09:20:28 - [MESSAGE][PASSED] - Object 'Object Repository/PartyOnboarding/Personal/PartyRequiredDocument/New Row' is visible&#xD;
&#xD;
2019-08-22 09:20:28 - [MESSAGE][PASSED] - Execute JavaScript 'arguments[0].click();' successfully&#xD;
&#xD;
2019-08-22 09:20:28 - [MESSAGE][PASSED] - Object 'Object Repository/PartyOnboarding/Personal/PartyRequiredDocument/DocumentCategory' is visible&#xD;
&#xD;
2019-08-22 09:20:29 - [MESSAGE][PASSED] - Keys 'TAB + PT-REGISTERED COMPANY ADDRESS' sent to object: 'Object Repository/PartyOnboarding/Personal/PartyRequiredDocument/DocumentCategory'&#xD;
&#xD;
2019-08-22 09:20:30 - [MESSAGE][PASSED] - Delayed 1 second(s)&#xD;
&#xD;
2019-08-22 09:20:31 - [MESSAGE][PASSED] - Object 'Object Repository/PartyOnboarding/Personal/PartyRequiredDocument/Document Type' is visible&#xD;
&#xD;
2019-08-22 09:20:32 - [MESSAGE][PASSED] - Keys 'TAB + REGISTERED COMPANY ADDRESS' sent to object: 'Object Repository/PartyOnboarding/Personal/PartyRequiredDocument/Document Type'&#xD;
&#xD;
2019-08-22 09:20:33 - [MESSAGE][PASSED] - Delayed 1 second(s)&#xD;
&#xD;
2019-08-22 09:20:33 - [MESSAGE][PASSED] - Object 'Object Repository/PartyOnboarding/Personal/PartyRequiredDocument/Issuing Country' is visible&#xD;
&#xD;
2019-08-22 09:20:33 - [MESSAGE][PASSED] - Keys 'Myanmar' sent to object: 'Object Repository/PartyOnboarding/Personal/PartyRequiredDocument/Issuing Country'&#xD;
&#xD;
2019-08-22 09:20:34 - [MESSAGE][PASSED] - Delayed 1 second(s)&#xD;
&#xD;
2019-08-22 09:20:34 - [MESSAGE][PASSED] - Object 'Object Repository/PartyOnboarding/Personal/PartyRequiredDocument/Document Verified' is visible&#xD;
&#xD;
2019-08-22 09:20:34 - [MESSAGE][PASSED] - Keys 'TAB + TRUE' sent to object: 'Object Repository/PartyOnboarding/Personal/PartyRequiredDocument/Document Verified'&#xD;
&#xD;
2019-08-22 09:20:34 - [MESSAGE][PASSED] - Object 'Object Repository/PartyOnboarding/Personal/PartyRequiredDocument/Save Row' is visible&#xD;
&#xD;
2019-08-22 09:20:35 - [MESSAGE][PASSED] - Execute JavaScript 'arguments[0].click();' successfully&#xD;
&#xD;
2019-08-22 09:20:35 - [MESSAGE][PASSED] - Object 'Object Repository/PartyOnboarding/Personal/PartyRequiredDocument/New Row' is visible&#xD;
&#xD;
2019-08-22 09:20:35 - [MESSAGE][PASSED] - Execute JavaScript 'arguments[0].click();' successfully&#xD;
&#xD;
2019-08-22 09:20:35 - [MESSAGE][PASSED] - Object 'Object Repository/PartyOnboarding/Personal/PartyRequiredDocument/DocumentCategory' is visible&#xD;
&#xD;
2019-08-22 09:20:37 - [MESSAGE][PASSED] - Keys 'TAB + PT-VALID VISA COPY OF AUTH. SIGNATORY(FOREIGNER)' sent to object: 'Object Repository/PartyOnboarding/Personal/PartyRequiredDocument/DocumentCategory'&#xD;
&#xD;
2019-08-22 09:20:38 - [MESSAGE][PASSED] - Delayed 1 second(s)&#xD;
&#xD;
2019-08-22 09:20:38 - [MESSAGE][PASSED] - Object 'Object Repository/PartyOnboarding/Personal/PartyRequiredDocument/Document Type' is visible&#xD;
&#xD;
2019-08-22 09:20:40 - [MESSAGE][PASSED] - Keys 'TAB + VALID VISA COPY OF AUTH. SIGNATORY(FOREIGNER)' sent to object: 'Object Repository/PartyOnboarding/Personal/PartyRequiredDocument/Document Type'&#xD;
&#xD;
2019-08-22 09:20:41 - [MESSAGE][PASSED] - Delayed 1 second(s)&#xD;
&#xD;
2019-08-22 09:20:41 - [MESSAGE][PASSED] - Object 'Object Repository/PartyOnboarding/Personal/PartyRequiredDocument/Issuing Country' is visible&#xD;
&#xD;
2019-08-22 09:20:41 - [MESSAGE][PASSED] - Keys 'Myanmar' sent to object: 'Object Repository/PartyOnboarding/Personal/PartyRequiredDocument/Issuing Country'&#xD;
&#xD;
2019-08-22 09:20:42 - [MESSAGE][PASSED] - Delayed 1 second(s)&#xD;
&#xD;
2019-08-22 09:20:42 - [MESSAGE][PASSED] - Object 'Object Repository/PartyOnboarding/Personal/PartyRequiredDocument/Document Verified' is visible&#xD;
&#xD;
2019-08-22 09:20:43 - [MESSAGE][PASSED] - Keys 'TAB + TRUE' sent to object: 'Object Repository/PartyOnboarding/Personal/PartyRequiredDocument/Document Verified'&#xD;
&#xD;
2019-08-22 09:20:43 - [MESSAGE][PASSED] - Object 'Object Repository/PartyOnboarding/Personal/PartyRequiredDocument/Save Row' is visible&#xD;
&#xD;
2019-08-22 09:20:43 - [MESSAGE][PASSED] - Execute JavaScript 'arguments[0].click();' successfully&#xD;
&#xD;
2019-08-22 09:20:43 - [MESSAGE][PASSED] - Object 'Object Repository/PartyOnboarding/Personal/PartyRequiredDocument/ddl_DocumentsCollectionStatus' is visible&#xD;
&#xD;
2019-08-22 09:20:45 - [MESSAGE][PASSED] - Keys 'Documents collected and validated centrally' sent to object: 'Object Repository/PartyOnboarding/Personal/PartyRequiredDocument/ddl_DocumentsCollectionStatus'&#xD;
&#xD;
2019-08-22 09:20:45 - [TEST_STEP][PASSED] - partyOnboardingEnterprise.clickNextbutton(): Object: 'Object Repository/PartyOnboarding/btn_Next' is clicked on&#xD;
&#xD;
2019-08-22 09:20:45 - [MESSAGE][PASSED] - Object 'Object Repository/PartyOnboarding/btn_Next' is visible&#xD;
&#xD;
2019-08-22 09:20:45 - [MESSAGE][PASSED] - Object: 'Object Repository/PartyOnboarding/btn_Next' is clicked on&#xD;
&#xD;
2019-08-22 09:20:45 - [TEST_STEP][PASSED] - delay(1): Delayed 1 second(s)&#xD;
&#xD;
2019-08-22 09:20:46 - [MESSAGE][PASSED] - Delayed 1 second(s)&#xD;
&#xD;
2019-08-22 09:20:46 - [TEST_STEP][PASSED] - log.logInfo("--- " + " Click Next button ---"): ---  Click Next button ---&#xD;
&#xD;
2019-08-22 09:20:46 - [MESSAGE][INFO] - ---  Click Next button ---&#xD;
&#xD;
2019-08-22 09:20:46 - [TEST_STEP][PASSED] - partyOnboardingEnterprise.clickNextbutton(): Object: 'Object Repository/PartyOnboarding/btn_Next' is clicked on&#xD;
&#xD;
2019-08-22 09:20:46 - [MESSAGE][PASSED] - Object 'Object Repository/PartyOnboarding/btn_Next' is visible&#xD;
&#xD;
2019-08-22 09:20:46 - [MESSAGE][PASSED] - Object: 'Object Repository/PartyOnboarding/btn_Next' is clicked on&#xD;
&#xD;
2019-08-22 09:20:46 - [TEST_STEP][PASSED] - log.logInfo("--- " + " Click Next button ---"): ---  Click Next button ---&#xD;
&#xD;
2019-08-22 09:20:46 - [MESSAGE][INFO] - ---  Click Next button ---&#xD;
&#xD;
2019-08-22 09:20:46 - [TEST_STEP][PASSED] - delay(1): Delayed 1 second(s)&#xD;
&#xD;
2019-08-22 09:20:47 - [MESSAGE][PASSED] - Delayed 1 second(s)&#xD;
&#xD;
2019-08-22 09:20:47 - [TEST_STEP][PASSED] - partyOnboardingEnterprise.clickNextbutton(): Object: 'Object Repository/PartyOnboarding/btn_Next' is clicked on&#xD;
&#xD;
2019-08-22 09:20:47 - [MESSAGE][PASSED] - Object 'Object Repository/PartyOnboarding/btn_Next' is visible&#xD;
&#xD;
2019-08-22 09:20:47 - [MESSAGE][PASSED] - Object: 'Object Repository/PartyOnboarding/btn_Next' is clicked on&#xD;
&#xD;
2019-08-22 09:20:47 - [TEST_STEP][PASSED] - log.logInfo("--- " + " Click Process on Warning box ---"): ---  Click Process on Warning box ---&#xD;
&#xD;
2019-08-22 09:20:47 - [MESSAGE][INFO] - ---  Click Process on Warning box ---&#xD;
&#xD;
2019-08-22 09:20:47 - [TEST_STEP][PASSED] - partyOnboardingEnterprise.clickAskForApprovalbutton(): Object: 'Object Repository/PartyOnboarding/RequestToApproval/AskForApproval_btn' is clicked on&#xD;
&#xD;
2019-08-22 09:20:48 - [MESSAGE][PASSED] - Object 'Object Repository/PartyOnboarding/RequestToApproval/AskForApproval_btn' is visible&#xD;
&#xD;
2019-08-22 09:20:48 - [MESSAGE][PASSED] - Object: 'Object Repository/PartyOnboarding/RequestToApproval/AskForApproval_btn' is clicked on</system-out>
            <system-err></system-err>
        </testcase>
        <testcase name="Test Cases/DataPreparation/PartyOnboardingEnterprise" classname="Test Cases/DataPreparation/PartyOnboardingEnterprise" status="PASSED">
            <system-out>2019-08-22 09:20:48 - [TEST_CASE][PASSED] - Test Cases/DataPreparation/PartyOnboardingEnterprise: Test Cases/DataPreparation/PartyOnboardingEnterprise&#xD;
&#xD;
2019-08-22 09:20:48 - [TEST_STEP][PASSED] - Start listener action : sampleBeforeTestCase: null&#xD;
&#xD;
2019-08-22 09:20:48 - [TEST_STEP][PASSED] - testCaseID = testCaseContext.getTestCaseId(): null&#xD;
&#xD;
2019-08-22 09:20:48 - [TEST_STEP][PASSED] - log = new com.kms.katalon.core.util.KeywordUtil(): null&#xD;
&#xD;
2019-08-22 09:20:48 - [TEST_STEP][PASSED] - partyOnboardingEnterprise = new pageObjects.PartyOnboarding(): null&#xD;
&#xD;
2019-08-22 09:20:48 - [TEST_STEP][PASSED] - delay(3): Delayed 3 second(s)&#xD;
&#xD;
2019-08-22 09:20:51 - [MESSAGE][PASSED] - Delayed 3 second(s)&#xD;
&#xD;
2019-08-22 09:20:51 - [TEST_STEP][PASSED] - log.logInfo("--- Open Party Onboarding in Menu Search ---"): --- Open Party Onboarding in Menu Search ---&#xD;
&#xD;
2019-08-22 09:20:51 - [MESSAGE][INFO] - --- Open Party Onboarding in Menu Search ---&#xD;
&#xD;
2019-08-22 09:20:51 - [TEST_STEP][PASSED] - partyOnboardingEnterprise.inputPartyOnboardingMenuSearch(): Object 'menuSearch_txt' is present&#xD;
&#xD;
2019-08-22 09:20:51 - [MESSAGE][PASSED] - Object 'Object Repository/Menu_Search' is visible&#xD;
&#xD;
2019-08-22 09:20:51 - [MESSAGE][PASSED] - Keys 'ENTER + Party Onboarding' sent to object: 'Object Repository/Menu_Search'&#xD;
&#xD;
2019-08-22 09:20:51 - [MESSAGE][PASSED] - Object 'menuSearch_txt' is present&#xD;
&#xD;
2019-08-22 09:20:51 - [TEST_STEP][PASSED] - log.logInfo("/---------------Party Onboarding---------------/"): /---------------Party Onboarding---------------/&#xD;
&#xD;
2019-08-22 09:20:51 - [MESSAGE][INFO] - /---------------Party Onboarding---------------/&#xD;
&#xD;
2019-08-22 09:20:51 - [TEST_STEP][PASSED] - log.logInfo("--- Input Local Global ---"): --- Input Local Global ---&#xD;
&#xD;
2019-08-22 09:20:51 - [MESSAGE][INFO] - --- Input Local Global ---&#xD;
&#xD;
2019-08-22 09:20:51 - [TEST_STEP][PASSED] - partyOnboardingEnterprise.inputLocalGlobal(s01_localglobal): Keys 'Local Private' sent to object: 'Object Repository/PartyOnboarding/PartyOnboarding/Local Global'&#xD;
&#xD;
2019-08-22 09:20:52 - [MESSAGE][PASSED] - Text of object 'Object Repository/PartyOnboarding/PartyOnboarding/Local Global' is cleared&#xD;
&#xD;
2019-08-22 09:20:52 - [MESSAGE][PASSED] - Object 'Object Repository/PartyOnboarding/PartyOnboarding/Local Global' is visible&#xD;
&#xD;
2019-08-22 09:20:53 - [MESSAGE][PASSED] - Object 'Object Repository/PartyOnboarding/PartyOnboarding/Local Global' is visible&#xD;
&#xD;
2019-08-22 09:20:53 - [MESSAGE][PASSED] - Keys 'Local Private' sent to object: 'Object Repository/PartyOnboarding/PartyOnboarding/Local Global'&#xD;
&#xD;
2019-08-22 09:20:53 - [TEST_STEP][PASSED] - log.logInfo("--- Input Party Type ---"): --- Input Party Type ---&#xD;
&#xD;
2019-08-22 09:20:53 - [MESSAGE][INFO] - --- Input Party Type ---&#xD;
&#xD;
2019-08-22 09:20:53 - [TEST_STEP][PASSED] - partyOnboardingEnterprise.inputPartyType(s01_partytype): Keys 'TAB + Enterprise' sent to object: 'Object Repository/PartyOnboarding/PartyOnboarding/Party Type'&#xD;
&#xD;
2019-08-22 09:20:53 - [MESSAGE][PASSED] - Object 'Object Repository/PartyOnboarding/PartyOnboarding/Party Type' is visible&#xD;
&#xD;
2019-08-22 09:20:53 - [MESSAGE][PASSED] - Keys 'TAB + Enterprise' sent to object: 'Object Repository/PartyOnboarding/PartyOnboarding/Party Type'&#xD;
&#xD;
2019-08-22 09:20:53 - [TEST_STEP][PASSED] - log.logInfo("--- Input Party Sub Type ---"): --- Input Party Sub Type ---&#xD;
&#xD;
2019-08-22 09:20:53 - [MESSAGE][INFO] - --- Input Party Sub Type ---&#xD;
&#xD;
2019-08-22 09:20:53 - [TEST_STEP][PASSED] - partyOnboardingEnterprise.inputPartySubType(s01_partysubtype): Keys 'PRIVATE/PUBLIC/PUBLIC LISTED COMPANY (MYANMAR)' sent to object: 'Object Repository/PartyOnboarding/PartyOnboarding/Party Sub-Type'&#xD;
&#xD;
2019-08-22 09:20:54 - [MESSAGE][PASSED] - Delayed 1 second(s)&#xD;
&#xD;
2019-08-22 09:20:54 - [MESSAGE][PASSED] - Object 'Object Repository/PartyOnboarding/PartyOnboarding/Party Type' is visible&#xD;
&#xD;
2019-08-22 09:20:55 - [MESSAGE][PASSED] - Keys 'PRIVATE/PUBLIC/PUBLIC LISTED COMPANY (MYANMAR)' sent to object: 'Object Repository/PartyOnboarding/PartyOnboarding/Party Sub-Type'&#xD;
&#xD;
2019-08-22 09:20:55 - [TEST_STEP][PASSED] - log.logInfo("--- Input Party Category ---"): --- Input Party Category ---&#xD;
&#xD;
2019-08-22 09:20:55 - [MESSAGE][INFO] - --- Input Party Category ---&#xD;
&#xD;
2019-08-22 09:20:55 - [TEST_STEP][PASSED] - partyOnboardingEnterprise.inputPartyCategory(s01_partycategory): Keys 'Full' sent to object: 'Object Repository/PartyOnboarding/PartyOnboarding/Party Category'&#xD;
&#xD;
2019-08-22 09:20:55 - [MESSAGE][PASSED] - Object 'Object Repository/PartyOnboarding/PartyOnboarding/Party Category' is visible&#xD;
&#xD;
2019-08-22 09:20:55 - [MESSAGE][PASSED] - Keys 'Full' sent to object: 'Object Repository/PartyOnboarding/PartyOnboarding/Party Category'&#xD;
&#xD;
2019-08-22 09:20:55 - [TEST_STEP][PASSED] - log.logInfo("--- Check Line of Business ---"): --- Check Line of Business ---&#xD;
&#xD;
2019-08-22 09:20:55 - [MESSAGE][INFO] - --- Check Line of Business ---&#xD;
&#xD;
2019-08-22 09:20:55 - [TEST_STEP][PASSED] - partyOnboardingEnterprise.clickLineofBusiness(s01_lineofbusiness, findTestObject("PartyOnboarding/PartyOnboarding/div_Core Banking")): Object 'Object Repository/PartyOnboarding/PartyOnboarding/LineofBusiness_List' is checked&#xD;
&#xD;
2019-08-22 09:20:56 - [MESSAGE][PASSED] - Object 'Object Repository/PartyOnboarding/PartyOnboarding/div_Core Banking' is visible&#xD;
&#xD;
2019-08-22 09:20:56 - [MESSAGE][PASSED] - Attribute 'aria-checked' of object 'Object Repository/PartyOnboarding/PartyOnboarding/div_Core Banking' is: 'true'&#xD;
&#xD;
2019-08-22 09:20:56 - [MESSAGE][PASSED] - Object 'Object Repository/PartyOnboarding/PartyOnboarding/chk_SelectAllLineOfBusiness' is visible&#xD;
&#xD;
2019-08-22 09:20:56 - [MESSAGE][PASSED] - Attribute 'aria-checked' of object 'Object Repository/PartyOnboarding/PartyOnboarding/chk_SelectAllLineOfBusiness' is: 'true'&#xD;
&#xD;
2019-08-22 09:20:56 - [MESSAGE][PASSED] - Object 'Object Repository/PartyOnboarding/PartyOnboarding/LineofBusiness_List' is visible&#xD;
&#xD;
2019-08-22 09:20:56 - [MESSAGE][PASSED] - Attribute 'aria-checked' of object 'Object Repository/PartyOnboarding/PartyOnboarding/LineofBusiness_List' is: 'true'&#xD;
&#xD;
2019-08-22 09:20:56 - [MESSAGE][PASSED] - Object 'Object Repository/PartyOnboarding/PartyOnboarding/LineofBusiness_List' is visible&#xD;
&#xD;
2019-08-22 09:20:56 - [MESSAGE][PASSED] - Attribute 'aria-checked' of object 'Object Repository/PartyOnboarding/PartyOnboarding/LineofBusiness_List' is: 'true'&#xD;
&#xD;
2019-08-22 09:20:56 - [MESSAGE][PASSED] - Object 'Object Repository/PartyOnboarding/PartyOnboarding/chk_SelectAllLineOfBusiness' is visible&#xD;
&#xD;
2019-08-22 09:20:56 - [MESSAGE][PASSED] - Attribute 'aria-checked' of object 'Object Repository/PartyOnboarding/PartyOnboarding/chk_SelectAllLineOfBusiness' is: 'true'&#xD;
&#xD;
2019-08-22 09:20:56 - [MESSAGE][PASSED] - Object 'Object Repository/PartyOnboarding/PartyOnboarding/chk_SelectAllLineOfBusiness' is checked&#xD;
&#xD;
2019-08-22 09:20:56 - [MESSAGE][PASSED] - Object 'Object Repository/PartyOnboarding/PartyOnboarding/div_Core Banking' is visible&#xD;
&#xD;
2019-08-22 09:20:56 - [MESSAGE][PASSED] - Attribute 'aria-checked' of object 'Object Repository/PartyOnboarding/PartyOnboarding/div_Core Banking' is: 'false'&#xD;
&#xD;
2019-08-22 09:20:56 - [MESSAGE][PASSED] - Object 'Object Repository/PartyOnboarding/PartyOnboarding/div_Core Banking' is checked&#xD;
&#xD;
2019-08-22 09:20:56 - [MESSAGE][PASSED] - Object 'Object Repository/PartyOnboarding/PartyOnboarding/LineofBusiness_List' is visible&#xD;
&#xD;
2019-08-22 09:20:56 - [MESSAGE][PASSED] - Attribute 'aria-checked' of object 'Object Repository/PartyOnboarding/PartyOnboarding/LineofBusiness_List' is: 'false'&#xD;
&#xD;
2019-08-22 09:20:56 - [MESSAGE][PASSED] - Object 'Object Repository/PartyOnboarding/PartyOnboarding/LineofBusiness_List' is checked&#xD;
&#xD;
2019-08-22 09:20:56 - [TEST_STEP][PASSED] - log.logInfo("--- Click Next to Party Check List  ---"): --- Click Next to Party Check List  ---&#xD;
&#xD;
2019-08-22 09:20:56 - [MESSAGE][INFO] - --- Click Next to Party Check List  ---&#xD;
&#xD;
2019-08-22 09:20:56 - [TEST_STEP][PASSED] - partyOnboardingEnterprise.clickNextbutton(): Object: 'Object Repository/PartyOnboarding/btn_Next' is clicked on&#xD;
&#xD;
2019-08-22 09:20:56 - [MESSAGE][PASSED] - Object 'Object Repository/PartyOnboarding/btn_Next' is visible&#xD;
&#xD;
2019-08-22 09:20:56 - [MESSAGE][PASSED] - Object: 'Object Repository/PartyOnboarding/btn_Next' is clicked on&#xD;
&#xD;
2019-08-22 09:20:56 - [TEST_STEP][PASSED] - delay(1): Delayed 1 second(s)&#xD;
&#xD;
2019-08-22 09:20:57 - [MESSAGE][PASSED] - Delayed 1 second(s)&#xD;
&#xD;
2019-08-22 09:20:57 - [TEST_STEP][PASSED] - partyOnboardingEnterprise.clickNextbutton(): Object: 'Object Repository/PartyOnboarding/btn_Next' is clicked on&#xD;
&#xD;
2019-08-22 09:20:57 - [MESSAGE][PASSED] - Object 'Object Repository/PartyOnboarding/btn_Next' is visible&#xD;
&#xD;
2019-08-22 09:20:57 - [MESSAGE][PASSED] - Object: 'Object Repository/PartyOnboarding/btn_Next' is clicked on&#xD;
&#xD;
2019-08-22 09:20:57 - [TEST_STEP][PASSED] - log.logInfo("/---------------Pre-Existence Check---------------/"): /---------------Pre-Existence Check---------------/&#xD;
&#xD;
2019-08-22 09:20:57 - [MESSAGE][INFO] - /---------------Pre-Existence Check---------------/&#xD;
&#xD;
2019-08-22 09:20:57 - [TEST_STEP][PASSED] - partyOnboardingEnterprise.inputEnterpriseName(s02_enterpriseName): Keys 'Enterprise 0000003' sent to object: 'Object Repository/PartyOnboarding/Enterprise/PreExistenceCheck/txt_EnterpriseName'&#xD;
&#xD;
2019-08-22 09:20:58 - [MESSAGE][PASSED] - Object 'Object Repository/PartyOnboarding/Enterprise/PreExistenceCheck/txt_EnterpriseName' is visible&#xD;
&#xD;
2019-08-22 09:20:58 - [MESSAGE][PASSED] - Keys 'Enterprise 0000003' sent to object: 'Object Repository/PartyOnboarding/Enterprise/PreExistenceCheck/txt_EnterpriseName'&#xD;
&#xD;
2019-08-22 09:20:58 - [TEST_STEP][PASSED] - partyOnboardingEnterprise.inputRegistration(): Keys 'brPe6ZeO' sent to object: 'Object Repository/PartyOnboarding/Enterprise/PreExistenceCheck/txt_Registration'&#xD;
&#xD;
2019-08-22 09:20:58 - [MESSAGE][PASSED] - Object 'Object Repository/PartyOnboarding/Enterprise/PreExistenceCheck/txt_Registration' is visible&#xD;
&#xD;
2019-08-22 09:20:58 - [MESSAGE][PASSED] - Keys 'brPe6ZeO' sent to object: 'Object Repository/PartyOnboarding/Enterprise/PreExistenceCheck/txt_Registration'&#xD;
&#xD;
2019-08-22 09:20:58 - [TEST_STEP][PASSED] - partyOnboardingEnterprise.clickNextbutton(): Object: 'Object Repository/PartyOnboarding/btn_Next' is clicked on&#xD;
&#xD;
2019-08-22 09:20:58 - [MESSAGE][PASSED] - Object 'Object Repository/PartyOnboarding/btn_Next' is visible&#xD;
&#xD;
2019-08-22 09:20:59 - [MESSAGE][PASSED] - Object: 'Object Repository/PartyOnboarding/btn_Next' is clicked on&#xD;
&#xD;
2019-08-22 09:20:59 - [TEST_STEP][PASSED] - log.logInfo("/--------------- Party Onboarding---------------/"): /--------------- Party Onboarding---------------/&#xD;
&#xD;
2019-08-22 09:20:59 - [MESSAGE][INFO] - /--------------- Party Onboarding---------------/&#xD;
&#xD;
2019-08-22 09:20:59 - [TEST_STEP][PASSED] - partyOnboardingEnterprise.inputPartyId(): Web element with id: 'Object Repository/PartyOnboarding/Personal/PersonalParty/Message/pop_ErrorDuplicatePartyID' located by 'By.xpath: //textarea[@name='03messages']' not found&#xD;
&#xD;
2019-08-22 09:21:00 - [MESSAGE][PASSED] - Object 'Object Repository/PartyOnboarding/Personal/PersonalParty/txt_PartyID' is visible&#xD;
&#xD;
2019-08-22 09:21:00 - [MESSAGE][PASSED] - Object 'Object Repository/PartyOnboarding/Personal/PersonalParty/txt_PartyID' is visible&#xD;
&#xD;
2019-08-22 09:21:00 - [MESSAGE][PASSED] - Keys 'TAB + kmEBJ4SA' sent to object: 'Object Repository/PartyOnboarding/Personal/PersonalParty/txt_PartyID'&#xD;
&#xD;
2019-08-22 09:21:31 - [MESSAGE][INFO] - Unable to find the element located by 'By.xpath: //textarea[@name='03messages']'. Please recheck the objects properties to make sure the desired element is located. &#xD;
&#xD;
2019-08-22 09:21:31 - [MESSAGE][WARNING] - Web element with id: 'Object Repository/PartyOnboarding/Personal/PersonalParty/Message/pop_ErrorDuplicatePartyID' located by 'By.xpath: //textarea[@name='03messages']' not found&#xD;
&#xD;
2019-08-22 09:21:31 - [TEST_STEP][PASSED] - partyOnboardingEnterprise.inputShortNameEnterprise(s03_shortName): Keys 'TAB + Enterprise' sent to object: 'Object Repository/PartyOnboarding/Enterprise/EnterpriseParty/Short Name_txt'&#xD;
&#xD;
2019-08-22 09:21:31 - [MESSAGE][PASSED] - Object 'Object Repository/PartyOnboarding/Enterprise/EnterpriseParty/Short Name_txt' is visible&#xD;
&#xD;
2019-08-22 09:21:32 - [MESSAGE][PASSED] - Keys 'TAB + Enterprise' sent to object: 'Object Repository/PartyOnboarding/Enterprise/EnterpriseParty/Short Name_txt'&#xD;
&#xD;
2019-08-22 09:21:32 - [TEST_STEP][PASSED] - partyOnboardingEnterprise.clickNextbutton(): Object: 'Object Repository/PartyOnboarding/btn_Next' is clicked on&#xD;
&#xD;
2019-08-22 09:21:32 - [MESSAGE][PASSED] - Object 'Object Repository/PartyOnboarding/btn_Next' is visible&#xD;
&#xD;
2019-08-22 09:21:32 - [MESSAGE][PASSED] - Object: 'Object Repository/PartyOnboarding/btn_Next' is clicked on&#xD;
&#xD;
2019-08-22 09:21:32 - [TEST_STEP][PASSED] - partyOnboardingEnterprise.clickProcessInWarningBox(): Object: 'Object Repository/PartyOnboarding/Personal/PersonalParty/btn_Warnings_Proceed_NotCapture' is clicked on&#xD;
&#xD;
2019-08-22 09:21:32 - [MESSAGE][PASSED] - Object 'Object Repository/PartyOnboarding/Personal/PersonalParty/btn_Warnings_Proceed_NotCapture' is visible&#xD;
&#xD;
2019-08-22 09:21:33 - [MESSAGE][PASSED] - Object: 'Object Repository/PartyOnboarding/Personal/PersonalParty/btn_Warnings_Proceed_NotCapture' is clicked on&#xD;
&#xD;
2019-08-22 09:21:33 - [TEST_STEP][PASSED] - log.logInfo("/--------------- Party Onboarding - Address---------------/"): /--------------- Party Onboarding - Address---------------/&#xD;
&#xD;
2019-08-22 09:21:33 - [MESSAGE][INFO] - /--------------- Party Onboarding - Address---------------/&#xD;
&#xD;
2019-08-22 09:21:33 - [TEST_STEP][PASSED] - partyOnboardingEnterprise.inputRDataForAddressParty(s04_addressType, s04_userForCommunication, s04_validFrom): Execute JavaScript 'arguments[0].click();' successfully&#xD;
&#xD;
2019-08-22 09:21:34 - [MESSAGE][PASSED] - Object 'Object Repository/PartyOnboarding/Personal/PartyAddress/button_New Row_PartyAddress' is visible&#xD;
&#xD;
2019-08-22 09:21:34 - [MESSAGE][PASSED] - Execute JavaScript 'arguments[0].click();' successfully&#xD;
&#xD;
2019-08-22 09:21:34 - [MESSAGE][PASSED] - Object 'Object Repository/PartyOnboarding/Personal/PartyAddress/Address Type' is visible&#xD;
&#xD;
2019-08-22 09:21:34 - [MESSAGE][PASSED] - Keys 'TAB + Home Address' sent to object: 'Object Repository/PartyOnboarding/Personal/PartyAddress/Address Type'&#xD;
&#xD;
2019-08-22 09:21:34 - [MESSAGE][PASSED] - Object 'Object Repository/PartyOnboarding/Personal/PartyAddress/Valid From' is visible&#xD;
&#xD;
2019-08-22 09:21:35 - [MESSAGE][PASSED] - Text of object 'Object Repository/PartyOnboarding/Personal/PartyAddress/Valid From' is cleared&#xD;
&#xD;
2019-08-22 09:21:35 - [MESSAGE][PASSED] - Object 'Object Repository/PartyOnboarding/Personal/PartyAddress/Valid From' is visible&#xD;
&#xD;
2019-08-22 09:21:35 - [MESSAGE][PASSED] - Keys '2018-01-14' sent to object: 'Object Repository/PartyOnboarding/Personal/PartyAddress/Valid From'&#xD;
&#xD;
2019-08-22 09:21:35 - [MESSAGE][PASSED] - Object 'Object Repository/PartyOnboarding/Personal/PartyAddress/chk_Use  for Communication' is present&#xD;
&#xD;
2019-08-22 09:21:35 - [MESSAGE][PASSED] - Attribute 'aria-checked' of object 'Object Repository/PartyOnboarding/Personal/PartyAddress/chk_Use  for Communication' is: 'false'&#xD;
&#xD;
2019-08-22 09:21:35 - [MESSAGE][PASSED] - Object 'Object Repository/PartyOnboarding/Personal/PartyAddress/chk_Use  for Communication' is checked&#xD;
&#xD;
2019-08-22 09:21:35 - [MESSAGE][PASSED] - Object 'Object Repository/PartyOnboarding/Personal/PartyAddress/SaveRow' is visible&#xD;
&#xD;
2019-08-22 09:21:35 - [MESSAGE][PASSED] - Execute JavaScript 'arguments[0].click();' successfully&#xD;
&#xD;
2019-08-22 09:21:35 - [MESSAGE][PASSED] - Object 'Object Repository/PartyOnboarding/Personal/PartyAddress/button_New Row_PartyAddress' is visible&#xD;
&#xD;
2019-08-22 09:21:35 - [MESSAGE][PASSED] - Execute JavaScript 'arguments[0].click();' successfully&#xD;
&#xD;
2019-08-22 09:21:35 - [MESSAGE][PASSED] - Object 'Object Repository/PartyOnboarding/Personal/PartyAddress/Address Type' is visible&#xD;
&#xD;
2019-08-22 09:21:36 - [MESSAGE][PASSED] - Keys 'TAB + Current Address' sent to object: 'Object Repository/PartyOnboarding/Personal/PartyAddress/Address Type'&#xD;
&#xD;
2019-08-22 09:21:36 - [MESSAGE][PASSED] - Object 'Object Repository/PartyOnboarding/Personal/PartyAddress/Valid From' is visible&#xD;
&#xD;
2019-08-22 09:21:36 - [MESSAGE][PASSED] - Text of object 'Object Repository/PartyOnboarding/Personal/PartyAddress/Valid From' is cleared&#xD;
&#xD;
2019-08-22 09:21:36 - [MESSAGE][PASSED] - Object 'Object Repository/PartyOnboarding/Personal/PartyAddress/Valid From' is visible&#xD;
&#xD;
2019-08-22 09:21:36 - [MESSAGE][PASSED] - Keys '2018-01-17' sent to object: 'Object Repository/PartyOnboarding/Personal/PartyAddress/Valid From'&#xD;
&#xD;
2019-08-22 09:21:36 - [MESSAGE][PASSED] - Object 'Object Repository/PartyOnboarding/Personal/PartyAddress/SaveRow' is visible&#xD;
&#xD;
2019-08-22 09:21:36 - [MESSAGE][PASSED] - Execute JavaScript 'arguments[0].click();' successfully&#xD;
&#xD;
2019-08-22 09:21:36 - [MESSAGE][PASSED] - Object 'Object Repository/PartyOnboarding/Personal/PartyAddress/button_New Row_PartyAddress' is visible&#xD;
&#xD;
2019-08-22 09:21:37 - [MESSAGE][PASSED] - Execute JavaScript 'arguments[0].click();' successfully&#xD;
&#xD;
2019-08-22 09:21:37 - [MESSAGE][PASSED] - Object 'Object Repository/PartyOnboarding/Personal/PartyAddress/Address Type' is visible&#xD;
&#xD;
2019-08-22 09:21:37 - [MESSAGE][PASSED] - Keys 'TAB + Office Address' sent to object: 'Object Repository/PartyOnboarding/Personal/PartyAddress/Address Type'&#xD;
&#xD;
2019-08-22 09:21:37 - [MESSAGE][PASSED] - Object 'Object Repository/PartyOnboarding/Personal/PartyAddress/Valid From' is visible&#xD;
&#xD;
2019-08-22 09:21:37 - [MESSAGE][PASSED] - Text of object 'Object Repository/PartyOnboarding/Personal/PartyAddress/Valid From' is cleared&#xD;
&#xD;
2019-08-22 09:21:37 - [MESSAGE][PASSED] - Object 'Object Repository/PartyOnboarding/Personal/PartyAddress/Valid From' is visible&#xD;
&#xD;
2019-08-22 09:21:38 - [MESSAGE][PASSED] - Keys '2017-01-17' sent to object: 'Object Repository/PartyOnboarding/Personal/PartyAddress/Valid From'&#xD;
&#xD;
2019-08-22 09:21:38 - [MESSAGE][PASSED] - Object 'Object Repository/PartyOnboarding/Personal/PartyAddress/SaveRow' is visible&#xD;
&#xD;
2019-08-22 09:21:38 - [MESSAGE][PASSED] - Execute JavaScript 'arguments[0].click();' successfully&#xD;
&#xD;
2019-08-22 09:21:38 - [TEST_STEP][PASSED] - partyOnboardingEnterprise.clickNextbutton(): Object: 'Object Repository/PartyOnboarding/btn_Next' is clicked on&#xD;
&#xD;
2019-08-22 09:21:38 - [MESSAGE][PASSED] - Object 'Object Repository/PartyOnboarding/btn_Next' is visible&#xD;
&#xD;
2019-08-22 09:21:38 - [MESSAGE][PASSED] - Object: 'Object Repository/PartyOnboarding/btn_Next' is clicked on&#xD;
&#xD;
2019-08-22 09:21:38 - [TEST_STEP][PASSED] - partyOnboardingEnterprise.inputDataForPartyContacts(s05_contactMethod, s05_contactTypeLocation, s05_contactCountryCode, s05_contactAreaCode, s05_contactNumber, s05_contactEmail, s05_confirmEmail, s05_validFrom): Execute JavaScript 'arguments[0].click();' successfully&#xD;
&#xD;
2019-08-22 09:21:39 - [MESSAGE][PASSED] - Object 'Object Repository/PartyOnboarding/Personal/PartyContacts/New Row' is visible&#xD;
&#xD;
2019-08-22 09:21:39 - [MESSAGE][PASSED] - Execute JavaScript 'arguments[0].click();' successfully&#xD;
&#xD;
2019-08-22 09:21:40 - [MESSAGE][PASSED] - Delayed 1 second(s)&#xD;
&#xD;
2019-08-22 09:21:40 - [MESSAGE][PASSED] - Object 'Object Repository/PartyOnboarding/Personal/PartyContacts/Contact Method' is visible&#xD;
&#xD;
2019-08-22 09:21:40 - [MESSAGE][PASSED] - Keys 'TAB + Telephone' sent to object: 'Object Repository/PartyOnboarding/Personal/PartyContacts/Contact Method'&#xD;
&#xD;
2019-08-22 09:21:41 - [MESSAGE][PASSED] - Delayed 1 second(s)&#xD;
&#xD;
2019-08-22 09:21:41 - [MESSAGE][PASSED] - Object 'Object Repository/PartyOnboarding/Personal/PartyContacts/Contact Type  Location' is visible&#xD;
&#xD;
2019-08-22 09:21:41 - [MESSAGE][PASSED] - Keys 'TAB + Personal' sent to object: 'Object Repository/PartyOnboarding/Personal/PartyContacts/Contact Type  Location'&#xD;
&#xD;
2019-08-22 09:21:41 - [MESSAGE][PASSED] - Object 'Object Repository/PartyOnboarding/Personal/PartyContacts/Contact Email' is visible&#xD;
&#xD;
2019-08-22 09:21:41 - [MESSAGE][PASSED] - Object 'Object Repository/PartyOnboarding/Personal/PartyContacts/Contact Email' has attribute 'readonly'&#xD;
&#xD;
2019-08-22 09:21:42 - [MESSAGE][PASSED] - Object 'Object Repository/PartyOnboarding/Personal/PartyContacts/Contact Number_03_Code' is visible&#xD;
&#xD;
2019-08-22 09:21:42 - [MESSAGE][PASSED] - Text of object 'Object Repository/PartyOnboarding/Personal/PartyContacts/Contact Number_03_Code' is cleared&#xD;
&#xD;
2019-08-22 09:21:42 - [MESSAGE][PASSED] - Object 'Object Repository/PartyOnboarding/Personal/PartyContacts/Contact Number_03_Code' is visible&#xD;
&#xD;
2019-08-22 09:21:42 - [MESSAGE][PASSED] - Keys '+95' sent to object: 'Object Repository/PartyOnboarding/Personal/PartyContacts/Contact Number_03_Code'&#xD;
&#xD;
2019-08-22 09:21:42 - [MESSAGE][PASSED] - Object 'Object Repository/PartyOnboarding/Personal/PartyContacts/Contact Number_AreaCode' is visible&#xD;
&#xD;
2019-08-22 09:21:42 - [MESSAGE][PASSED] - Keys '' sent to object: 'Object Repository/PartyOnboarding/Personal/PartyContacts/Contact Number_AreaCode'&#xD;
&#xD;
2019-08-22 09:21:42 - [MESSAGE][PASSED] - Object 'Object Repository/PartyOnboarding/Personal/PartyContacts/Contact Number_Number' is visible&#xD;
&#xD;
2019-08-22 09:21:42 - [MESSAGE][PASSED] - Keys '9697989903' sent to object: 'Object Repository/PartyOnboarding/Personal/PartyContacts/Contact Number_Number'&#xD;
&#xD;
2019-08-22 09:21:42 - [MESSAGE][PASSED] - Object 'Object Repository/PartyOnboarding/Personal/PartyContacts/Contact Number_03_Code' is visible&#xD;
&#xD;
2019-08-22 09:21:43 - [MESSAGE][WARNING] - Object 'Object Repository/PartyOnboarding/Personal/PartyContacts/Contact Number_03_Code' does not have attribute 'readonly' (Root cause: com.kms.katalon.core.exception.StepFailedException: Object 'Object Repository/PartyOnboarding/Personal/PartyContacts/Contact Number_03_Code' does not have attribute 'readonly'&#xD;
	at com.kms.katalon.core.webui.keyword.internal.WebUIKeywordMain.stepFailed(WebUIKeywordMain.groovy:64)&#xD;
	at com.kms.katalon.core.webui.keyword.builtin.VerifyElementHasAttributeKeyword$_verifyElementHasAttribute_closure1.doCall(VerifyElementHasAttributeKeyword.groovy:89)&#xD;
	at com.kms.katalon.core.webui.keyword.builtin.VerifyElementHasAttributeKeyword$_verifyElementHasAttribute_closure1.call(VerifyElementHasAttributeKeyword.groovy)&#xD;
	at com.kms.katalon.core.webui.keyword.internal.WebUIKeywordMain.runKeyword(WebUIKeywordMain.groovy:20)&#xD;
	at com.kms.katalon.core.webui.keyword.builtin.VerifyElementHasAttributeKeyword.verifyElementHasAttribute(VerifyElementHasAttributeKeyword.groovy:100)&#xD;
	at com.kms.katalon.core.webui.keyword.builtin.VerifyElementHasAttributeKeyword.execute(VerifyElementHasAttributeKeyword.groovy:69)&#xD;
	at com.kms.katalon.core.keyword.internal.KeywordExecutor.executeKeywordForPlatform(KeywordExecutor.groovy:56)&#xD;
	at com.kms.katalon.core.webui.keyword.WebUiBuiltInKeywords.verifyElementHasAttribute(WebUiBuiltInKeywords.groovy:3166)&#xD;
	at com.kms.katalon.core.webui.keyword.WebUiBuiltInKeywords$verifyElementHasAttribute$11.call(Unknown Source)&#xD;
	at pageObjects.PartyOnboarding.inputDataForPartyContacts(PartyOnboarding.groovy:736)&#xD;
	at PartyOnboardingEnterprise.run(PartyOnboardingEnterprise:61)&#xD;
	at com.kms.katalon.core.main.ScriptEngine.run(ScriptEngine.java:194)&#xD;
	at com.kms.katalon.core.main.ScriptEngine.runScriptAsRawText(ScriptEngine.java:119)&#xD;
	at com.kms.katalon.core.main.TestCaseExecutor.runScript(TestCaseExecutor.java:337)&#xD;
	at com.kms.katalon.core.main.TestCaseExecutor.doExecute(TestCaseExecutor.java:328)&#xD;
	at com.kms.katalon.core.main.TestCaseExecutor.processExecutionPhase(TestCaseExecutor.java:307)&#xD;
	at com.kms.katalon.core.main.TestCaseExecutor.accessMainPhase(TestCaseExecutor.java:299)&#xD;
	at com.kms.katalon.core.main.TestCaseExecutor.execute(TestCaseExecutor.java:233)&#xD;
	at com.kms.katalon.core.main.TestSuiteExecutor.accessTestCaseMainPhase(TestSuiteExecutor.java:133)&#xD;
	at com.kms.katalon.core.main.TestSuiteExecutor.accessTestSuiteMainPhase(TestSuiteExecutor.java:116)&#xD;
	at com.kms.katalon.core.main.TestSuiteExecutor.execute(TestSuiteExecutor.java:83)&#xD;
	at com.kms.katalon.core.main.TestCaseMain.startTestSuite(TestCaseMain.java:157)&#xD;
	at com.kms.katalon.core.main.TestCaseMain$startTestSuite$0.call(Unknown Source)&#xD;
	at TempTestSuite1566441935163.run(TempTestSuite1566441935163.groovy:35)&#xD;
)&#xD;
[[ATTACHMENT|C:\\ML\\JITS\\AYA\\Automation\\FBE\\FBE\\Reports\\DataPreparation\\PartyOnboardingPersonal\\20190822_091535\\1566442302800.png]]&#xD;
&#xD;
2019-08-22 09:21:43 - [MESSAGE][PASSED] - Object 'Object Repository/PartyOnboarding/Personal/PartyContacts/Valid From' is visible&#xD;
&#xD;
2019-08-22 09:21:43 - [MESSAGE][PASSED] - Text of object 'Object Repository/PartyOnboarding/Personal/PartyContacts/Valid From' is cleared&#xD;
&#xD;
2019-08-22 09:21:43 - [MESSAGE][PASSED] - Object 'Object Repository/PartyOnboarding/Personal/PartyContacts/Valid From' is visible&#xD;
&#xD;
2019-08-22 09:21:43 - [MESSAGE][PASSED] - Keys '2018-12-20' sent to object: 'Object Repository/PartyOnboarding/Personal/PartyContacts/Valid From'&#xD;
&#xD;
2019-08-22 09:21:43 - [MESSAGE][PASSED] - Object 'Object Repository/PartyOnboarding/Personal/PartyContacts/Save Row' is visible&#xD;
&#xD;
2019-08-22 09:21:43 - [MESSAGE][PASSED] - Execute JavaScript 'arguments[0].click();' successfully&#xD;
&#xD;
2019-08-22 09:21:43 - [MESSAGE][PASSED] - Object 'Object Repository/PartyOnboarding/Personal/PartyContacts/New Row' is visible&#xD;
&#xD;
2019-08-22 09:21:43 - [MESSAGE][PASSED] - Execute JavaScript 'arguments[0].click();' successfully&#xD;
&#xD;
2019-08-22 09:21:44 - [MESSAGE][PASSED] - Delayed 1 second(s)&#xD;
&#xD;
2019-08-22 09:21:44 - [MESSAGE][PASSED] - Object 'Object Repository/PartyOnboarding/Personal/PartyContacts/Contact Method' is visible&#xD;
&#xD;
2019-08-22 09:21:45 - [MESSAGE][PASSED] - Keys 'TAB + Mobile' sent to object: 'Object Repository/PartyOnboarding/Personal/PartyContacts/Contact Method'&#xD;
&#xD;
2019-08-22 09:21:46 - [MESSAGE][PASSED] - Delayed 1 second(s)&#xD;
&#xD;
2019-08-22 09:21:46 - [MESSAGE][PASSED] - Object 'Object Repository/PartyOnboarding/Personal/PartyContacts/Contact Type  Location' is visible&#xD;
&#xD;
2019-08-22 09:21:46 - [MESSAGE][PASSED] - Keys 'TAB + Work' sent to object: 'Object Repository/PartyOnboarding/Personal/PartyContacts/Contact Type  Location'&#xD;
&#xD;
2019-08-22 09:21:46 - [MESSAGE][PASSED] - Object 'Object Repository/PartyOnboarding/Personal/PartyContacts/Contact Email' is visible&#xD;
&#xD;
2019-08-22 09:21:46 - [MESSAGE][PASSED] - Object 'Object Repository/PartyOnboarding/Personal/PartyContacts/Contact Email' has attribute 'readonly'&#xD;
&#xD;
2019-08-22 09:21:46 - [MESSAGE][PASSED] - Object 'Object Repository/PartyOnboarding/Personal/PartyContacts/Contact Number_03_Code' is visible&#xD;
&#xD;
2019-08-22 09:21:46 - [MESSAGE][PASSED] - Text of object 'Object Repository/PartyOnboarding/Personal/PartyContacts/Contact Number_03_Code' is cleared&#xD;
&#xD;
2019-08-22 09:21:46 - [MESSAGE][PASSED] - Object 'Object Repository/PartyOnboarding/Personal/PartyContacts/Contact Number_03_Code' is visible&#xD;
&#xD;
2019-08-22 09:21:46 - [MESSAGE][PASSED] - Keys '+1' sent to object: 'Object Repository/PartyOnboarding/Personal/PartyContacts/Contact Number_03_Code'&#xD;
&#xD;
2019-08-22 09:21:46 - [MESSAGE][PASSED] - Object 'Object Repository/PartyOnboarding/Personal/PartyContacts/Contact Number_AreaCode' is visible&#xD;
&#xD;
2019-08-22 09:21:46 - [MESSAGE][PASSED] - Keys '' sent to object: 'Object Repository/PartyOnboarding/Personal/PartyContacts/Contact Number_AreaCode'&#xD;
&#xD;
2019-08-22 09:21:46 - [MESSAGE][PASSED] - Object 'Object Repository/PartyOnboarding/Personal/PartyContacts/Contact Number_Number' is visible&#xD;
&#xD;
2019-08-22 09:21:47 - [MESSAGE][PASSED] - Keys '9697989901' sent to object: 'Object Repository/PartyOnboarding/Personal/PartyContacts/Contact Number_Number'&#xD;
&#xD;
2019-08-22 09:21:47 - [MESSAGE][PASSED] - Object 'Object Repository/PartyOnboarding/Personal/PartyContacts/Contact Number_03_Code' is visible&#xD;
&#xD;
2019-08-22 09:21:47 - [MESSAGE][WARNING] - Object 'Object Repository/PartyOnboarding/Personal/PartyContacts/Contact Number_03_Code' does not have attribute 'readonly' (Root cause: com.kms.katalon.core.exception.StepFailedException: Object 'Object Repository/PartyOnboarding/Personal/PartyContacts/Contact Number_03_Code' does not have attribute 'readonly'&#xD;
	at com.kms.katalon.core.webui.keyword.internal.WebUIKeywordMain.stepFailed(WebUIKeywordMain.groovy:64)&#xD;
	at com.kms.katalon.core.webui.keyword.builtin.VerifyElementHasAttributeKeyword$_verifyElementHasAttribute_closure1.doCall(VerifyElementHasAttributeKeyword.groovy:89)&#xD;
	at com.kms.katalon.core.webui.keyword.builtin.VerifyElementHasAttributeKeyword$_verifyElementHasAttribute_closure1.call(VerifyElementHasAttributeKeyword.groovy)&#xD;
	at com.kms.katalon.core.webui.keyword.internal.WebUIKeywordMain.runKeyword(WebUIKeywordMain.groovy:20)&#xD;
	at com.kms.katalon.core.webui.keyword.builtin.VerifyElementHasAttributeKeyword.verifyElementHasAttribute(VerifyElementHasAttributeKeyword.groovy:100)&#xD;
	at com.kms.katalon.core.webui.keyword.builtin.VerifyElementHasAttributeKeyword.execute(VerifyElementHasAttributeKeyword.groovy:69)&#xD;
	at com.kms.katalon.core.keyword.internal.KeywordExecutor.executeKeywordForPlatform(KeywordExecutor.groovy:56)&#xD;
	at com.kms.katalon.core.webui.keyword.WebUiBuiltInKeywords.verifyElementHasAttribute(WebUiBuiltInKeywords.groovy:3166)&#xD;
	at com.kms.katalon.core.webui.keyword.WebUiBuiltInKeywords$verifyElementHasAttribute$11.call(Unknown Source)&#xD;
	at pageObjects.PartyOnboarding.inputDataForPartyContacts(PartyOnboarding.groovy:736)&#xD;
	at PartyOnboardingEnterprise.run(PartyOnboardingEnterprise:61)&#xD;
	at com.kms.katalon.core.main.ScriptEngine.run(ScriptEngine.java:194)&#xD;
	at com.kms.katalon.core.main.ScriptEngine.runScriptAsRawText(ScriptEngine.java:119)&#xD;
	at com.kms.katalon.core.main.TestCaseExecutor.runScript(TestCaseExecutor.java:337)&#xD;
	at com.kms.katalon.core.main.TestCaseExecutor.doExecute(TestCaseExecutor.java:328)&#xD;
	at com.kms.katalon.core.main.TestCaseExecutor.processExecutionPhase(TestCaseExecutor.java:307)&#xD;
	at com.kms.katalon.core.main.TestCaseExecutor.accessMainPhase(TestCaseExecutor.java:299)&#xD;
	at com.kms.katalon.core.main.TestCaseExecutor.execute(TestCaseExecutor.java:233)&#xD;
	at com.kms.katalon.core.main.TestSuiteExecutor.accessTestCaseMainPhase(TestSuiteExecutor.java:133)&#xD;
	at com.kms.katalon.core.main.TestSuiteExecutor.accessTestSuiteMainPhase(TestSuiteExecutor.java:116)&#xD;
	at com.kms.katalon.core.main.TestSuiteExecutor.execute(TestSuiteExecutor.java:83)&#xD;
	at com.kms.katalon.core.main.TestCaseMain.startTestSuite(TestCaseMain.java:157)&#xD;
	at com.kms.katalon.core.main.TestCaseMain$startTestSuite$0.call(Unknown Source)&#xD;
	at TempTestSuite1566441935163.run(TempTestSuite1566441935163.groovy:35)&#xD;
)&#xD;
[[ATTACHMENT|C:\\ML\\JITS\\AYA\\Automation\\FBE\\FBE\\Reports\\DataPreparation\\PartyOnboardingPersonal\\20190822_091535\\1566442307103.png]]&#xD;
&#xD;
2019-08-22 09:21:47 - [MESSAGE][PASSED] - Object 'Object Repository/PartyOnboarding/Personal/PartyContacts/Valid From' is visible&#xD;
&#xD;
2019-08-22 09:21:47 - [MESSAGE][PASSED] - Text of object 'Object Repository/PartyOnboarding/Personal/PartyContacts/Valid From' is cleared&#xD;
&#xD;
2019-08-22 09:21:47 - [MESSAGE][PASSED] - Object 'Object Repository/PartyOnboarding/Personal/PartyContacts/Valid From' is visible&#xD;
&#xD;
2019-08-22 09:21:47 - [MESSAGE][PASSED] - Keys '2018-01-24' sent to object: 'Object Repository/PartyOnboarding/Personal/PartyContacts/Valid From'&#xD;
&#xD;
2019-08-22 09:21:47 - [MESSAGE][PASSED] - Object 'Object Repository/PartyOnboarding/Personal/PartyContacts/Save Row' is visible&#xD;
&#xD;
2019-08-22 09:21:47 - [MESSAGE][PASSED] - Execute JavaScript 'arguments[0].click();' successfully&#xD;
&#xD;
2019-08-22 09:21:47 - [MESSAGE][PASSED] - Object 'Object Repository/PartyOnboarding/Personal/PartyContacts/New Row' is visible&#xD;
&#xD;
2019-08-22 09:21:48 - [MESSAGE][PASSED] - Execute JavaScript 'arguments[0].click();' successfully&#xD;
&#xD;
2019-08-22 09:21:49 - [MESSAGE][PASSED] - Delayed 1 second(s)&#xD;
&#xD;
2019-08-22 09:21:49 - [MESSAGE][PASSED] - Object 'Object Repository/PartyOnboarding/Personal/PartyContacts/Contact Method' is visible&#xD;
&#xD;
2019-08-22 09:21:49 - [MESSAGE][PASSED] - Keys 'TAB + Email' sent to object: 'Object Repository/PartyOnboarding/Personal/PartyContacts/Contact Method'&#xD;
&#xD;
2019-08-22 09:21:50 - [MESSAGE][PASSED] - Delayed 1 second(s)&#xD;
&#xD;
2019-08-22 09:21:50 - [MESSAGE][PASSED] - Object 'Object Repository/PartyOnboarding/Personal/PartyContacts/Contact Type  Location' is visible&#xD;
&#xD;
2019-08-22 09:21:50 - [MESSAGE][PASSED] - Keys 'TAB + Personal' sent to object: 'Object Repository/PartyOnboarding/Personal/PartyContacts/Contact Type  Location'&#xD;
&#xD;
2019-08-22 09:21:50 - [MESSAGE][PASSED] - Object 'Object Repository/PartyOnboarding/Personal/PartyContacts/Contact Email' is visible&#xD;
&#xD;
2019-08-22 09:21:51 - [MESSAGE][WARNING] - Object 'Object Repository/PartyOnboarding/Personal/PartyContacts/Contact Email' does not have attribute 'readonly' (Root cause: com.kms.katalon.core.exception.StepFailedException: Object 'Object Repository/PartyOnboarding/Personal/PartyContacts/Contact Email' does not have attribute 'readonly'&#xD;
	at com.kms.katalon.core.webui.keyword.internal.WebUIKeywordMain.stepFailed(WebUIKeywordMain.groovy:64)&#xD;
	at com.kms.katalon.core.webui.keyword.builtin.VerifyElementHasAttributeKeyword$_verifyElementHasAttribute_closure1.doCall(VerifyElementHasAttributeKeyword.groovy:89)&#xD;
	at com.kms.katalon.core.webui.keyword.builtin.VerifyElementHasAttributeKeyword$_verifyElementHasAttribute_closure1.call(VerifyElementHasAttributeKeyword.groovy)&#xD;
	at com.kms.katalon.core.webui.keyword.internal.WebUIKeywordMain.runKeyword(WebUIKeywordMain.groovy:20)&#xD;
	at com.kms.katalon.core.webui.keyword.builtin.VerifyElementHasAttributeKeyword.verifyElementHasAttribute(VerifyElementHasAttributeKeyword.groovy:100)&#xD;
	at com.kms.katalon.core.webui.keyword.builtin.VerifyElementHasAttributeKeyword.execute(VerifyElementHasAttributeKeyword.groovy:69)&#xD;
	at com.kms.katalon.core.keyword.internal.KeywordExecutor.executeKeywordForPlatform(KeywordExecutor.groovy:56)&#xD;
	at com.kms.katalon.core.webui.keyword.WebUiBuiltInKeywords.verifyElementHasAttribute(WebUiBuiltInKeywords.groovy:3166)&#xD;
	at com.kms.katalon.core.webui.keyword.WebUiBuiltInKeywords$verifyElementHasAttribute$11.call(Unknown Source)&#xD;
	at pageObjects.PartyOnboarding.inputDataForPartyContacts(PartyOnboarding.groovy:721)&#xD;
	at PartyOnboardingEnterprise.run(PartyOnboardingEnterprise:61)&#xD;
	at com.kms.katalon.core.main.ScriptEngine.run(ScriptEngine.java:194)&#xD;
	at com.kms.katalon.core.main.ScriptEngine.runScriptAsRawText(ScriptEngine.java:119)&#xD;
	at com.kms.katalon.core.main.TestCaseExecutor.runScript(TestCaseExecutor.java:337)&#xD;
	at com.kms.katalon.core.main.TestCaseExecutor.doExecute(TestCaseExecutor.java:328)&#xD;
	at com.kms.katalon.core.main.TestCaseExecutor.processExecutionPhase(TestCaseExecutor.java:307)&#xD;
	at com.kms.katalon.core.main.TestCaseExecutor.accessMainPhase(TestCaseExecutor.java:299)&#xD;
	at com.kms.katalon.core.main.TestCaseExecutor.execute(TestCaseExecutor.java:233)&#xD;
	at com.kms.katalon.core.main.TestSuiteExecutor.accessTestCaseMainPhase(TestSuiteExecutor.java:133)&#xD;
	at com.kms.katalon.core.main.TestSuiteExecutor.accessTestSuiteMainPhase(TestSuiteExecutor.java:116)&#xD;
	at com.kms.katalon.core.main.TestSuiteExecutor.execute(TestSuiteExecutor.java:83)&#xD;
	at com.kms.katalon.core.main.TestCaseMain.startTestSuite(TestCaseMain.java:157)&#xD;
	at com.kms.katalon.core.main.TestCaseMain$startTestSuite$0.call(Unknown Source)&#xD;
	at TempTestSuite1566441935163.run(TempTestSuite1566441935163.groovy:35)&#xD;
)&#xD;
[[ATTACHMENT|C:\\ML\\JITS\\AYA\\Automation\\FBE\\FBE\\Reports\\DataPreparation\\PartyOnboardingPersonal\\20190822_091535\\1566442310699.png]]&#xD;
&#xD;
2019-08-22 09:21:51 - [MESSAGE][PASSED] - Object 'Object Repository/PartyOnboarding/Personal/PartyContacts/Contact Number_03_Code' is visible&#xD;
&#xD;
2019-08-22 09:21:51 - [MESSAGE][PASSED] - Object 'Object Repository/PartyOnboarding/Personal/PartyContacts/Contact Number_03_Code' has attribute 'readonly'&#xD;
&#xD;
2019-08-22 09:21:51 - [MESSAGE][PASSED] - Object 'Object Repository/PartyOnboarding/Personal/PartyContacts/Contact Email' is visible&#xD;
&#xD;
2019-08-22 09:21:51 - [MESSAGE][PASSED] - Keys 'nguyenthimyle@gmail.com' sent to object: 'Object Repository/PartyOnboarding/Personal/PartyContacts/Contact Email'&#xD;
&#xD;
2019-08-22 09:21:51 - [MESSAGE][PASSED] - Object 'Object Repository/PartyOnboarding/Personal/PartyContacts/Confirm Email' is visible&#xD;
&#xD;
2019-08-22 09:21:52 - [MESSAGE][PASSED] - Keys 'nguyenthimyle@gmail.com' sent to object: 'Object Repository/PartyOnboarding/Personal/PartyContacts/Confirm Email'&#xD;
&#xD;
2019-08-22 09:21:52 - [MESSAGE][PASSED] - Object 'Object Repository/PartyOnboarding/Personal/PartyContacts/Valid From' is visible&#xD;
&#xD;
2019-08-22 09:21:52 - [MESSAGE][PASSED] - Text of object 'Object Repository/PartyOnboarding/Personal/PartyContacts/Valid From' is cleared&#xD;
&#xD;
2019-08-22 09:21:52 - [MESSAGE][PASSED] - Object 'Object Repository/PartyOnboarding/Personal/PartyContacts/Valid From' is visible&#xD;
&#xD;
2019-08-22 09:21:53 - [MESSAGE][PASSED] - Keys '2017-01-24' sent to object: 'Object Repository/PartyOnboarding/Personal/PartyContacts/Valid From'&#xD;
&#xD;
2019-08-22 09:21:53 - [MESSAGE][PASSED] - Object 'Object Repository/PartyOnboarding/Personal/PartyContacts/Save Row' is visible&#xD;
&#xD;
2019-08-22 09:21:53 - [MESSAGE][PASSED] - Execute JavaScript 'arguments[0].click();' successfully&#xD;
&#xD;
2019-08-22 09:21:53 - [TEST_STEP][PASSED] - partyOnboardingEnterprise.clickNextbutton(): Object: 'Object Repository/PartyOnboarding/btn_Next' is clicked on&#xD;
&#xD;
2019-08-22 09:21:53 - [MESSAGE][PASSED] - Object 'Object Repository/PartyOnboarding/btn_Next' is visible&#xD;
&#xD;
2019-08-22 09:21:53 - [MESSAGE][PASSED] - Object: 'Object Repository/PartyOnboarding/btn_Next' is clicked on&#xD;
&#xD;
2019-08-22 09:21:53 - [TEST_STEP][PASSED] - partyOnboardingEnterprise.inputDataForPartyRequiredDocuments(s06_documentCategory, s06_kycExpired, s06_documentType, s06_validFrom, s06_validTo, s06_referenceNumber, s06_issuingAuthority, s06_issuingCountry, s06_documentVerified, s06_image, s06_documentCollectionStatus): Keys 'Documents collected and validated centrally' sent to object: 'Object Repository/PartyOnboarding/Personal/PartyRequiredDocument/ddl_DocumentsCollectionStatus'&#xD;
&#xD;
2019-08-22 09:21:54 - [MESSAGE][PASSED] - Delayed 1 second(s)&#xD;
&#xD;
2019-08-22 09:21:54 - [MESSAGE][PASSED] - Object 'Object Repository/PartyOnboarding/Personal/PartyRequiredDocument/New Row' is visible&#xD;
&#xD;
2019-08-22 09:21:54 - [MESSAGE][PASSED] - Execute JavaScript 'arguments[0].click();' successfully&#xD;
&#xD;
2019-08-22 09:21:54 - [MESSAGE][PASSED] - Object 'Object Repository/PartyOnboarding/Personal/PartyRequiredDocument/DocumentCategory' is visible&#xD;
&#xD;
2019-08-22 09:21:55 - [MESSAGE][PASSED] - Keys 'TAB + PT-AUTHORIZED MYCO USER' sent to object: 'Object Repository/PartyOnboarding/Personal/PartyRequiredDocument/DocumentCategory'&#xD;
&#xD;
2019-08-22 09:21:56 - [MESSAGE][PASSED] - Delayed 1 second(s)&#xD;
&#xD;
2019-08-22 09:21:56 - [MESSAGE][PASSED] - Object 'Object Repository/PartyOnboarding/Personal/PartyRequiredDocument/Document Type' is visible&#xD;
&#xD;
2019-08-22 09:21:57 - [MESSAGE][PASSED] - Keys 'TAB + AUTHORIZED MYCO USER' sent to object: 'Object Repository/PartyOnboarding/Personal/PartyRequiredDocument/Document Type'&#xD;
&#xD;
2019-08-22 09:21:58 - [MESSAGE][PASSED] - Delayed 1 second(s)&#xD;
&#xD;
2019-08-22 09:21:58 - [MESSAGE][PASSED] - Object 'Object Repository/PartyOnboarding/Personal/PartyRequiredDocument/Issuing Country' is visible&#xD;
&#xD;
2019-08-22 09:21:58 - [MESSAGE][PASSED] - Keys 'Myanmar' sent to object: 'Object Repository/PartyOnboarding/Personal/PartyRequiredDocument/Issuing Country'&#xD;
&#xD;
2019-08-22 09:21:59 - [MESSAGE][PASSED] - Delayed 1 second(s)&#xD;
&#xD;
2019-08-22 09:21:59 - [MESSAGE][PASSED] - Object 'Object Repository/PartyOnboarding/Personal/PartyRequiredDocument/Document Verified' is visible&#xD;
&#xD;
2019-08-22 09:22:00 - [MESSAGE][PASSED] - Keys 'TAB + TRUE' sent to object: 'Object Repository/PartyOnboarding/Personal/PartyRequiredDocument/Document Verified'&#xD;
&#xD;
2019-08-22 09:22:00 - [MESSAGE][PASSED] - Object 'Object Repository/PartyOnboarding/Personal/PartyRequiredDocument/Save Row' is visible&#xD;
&#xD;
2019-08-22 09:22:00 - [MESSAGE][PASSED] - Execute JavaScript 'arguments[0].click();' successfully&#xD;
&#xD;
2019-08-22 09:22:00 - [MESSAGE][PASSED] - Object 'Object Repository/PartyOnboarding/Personal/PartyRequiredDocument/New Row' is visible&#xD;
&#xD;
2019-08-22 09:22:00 - [MESSAGE][PASSED] - Execute JavaScript 'arguments[0].click();' successfully&#xD;
&#xD;
2019-08-22 09:22:00 - [MESSAGE][PASSED] - Object 'Object Repository/PartyOnboarding/Personal/PartyRequiredDocument/DocumentCategory' is visible&#xD;
&#xD;
2019-08-22 09:22:02 - [MESSAGE][PASSED] - Keys 'TAB + PT-BOARD OF DIRECTORS RESOLUTION' sent to object: 'Object Repository/PartyOnboarding/Personal/PartyRequiredDocument/DocumentCategory'&#xD;
&#xD;
2019-08-22 09:22:03 - [MESSAGE][PASSED] - Delayed 1 second(s)&#xD;
&#xD;
2019-08-22 09:22:03 - [MESSAGE][PASSED] - Object 'Object Repository/PartyOnboarding/Personal/PartyRequiredDocument/Document Type' is visible&#xD;
&#xD;
2019-08-22 09:22:04 - [MESSAGE][PASSED] - Keys 'TAB + BOARD OF DIRECTORS RESOLUTION' sent to object: 'Object Repository/PartyOnboarding/Personal/PartyRequiredDocument/Document Type'&#xD;
&#xD;
2019-08-22 09:22:05 - [MESSAGE][PASSED] - Delayed 1 second(s)&#xD;
&#xD;
2019-08-22 09:22:05 - [MESSAGE][PASSED] - Object 'Object Repository/PartyOnboarding/Personal/PartyRequiredDocument/Issuing Country' is visible&#xD;
&#xD;
2019-08-22 09:22:05 - [MESSAGE][PASSED] - Keys 'Myanmar' sent to object: 'Object Repository/PartyOnboarding/Personal/PartyRequiredDocument/Issuing Country'&#xD;
&#xD;
2019-08-22 09:22:06 - [MESSAGE][PASSED] - Delayed 1 second(s)&#xD;
&#xD;
2019-08-22 09:22:07 - [MESSAGE][PASSED] - Object 'Object Repository/PartyOnboarding/Personal/PartyRequiredDocument/Document Verified' is visible&#xD;
&#xD;
2019-08-22 09:22:07 - [MESSAGE][PASSED] - Keys 'TAB + TRUE' sent to object: 'Object Repository/PartyOnboarding/Personal/PartyRequiredDocument/Document Verified'&#xD;
&#xD;
2019-08-22 09:22:07 - [MESSAGE][PASSED] - Object 'Object Repository/PartyOnboarding/Personal/PartyRequiredDocument/Save Row' is visible&#xD;
&#xD;
2019-08-22 09:22:07 - [MESSAGE][PASSED] - Execute JavaScript 'arguments[0].click();' successfully&#xD;
&#xD;
2019-08-22 09:22:07 - [MESSAGE][PASSED] - Object 'Object Repository/PartyOnboarding/Personal/PartyRequiredDocument/New Row' is visible&#xD;
&#xD;
2019-08-22 09:22:07 - [MESSAGE][PASSED] - Execute JavaScript 'arguments[0].click();' successfully&#xD;
&#xD;
2019-08-22 09:22:07 - [MESSAGE][PASSED] - Object 'Object Repository/PartyOnboarding/Personal/PartyRequiredDocument/DocumentCategory' is visible&#xD;
&#xD;
2019-08-22 09:22:08 - [MESSAGE][PASSED] - Keys 'TAB + PT-CERTIFICATE OF INCORPORATION' sent to object: 'Object Repository/PartyOnboarding/Personal/PartyRequiredDocument/DocumentCategory'&#xD;
&#xD;
2019-08-22 09:22:09 - [MESSAGE][PASSED] - Delayed 1 second(s)&#xD;
&#xD;
2019-08-22 09:22:10 - [MESSAGE][PASSED] - Object 'Object Repository/PartyOnboarding/Personal/PartyRequiredDocument/Document Type' is visible&#xD;
&#xD;
2019-08-22 09:22:11 - [MESSAGE][PASSED] - Keys 'TAB + CERTIFICATE OF INCORPORATION' sent to object: 'Object Repository/PartyOnboarding/Personal/PartyRequiredDocument/Document Type'&#xD;
&#xD;
2019-08-22 09:22:12 - [MESSAGE][PASSED] - Delayed 1 second(s)&#xD;
&#xD;
2019-08-22 09:22:12 - [MESSAGE][PASSED] - Object 'Object Repository/PartyOnboarding/Personal/PartyRequiredDocument/Issuing Country' is visible&#xD;
&#xD;
2019-08-22 09:22:12 - [MESSAGE][PASSED] - Keys 'Myanmar' sent to object: 'Object Repository/PartyOnboarding/Personal/PartyRequiredDocument/Issuing Country'&#xD;
&#xD;
2019-08-22 09:22:13 - [MESSAGE][PASSED] - Delayed 1 second(s)&#xD;
&#xD;
2019-08-22 09:22:13 - [MESSAGE][PASSED] - Object 'Object Repository/PartyOnboarding/Personal/PartyRequiredDocument/Document Verified' is visible&#xD;
&#xD;
2019-08-22 09:22:14 - [MESSAGE][PASSED] - Keys 'TAB + TRUE' sent to object: 'Object Repository/PartyOnboarding/Personal/PartyRequiredDocument/Document Verified'&#xD;
&#xD;
2019-08-22 09:22:14 - [MESSAGE][PASSED] - Object 'Object Repository/PartyOnboarding/Personal/PartyRequiredDocument/Save Row' is visible&#xD;
&#xD;
2019-08-22 09:22:14 - [MESSAGE][PASSED] - Execute JavaScript 'arguments[0].click();' successfully&#xD;
&#xD;
2019-08-22 09:22:14 - [MESSAGE][PASSED] - Object 'Object Repository/PartyOnboarding/Personal/PartyRequiredDocument/New Row' is visible&#xD;
&#xD;
2019-08-22 09:22:14 - [MESSAGE][PASSED] - Execute JavaScript 'arguments[0].click();' successfully&#xD;
&#xD;
2019-08-22 09:22:14 - [MESSAGE][PASSED] - Object 'Object Repository/PartyOnboarding/Personal/PartyRequiredDocument/DocumentCategory' is visible&#xD;
&#xD;
2019-08-22 09:22:15 - [MESSAGE][PASSED] - Keys 'TAB + PT-FILING HISTORY' sent to object: 'Object Repository/PartyOnboarding/Personal/PartyRequiredDocument/DocumentCategory'&#xD;
&#xD;
2019-08-22 09:22:16 - [MESSAGE][PASSED] - Delayed 1 second(s)&#xD;
&#xD;
2019-08-22 09:22:16 - [MESSAGE][PASSED] - Object 'Object Repository/PartyOnboarding/Personal/PartyRequiredDocument/Document Type' is visible&#xD;
&#xD;
2019-08-22 09:22:16 - [MESSAGE][PASSED] - Keys 'TAB + FILING HISTORY' sent to object: 'Object Repository/PartyOnboarding/Personal/PartyRequiredDocument/Document Type'&#xD;
&#xD;
2019-08-22 09:22:17 - [MESSAGE][PASSED] - Delayed 1 second(s)&#xD;
&#xD;
2019-08-22 09:22:17 - [MESSAGE][PASSED] - Object 'Object Repository/PartyOnboarding/Personal/PartyRequiredDocument/Issuing Country' is visible&#xD;
&#xD;
2019-08-22 09:22:18 - [MESSAGE][PASSED] - Keys 'Myanmar' sent to object: 'Object Repository/PartyOnboarding/Personal/PartyRequiredDocument/Issuing Country'&#xD;
&#xD;
2019-08-22 09:22:19 - [MESSAGE][PASSED] - Delayed 1 second(s)&#xD;
&#xD;
2019-08-22 09:22:19 - [MESSAGE][PASSED] - Object 'Object Repository/PartyOnboarding/Personal/PartyRequiredDocument/Document Verified' is visible&#xD;
&#xD;
2019-08-22 09:22:19 - [MESSAGE][PASSED] - Keys 'TAB + TRUE' sent to object: 'Object Repository/PartyOnboarding/Personal/PartyRequiredDocument/Document Verified'&#xD;
&#xD;
2019-08-22 09:22:19 - [MESSAGE][PASSED] - Object 'Object Repository/PartyOnboarding/Personal/PartyRequiredDocument/Save Row' is visible&#xD;
&#xD;
2019-08-22 09:22:19 - [MESSAGE][PASSED] - Execute JavaScript 'arguments[0].click();' successfully&#xD;
&#xD;
2019-08-22 09:22:19 - [MESSAGE][PASSED] - Object 'Object Repository/PartyOnboarding/Personal/PartyRequiredDocument/New Row' is visible&#xD;
&#xD;
2019-08-22 09:22:19 - [MESSAGE][PASSED] - Execute JavaScript 'arguments[0].click();' successfully&#xD;
&#xD;
2019-08-22 09:22:19 - [MESSAGE][PASSED] - Object 'Object Repository/PartyOnboarding/Personal/PartyRequiredDocument/DocumentCategory' is visible&#xD;
&#xD;
2019-08-22 09:22:20 - [MESSAGE][PASSED] - Keys 'TAB + PT-FORM QA 22(FOREIGNER)' sent to object: 'Object Repository/PartyOnboarding/Personal/PartyRequiredDocument/DocumentCategory'&#xD;
&#xD;
2019-08-22 09:22:21 - [MESSAGE][PASSED] - Delayed 1 second(s)&#xD;
&#xD;
2019-08-22 09:22:21 - [MESSAGE][PASSED] - Object 'Object Repository/PartyOnboarding/Personal/PartyRequiredDocument/Document Type' is visible&#xD;
&#xD;
2019-08-22 09:22:22 - [MESSAGE][PASSED] - Keys 'TAB + FORM QA 22(FOREIGNER)' sent to object: 'Object Repository/PartyOnboarding/Personal/PartyRequiredDocument/Document Type'&#xD;
&#xD;
2019-08-22 09:22:23 - [MESSAGE][PASSED] - Delayed 1 second(s)&#xD;
&#xD;
2019-08-22 09:22:23 - [MESSAGE][PASSED] - Object 'Object Repository/PartyOnboarding/Personal/PartyRequiredDocument/Issuing Country' is visible&#xD;
&#xD;
2019-08-22 09:22:24 - [MESSAGE][PASSED] - Keys 'Myanmar' sent to object: 'Object Repository/PartyOnboarding/Personal/PartyRequiredDocument/Issuing Country'&#xD;
&#xD;
2019-08-22 09:22:25 - [MESSAGE][PASSED] - Delayed 1 second(s)&#xD;
&#xD;
2019-08-22 09:22:25 - [MESSAGE][PASSED] - Object 'Object Repository/PartyOnboarding/Personal/PartyRequiredDocument/Document Verified' is visible&#xD;
&#xD;
2019-08-22 09:22:25 - [MESSAGE][PASSED] - Keys 'TAB + TRUE' sent to object: 'Object Repository/PartyOnboarding/Personal/PartyRequiredDocument/Document Verified'&#xD;
&#xD;
2019-08-22 09:22:25 - [MESSAGE][PASSED] - Object 'Object Repository/PartyOnboarding/Personal/PartyRequiredDocument/Save Row' is visible&#xD;
&#xD;
2019-08-22 09:22:25 - [MESSAGE][PASSED] - Execute JavaScript 'arguments[0].click();' successfully&#xD;
&#xD;
2019-08-22 09:22:25 - [MESSAGE][PASSED] - Object 'Object Repository/PartyOnboarding/Personal/PartyRequiredDocument/New Row' is visible&#xD;
&#xD;
2019-08-22 09:22:25 - [MESSAGE][PASSED] - Execute JavaScript 'arguments[0].click();' successfully&#xD;
&#xD;
2019-08-22 09:22:25 - [MESSAGE][PASSED] - Object 'Object Repository/PartyOnboarding/Personal/PartyRequiredDocument/DocumentCategory' is visible&#xD;
&#xD;
2019-08-22 09:22:27 - [MESSAGE][PASSED] - Keys 'TAB + PT-LIST OF DIRECTORS AND MEMBER DETAILS' sent to object: 'Object Repository/PartyOnboarding/Personal/PartyRequiredDocument/DocumentCategory'&#xD;
&#xD;
2019-08-22 09:22:28 - [MESSAGE][PASSED] - Delayed 1 second(s)&#xD;
&#xD;
2019-08-22 09:22:28 - [MESSAGE][PASSED] - Object 'Object Repository/PartyOnboarding/Personal/PartyRequiredDocument/Document Type' is visible&#xD;
&#xD;
2019-08-22 09:22:30 - [MESSAGE][PASSED] - Keys 'TAB + LIST OF DIRECTORS AND MEMBER DETAILS' sent to object: 'Object Repository/PartyOnboarding/Personal/PartyRequiredDocument/Document Type'&#xD;
&#xD;
2019-08-22 09:22:31 - [MESSAGE][PASSED] - Delayed 1 second(s)&#xD;
&#xD;
2019-08-22 09:22:31 - [MESSAGE][PASSED] - Object 'Object Repository/PartyOnboarding/Personal/PartyRequiredDocument/Issuing Country' is visible&#xD;
&#xD;
2019-08-22 09:22:31 - [MESSAGE][PASSED] - Keys 'Myanmar' sent to object: 'Object Repository/PartyOnboarding/Personal/PartyRequiredDocument/Issuing Country'&#xD;
&#xD;
2019-08-22 09:22:32 - [MESSAGE][PASSED] - Delayed 1 second(s)&#xD;
&#xD;
2019-08-22 09:22:32 - [MESSAGE][PASSED] - Object 'Object Repository/PartyOnboarding/Personal/PartyRequiredDocument/Document Verified' is visible&#xD;
&#xD;
2019-08-22 09:22:32 - [MESSAGE][PASSED] - Keys 'TAB + TRUE' sent to object: 'Object Repository/PartyOnboarding/Personal/PartyRequiredDocument/Document Verified'&#xD;
&#xD;
2019-08-22 09:22:32 - [MESSAGE][PASSED] - Object 'Object Repository/PartyOnboarding/Personal/PartyRequiredDocument/Save Row' is visible&#xD;
&#xD;
2019-08-22 09:22:32 - [MESSAGE][PASSED] - Execute JavaScript 'arguments[0].click();' successfully&#xD;
&#xD;
2019-08-22 09:22:32 - [MESSAGE][PASSED] - Object 'Object Repository/PartyOnboarding/Personal/PartyRequiredDocument/New Row' is visible&#xD;
&#xD;
2019-08-22 09:22:33 - [MESSAGE][PASSED] - Execute JavaScript 'arguments[0].click();' successfully&#xD;
&#xD;
2019-08-22 09:22:33 - [MESSAGE][PASSED] - Object 'Object Repository/PartyOnboarding/Personal/PartyRequiredDocument/DocumentCategory' is visible&#xD;
&#xD;
2019-08-22 09:22:34 - [MESSAGE][PASSED] - Keys 'TAB + PT-LIST OF SHAREHOLDERS AND MEMBER DETAILS' sent to object: 'Object Repository/PartyOnboarding/Personal/PartyRequiredDocument/DocumentCategory'&#xD;
&#xD;
2019-08-22 09:22:35 - [MESSAGE][PASSED] - Delayed 1 second(s)&#xD;
&#xD;
2019-08-22 09:22:36 - [MESSAGE][PASSED] - Object 'Object Repository/PartyOnboarding/Personal/PartyRequiredDocument/Document Type' is visible&#xD;
&#xD;
2019-08-22 09:22:37 - [MESSAGE][PASSED] - Keys 'TAB + LIST OF SHAREHOLDERS AND MEMBER DETAILS' sent to object: 'Object Repository/PartyOnboarding/Personal/PartyRequiredDocument/Document Type'&#xD;
&#xD;
2019-08-22 09:22:38 - [MESSAGE][PASSED] - Delayed 1 second(s)&#xD;
&#xD;
2019-08-22 09:22:38 - [MESSAGE][PASSED] - Object 'Object Repository/PartyOnboarding/Personal/PartyRequiredDocument/Issuing Country' is visible&#xD;
&#xD;
2019-08-22 09:22:39 - [MESSAGE][PASSED] - Keys 'Myanmar' sent to object: 'Object Repository/PartyOnboarding/Personal/PartyRequiredDocument/Issuing Country'&#xD;
&#xD;
2019-08-22 09:22:40 - [MESSAGE][PASSED] - Delayed 1 second(s)&#xD;
&#xD;
2019-08-22 09:22:40 - [MESSAGE][PASSED] - Object 'Object Repository/PartyOnboarding/Personal/PartyRequiredDocument/Document Verified' is visible&#xD;
&#xD;
2019-08-22 09:22:40 - [MESSAGE][PASSED] - Keys 'TAB + TRUE' sent to object: 'Object Repository/PartyOnboarding/Personal/PartyRequiredDocument/Document Verified'&#xD;
&#xD;
2019-08-22 09:22:40 - [MESSAGE][PASSED] - Object 'Object Repository/PartyOnboarding/Personal/PartyRequiredDocument/Save Row' is visible&#xD;
&#xD;
2019-08-22 09:22:40 - [MESSAGE][PASSED] - Execute JavaScript 'arguments[0].click();' successfully&#xD;
&#xD;
2019-08-22 09:22:40 - [MESSAGE][PASSED] - Object 'Object Repository/PartyOnboarding/Personal/PartyRequiredDocument/New Row' is visible&#xD;
&#xD;
2019-08-22 09:22:40 - [MESSAGE][PASSED] - Execute JavaScript 'arguments[0].click();' successfully&#xD;
&#xD;
2019-08-22 09:22:40 - [MESSAGE][PASSED] - Object 'Object Repository/PartyOnboarding/Personal/PartyRequiredDocument/DocumentCategory' is visible&#xD;
&#xD;
2019-08-22 09:22:42 - [MESSAGE][PASSED] - Keys 'TAB + PT-NRC/PASSPORT COPY OF AUTHORIZED SIGNATORY' sent to object: 'Object Repository/PartyOnboarding/Personal/PartyRequiredDocument/DocumentCategory'&#xD;
&#xD;
2019-08-22 09:22:43 - [MESSAGE][PASSED] - Delayed 1 second(s)&#xD;
&#xD;
2019-08-22 09:22:43 - [MESSAGE][PASSED] - Object 'Object Repository/PartyOnboarding/Personal/PartyRequiredDocument/Document Type' is visible&#xD;
&#xD;
2019-08-22 09:22:45 - [MESSAGE][PASSED] - Keys 'TAB + NRC/PASSPORT COPY OF AUTHORIZED SIGNATORY' sent to object: 'Object Repository/PartyOnboarding/Personal/PartyRequiredDocument/Document Type'&#xD;
&#xD;
2019-08-22 09:22:46 - [MESSAGE][PASSED] - Delayed 1 second(s)&#xD;
&#xD;
2019-08-22 09:22:46 - [MESSAGE][PASSED] - Object 'Object Repository/PartyOnboarding/Personal/PartyRequiredDocument/Issuing Country' is visible&#xD;
&#xD;
2019-08-22 09:22:47 - [MESSAGE][PASSED] - Keys 'Myanmar' sent to object: 'Object Repository/PartyOnboarding/Personal/PartyRequiredDocument/Issuing Country'&#xD;
&#xD;
2019-08-22 09:22:48 - [MESSAGE][PASSED] - Delayed 1 second(s)&#xD;
&#xD;
2019-08-22 09:22:48 - [MESSAGE][PASSED] - Object 'Object Repository/PartyOnboarding/Personal/PartyRequiredDocument/Document Verified' is visible&#xD;
&#xD;
2019-08-22 09:22:48 - [MESSAGE][PASSED] - Keys 'TAB + TRUE' sent to object: 'Object Repository/PartyOnboarding/Personal/PartyRequiredDocument/Document Verified'&#xD;
&#xD;
2019-08-22 09:22:48 - [MESSAGE][PASSED] - Object 'Object Repository/PartyOnboarding/Personal/PartyRequiredDocument/Save Row' is visible&#xD;
&#xD;
2019-08-22 09:22:48 - [MESSAGE][PASSED] - Execute JavaScript 'arguments[0].click();' successfully&#xD;
&#xD;
2019-08-22 09:22:48 - [MESSAGE][PASSED] - Object 'Object Repository/PartyOnboarding/Personal/PartyRequiredDocument/New Row' is visible&#xD;
&#xD;
2019-08-22 09:22:48 - [MESSAGE][PASSED] - Execute JavaScript 'arguments[0].click();' successfully&#xD;
&#xD;
2019-08-22 09:22:48 - [MESSAGE][PASSED] - Object 'Object Repository/PartyOnboarding/Personal/PartyRequiredDocument/DocumentCategory' is visible&#xD;
&#xD;
2019-08-22 09:22:50 - [MESSAGE][PASSED] - Keys 'TAB + PT-NRC/PASSPORT COPY OF SHAREHOLDERS' sent to object: 'Object Repository/PartyOnboarding/Personal/PartyRequiredDocument/DocumentCategory'&#xD;
&#xD;
2019-08-22 09:22:51 - [MESSAGE][PASSED] - Delayed 1 second(s)&#xD;
&#xD;
2019-08-22 09:22:51 - [MESSAGE][PASSED] - Object 'Object Repository/PartyOnboarding/Personal/PartyRequiredDocument/Document Type' is visible&#xD;
&#xD;
2019-08-22 09:22:52 - [MESSAGE][PASSED] - Keys 'TAB + NRC/PASSPORT COPY OF SHAREHOLDERS' sent to object: 'Object Repository/PartyOnboarding/Personal/PartyRequiredDocument/Document Type'&#xD;
&#xD;
2019-08-22 09:22:53 - [MESSAGE][PASSED] - Delayed 1 second(s)&#xD;
&#xD;
2019-08-22 09:22:53 - [MESSAGE][PASSED] - Object 'Object Repository/PartyOnboarding/Personal/PartyRequiredDocument/Issuing Country' is visible&#xD;
&#xD;
2019-08-22 09:22:54 - [MESSAGE][PASSED] - Keys 'Myanmar' sent to object: 'Object Repository/PartyOnboarding/Personal/PartyRequiredDocument/Issuing Country'&#xD;
&#xD;
2019-08-22 09:22:55 - [MESSAGE][PASSED] - Delayed 1 second(s)&#xD;
&#xD;
2019-08-22 09:22:55 - [MESSAGE][PASSED] - Object 'Object Repository/PartyOnboarding/Personal/PartyRequiredDocument/Document Verified' is visible&#xD;
&#xD;
2019-08-22 09:22:55 - [MESSAGE][PASSED] - Keys 'TAB + TRUE' sent to object: 'Object Repository/PartyOnboarding/Personal/PartyRequiredDocument/Document Verified'&#xD;
&#xD;
2019-08-22 09:22:55 - [MESSAGE][PASSED] - Object 'Object Repository/PartyOnboarding/Personal/PartyRequiredDocument/Save Row' is visible&#xD;
&#xD;
2019-08-22 09:22:55 - [MESSAGE][PASSED] - Execute JavaScript 'arguments[0].click();' successfully&#xD;
&#xD;
2019-08-22 09:22:55 - [MESSAGE][PASSED] - Object 'Object Repository/PartyOnboarding/Personal/PartyRequiredDocument/New Row' is visible&#xD;
&#xD;
2019-08-22 09:22:55 - [MESSAGE][PASSED] - Execute JavaScript 'arguments[0].click();' successfully&#xD;
&#xD;
2019-08-22 09:22:55 - [MESSAGE][PASSED] - Object 'Object Repository/PartyOnboarding/Personal/PartyRequiredDocument/DocumentCategory' is visible&#xD;
&#xD;
2019-08-22 09:22:57 - [MESSAGE][PASSED] - Keys 'TAB + PT-REGISTERED COMPANY ADDRESS' sent to object: 'Object Repository/PartyOnboarding/Personal/PartyRequiredDocument/DocumentCategory'&#xD;
&#xD;
2019-08-22 09:22:58 - [MESSAGE][PASSED] - Delayed 1 second(s)&#xD;
&#xD;
2019-08-22 09:22:58 - [MESSAGE][PASSED] - Object 'Object Repository/PartyOnboarding/Personal/PartyRequiredDocument/Document Type' is visible&#xD;
&#xD;
2019-08-22 09:22:59 - [MESSAGE][PASSED] - Keys 'TAB + REGISTERED COMPANY ADDRESS' sent to object: 'Object Repository/PartyOnboarding/Personal/PartyRequiredDocument/Document Type'&#xD;
&#xD;
2019-08-22 09:23:00 - [MESSAGE][PASSED] - Delayed 1 second(s)&#xD;
&#xD;
2019-08-22 09:23:00 - [MESSAGE][PASSED] - Object 'Object Repository/PartyOnboarding/Personal/PartyRequiredDocument/Issuing Country' is visible&#xD;
&#xD;
2019-08-22 09:23:00 - [MESSAGE][PASSED] - Keys 'Myanmar' sent to object: 'Object Repository/PartyOnboarding/Personal/PartyRequiredDocument/Issuing Country'&#xD;
&#xD;
2019-08-22 09:23:01 - [MESSAGE][PASSED] - Delayed 1 second(s)&#xD;
&#xD;
2019-08-22 09:23:01 - [MESSAGE][PASSED] - Object 'Object Repository/PartyOnboarding/Personal/PartyRequiredDocument/Document Verified' is visible&#xD;
&#xD;
2019-08-22 09:23:02 - [MESSAGE][PASSED] - Keys 'TAB + TRUE' sent to object: 'Object Repository/PartyOnboarding/Personal/PartyRequiredDocument/Document Verified'&#xD;
&#xD;
2019-08-22 09:23:02 - [MESSAGE][PASSED] - Object 'Object Repository/PartyOnboarding/Personal/PartyRequiredDocument/Save Row' is visible&#xD;
&#xD;
2019-08-22 09:23:02 - [MESSAGE][PASSED] - Execute JavaScript 'arguments[0].click();' successfully&#xD;
&#xD;
2019-08-22 09:23:02 - [MESSAGE][PASSED] - Object 'Object Repository/PartyOnboarding/Personal/PartyRequiredDocument/New Row' is visible&#xD;
&#xD;
2019-08-22 09:23:02 - [MESSAGE][PASSED] - Execute JavaScript 'arguments[0].click();' successfully&#xD;
&#xD;
2019-08-22 09:23:02 - [MESSAGE][PASSED] - Object 'Object Repository/PartyOnboarding/Personal/PartyRequiredDocument/DocumentCategory' is visible&#xD;
&#xD;
2019-08-22 09:23:04 - [MESSAGE][PASSED] - Keys 'TAB + PT-VALID VISA COPY OF AUTH. SIGNATORY(FOREIGNER)' sent to object: 'Object Repository/PartyOnboarding/Personal/PartyRequiredDocument/DocumentCategory'&#xD;
&#xD;
2019-08-22 09:23:05 - [MESSAGE][PASSED] - Delayed 1 second(s)&#xD;
&#xD;
2019-08-22 09:23:05 - [MESSAGE][PASSED] - Object 'Object Repository/PartyOnboarding/Personal/PartyRequiredDocument/Document Type' is visible&#xD;
&#xD;
2019-08-22 09:23:07 - [MESSAGE][PASSED] - Keys 'TAB + VALID VISA COPY OF AUTH. SIGNATORY(FOREIGNER)' sent to object: 'Object Repository/PartyOnboarding/Personal/PartyRequiredDocument/Document Type'&#xD;
&#xD;
2019-08-22 09:23:08 - [MESSAGE][PASSED] - Delayed 1 second(s)&#xD;
&#xD;
2019-08-22 09:23:08 - [MESSAGE][PASSED] - Object 'Object Repository/PartyOnboarding/Personal/PartyRequiredDocument/Issuing Country' is visible&#xD;
&#xD;
2019-08-22 09:23:09 - [MESSAGE][PASSED] - Keys 'Myanmar' sent to object: 'Object Repository/PartyOnboarding/Personal/PartyRequiredDocument/Issuing Country'&#xD;
&#xD;
2019-08-22 09:23:10 - [MESSAGE][PASSED] - Delayed 1 second(s)&#xD;
&#xD;
2019-08-22 09:23:10 - [MESSAGE][PASSED] - Object 'Object Repository/PartyOnboarding/Personal/PartyRequiredDocument/Document Verified' is visible&#xD;
&#xD;
2019-08-22 09:23:10 - [MESSAGE][PASSED] - Keys 'TAB + TRUE' sent to object: 'Object Repository/PartyOnboarding/Personal/PartyRequiredDocument/Document Verified'&#xD;
&#xD;
2019-08-22 09:23:10 - [MESSAGE][PASSED] - Object 'Object Repository/PartyOnboarding/Personal/PartyRequiredDocument/Save Row' is visible&#xD;
&#xD;
2019-08-22 09:23:10 - [MESSAGE][PASSED] - Execute JavaScript 'arguments[0].click();' successfully&#xD;
&#xD;
2019-08-22 09:23:10 - [MESSAGE][PASSED] - Object 'Object Repository/PartyOnboarding/Personal/PartyRequiredDocument/ddl_DocumentsCollectionStatus' is visible&#xD;
&#xD;
2019-08-22 09:23:12 - [MESSAGE][PASSED] - Keys 'Documents collected and validated centrally' sent to object: 'Object Repository/PartyOnboarding/Personal/PartyRequiredDocument/ddl_DocumentsCollectionStatus'&#xD;
&#xD;
2019-08-22 09:23:12 - [TEST_STEP][PASSED] - partyOnboardingEnterprise.clickNextbutton(): Object: 'Object Repository/PartyOnboarding/btn_Next' is clicked on&#xD;
&#xD;
2019-08-22 09:23:12 - [MESSAGE][PASSED] - Object 'Object Repository/PartyOnboarding/btn_Next' is visible&#xD;
&#xD;
2019-08-22 09:23:12 - [MESSAGE][PASSED] - Object: 'Object Repository/PartyOnboarding/btn_Next' is clicked on&#xD;
&#xD;
2019-08-22 09:23:12 - [TEST_STEP][PASSED] - delay(1): Delayed 1 second(s)&#xD;
&#xD;
2019-08-22 09:23:13 - [MESSAGE][PASSED] - Delayed 1 second(s)&#xD;
&#xD;
2019-08-22 09:23:13 - [TEST_STEP][PASSED] - log.logInfo("--- " + " Click Next button ---"): ---  Click Next button ---&#xD;
&#xD;
2019-08-22 09:23:13 - [MESSAGE][INFO] - ---  Click Next button ---&#xD;
&#xD;
2019-08-22 09:23:13 - [TEST_STEP][PASSED] - partyOnboardingEnterprise.clickNextbutton(): Object: 'Object Repository/PartyOnboarding/btn_Next' is clicked on&#xD;
&#xD;
2019-08-22 09:23:13 - [MESSAGE][PASSED] - Object 'Object Repository/PartyOnboarding/btn_Next' is visible&#xD;
&#xD;
2019-08-22 09:23:13 - [MESSAGE][PASSED] - Object: 'Object Repository/PartyOnboarding/btn_Next' is clicked on&#xD;
&#xD;
2019-08-22 09:23:13 - [TEST_STEP][PASSED] - log.logInfo("--- " + " Click Next button ---"): ---  Click Next button ---&#xD;
&#xD;
2019-08-22 09:23:13 - [MESSAGE][INFO] - ---  Click Next button ---&#xD;
&#xD;
2019-08-22 09:23:13 - [TEST_STEP][PASSED] - delay(1): Delayed 1 second(s)&#xD;
&#xD;
2019-08-22 09:23:14 - [MESSAGE][PASSED] - Delayed 1 second(s)&#xD;
&#xD;
2019-08-22 09:23:14 - [TEST_STEP][PASSED] - partyOnboardingEnterprise.clickNextbutton(): Object: 'Object Repository/PartyOnboarding/btn_Next' is clicked on&#xD;
&#xD;
2019-08-22 09:23:14 - [MESSAGE][PASSED] - Object 'Object Repository/PartyOnboarding/btn_Next' is visible&#xD;
&#xD;
2019-08-22 09:23:14 - [MESSAGE][PASSED] - Object: 'Object Repository/PartyOnboarding/btn_Next' is clicked on&#xD;
&#xD;
2019-08-22 09:23:14 - [TEST_STEP][PASSED] - log.logInfo("--- " + " Click Process on Warning box ---"): ---  Click Process on Warning box ---&#xD;
&#xD;
2019-08-22 09:23:14 - [MESSAGE][INFO] - ---  Click Process on Warning box ---&#xD;
&#xD;
2019-08-22 09:23:14 - [TEST_STEP][PASSED] - partyOnboardingEnterprise.clickAskForApprovalbutton(): Object: 'Object Repository/PartyOnboarding/RequestToApproval/AskForApproval_btn' is clicked on&#xD;
&#xD;
2019-08-22 09:23:15 - [MESSAGE][PASSED] - Object 'Object Repository/PartyOnboarding/RequestToApproval/AskForApproval_btn' is visible&#xD;
&#xD;
2019-08-22 09:23:15 - [MESSAGE][PASSED] - Object: 'Object Repository/PartyOnboarding/RequestToApproval/AskForApproval_btn' is clicked on</system-out>
            <system-err></system-err>
        </testcase>
        <testcase name="Test Cases/DataPreparation/PartyOnboardingEnterprise" classname="Test Cases/DataPreparation/PartyOnboardingEnterprise" status="PASSED">
            <system-out>2019-08-22 09:23:15 - [TEST_CASE][PASSED] - Test Cases/DataPreparation/PartyOnboardingEnterprise: Test Cases/DataPreparation/PartyOnboardingEnterprise&#xD;
&#xD;
2019-08-22 09:23:15 - [TEST_STEP][PASSED] - Start listener action : sampleBeforeTestCase: null&#xD;
&#xD;
2019-08-22 09:23:15 - [TEST_STEP][PASSED] - testCaseID = testCaseContext.getTestCaseId(): null&#xD;
&#xD;
2019-08-22 09:23:15 - [TEST_STEP][PASSED] - log = new com.kms.katalon.core.util.KeywordUtil(): null&#xD;
&#xD;
2019-08-22 09:23:15 - [TEST_STEP][PASSED] - partyOnboardingEnterprise = new pageObjects.PartyOnboarding(): null&#xD;
&#xD;
2019-08-22 09:23:15 - [TEST_STEP][PASSED] - delay(3): Delayed 3 second(s)&#xD;
&#xD;
2019-08-22 09:23:18 - [MESSAGE][PASSED] - Delayed 3 second(s)&#xD;
&#xD;
2019-08-22 09:23:18 - [TEST_STEP][PASSED] - log.logInfo("--- Open Party Onboarding in Menu Search ---"): --- Open Party Onboarding in Menu Search ---&#xD;
&#xD;
2019-08-22 09:23:18 - [MESSAGE][INFO] - --- Open Party Onboarding in Menu Search ---&#xD;
&#xD;
2019-08-22 09:23:18 - [TEST_STEP][PASSED] - partyOnboardingEnterprise.inputPartyOnboardingMenuSearch(): Object 'menuSearch_txt' is present&#xD;
&#xD;
2019-08-22 09:23:18 - [MESSAGE][PASSED] - Object 'Object Repository/Menu_Search' is visible&#xD;
&#xD;
2019-08-22 09:23:18 - [MESSAGE][PASSED] - Keys 'ENTER + Party Onboarding' sent to object: 'Object Repository/Menu_Search'&#xD;
&#xD;
2019-08-22 09:23:18 - [MESSAGE][PASSED] - Object 'menuSearch_txt' is present&#xD;
&#xD;
2019-08-22 09:23:18 - [TEST_STEP][PASSED] - log.logInfo("/---------------Party Onboarding---------------/"): /---------------Party Onboarding---------------/&#xD;
&#xD;
2019-08-22 09:23:18 - [MESSAGE][INFO] - /---------------Party Onboarding---------------/&#xD;
&#xD;
2019-08-22 09:23:18 - [TEST_STEP][PASSED] - log.logInfo("--- Input Local Global ---"): --- Input Local Global ---&#xD;
&#xD;
2019-08-22 09:23:18 - [MESSAGE][INFO] - --- Input Local Global ---&#xD;
&#xD;
2019-08-22 09:23:18 - [TEST_STEP][PASSED] - partyOnboardingEnterprise.inputLocalGlobal(s01_localglobal): Keys 'Local Private' sent to object: 'Object Repository/PartyOnboarding/PartyOnboarding/Local Global'&#xD;
&#xD;
2019-08-22 09:23:20 - [MESSAGE][PASSED] - Text of object 'Object Repository/PartyOnboarding/PartyOnboarding/Local Global' is cleared&#xD;
&#xD;
2019-08-22 09:23:20 - [MESSAGE][PASSED] - Object 'Object Repository/PartyOnboarding/PartyOnboarding/Local Global' is visible&#xD;
&#xD;
2019-08-22 09:23:20 - [MESSAGE][PASSED] - Object 'Object Repository/PartyOnboarding/PartyOnboarding/Local Global' is visible&#xD;
&#xD;
2019-08-22 09:23:20 - [MESSAGE][PASSED] - Keys 'Local Private' sent to object: 'Object Repository/PartyOnboarding/PartyOnboarding/Local Global'&#xD;
&#xD;
2019-08-22 09:23:20 - [TEST_STEP][PASSED] - log.logInfo("--- Input Party Type ---"): --- Input Party Type ---&#xD;
&#xD;
2019-08-22 09:23:20 - [MESSAGE][INFO] - --- Input Party Type ---&#xD;
&#xD;
2019-08-22 09:23:20 - [TEST_STEP][PASSED] - partyOnboardingEnterprise.inputPartyType(s01_partytype): Keys 'TAB + Enterprise' sent to object: 'Object Repository/PartyOnboarding/PartyOnboarding/Party Type'&#xD;
&#xD;
2019-08-22 09:23:20 - [MESSAGE][PASSED] - Object 'Object Repository/PartyOnboarding/PartyOnboarding/Party Type' is visible&#xD;
&#xD;
2019-08-22 09:23:20 - [MESSAGE][PASSED] - Keys 'TAB + Enterprise' sent to object: 'Object Repository/PartyOnboarding/PartyOnboarding/Party Type'&#xD;
&#xD;
2019-08-22 09:23:20 - [TEST_STEP][PASSED] - log.logInfo("--- Input Party Sub Type ---"): --- Input Party Sub Type ---&#xD;
&#xD;
2019-08-22 09:23:20 - [MESSAGE][INFO] - --- Input Party Sub Type ---&#xD;
&#xD;
2019-08-22 09:23:20 - [TEST_STEP][PASSED] - partyOnboardingEnterprise.inputPartySubType(s01_partysubtype): Keys 'PRIVATE/PUBLIC/PUBLIC LISTED COMPANY (MYANMAR)' sent to object: 'Object Repository/PartyOnboarding/PartyOnboarding/Party Sub-Type'&#xD;
&#xD;
2019-08-22 09:23:21 - [MESSAGE][PASSED] - Delayed 1 second(s)&#xD;
&#xD;
2019-08-22 09:23:21 - [MESSAGE][PASSED] - Object 'Object Repository/PartyOnboarding/PartyOnboarding/Party Type' is visible&#xD;
&#xD;
2019-08-22 09:23:22 - [MESSAGE][PASSED] - Keys 'PRIVATE/PUBLIC/PUBLIC LISTED COMPANY (MYANMAR)' sent to object: 'Object Repository/PartyOnboarding/PartyOnboarding/Party Sub-Type'&#xD;
&#xD;
2019-08-22 09:23:22 - [TEST_STEP][PASSED] - log.logInfo("--- Input Party Category ---"): --- Input Party Category ---&#xD;
&#xD;
2019-08-22 09:23:22 - [MESSAGE][INFO] - --- Input Party Category ---&#xD;
&#xD;
2019-08-22 09:23:22 - [TEST_STEP][PASSED] - partyOnboardingEnterprise.inputPartyCategory(s01_partycategory): Keys 'Full' sent to object: 'Object Repository/PartyOnboarding/PartyOnboarding/Party Category'&#xD;
&#xD;
2019-08-22 09:23:22 - [MESSAGE][PASSED] - Object 'Object Repository/PartyOnboarding/PartyOnboarding/Party Category' is visible&#xD;
&#xD;
2019-08-22 09:23:23 - [MESSAGE][PASSED] - Keys 'Full' sent to object: 'Object Repository/PartyOnboarding/PartyOnboarding/Party Category'&#xD;
&#xD;
2019-08-22 09:23:23 - [TEST_STEP][PASSED] - log.logInfo("--- Check Line of Business ---"): --- Check Line of Business ---&#xD;
&#xD;
2019-08-22 09:23:23 - [MESSAGE][INFO] - --- Check Line of Business ---&#xD;
&#xD;
2019-08-22 09:23:23 - [TEST_STEP][PASSED] - partyOnboardingEnterprise.clickLineofBusiness(s01_lineofbusiness, findTestObject("PartyOnboarding/PartyOnboarding/div_Core Banking")): Object 'Object Repository/PartyOnboarding/PartyOnboarding/LineofBusiness_List' is checked&#xD;
&#xD;
2019-08-22 09:23:23 - [MESSAGE][PASSED] - Object 'Object Repository/PartyOnboarding/PartyOnboarding/div_Core Banking' is visible&#xD;
&#xD;
2019-08-22 09:23:23 - [MESSAGE][PASSED] - Attribute 'aria-checked' of object 'Object Repository/PartyOnboarding/PartyOnboarding/div_Core Banking' is: 'true'&#xD;
&#xD;
2019-08-22 09:23:23 - [MESSAGE][PASSED] - Object 'Object Repository/PartyOnboarding/PartyOnboarding/chk_SelectAllLineOfBusiness' is visible&#xD;
&#xD;
2019-08-22 09:23:23 - [MESSAGE][PASSED] - Attribute 'aria-checked' of object 'Object Repository/PartyOnboarding/PartyOnboarding/chk_SelectAllLineOfBusiness' is: 'true'&#xD;
&#xD;
2019-08-22 09:23:23 - [MESSAGE][PASSED] - Object 'Object Repository/PartyOnboarding/PartyOnboarding/LineofBusiness_List' is visible&#xD;
&#xD;
2019-08-22 09:23:23 - [MESSAGE][PASSED] - Attribute 'aria-checked' of object 'Object Repository/PartyOnboarding/PartyOnboarding/LineofBusiness_List' is: 'true'&#xD;
&#xD;
2019-08-22 09:23:23 - [MESSAGE][PASSED] - Object 'Object Repository/PartyOnboarding/PartyOnboarding/LineofBusiness_List' is visible&#xD;
&#xD;
2019-08-22 09:23:23 - [MESSAGE][PASSED] - Attribute 'aria-checked' of object 'Object Repository/PartyOnboarding/PartyOnboarding/LineofBusiness_List' is: 'true'&#xD;
&#xD;
2019-08-22 09:23:23 - [MESSAGE][PASSED] - Object 'Object Repository/PartyOnboarding/PartyOnboarding/chk_SelectAllLineOfBusiness' is visible&#xD;
&#xD;
2019-08-22 09:23:23 - [MESSAGE][PASSED] - Attribute 'aria-checked' of object 'Object Repository/PartyOnboarding/PartyOnboarding/chk_SelectAllLineOfBusiness' is: 'true'&#xD;
&#xD;
2019-08-22 09:23:23 - [MESSAGE][PASSED] - Object 'Object Repository/PartyOnboarding/PartyOnboarding/chk_SelectAllLineOfBusiness' is checked&#xD;
&#xD;
2019-08-22 09:23:23 - [MESSAGE][PASSED] - Object 'Object Repository/PartyOnboarding/PartyOnboarding/div_Core Banking' is visible&#xD;
&#xD;
2019-08-22 09:23:23 - [MESSAGE][PASSED] - Attribute 'aria-checked' of object 'Object Repository/PartyOnboarding/PartyOnboarding/div_Core Banking' is: 'false'&#xD;
&#xD;
2019-08-22 09:23:23 - [MESSAGE][PASSED] - Object 'Object Repository/PartyOnboarding/PartyOnboarding/div_Core Banking' is checked&#xD;
&#xD;
2019-08-22 09:23:23 - [MESSAGE][PASSED] - Object 'Object Repository/PartyOnboarding/PartyOnboarding/LineofBusiness_List' is visible&#xD;
&#xD;
2019-08-22 09:23:23 - [MESSAGE][PASSED] - Attribute 'aria-checked' of object 'Object Repository/PartyOnboarding/PartyOnboarding/LineofBusiness_List' is: 'false'&#xD;
&#xD;
2019-08-22 09:23:23 - [MESSAGE][PASSED] - Object 'Object Repository/PartyOnboarding/PartyOnboarding/LineofBusiness_List' is checked&#xD;
&#xD;
2019-08-22 09:23:23 - [TEST_STEP][PASSED] - log.logInfo("--- Click Next to Party Check List  ---"): --- Click Next to Party Check List  ---&#xD;
&#xD;
2019-08-22 09:23:23 - [MESSAGE][INFO] - --- Click Next to Party Check List  ---&#xD;
&#xD;
2019-08-22 09:23:23 - [TEST_STEP][PASSED] - partyOnboardingEnterprise.clickNextbutton(): Object: 'Object Repository/PartyOnboarding/btn_Next' is clicked on&#xD;
&#xD;
2019-08-22 09:23:23 - [MESSAGE][PASSED] - Object 'Object Repository/PartyOnboarding/btn_Next' is visible&#xD;
&#xD;
2019-08-22 09:23:23 - [MESSAGE][PASSED] - Object: 'Object Repository/PartyOnboarding/btn_Next' is clicked on&#xD;
&#xD;
2019-08-22 09:23:23 - [TEST_STEP][PASSED] - delay(1): Delayed 1 second(s)&#xD;
&#xD;
2019-08-22 09:23:24 - [MESSAGE][PASSED] - Delayed 1 second(s)&#xD;
&#xD;
2019-08-22 09:23:24 - [TEST_STEP][PASSED] - partyOnboardingEnterprise.clickNextbutton(): Object: 'Object Repository/PartyOnboarding/btn_Next' is clicked on&#xD;
&#xD;
2019-08-22 09:23:24 - [MESSAGE][PASSED] - Object 'Object Repository/PartyOnboarding/btn_Next' is visible&#xD;
&#xD;
2019-08-22 09:23:25 - [MESSAGE][PASSED] - Object: 'Object Repository/PartyOnboarding/btn_Next' is clicked on&#xD;
&#xD;
2019-08-22 09:23:25 - [TEST_STEP][PASSED] - log.logInfo("/---------------Pre-Existence Check---------------/"): /---------------Pre-Existence Check---------------/&#xD;
&#xD;
2019-08-22 09:23:25 - [MESSAGE][INFO] - /---------------Pre-Existence Check---------------/&#xD;
&#xD;
2019-08-22 09:23:25 - [TEST_STEP][PASSED] - partyOnboardingEnterprise.inputEnterpriseName(s02_enterpriseName): Keys 'Enterprise 0000004' sent to object: 'Object Repository/PartyOnboarding/Enterprise/PreExistenceCheck/txt_EnterpriseName'&#xD;
&#xD;
2019-08-22 09:23:25 - [MESSAGE][PASSED] - Object 'Object Repository/PartyOnboarding/Enterprise/PreExistenceCheck/txt_EnterpriseName' is visible&#xD;
&#xD;
2019-08-22 09:23:25 - [MESSAGE][PASSED] - Keys 'Enterprise 0000004' sent to object: 'Object Repository/PartyOnboarding/Enterprise/PreExistenceCheck/txt_EnterpriseName'&#xD;
&#xD;
2019-08-22 09:23:25 - [TEST_STEP][PASSED] - partyOnboardingEnterprise.inputRegistration(): Keys 'f9zgnQ4Z' sent to object: 'Object Repository/PartyOnboarding/Enterprise/PreExistenceCheck/txt_Registration'&#xD;
&#xD;
2019-08-22 09:23:25 - [MESSAGE][PASSED] - Object 'Object Repository/PartyOnboarding/Enterprise/PreExistenceCheck/txt_Registration' is visible&#xD;
&#xD;
2019-08-22 09:23:25 - [MESSAGE][PASSED] - Keys 'f9zgnQ4Z' sent to object: 'Object Repository/PartyOnboarding/Enterprise/PreExistenceCheck/txt_Registration'&#xD;
&#xD;
2019-08-22 09:23:25 - [TEST_STEP][PASSED] - partyOnboardingEnterprise.clickNextbutton(): Object: 'Object Repository/PartyOnboarding/btn_Next' is clicked on&#xD;
&#xD;
2019-08-22 09:23:25 - [MESSAGE][PASSED] - Object 'Object Repository/PartyOnboarding/btn_Next' is visible&#xD;
&#xD;
2019-08-22 09:23:26 - [MESSAGE][PASSED] - Object: 'Object Repository/PartyOnboarding/btn_Next' is clicked on&#xD;
&#xD;
2019-08-22 09:23:26 - [TEST_STEP][PASSED] - log.logInfo("/--------------- Party Onboarding---------------/"): /--------------- Party Onboarding---------------/&#xD;
&#xD;
2019-08-22 09:23:26 - [MESSAGE][INFO] - /--------------- Party Onboarding---------------/&#xD;
&#xD;
2019-08-22 09:23:26 - [TEST_STEP][PASSED] - partyOnboardingEnterprise.inputPartyId(): Web element with id: 'Object Repository/PartyOnboarding/Personal/PersonalParty/Message/pop_ErrorDuplicatePartyID' located by 'By.xpath: //textarea[@name='03messages']' not found&#xD;
&#xD;
2019-08-22 09:23:27 - [MESSAGE][PASSED] - Object 'Object Repository/PartyOnboarding/Personal/PersonalParty/txt_PartyID' is visible&#xD;
&#xD;
2019-08-22 09:23:27 - [MESSAGE][PASSED] - Object 'Object Repository/PartyOnboarding/Personal/PersonalParty/txt_PartyID' is visible&#xD;
&#xD;
2019-08-22 09:23:27 - [MESSAGE][PASSED] - Keys 'TAB + CFbqA9X9' sent to object: 'Object Repository/PartyOnboarding/Personal/PersonalParty/txt_PartyID'&#xD;
&#xD;
2019-08-22 09:23:58 - [MESSAGE][INFO] - Unable to find the element located by 'By.xpath: //textarea[@name='03messages']'. Please recheck the objects properties to make sure the desired element is located. &#xD;
&#xD;
2019-08-22 09:23:58 - [MESSAGE][WARNING] - Web element with id: 'Object Repository/PartyOnboarding/Personal/PersonalParty/Message/pop_ErrorDuplicatePartyID' located by 'By.xpath: //textarea[@name='03messages']' not found&#xD;
&#xD;
2019-08-22 09:23:58 - [TEST_STEP][PASSED] - partyOnboardingEnterprise.inputShortNameEnterprise(s03_shortName): Keys 'TAB + Enterprise' sent to object: 'Object Repository/PartyOnboarding/Enterprise/EnterpriseParty/Short Name_txt'&#xD;
&#xD;
2019-08-22 09:23:58 - [MESSAGE][PASSED] - Object 'Object Repository/PartyOnboarding/Enterprise/EnterpriseParty/Short Name_txt' is visible&#xD;
&#xD;
2019-08-22 09:23:59 - [MESSAGE][PASSED] - Keys 'TAB + Enterprise' sent to object: 'Object Repository/PartyOnboarding/Enterprise/EnterpriseParty/Short Name_txt'&#xD;
&#xD;
2019-08-22 09:23:59 - [TEST_STEP][PASSED] - partyOnboardingEnterprise.clickNextbutton(): Object: 'Object Repository/PartyOnboarding/btn_Next' is clicked on&#xD;
&#xD;
2019-08-22 09:23:59 - [MESSAGE][PASSED] - Object 'Object Repository/PartyOnboarding/btn_Next' is visible&#xD;
&#xD;
2019-08-22 09:23:59 - [MESSAGE][PASSED] - Object: 'Object Repository/PartyOnboarding/btn_Next' is clicked on&#xD;
&#xD;
2019-08-22 09:23:59 - [TEST_STEP][PASSED] - partyOnboardingEnterprise.clickProcessInWarningBox(): Object: 'Object Repository/PartyOnboarding/Personal/PersonalParty/btn_Warnings_Proceed_NotCapture' is clicked on&#xD;
&#xD;
2019-08-22 09:23:59 - [MESSAGE][PASSED] - Object 'Object Repository/PartyOnboarding/Personal/PersonalParty/btn_Warnings_Proceed_NotCapture' is visible&#xD;
&#xD;
2019-08-22 09:24:00 - [MESSAGE][PASSED] - Object: 'Object Repository/PartyOnboarding/Personal/PersonalParty/btn_Warnings_Proceed_NotCapture' is clicked on&#xD;
&#xD;
2019-08-22 09:24:00 - [TEST_STEP][PASSED] - log.logInfo("/--------------- Party Onboarding - Address---------------/"): /--------------- Party Onboarding - Address---------------/&#xD;
&#xD;
2019-08-22 09:24:00 - [MESSAGE][INFO] - /--------------- Party Onboarding - Address---------------/&#xD;
&#xD;
2019-08-22 09:24:00 - [TEST_STEP][PASSED] - partyOnboardingEnterprise.inputRDataForAddressParty(s04_addressType, s04_userForCommunication, s04_validFrom): Execute JavaScript 'arguments[0].click();' successfully&#xD;
&#xD;
2019-08-22 09:24:01 - [MESSAGE][PASSED] - Object 'Object Repository/PartyOnboarding/Personal/PartyAddress/button_New Row_PartyAddress' is visible&#xD;
&#xD;
2019-08-22 09:24:01 - [MESSAGE][PASSED] - Execute JavaScript 'arguments[0].click();' successfully&#xD;
&#xD;
2019-08-22 09:24:01 - [MESSAGE][PASSED] - Object 'Object Repository/PartyOnboarding/Personal/PartyAddress/Address Type' is visible&#xD;
&#xD;
2019-08-22 09:24:01 - [MESSAGE][PASSED] - Keys 'TAB + Home Address' sent to object: 'Object Repository/PartyOnboarding/Personal/PartyAddress/Address Type'&#xD;
&#xD;
2019-08-22 09:24:01 - [MESSAGE][PASSED] - Object 'Object Repository/PartyOnboarding/Personal/PartyAddress/Valid From' is visible&#xD;
&#xD;
2019-08-22 09:24:02 - [MESSAGE][PASSED] - Text of object 'Object Repository/PartyOnboarding/Personal/PartyAddress/Valid From' is cleared&#xD;
&#xD;
2019-08-22 09:24:02 - [MESSAGE][PASSED] - Object 'Object Repository/PartyOnboarding/Personal/PartyAddress/Valid From' is visible&#xD;
&#xD;
2019-08-22 09:24:02 - [MESSAGE][PASSED] - Keys '2018-01-14' sent to object: 'Object Repository/PartyOnboarding/Personal/PartyAddress/Valid From'&#xD;
&#xD;
2019-08-22 09:24:02 - [MESSAGE][PASSED] - Object 'Object Repository/PartyOnboarding/Personal/PartyAddress/chk_Use  for Communication' is present&#xD;
&#xD;
2019-08-22 09:24:02 - [MESSAGE][PASSED] - Attribute 'aria-checked' of object 'Object Repository/PartyOnboarding/Personal/PartyAddress/chk_Use  for Communication' is: 'false'&#xD;
&#xD;
2019-08-22 09:24:02 - [MESSAGE][PASSED] - Object 'Object Repository/PartyOnboarding/Personal/PartyAddress/chk_Use  for Communication' is checked&#xD;
&#xD;
2019-08-22 09:24:02 - [MESSAGE][PASSED] - Object 'Object Repository/PartyOnboarding/Personal/PartyAddress/SaveRow' is visible&#xD;
&#xD;
2019-08-22 09:24:02 - [MESSAGE][PASSED] - Execute JavaScript 'arguments[0].click();' successfully&#xD;
&#xD;
2019-08-22 09:24:02 - [MESSAGE][PASSED] - Object 'Object Repository/PartyOnboarding/Personal/PartyAddress/button_New Row_PartyAddress' is visible&#xD;
&#xD;
2019-08-22 09:24:02 - [MESSAGE][PASSED] - Execute JavaScript 'arguments[0].click();' successfully&#xD;
&#xD;
2019-08-22 09:24:02 - [MESSAGE][PASSED] - Object 'Object Repository/PartyOnboarding/Personal/PartyAddress/Address Type' is visible&#xD;
&#xD;
2019-08-22 09:24:03 - [MESSAGE][PASSED] - Keys 'TAB + Current Address' sent to object: 'Object Repository/PartyOnboarding/Personal/PartyAddress/Address Type'&#xD;
&#xD;
2019-08-22 09:24:03 - [MESSAGE][PASSED] - Object 'Object Repository/PartyOnboarding/Personal/PartyAddress/Valid From' is visible&#xD;
&#xD;
2019-08-22 09:24:03 - [MESSAGE][PASSED] - Text of object 'Object Repository/PartyOnboarding/Personal/PartyAddress/Valid From' is cleared&#xD;
&#xD;
2019-08-22 09:24:03 - [MESSAGE][PASSED] - Object 'Object Repository/PartyOnboarding/Personal/PartyAddress/Valid From' is visible&#xD;
&#xD;
2019-08-22 09:24:03 - [MESSAGE][PASSED] - Keys '2018-01-17' sent to object: 'Object Repository/PartyOnboarding/Personal/PartyAddress/Valid From'&#xD;
&#xD;
2019-08-22 09:24:03 - [MESSAGE][PASSED] - Object 'Object Repository/PartyOnboarding/Personal/PartyAddress/SaveRow' is visible&#xD;
&#xD;
2019-08-22 09:24:03 - [MESSAGE][PASSED] - Execute JavaScript 'arguments[0].click();' successfully&#xD;
&#xD;
2019-08-22 09:24:04 - [MESSAGE][PASSED] - Object 'Object Repository/PartyOnboarding/Personal/PartyAddress/button_New Row_PartyAddress' is visible&#xD;
&#xD;
2019-08-22 09:24:04 - [MESSAGE][PASSED] - Execute JavaScript 'arguments[0].click();' successfully&#xD;
&#xD;
2019-08-22 09:24:04 - [MESSAGE][PASSED] - Object 'Object Repository/PartyOnboarding/Personal/PartyAddress/Address Type' is visible&#xD;
&#xD;
2019-08-22 09:24:04 - [MESSAGE][PASSED] - Keys 'TAB + Office Address' sent to object: 'Object Repository/PartyOnboarding/Personal/PartyAddress/Address Type'&#xD;
&#xD;
2019-08-22 09:24:04 - [MESSAGE][PASSED] - Object 'Object Repository/PartyOnboarding/Personal/PartyAddress/Valid From' is visible&#xD;
&#xD;
2019-08-22 09:24:04 - [MESSAGE][PASSED] - Text of object 'Object Repository/PartyOnboarding/Personal/PartyAddress/Valid From' is cleared&#xD;
&#xD;
2019-08-22 09:24:04 - [MESSAGE][PASSED] - Object 'Object Repository/PartyOnboarding/Personal/PartyAddress/Valid From' is visible&#xD;
&#xD;
2019-08-22 09:24:05 - [MESSAGE][PASSED] - Keys '2017-01-17' sent to object: 'Object Repository/PartyOnboarding/Personal/PartyAddress/Valid From'&#xD;
&#xD;
2019-08-22 09:24:05 - [MESSAGE][PASSED] - Object 'Object Repository/PartyOnboarding/Personal/PartyAddress/SaveRow' is visible&#xD;
&#xD;
2019-08-22 09:24:05 - [MESSAGE][PASSED] - Execute JavaScript 'arguments[0].click();' successfully&#xD;
&#xD;
2019-08-22 09:24:05 - [TEST_STEP][PASSED] - partyOnboardingEnterprise.clickNextbutton(): Object: 'Object Repository/PartyOnboarding/btn_Next' is clicked on&#xD;
&#xD;
2019-08-22 09:24:05 - [MESSAGE][PASSED] - Object 'Object Repository/PartyOnboarding/btn_Next' is visible&#xD;
&#xD;
2019-08-22 09:24:05 - [MESSAGE][PASSED] - Object: 'Object Repository/PartyOnboarding/btn_Next' is clicked on&#xD;
&#xD;
2019-08-22 09:24:05 - [TEST_STEP][PASSED] - partyOnboardingEnterprise.inputDataForPartyContacts(s05_contactMethod, s05_contactTypeLocation, s05_contactCountryCode, s05_contactAreaCode, s05_contactNumber, s05_contactEmail, s05_confirmEmail, s05_validFrom): Execute JavaScript 'arguments[0].click();' successfully&#xD;
&#xD;
2019-08-22 09:24:06 - [MESSAGE][PASSED] - Object 'Object Repository/PartyOnboarding/Personal/PartyContacts/New Row' is visible&#xD;
&#xD;
2019-08-22 09:24:06 - [MESSAGE][PASSED] - Execute JavaScript 'arguments[0].click();' successfully&#xD;
&#xD;
2019-08-22 09:24:07 - [MESSAGE][PASSED] - Delayed 1 second(s)&#xD;
&#xD;
2019-08-22 09:24:07 - [MESSAGE][PASSED] - Object 'Object Repository/PartyOnboarding/Personal/PartyContacts/Contact Method' is visible&#xD;
&#xD;
2019-08-22 09:24:07 - [MESSAGE][PASSED] - Keys 'TAB + Telephone' sent to object: 'Object Repository/PartyOnboarding/Personal/PartyContacts/Contact Method'&#xD;
&#xD;
2019-08-22 09:24:08 - [MESSAGE][PASSED] - Delayed 1 second(s)&#xD;
&#xD;
2019-08-22 09:24:08 - [MESSAGE][PASSED] - Object 'Object Repository/PartyOnboarding/Personal/PartyContacts/Contact Type  Location' is visible&#xD;
&#xD;
2019-08-22 09:24:08 - [MESSAGE][PASSED] - Keys 'TAB + Personal' sent to object: 'Object Repository/PartyOnboarding/Personal/PartyContacts/Contact Type  Location'&#xD;
&#xD;
2019-08-22 09:24:08 - [MESSAGE][PASSED] - Object 'Object Repository/PartyOnboarding/Personal/PartyContacts/Contact Email' is visible&#xD;
&#xD;
2019-08-22 09:24:08 - [MESSAGE][PASSED] - Object 'Object Repository/PartyOnboarding/Personal/PartyContacts/Contact Email' has attribute 'readonly'&#xD;
&#xD;
2019-08-22 09:24:09 - [MESSAGE][PASSED] - Object 'Object Repository/PartyOnboarding/Personal/PartyContacts/Contact Number_03_Code' is visible&#xD;
&#xD;
2019-08-22 09:24:09 - [MESSAGE][PASSED] - Text of object 'Object Repository/PartyOnboarding/Personal/PartyContacts/Contact Number_03_Code' is cleared&#xD;
&#xD;
2019-08-22 09:24:09 - [MESSAGE][PASSED] - Object 'Object Repository/PartyOnboarding/Personal/PartyContacts/Contact Number_03_Code' is visible&#xD;
&#xD;
2019-08-22 09:24:09 - [MESSAGE][PASSED] - Keys '+95' sent to object: 'Object Repository/PartyOnboarding/Personal/PartyContacts/Contact Number_03_Code'&#xD;
&#xD;
2019-08-22 09:24:09 - [MESSAGE][PASSED] - Object 'Object Repository/PartyOnboarding/Personal/PartyContacts/Contact Number_AreaCode' is visible&#xD;
&#xD;
2019-08-22 09:24:09 - [MESSAGE][PASSED] - Keys '' sent to object: 'Object Repository/PartyOnboarding/Personal/PartyContacts/Contact Number_AreaCode'&#xD;
&#xD;
2019-08-22 09:24:09 - [MESSAGE][PASSED] - Object 'Object Repository/PartyOnboarding/Personal/PartyContacts/Contact Number_Number' is visible&#xD;
&#xD;
2019-08-22 09:24:09 - [MESSAGE][PASSED] - Keys '9697989904' sent to object: 'Object Repository/PartyOnboarding/Personal/PartyContacts/Contact Number_Number'&#xD;
&#xD;
2019-08-22 09:24:09 - [MESSAGE][PASSED] - Object 'Object Repository/PartyOnboarding/Personal/PartyContacts/Contact Number_03_Code' is visible&#xD;
&#xD;
2019-08-22 09:24:10 - [MESSAGE][WARNING] - Object 'Object Repository/PartyOnboarding/Personal/PartyContacts/Contact Number_03_Code' does not have attribute 'readonly' (Root cause: com.kms.katalon.core.exception.StepFailedException: Object 'Object Repository/PartyOnboarding/Personal/PartyContacts/Contact Number_03_Code' does not have attribute 'readonly'&#xD;
	at com.kms.katalon.core.webui.keyword.internal.WebUIKeywordMain.stepFailed(WebUIKeywordMain.groovy:64)&#xD;
	at com.kms.katalon.core.webui.keyword.builtin.VerifyElementHasAttributeKeyword$_verifyElementHasAttribute_closure1.doCall(VerifyElementHasAttributeKeyword.groovy:89)&#xD;
	at com.kms.katalon.core.webui.keyword.builtin.VerifyElementHasAttributeKeyword$_verifyElementHasAttribute_closure1.call(VerifyElementHasAttributeKeyword.groovy)&#xD;
	at com.kms.katalon.core.webui.keyword.internal.WebUIKeywordMain.runKeyword(WebUIKeywordMain.groovy:20)&#xD;
	at com.kms.katalon.core.webui.keyword.builtin.VerifyElementHasAttributeKeyword.verifyElementHasAttribute(VerifyElementHasAttributeKeyword.groovy:100)&#xD;
	at com.kms.katalon.core.webui.keyword.builtin.VerifyElementHasAttributeKeyword.execute(VerifyElementHasAttributeKeyword.groovy:69)&#xD;
	at com.kms.katalon.core.keyword.internal.KeywordExecutor.executeKeywordForPlatform(KeywordExecutor.groovy:56)&#xD;
	at com.kms.katalon.core.webui.keyword.WebUiBuiltInKeywords.verifyElementHasAttribute(WebUiBuiltInKeywords.groovy:3166)&#xD;
	at com.kms.katalon.core.webui.keyword.WebUiBuiltInKeywords$verifyElementHasAttribute$11.call(Unknown Source)&#xD;
	at pageObjects.PartyOnboarding.inputDataForPartyContacts(PartyOnboarding.groovy:736)&#xD;
	at PartyOnboardingEnterprise.run(PartyOnboardingEnterprise:61)&#xD;
	at com.kms.katalon.core.main.ScriptEngine.run(ScriptEngine.java:194)&#xD;
	at com.kms.katalon.core.main.ScriptEngine.runScriptAsRawText(ScriptEngine.java:119)&#xD;
	at com.kms.katalon.core.main.TestCaseExecutor.runScript(TestCaseExecutor.java:337)&#xD;
	at com.kms.katalon.core.main.TestCaseExecutor.doExecute(TestCaseExecutor.java:328)&#xD;
	at com.kms.katalon.core.main.TestCaseExecutor.processExecutionPhase(TestCaseExecutor.java:307)&#xD;
	at com.kms.katalon.core.main.TestCaseExecutor.accessMainPhase(TestCaseExecutor.java:299)&#xD;
	at com.kms.katalon.core.main.TestCaseExecutor.execute(TestCaseExecutor.java:233)&#xD;
	at com.kms.katalon.core.main.TestSuiteExecutor.accessTestCaseMainPhase(TestSuiteExecutor.java:133)&#xD;
	at com.kms.katalon.core.main.TestSuiteExecutor.accessTestSuiteMainPhase(TestSuiteExecutor.java:116)&#xD;
	at com.kms.katalon.core.main.TestSuiteExecutor.execute(TestSuiteExecutor.java:83)&#xD;
	at com.kms.katalon.core.main.TestCaseMain.startTestSuite(TestCaseMain.java:157)&#xD;
	at com.kms.katalon.core.main.TestCaseMain$startTestSuite$0.call(Unknown Source)&#xD;
	at TempTestSuite1566441935163.run(TempTestSuite1566441935163.groovy:35)&#xD;
)&#xD;
[[ATTACHMENT|C:\\ML\\JITS\\AYA\\Automation\\FBE\\FBE\\Reports\\DataPreparation\\PartyOnboardingPersonal\\20190822_091535\\1566442449890.png]]&#xD;
&#xD;
2019-08-22 09:24:10 - [MESSAGE][PASSED] - Object 'Object Repository/PartyOnboarding/Personal/PartyContacts/Valid From' is visible&#xD;
&#xD;
2019-08-22 09:24:10 - [MESSAGE][PASSED] - Text of object 'Object Repository/PartyOnboarding/Personal/PartyContacts/Valid From' is cleared&#xD;
&#xD;
2019-08-22 09:24:10 - [MESSAGE][PASSED] - Object 'Object Repository/PartyOnboarding/Personal/PartyContacts/Valid From' is visible&#xD;
&#xD;
2019-08-22 09:24:10 - [MESSAGE][PASSED] - Keys '2018-12-20' sent to object: 'Object Repository/PartyOnboarding/Personal/PartyContacts/Valid From'&#xD;
&#xD;
2019-08-22 09:24:10 - [MESSAGE][PASSED] - Object 'Object Repository/PartyOnboarding/Personal/PartyContacts/Save Row' is visible&#xD;
&#xD;
2019-08-22 09:24:10 - [MESSAGE][PASSED] - Execute JavaScript 'arguments[0].click();' successfully&#xD;
&#xD;
2019-08-22 09:24:10 - [MESSAGE][PASSED] - Object 'Object Repository/PartyOnboarding/Personal/PartyContacts/New Row' is visible&#xD;
&#xD;
2019-08-22 09:24:10 - [MESSAGE][PASSED] - Execute JavaScript 'arguments[0].click();' successfully&#xD;
&#xD;
2019-08-22 09:24:11 - [MESSAGE][PASSED] - Delayed 1 second(s)&#xD;
&#xD;
2019-08-22 09:24:11 - [MESSAGE][PASSED] - Object 'Object Repository/PartyOnboarding/Personal/PartyContacts/Contact Method' is visible&#xD;
&#xD;
2019-08-22 09:24:12 - [MESSAGE][PASSED] - Keys 'TAB + Mobile' sent to object: 'Object Repository/PartyOnboarding/Personal/PartyContacts/Contact Method'&#xD;
&#xD;
2019-08-22 09:24:13 - [MESSAGE][PASSED] - Delayed 1 second(s)&#xD;
&#xD;
2019-08-22 09:24:13 - [MESSAGE][PASSED] - Object 'Object Repository/PartyOnboarding/Personal/PartyContacts/Contact Type  Location' is visible&#xD;
&#xD;
2019-08-22 09:24:13 - [MESSAGE][PASSED] - Keys 'TAB + Work' sent to object: 'Object Repository/PartyOnboarding/Personal/PartyContacts/Contact Type  Location'&#xD;
&#xD;
2019-08-22 09:24:13 - [MESSAGE][PASSED] - Object 'Object Repository/PartyOnboarding/Personal/PartyContacts/Contact Email' is visible&#xD;
&#xD;
2019-08-22 09:24:13 - [MESSAGE][PASSED] - Object 'Object Repository/PartyOnboarding/Personal/PartyContacts/Contact Email' has attribute 'readonly'&#xD;
&#xD;
2019-08-22 09:24:13 - [MESSAGE][PASSED] - Object 'Object Repository/PartyOnboarding/Personal/PartyContacts/Contact Number_03_Code' is visible&#xD;
&#xD;
2019-08-22 09:24:13 - [MESSAGE][PASSED] - Text of object 'Object Repository/PartyOnboarding/Personal/PartyContacts/Contact Number_03_Code' is cleared&#xD;
&#xD;
2019-08-22 09:24:13 - [MESSAGE][PASSED] - Object 'Object Repository/PartyOnboarding/Personal/PartyContacts/Contact Number_03_Code' is visible&#xD;
&#xD;
2019-08-22 09:24:13 - [MESSAGE][PASSED] - Keys '+1' sent to object: 'Object Repository/PartyOnboarding/Personal/PartyContacts/Contact Number_03_Code'&#xD;
&#xD;
2019-08-22 09:24:13 - [MESSAGE][PASSED] - Object 'Object Repository/PartyOnboarding/Personal/PartyContacts/Contact Number_AreaCode' is visible&#xD;
&#xD;
2019-08-22 09:24:13 - [MESSAGE][PASSED] - Keys '' sent to object: 'Object Repository/PartyOnboarding/Personal/PartyContacts/Contact Number_AreaCode'&#xD;
&#xD;
2019-08-22 09:24:13 - [MESSAGE][PASSED] - Object 'Object Repository/PartyOnboarding/Personal/PartyContacts/Contact Number_Number' is visible&#xD;
&#xD;
2019-08-22 09:24:14 - [MESSAGE][PASSED] - Keys '9697989901' sent to object: 'Object Repository/PartyOnboarding/Personal/PartyContacts/Contact Number_Number'&#xD;
&#xD;
2019-08-22 09:24:14 - [MESSAGE][PASSED] - Object 'Object Repository/PartyOnboarding/Personal/PartyContacts/Contact Number_03_Code' is visible&#xD;
&#xD;
2019-08-22 09:24:14 - [MESSAGE][WARNING] - Object 'Object Repository/PartyOnboarding/Personal/PartyContacts/Contact Number_03_Code' does not have attribute 'readonly' (Root cause: com.kms.katalon.core.exception.StepFailedException: Object 'Object Repository/PartyOnboarding/Personal/PartyContacts/Contact Number_03_Code' does not have attribute 'readonly'&#xD;
	at com.kms.katalon.core.webui.keyword.internal.WebUIKeywordMain.stepFailed(WebUIKeywordMain.groovy:64)&#xD;
	at com.kms.katalon.core.webui.keyword.builtin.VerifyElementHasAttributeKeyword$_verifyElementHasAttribute_closure1.doCall(VerifyElementHasAttributeKeyword.groovy:89)&#xD;
	at com.kms.katalon.core.webui.keyword.builtin.VerifyElementHasAttributeKeyword$_verifyElementHasAttribute_closure1.call(VerifyElementHasAttributeKeyword.groovy)&#xD;
	at com.kms.katalon.core.webui.keyword.internal.WebUIKeywordMain.runKeyword(WebUIKeywordMain.groovy:20)&#xD;
	at com.kms.katalon.core.webui.keyword.builtin.VerifyElementHasAttributeKeyword.verifyElementHasAttribute(VerifyElementHasAttributeKeyword.groovy:100)&#xD;
	at com.kms.katalon.core.webui.keyword.builtin.VerifyElementHasAttributeKeyword.execute(VerifyElementHasAttributeKeyword.groovy:69)&#xD;
	at com.kms.katalon.core.keyword.internal.KeywordExecutor.executeKeywordForPlatform(KeywordExecutor.groovy:56)&#xD;
	at com.kms.katalon.core.webui.keyword.WebUiBuiltInKeywords.verifyElementHasAttribute(WebUiBuiltInKeywords.groovy:3166)&#xD;
	at com.kms.katalon.core.webui.keyword.WebUiBuiltInKeywords$verifyElementHasAttribute$11.call(Unknown Source)&#xD;
	at pageObjects.PartyOnboarding.inputDataForPartyContacts(PartyOnboarding.groovy:736)&#xD;
	at PartyOnboardingEnterprise.run(PartyOnboardingEnterprise:61)&#xD;
	at com.kms.katalon.core.main.ScriptEngine.run(ScriptEngine.java:194)&#xD;
	at com.kms.katalon.core.main.ScriptEngine.runScriptAsRawText(ScriptEngine.java:119)&#xD;
	at com.kms.katalon.core.main.TestCaseExecutor.runScript(TestCaseExecutor.java:337)&#xD;
	at com.kms.katalon.core.main.TestCaseExecutor.doExecute(TestCaseExecutor.java:328)&#xD;
	at com.kms.katalon.core.main.TestCaseExecutor.processExecutionPhase(TestCaseExecutor.java:307)&#xD;
	at com.kms.katalon.core.main.TestCaseExecutor.accessMainPhase(TestCaseExecutor.java:299)&#xD;
	at com.kms.katalon.core.main.TestCaseExecutor.execute(TestCaseExecutor.java:233)&#xD;
	at com.kms.katalon.core.main.TestSuiteExecutor.accessTestCaseMainPhase(TestSuiteExecutor.java:133)&#xD;
	at com.kms.katalon.core.main.TestSuiteExecutor.accessTestSuiteMainPhase(TestSuiteExecutor.java:116)&#xD;
	at com.kms.katalon.core.main.TestSuiteExecutor.execute(TestSuiteExecutor.java:83)&#xD;
	at com.kms.katalon.core.main.TestCaseMain.startTestSuite(TestCaseMain.java:157)&#xD;
	at com.kms.katalon.core.main.TestCaseMain$startTestSuite$0.call(Unknown Source)&#xD;
	at TempTestSuite1566441935163.run(TempTestSuite1566441935163.groovy:35)&#xD;
)&#xD;
[[ATTACHMENT|C:\\ML\\JITS\\AYA\\Automation\\FBE\\FBE\\Reports\\DataPreparation\\PartyOnboardingPersonal\\20190822_091535\\1566442454153.png]]&#xD;
&#xD;
2019-08-22 09:24:14 - [MESSAGE][PASSED] - Object 'Object Repository/PartyOnboarding/Personal/PartyContacts/Valid From' is visible&#xD;
&#xD;
2019-08-22 09:24:14 - [MESSAGE][PASSED] - Text of object 'Object Repository/PartyOnboarding/Personal/PartyContacts/Valid From' is cleared&#xD;
&#xD;
2019-08-22 09:24:14 - [MESSAGE][PASSED] - Object 'Object Repository/PartyOnboarding/Personal/PartyContacts/Valid From' is visible&#xD;
&#xD;
2019-08-22 09:24:14 - [MESSAGE][PASSED] - Keys '2018-01-24' sent to object: 'Object Repository/PartyOnboarding/Personal/PartyContacts/Valid From'&#xD;
&#xD;
2019-08-22 09:24:14 - [MESSAGE][PASSED] - Object 'Object Repository/PartyOnboarding/Personal/PartyContacts/Save Row' is visible&#xD;
&#xD;
2019-08-22 09:24:15 - [MESSAGE][PASSED] - Execute JavaScript 'arguments[0].click();' successfully&#xD;
&#xD;
2019-08-22 09:24:15 - [MESSAGE][PASSED] - Object 'Object Repository/PartyOnboarding/Personal/PartyContacts/New Row' is visible&#xD;
&#xD;
2019-08-22 09:24:15 - [MESSAGE][PASSED] - Execute JavaScript 'arguments[0].click();' successfully&#xD;
&#xD;
2019-08-22 09:24:16 - [MESSAGE][PASSED] - Delayed 1 second(s)&#xD;
&#xD;
2019-08-22 09:24:16 - [MESSAGE][PASSED] - Object 'Object Repository/PartyOnboarding/Personal/PartyContacts/Contact Method' is visible&#xD;
&#xD;
2019-08-22 09:24:16 - [MESSAGE][PASSED] - Keys 'TAB + Email' sent to object: 'Object Repository/PartyOnboarding/Personal/PartyContacts/Contact Method'&#xD;
&#xD;
2019-08-22 09:24:17 - [MESSAGE][PASSED] - Delayed 1 second(s)&#xD;
&#xD;
2019-08-22 09:24:17 - [MESSAGE][PASSED] - Object 'Object Repository/PartyOnboarding/Personal/PartyContacts/Contact Type  Location' is visible&#xD;
&#xD;
2019-08-22 09:24:17 - [MESSAGE][PASSED] - Keys 'TAB + Personal' sent to object: 'Object Repository/PartyOnboarding/Personal/PartyContacts/Contact Type  Location'&#xD;
&#xD;
2019-08-22 09:24:17 - [MESSAGE][PASSED] - Object 'Object Repository/PartyOnboarding/Personal/PartyContacts/Contact Email' is visible&#xD;
&#xD;
2019-08-22 09:24:18 - [MESSAGE][WARNING] - Object 'Object Repository/PartyOnboarding/Personal/PartyContacts/Contact Email' does not have attribute 'readonly' (Root cause: com.kms.katalon.core.exception.StepFailedException: Object 'Object Repository/PartyOnboarding/Personal/PartyContacts/Contact Email' does not have attribute 'readonly'&#xD;
	at com.kms.katalon.core.webui.keyword.internal.WebUIKeywordMain.stepFailed(WebUIKeywordMain.groovy:64)&#xD;
	at com.kms.katalon.core.webui.keyword.builtin.VerifyElementHasAttributeKeyword$_verifyElementHasAttribute_closure1.doCall(VerifyElementHasAttributeKeyword.groovy:89)&#xD;
	at com.kms.katalon.core.webui.keyword.builtin.VerifyElementHasAttributeKeyword$_verifyElementHasAttribute_closure1.call(VerifyElementHasAttributeKeyword.groovy)&#xD;
	at com.kms.katalon.core.webui.keyword.internal.WebUIKeywordMain.runKeyword(WebUIKeywordMain.groovy:20)&#xD;
	at com.kms.katalon.core.webui.keyword.builtin.VerifyElementHasAttributeKeyword.verifyElementHasAttribute(VerifyElementHasAttributeKeyword.groovy:100)&#xD;
	at com.kms.katalon.core.webui.keyword.builtin.VerifyElementHasAttributeKeyword.execute(VerifyElementHasAttributeKeyword.groovy:69)&#xD;
	at com.kms.katalon.core.keyword.internal.KeywordExecutor.executeKeywordForPlatform(KeywordExecutor.groovy:56)&#xD;
	at com.kms.katalon.core.webui.keyword.WebUiBuiltInKeywords.verifyElementHasAttribute(WebUiBuiltInKeywords.groovy:3166)&#xD;
	at com.kms.katalon.core.webui.keyword.WebUiBuiltInKeywords$verifyElementHasAttribute$11.call(Unknown Source)&#xD;
	at pageObjects.PartyOnboarding.inputDataForPartyContacts(PartyOnboarding.groovy:721)&#xD;
	at PartyOnboardingEnterprise.run(PartyOnboardingEnterprise:61)&#xD;
	at com.kms.katalon.core.main.ScriptEngine.run(ScriptEngine.java:194)&#xD;
	at com.kms.katalon.core.main.ScriptEngine.runScriptAsRawText(ScriptEngine.java:119)&#xD;
	at com.kms.katalon.core.main.TestCaseExecutor.runScript(TestCaseExecutor.java:337)&#xD;
	at com.kms.katalon.core.main.TestCaseExecutor.doExecute(TestCaseExecutor.java:328)&#xD;
	at com.kms.katalon.core.main.TestCaseExecutor.processExecutionPhase(TestCaseExecutor.java:307)&#xD;
	at com.kms.katalon.core.main.TestCaseExecutor.accessMainPhase(TestCaseExecutor.java:299)&#xD;
	at com.kms.katalon.core.main.TestCaseExecutor.execute(TestCaseExecutor.java:233)&#xD;
	at com.kms.katalon.core.main.TestSuiteExecutor.accessTestCaseMainPhase(TestSuiteExecutor.java:133)&#xD;
	at com.kms.katalon.core.main.TestSuiteExecutor.accessTestSuiteMainPhase(TestSuiteExecutor.java:116)&#xD;
	at com.kms.katalon.core.main.TestSuiteExecutor.execute(TestSuiteExecutor.java:83)&#xD;
	at com.kms.katalon.core.main.TestCaseMain.startTestSuite(TestCaseMain.java:157)&#xD;
	at com.kms.katalon.core.main.TestCaseMain$startTestSuite$0.call(Unknown Source)&#xD;
	at TempTestSuite1566441935163.run(TempTestSuite1566441935163.groovy:35)&#xD;
)&#xD;
[[ATTACHMENT|C:\\ML\\JITS\\AYA\\Automation\\FBE\\FBE\\Reports\\DataPreparation\\PartyOnboardingPersonal\\20190822_091535\\1566442457753.png]]&#xD;
&#xD;
2019-08-22 09:24:18 - [MESSAGE][PASSED] - Object 'Object Repository/PartyOnboarding/Personal/PartyContacts/Contact Number_03_Code' is visible&#xD;
&#xD;
2019-08-22 09:24:18 - [MESSAGE][PASSED] - Object 'Object Repository/PartyOnboarding/Personal/PartyContacts/Contact Number_03_Code' has attribute 'readonly'&#xD;
&#xD;
2019-08-22 09:24:18 - [MESSAGE][PASSED] - Object 'Object Repository/PartyOnboarding/Personal/PartyContacts/Contact Email' is visible&#xD;
&#xD;
2019-08-22 09:24:18 - [MESSAGE][PASSED] - Keys 'nguyenthimyle@gmail.com' sent to object: 'Object Repository/PartyOnboarding/Personal/PartyContacts/Contact Email'&#xD;
&#xD;
2019-08-22 09:24:18 - [MESSAGE][PASSED] - Object 'Object Repository/PartyOnboarding/Personal/PartyContacts/Confirm Email' is visible&#xD;
&#xD;
2019-08-22 09:24:19 - [MESSAGE][PASSED] - Keys 'nguyenthimyle@gmail.com' sent to object: 'Object Repository/PartyOnboarding/Personal/PartyContacts/Confirm Email'&#xD;
&#xD;
2019-08-22 09:24:19 - [MESSAGE][PASSED] - Object 'Object Repository/PartyOnboarding/Personal/PartyContacts/Valid From' is visible&#xD;
&#xD;
2019-08-22 09:24:19 - [MESSAGE][PASSED] - Text of object 'Object Repository/PartyOnboarding/Personal/PartyContacts/Valid From' is cleared&#xD;
&#xD;
2019-08-22 09:24:19 - [MESSAGE][PASSED] - Object 'Object Repository/PartyOnboarding/Personal/PartyContacts/Valid From' is visible&#xD;
&#xD;
2019-08-22 09:24:20 - [MESSAGE][PASSED] - Keys '2017-01-24' sent to object: 'Object Repository/PartyOnboarding/Personal/PartyContacts/Valid From'&#xD;
&#xD;
2019-08-22 09:24:20 - [MESSAGE][PASSED] - Object 'Object Repository/PartyOnboarding/Personal/PartyContacts/Save Row' is visible&#xD;
&#xD;
2019-08-22 09:24:20 - [MESSAGE][PASSED] - Execute JavaScript 'arguments[0].click();' successfully&#xD;
&#xD;
2019-08-22 09:24:20 - [TEST_STEP][PASSED] - partyOnboardingEnterprise.clickNextbutton(): Object: 'Object Repository/PartyOnboarding/btn_Next' is clicked on&#xD;
&#xD;
2019-08-22 09:24:20 - [MESSAGE][PASSED] - Object 'Object Repository/PartyOnboarding/btn_Next' is visible&#xD;
&#xD;
2019-08-22 09:24:20 - [MESSAGE][PASSED] - Object: 'Object Repository/PartyOnboarding/btn_Next' is clicked on&#xD;
&#xD;
2019-08-22 09:24:20 - [TEST_STEP][PASSED] - partyOnboardingEnterprise.inputDataForPartyRequiredDocuments(s06_documentCategory, s06_kycExpired, s06_documentType, s06_validFrom, s06_validTo, s06_referenceNumber, s06_issuingAuthority, s06_issuingCountry, s06_documentVerified, s06_image, s06_documentCollectionStatus): Keys 'Documents collected and validated centrally' sent to object: 'Object Repository/PartyOnboarding/Personal/PartyRequiredDocument/ddl_DocumentsCollectionStatus'&#xD;
&#xD;
2019-08-22 09:24:21 - [MESSAGE][PASSED] - Delayed 1 second(s)&#xD;
&#xD;
2019-08-22 09:24:21 - [MESSAGE][PASSED] - Object 'Object Repository/PartyOnboarding/Personal/PartyRequiredDocument/New Row' is visible&#xD;
&#xD;
2019-08-22 09:24:21 - [MESSAGE][PASSED] - Execute JavaScript 'arguments[0].click();' successfully&#xD;
&#xD;
2019-08-22 09:24:21 - [MESSAGE][PASSED] - Object 'Object Repository/PartyOnboarding/Personal/PartyRequiredDocument/DocumentCategory' is visible&#xD;
&#xD;
2019-08-22 09:24:22 - [MESSAGE][PASSED] - Keys 'TAB + PT-AUTHORIZED MYCO USER' sent to object: 'Object Repository/PartyOnboarding/Personal/PartyRequiredDocument/DocumentCategory'&#xD;
&#xD;
2019-08-22 09:24:23 - [MESSAGE][PASSED] - Delayed 1 second(s)&#xD;
&#xD;
2019-08-22 09:24:23 - [MESSAGE][PASSED] - Object 'Object Repository/PartyOnboarding/Personal/PartyRequiredDocument/Document Type' is visible&#xD;
&#xD;
2019-08-22 09:24:24 - [MESSAGE][PASSED] - Keys 'TAB + AUTHORIZED MYCO USER' sent to object: 'Object Repository/PartyOnboarding/Personal/PartyRequiredDocument/Document Type'&#xD;
&#xD;
2019-08-22 09:24:25 - [MESSAGE][PASSED] - Delayed 1 second(s)&#xD;
&#xD;
2019-08-22 09:24:25 - [MESSAGE][PASSED] - Object 'Object Repository/PartyOnboarding/Personal/PartyRequiredDocument/Issuing Country' is visible&#xD;
&#xD;
2019-08-22 09:24:26 - [MESSAGE][PASSED] - Keys 'Myanmar' sent to object: 'Object Repository/PartyOnboarding/Personal/PartyRequiredDocument/Issuing Country'&#xD;
&#xD;
2019-08-22 09:24:27 - [MESSAGE][PASSED] - Delayed 1 second(s)&#xD;
&#xD;
2019-08-22 09:24:27 - [MESSAGE][PASSED] - Object 'Object Repository/PartyOnboarding/Personal/PartyRequiredDocument/Document Verified' is visible&#xD;
&#xD;
2019-08-22 09:24:27 - [MESSAGE][PASSED] - Keys 'TAB + TRUE' sent to object: 'Object Repository/PartyOnboarding/Personal/PartyRequiredDocument/Document Verified'&#xD;
&#xD;
2019-08-22 09:24:27 - [MESSAGE][PASSED] - Object 'Object Repository/PartyOnboarding/Personal/PartyRequiredDocument/Save Row' is visible&#xD;
&#xD;
2019-08-22 09:24:27 - [MESSAGE][PASSED] - Execute JavaScript 'arguments[0].click();' successfully&#xD;
&#xD;
2019-08-22 09:24:27 - [MESSAGE][PASSED] - Object 'Object Repository/PartyOnboarding/Personal/PartyRequiredDocument/New Row' is visible&#xD;
&#xD;
2019-08-22 09:24:27 - [MESSAGE][PASSED] - Execute JavaScript 'arguments[0].click();' successfully&#xD;
&#xD;
2019-08-22 09:24:27 - [MESSAGE][PASSED] - Object 'Object Repository/PartyOnboarding/Personal/PartyRequiredDocument/DocumentCategory' is visible&#xD;
&#xD;
2019-08-22 09:24:29 - [MESSAGE][PASSED] - Keys 'TAB + PT-BOARD OF DIRECTORS RESOLUTION' sent to object: 'Object Repository/PartyOnboarding/Personal/PartyRequiredDocument/DocumentCategory'&#xD;
&#xD;
2019-08-22 09:24:30 - [MESSAGE][PASSED] - Delayed 1 second(s)&#xD;
&#xD;
2019-08-22 09:24:30 - [MESSAGE][PASSED] - Object 'Object Repository/PartyOnboarding/Personal/PartyRequiredDocument/Document Type' is visible&#xD;
&#xD;
2019-08-22 09:24:31 - [MESSAGE][PASSED] - Keys 'TAB + BOARD OF DIRECTORS RESOLUTION' sent to object: 'Object Repository/PartyOnboarding/Personal/PartyRequiredDocument/Document Type'&#xD;
&#xD;
2019-08-22 09:24:32 - [MESSAGE][PASSED] - Delayed 1 second(s)&#xD;
&#xD;
2019-08-22 09:24:32 - [MESSAGE][PASSED] - Object 'Object Repository/PartyOnboarding/Personal/PartyRequiredDocument/Issuing Country' is visible&#xD;
&#xD;
2019-08-22 09:24:32 - [MESSAGE][PASSED] - Keys 'Myanmar' sent to object: 'Object Repository/PartyOnboarding/Personal/PartyRequiredDocument/Issuing Country'&#xD;
&#xD;
2019-08-22 09:24:33 - [MESSAGE][PASSED] - Delayed 1 second(s)&#xD;
&#xD;
2019-08-22 09:24:33 - [MESSAGE][PASSED] - Object 'Object Repository/PartyOnboarding/Personal/PartyRequiredDocument/Document Verified' is visible&#xD;
&#xD;
2019-08-22 09:24:34 - [MESSAGE][PASSED] - Keys 'TAB + TRUE' sent to object: 'Object Repository/PartyOnboarding/Personal/PartyRequiredDocument/Document Verified'&#xD;
&#xD;
2019-08-22 09:24:34 - [MESSAGE][PASSED] - Object 'Object Repository/PartyOnboarding/Personal/PartyRequiredDocument/Save Row' is visible&#xD;
&#xD;
2019-08-22 09:24:34 - [MESSAGE][PASSED] - Execute JavaScript 'arguments[0].click();' successfully&#xD;
&#xD;
2019-08-22 09:24:34 - [MESSAGE][PASSED] - Object 'Object Repository/PartyOnboarding/Personal/PartyRequiredDocument/New Row' is visible&#xD;
&#xD;
2019-08-22 09:24:34 - [MESSAGE][PASSED] - Execute JavaScript 'arguments[0].click();' successfully&#xD;
&#xD;
2019-08-22 09:24:34 - [MESSAGE][PASSED] - Object 'Object Repository/PartyOnboarding/Personal/PartyRequiredDocument/DocumentCategory' is visible&#xD;
&#xD;
2019-08-22 09:24:35 - [MESSAGE][PASSED] - Keys 'TAB + PT-CERTIFICATE OF INCORPORATION' sent to object: 'Object Repository/PartyOnboarding/Personal/PartyRequiredDocument/DocumentCategory'&#xD;
&#xD;
2019-08-22 09:24:36 - [MESSAGE][PASSED] - Delayed 1 second(s)&#xD;
&#xD;
2019-08-22 09:24:36 - [MESSAGE][PASSED] - Object 'Object Repository/PartyOnboarding/Personal/PartyRequiredDocument/Document Type' is visible&#xD;
&#xD;
2019-08-22 09:24:38 - [MESSAGE][PASSED] - Keys 'TAB + CERTIFICATE OF INCORPORATION' sent to object: 'Object Repository/PartyOnboarding/Personal/PartyRequiredDocument/Document Type'&#xD;
&#xD;
2019-08-22 09:24:39 - [MESSAGE][PASSED] - Delayed 1 second(s)&#xD;
&#xD;
2019-08-22 09:24:39 - [MESSAGE][PASSED] - Object 'Object Repository/PartyOnboarding/Personal/PartyRequiredDocument/Issuing Country' is visible&#xD;
&#xD;
2019-08-22 09:24:39 - [MESSAGE][PASSED] - Keys 'Myanmar' sent to object: 'Object Repository/PartyOnboarding/Personal/PartyRequiredDocument/Issuing Country'&#xD;
&#xD;
2019-08-22 09:24:40 - [MESSAGE][PASSED] - Delayed 1 second(s)&#xD;
&#xD;
2019-08-22 09:24:40 - [MESSAGE][PASSED] - Object 'Object Repository/PartyOnboarding/Personal/PartyRequiredDocument/Document Verified' is visible&#xD;
&#xD;
2019-08-22 09:24:40 - [MESSAGE][PASSED] - Keys 'TAB + TRUE' sent to object: 'Object Repository/PartyOnboarding/Personal/PartyRequiredDocument/Document Verified'&#xD;
&#xD;
2019-08-22 09:24:40 - [MESSAGE][PASSED] - Object 'Object Repository/PartyOnboarding/Personal/PartyRequiredDocument/Save Row' is visible&#xD;
&#xD;
2019-08-22 09:24:40 - [MESSAGE][PASSED] - Execute JavaScript 'arguments[0].click();' successfully&#xD;
&#xD;
2019-08-22 09:24:40 - [MESSAGE][PASSED] - Object 'Object Repository/PartyOnboarding/Personal/PartyRequiredDocument/New Row' is visible&#xD;
&#xD;
2019-08-22 09:24:40 - [MESSAGE][PASSED] - Execute JavaScript 'arguments[0].click();' successfully&#xD;
&#xD;
2019-08-22 09:24:40 - [MESSAGE][PASSED] - Object 'Object Repository/PartyOnboarding/Personal/PartyRequiredDocument/DocumentCategory' is visible&#xD;
&#xD;
2019-08-22 09:24:41 - [MESSAGE][PASSED] - Keys 'TAB + PT-FILING HISTORY' sent to object: 'Object Repository/PartyOnboarding/Personal/PartyRequiredDocument/DocumentCategory'&#xD;
&#xD;
2019-08-22 09:24:42 - [MESSAGE][PASSED] - Delayed 1 second(s)&#xD;
&#xD;
2019-08-22 09:24:42 - [MESSAGE][PASSED] - Object 'Object Repository/PartyOnboarding/Personal/PartyRequiredDocument/Document Type' is visible&#xD;
&#xD;
2019-08-22 09:24:43 - [MESSAGE][PASSED] - Keys 'TAB + FILING HISTORY' sent to object: 'Object Repository/PartyOnboarding/Personal/PartyRequiredDocument/Document Type'&#xD;
&#xD;
2019-08-22 09:24:44 - [MESSAGE][PASSED] - Delayed 1 second(s)&#xD;
&#xD;
2019-08-22 09:24:44 - [MESSAGE][PASSED] - Object 'Object Repository/PartyOnboarding/Personal/PartyRequiredDocument/Issuing Country' is visible&#xD;
&#xD;
2019-08-22 09:24:44 - [MESSAGE][PASSED] - Keys 'Myanmar' sent to object: 'Object Repository/PartyOnboarding/Personal/PartyRequiredDocument/Issuing Country'&#xD;
&#xD;
2019-08-22 09:24:45 - [MESSAGE][PASSED] - Delayed 1 second(s)&#xD;
&#xD;
2019-08-22 09:24:45 - [MESSAGE][PASSED] - Object 'Object Repository/PartyOnboarding/Personal/PartyRequiredDocument/Document Verified' is visible&#xD;
&#xD;
2019-08-22 09:24:46 - [MESSAGE][PASSED] - Keys 'TAB + TRUE' sent to object: 'Object Repository/PartyOnboarding/Personal/PartyRequiredDocument/Document Verified'&#xD;
&#xD;
2019-08-22 09:24:46 - [MESSAGE][PASSED] - Object 'Object Repository/PartyOnboarding/Personal/PartyRequiredDocument/Save Row' is visible&#xD;
&#xD;
2019-08-22 09:24:46 - [MESSAGE][PASSED] - Execute JavaScript 'arguments[0].click();' successfully&#xD;
&#xD;
2019-08-22 09:24:46 - [MESSAGE][PASSED] - Object 'Object Repository/PartyOnboarding/Personal/PartyRequiredDocument/New Row' is visible&#xD;
&#xD;
2019-08-22 09:24:46 - [MESSAGE][PASSED] - Execute JavaScript 'arguments[0].click();' successfully&#xD;
&#xD;
2019-08-22 09:24:46 - [MESSAGE][PASSED] - Object 'Object Repository/PartyOnboarding/Personal/PartyRequiredDocument/DocumentCategory' is visible&#xD;
&#xD;
2019-08-22 09:24:47 - [MESSAGE][PASSED] - Keys 'TAB + PT-FORM QA 22(FOREIGNER)' sent to object: 'Object Repository/PartyOnboarding/Personal/PartyRequiredDocument/DocumentCategory'&#xD;
&#xD;
2019-08-22 09:24:48 - [MESSAGE][PASSED] - Delayed 1 second(s)&#xD;
&#xD;
2019-08-22 09:24:48 - [MESSAGE][PASSED] - Object 'Object Repository/PartyOnboarding/Personal/PartyRequiredDocument/Document Type' is visible&#xD;
&#xD;
2019-08-22 09:24:49 - [MESSAGE][PASSED] - Keys 'TAB + FORM QA 22(FOREIGNER)' sent to object: 'Object Repository/PartyOnboarding/Personal/PartyRequiredDocument/Document Type'&#xD;
&#xD;
2019-08-22 09:24:50 - [MESSAGE][PASSED] - Delayed 1 second(s)&#xD;
&#xD;
2019-08-22 09:24:50 - [MESSAGE][PASSED] - Object 'Object Repository/PartyOnboarding/Personal/PartyRequiredDocument/Issuing Country' is visible&#xD;
&#xD;
2019-08-22 09:24:50 - [MESSAGE][PASSED] - Keys 'Myanmar' sent to object: 'Object Repository/PartyOnboarding/Personal/PartyRequiredDocument/Issuing Country'&#xD;
&#xD;
2019-08-22 09:24:51 - [MESSAGE][PASSED] - Delayed 1 second(s)&#xD;
&#xD;
2019-08-22 09:24:51 - [MESSAGE][PASSED] - Object 'Object Repository/PartyOnboarding/Personal/PartyRequiredDocument/Document Verified' is visible&#xD;
&#xD;
2019-08-22 09:24:52 - [MESSAGE][PASSED] - Keys 'TAB + TRUE' sent to object: 'Object Repository/PartyOnboarding/Personal/PartyRequiredDocument/Document Verified'&#xD;
&#xD;
2019-08-22 09:24:52 - [MESSAGE][PASSED] - Object 'Object Repository/PartyOnboarding/Personal/PartyRequiredDocument/Save Row' is visible&#xD;
&#xD;
2019-08-22 09:24:52 - [MESSAGE][PASSED] - Execute JavaScript 'arguments[0].click();' successfully&#xD;
&#xD;
2019-08-22 09:24:52 - [MESSAGE][PASSED] - Object 'Object Repository/PartyOnboarding/Personal/PartyRequiredDocument/New Row' is visible&#xD;
&#xD;
2019-08-22 09:24:52 - [MESSAGE][PASSED] - Execute JavaScript 'arguments[0].click();' successfully&#xD;
&#xD;
2019-08-22 09:24:52 - [MESSAGE][PASSED] - Object 'Object Repository/PartyOnboarding/Personal/PartyRequiredDocument/DocumentCategory' is visible&#xD;
&#xD;
2019-08-22 09:24:54 - [MESSAGE][PASSED] - Keys 'TAB + PT-LIST OF DIRECTORS AND MEMBER DETAILS' sent to object: 'Object Repository/PartyOnboarding/Personal/PartyRequiredDocument/DocumentCategory'&#xD;
&#xD;
2019-08-22 09:24:55 - [MESSAGE][PASSED] - Delayed 1 second(s)&#xD;
&#xD;
2019-08-22 09:24:55 - [MESSAGE][PASSED] - Object 'Object Repository/PartyOnboarding/Personal/PartyRequiredDocument/Document Type' is visible&#xD;
&#xD;
2019-08-22 09:24:56 - [MESSAGE][PASSED] - Keys 'TAB + LIST OF DIRECTORS AND MEMBER DETAILS' sent to object: 'Object Repository/PartyOnboarding/Personal/PartyRequiredDocument/Document Type'&#xD;
&#xD;
2019-08-22 09:24:57 - [MESSAGE][PASSED] - Delayed 1 second(s)&#xD;
&#xD;
2019-08-22 09:24:57 - [MESSAGE][PASSED] - Object 'Object Repository/PartyOnboarding/Personal/PartyRequiredDocument/Issuing Country' is visible&#xD;
&#xD;
2019-08-22 09:24:58 - [MESSAGE][PASSED] - Keys 'Myanmar' sent to object: 'Object Repository/PartyOnboarding/Personal/PartyRequiredDocument/Issuing Country'&#xD;
&#xD;
2019-08-22 09:24:59 - [MESSAGE][PASSED] - Delayed 1 second(s)&#xD;
&#xD;
2019-08-22 09:24:59 - [MESSAGE][PASSED] - Object 'Object Repository/PartyOnboarding/Personal/PartyRequiredDocument/Document Verified' is visible&#xD;
&#xD;
2019-08-22 09:24:59 - [MESSAGE][PASSED] - Keys 'TAB + TRUE' sent to object: 'Object Repository/PartyOnboarding/Personal/PartyRequiredDocument/Document Verified'&#xD;
&#xD;
2019-08-22 09:24:59 - [MESSAGE][PASSED] - Object 'Object Repository/PartyOnboarding/Personal/PartyRequiredDocument/Save Row' is visible&#xD;
&#xD;
2019-08-22 09:24:59 - [MESSAGE][PASSED] - Execute JavaScript 'arguments[0].click();' successfully&#xD;
&#xD;
2019-08-22 09:24:59 - [MESSAGE][PASSED] - Object 'Object Repository/PartyOnboarding/Personal/PartyRequiredDocument/New Row' is visible&#xD;
&#xD;
2019-08-22 09:24:59 - [MESSAGE][PASSED] - Execute JavaScript 'arguments[0].click();' successfully&#xD;
&#xD;
2019-08-22 09:24:59 - [MESSAGE][PASSED] - Object 'Object Repository/PartyOnboarding/Personal/PartyRequiredDocument/DocumentCategory' is visible&#xD;
&#xD;
2019-08-22 09:25:01 - [MESSAGE][PASSED] - Keys 'TAB + PT-LIST OF SHAREHOLDERS AND MEMBER DETAILS' sent to object: 'Object Repository/PartyOnboarding/Personal/PartyRequiredDocument/DocumentCategory'&#xD;
&#xD;
2019-08-22 09:25:02 - [MESSAGE][PASSED] - Delayed 1 second(s)&#xD;
&#xD;
2019-08-22 09:25:02 - [MESSAGE][PASSED] - Object 'Object Repository/PartyOnboarding/Personal/PartyRequiredDocument/Document Type' is visible&#xD;
&#xD;
2019-08-22 09:25:04 - [MESSAGE][PASSED] - Keys 'TAB + LIST OF SHAREHOLDERS AND MEMBER DETAILS' sent to object: 'Object Repository/PartyOnboarding/Personal/PartyRequiredDocument/Document Type'&#xD;
&#xD;
2019-08-22 09:25:05 - [MESSAGE][PASSED] - Delayed 1 second(s)&#xD;
&#xD;
2019-08-22 09:25:05 - [MESSAGE][PASSED] - Object 'Object Repository/PartyOnboarding/Personal/PartyRequiredDocument/Issuing Country' is visible&#xD;
&#xD;
2019-08-22 09:25:05 - [MESSAGE][PASSED] - Keys 'Myanmar' sent to object: 'Object Repository/PartyOnboarding/Personal/PartyRequiredDocument/Issuing Country'&#xD;
&#xD;
2019-08-22 09:25:06 - [MESSAGE][PASSED] - Delayed 1 second(s)&#xD;
&#xD;
2019-08-22 09:25:06 - [MESSAGE][PASSED] - Object 'Object Repository/PartyOnboarding/Personal/PartyRequiredDocument/Document Verified' is visible&#xD;
&#xD;
2019-08-22 09:25:07 - [MESSAGE][PASSED] - Keys 'TAB + TRUE' sent to object: 'Object Repository/PartyOnboarding/Personal/PartyRequiredDocument/Document Verified'&#xD;
&#xD;
2019-08-22 09:25:07 - [MESSAGE][PASSED] - Object 'Object Repository/PartyOnboarding/Personal/PartyRequiredDocument/Save Row' is visible&#xD;
&#xD;
2019-08-22 09:25:07 - [MESSAGE][PASSED] - Execute JavaScript 'arguments[0].click();' successfully&#xD;
&#xD;
2019-08-22 09:25:07 - [MESSAGE][PASSED] - Object 'Object Repository/PartyOnboarding/Personal/PartyRequiredDocument/New Row' is visible&#xD;
&#xD;
2019-08-22 09:25:07 - [MESSAGE][PASSED] - Execute JavaScript 'arguments[0].click();' successfully&#xD;
&#xD;
2019-08-22 09:25:07 - [MESSAGE][PASSED] - Object 'Object Repository/PartyOnboarding/Personal/PartyRequiredDocument/DocumentCategory' is visible&#xD;
&#xD;
2019-08-22 09:25:09 - [MESSAGE][PASSED] - Keys 'TAB + PT-NRC/PASSPORT COPY OF AUTHORIZED SIGNATORY' sent to object: 'Object Repository/PartyOnboarding/Personal/PartyRequiredDocument/DocumentCategory'&#xD;
&#xD;
2019-08-22 09:25:10 - [MESSAGE][PASSED] - Delayed 1 second(s)&#xD;
&#xD;
2019-08-22 09:25:10 - [MESSAGE][PASSED] - Object 'Object Repository/PartyOnboarding/Personal/PartyRequiredDocument/Document Type' is visible&#xD;
&#xD;
2019-08-22 09:25:12 - [MESSAGE][PASSED] - Keys 'TAB + NRC/PASSPORT COPY OF AUTHORIZED SIGNATORY' sent to object: 'Object Repository/PartyOnboarding/Personal/PartyRequiredDocument/Document Type'&#xD;
&#xD;
2019-08-22 09:25:13 - [MESSAGE][PASSED] - Delayed 1 second(s)&#xD;
&#xD;
2019-08-22 09:25:13 - [MESSAGE][PASSED] - Object 'Object Repository/PartyOnboarding/Personal/PartyRequiredDocument/Issuing Country' is visible&#xD;
&#xD;
2019-08-22 09:25:13 - [MESSAGE][PASSED] - Keys 'Myanmar' sent to object: 'Object Repository/PartyOnboarding/Personal/PartyRequiredDocument/Issuing Country'&#xD;
&#xD;
2019-08-22 09:25:14 - [MESSAGE][PASSED] - Delayed 1 second(s)&#xD;
&#xD;
2019-08-22 09:25:14 - [MESSAGE][PASSED] - Object 'Object Repository/PartyOnboarding/Personal/PartyRequiredDocument/Document Verified' is visible&#xD;
&#xD;
2019-08-22 09:25:14 - [MESSAGE][PASSED] - Keys 'TAB + TRUE' sent to object: 'Object Repository/PartyOnboarding/Personal/PartyRequiredDocument/Document Verified'&#xD;
&#xD;
2019-08-22 09:25:14 - [MESSAGE][PASSED] - Object 'Object Repository/PartyOnboarding/Personal/PartyRequiredDocument/Save Row' is visible&#xD;
&#xD;
2019-08-22 09:25:14 - [MESSAGE][PASSED] - Execute JavaScript 'arguments[0].click();' successfully&#xD;
&#xD;
2019-08-22 09:25:15 - [MESSAGE][PASSED] - Object 'Object Repository/PartyOnboarding/Personal/PartyRequiredDocument/New Row' is visible&#xD;
&#xD;
2019-08-22 09:25:15 - [MESSAGE][PASSED] - Execute JavaScript 'arguments[0].click();' successfully&#xD;
&#xD;
2019-08-22 09:25:15 - [MESSAGE][PASSED] - Object 'Object Repository/PartyOnboarding/Personal/PartyRequiredDocument/DocumentCategory' is visible&#xD;
&#xD;
2019-08-22 09:25:16 - [MESSAGE][PASSED] - Keys 'TAB + PT-NRC/PASSPORT COPY OF SHAREHOLDERS' sent to object: 'Object Repository/PartyOnboarding/Personal/PartyRequiredDocument/DocumentCategory'&#xD;
&#xD;
2019-08-22 09:25:17 - [MESSAGE][PASSED] - Delayed 1 second(s)&#xD;
&#xD;
2019-08-22 09:25:17 - [MESSAGE][PASSED] - Object 'Object Repository/PartyOnboarding/Personal/PartyRequiredDocument/Document Type' is visible&#xD;
&#xD;
2019-08-22 09:25:19 - [MESSAGE][PASSED] - Keys 'TAB + NRC/PASSPORT COPY OF SHAREHOLDERS' sent to object: 'Object Repository/PartyOnboarding/Personal/PartyRequiredDocument/Document Type'&#xD;
&#xD;
2019-08-22 09:25:20 - [MESSAGE][PASSED] - Delayed 1 second(s)&#xD;
&#xD;
2019-08-22 09:25:20 - [MESSAGE][PASSED] - Object 'Object Repository/PartyOnboarding/Personal/PartyRequiredDocument/Issuing Country' is visible&#xD;
&#xD;
2019-08-22 09:25:20 - [MESSAGE][PASSED] - Keys 'Myanmar' sent to object: 'Object Repository/PartyOnboarding/Personal/PartyRequiredDocument/Issuing Country'&#xD;
&#xD;
2019-08-22 09:25:21 - [MESSAGE][PASSED] - Delayed 1 second(s)&#xD;
&#xD;
2019-08-22 09:25:21 - [MESSAGE][PASSED] - Object 'Object Repository/PartyOnboarding/Personal/PartyRequiredDocument/Document Verified' is visible&#xD;
&#xD;
2019-08-22 09:25:22 - [MESSAGE][PASSED] - Keys 'TAB + TRUE' sent to object: 'Object Repository/PartyOnboarding/Personal/PartyRequiredDocument/Document Verified'&#xD;
&#xD;
2019-08-22 09:25:22 - [MESSAGE][PASSED] - Object 'Object Repository/PartyOnboarding/Personal/PartyRequiredDocument/Save Row' is visible&#xD;
&#xD;
2019-08-22 09:25:22 - [MESSAGE][PASSED] - Execute JavaScript 'arguments[0].click();' successfully&#xD;
&#xD;
2019-08-22 09:25:22 - [MESSAGE][PASSED] - Object 'Object Repository/PartyOnboarding/Personal/PartyRequiredDocument/New Row' is visible&#xD;
&#xD;
2019-08-22 09:25:22 - [MESSAGE][PASSED] - Execute JavaScript 'arguments[0].click();' successfully&#xD;
&#xD;
2019-08-22 09:25:22 - [MESSAGE][PASSED] - Object 'Object Repository/PartyOnboarding/Personal/PartyRequiredDocument/DocumentCategory' is visible&#xD;
&#xD;
2019-08-22 09:25:23 - [MESSAGE][PASSED] - Keys 'TAB + PT-REGISTERED COMPANY ADDRESS' sent to object: 'Object Repository/PartyOnboarding/Personal/PartyRequiredDocument/DocumentCategory'&#xD;
&#xD;
2019-08-22 09:25:24 - [MESSAGE][PASSED] - Delayed 1 second(s)&#xD;
&#xD;
2019-08-22 09:25:24 - [MESSAGE][PASSED] - Object 'Object Repository/PartyOnboarding/Personal/PartyRequiredDocument/Document Type' is visible&#xD;
&#xD;
2019-08-22 09:25:25 - [MESSAGE][PASSED] - Keys 'TAB + REGISTERED COMPANY ADDRESS' sent to object: 'Object Repository/PartyOnboarding/Personal/PartyRequiredDocument/Document Type'&#xD;
&#xD;
2019-08-22 09:25:26 - [MESSAGE][PASSED] - Delayed 1 second(s)&#xD;
&#xD;
2019-08-22 09:25:26 - [MESSAGE][PASSED] - Object 'Object Repository/PartyOnboarding/Personal/PartyRequiredDocument/Issuing Country' is visible&#xD;
&#xD;
2019-08-22 09:25:27 - [MESSAGE][PASSED] - Keys 'Myanmar' sent to object: 'Object Repository/PartyOnboarding/Personal/PartyRequiredDocument/Issuing Country'&#xD;
&#xD;
2019-08-22 09:25:28 - [MESSAGE][PASSED] - Delayed 1 second(s)&#xD;
&#xD;
2019-08-22 09:25:28 - [MESSAGE][PASSED] - Object 'Object Repository/PartyOnboarding/Personal/PartyRequiredDocument/Document Verified' is visible&#xD;
&#xD;
2019-08-22 09:25:28 - [MESSAGE][PASSED] - Keys 'TAB + TRUE' sent to object: 'Object Repository/PartyOnboarding/Personal/PartyRequiredDocument/Document Verified'&#xD;
&#xD;
2019-08-22 09:25:28 - [MESSAGE][PASSED] - Object 'Object Repository/PartyOnboarding/Personal/PartyRequiredDocument/Save Row' is visible&#xD;
&#xD;
2019-08-22 09:25:28 - [MESSAGE][PASSED] - Execute JavaScript 'arguments[0].click();' successfully&#xD;
&#xD;
2019-08-22 09:25:28 - [MESSAGE][PASSED] - Object 'Object Repository/PartyOnboarding/Personal/PartyRequiredDocument/New Row' is visible&#xD;
&#xD;
2019-08-22 09:25:28 - [MESSAGE][PASSED] - Execute JavaScript 'arguments[0].click();' successfully&#xD;
&#xD;
2019-08-22 09:25:28 - [MESSAGE][PASSED] - Object 'Object Repository/PartyOnboarding/Personal/PartyRequiredDocument/DocumentCategory' is visible&#xD;
&#xD;
2019-08-22 09:25:31 - [MESSAGE][PASSED] - Keys 'TAB + PT-VALID VISA COPY OF AUTH. SIGNATORY(FOREIGNER)' sent to object: 'Object Repository/PartyOnboarding/Personal/PartyRequiredDocument/DocumentCategory'&#xD;
&#xD;
2019-08-22 09:25:32 - [MESSAGE][PASSED] - Delayed 1 second(s)&#xD;
&#xD;
2019-08-22 09:25:32 - [MESSAGE][PASSED] - Object 'Object Repository/PartyOnboarding/Personal/PartyRequiredDocument/Document Type' is visible&#xD;
&#xD;
2019-08-22 09:25:34 - [MESSAGE][PASSED] - Keys 'TAB + VALID VISA COPY OF AUTH. SIGNATORY(FOREIGNER)' sent to object: 'Object Repository/PartyOnboarding/Personal/PartyRequiredDocument/Document Type'&#xD;
&#xD;
2019-08-22 09:25:35 - [MESSAGE][PASSED] - Delayed 1 second(s)&#xD;
&#xD;
2019-08-22 09:25:35 - [MESSAGE][PASSED] - Object 'Object Repository/PartyOnboarding/Personal/PartyRequiredDocument/Issuing Country' is visible&#xD;
&#xD;
2019-08-22 09:25:35 - [MESSAGE][PASSED] - Keys 'Myanmar' sent to object: 'Object Repository/PartyOnboarding/Personal/PartyRequiredDocument/Issuing Country'&#xD;
&#xD;
2019-08-22 09:25:36 - [MESSAGE][PASSED] - Delayed 1 second(s)&#xD;
&#xD;
2019-08-22 09:25:36 - [MESSAGE][PASSED] - Object 'Object Repository/PartyOnboarding/Personal/PartyRequiredDocument/Document Verified' is visible&#xD;
&#xD;
2019-08-22 09:25:36 - [MESSAGE][PASSED] - Keys 'TAB + TRUE' sent to object: 'Object Repository/PartyOnboarding/Personal/PartyRequiredDocument/Document Verified'&#xD;
&#xD;
2019-08-22 09:25:36 - [MESSAGE][PASSED] - Object 'Object Repository/PartyOnboarding/Personal/PartyRequiredDocument/Save Row' is visible&#xD;
&#xD;
2019-08-22 09:25:36 - [MESSAGE][PASSED] - Execute JavaScript 'arguments[0].click();' successfully&#xD;
&#xD;
2019-08-22 09:25:36 - [MESSAGE][PASSED] - Object 'Object Repository/PartyOnboarding/Personal/PartyRequiredDocument/ddl_DocumentsCollectionStatus' is visible&#xD;
&#xD;
2019-08-22 09:25:38 - [MESSAGE][PASSED] - Keys 'Documents collected and validated centrally' sent to object: 'Object Repository/PartyOnboarding/Personal/PartyRequiredDocument/ddl_DocumentsCollectionStatus'&#xD;
&#xD;
2019-08-22 09:25:38 - [TEST_STEP][PASSED] - partyOnboardingEnterprise.clickNextbutton(): Object: 'Object Repository/PartyOnboarding/btn_Next' is clicked on&#xD;
&#xD;
2019-08-22 09:25:38 - [MESSAGE][PASSED] - Object 'Object Repository/PartyOnboarding/btn_Next' is visible&#xD;
&#xD;
2019-08-22 09:25:38 - [MESSAGE][PASSED] - Object: 'Object Repository/PartyOnboarding/btn_Next' is clicked on&#xD;
&#xD;
2019-08-22 09:25:38 - [TEST_STEP][PASSED] - delay(1): Delayed 1 second(s)&#xD;
&#xD;
2019-08-22 09:25:39 - [MESSAGE][PASSED] - Delayed 1 second(s)&#xD;
&#xD;
2019-08-22 09:25:39 - [TEST_STEP][PASSED] - log.logInfo("--- " + " Click Next button ---"): ---  Click Next button ---&#xD;
&#xD;
2019-08-22 09:25:39 - [MESSAGE][INFO] - ---  Click Next button ---&#xD;
&#xD;
2019-08-22 09:25:39 - [TEST_STEP][PASSED] - partyOnboardingEnterprise.clickNextbutton(): Object: 'Object Repository/PartyOnboarding/btn_Next' is clicked on&#xD;
&#xD;
2019-08-22 09:25:40 - [MESSAGE][PASSED] - Object 'Object Repository/PartyOnboarding/btn_Next' is visible&#xD;
&#xD;
2019-08-22 09:25:40 - [MESSAGE][PASSED] - Object: 'Object Repository/PartyOnboarding/btn_Next' is clicked on&#xD;
&#xD;
2019-08-22 09:25:40 - [TEST_STEP][PASSED] - log.logInfo("--- " + " Click Next button ---"): ---  Click Next button ---&#xD;
&#xD;
2019-08-22 09:25:40 - [MESSAGE][INFO] - ---  Click Next button ---&#xD;
&#xD;
2019-08-22 09:25:40 - [TEST_STEP][PASSED] - delay(1): Delayed 1 second(s)&#xD;
&#xD;
2019-08-22 09:25:41 - [MESSAGE][PASSED] - Delayed 1 second(s)&#xD;
&#xD;
2019-08-22 09:25:41 - [TEST_STEP][PASSED] - partyOnboardingEnterprise.clickNextbutton(): Object: 'Object Repository/PartyOnboarding/btn_Next' is clicked on&#xD;
&#xD;
2019-08-22 09:25:41 - [MESSAGE][PASSED] - Object 'Object Repository/PartyOnboarding/btn_Next' is visible&#xD;
&#xD;
2019-08-22 09:25:41 - [MESSAGE][PASSED] - Object: 'Object Repository/PartyOnboarding/btn_Next' is clicked on&#xD;
&#xD;
2019-08-22 09:25:41 - [TEST_STEP][PASSED] - log.logInfo("--- " + " Click Process on Warning box ---"): ---  Click Process on Warning box ---&#xD;
&#xD;
2019-08-22 09:25:41 - [MESSAGE][INFO] - ---  Click Process on Warning box ---&#xD;
&#xD;
2019-08-22 09:25:41 - [TEST_STEP][PASSED] - partyOnboardingEnterprise.clickAskForApprovalbutton(): Object: 'Object Repository/PartyOnboarding/RequestToApproval/AskForApproval_btn' is clicked on&#xD;
&#xD;
2019-08-22 09:25:41 - [MESSAGE][PASSED] - Object 'Object Repository/PartyOnboarding/RequestToApproval/AskForApproval_btn' is visible&#xD;
&#xD;
2019-08-22 09:25:41 - [MESSAGE][PASSED] - Object: 'Object Repository/PartyOnboarding/RequestToApproval/AskForApproval_btn' is clicked on</system-out>
            <system-err></system-err>
        </testcase>
        <testcase name="Test Cases/DataPreparation/PartyOnboardingEnterprise" classname="Test Cases/DataPreparation/PartyOnboardingEnterprise" status="PASSED">
            <system-out>2019-08-22 09:25:41 - [TEST_CASE][PASSED] - Test Cases/DataPreparation/PartyOnboardingEnterprise: Test Cases/DataPreparation/PartyOnboardingEnterprise&#xD;
&#xD;
2019-08-22 09:25:42 - [TEST_STEP][PASSED] - Start listener action : sampleBeforeTestCase: null&#xD;
&#xD;
2019-08-22 09:25:42 - [TEST_STEP][PASSED] - testCaseID = testCaseContext.getTestCaseId(): null&#xD;
&#xD;
2019-08-22 09:25:42 - [TEST_STEP][PASSED] - log = new com.kms.katalon.core.util.KeywordUtil(): null&#xD;
&#xD;
2019-08-22 09:25:42 - [TEST_STEP][PASSED] - partyOnboardingEnterprise = new pageObjects.PartyOnboarding(): null&#xD;
&#xD;
2019-08-22 09:25:42 - [TEST_STEP][PASSED] - delay(3): Delayed 3 second(s)&#xD;
&#xD;
2019-08-22 09:25:45 - [MESSAGE][PASSED] - Delayed 3 second(s)&#xD;
&#xD;
2019-08-22 09:25:45 - [TEST_STEP][PASSED] - log.logInfo("--- Open Party Onboarding in Menu Search ---"): --- Open Party Onboarding in Menu Search ---&#xD;
&#xD;
2019-08-22 09:25:45 - [MESSAGE][INFO] - --- Open Party Onboarding in Menu Search ---&#xD;
&#xD;
2019-08-22 09:25:45 - [TEST_STEP][PASSED] - partyOnboardingEnterprise.inputPartyOnboardingMenuSearch(): Object 'menuSearch_txt' is present&#xD;
&#xD;
2019-08-22 09:25:45 - [MESSAGE][PASSED] - Object 'Object Repository/Menu_Search' is visible&#xD;
&#xD;
2019-08-22 09:25:45 - [MESSAGE][PASSED] - Keys 'ENTER + Party Onboarding' sent to object: 'Object Repository/Menu_Search'&#xD;
&#xD;
2019-08-22 09:25:45 - [MESSAGE][PASSED] - Object 'menuSearch_txt' is present&#xD;
&#xD;
2019-08-22 09:25:45 - [TEST_STEP][PASSED] - log.logInfo("/---------------Party Onboarding---------------/"): /---------------Party Onboarding---------------/&#xD;
&#xD;
2019-08-22 09:25:45 - [MESSAGE][INFO] - /---------------Party Onboarding---------------/&#xD;
&#xD;
2019-08-22 09:25:45 - [TEST_STEP][PASSED] - log.logInfo("--- Input Local Global ---"): --- Input Local Global ---&#xD;
&#xD;
2019-08-22 09:25:45 - [MESSAGE][INFO] - --- Input Local Global ---&#xD;
&#xD;
2019-08-22 09:25:45 - [TEST_STEP][PASSED] - partyOnboardingEnterprise.inputLocalGlobal(s01_localglobal): Keys 'Local Private' sent to object: 'Object Repository/PartyOnboarding/PartyOnboarding/Local Global'&#xD;
&#xD;
2019-08-22 09:25:46 - [MESSAGE][PASSED] - Text of object 'Object Repository/PartyOnboarding/PartyOnboarding/Local Global' is cleared&#xD;
&#xD;
2019-08-22 09:25:46 - [MESSAGE][PASSED] - Object 'Object Repository/PartyOnboarding/PartyOnboarding/Local Global' is visible&#xD;
&#xD;
2019-08-22 09:25:46 - [MESSAGE][PASSED] - Object 'Object Repository/PartyOnboarding/PartyOnboarding/Local Global' is visible&#xD;
&#xD;
2019-08-22 09:25:47 - [MESSAGE][PASSED] - Keys 'Local Private' sent to object: 'Object Repository/PartyOnboarding/PartyOnboarding/Local Global'&#xD;
&#xD;
2019-08-22 09:25:47 - [TEST_STEP][PASSED] - log.logInfo("--- Input Party Type ---"): --- Input Party Type ---&#xD;
&#xD;
2019-08-22 09:25:47 - [MESSAGE][INFO] - --- Input Party Type ---&#xD;
&#xD;
2019-08-22 09:25:47 - [TEST_STEP][PASSED] - partyOnboardingEnterprise.inputPartyType(s01_partytype): Keys 'TAB + Enterprise' sent to object: 'Object Repository/PartyOnboarding/PartyOnboarding/Party Type'&#xD;
&#xD;
2019-08-22 09:25:47 - [MESSAGE][PASSED] - Object 'Object Repository/PartyOnboarding/PartyOnboarding/Party Type' is visible&#xD;
&#xD;
2019-08-22 09:25:47 - [MESSAGE][PASSED] - Keys 'TAB + Enterprise' sent to object: 'Object Repository/PartyOnboarding/PartyOnboarding/Party Type'&#xD;
&#xD;
2019-08-22 09:25:47 - [TEST_STEP][PASSED] - log.logInfo("--- Input Party Sub Type ---"): --- Input Party Sub Type ---&#xD;
&#xD;
2019-08-22 09:25:47 - [MESSAGE][INFO] - --- Input Party Sub Type ---&#xD;
&#xD;
2019-08-22 09:25:47 - [TEST_STEP][PASSED] - partyOnboardingEnterprise.inputPartySubType(s01_partysubtype): Keys 'PRIVATE/PUBLIC/PUBLIC LISTED COMPANY (MYANMAR)' sent to object: 'Object Repository/PartyOnboarding/PartyOnboarding/Party Sub-Type'&#xD;
&#xD;
2019-08-22 09:25:48 - [MESSAGE][PASSED] - Delayed 1 second(s)&#xD;
&#xD;
2019-08-22 09:25:48 - [MESSAGE][PASSED] - Object 'Object Repository/PartyOnboarding/PartyOnboarding/Party Type' is visible&#xD;
&#xD;
2019-08-22 09:25:49 - [MESSAGE][PASSED] - Keys 'PRIVATE/PUBLIC/PUBLIC LISTED COMPANY (MYANMAR)' sent to object: 'Object Repository/PartyOnboarding/PartyOnboarding/Party Sub-Type'&#xD;
&#xD;
2019-08-22 09:25:49 - [TEST_STEP][PASSED] - log.logInfo("--- Input Party Category ---"): --- Input Party Category ---&#xD;
&#xD;
2019-08-22 09:25:49 - [MESSAGE][INFO] - --- Input Party Category ---&#xD;
&#xD;
2019-08-22 09:25:49 - [TEST_STEP][PASSED] - partyOnboardingEnterprise.inputPartyCategory(s01_partycategory): Keys 'Full' sent to object: 'Object Repository/PartyOnboarding/PartyOnboarding/Party Category'&#xD;
&#xD;
2019-08-22 09:25:49 - [MESSAGE][PASSED] - Object 'Object Repository/PartyOnboarding/PartyOnboarding/Party Category' is visible&#xD;
&#xD;
2019-08-22 09:25:49 - [MESSAGE][PASSED] - Keys 'Full' sent to object: 'Object Repository/PartyOnboarding/PartyOnboarding/Party Category'&#xD;
&#xD;
2019-08-22 09:25:49 - [TEST_STEP][PASSED] - log.logInfo("--- Check Line of Business ---"): --- Check Line of Business ---&#xD;
&#xD;
2019-08-22 09:25:49 - [MESSAGE][INFO] - --- Check Line of Business ---&#xD;
&#xD;
2019-08-22 09:25:49 - [TEST_STEP][PASSED] - partyOnboardingEnterprise.clickLineofBusiness(s01_lineofbusiness, findTestObject("PartyOnboarding/PartyOnboarding/div_Core Banking")): Object 'Object Repository/PartyOnboarding/PartyOnboarding/LineofBusiness_List' is checked&#xD;
&#xD;
2019-08-22 09:25:49 - [MESSAGE][PASSED] - Object 'Object Repository/PartyOnboarding/PartyOnboarding/div_Core Banking' is visible&#xD;
&#xD;
2019-08-22 09:25:49 - [MESSAGE][PASSED] - Attribute 'aria-checked' of object 'Object Repository/PartyOnboarding/PartyOnboarding/div_Core Banking' is: 'true'&#xD;
&#xD;
2019-08-22 09:25:49 - [MESSAGE][PASSED] - Object 'Object Repository/PartyOnboarding/PartyOnboarding/chk_SelectAllLineOfBusiness' is visible&#xD;
&#xD;
2019-08-22 09:25:49 - [MESSAGE][PASSED] - Attribute 'aria-checked' of object 'Object Repository/PartyOnboarding/PartyOnboarding/chk_SelectAllLineOfBusiness' is: 'true'&#xD;
&#xD;
2019-08-22 09:25:49 - [MESSAGE][PASSED] - Object 'Object Repository/PartyOnboarding/PartyOnboarding/LineofBusiness_List' is visible&#xD;
&#xD;
2019-08-22 09:25:49 - [MESSAGE][PASSED] - Attribute 'aria-checked' of object 'Object Repository/PartyOnboarding/PartyOnboarding/LineofBusiness_List' is: 'true'&#xD;
&#xD;
2019-08-22 09:25:49 - [MESSAGE][PASSED] - Object 'Object Repository/PartyOnboarding/PartyOnboarding/LineofBusiness_List' is visible&#xD;
&#xD;
2019-08-22 09:25:49 - [MESSAGE][PASSED] - Attribute 'aria-checked' of object 'Object Repository/PartyOnboarding/PartyOnboarding/LineofBusiness_List' is: 'true'&#xD;
&#xD;
2019-08-22 09:25:49 - [MESSAGE][PASSED] - Object 'Object Repository/PartyOnboarding/PartyOnboarding/chk_SelectAllLineOfBusiness' is visible&#xD;
&#xD;
2019-08-22 09:25:49 - [MESSAGE][PASSED] - Attribute 'aria-checked' of object 'Object Repository/PartyOnboarding/PartyOnboarding/chk_SelectAllLineOfBusiness' is: 'true'&#xD;
&#xD;
2019-08-22 09:25:50 - [MESSAGE][PASSED] - Object 'Object Repository/PartyOnboarding/PartyOnboarding/chk_SelectAllLineOfBusiness' is checked&#xD;
&#xD;
2019-08-22 09:25:50 - [MESSAGE][PASSED] - Object 'Object Repository/PartyOnboarding/PartyOnboarding/div_Core Banking' is visible&#xD;
&#xD;
2019-08-22 09:25:50 - [MESSAGE][PASSED] - Attribute 'aria-checked' of object 'Object Repository/PartyOnboarding/PartyOnboarding/div_Core Banking' is: 'false'&#xD;
&#xD;
2019-08-22 09:25:50 - [MESSAGE][PASSED] - Object 'Object Repository/PartyOnboarding/PartyOnboarding/div_Core Banking' is checked&#xD;
&#xD;
2019-08-22 09:25:50 - [MESSAGE][PASSED] - Object 'Object Repository/PartyOnboarding/PartyOnboarding/LineofBusiness_List' is visible&#xD;
&#xD;
2019-08-22 09:25:50 - [MESSAGE][PASSED] - Attribute 'aria-checked' of object 'Object Repository/PartyOnboarding/PartyOnboarding/LineofBusiness_List' is: 'false'&#xD;
&#xD;
2019-08-22 09:25:50 - [MESSAGE][PASSED] - Object 'Object Repository/PartyOnboarding/PartyOnboarding/LineofBusiness_List' is checked&#xD;
&#xD;
2019-08-22 09:25:50 - [TEST_STEP][PASSED] - log.logInfo("--- Click Next to Party Check List  ---"): --- Click Next to Party Check List  ---&#xD;
&#xD;
2019-08-22 09:25:50 - [MESSAGE][INFO] - --- Click Next to Party Check List  ---&#xD;
&#xD;
2019-08-22 09:25:50 - [TEST_STEP][PASSED] - partyOnboardingEnterprise.clickNextbutton(): Object: 'Object Repository/PartyOnboarding/btn_Next' is clicked on&#xD;
&#xD;
2019-08-22 09:25:50 - [MESSAGE][PASSED] - Object 'Object Repository/PartyOnboarding/btn_Next' is visible&#xD;
&#xD;
2019-08-22 09:25:50 - [MESSAGE][PASSED] - Object: 'Object Repository/PartyOnboarding/btn_Next' is clicked on&#xD;
&#xD;
2019-08-22 09:25:50 - [TEST_STEP][PASSED] - delay(1): Delayed 1 second(s)&#xD;
&#xD;
2019-08-22 09:25:51 - [MESSAGE][PASSED] - Delayed 1 second(s)&#xD;
&#xD;
2019-08-22 09:25:51 - [TEST_STEP][PASSED] - partyOnboardingEnterprise.clickNextbutton(): Object: 'Object Repository/PartyOnboarding/btn_Next' is clicked on&#xD;
&#xD;
2019-08-22 09:25:51 - [MESSAGE][PASSED] - Object 'Object Repository/PartyOnboarding/btn_Next' is visible&#xD;
&#xD;
2019-08-22 09:25:51 - [MESSAGE][PASSED] - Object: 'Object Repository/PartyOnboarding/btn_Next' is clicked on&#xD;
&#xD;
2019-08-22 09:25:51 - [TEST_STEP][PASSED] - log.logInfo("/---------------Pre-Existence Check---------------/"): /---------------Pre-Existence Check---------------/&#xD;
&#xD;
2019-08-22 09:25:51 - [MESSAGE][INFO] - /---------------Pre-Existence Check---------------/&#xD;
&#xD;
2019-08-22 09:25:51 - [TEST_STEP][PASSED] - partyOnboardingEnterprise.inputEnterpriseName(s02_enterpriseName): Keys 'Enterprise 0000001' sent to object: 'Object Repository/PartyOnboarding/Enterprise/PreExistenceCheck/txt_EnterpriseName'&#xD;
&#xD;
2019-08-22 09:25:52 - [MESSAGE][PASSED] - Object 'Object Repository/PartyOnboarding/Enterprise/PreExistenceCheck/txt_EnterpriseName' is visible&#xD;
&#xD;
2019-08-22 09:25:52 - [MESSAGE][PASSED] - Keys 'Enterprise 0000001' sent to object: 'Object Repository/PartyOnboarding/Enterprise/PreExistenceCheck/txt_EnterpriseName'&#xD;
&#xD;
2019-08-22 09:25:52 - [TEST_STEP][PASSED] - partyOnboardingEnterprise.inputRegistration(): Keys 'FS2jKHKv' sent to object: 'Object Repository/PartyOnboarding/Enterprise/PreExistenceCheck/txt_Registration'&#xD;
&#xD;
2019-08-22 09:25:52 - [MESSAGE][PASSED] - Object 'Object Repository/PartyOnboarding/Enterprise/PreExistenceCheck/txt_Registration' is visible&#xD;
&#xD;
2019-08-22 09:25:52 - [MESSAGE][PASSED] - Keys 'FS2jKHKv' sent to object: 'Object Repository/PartyOnboarding/Enterprise/PreExistenceCheck/txt_Registration'&#xD;
&#xD;
2019-08-22 09:25:52 - [TEST_STEP][PASSED] - partyOnboardingEnterprise.clickNextbutton(): Object: 'Object Repository/PartyOnboarding/btn_Next' is clicked on&#xD;
&#xD;
2019-08-22 09:25:52 - [MESSAGE][PASSED] - Object 'Object Repository/PartyOnboarding/btn_Next' is visible&#xD;
&#xD;
2019-08-22 09:25:52 - [MESSAGE][PASSED] - Object: 'Object Repository/PartyOnboarding/btn_Next' is clicked on&#xD;
&#xD;
2019-08-22 09:25:52 - [TEST_STEP][PASSED] - log.logInfo("/--------------- Party Onboarding---------------/"): /--------------- Party Onboarding---------------/&#xD;
&#xD;
2019-08-22 09:25:52 - [MESSAGE][INFO] - /--------------- Party Onboarding---------------/&#xD;
&#xD;
2019-08-22 09:25:52 - [TEST_STEP][PASSED] - partyOnboardingEnterprise.inputPartyId(): Web element with id: 'Object Repository/PartyOnboarding/Personal/PersonalParty/Message/pop_ErrorDuplicatePartyID' located by 'By.xpath: //textarea[@name='03messages']' not found&#xD;
&#xD;
2019-08-22 09:25:54 - [MESSAGE][PASSED] - Object 'Object Repository/PartyOnboarding/Personal/PersonalParty/txt_PartyID' is visible&#xD;
&#xD;
2019-08-22 09:25:54 - [MESSAGE][PASSED] - Object 'Object Repository/PartyOnboarding/Personal/PersonalParty/txt_PartyID' is visible&#xD;
&#xD;
2019-08-22 09:25:54 - [MESSAGE][PASSED] - Keys 'TAB + 7FCKpuTG' sent to object: 'Object Repository/PartyOnboarding/Personal/PersonalParty/txt_PartyID'&#xD;
&#xD;
2019-08-22 09:26:25 - [MESSAGE][INFO] - Unable to find the element located by 'By.xpath: //textarea[@name='03messages']'. Please recheck the objects properties to make sure the desired element is located. &#xD;
&#xD;
2019-08-22 09:26:25 - [MESSAGE][WARNING] - Web element with id: 'Object Repository/PartyOnboarding/Personal/PersonalParty/Message/pop_ErrorDuplicatePartyID' located by 'By.xpath: //textarea[@name='03messages']' not found&#xD;
&#xD;
2019-08-22 09:26:25 - [TEST_STEP][PASSED] - partyOnboardingEnterprise.inputShortNameEnterprise(s03_shortName): Keys 'TAB + Enterprise' sent to object: 'Object Repository/PartyOnboarding/Enterprise/EnterpriseParty/Short Name_txt'&#xD;
&#xD;
2019-08-22 09:26:25 - [MESSAGE][PASSED] - Object 'Object Repository/PartyOnboarding/Enterprise/EnterpriseParty/Short Name_txt' is visible&#xD;
&#xD;
2019-08-22 09:26:25 - [MESSAGE][PASSED] - Keys 'TAB + Enterprise' sent to object: 'Object Repository/PartyOnboarding/Enterprise/EnterpriseParty/Short Name_txt'&#xD;
&#xD;
2019-08-22 09:26:25 - [TEST_STEP][PASSED] - partyOnboardingEnterprise.clickNextbutton(): Object: 'Object Repository/PartyOnboarding/btn_Next' is clicked on&#xD;
&#xD;
2019-08-22 09:26:25 - [MESSAGE][PASSED] - Object 'Object Repository/PartyOnboarding/btn_Next' is visible&#xD;
&#xD;
2019-08-22 09:26:26 - [MESSAGE][PASSED] - Object: 'Object Repository/PartyOnboarding/btn_Next' is clicked on&#xD;
&#xD;
2019-08-22 09:26:26 - [TEST_STEP][PASSED] - partyOnboardingEnterprise.clickProcessInWarningBox(): Object: 'Object Repository/PartyOnboarding/Personal/PersonalParty/btn_Warnings_Proceed_NotCapture' is clicked on&#xD;
&#xD;
2019-08-22 09:26:26 - [MESSAGE][PASSED] - Object 'Object Repository/PartyOnboarding/Personal/PersonalParty/btn_Warnings_Proceed_NotCapture' is visible&#xD;
&#xD;
2019-08-22 09:26:26 - [MESSAGE][PASSED] - Object: 'Object Repository/PartyOnboarding/Personal/PersonalParty/btn_Warnings_Proceed_NotCapture' is clicked on&#xD;
&#xD;
2019-08-22 09:26:26 - [TEST_STEP][PASSED] - log.logInfo("/--------------- Party Onboarding - Address---------------/"): /--------------- Party Onboarding - Address---------------/&#xD;
&#xD;
2019-08-22 09:26:26 - [MESSAGE][INFO] - /--------------- Party Onboarding - Address---------------/&#xD;
&#xD;
2019-08-22 09:26:26 - [TEST_STEP][PASSED] - partyOnboardingEnterprise.inputRDataForAddressParty(s04_addressType, s04_userForCommunication, s04_validFrom): Execute JavaScript 'arguments[0].click();' successfully&#xD;
&#xD;
2019-08-22 09:26:27 - [MESSAGE][PASSED] - Object 'Object Repository/PartyOnboarding/Personal/PartyAddress/button_New Row_PartyAddress' is visible&#xD;
&#xD;
2019-08-22 09:26:28 - [MESSAGE][PASSED] - Execute JavaScript 'arguments[0].click();' successfully&#xD;
&#xD;
2019-08-22 09:26:28 - [MESSAGE][PASSED] - Object 'Object Repository/PartyOnboarding/Personal/PartyAddress/Address Type' is visible&#xD;
&#xD;
2019-08-22 09:26:28 - [MESSAGE][PASSED] - Keys 'TAB + Home Address' sent to object: 'Object Repository/PartyOnboarding/Personal/PartyAddress/Address Type'&#xD;
&#xD;
2019-08-22 09:26:28 - [MESSAGE][PASSED] - Object 'Object Repository/PartyOnboarding/Personal/PartyAddress/Valid From' is visible&#xD;
&#xD;
2019-08-22 09:26:28 - [MESSAGE][PASSED] - Text of object 'Object Repository/PartyOnboarding/Personal/PartyAddress/Valid From' is cleared&#xD;
&#xD;
2019-08-22 09:26:28 - [MESSAGE][PASSED] - Object 'Object Repository/PartyOnboarding/Personal/PartyAddress/Valid From' is visible&#xD;
&#xD;
2019-08-22 09:26:29 - [MESSAGE][PASSED] - Keys '2018-01-14' sent to object: 'Object Repository/PartyOnboarding/Personal/PartyAddress/Valid From'&#xD;
&#xD;
2019-08-22 09:26:29 - [MESSAGE][PASSED] - Object 'Object Repository/PartyOnboarding/Personal/PartyAddress/chk_Use  for Communication' is present&#xD;
&#xD;
2019-08-22 09:26:29 - [MESSAGE][PASSED] - Attribute 'aria-checked' of object 'Object Repository/PartyOnboarding/Personal/PartyAddress/chk_Use  for Communication' is: 'false'&#xD;
&#xD;
2019-08-22 09:26:29 - [MESSAGE][PASSED] - Object 'Object Repository/PartyOnboarding/Personal/PartyAddress/chk_Use  for Communication' is checked&#xD;
&#xD;
2019-08-22 09:26:29 - [MESSAGE][PASSED] - Object 'Object Repository/PartyOnboarding/Personal/PartyAddress/SaveRow' is visible&#xD;
&#xD;
2019-08-22 09:26:29 - [MESSAGE][PASSED] - Execute JavaScript 'arguments[0].click();' successfully&#xD;
&#xD;
2019-08-22 09:26:29 - [MESSAGE][PASSED] - Object 'Object Repository/PartyOnboarding/Personal/PartyAddress/button_New Row_PartyAddress' is visible&#xD;
&#xD;
2019-08-22 09:26:29 - [MESSAGE][PASSED] - Execute JavaScript 'arguments[0].click();' successfully&#xD;
&#xD;
2019-08-22 09:26:29 - [MESSAGE][PASSED] - Object 'Object Repository/PartyOnboarding/Personal/PartyAddress/Address Type' is visible&#xD;
&#xD;
2019-08-22 09:26:30 - [MESSAGE][PASSED] - Keys 'TAB + Current Address' sent to object: 'Object Repository/PartyOnboarding/Personal/PartyAddress/Address Type'&#xD;
&#xD;
2019-08-22 09:26:30 - [MESSAGE][PASSED] - Object 'Object Repository/PartyOnboarding/Personal/PartyAddress/Valid From' is visible&#xD;
&#xD;
2019-08-22 09:26:30 - [MESSAGE][PASSED] - Text of object 'Object Repository/PartyOnboarding/Personal/PartyAddress/Valid From' is cleared&#xD;
&#xD;
2019-08-22 09:26:30 - [MESSAGE][PASSED] - Object 'Object Repository/PartyOnboarding/Personal/PartyAddress/Valid From' is visible&#xD;
&#xD;
2019-08-22 09:26:30 - [MESSAGE][PASSED] - Keys '2018-01-17' sent to object: 'Object Repository/PartyOnboarding/Personal/PartyAddress/Valid From'&#xD;
&#xD;
2019-08-22 09:26:30 - [MESSAGE][PASSED] - Object 'Object Repository/PartyOnboarding/Personal/PartyAddress/SaveRow' is visible&#xD;
&#xD;
2019-08-22 09:26:30 - [MESSAGE][PASSED] - Execute JavaScript 'arguments[0].click();' successfully&#xD;
&#xD;
2019-08-22 09:26:30 - [MESSAGE][PASSED] - Object 'Object Repository/PartyOnboarding/Personal/PartyAddress/button_New Row_PartyAddress' is visible&#xD;
&#xD;
2019-08-22 09:26:30 - [MESSAGE][PASSED] - Execute JavaScript 'arguments[0].click();' successfully&#xD;
&#xD;
2019-08-22 09:26:30 - [MESSAGE][PASSED] - Object 'Object Repository/PartyOnboarding/Personal/PartyAddress/Address Type' is visible&#xD;
&#xD;
2019-08-22 09:26:31 - [MESSAGE][PASSED] - Keys 'TAB + Office Address' sent to object: 'Object Repository/PartyOnboarding/Personal/PartyAddress/Address Type'&#xD;
&#xD;
2019-08-22 09:26:31 - [MESSAGE][PASSED] - Object 'Object Repository/PartyOnboarding/Personal/PartyAddress/Valid From' is visible&#xD;
&#xD;
2019-08-22 09:26:31 - [MESSAGE][PASSED] - Text of object 'Object Repository/PartyOnboarding/Personal/PartyAddress/Valid From' is cleared&#xD;
&#xD;
2019-08-22 09:26:31 - [MESSAGE][PASSED] - Object 'Object Repository/PartyOnboarding/Personal/PartyAddress/Valid From' is visible&#xD;
&#xD;
2019-08-22 09:26:31 - [MESSAGE][PASSED] - Keys '2017-01-17' sent to object: 'Object Repository/PartyOnboarding/Personal/PartyAddress/Valid From'&#xD;
&#xD;
2019-08-22 09:26:31 - [MESSAGE][PASSED] - Object 'Object Repository/PartyOnboarding/Personal/PartyAddress/SaveRow' is visible&#xD;
&#xD;
2019-08-22 09:26:32 - [MESSAGE][PASSED] - Execute JavaScript 'arguments[0].click();' successfully&#xD;
&#xD;
2019-08-22 09:26:32 - [TEST_STEP][PASSED] - partyOnboardingEnterprise.clickNextbutton(): Object: 'Object Repository/PartyOnboarding/btn_Next' is clicked on&#xD;
&#xD;
2019-08-22 09:26:32 - [MESSAGE][PASSED] - Object 'Object Repository/PartyOnboarding/btn_Next' is visible&#xD;
&#xD;
2019-08-22 09:26:32 - [MESSAGE][PASSED] - Object: 'Object Repository/PartyOnboarding/btn_Next' is clicked on&#xD;
&#xD;
2019-08-22 09:26:32 - [TEST_STEP][PASSED] - partyOnboardingEnterprise.inputDataForPartyContacts(s05_contactMethod, s05_contactTypeLocation, s05_contactCountryCode, s05_contactAreaCode, s05_contactNumber, s05_contactEmail, s05_confirmEmail, s05_validFrom): Execute JavaScript 'arguments[0].click();' successfully&#xD;
&#xD;
2019-08-22 09:26:32 - [MESSAGE][PASSED] - Object 'Object Repository/PartyOnboarding/Personal/PartyContacts/New Row' is visible&#xD;
&#xD;
2019-08-22 09:26:32 - [MESSAGE][PASSED] - Execute JavaScript 'arguments[0].click();' successfully&#xD;
&#xD;
2019-08-22 09:26:33 - [MESSAGE][PASSED] - Delayed 1 second(s)&#xD;
&#xD;
2019-08-22 09:26:33 - [MESSAGE][PASSED] - Object 'Object Repository/PartyOnboarding/Personal/PartyContacts/Contact Method' is visible&#xD;
&#xD;
2019-08-22 09:26:34 - [MESSAGE][PASSED] - Keys 'TAB + Telephone' sent to object: 'Object Repository/PartyOnboarding/Personal/PartyContacts/Contact Method'&#xD;
&#xD;
2019-08-22 09:26:35 - [MESSAGE][PASSED] - Delayed 1 second(s)&#xD;
&#xD;
2019-08-22 09:26:35 - [MESSAGE][PASSED] - Object 'Object Repository/PartyOnboarding/Personal/PartyContacts/Contact Type  Location' is visible&#xD;
&#xD;
2019-08-22 09:26:35 - [MESSAGE][PASSED] - Keys 'TAB + Personal' sent to object: 'Object Repository/PartyOnboarding/Personal/PartyContacts/Contact Type  Location'&#xD;
&#xD;
2019-08-22 09:26:35 - [MESSAGE][PASSED] - Object 'Object Repository/PartyOnboarding/Personal/PartyContacts/Contact Email' is visible&#xD;
&#xD;
2019-08-22 09:26:35 - [MESSAGE][PASSED] - Object 'Object Repository/PartyOnboarding/Personal/PartyContacts/Contact Email' has attribute 'readonly'&#xD;
&#xD;
2019-08-22 09:26:35 - [MESSAGE][PASSED] - Object 'Object Repository/PartyOnboarding/Personal/PartyContacts/Contact Number_03_Code' is visible&#xD;
&#xD;
2019-08-22 09:26:35 - [MESSAGE][PASSED] - Text of object 'Object Repository/PartyOnboarding/Personal/PartyContacts/Contact Number_03_Code' is cleared&#xD;
&#xD;
2019-08-22 09:26:35 - [MESSAGE][PASSED] - Object 'Object Repository/PartyOnboarding/Personal/PartyContacts/Contact Number_03_Code' is visible&#xD;
&#xD;
2019-08-22 09:26:36 - [MESSAGE][PASSED] - Keys '+95' sent to object: 'Object Repository/PartyOnboarding/Personal/PartyContacts/Contact Number_03_Code'&#xD;
&#xD;
2019-08-22 09:26:36 - [MESSAGE][PASSED] - Object 'Object Repository/PartyOnboarding/Personal/PartyContacts/Contact Number_AreaCode' is visible&#xD;
&#xD;
2019-08-22 09:26:36 - [MESSAGE][PASSED] - Keys '' sent to object: 'Object Repository/PartyOnboarding/Personal/PartyContacts/Contact Number_AreaCode'&#xD;
&#xD;
2019-08-22 09:26:36 - [MESSAGE][PASSED] - Object 'Object Repository/PartyOnboarding/Personal/PartyContacts/Contact Number_Number' is visible&#xD;
&#xD;
2019-08-22 09:26:36 - [MESSAGE][PASSED] - Keys '9697989901' sent to object: 'Object Repository/PartyOnboarding/Personal/PartyContacts/Contact Number_Number'&#xD;
&#xD;
2019-08-22 09:26:36 - [MESSAGE][PASSED] - Object 'Object Repository/PartyOnboarding/Personal/PartyContacts/Contact Number_03_Code' is visible&#xD;
&#xD;
2019-08-22 09:26:36 - [MESSAGE][WARNING] - Object 'Object Repository/PartyOnboarding/Personal/PartyContacts/Contact Number_03_Code' does not have attribute 'readonly' (Root cause: com.kms.katalon.core.exception.StepFailedException: Object 'Object Repository/PartyOnboarding/Personal/PartyContacts/Contact Number_03_Code' does not have attribute 'readonly'&#xD;
	at com.kms.katalon.core.webui.keyword.internal.WebUIKeywordMain.stepFailed(WebUIKeywordMain.groovy:64)&#xD;
	at com.kms.katalon.core.webui.keyword.builtin.VerifyElementHasAttributeKeyword$_verifyElementHasAttribute_closure1.doCall(VerifyElementHasAttributeKeyword.groovy:89)&#xD;
	at com.kms.katalon.core.webui.keyword.builtin.VerifyElementHasAttributeKeyword$_verifyElementHasAttribute_closure1.call(VerifyElementHasAttributeKeyword.groovy)&#xD;
	at com.kms.katalon.core.webui.keyword.internal.WebUIKeywordMain.runKeyword(WebUIKeywordMain.groovy:20)&#xD;
	at com.kms.katalon.core.webui.keyword.builtin.VerifyElementHasAttributeKeyword.verifyElementHasAttribute(VerifyElementHasAttributeKeyword.groovy:100)&#xD;
	at com.kms.katalon.core.webui.keyword.builtin.VerifyElementHasAttributeKeyword.execute(VerifyElementHasAttributeKeyword.groovy:69)&#xD;
	at com.kms.katalon.core.keyword.internal.KeywordExecutor.executeKeywordForPlatform(KeywordExecutor.groovy:56)&#xD;
	at com.kms.katalon.core.webui.keyword.WebUiBuiltInKeywords.verifyElementHasAttribute(WebUiBuiltInKeywords.groovy:3166)&#xD;
	at com.kms.katalon.core.webui.keyword.WebUiBuiltInKeywords$verifyElementHasAttribute$11.call(Unknown Source)&#xD;
	at pageObjects.PartyOnboarding.inputDataForPartyContacts(PartyOnboarding.groovy:736)&#xD;
	at PartyOnboardingEnterprise.run(PartyOnboardingEnterprise:61)&#xD;
	at com.kms.katalon.core.main.ScriptEngine.run(ScriptEngine.java:194)&#xD;
	at com.kms.katalon.core.main.ScriptEngine.runScriptAsRawText(ScriptEngine.java:119)&#xD;
	at com.kms.katalon.core.main.TestCaseExecutor.runScript(TestCaseExecutor.java:337)&#xD;
	at com.kms.katalon.core.main.TestCaseExecutor.doExecute(TestCaseExecutor.java:328)&#xD;
	at com.kms.katalon.core.main.TestCaseExecutor.processExecutionPhase(TestCaseExecutor.java:307)&#xD;
	at com.kms.katalon.core.main.TestCaseExecutor.accessMainPhase(TestCaseExecutor.java:299)&#xD;
	at com.kms.katalon.core.main.TestCaseExecutor.execute(TestCaseExecutor.java:233)&#xD;
	at com.kms.katalon.core.main.TestSuiteExecutor.accessTestCaseMainPhase(TestSuiteExecutor.java:133)&#xD;
	at com.kms.katalon.core.main.TestSuiteExecutor.accessTestSuiteMainPhase(TestSuiteExecutor.java:116)&#xD;
	at com.kms.katalon.core.main.TestSuiteExecutor.execute(TestSuiteExecutor.java:83)&#xD;
	at com.kms.katalon.core.main.TestCaseMain.startTestSuite(TestCaseMain.java:157)&#xD;
	at com.kms.katalon.core.main.TestCaseMain$startTestSuite$0.call(Unknown Source)&#xD;
	at TempTestSuite1566441935163.run(TempTestSuite1566441935163.groovy:35)&#xD;
)&#xD;
[[ATTACHMENT|C:\\ML\\JITS\\AYA\\Automation\\FBE\\FBE\\Reports\\DataPreparation\\PartyOnboardingPersonal\\20190822_091535\\1566442596601.png]]&#xD;
&#xD;
2019-08-22 09:26:36 - [MESSAGE][PASSED] - Object 'Object Repository/PartyOnboarding/Personal/PartyContacts/Valid From' is visible&#xD;
&#xD;
2019-08-22 09:26:37 - [MESSAGE][PASSED] - Text of object 'Object Repository/PartyOnboarding/Personal/PartyContacts/Valid From' is cleared&#xD;
&#xD;
2019-08-22 09:26:37 - [MESSAGE][PASSED] - Object 'Object Repository/PartyOnboarding/Personal/PartyContacts/Valid From' is visible&#xD;
&#xD;
2019-08-22 09:26:37 - [MESSAGE][PASSED] - Keys '2018-12-20' sent to object: 'Object Repository/PartyOnboarding/Personal/PartyContacts/Valid From'&#xD;
&#xD;
2019-08-22 09:26:37 - [MESSAGE][PASSED] - Object 'Object Repository/PartyOnboarding/Personal/PartyContacts/Save Row' is visible&#xD;
&#xD;
2019-08-22 09:26:37 - [MESSAGE][PASSED] - Execute JavaScript 'arguments[0].click();' successfully&#xD;
&#xD;
2019-08-22 09:26:37 - [MESSAGE][PASSED] - Object 'Object Repository/PartyOnboarding/Personal/PartyContacts/New Row' is visible&#xD;
&#xD;
2019-08-22 09:26:37 - [MESSAGE][PASSED] - Execute JavaScript 'arguments[0].click();' successfully&#xD;
&#xD;
2019-08-22 09:26:38 - [MESSAGE][PASSED] - Delayed 1 second(s)&#xD;
&#xD;
2019-08-22 09:26:38 - [MESSAGE][PASSED] - Object 'Object Repository/PartyOnboarding/Personal/PartyContacts/Contact Method' is visible&#xD;
&#xD;
2019-08-22 09:26:38 - [MESSAGE][PASSED] - Keys 'TAB + Mobile' sent to object: 'Object Repository/PartyOnboarding/Personal/PartyContacts/Contact Method'&#xD;
&#xD;
2019-08-22 09:26:39 - [MESSAGE][PASSED] - Delayed 1 second(s)&#xD;
&#xD;
2019-08-22 09:26:39 - [MESSAGE][PASSED] - Object 'Object Repository/PartyOnboarding/Personal/PartyContacts/Contact Type  Location' is visible&#xD;
&#xD;
2019-08-22 09:26:40 - [MESSAGE][PASSED] - Keys 'TAB + Work' sent to object: 'Object Repository/PartyOnboarding/Personal/PartyContacts/Contact Type  Location'&#xD;
&#xD;
2019-08-22 09:26:40 - [MESSAGE][PASSED] - Object 'Object Repository/PartyOnboarding/Personal/PartyContacts/Contact Email' is visible&#xD;
&#xD;
2019-08-22 09:26:40 - [MESSAGE][PASSED] - Object 'Object Repository/PartyOnboarding/Personal/PartyContacts/Contact Email' has attribute 'readonly'&#xD;
&#xD;
2019-08-22 09:26:40 - [MESSAGE][PASSED] - Object 'Object Repository/PartyOnboarding/Personal/PartyContacts/Contact Number_03_Code' is visible&#xD;
&#xD;
2019-08-22 09:26:40 - [MESSAGE][PASSED] - Text of object 'Object Repository/PartyOnboarding/Personal/PartyContacts/Contact Number_03_Code' is cleared&#xD;
&#xD;
2019-08-22 09:26:40 - [MESSAGE][PASSED] - Object 'Object Repository/PartyOnboarding/Personal/PartyContacts/Contact Number_03_Code' is visible&#xD;
&#xD;
2019-08-22 09:26:40 - [MESSAGE][PASSED] - Keys '+1' sent to object: 'Object Repository/PartyOnboarding/Personal/PartyContacts/Contact Number_03_Code'&#xD;
&#xD;
2019-08-22 09:26:40 - [MESSAGE][PASSED] - Object 'Object Repository/PartyOnboarding/Personal/PartyContacts/Contact Number_AreaCode' is visible&#xD;
&#xD;
2019-08-22 09:26:40 - [MESSAGE][PASSED] - Keys '' sent to object: 'Object Repository/PartyOnboarding/Personal/PartyContacts/Contact Number_AreaCode'&#xD;
&#xD;
2019-08-22 09:26:40 - [MESSAGE][PASSED] - Object 'Object Repository/PartyOnboarding/Personal/PartyContacts/Contact Number_Number' is visible&#xD;
&#xD;
2019-08-22 09:26:40 - [MESSAGE][PASSED] - Keys '9697989901' sent to object: 'Object Repository/PartyOnboarding/Personal/PartyContacts/Contact Number_Number'&#xD;
&#xD;
2019-08-22 09:26:40 - [MESSAGE][PASSED] - Object 'Object Repository/PartyOnboarding/Personal/PartyContacts/Contact Number_03_Code' is visible&#xD;
&#xD;
2019-08-22 09:26:41 - [MESSAGE][WARNING] - Object 'Object Repository/PartyOnboarding/Personal/PartyContacts/Contact Number_03_Code' does not have attribute 'readonly' (Root cause: com.kms.katalon.core.exception.StepFailedException: Object 'Object Repository/PartyOnboarding/Personal/PartyContacts/Contact Number_03_Code' does not have attribute 'readonly'&#xD;
	at com.kms.katalon.core.webui.keyword.internal.WebUIKeywordMain.stepFailed(WebUIKeywordMain.groovy:64)&#xD;
	at com.kms.katalon.core.webui.keyword.builtin.VerifyElementHasAttributeKeyword$_verifyElementHasAttribute_closure1.doCall(VerifyElementHasAttributeKeyword.groovy:89)&#xD;
	at com.kms.katalon.core.webui.keyword.builtin.VerifyElementHasAttributeKeyword$_verifyElementHasAttribute_closure1.call(VerifyElementHasAttributeKeyword.groovy)&#xD;
	at com.kms.katalon.core.webui.keyword.internal.WebUIKeywordMain.runKeyword(WebUIKeywordMain.groovy:20)&#xD;
	at com.kms.katalon.core.webui.keyword.builtin.VerifyElementHasAttributeKeyword.verifyElementHasAttribute(VerifyElementHasAttributeKeyword.groovy:100)&#xD;
	at com.kms.katalon.core.webui.keyword.builtin.VerifyElementHasAttributeKeyword.execute(VerifyElementHasAttributeKeyword.groovy:69)&#xD;
	at com.kms.katalon.core.keyword.internal.KeywordExecutor.executeKeywordForPlatform(KeywordExecutor.groovy:56)&#xD;
	at com.kms.katalon.core.webui.keyword.WebUiBuiltInKeywords.verifyElementHasAttribute(WebUiBuiltInKeywords.groovy:3166)&#xD;
	at com.kms.katalon.core.webui.keyword.WebUiBuiltInKeywords$verifyElementHasAttribute$11.call(Unknown Source)&#xD;
	at pageObjects.PartyOnboarding.inputDataForPartyContacts(PartyOnboarding.groovy:736)&#xD;
	at PartyOnboardingEnterprise.run(PartyOnboardingEnterprise:61)&#xD;
	at com.kms.katalon.core.main.ScriptEngine.run(ScriptEngine.java:194)&#xD;
	at com.kms.katalon.core.main.ScriptEngine.runScriptAsRawText(ScriptEngine.java:119)&#xD;
	at com.kms.katalon.core.main.TestCaseExecutor.runScript(TestCaseExecutor.java:337)&#xD;
	at com.kms.katalon.core.main.TestCaseExecutor.doExecute(TestCaseExecutor.java:328)&#xD;
	at com.kms.katalon.core.main.TestCaseExecutor.processExecutionPhase(TestCaseExecutor.java:307)&#xD;
	at com.kms.katalon.core.main.TestCaseExecutor.accessMainPhase(TestCaseExecutor.java:299)&#xD;
	at com.kms.katalon.core.main.TestCaseExecutor.execute(TestCaseExecutor.java:233)&#xD;
	at com.kms.katalon.core.main.TestSuiteExecutor.accessTestCaseMainPhase(TestSuiteExecutor.java:133)&#xD;
	at com.kms.katalon.core.main.TestSuiteExecutor.accessTestSuiteMainPhase(TestSuiteExecutor.java:116)&#xD;
	at com.kms.katalon.core.main.TestSuiteExecutor.execute(TestSuiteExecutor.java:83)&#xD;
	at com.kms.katalon.core.main.TestCaseMain.startTestSuite(TestCaseMain.java:157)&#xD;
	at com.kms.katalon.core.main.TestCaseMain$startTestSuite$0.call(Unknown Source)&#xD;
	at TempTestSuite1566441935163.run(TempTestSuite1566441935163.groovy:35)&#xD;
)&#xD;
[[ATTACHMENT|C:\\ML\\JITS\\AYA\\Automation\\FBE\\FBE\\Reports\\DataPreparation\\PartyOnboardingPersonal\\20190822_091535\\1566442600833.png]]&#xD;
&#xD;
2019-08-22 09:26:41 - [MESSAGE][PASSED] - Object 'Object Repository/PartyOnboarding/Personal/PartyContacts/Valid From' is visible&#xD;
&#xD;
2019-08-22 09:26:41 - [MESSAGE][PASSED] - Text of object 'Object Repository/PartyOnboarding/Personal/PartyContacts/Valid From' is cleared&#xD;
&#xD;
2019-08-22 09:26:41 - [MESSAGE][PASSED] - Object 'Object Repository/PartyOnboarding/Personal/PartyContacts/Valid From' is visible&#xD;
&#xD;
2019-08-22 09:26:41 - [MESSAGE][PASSED] - Keys '2018-01-24' sent to object: 'Object Repository/PartyOnboarding/Personal/PartyContacts/Valid From'&#xD;
&#xD;
2019-08-22 09:26:41 - [MESSAGE][PASSED] - Object 'Object Repository/PartyOnboarding/Personal/PartyContacts/Save Row' is visible&#xD;
&#xD;
2019-08-22 09:26:41 - [MESSAGE][PASSED] - Execute JavaScript 'arguments[0].click();' successfully&#xD;
&#xD;
2019-08-22 09:26:41 - [MESSAGE][PASSED] - Object 'Object Repository/PartyOnboarding/Personal/PartyContacts/New Row' is visible&#xD;
&#xD;
2019-08-22 09:26:41 - [MESSAGE][PASSED] - Execute JavaScript 'arguments[0].click();' successfully&#xD;
&#xD;
2019-08-22 09:26:42 - [MESSAGE][PASSED] - Delayed 1 second(s)&#xD;
&#xD;
2019-08-22 09:26:42 - [MESSAGE][PASSED] - Object 'Object Repository/PartyOnboarding/Personal/PartyContacts/Contact Method' is visible&#xD;
&#xD;
2019-08-22 09:26:43 - [MESSAGE][PASSED] - Keys 'TAB + Email' sent to object: 'Object Repository/PartyOnboarding/Personal/PartyContacts/Contact Method'&#xD;
&#xD;
2019-08-22 09:26:44 - [MESSAGE][PASSED] - Delayed 1 second(s)&#xD;
&#xD;
2019-08-22 09:26:44 - [MESSAGE][PASSED] - Object 'Object Repository/PartyOnboarding/Personal/PartyContacts/Contact Type  Location' is visible&#xD;
&#xD;
2019-08-22 09:26:44 - [MESSAGE][PASSED] - Keys 'TAB + Personal' sent to object: 'Object Repository/PartyOnboarding/Personal/PartyContacts/Contact Type  Location'&#xD;
&#xD;
2019-08-22 09:26:44 - [MESSAGE][PASSED] - Object 'Object Repository/PartyOnboarding/Personal/PartyContacts/Contact Email' is visible&#xD;
&#xD;
2019-08-22 09:26:44 - [MESSAGE][WARNING] - Object 'Object Repository/PartyOnboarding/Personal/PartyContacts/Contact Email' does not have attribute 'readonly' (Root cause: com.kms.katalon.core.exception.StepFailedException: Object 'Object Repository/PartyOnboarding/Personal/PartyContacts/Contact Email' does not have attribute 'readonly'&#xD;
	at com.kms.katalon.core.webui.keyword.internal.WebUIKeywordMain.stepFailed(WebUIKeywordMain.groovy:64)&#xD;
	at com.kms.katalon.core.webui.keyword.builtin.VerifyElementHasAttributeKeyword$_verifyElementHasAttribute_closure1.doCall(VerifyElementHasAttributeKeyword.groovy:89)&#xD;
	at com.kms.katalon.core.webui.keyword.builtin.VerifyElementHasAttributeKeyword$_verifyElementHasAttribute_closure1.call(VerifyElementHasAttributeKeyword.groovy)&#xD;
	at com.kms.katalon.core.webui.keyword.internal.WebUIKeywordMain.runKeyword(WebUIKeywordMain.groovy:20)&#xD;
	at com.kms.katalon.core.webui.keyword.builtin.VerifyElementHasAttributeKeyword.verifyElementHasAttribute(VerifyElementHasAttributeKeyword.groovy:100)&#xD;
	at com.kms.katalon.core.webui.keyword.builtin.VerifyElementHasAttributeKeyword.execute(VerifyElementHasAttributeKeyword.groovy:69)&#xD;
	at com.kms.katalon.core.keyword.internal.KeywordExecutor.executeKeywordForPlatform(KeywordExecutor.groovy:56)&#xD;
	at com.kms.katalon.core.webui.keyword.WebUiBuiltInKeywords.verifyElementHasAttribute(WebUiBuiltInKeywords.groovy:3166)&#xD;
	at com.kms.katalon.core.webui.keyword.WebUiBuiltInKeywords$verifyElementHasAttribute$11.call(Unknown Source)&#xD;
	at pageObjects.PartyOnboarding.inputDataForPartyContacts(PartyOnboarding.groovy:721)&#xD;
	at PartyOnboardingEnterprise.run(PartyOnboardingEnterprise:61)&#xD;
	at com.kms.katalon.core.main.ScriptEngine.run(ScriptEngine.java:194)&#xD;
	at com.kms.katalon.core.main.ScriptEngine.runScriptAsRawText(ScriptEngine.java:119)&#xD;
	at com.kms.katalon.core.main.TestCaseExecutor.runScript(TestCaseExecutor.java:337)&#xD;
	at com.kms.katalon.core.main.TestCaseExecutor.doExecute(TestCaseExecutor.java:328)&#xD;
	at com.kms.katalon.core.main.TestCaseExecutor.processExecutionPhase(TestCaseExecutor.java:307)&#xD;
	at com.kms.katalon.core.main.TestCaseExecutor.accessMainPhase(TestCaseExecutor.java:299)&#xD;
	at com.kms.katalon.core.main.TestCaseExecutor.execute(TestCaseExecutor.java:233)&#xD;
	at com.kms.katalon.core.main.TestSuiteExecutor.accessTestCaseMainPhase(TestSuiteExecutor.java:133)&#xD;
	at com.kms.katalon.core.main.TestSuiteExecutor.accessTestSuiteMainPhase(TestSuiteExecutor.java:116)&#xD;
	at com.kms.katalon.core.main.TestSuiteExecutor.execute(TestSuiteExecutor.java:83)&#xD;
	at com.kms.katalon.core.main.TestCaseMain.startTestSuite(TestCaseMain.java:157)&#xD;
	at com.kms.katalon.core.main.TestCaseMain$startTestSuite$0.call(Unknown Source)&#xD;
	at TempTestSuite1566441935163.run(TempTestSuite1566441935163.groovy:35)&#xD;
)&#xD;
[[ATTACHMENT|C:\\ML\\JITS\\AYA\\Automation\\FBE\\FBE\\Reports\\DataPreparation\\PartyOnboardingPersonal\\20190822_091535\\1566442604412.png]]&#xD;
&#xD;
2019-08-22 09:26:44 - [MESSAGE][PASSED] - Object 'Object Repository/PartyOnboarding/Personal/PartyContacts/Contact Number_03_Code' is visible&#xD;
&#xD;
2019-08-22 09:26:44 - [MESSAGE][PASSED] - Object 'Object Repository/PartyOnboarding/Personal/PartyContacts/Contact Number_03_Code' has attribute 'readonly'&#xD;
&#xD;
2019-08-22 09:26:44 - [MESSAGE][PASSED] - Object 'Object Repository/PartyOnboarding/Personal/PartyContacts/Contact Email' is visible&#xD;
&#xD;
2019-08-22 09:26:45 - [MESSAGE][PASSED] - Keys 'nguyenthimyle@gmail.com' sent to object: 'Object Repository/PartyOnboarding/Personal/PartyContacts/Contact Email'&#xD;
&#xD;
2019-08-22 09:26:45 - [MESSAGE][PASSED] - Object 'Object Repository/PartyOnboarding/Personal/PartyContacts/Confirm Email' is visible&#xD;
&#xD;
2019-08-22 09:26:46 - [MESSAGE][PASSED] - Keys 'nguyenthimyle@gmail.com' sent to object: 'Object Repository/PartyOnboarding/Personal/PartyContacts/Confirm Email'&#xD;
&#xD;
2019-08-22 09:26:46 - [MESSAGE][PASSED] - Object 'Object Repository/PartyOnboarding/Personal/PartyContacts/Valid From' is visible&#xD;
&#xD;
2019-08-22 09:26:46 - [MESSAGE][PASSED] - Text of object 'Object Repository/PartyOnboarding/Personal/PartyContacts/Valid From' is cleared&#xD;
&#xD;
2019-08-22 09:26:46 - [MESSAGE][PASSED] - Object 'Object Repository/PartyOnboarding/Personal/PartyContacts/Valid From' is visible&#xD;
&#xD;
2019-08-22 09:26:46 - [MESSAGE][PASSED] - Keys '2017-01-24' sent to object: 'Object Repository/PartyOnboarding/Personal/PartyContacts/Valid From'&#xD;
&#xD;
2019-08-22 09:26:47 - [MESSAGE][PASSED] - Object 'Object Repository/PartyOnboarding/Personal/PartyContacts/Save Row' is visible&#xD;
&#xD;
2019-08-22 09:26:47 - [MESSAGE][PASSED] - Execute JavaScript 'arguments[0].click();' successfully&#xD;
&#xD;
2019-08-22 09:26:47 - [TEST_STEP][PASSED] - partyOnboardingEnterprise.clickNextbutton(): Object: 'Object Repository/PartyOnboarding/btn_Next' is clicked on&#xD;
&#xD;
2019-08-22 09:26:47 - [MESSAGE][PASSED] - Object 'Object Repository/PartyOnboarding/btn_Next' is visible&#xD;
&#xD;
2019-08-22 09:26:47 - [MESSAGE][PASSED] - Object: 'Object Repository/PartyOnboarding/btn_Next' is clicked on&#xD;
&#xD;
2019-08-22 09:26:47 - [TEST_STEP][PASSED] - partyOnboardingEnterprise.inputDataForPartyRequiredDocuments(s06_documentCategory, s06_kycExpired, s06_documentType, s06_validFrom, s06_validTo, s06_referenceNumber, s06_issuingAuthority, s06_issuingCountry, s06_documentVerified, s06_image, s06_documentCollectionStatus): Keys 'Documents collected and validated centrally' sent to object: 'Object Repository/PartyOnboarding/Personal/PartyRequiredDocument/ddl_DocumentsCollectionStatus'&#xD;
&#xD;
2019-08-22 09:26:48 - [MESSAGE][PASSED] - Delayed 1 second(s)&#xD;
&#xD;
2019-08-22 09:26:48 - [MESSAGE][PASSED] - Object 'Object Repository/PartyOnboarding/Personal/PartyRequiredDocument/New Row' is visible&#xD;
&#xD;
2019-08-22 09:26:48 - [MESSAGE][PASSED] - Execute JavaScript 'arguments[0].click();' successfully&#xD;
&#xD;
2019-08-22 09:26:48 - [MESSAGE][PASSED] - Object 'Object Repository/PartyOnboarding/Personal/PartyRequiredDocument/DocumentCategory' is visible&#xD;
&#xD;
2019-08-22 09:26:49 - [MESSAGE][PASSED] - Keys 'TAB + PT-AUTHORIZED MYCO USER' sent to object: 'Object Repository/PartyOnboarding/Personal/PartyRequiredDocument/DocumentCategory'&#xD;
&#xD;
2019-08-22 09:26:50 - [MESSAGE][PASSED] - Delayed 1 second(s)&#xD;
&#xD;
2019-08-22 09:26:50 - [MESSAGE][PASSED] - Object 'Object Repository/PartyOnboarding/Personal/PartyRequiredDocument/Document Type' is visible&#xD;
&#xD;
2019-08-22 09:26:51 - [MESSAGE][PASSED] - Keys 'TAB + AUTHORIZED MYCO USER' sent to object: 'Object Repository/PartyOnboarding/Personal/PartyRequiredDocument/Document Type'&#xD;
&#xD;
2019-08-22 09:26:52 - [MESSAGE][PASSED] - Delayed 1 second(s)&#xD;
&#xD;
2019-08-22 09:26:52 - [MESSAGE][PASSED] - Object 'Object Repository/PartyOnboarding/Personal/PartyRequiredDocument/Issuing Country' is visible&#xD;
&#xD;
2019-08-22 09:26:52 - [MESSAGE][PASSED] - Keys 'Myanmar' sent to object: 'Object Repository/PartyOnboarding/Personal/PartyRequiredDocument/Issuing Country'&#xD;
&#xD;
2019-08-22 09:26:53 - [MESSAGE][PASSED] - Delayed 1 second(s)&#xD;
&#xD;
2019-08-22 09:26:53 - [MESSAGE][PASSED] - Object 'Object Repository/PartyOnboarding/Personal/PartyRequiredDocument/Document Verified' is visible&#xD;
&#xD;
2019-08-22 09:26:54 - [MESSAGE][PASSED] - Keys 'TAB + TRUE' sent to object: 'Object Repository/PartyOnboarding/Personal/PartyRequiredDocument/Document Verified'&#xD;
&#xD;
2019-08-22 09:26:54 - [MESSAGE][PASSED] - Object 'Object Repository/PartyOnboarding/Personal/PartyRequiredDocument/Save Row' is visible&#xD;
&#xD;
2019-08-22 09:26:54 - [MESSAGE][PASSED] - Execute JavaScript 'arguments[0].click();' successfully&#xD;
&#xD;
2019-08-22 09:26:54 - [MESSAGE][PASSED] - Object 'Object Repository/PartyOnboarding/Personal/PartyRequiredDocument/New Row' is visible&#xD;
&#xD;
2019-08-22 09:26:54 - [MESSAGE][PASSED] - Execute JavaScript 'arguments[0].click();' successfully&#xD;
&#xD;
2019-08-22 09:26:54 - [MESSAGE][PASSED] - Object 'Object Repository/PartyOnboarding/Personal/PartyRequiredDocument/DocumentCategory' is visible&#xD;
&#xD;
2019-08-22 09:26:55 - [MESSAGE][PASSED] - Keys 'TAB + PT-BOARD OF DIRECTORS RESOLUTION' sent to object: 'Object Repository/PartyOnboarding/Personal/PartyRequiredDocument/DocumentCategory'&#xD;
&#xD;
2019-08-22 09:26:56 - [MESSAGE][PASSED] - Delayed 1 second(s)&#xD;
&#xD;
2019-08-22 09:26:57 - [MESSAGE][PASSED] - Object 'Object Repository/PartyOnboarding/Personal/PartyRequiredDocument/Document Type' is visible&#xD;
&#xD;
2019-08-22 09:26:58 - [MESSAGE][PASSED] - Keys 'TAB + BOARD OF DIRECTORS RESOLUTION' sent to object: 'Object Repository/PartyOnboarding/Personal/PartyRequiredDocument/Document Type'&#xD;
&#xD;
2019-08-22 09:26:59 - [MESSAGE][PASSED] - Delayed 1 second(s)&#xD;
&#xD;
2019-08-22 09:26:59 - [MESSAGE][PASSED] - Object 'Object Repository/PartyOnboarding/Personal/PartyRequiredDocument/Issuing Country' is visible&#xD;
&#xD;
2019-08-22 09:26:59 - [MESSAGE][PASSED] - Keys 'Myanmar' sent to object: 'Object Repository/PartyOnboarding/Personal/PartyRequiredDocument/Issuing Country'&#xD;
&#xD;
2019-08-22 09:27:00 - [MESSAGE][PASSED] - Delayed 1 second(s)&#xD;
&#xD;
2019-08-22 09:27:00 - [MESSAGE][PASSED] - Object 'Object Repository/PartyOnboarding/Personal/PartyRequiredDocument/Document Verified' is visible&#xD;
&#xD;
2019-08-22 09:27:00 - [MESSAGE][PASSED] - Keys 'TAB + TRUE' sent to object: 'Object Repository/PartyOnboarding/Personal/PartyRequiredDocument/Document Verified'&#xD;
&#xD;
2019-08-22 09:27:00 - [MESSAGE][PASSED] - Object 'Object Repository/PartyOnboarding/Personal/PartyRequiredDocument/Save Row' is visible&#xD;
&#xD;
2019-08-22 09:27:01 - [MESSAGE][PASSED] - Execute JavaScript 'arguments[0].click();' successfully&#xD;
&#xD;
2019-08-22 09:27:01 - [MESSAGE][PASSED] - Object 'Object Repository/PartyOnboarding/Personal/PartyRequiredDocument/New Row' is visible&#xD;
&#xD;
2019-08-22 09:27:01 - [MESSAGE][PASSED] - Execute JavaScript 'arguments[0].click();' successfully&#xD;
&#xD;
2019-08-22 09:27:01 - [MESSAGE][PASSED] - Object 'Object Repository/PartyOnboarding/Personal/PartyRequiredDocument/DocumentCategory' is visible&#xD;
&#xD;
2019-08-22 09:27:02 - [MESSAGE][PASSED] - Keys 'TAB + PT-CERTIFICATE OF INCORPORATION' sent to object: 'Object Repository/PartyOnboarding/Personal/PartyRequiredDocument/DocumentCategory'&#xD;
&#xD;
2019-08-22 09:27:03 - [MESSAGE][PASSED] - Delayed 1 second(s)&#xD;
&#xD;
2019-08-22 09:27:03 - [MESSAGE][PASSED] - Object 'Object Repository/PartyOnboarding/Personal/PartyRequiredDocument/Document Type' is visible&#xD;
&#xD;
2019-08-22 09:27:04 - [MESSAGE][PASSED] - Keys 'TAB + CERTIFICATE OF INCORPORATION' sent to object: 'Object Repository/PartyOnboarding/Personal/PartyRequiredDocument/Document Type'&#xD;
&#xD;
2019-08-22 09:27:05 - [MESSAGE][PASSED] - Delayed 1 second(s)&#xD;
&#xD;
2019-08-22 09:27:06 - [MESSAGE][PASSED] - Object 'Object Repository/PartyOnboarding/Personal/PartyRequiredDocument/Issuing Country' is visible&#xD;
&#xD;
2019-08-22 09:27:06 - [MESSAGE][PASSED] - Keys 'Myanmar' sent to object: 'Object Repository/PartyOnboarding/Personal/PartyRequiredDocument/Issuing Country'&#xD;
&#xD;
2019-08-22 09:27:07 - [MESSAGE][PASSED] - Delayed 1 second(s)&#xD;
&#xD;
2019-08-22 09:27:07 - [MESSAGE][PASSED] - Object 'Object Repository/PartyOnboarding/Personal/PartyRequiredDocument/Document Verified' is visible&#xD;
&#xD;
2019-08-22 09:27:07 - [MESSAGE][PASSED] - Keys 'TAB + TRUE' sent to object: 'Object Repository/PartyOnboarding/Personal/PartyRequiredDocument/Document Verified'&#xD;
&#xD;
2019-08-22 09:27:07 - [MESSAGE][PASSED] - Object 'Object Repository/PartyOnboarding/Personal/PartyRequiredDocument/Save Row' is visible&#xD;
&#xD;
2019-08-22 09:27:07 - [MESSAGE][PASSED] - Execute JavaScript 'arguments[0].click();' successfully&#xD;
&#xD;
2019-08-22 09:27:07 - [MESSAGE][PASSED] - Object 'Object Repository/PartyOnboarding/Personal/PartyRequiredDocument/New Row' is visible&#xD;
&#xD;
2019-08-22 09:27:07 - [MESSAGE][PASSED] - Execute JavaScript 'arguments[0].click();' successfully&#xD;
&#xD;
2019-08-22 09:27:07 - [MESSAGE][PASSED] - Object 'Object Repository/PartyOnboarding/Personal/PartyRequiredDocument/DocumentCategory' is visible&#xD;
&#xD;
2019-08-22 09:27:08 - [MESSAGE][PASSED] - Keys 'TAB + PT-FILING HISTORY' sent to object: 'Object Repository/PartyOnboarding/Personal/PartyRequiredDocument/DocumentCategory'&#xD;
&#xD;
2019-08-22 09:27:09 - [MESSAGE][PASSED] - Delayed 1 second(s)&#xD;
&#xD;
2019-08-22 09:27:09 - [MESSAGE][PASSED] - Object 'Object Repository/PartyOnboarding/Personal/PartyRequiredDocument/Document Type' is visible&#xD;
&#xD;
2019-08-22 09:27:10 - [MESSAGE][PASSED] - Keys 'TAB + FILING HISTORY' sent to object: 'Object Repository/PartyOnboarding/Personal/PartyRequiredDocument/Document Type'&#xD;
&#xD;
2019-08-22 09:27:11 - [MESSAGE][PASSED] - Delayed 1 second(s)&#xD;
&#xD;
2019-08-22 09:27:11 - [MESSAGE][PASSED] - Object 'Object Repository/PartyOnboarding/Personal/PartyRequiredDocument/Issuing Country' is visible&#xD;
&#xD;
2019-08-22 09:27:11 - [MESSAGE][PASSED] - Keys 'Myanmar' sent to object: 'Object Repository/PartyOnboarding/Personal/PartyRequiredDocument/Issuing Country'&#xD;
&#xD;
2019-08-22 09:27:12 - [MESSAGE][PASSED] - Delayed 1 second(s)&#xD;
&#xD;
2019-08-22 09:27:12 - [MESSAGE][PASSED] - Object 'Object Repository/PartyOnboarding/Personal/PartyRequiredDocument/Document Verified' is visible&#xD;
&#xD;
2019-08-22 09:27:13 - [MESSAGE][PASSED] - Keys 'TAB + TRUE' sent to object: 'Object Repository/PartyOnboarding/Personal/PartyRequiredDocument/Document Verified'&#xD;
&#xD;
2019-08-22 09:27:13 - [MESSAGE][PASSED] - Object 'Object Repository/PartyOnboarding/Personal/PartyRequiredDocument/Save Row' is visible&#xD;
&#xD;
2019-08-22 09:27:13 - [MESSAGE][PASSED] - Execute JavaScript 'arguments[0].click();' successfully&#xD;
&#xD;
2019-08-22 09:27:13 - [MESSAGE][PASSED] - Object 'Object Repository/PartyOnboarding/Personal/PartyRequiredDocument/New Row' is visible&#xD;
&#xD;
2019-08-22 09:27:13 - [MESSAGE][PASSED] - Execute JavaScript 'arguments[0].click();' successfully&#xD;
&#xD;
2019-08-22 09:27:13 - [MESSAGE][PASSED] - Object 'Object Repository/PartyOnboarding/Personal/PartyRequiredDocument/DocumentCategory' is visible&#xD;
&#xD;
2019-08-22 09:27:14 - [MESSAGE][PASSED] - Keys 'TAB + PT-FORM QA 22(FOREIGNER)' sent to object: 'Object Repository/PartyOnboarding/Personal/PartyRequiredDocument/DocumentCategory'&#xD;
&#xD;
2019-08-22 09:27:15 - [MESSAGE][PASSED] - Delayed 1 second(s)&#xD;
&#xD;
2019-08-22 09:27:15 - [MESSAGE][PASSED] - Object 'Object Repository/PartyOnboarding/Personal/PartyRequiredDocument/Document Type' is visible&#xD;
&#xD;
2019-08-22 09:27:16 - [MESSAGE][PASSED] - Keys 'TAB + FORM QA 22(FOREIGNER)' sent to object: 'Object Repository/PartyOnboarding/Personal/PartyRequiredDocument/Document Type'&#xD;
&#xD;
2019-08-22 09:27:17 - [MESSAGE][PASSED] - Delayed 1 second(s)&#xD;
&#xD;
2019-08-22 09:27:17 - [MESSAGE][PASSED] - Object 'Object Repository/PartyOnboarding/Personal/PartyRequiredDocument/Issuing Country' is visible&#xD;
&#xD;
2019-08-22 09:27:17 - [MESSAGE][PASSED] - Keys 'Myanmar' sent to object: 'Object Repository/PartyOnboarding/Personal/PartyRequiredDocument/Issuing Country'&#xD;
&#xD;
2019-08-22 09:27:18 - [MESSAGE][PASSED] - Delayed 1 second(s)&#xD;
&#xD;
2019-08-22 09:27:18 - [MESSAGE][PASSED] - Object 'Object Repository/PartyOnboarding/Personal/PartyRequiredDocument/Document Verified' is visible&#xD;
&#xD;
2019-08-22 09:27:19 - [MESSAGE][PASSED] - Keys 'TAB + TRUE' sent to object: 'Object Repository/PartyOnboarding/Personal/PartyRequiredDocument/Document Verified'&#xD;
&#xD;
2019-08-22 09:27:19 - [MESSAGE][PASSED] - Object 'Object Repository/PartyOnboarding/Personal/PartyRequiredDocument/Save Row' is visible&#xD;
&#xD;
2019-08-22 09:27:19 - [MESSAGE][PASSED] - Execute JavaScript 'arguments[0].click();' successfully&#xD;
&#xD;
2019-08-22 09:27:19 - [MESSAGE][PASSED] - Object 'Object Repository/PartyOnboarding/Personal/PartyRequiredDocument/New Row' is visible&#xD;
&#xD;
2019-08-22 09:27:19 - [MESSAGE][PASSED] - Execute JavaScript 'arguments[0].click();' successfully&#xD;
&#xD;
2019-08-22 09:27:19 - [MESSAGE][PASSED] - Object 'Object Repository/PartyOnboarding/Personal/PartyRequiredDocument/DocumentCategory' is visible&#xD;
&#xD;
2019-08-22 09:27:21 - [MESSAGE][PASSED] - Keys 'TAB + PT-LIST OF DIRECTORS AND MEMBER DETAILS' sent to object: 'Object Repository/PartyOnboarding/Personal/PartyRequiredDocument/DocumentCategory'&#xD;
&#xD;
2019-08-22 09:27:22 - [MESSAGE][PASSED] - Delayed 1 second(s)&#xD;
&#xD;
2019-08-22 09:27:22 - [MESSAGE][PASSED] - Object 'Object Repository/PartyOnboarding/Personal/PartyRequiredDocument/Document Type' is visible&#xD;
&#xD;
2019-08-22 09:27:23 - [MESSAGE][PASSED] - Keys 'TAB + LIST OF DIRECTORS AND MEMBER DETAILS' sent to object: 'Object Repository/PartyOnboarding/Personal/PartyRequiredDocument/Document Type'&#xD;
&#xD;
2019-08-22 09:27:24 - [MESSAGE][PASSED] - Delayed 1 second(s)&#xD;
&#xD;
2019-08-22 09:27:24 - [MESSAGE][PASSED] - Object 'Object Repository/PartyOnboarding/Personal/PartyRequiredDocument/Issuing Country' is visible&#xD;
&#xD;
2019-08-22 09:27:25 - [MESSAGE][PASSED] - Keys 'Myanmar' sent to object: 'Object Repository/PartyOnboarding/Personal/PartyRequiredDocument/Issuing Country'&#xD;
&#xD;
2019-08-22 09:27:26 - [MESSAGE][PASSED] - Delayed 1 second(s)&#xD;
&#xD;
2019-08-22 09:27:26 - [MESSAGE][PASSED] - Object 'Object Repository/PartyOnboarding/Personal/PartyRequiredDocument/Document Verified' is visible&#xD;
&#xD;
2019-08-22 09:27:26 - [MESSAGE][PASSED] - Keys 'TAB + TRUE' sent to object: 'Object Repository/PartyOnboarding/Personal/PartyRequiredDocument/Document Verified'&#xD;
&#xD;
2019-08-22 09:27:26 - [MESSAGE][PASSED] - Object 'Object Repository/PartyOnboarding/Personal/PartyRequiredDocument/Save Row' is visible&#xD;
&#xD;
2019-08-22 09:27:26 - [MESSAGE][PASSED] - Execute JavaScript 'arguments[0].click();' successfully&#xD;
&#xD;
2019-08-22 09:27:26 - [MESSAGE][PASSED] - Object 'Object Repository/PartyOnboarding/Personal/PartyRequiredDocument/New Row' is visible&#xD;
&#xD;
2019-08-22 09:27:26 - [MESSAGE][PASSED] - Execute JavaScript 'arguments[0].click();' successfully&#xD;
&#xD;
2019-08-22 09:27:26 - [MESSAGE][PASSED] - Object 'Object Repository/PartyOnboarding/Personal/PartyRequiredDocument/DocumentCategory' is visible&#xD;
&#xD;
2019-08-22 09:27:28 - [MESSAGE][PASSED] - Keys 'TAB + PT-LIST OF SHAREHOLDERS AND MEMBER DETAILS' sent to object: 'Object Repository/PartyOnboarding/Personal/PartyRequiredDocument/DocumentCategory'&#xD;
&#xD;
2019-08-22 09:27:29 - [MESSAGE][PASSED] - Delayed 1 second(s)&#xD;
&#xD;
2019-08-22 09:27:29 - [MESSAGE][PASSED] - Object 'Object Repository/PartyOnboarding/Personal/PartyRequiredDocument/Document Type' is visible&#xD;
&#xD;
2019-08-22 09:27:31 - [MESSAGE][PASSED] - Keys 'TAB + LIST OF SHAREHOLDERS AND MEMBER DETAILS' sent to object: 'Object Repository/PartyOnboarding/Personal/PartyRequiredDocument/Document Type'&#xD;
&#xD;
2019-08-22 09:27:32 - [MESSAGE][PASSED] - Delayed 1 second(s)&#xD;
&#xD;
2019-08-22 09:27:32 - [MESSAGE][PASSED] - Object 'Object Repository/PartyOnboarding/Personal/PartyRequiredDocument/Issuing Country' is visible&#xD;
&#xD;
2019-08-22 09:27:32 - [MESSAGE][PASSED] - Keys 'Myanmar' sent to object: 'Object Repository/PartyOnboarding/Personal/PartyRequiredDocument/Issuing Country'&#xD;
&#xD;
2019-08-22 09:27:33 - [MESSAGE][PASSED] - Delayed 1 second(s)&#xD;
&#xD;
2019-08-22 09:27:33 - [MESSAGE][PASSED] - Object 'Object Repository/PartyOnboarding/Personal/PartyRequiredDocument/Document Verified' is visible&#xD;
&#xD;
2019-08-22 09:27:33 - [MESSAGE][PASSED] - Keys 'TAB + TRUE' sent to object: 'Object Repository/PartyOnboarding/Personal/PartyRequiredDocument/Document Verified'&#xD;
&#xD;
2019-08-22 09:27:34 - [MESSAGE][PASSED] - Object 'Object Repository/PartyOnboarding/Personal/PartyRequiredDocument/Save Row' is visible&#xD;
&#xD;
2019-08-22 09:27:34 - [MESSAGE][PASSED] - Execute JavaScript 'arguments[0].click();' successfully&#xD;
&#xD;
2019-08-22 09:27:34 - [MESSAGE][PASSED] - Object 'Object Repository/PartyOnboarding/Personal/PartyRequiredDocument/New Row' is visible&#xD;
&#xD;
2019-08-22 09:27:34 - [MESSAGE][PASSED] - Execute JavaScript 'arguments[0].click();' successfully&#xD;
&#xD;
2019-08-22 09:27:34 - [MESSAGE][PASSED] - Object 'Object Repository/PartyOnboarding/Personal/PartyRequiredDocument/DocumentCategory' is visible&#xD;
&#xD;
2019-08-22 09:27:36 - [MESSAGE][PASSED] - Keys 'TAB + PT-NRC/PASSPORT COPY OF AUTHORIZED SIGNATORY' sent to object: 'Object Repository/PartyOnboarding/Personal/PartyRequiredDocument/DocumentCategory'&#xD;
&#xD;
2019-08-22 09:27:37 - [MESSAGE][PASSED] - Delayed 1 second(s)&#xD;
&#xD;
2019-08-22 09:27:37 - [MESSAGE][PASSED] - Object 'Object Repository/PartyOnboarding/Personal/PartyRequiredDocument/Document Type' is visible&#xD;
&#xD;
2019-08-22 09:27:39 - [MESSAGE][PASSED] - Keys 'TAB + NRC/PASSPORT COPY OF AUTHORIZED SIGNATORY' sent to object: 'Object Repository/PartyOnboarding/Personal/PartyRequiredDocument/Document Type'&#xD;
&#xD;
2019-08-22 09:27:40 - [MESSAGE][PASSED] - Delayed 1 second(s)&#xD;
&#xD;
2019-08-22 09:27:40 - [MESSAGE][PASSED] - Object 'Object Repository/PartyOnboarding/Personal/PartyRequiredDocument/Issuing Country' is visible&#xD;
&#xD;
2019-08-22 09:27:40 - [MESSAGE][PASSED] - Keys 'Myanmar' sent to object: 'Object Repository/PartyOnboarding/Personal/PartyRequiredDocument/Issuing Country'&#xD;
&#xD;
2019-08-22 09:27:41 - [MESSAGE][PASSED] - Delayed 1 second(s)&#xD;
&#xD;
2019-08-22 09:27:41 - [MESSAGE][PASSED] - Object 'Object Repository/PartyOnboarding/Personal/PartyRequiredDocument/Document Verified' is visible&#xD;
&#xD;
2019-08-22 09:27:41 - [MESSAGE][PASSED] - Keys 'TAB + TRUE' sent to object: 'Object Repository/PartyOnboarding/Personal/PartyRequiredDocument/Document Verified'&#xD;
&#xD;
2019-08-22 09:27:41 - [MESSAGE][PASSED] - Object 'Object Repository/PartyOnboarding/Personal/PartyRequiredDocument/Save Row' is visible&#xD;
&#xD;
2019-08-22 09:27:41 - [MESSAGE][PASSED] - Execute JavaScript 'arguments[0].click();' successfully&#xD;
&#xD;
2019-08-22 09:27:41 - [MESSAGE][PASSED] - Object 'Object Repository/PartyOnboarding/Personal/PartyRequiredDocument/New Row' is visible&#xD;
&#xD;
2019-08-22 09:27:41 - [MESSAGE][PASSED] - Execute JavaScript 'arguments[0].click();' successfully&#xD;
&#xD;
2019-08-22 09:27:42 - [MESSAGE][PASSED] - Object 'Object Repository/PartyOnboarding/Personal/PartyRequiredDocument/DocumentCategory' is visible&#xD;
&#xD;
2019-08-22 09:27:43 - [MESSAGE][PASSED] - Keys 'TAB + PT-NRC/PASSPORT COPY OF SHAREHOLDERS' sent to object: 'Object Repository/PartyOnboarding/Personal/PartyRequiredDocument/DocumentCategory'&#xD;
&#xD;
2019-08-22 09:27:44 - [MESSAGE][PASSED] - Delayed 1 second(s)&#xD;
&#xD;
2019-08-22 09:27:44 - [MESSAGE][PASSED] - Object 'Object Repository/PartyOnboarding/Personal/PartyRequiredDocument/Document Type' is visible&#xD;
&#xD;
2019-08-22 09:27:46 - [MESSAGE][PASSED] - Keys 'TAB + NRC/PASSPORT COPY OF SHAREHOLDERS' sent to object: 'Object Repository/PartyOnboarding/Personal/PartyRequiredDocument/Document Type'&#xD;
&#xD;
2019-08-22 09:27:47 - [MESSAGE][PASSED] - Delayed 1 second(s)&#xD;
&#xD;
2019-08-22 09:27:47 - [MESSAGE][PASSED] - Object 'Object Repository/PartyOnboarding/Personal/PartyRequiredDocument/Issuing Country' is visible&#xD;
&#xD;
2019-08-22 09:27:47 - [MESSAGE][PASSED] - Keys 'Myanmar' sent to object: 'Object Repository/PartyOnboarding/Personal/PartyRequiredDocument/Issuing Country'&#xD;
&#xD;
2019-08-22 09:27:48 - [MESSAGE][PASSED] - Delayed 1 second(s)&#xD;
&#xD;
2019-08-22 09:27:48 - [MESSAGE][PASSED] - Object 'Object Repository/PartyOnboarding/Personal/PartyRequiredDocument/Document Verified' is visible&#xD;
&#xD;
2019-08-22 09:27:48 - [MESSAGE][PASSED] - Keys 'TAB + TRUE' sent to object: 'Object Repository/PartyOnboarding/Personal/PartyRequiredDocument/Document Verified'&#xD;
&#xD;
2019-08-22 09:27:48 - [MESSAGE][PASSED] - Object 'Object Repository/PartyOnboarding/Personal/PartyRequiredDocument/Save Row' is visible&#xD;
&#xD;
2019-08-22 09:27:48 - [MESSAGE][PASSED] - Execute JavaScript 'arguments[0].click();' successfully&#xD;
&#xD;
2019-08-22 09:27:49 - [MESSAGE][PASSED] - Object 'Object Repository/PartyOnboarding/Personal/PartyRequiredDocument/New Row' is visible&#xD;
&#xD;
2019-08-22 09:27:49 - [MESSAGE][PASSED] - Execute JavaScript 'arguments[0].click();' successfully&#xD;
&#xD;
2019-08-22 09:27:49 - [MESSAGE][PASSED] - Object 'Object Repository/PartyOnboarding/Personal/PartyRequiredDocument/DocumentCategory' is visible&#xD;
&#xD;
2019-08-22 09:27:50 - [MESSAGE][PASSED] - Keys 'TAB + PT-REGISTERED COMPANY ADDRESS' sent to object: 'Object Repository/PartyOnboarding/Personal/PartyRequiredDocument/DocumentCategory'&#xD;
&#xD;
2019-08-22 09:27:51 - [MESSAGE][PASSED] - Delayed 1 second(s)&#xD;
&#xD;
2019-08-22 09:27:51 - [MESSAGE][PASSED] - Object 'Object Repository/PartyOnboarding/Personal/PartyRequiredDocument/Document Type' is visible&#xD;
&#xD;
2019-08-22 09:27:52 - [MESSAGE][PASSED] - Keys 'TAB + REGISTERED COMPANY ADDRESS' sent to object: 'Object Repository/PartyOnboarding/Personal/PartyRequiredDocument/Document Type'&#xD;
&#xD;
2019-08-22 09:27:53 - [MESSAGE][PASSED] - Delayed 1 second(s)&#xD;
&#xD;
2019-08-22 09:27:53 - [MESSAGE][PASSED] - Object 'Object Repository/PartyOnboarding/Personal/PartyRequiredDocument/Issuing Country' is visible&#xD;
&#xD;
2019-08-22 09:27:54 - [MESSAGE][PASSED] - Keys 'Myanmar' sent to object: 'Object Repository/PartyOnboarding/Personal/PartyRequiredDocument/Issuing Country'&#xD;
&#xD;
2019-08-22 09:27:55 - [MESSAGE][PASSED] - Delayed 1 second(s)&#xD;
&#xD;
2019-08-22 09:27:55 - [MESSAGE][PASSED] - Object 'Object Repository/PartyOnboarding/Personal/PartyRequiredDocument/Document Verified' is visible&#xD;
&#xD;
2019-08-22 09:27:55 - [MESSAGE][PASSED] - Keys 'TAB + TRUE' sent to object: 'Object Repository/PartyOnboarding/Personal/PartyRequiredDocument/Document Verified'&#xD;
&#xD;
2019-08-22 09:27:55 - [MESSAGE][PASSED] - Object 'Object Repository/PartyOnboarding/Personal/PartyRequiredDocument/Save Row' is visible&#xD;
&#xD;
2019-08-22 09:27:55 - [MESSAGE][PASSED] - Execute JavaScript 'arguments[0].click();' successfully&#xD;
&#xD;
2019-08-22 09:27:55 - [MESSAGE][PASSED] - Object 'Object Repository/PartyOnboarding/Personal/PartyRequiredDocument/New Row' is visible&#xD;
&#xD;
2019-08-22 09:27:55 - [MESSAGE][PASSED] - Execute JavaScript 'arguments[0].click();' successfully&#xD;
&#xD;
2019-08-22 09:27:55 - [MESSAGE][PASSED] - Object 'Object Repository/PartyOnboarding/Personal/PartyRequiredDocument/DocumentCategory' is visible&#xD;
&#xD;
2019-08-22 09:27:57 - [MESSAGE][PASSED] - Keys 'TAB + PT-VALID VISA COPY OF AUTH. SIGNATORY(FOREIGNER)' sent to object: 'Object Repository/PartyOnboarding/Personal/PartyRequiredDocument/DocumentCategory'&#xD;
&#xD;
2019-08-22 09:27:58 - [MESSAGE][PASSED] - Delayed 1 second(s)&#xD;
&#xD;
2019-08-22 09:27:58 - [MESSAGE][PASSED] - Object 'Object Repository/PartyOnboarding/Personal/PartyRequiredDocument/Document Type' is visible&#xD;
&#xD;
2019-08-22 09:28:00 - [MESSAGE][PASSED] - Keys 'TAB + VALID VISA COPY OF AUTH. SIGNATORY(FOREIGNER)' sent to object: 'Object Repository/PartyOnboarding/Personal/PartyRequiredDocument/Document Type'&#xD;
&#xD;
2019-08-22 09:28:01 - [MESSAGE][PASSED] - Delayed 1 second(s)&#xD;
&#xD;
2019-08-22 09:28:01 - [MESSAGE][PASSED] - Object 'Object Repository/PartyOnboarding/Personal/PartyRequiredDocument/Issuing Country' is visible&#xD;
&#xD;
2019-08-22 09:28:02 - [MESSAGE][PASSED] - Keys 'Myanmar' sent to object: 'Object Repository/PartyOnboarding/Personal/PartyRequiredDocument/Issuing Country'&#xD;
&#xD;
2019-08-22 09:28:03 - [MESSAGE][PASSED] - Delayed 1 second(s)&#xD;
&#xD;
2019-08-22 09:28:03 - [MESSAGE][PASSED] - Object 'Object Repository/PartyOnboarding/Personal/PartyRequiredDocument/Document Verified' is visible&#xD;
&#xD;
2019-08-22 09:28:03 - [MESSAGE][PASSED] - Keys 'TAB + TRUE' sent to object: 'Object Repository/PartyOnboarding/Personal/PartyRequiredDocument/Document Verified'&#xD;
&#xD;
2019-08-22 09:28:03 - [MESSAGE][PASSED] - Object 'Object Repository/PartyOnboarding/Personal/PartyRequiredDocument/Save Row' is visible&#xD;
&#xD;
2019-08-22 09:28:03 - [MESSAGE][PASSED] - Execute JavaScript 'arguments[0].click();' successfully&#xD;
&#xD;
2019-08-22 09:28:03 - [MESSAGE][PASSED] - Object 'Object Repository/PartyOnboarding/Personal/PartyRequiredDocument/ddl_DocumentsCollectionStatus' is visible&#xD;
&#xD;
2019-08-22 09:28:05 - [MESSAGE][PASSED] - Keys 'Documents collected and validated centrally' sent to object: 'Object Repository/PartyOnboarding/Personal/PartyRequiredDocument/ddl_DocumentsCollectionStatus'&#xD;
&#xD;
2019-08-22 09:28:05 - [TEST_STEP][PASSED] - partyOnboardingEnterprise.clickNextbutton(): Object: 'Object Repository/PartyOnboarding/btn_Next' is clicked on&#xD;
&#xD;
2019-08-22 09:28:05 - [MESSAGE][PASSED] - Object 'Object Repository/PartyOnboarding/btn_Next' is visible&#xD;
&#xD;
2019-08-22 09:28:05 - [MESSAGE][PASSED] - Object: 'Object Repository/PartyOnboarding/btn_Next' is clicked on&#xD;
&#xD;
2019-08-22 09:28:05 - [TEST_STEP][PASSED] - delay(1): Delayed 1 second(s)&#xD;
&#xD;
2019-08-22 09:28:06 - [MESSAGE][PASSED] - Delayed 1 second(s)&#xD;
&#xD;
2019-08-22 09:28:06 - [TEST_STEP][PASSED] - log.logInfo("--- " + " Click Next button ---"): ---  Click Next button ---&#xD;
&#xD;
2019-08-22 09:28:06 - [MESSAGE][INFO] - ---  Click Next button ---&#xD;
&#xD;
2019-08-22 09:28:06 - [TEST_STEP][PASSED] - partyOnboardingEnterprise.clickNextbutton(): Object: 'Object Repository/PartyOnboarding/btn_Next' is clicked on&#xD;
&#xD;
2019-08-22 09:28:06 - [MESSAGE][PASSED] - Object 'Object Repository/PartyOnboarding/btn_Next' is visible&#xD;
&#xD;
2019-08-22 09:28:06 - [MESSAGE][PASSED] - Object: 'Object Repository/PartyOnboarding/btn_Next' is clicked on&#xD;
&#xD;
2019-08-22 09:28:06 - [TEST_STEP][PASSED] - log.logInfo("--- " + " Click Next button ---"): ---  Click Next button ---&#xD;
&#xD;
2019-08-22 09:28:06 - [MESSAGE][INFO] - ---  Click Next button ---&#xD;
&#xD;
2019-08-22 09:28:06 - [TEST_STEP][PASSED] - delay(1): Delayed 1 second(s)&#xD;
&#xD;
2019-08-22 09:28:07 - [MESSAGE][PASSED] - Delayed 1 second(s)&#xD;
&#xD;
2019-08-22 09:28:07 - [TEST_STEP][PASSED] - partyOnboardingEnterprise.clickNextbutton(): Object: 'Object Repository/PartyOnboarding/btn_Next' is clicked on&#xD;
&#xD;
2019-08-22 09:28:08 - [MESSAGE][PASSED] - Object 'Object Repository/PartyOnboarding/btn_Next' is visible&#xD;
&#xD;
2019-08-22 09:28:08 - [MESSAGE][PASSED] - Object: 'Object Repository/PartyOnboarding/btn_Next' is clicked on&#xD;
&#xD;
2019-08-22 09:28:08 - [TEST_STEP][PASSED] - log.logInfo("--- " + " Click Process on Warning box ---"): ---  Click Process on Warning box ---&#xD;
&#xD;
2019-08-22 09:28:08 - [MESSAGE][INFO] - ---  Click Process on Warning box ---&#xD;
&#xD;
2019-08-22 09:28:08 - [TEST_STEP][PASSED] - partyOnboardingEnterprise.clickAskForApprovalbutton(): Object: 'Object Repository/PartyOnboarding/RequestToApproval/AskForApproval_btn' is clicked on&#xD;
&#xD;
2019-08-22 09:28:08 - [MESSAGE][PASSED] - Object 'Object Repository/PartyOnboarding/RequestToApproval/AskForApproval_btn' is visible&#xD;
&#xD;
2019-08-22 09:28:08 - [MESSAGE][PASSED] - Object: 'Object Repository/PartyOnboarding/RequestToApproval/AskForApproval_btn' is clicked on</system-out>
            <system-err></system-err>
        </testcase>
        <testcase name="Test Cases/DataPreparation/PartyOnboardingEnterprise" classname="Test Cases/DataPreparation/PartyOnboardingEnterprise" status="PASSED">
            <system-out>2019-08-22 09:28:08 - [TEST_CASE][PASSED] - Test Cases/DataPreparation/PartyOnboardingEnterprise: Test Cases/DataPreparation/PartyOnboardingEnterprise&#xD;
&#xD;
2019-08-22 09:28:08 - [TEST_STEP][PASSED] - Start listener action : sampleBeforeTestCase: null&#xD;
&#xD;
2019-08-22 09:28:08 - [TEST_STEP][PASSED] - testCaseID = testCaseContext.getTestCaseId(): null&#xD;
&#xD;
2019-08-22 09:28:08 - [TEST_STEP][PASSED] - log = new com.kms.katalon.core.util.KeywordUtil(): null&#xD;
&#xD;
2019-08-22 09:28:08 - [TEST_STEP][PASSED] - partyOnboardingEnterprise = new pageObjects.PartyOnboarding(): null&#xD;
&#xD;
2019-08-22 09:28:09 - [TEST_STEP][PASSED] - delay(3): Delayed 3 second(s)&#xD;
&#xD;
2019-08-22 09:28:12 - [MESSAGE][PASSED] - Delayed 3 second(s)&#xD;
&#xD;
2019-08-22 09:28:12 - [TEST_STEP][PASSED] - log.logInfo("--- Open Party Onboarding in Menu Search ---"): --- Open Party Onboarding in Menu Search ---&#xD;
&#xD;
2019-08-22 09:28:12 - [MESSAGE][INFO] - --- Open Party Onboarding in Menu Search ---&#xD;
&#xD;
2019-08-22 09:28:12 - [TEST_STEP][PASSED] - partyOnboardingEnterprise.inputPartyOnboardingMenuSearch(): Object 'menuSearch_txt' is present&#xD;
&#xD;
2019-08-22 09:28:12 - [MESSAGE][PASSED] - Object 'Object Repository/Menu_Search' is visible&#xD;
&#xD;
2019-08-22 09:28:12 - [MESSAGE][PASSED] - Keys 'ENTER + Party Onboarding' sent to object: 'Object Repository/Menu_Search'&#xD;
&#xD;
2019-08-22 09:28:12 - [MESSAGE][PASSED] - Object 'menuSearch_txt' is present&#xD;
&#xD;
2019-08-22 09:28:12 - [TEST_STEP][PASSED] - log.logInfo("/---------------Party Onboarding---------------/"): /---------------Party Onboarding---------------/&#xD;
&#xD;
2019-08-22 09:28:12 - [MESSAGE][INFO] - /---------------Party Onboarding---------------/&#xD;
&#xD;
2019-08-22 09:28:12 - [TEST_STEP][PASSED] - log.logInfo("--- Input Local Global ---"): --- Input Local Global ---&#xD;
&#xD;
2019-08-22 09:28:12 - [MESSAGE][INFO] - --- Input Local Global ---&#xD;
&#xD;
2019-08-22 09:28:12 - [TEST_STEP][PASSED] - partyOnboardingEnterprise.inputLocalGlobal(s01_localglobal): Keys 'Local Private' sent to object: 'Object Repository/PartyOnboarding/PartyOnboarding/Local Global'&#xD;
&#xD;
2019-08-22 09:28:13 - [MESSAGE][PASSED] - Text of object 'Object Repository/PartyOnboarding/PartyOnboarding/Local Global' is cleared&#xD;
&#xD;
2019-08-22 09:28:13 - [MESSAGE][PASSED] - Object 'Object Repository/PartyOnboarding/PartyOnboarding/Local Global' is visible&#xD;
&#xD;
2019-08-22 09:28:13 - [MESSAGE][PASSED] - Object 'Object Repository/PartyOnboarding/PartyOnboarding/Local Global' is visible&#xD;
&#xD;
2019-08-22 09:28:14 - [MESSAGE][PASSED] - Keys 'Local Private' sent to object: 'Object Repository/PartyOnboarding/PartyOnboarding/Local Global'&#xD;
&#xD;
2019-08-22 09:28:14 - [TEST_STEP][PASSED] - log.logInfo("--- Input Party Type ---"): --- Input Party Type ---&#xD;
&#xD;
2019-08-22 09:28:14 - [MESSAGE][INFO] - --- Input Party Type ---&#xD;
&#xD;
2019-08-22 09:28:14 - [TEST_STEP][PASSED] - partyOnboardingEnterprise.inputPartyType(s01_partytype): Keys 'TAB + Enterprise' sent to object: 'Object Repository/PartyOnboarding/PartyOnboarding/Party Type'&#xD;
&#xD;
2019-08-22 09:28:14 - [MESSAGE][PASSED] - Object 'Object Repository/PartyOnboarding/PartyOnboarding/Party Type' is visible&#xD;
&#xD;
2019-08-22 09:28:14 - [MESSAGE][PASSED] - Keys 'TAB + Enterprise' sent to object: 'Object Repository/PartyOnboarding/PartyOnboarding/Party Type'&#xD;
&#xD;
2019-08-22 09:28:14 - [TEST_STEP][PASSED] - log.logInfo("--- Input Party Sub Type ---"): --- Input Party Sub Type ---&#xD;
&#xD;
2019-08-22 09:28:14 - [MESSAGE][INFO] - --- Input Party Sub Type ---&#xD;
&#xD;
2019-08-22 09:28:14 - [TEST_STEP][PASSED] - partyOnboardingEnterprise.inputPartySubType(s01_partysubtype): Keys 'PRIVATE/PUBLIC/PUBLIC LISTED COMPANY (MYANMAR)' sent to object: 'Object Repository/PartyOnboarding/PartyOnboarding/Party Sub-Type'&#xD;
&#xD;
2019-08-22 09:28:15 - [MESSAGE][PASSED] - Delayed 1 second(s)&#xD;
&#xD;
2019-08-22 09:28:15 - [MESSAGE][PASSED] - Object 'Object Repository/PartyOnboarding/PartyOnboarding/Party Type' is visible&#xD;
&#xD;
2019-08-22 09:28:16 - [MESSAGE][PASSED] - Keys 'PRIVATE/PUBLIC/PUBLIC LISTED COMPANY (MYANMAR)' sent to object: 'Object Repository/PartyOnboarding/PartyOnboarding/Party Sub-Type'&#xD;
&#xD;
2019-08-22 09:28:16 - [TEST_STEP][PASSED] - log.logInfo("--- Input Party Category ---"): --- Input Party Category ---&#xD;
&#xD;
2019-08-22 09:28:16 - [MESSAGE][INFO] - --- Input Party Category ---&#xD;
&#xD;
2019-08-22 09:28:16 - [TEST_STEP][PASSED] - partyOnboardingEnterprise.inputPartyCategory(s01_partycategory): Keys 'Full' sent to object: 'Object Repository/PartyOnboarding/PartyOnboarding/Party Category'&#xD;
&#xD;
2019-08-22 09:28:16 - [MESSAGE][PASSED] - Object 'Object Repository/PartyOnboarding/PartyOnboarding/Party Category' is visible&#xD;
&#xD;
2019-08-22 09:28:16 - [MESSAGE][PASSED] - Keys 'Full' sent to object: 'Object Repository/PartyOnboarding/PartyOnboarding/Party Category'&#xD;
&#xD;
2019-08-22 09:28:16 - [TEST_STEP][PASSED] - log.logInfo("--- Check Line of Business ---"): --- Check Line of Business ---&#xD;
&#xD;
2019-08-22 09:28:16 - [MESSAGE][INFO] - --- Check Line of Business ---&#xD;
&#xD;
2019-08-22 09:28:16 - [TEST_STEP][PASSED] - partyOnboardingEnterprise.clickLineofBusiness(s01_lineofbusiness, findTestObject("PartyOnboarding/PartyOnboarding/div_Core Banking")): Object 'Object Repository/PartyOnboarding/PartyOnboarding/LineofBusiness_List' is checked&#xD;
&#xD;
2019-08-22 09:28:16 - [MESSAGE][PASSED] - Object 'Object Repository/PartyOnboarding/PartyOnboarding/div_Core Banking' is visible&#xD;
&#xD;
2019-08-22 09:28:16 - [MESSAGE][PASSED] - Attribute 'aria-checked' of object 'Object Repository/PartyOnboarding/PartyOnboarding/div_Core Banking' is: 'true'&#xD;
&#xD;
2019-08-22 09:28:16 - [MESSAGE][PASSED] - Object 'Object Repository/PartyOnboarding/PartyOnboarding/chk_SelectAllLineOfBusiness' is visible&#xD;
&#xD;
2019-08-22 09:28:16 - [MESSAGE][PASSED] - Attribute 'aria-checked' of object 'Object Repository/PartyOnboarding/PartyOnboarding/chk_SelectAllLineOfBusiness' is: 'true'&#xD;
&#xD;
2019-08-22 09:28:16 - [MESSAGE][PASSED] - Object 'Object Repository/PartyOnboarding/PartyOnboarding/LineofBusiness_List' is visible&#xD;
&#xD;
2019-08-22 09:28:16 - [MESSAGE][PASSED] - Attribute 'aria-checked' of object 'Object Repository/PartyOnboarding/PartyOnboarding/LineofBusiness_List' is: 'true'&#xD;
&#xD;
2019-08-22 09:28:16 - [MESSAGE][PASSED] - Object 'Object Repository/PartyOnboarding/PartyOnboarding/LineofBusiness_List' is visible&#xD;
&#xD;
2019-08-22 09:28:16 - [MESSAGE][PASSED] - Attribute 'aria-checked' of object 'Object Repository/PartyOnboarding/PartyOnboarding/LineofBusiness_List' is: 'true'&#xD;
&#xD;
2019-08-22 09:28:16 - [MESSAGE][PASSED] - Object 'Object Repository/PartyOnboarding/PartyOnboarding/chk_SelectAllLineOfBusiness' is visible&#xD;
&#xD;
2019-08-22 09:28:16 - [MESSAGE][PASSED] - Attribute 'aria-checked' of object 'Object Repository/PartyOnboarding/PartyOnboarding/chk_SelectAllLineOfBusiness' is: 'true'&#xD;
&#xD;
2019-08-22 09:28:17 - [MESSAGE][PASSED] - Object 'Object Repository/PartyOnboarding/PartyOnboarding/chk_SelectAllLineOfBusiness' is checked&#xD;
&#xD;
2019-08-22 09:28:17 - [MESSAGE][PASSED] - Object 'Object Repository/PartyOnboarding/PartyOnboarding/div_Core Banking' is visible&#xD;
&#xD;
2019-08-22 09:28:17 - [MESSAGE][PASSED] - Attribute 'aria-checked' of object 'Object Repository/PartyOnboarding/PartyOnboarding/div_Core Banking' is: 'false'&#xD;
&#xD;
2019-08-22 09:28:17 - [MESSAGE][PASSED] - Object 'Object Repository/PartyOnboarding/PartyOnboarding/div_Core Banking' is checked&#xD;
&#xD;
2019-08-22 09:28:17 - [MESSAGE][PASSED] - Object 'Object Repository/PartyOnboarding/PartyOnboarding/LineofBusiness_List' is visible&#xD;
&#xD;
2019-08-22 09:28:17 - [MESSAGE][PASSED] - Attribute 'aria-checked' of object 'Object Repository/PartyOnboarding/PartyOnboarding/LineofBusiness_List' is: 'false'&#xD;
&#xD;
2019-08-22 09:28:17 - [MESSAGE][PASSED] - Object 'Object Repository/PartyOnboarding/PartyOnboarding/LineofBusiness_List' is checked&#xD;
&#xD;
2019-08-22 09:28:17 - [TEST_STEP][PASSED] - log.logInfo("--- Click Next to Party Check List  ---"): --- Click Next to Party Check List  ---&#xD;
&#xD;
2019-08-22 09:28:17 - [MESSAGE][INFO] - --- Click Next to Party Check List  ---&#xD;
&#xD;
2019-08-22 09:28:17 - [TEST_STEP][PASSED] - partyOnboardingEnterprise.clickNextbutton(): Object: 'Object Repository/PartyOnboarding/btn_Next' is clicked on&#xD;
&#xD;
2019-08-22 09:28:17 - [MESSAGE][PASSED] - Object 'Object Repository/PartyOnboarding/btn_Next' is visible&#xD;
&#xD;
2019-08-22 09:28:17 - [MESSAGE][PASSED] - Object: 'Object Repository/PartyOnboarding/btn_Next' is clicked on&#xD;
&#xD;
2019-08-22 09:28:17 - [TEST_STEP][PASSED] - delay(1): Delayed 1 second(s)&#xD;
&#xD;
2019-08-22 09:28:18 - [MESSAGE][PASSED] - Delayed 1 second(s)&#xD;
&#xD;
2019-08-22 09:28:18 - [TEST_STEP][PASSED] - partyOnboardingEnterprise.clickNextbutton(): Object: 'Object Repository/PartyOnboarding/btn_Next' is clicked on&#xD;
&#xD;
2019-08-22 09:28:18 - [MESSAGE][PASSED] - Object 'Object Repository/PartyOnboarding/btn_Next' is visible&#xD;
&#xD;
2019-08-22 09:28:18 - [MESSAGE][PASSED] - Object: 'Object Repository/PartyOnboarding/btn_Next' is clicked on&#xD;
&#xD;
2019-08-22 09:28:18 - [TEST_STEP][PASSED] - log.logInfo("/---------------Pre-Existence Check---------------/"): /---------------Pre-Existence Check---------------/&#xD;
&#xD;
2019-08-22 09:28:18 - [MESSAGE][INFO] - /---------------Pre-Existence Check---------------/&#xD;
&#xD;
2019-08-22 09:28:18 - [TEST_STEP][PASSED] - partyOnboardingEnterprise.inputEnterpriseName(s02_enterpriseName): Keys 'Enterprise 0000002' sent to object: 'Object Repository/PartyOnboarding/Enterprise/PreExistenceCheck/txt_EnterpriseName'&#xD;
&#xD;
2019-08-22 09:28:19 - [MESSAGE][PASSED] - Object 'Object Repository/PartyOnboarding/Enterprise/PreExistenceCheck/txt_EnterpriseName' is visible&#xD;
&#xD;
2019-08-22 09:28:19 - [MESSAGE][PASSED] - Keys 'Enterprise 0000002' sent to object: 'Object Repository/PartyOnboarding/Enterprise/PreExistenceCheck/txt_EnterpriseName'&#xD;
&#xD;
2019-08-22 09:28:19 - [TEST_STEP][PASSED] - partyOnboardingEnterprise.inputRegistration(): Keys 'vJBv0EkU' sent to object: 'Object Repository/PartyOnboarding/Enterprise/PreExistenceCheck/txt_Registration'&#xD;
&#xD;
2019-08-22 09:28:19 - [MESSAGE][PASSED] - Object 'Object Repository/PartyOnboarding/Enterprise/PreExistenceCheck/txt_Registration' is visible&#xD;
&#xD;
2019-08-22 09:28:19 - [MESSAGE][PASSED] - Keys 'vJBv0EkU' sent to object: 'Object Repository/PartyOnboarding/Enterprise/PreExistenceCheck/txt_Registration'&#xD;
&#xD;
2019-08-22 09:28:19 - [TEST_STEP][PASSED] - partyOnboardingEnterprise.clickNextbutton(): Object: 'Object Repository/PartyOnboarding/btn_Next' is clicked on&#xD;
&#xD;
2019-08-22 09:28:19 - [MESSAGE][PASSED] - Object 'Object Repository/PartyOnboarding/btn_Next' is visible&#xD;
&#xD;
2019-08-22 09:28:19 - [MESSAGE][PASSED] - Object: 'Object Repository/PartyOnboarding/btn_Next' is clicked on&#xD;
&#xD;
2019-08-22 09:28:19 - [TEST_STEP][PASSED] - log.logInfo("/--------------- Party Onboarding---------------/"): /--------------- Party Onboarding---------------/&#xD;
&#xD;
2019-08-22 09:28:19 - [MESSAGE][INFO] - /--------------- Party Onboarding---------------/&#xD;
&#xD;
2019-08-22 09:28:19 - [TEST_STEP][PASSED] - partyOnboardingEnterprise.inputPartyId(): Web element with id: 'Object Repository/PartyOnboarding/Personal/PersonalParty/Message/pop_ErrorDuplicatePartyID' located by 'By.xpath: //textarea[@name='03messages']' not found&#xD;
&#xD;
2019-08-22 09:28:21 - [MESSAGE][PASSED] - Object 'Object Repository/PartyOnboarding/Personal/PersonalParty/txt_PartyID' is visible&#xD;
&#xD;
2019-08-22 09:28:21 - [MESSAGE][PASSED] - Object 'Object Repository/PartyOnboarding/Personal/PersonalParty/txt_PartyID' is visible&#xD;
&#xD;
2019-08-22 09:28:21 - [MESSAGE][PASSED] - Keys 'TAB + ZfJhL60K' sent to object: 'Object Repository/PartyOnboarding/Personal/PersonalParty/txt_PartyID'&#xD;
&#xD;
2019-08-22 09:28:52 - [MESSAGE][INFO] - Unable to find the element located by 'By.xpath: //textarea[@name='03messages']'. Please recheck the objects properties to make sure the desired element is located. &#xD;
&#xD;
2019-08-22 09:28:52 - [MESSAGE][WARNING] - Web element with id: 'Object Repository/PartyOnboarding/Personal/PersonalParty/Message/pop_ErrorDuplicatePartyID' located by 'By.xpath: //textarea[@name='03messages']' not found&#xD;
&#xD;
2019-08-22 09:28:52 - [TEST_STEP][PASSED] - partyOnboardingEnterprise.inputShortNameEnterprise(s03_shortName): Keys 'TAB + Enterprise' sent to object: 'Object Repository/PartyOnboarding/Enterprise/EnterpriseParty/Short Name_txt'&#xD;
&#xD;
2019-08-22 09:28:52 - [MESSAGE][PASSED] - Object 'Object Repository/PartyOnboarding/Enterprise/EnterpriseParty/Short Name_txt' is visible&#xD;
&#xD;
2019-08-22 09:28:52 - [MESSAGE][PASSED] - Keys 'TAB + Enterprise' sent to object: 'Object Repository/PartyOnboarding/Enterprise/EnterpriseParty/Short Name_txt'&#xD;
&#xD;
2019-08-22 09:28:52 - [TEST_STEP][PASSED] - partyOnboardingEnterprise.clickNextbutton(): Object: 'Object Repository/PartyOnboarding/btn_Next' is clicked on&#xD;
&#xD;
2019-08-22 09:28:52 - [MESSAGE][PASSED] - Object 'Object Repository/PartyOnboarding/btn_Next' is visible&#xD;
&#xD;
2019-08-22 09:28:52 - [MESSAGE][PASSED] - Object: 'Object Repository/PartyOnboarding/btn_Next' is clicked on&#xD;
&#xD;
2019-08-22 09:28:52 - [TEST_STEP][PASSED] - partyOnboardingEnterprise.clickProcessInWarningBox(): Object: 'Object Repository/PartyOnboarding/Personal/PersonalParty/btn_Warnings_Proceed_NotCapture' is clicked on&#xD;
&#xD;
2019-08-22 09:28:53 - [MESSAGE][PASSED] - Object 'Object Repository/PartyOnboarding/Personal/PersonalParty/btn_Warnings_Proceed_NotCapture' is visible&#xD;
&#xD;
2019-08-22 09:28:53 - [MESSAGE][PASSED] - Object: 'Object Repository/PartyOnboarding/Personal/PersonalParty/btn_Warnings_Proceed_NotCapture' is clicked on&#xD;
&#xD;
2019-08-22 09:28:53 - [TEST_STEP][PASSED] - log.logInfo("/--------------- Party Onboarding - Address---------------/"): /--------------- Party Onboarding - Address---------------/&#xD;
&#xD;
2019-08-22 09:28:53 - [MESSAGE][INFO] - /--------------- Party Onboarding - Address---------------/&#xD;
&#xD;
2019-08-22 09:28:53 - [TEST_STEP][PASSED] - partyOnboardingEnterprise.inputRDataForAddressParty(s04_addressType, s04_userForCommunication, s04_validFrom): Execute JavaScript 'arguments[0].click();' successfully&#xD;
&#xD;
2019-08-22 09:28:54 - [MESSAGE][PASSED] - Object 'Object Repository/PartyOnboarding/Personal/PartyAddress/button_New Row_PartyAddress' is visible&#xD;
&#xD;
2019-08-22 09:28:54 - [MESSAGE][PASSED] - Execute JavaScript 'arguments[0].click();' successfully&#xD;
&#xD;
2019-08-22 09:28:54 - [MESSAGE][PASSED] - Object 'Object Repository/PartyOnboarding/Personal/PartyAddress/Address Type' is visible&#xD;
&#xD;
2019-08-22 09:28:55 - [MESSAGE][PASSED] - Keys 'TAB + Home Address' sent to object: 'Object Repository/PartyOnboarding/Personal/PartyAddress/Address Type'&#xD;
&#xD;
2019-08-22 09:28:55 - [MESSAGE][PASSED] - Object 'Object Repository/PartyOnboarding/Personal/PartyAddress/Valid From' is visible&#xD;
&#xD;
2019-08-22 09:28:55 - [MESSAGE][PASSED] - Text of object 'Object Repository/PartyOnboarding/Personal/PartyAddress/Valid From' is cleared&#xD;
&#xD;
2019-08-22 09:28:55 - [MESSAGE][PASSED] - Object 'Object Repository/PartyOnboarding/Personal/PartyAddress/Valid From' is visible&#xD;
&#xD;
2019-08-22 09:28:55 - [MESSAGE][PASSED] - Keys '2018-01-14' sent to object: 'Object Repository/PartyOnboarding/Personal/PartyAddress/Valid From'&#xD;
&#xD;
2019-08-22 09:28:56 - [MESSAGE][PASSED] - Object 'Object Repository/PartyOnboarding/Personal/PartyAddress/chk_Use  for Communication' is present&#xD;
&#xD;
2019-08-22 09:28:56 - [MESSAGE][PASSED] - Attribute 'aria-checked' of object 'Object Repository/PartyOnboarding/Personal/PartyAddress/chk_Use  for Communication' is: 'false'&#xD;
&#xD;
2019-08-22 09:28:56 - [MESSAGE][PASSED] - Object 'Object Repository/PartyOnboarding/Personal/PartyAddress/chk_Use  for Communication' is checked&#xD;
&#xD;
2019-08-22 09:28:56 - [MESSAGE][PASSED] - Object 'Object Repository/PartyOnboarding/Personal/PartyAddress/SaveRow' is visible&#xD;
&#xD;
2019-08-22 09:28:56 - [MESSAGE][PASSED] - Execute JavaScript 'arguments[0].click();' successfully&#xD;
&#xD;
2019-08-22 09:28:56 - [MESSAGE][PASSED] - Object 'Object Repository/PartyOnboarding/Personal/PartyAddress/button_New Row_PartyAddress' is visible&#xD;
&#xD;
2019-08-22 09:28:56 - [MESSAGE][PASSED] - Execute JavaScript 'arguments[0].click();' successfully&#xD;
&#xD;
2019-08-22 09:28:56 - [MESSAGE][PASSED] - Object 'Object Repository/PartyOnboarding/Personal/PartyAddress/Address Type' is visible&#xD;
&#xD;
2019-08-22 09:28:56 - [MESSAGE][PASSED] - Keys 'TAB + Current Address' sent to object: 'Object Repository/PartyOnboarding/Personal/PartyAddress/Address Type'&#xD;
&#xD;
2019-08-22 09:28:56 - [MESSAGE][PASSED] - Object 'Object Repository/PartyOnboarding/Personal/PartyAddress/Valid From' is visible&#xD;
&#xD;
2019-08-22 09:28:57 - [MESSAGE][PASSED] - Text of object 'Object Repository/PartyOnboarding/Personal/PartyAddress/Valid From' is cleared&#xD;
&#xD;
2019-08-22 09:28:57 - [MESSAGE][PASSED] - Object 'Object Repository/PartyOnboarding/Personal/PartyAddress/Valid From' is visible&#xD;
&#xD;
2019-08-22 09:28:57 - [MESSAGE][PASSED] - Keys '2018-01-17' sent to object: 'Object Repository/PartyOnboarding/Personal/PartyAddress/Valid From'&#xD;
&#xD;
2019-08-22 09:28:57 - [MESSAGE][PASSED] - Object 'Object Repository/PartyOnboarding/Personal/PartyAddress/SaveRow' is visible&#xD;
&#xD;
2019-08-22 09:28:57 - [MESSAGE][PASSED] - Execute JavaScript 'arguments[0].click();' successfully&#xD;
&#xD;
2019-08-22 09:28:57 - [MESSAGE][PASSED] - Object 'Object Repository/PartyOnboarding/Personal/PartyAddress/button_New Row_PartyAddress' is visible&#xD;
&#xD;
2019-08-22 09:28:57 - [MESSAGE][PASSED] - Execute JavaScript 'arguments[0].click();' successfully&#xD;
&#xD;
2019-08-22 09:28:57 - [MESSAGE][PASSED] - Object 'Object Repository/PartyOnboarding/Personal/PartyAddress/Address Type' is visible&#xD;
&#xD;
2019-08-22 09:28:58 - [MESSAGE][PASSED] - Keys 'TAB + Office Address' sent to object: 'Object Repository/PartyOnboarding/Personal/PartyAddress/Address Type'&#xD;
&#xD;
2019-08-22 09:28:58 - [MESSAGE][PASSED] - Object 'Object Repository/PartyOnboarding/Personal/PartyAddress/Valid From' is visible&#xD;
&#xD;
2019-08-22 09:28:58 - [MESSAGE][PASSED] - Text of object 'Object Repository/PartyOnboarding/Personal/PartyAddress/Valid From' is cleared&#xD;
&#xD;
2019-08-22 09:28:58 - [MESSAGE][PASSED] - Object 'Object Repository/PartyOnboarding/Personal/PartyAddress/Valid From' is visible&#xD;
&#xD;
2019-08-22 09:28:58 - [MESSAGE][PASSED] - Keys '2017-01-17' sent to object: 'Object Repository/PartyOnboarding/Personal/PartyAddress/Valid From'&#xD;
&#xD;
2019-08-22 09:28:58 - [MESSAGE][PASSED] - Object 'Object Repository/PartyOnboarding/Personal/PartyAddress/SaveRow' is visible&#xD;
&#xD;
2019-08-22 09:28:58 - [MESSAGE][PASSED] - Execute JavaScript 'arguments[0].click();' successfully&#xD;
&#xD;
2019-08-22 09:28:58 - [TEST_STEP][PASSED] - partyOnboardingEnterprise.clickNextbutton(): Object: 'Object Repository/PartyOnboarding/btn_Next' is clicked on&#xD;
&#xD;
2019-08-22 09:28:58 - [MESSAGE][PASSED] - Object 'Object Repository/PartyOnboarding/btn_Next' is visible&#xD;
&#xD;
2019-08-22 09:28:58 - [MESSAGE][PASSED] - Object: 'Object Repository/PartyOnboarding/btn_Next' is clicked on&#xD;
&#xD;
2019-08-22 09:28:58 - [TEST_STEP][PASSED] - partyOnboardingEnterprise.inputDataForPartyContacts(s05_contactMethod, s05_contactTypeLocation, s05_contactCountryCode, s05_contactAreaCode, s05_contactNumber, s05_contactEmail, s05_confirmEmail, s05_validFrom): Execute JavaScript 'arguments[0].click();' successfully&#xD;
&#xD;
2019-08-22 09:28:59 - [MESSAGE][PASSED] - Object 'Object Repository/PartyOnboarding/Personal/PartyContacts/New Row' is visible&#xD;
&#xD;
2019-08-22 09:28:59 - [MESSAGE][PASSED] - Execute JavaScript 'arguments[0].click();' successfully&#xD;
&#xD;
2019-08-22 09:29:00 - [MESSAGE][PASSED] - Delayed 1 second(s)&#xD;
&#xD;
2019-08-22 09:29:00 - [MESSAGE][PASSED] - Object 'Object Repository/PartyOnboarding/Personal/PartyContacts/Contact Method' is visible&#xD;
&#xD;
2019-08-22 09:29:01 - [MESSAGE][PASSED] - Keys 'TAB + Telephone' sent to object: 'Object Repository/PartyOnboarding/Personal/PartyContacts/Contact Method'&#xD;
&#xD;
2019-08-22 09:29:02 - [MESSAGE][PASSED] - Delayed 1 second(s)&#xD;
&#xD;
2019-08-22 09:29:02 - [MESSAGE][PASSED] - Object 'Object Repository/PartyOnboarding/Personal/PartyContacts/Contact Type  Location' is visible&#xD;
&#xD;
2019-08-22 09:29:02 - [MESSAGE][PASSED] - Keys 'TAB + Personal' sent to object: 'Object Repository/PartyOnboarding/Personal/PartyContacts/Contact Type  Location'&#xD;
&#xD;
2019-08-22 09:29:02 - [MESSAGE][PASSED] - Object 'Object Repository/PartyOnboarding/Personal/PartyContacts/Contact Email' is visible&#xD;
&#xD;
2019-08-22 09:29:02 - [MESSAGE][PASSED] - Object 'Object Repository/PartyOnboarding/Personal/PartyContacts/Contact Email' has attribute 'readonly'&#xD;
&#xD;
2019-08-22 09:29:02 - [MESSAGE][PASSED] - Object 'Object Repository/PartyOnboarding/Personal/PartyContacts/Contact Number_03_Code' is visible&#xD;
&#xD;
2019-08-22 09:29:02 - [MESSAGE][PASSED] - Text of object 'Object Repository/PartyOnboarding/Personal/PartyContacts/Contact Number_03_Code' is cleared&#xD;
&#xD;
2019-08-22 09:29:02 - [MESSAGE][PASSED] - Object 'Object Repository/PartyOnboarding/Personal/PartyContacts/Contact Number_03_Code' is visible&#xD;
&#xD;
2019-08-22 09:29:02 - [MESSAGE][PASSED] - Keys '+95' sent to object: 'Object Repository/PartyOnboarding/Personal/PartyContacts/Contact Number_03_Code'&#xD;
&#xD;
2019-08-22 09:29:02 - [MESSAGE][PASSED] - Object 'Object Repository/PartyOnboarding/Personal/PartyContacts/Contact Number_AreaCode' is visible&#xD;
&#xD;
2019-08-22 09:29:02 - [MESSAGE][PASSED] - Keys '' sent to object: 'Object Repository/PartyOnboarding/Personal/PartyContacts/Contact Number_AreaCode'&#xD;
&#xD;
2019-08-22 09:29:02 - [MESSAGE][PASSED] - Object 'Object Repository/PartyOnboarding/Personal/PartyContacts/Contact Number_Number' is visible&#xD;
&#xD;
2019-08-22 09:29:03 - [MESSAGE][PASSED] - Keys '9697989902' sent to object: 'Object Repository/PartyOnboarding/Personal/PartyContacts/Contact Number_Number'&#xD;
&#xD;
2019-08-22 09:29:03 - [MESSAGE][PASSED] - Object 'Object Repository/PartyOnboarding/Personal/PartyContacts/Contact Number_03_Code' is visible&#xD;
&#xD;
2019-08-22 09:29:03 - [MESSAGE][WARNING] - Object 'Object Repository/PartyOnboarding/Personal/PartyContacts/Contact Number_03_Code' does not have attribute 'readonly' (Root cause: com.kms.katalon.core.exception.StepFailedException: Object 'Object Repository/PartyOnboarding/Personal/PartyContacts/Contact Number_03_Code' does not have attribute 'readonly'&#xD;
	at com.kms.katalon.core.webui.keyword.internal.WebUIKeywordMain.stepFailed(WebUIKeywordMain.groovy:64)&#xD;
	at com.kms.katalon.core.webui.keyword.builtin.VerifyElementHasAttributeKeyword$_verifyElementHasAttribute_closure1.doCall(VerifyElementHasAttributeKeyword.groovy:89)&#xD;
	at com.kms.katalon.core.webui.keyword.builtin.VerifyElementHasAttributeKeyword$_verifyElementHasAttribute_closure1.call(VerifyElementHasAttributeKeyword.groovy)&#xD;
	at com.kms.katalon.core.webui.keyword.internal.WebUIKeywordMain.runKeyword(WebUIKeywordMain.groovy:20)&#xD;
	at com.kms.katalon.core.webui.keyword.builtin.VerifyElementHasAttributeKeyword.verifyElementHasAttribute(VerifyElementHasAttributeKeyword.groovy:100)&#xD;
	at com.kms.katalon.core.webui.keyword.builtin.VerifyElementHasAttributeKeyword.execute(VerifyElementHasAttributeKeyword.groovy:69)&#xD;
	at com.kms.katalon.core.keyword.internal.KeywordExecutor.executeKeywordForPlatform(KeywordExecutor.groovy:56)&#xD;
	at com.kms.katalon.core.webui.keyword.WebUiBuiltInKeywords.verifyElementHasAttribute(WebUiBuiltInKeywords.groovy:3166)&#xD;
	at com.kms.katalon.core.webui.keyword.WebUiBuiltInKeywords$verifyElementHasAttribute$11.call(Unknown Source)&#xD;
	at pageObjects.PartyOnboarding.inputDataForPartyContacts(PartyOnboarding.groovy:736)&#xD;
	at PartyOnboardingEnterprise.run(PartyOnboardingEnterprise:61)&#xD;
	at com.kms.katalon.core.main.ScriptEngine.run(ScriptEngine.java:194)&#xD;
	at com.kms.katalon.core.main.ScriptEngine.runScriptAsRawText(ScriptEngine.java:119)&#xD;
	at com.kms.katalon.core.main.TestCaseExecutor.runScript(TestCaseExecutor.java:337)&#xD;
	at com.kms.katalon.core.main.TestCaseExecutor.doExecute(TestCaseExecutor.java:328)&#xD;
	at com.kms.katalon.core.main.TestCaseExecutor.processExecutionPhase(TestCaseExecutor.java:307)&#xD;
	at com.kms.katalon.core.main.TestCaseExecutor.accessMainPhase(TestCaseExecutor.java:299)&#xD;
	at com.kms.katalon.core.main.TestCaseExecutor.execute(TestCaseExecutor.java:233)&#xD;
	at com.kms.katalon.core.main.TestSuiteExecutor.accessTestCaseMainPhase(TestSuiteExecutor.java:133)&#xD;
	at com.kms.katalon.core.main.TestSuiteExecutor.accessTestSuiteMainPhase(TestSuiteExecutor.java:116)&#xD;
	at com.kms.katalon.core.main.TestSuiteExecutor.execute(TestSuiteExecutor.java:83)&#xD;
	at com.kms.katalon.core.main.TestCaseMain.startTestSuite(TestCaseMain.java:157)&#xD;
	at com.kms.katalon.core.main.TestCaseMain$startTestSuite$0.call(Unknown Source)&#xD;
	at TempTestSuite1566441935163.run(TempTestSuite1566441935163.groovy:35)&#xD;
)&#xD;
[[ATTACHMENT|C:\\ML\\JITS\\AYA\\Automation\\FBE\\FBE\\Reports\\DataPreparation\\PartyOnboardingPersonal\\20190822_091535\\1566442743372.png]]&#xD;
&#xD;
2019-08-22 09:29:03 - [MESSAGE][PASSED] - Object 'Object Repository/PartyOnboarding/Personal/PartyContacts/Valid From' is visible&#xD;
&#xD;
2019-08-22 09:29:03 - [MESSAGE][PASSED] - Text of object 'Object Repository/PartyOnboarding/Personal/PartyContacts/Valid From' is cleared&#xD;
&#xD;
2019-08-22 09:29:03 - [MESSAGE][PASSED] - Object 'Object Repository/PartyOnboarding/Personal/PartyContacts/Valid From' is visible&#xD;
&#xD;
2019-08-22 09:29:04 - [MESSAGE][PASSED] - Keys '2018-12-20' sent to object: 'Object Repository/PartyOnboarding/Personal/PartyContacts/Valid From'&#xD;
&#xD;
2019-08-22 09:29:04 - [MESSAGE][PASSED] - Object 'Object Repository/PartyOnboarding/Personal/PartyContacts/Save Row' is visible&#xD;
&#xD;
2019-08-22 09:29:04 - [MESSAGE][PASSED] - Execute JavaScript 'arguments[0].click();' successfully&#xD;
&#xD;
2019-08-22 09:29:04 - [MESSAGE][PASSED] - Object 'Object Repository/PartyOnboarding/Personal/PartyContacts/New Row' is visible&#xD;
&#xD;
2019-08-22 09:29:04 - [MESSAGE][PASSED] - Execute JavaScript 'arguments[0].click();' successfully&#xD;
&#xD;
2019-08-22 09:29:05 - [MESSAGE][PASSED] - Delayed 1 second(s)&#xD;
&#xD;
2019-08-22 09:29:05 - [MESSAGE][PASSED] - Object 'Object Repository/PartyOnboarding/Personal/PartyContacts/Contact Method' is visible&#xD;
&#xD;
2019-08-22 09:29:05 - [MESSAGE][PASSED] - Keys 'TAB + Mobile' sent to object: 'Object Repository/PartyOnboarding/Personal/PartyContacts/Contact Method'&#xD;
&#xD;
2019-08-22 09:29:06 - [MESSAGE][PASSED] - Delayed 1 second(s)&#xD;
&#xD;
2019-08-22 09:29:06 - [MESSAGE][PASSED] - Object 'Object Repository/PartyOnboarding/Personal/PartyContacts/Contact Type  Location' is visible&#xD;
&#xD;
2019-08-22 09:29:06 - [MESSAGE][PASSED] - Keys 'TAB + Work' sent to object: 'Object Repository/PartyOnboarding/Personal/PartyContacts/Contact Type  Location'&#xD;
&#xD;
2019-08-22 09:29:06 - [MESSAGE][PASSED] - Object 'Object Repository/PartyOnboarding/Personal/PartyContacts/Contact Email' is visible&#xD;
&#xD;
2019-08-22 09:29:06 - [MESSAGE][PASSED] - Object 'Object Repository/PartyOnboarding/Personal/PartyContacts/Contact Email' has attribute 'readonly'&#xD;
&#xD;
2019-08-22 09:29:06 - [MESSAGE][PASSED] - Object 'Object Repository/PartyOnboarding/Personal/PartyContacts/Contact Number_03_Code' is visible&#xD;
&#xD;
2019-08-22 09:29:07 - [MESSAGE][PASSED] - Text of object 'Object Repository/PartyOnboarding/Personal/PartyContacts/Contact Number_03_Code' is cleared&#xD;
&#xD;
2019-08-22 09:29:07 - [MESSAGE][PASSED] - Object 'Object Repository/PartyOnboarding/Personal/PartyContacts/Contact Number_03_Code' is visible&#xD;
&#xD;
2019-08-22 09:29:07 - [MESSAGE][PASSED] - Keys '+1' sent to object: 'Object Repository/PartyOnboarding/Personal/PartyContacts/Contact Number_03_Code'&#xD;
&#xD;
2019-08-22 09:29:07 - [MESSAGE][PASSED] - Object 'Object Repository/PartyOnboarding/Personal/PartyContacts/Contact Number_AreaCode' is visible&#xD;
&#xD;
2019-08-22 09:29:07 - [MESSAGE][PASSED] - Keys '' sent to object: 'Object Repository/PartyOnboarding/Personal/PartyContacts/Contact Number_AreaCode'&#xD;
&#xD;
2019-08-22 09:29:07 - [MESSAGE][PASSED] - Object 'Object Repository/PartyOnboarding/Personal/PartyContacts/Contact Number_Number' is visible&#xD;
&#xD;
2019-08-22 09:29:07 - [MESSAGE][PASSED] - Keys '9697989901' sent to object: 'Object Repository/PartyOnboarding/Personal/PartyContacts/Contact Number_Number'&#xD;
&#xD;
2019-08-22 09:29:07 - [MESSAGE][PASSED] - Object 'Object Repository/PartyOnboarding/Personal/PartyContacts/Contact Number_03_Code' is visible&#xD;
&#xD;
2019-08-22 09:29:07 - [MESSAGE][WARNING] - Object 'Object Repository/PartyOnboarding/Personal/PartyContacts/Contact Number_03_Code' does not have attribute 'readonly' (Root cause: com.kms.katalon.core.exception.StepFailedException: Object 'Object Repository/PartyOnboarding/Personal/PartyContacts/Contact Number_03_Code' does not have attribute 'readonly'&#xD;
	at com.kms.katalon.core.webui.keyword.internal.WebUIKeywordMain.stepFailed(WebUIKeywordMain.groovy:64)&#xD;
	at com.kms.katalon.core.webui.keyword.builtin.VerifyElementHasAttributeKeyword$_verifyElementHasAttribute_closure1.doCall(VerifyElementHasAttributeKeyword.groovy:89)&#xD;
	at com.kms.katalon.core.webui.keyword.builtin.VerifyElementHasAttributeKeyword$_verifyElementHasAttribute_closure1.call(VerifyElementHasAttributeKeyword.groovy)&#xD;
	at com.kms.katalon.core.webui.keyword.internal.WebUIKeywordMain.runKeyword(WebUIKeywordMain.groovy:20)&#xD;
	at com.kms.katalon.core.webui.keyword.builtin.VerifyElementHasAttributeKeyword.verifyElementHasAttribute(VerifyElementHasAttributeKeyword.groovy:100)&#xD;
	at com.kms.katalon.core.webui.keyword.builtin.VerifyElementHasAttributeKeyword.execute(VerifyElementHasAttributeKeyword.groovy:69)&#xD;
	at com.kms.katalon.core.keyword.internal.KeywordExecutor.executeKeywordForPlatform(KeywordExecutor.groovy:56)&#xD;
	at com.kms.katalon.core.webui.keyword.WebUiBuiltInKeywords.verifyElementHasAttribute(WebUiBuiltInKeywords.groovy:3166)&#xD;
	at com.kms.katalon.core.webui.keyword.WebUiBuiltInKeywords$verifyElementHasAttribute$11.call(Unknown Source)&#xD;
	at pageObjects.PartyOnboarding.inputDataForPartyContacts(PartyOnboarding.groovy:736)&#xD;
	at PartyOnboardingEnterprise.run(PartyOnboardingEnterprise:61)&#xD;
	at com.kms.katalon.core.main.ScriptEngine.run(ScriptEngine.java:194)&#xD;
	at com.kms.katalon.core.main.ScriptEngine.runScriptAsRawText(ScriptEngine.java:119)&#xD;
	at com.kms.katalon.core.main.TestCaseExecutor.runScript(TestCaseExecutor.java:337)&#xD;
	at com.kms.katalon.core.main.TestCaseExecutor.doExecute(TestCaseExecutor.java:328)&#xD;
	at com.kms.katalon.core.main.TestCaseExecutor.processExecutionPhase(TestCaseExecutor.java:307)&#xD;
	at com.kms.katalon.core.main.TestCaseExecutor.accessMainPhase(TestCaseExecutor.java:299)&#xD;
	at com.kms.katalon.core.main.TestCaseExecutor.execute(TestCaseExecutor.java:233)&#xD;
	at com.kms.katalon.core.main.TestSuiteExecutor.accessTestCaseMainPhase(TestSuiteExecutor.java:133)&#xD;
	at com.kms.katalon.core.main.TestSuiteExecutor.accessTestSuiteMainPhase(TestSuiteExecutor.java:116)&#xD;
	at com.kms.katalon.core.main.TestSuiteExecutor.execute(TestSuiteExecutor.java:83)&#xD;
	at com.kms.katalon.core.main.TestCaseMain.startTestSuite(TestCaseMain.java:157)&#xD;
	at com.kms.katalon.core.main.TestCaseMain$startTestSuite$0.call(Unknown Source)&#xD;
	at TempTestSuite1566441935163.run(TempTestSuite1566441935163.groovy:35)&#xD;
)&#xD;
[[ATTACHMENT|C:\\ML\\JITS\\AYA\\Automation\\FBE\\FBE\\Reports\\DataPreparation\\PartyOnboardingPersonal\\20190822_091535\\1566442747669.png]]&#xD;
&#xD;
2019-08-22 09:29:07 - [MESSAGE][PASSED] - Object 'Object Repository/PartyOnboarding/Personal/PartyContacts/Valid From' is visible&#xD;
&#xD;
2019-08-22 09:29:08 - [MESSAGE][PASSED] - Text of object 'Object Repository/PartyOnboarding/Personal/PartyContacts/Valid From' is cleared&#xD;
&#xD;
2019-08-22 09:29:08 - [MESSAGE][PASSED] - Object 'Object Repository/PartyOnboarding/Personal/PartyContacts/Valid From' is visible&#xD;
&#xD;
2019-08-22 09:29:08 - [MESSAGE][PASSED] - Keys '2018-01-24' sent to object: 'Object Repository/PartyOnboarding/Personal/PartyContacts/Valid From'&#xD;
&#xD;
2019-08-22 09:29:08 - [MESSAGE][PASSED] - Object 'Object Repository/PartyOnboarding/Personal/PartyContacts/Save Row' is visible&#xD;
&#xD;
2019-08-22 09:29:08 - [MESSAGE][PASSED] - Execute JavaScript 'arguments[0].click();' successfully&#xD;
&#xD;
2019-08-22 09:29:08 - [MESSAGE][PASSED] - Object 'Object Repository/PartyOnboarding/Personal/PartyContacts/New Row' is visible&#xD;
&#xD;
2019-08-22 09:29:08 - [MESSAGE][PASSED] - Execute JavaScript 'arguments[0].click();' successfully&#xD;
&#xD;
2019-08-22 09:29:09 - [MESSAGE][PASSED] - Delayed 1 second(s)&#xD;
&#xD;
2019-08-22 09:29:09 - [MESSAGE][PASSED] - Object 'Object Repository/PartyOnboarding/Personal/PartyContacts/Contact Method' is visible&#xD;
&#xD;
2019-08-22 09:29:09 - [MESSAGE][PASSED] - Keys 'TAB + Email' sent to object: 'Object Repository/PartyOnboarding/Personal/PartyContacts/Contact Method'&#xD;
&#xD;
2019-08-22 09:29:10 - [MESSAGE][PASSED] - Delayed 1 second(s)&#xD;
&#xD;
2019-08-22 09:29:10 - [MESSAGE][PASSED] - Object 'Object Repository/PartyOnboarding/Personal/PartyContacts/Contact Type  Location' is visible&#xD;
&#xD;
2019-08-22 09:29:11 - [MESSAGE][PASSED] - Keys 'TAB + Personal' sent to object: 'Object Repository/PartyOnboarding/Personal/PartyContacts/Contact Type  Location'&#xD;
&#xD;
2019-08-22 09:29:11 - [MESSAGE][PASSED] - Object 'Object Repository/PartyOnboarding/Personal/PartyContacts/Contact Email' is visible&#xD;
&#xD;
2019-08-22 09:29:11 - [MESSAGE][WARNING] - Object 'Object Repository/PartyOnboarding/Personal/PartyContacts/Contact Email' does not have attribute 'readonly' (Root cause: com.kms.katalon.core.exception.StepFailedException: Object 'Object Repository/PartyOnboarding/Personal/PartyContacts/Contact Email' does not have attribute 'readonly'&#xD;
	at com.kms.katalon.core.webui.keyword.internal.WebUIKeywordMain.stepFailed(WebUIKeywordMain.groovy:64)&#xD;
	at com.kms.katalon.core.webui.keyword.builtin.VerifyElementHasAttributeKeyword$_verifyElementHasAttribute_closure1.doCall(VerifyElementHasAttributeKeyword.groovy:89)&#xD;
	at com.kms.katalon.core.webui.keyword.builtin.VerifyElementHasAttributeKeyword$_verifyElementHasAttribute_closure1.call(VerifyElementHasAttributeKeyword.groovy)&#xD;
	at com.kms.katalon.core.webui.keyword.internal.WebUIKeywordMain.runKeyword(WebUIKeywordMain.groovy:20)&#xD;
	at com.kms.katalon.core.webui.keyword.builtin.VerifyElementHasAttributeKeyword.verifyElementHasAttribute(VerifyElementHasAttributeKeyword.groovy:100)&#xD;
	at com.kms.katalon.core.webui.keyword.builtin.VerifyElementHasAttributeKeyword.execute(VerifyElementHasAttributeKeyword.groovy:69)&#xD;
	at com.kms.katalon.core.keyword.internal.KeywordExecutor.executeKeywordForPlatform(KeywordExecutor.groovy:56)&#xD;
	at com.kms.katalon.core.webui.keyword.WebUiBuiltInKeywords.verifyElementHasAttribute(WebUiBuiltInKeywords.groovy:3166)&#xD;
	at com.kms.katalon.core.webui.keyword.WebUiBuiltInKeywords$verifyElementHasAttribute$11.call(Unknown Source)&#xD;
	at pageObjects.PartyOnboarding.inputDataForPartyContacts(PartyOnboarding.groovy:721)&#xD;
	at PartyOnboardingEnterprise.run(PartyOnboardingEnterprise:61)&#xD;
	at com.kms.katalon.core.main.ScriptEngine.run(ScriptEngine.java:194)&#xD;
	at com.kms.katalon.core.main.ScriptEngine.runScriptAsRawText(ScriptEngine.java:119)&#xD;
	at com.kms.katalon.core.main.TestCaseExecutor.runScript(TestCaseExecutor.java:337)&#xD;
	at com.kms.katalon.core.main.TestCaseExecutor.doExecute(TestCaseExecutor.java:328)&#xD;
	at com.kms.katalon.core.main.TestCaseExecutor.processExecutionPhase(TestCaseExecutor.java:307)&#xD;
	at com.kms.katalon.core.main.TestCaseExecutor.accessMainPhase(TestCaseExecutor.java:299)&#xD;
	at com.kms.katalon.core.main.TestCaseExecutor.execute(TestCaseExecutor.java:233)&#xD;
	at com.kms.katalon.core.main.TestSuiteExecutor.accessTestCaseMainPhase(TestSuiteExecutor.java:133)&#xD;
	at com.kms.katalon.core.main.TestSuiteExecutor.accessTestSuiteMainPhase(TestSuiteExecutor.java:116)&#xD;
	at com.kms.katalon.core.main.TestSuiteExecutor.execute(TestSuiteExecutor.java:83)&#xD;
	at com.kms.katalon.core.main.TestCaseMain.startTestSuite(TestCaseMain.java:157)&#xD;
	at com.kms.katalon.core.main.TestCaseMain$startTestSuite$0.call(Unknown Source)&#xD;
	at TempTestSuite1566441935163.run(TempTestSuite1566441935163.groovy:35)&#xD;
)&#xD;
[[ATTACHMENT|C:\\ML\\JITS\\AYA\\Automation\\FBE\\FBE\\Reports\\DataPreparation\\PartyOnboardingPersonal\\20190822_091535\\1566442751255.png]]&#xD;
&#xD;
2019-08-22 09:29:11 - [MESSAGE][PASSED] - Object 'Object Repository/PartyOnboarding/Personal/PartyContacts/Contact Number_03_Code' is visible&#xD;
&#xD;
2019-08-22 09:29:11 - [MESSAGE][PASSED] - Object 'Object Repository/PartyOnboarding/Personal/PartyContacts/Contact Number_03_Code' has attribute 'readonly'&#xD;
&#xD;
2019-08-22 09:29:11 - [MESSAGE][PASSED] - Object 'Object Repository/PartyOnboarding/Personal/PartyContacts/Contact Email' is visible&#xD;
&#xD;
2019-08-22 09:29:12 - [MESSAGE][PASSED] - Keys 'nguyenthimyle@gmail.com' sent to object: 'Object Repository/PartyOnboarding/Personal/PartyContacts/Contact Email'&#xD;
&#xD;
2019-08-22 09:29:12 - [MESSAGE][PASSED] - Object 'Object Repository/PartyOnboarding/Personal/PartyContacts/Confirm Email' is visible&#xD;
&#xD;
2019-08-22 09:29:13 - [MESSAGE][PASSED] - Keys 'nguyenthimyle@gmail.com' sent to object: 'Object Repository/PartyOnboarding/Personal/PartyContacts/Confirm Email'&#xD;
&#xD;
2019-08-22 09:29:13 - [MESSAGE][PASSED] - Object 'Object Repository/PartyOnboarding/Personal/PartyContacts/Valid From' is visible&#xD;
&#xD;
2019-08-22 09:29:13 - [MESSAGE][PASSED] - Text of object 'Object Repository/PartyOnboarding/Personal/PartyContacts/Valid From' is cleared&#xD;
&#xD;
2019-08-22 09:29:13 - [MESSAGE][PASSED] - Object 'Object Repository/PartyOnboarding/Personal/PartyContacts/Valid From' is visible&#xD;
&#xD;
2019-08-22 09:29:13 - [MESSAGE][PASSED] - Keys '2017-01-24' sent to object: 'Object Repository/PartyOnboarding/Personal/PartyContacts/Valid From'&#xD;
&#xD;
2019-08-22 09:29:13 - [MESSAGE][PASSED] - Object 'Object Repository/PartyOnboarding/Personal/PartyContacts/Save Row' is visible&#xD;
&#xD;
2019-08-22 09:29:13 - [MESSAGE][PASSED] - Execute JavaScript 'arguments[0].click();' successfully&#xD;
&#xD;
2019-08-22 09:29:13 - [TEST_STEP][PASSED] - partyOnboardingEnterprise.clickNextbutton(): Object: 'Object Repository/PartyOnboarding/btn_Next' is clicked on&#xD;
&#xD;
2019-08-22 09:29:13 - [MESSAGE][PASSED] - Object 'Object Repository/PartyOnboarding/btn_Next' is visible&#xD;
&#xD;
2019-08-22 09:29:14 - [MESSAGE][PASSED] - Object: 'Object Repository/PartyOnboarding/btn_Next' is clicked on&#xD;
&#xD;
2019-08-22 09:29:14 - [TEST_STEP][PASSED] - partyOnboardingEnterprise.inputDataForPartyRequiredDocuments(s06_documentCategory, s06_kycExpired, s06_documentType, s06_validFrom, s06_validTo, s06_referenceNumber, s06_issuingAuthority, s06_issuingCountry, s06_documentVerified, s06_image, s06_documentCollectionStatus): Keys 'Documents collected and validated centrally' sent to object: 'Object Repository/PartyOnboarding/Personal/PartyRequiredDocument/ddl_DocumentsCollectionStatus'&#xD;
&#xD;
2019-08-22 09:29:15 - [MESSAGE][PASSED] - Delayed 1 second(s)&#xD;
&#xD;
2019-08-22 09:29:15 - [MESSAGE][PASSED] - Object 'Object Repository/PartyOnboarding/Personal/PartyRequiredDocument/New Row' is visible&#xD;
&#xD;
2019-08-22 09:29:15 - [MESSAGE][PASSED] - Execute JavaScript 'arguments[0].click();' successfully&#xD;
&#xD;
2019-08-22 09:29:15 - [MESSAGE][PASSED] - Object 'Object Repository/PartyOnboarding/Personal/PartyRequiredDocument/DocumentCategory' is visible&#xD;
&#xD;
2019-08-22 09:29:16 - [MESSAGE][PASSED] - Keys 'TAB + PT-AUTHORIZED MYCO USER' sent to object: 'Object Repository/PartyOnboarding/Personal/PartyRequiredDocument/DocumentCategory'&#xD;
&#xD;
2019-08-22 09:29:17 - [MESSAGE][PASSED] - Delayed 1 second(s)&#xD;
&#xD;
2019-08-22 09:29:17 - [MESSAGE][PASSED] - Object 'Object Repository/PartyOnboarding/Personal/PartyRequiredDocument/Document Type' is visible&#xD;
&#xD;
2019-08-22 09:29:18 - [MESSAGE][PASSED] - Keys 'TAB + AUTHORIZED MYCO USER' sent to object: 'Object Repository/PartyOnboarding/Personal/PartyRequiredDocument/Document Type'&#xD;
&#xD;
2019-08-22 09:29:19 - [MESSAGE][PASSED] - Delayed 1 second(s)&#xD;
&#xD;
2019-08-22 09:29:19 - [MESSAGE][PASSED] - Object 'Object Repository/PartyOnboarding/Personal/PartyRequiredDocument/Issuing Country' is visible&#xD;
&#xD;
2019-08-22 09:29:19 - [MESSAGE][PASSED] - Keys 'Myanmar' sent to object: 'Object Repository/PartyOnboarding/Personal/PartyRequiredDocument/Issuing Country'&#xD;
&#xD;
2019-08-22 09:29:20 - [MESSAGE][PASSED] - Delayed 1 second(s)&#xD;
&#xD;
2019-08-22 09:29:20 - [MESSAGE][PASSED] - Object 'Object Repository/PartyOnboarding/Personal/PartyRequiredDocument/Document Verified' is visible&#xD;
&#xD;
2019-08-22 09:29:21 - [MESSAGE][PASSED] - Keys 'TAB + TRUE' sent to object: 'Object Repository/PartyOnboarding/Personal/PartyRequiredDocument/Document Verified'&#xD;
&#xD;
2019-08-22 09:29:21 - [MESSAGE][PASSED] - Object 'Object Repository/PartyOnboarding/Personal/PartyRequiredDocument/Save Row' is visible&#xD;
&#xD;
2019-08-22 09:29:21 - [MESSAGE][PASSED] - Execute JavaScript 'arguments[0].click();' successfully&#xD;
&#xD;
2019-08-22 09:29:21 - [MESSAGE][PASSED] - Object 'Object Repository/PartyOnboarding/Personal/PartyRequiredDocument/New Row' is visible&#xD;
&#xD;
2019-08-22 09:29:21 - [MESSAGE][PASSED] - Execute JavaScript 'arguments[0].click();' successfully&#xD;
&#xD;
2019-08-22 09:29:21 - [MESSAGE][PASSED] - Object 'Object Repository/PartyOnboarding/Personal/PartyRequiredDocument/DocumentCategory' is visible&#xD;
&#xD;
2019-08-22 09:29:22 - [MESSAGE][PASSED] - Keys 'TAB + PT-BOARD OF DIRECTORS RESOLUTION' sent to object: 'Object Repository/PartyOnboarding/Personal/PartyRequiredDocument/DocumentCategory'&#xD;
&#xD;
2019-08-22 09:29:23 - [MESSAGE][PASSED] - Delayed 1 second(s)&#xD;
&#xD;
2019-08-22 09:29:23 - [MESSAGE][PASSED] - Object 'Object Repository/PartyOnboarding/Personal/PartyRequiredDocument/Document Type' is visible&#xD;
&#xD;
2019-08-22 09:29:25 - [MESSAGE][PASSED] - Keys 'TAB + BOARD OF DIRECTORS RESOLUTION' sent to object: 'Object Repository/PartyOnboarding/Personal/PartyRequiredDocument/Document Type'&#xD;
&#xD;
2019-08-22 09:29:26 - [MESSAGE][PASSED] - Delayed 1 second(s)&#xD;
&#xD;
2019-08-22 09:29:26 - [MESSAGE][PASSED] - Object 'Object Repository/PartyOnboarding/Personal/PartyRequiredDocument/Issuing Country' is visible&#xD;
&#xD;
2019-08-22 09:29:26 - [MESSAGE][PASSED] - Keys 'Myanmar' sent to object: 'Object Repository/PartyOnboarding/Personal/PartyRequiredDocument/Issuing Country'&#xD;
&#xD;
2019-08-22 09:29:27 - [MESSAGE][PASSED] - Delayed 1 second(s)&#xD;
&#xD;
2019-08-22 09:29:27 - [MESSAGE][PASSED] - Object 'Object Repository/PartyOnboarding/Personal/PartyRequiredDocument/Document Verified' is visible&#xD;
&#xD;
2019-08-22 09:29:27 - [MESSAGE][PASSED] - Keys 'TAB + TRUE' sent to object: 'Object Repository/PartyOnboarding/Personal/PartyRequiredDocument/Document Verified'&#xD;
&#xD;
2019-08-22 09:29:28 - [MESSAGE][PASSED] - Object 'Object Repository/PartyOnboarding/Personal/PartyRequiredDocument/Save Row' is visible&#xD;
&#xD;
2019-08-22 09:29:28 - [MESSAGE][PASSED] - Execute JavaScript 'arguments[0].click();' successfully&#xD;
&#xD;
2019-08-22 09:29:28 - [MESSAGE][PASSED] - Object 'Object Repository/PartyOnboarding/Personal/PartyRequiredDocument/New Row' is visible&#xD;
&#xD;
2019-08-22 09:29:28 - [MESSAGE][PASSED] - Execute JavaScript 'arguments[0].click();' successfully&#xD;
&#xD;
2019-08-22 09:29:28 - [MESSAGE][PASSED] - Object 'Object Repository/PartyOnboarding/Personal/PartyRequiredDocument/DocumentCategory' is visible&#xD;
&#xD;
2019-08-22 09:29:29 - [MESSAGE][PASSED] - Keys 'TAB + PT-CERTIFICATE OF INCORPORATION' sent to object: 'Object Repository/PartyOnboarding/Personal/PartyRequiredDocument/DocumentCategory'&#xD;
&#xD;
2019-08-22 09:29:30 - [MESSAGE][PASSED] - Delayed 1 second(s)&#xD;
&#xD;
2019-08-22 09:29:30 - [MESSAGE][PASSED] - Object 'Object Repository/PartyOnboarding/Personal/PartyRequiredDocument/Document Type' is visible&#xD;
&#xD;
2019-08-22 09:29:32 - [MESSAGE][PASSED] - Keys 'TAB + CERTIFICATE OF INCORPORATION' sent to object: 'Object Repository/PartyOnboarding/Personal/PartyRequiredDocument/Document Type'&#xD;
&#xD;
2019-08-22 09:29:33 - [MESSAGE][PASSED] - Delayed 1 second(s)&#xD;
&#xD;
2019-08-22 09:29:33 - [MESSAGE][PASSED] - Object 'Object Repository/PartyOnboarding/Personal/PartyRequiredDocument/Issuing Country' is visible&#xD;
&#xD;
2019-08-22 09:29:33 - [MESSAGE][PASSED] - Keys 'Myanmar' sent to object: 'Object Repository/PartyOnboarding/Personal/PartyRequiredDocument/Issuing Country'&#xD;
&#xD;
2019-08-22 09:29:34 - [MESSAGE][PASSED] - Delayed 1 second(s)&#xD;
&#xD;
2019-08-22 09:29:34 - [MESSAGE][PASSED] - Object 'Object Repository/PartyOnboarding/Personal/PartyRequiredDocument/Document Verified' is visible&#xD;
&#xD;
2019-08-22 09:29:34 - [MESSAGE][PASSED] - Keys 'TAB + TRUE' sent to object: 'Object Repository/PartyOnboarding/Personal/PartyRequiredDocument/Document Verified'&#xD;
&#xD;
2019-08-22 09:29:34 - [MESSAGE][PASSED] - Object 'Object Repository/PartyOnboarding/Personal/PartyRequiredDocument/Save Row' is visible&#xD;
&#xD;
2019-08-22 09:29:34 - [MESSAGE][PASSED] - Execute JavaScript 'arguments[0].click();' successfully&#xD;
&#xD;
2019-08-22 09:29:34 - [MESSAGE][PASSED] - Object 'Object Repository/PartyOnboarding/Personal/PartyRequiredDocument/New Row' is visible&#xD;
&#xD;
2019-08-22 09:29:34 - [MESSAGE][PASSED] - Execute JavaScript 'arguments[0].click();' successfully&#xD;
&#xD;
2019-08-22 09:29:35 - [MESSAGE][PASSED] - Object 'Object Repository/PartyOnboarding/Personal/PartyRequiredDocument/DocumentCategory' is visible&#xD;
&#xD;
2019-08-22 09:29:35 - [MESSAGE][PASSED] - Keys 'TAB + PT-FILING HISTORY' sent to object: 'Object Repository/PartyOnboarding/Personal/PartyRequiredDocument/DocumentCategory'&#xD;
&#xD;
2019-08-22 09:29:36 - [MESSAGE][PASSED] - Delayed 1 second(s)&#xD;
&#xD;
2019-08-22 09:29:36 - [MESSAGE][PASSED] - Object 'Object Repository/PartyOnboarding/Personal/PartyRequiredDocument/Document Type' is visible&#xD;
&#xD;
2019-08-22 09:29:37 - [MESSAGE][PASSED] - Keys 'TAB + FILING HISTORY' sent to object: 'Object Repository/PartyOnboarding/Personal/PartyRequiredDocument/Document Type'&#xD;
&#xD;
2019-08-22 09:29:38 - [MESSAGE][PASSED] - Delayed 1 second(s)&#xD;
&#xD;
2019-08-22 09:29:38 - [MESSAGE][PASSED] - Object 'Object Repository/PartyOnboarding/Personal/PartyRequiredDocument/Issuing Country' is visible&#xD;
&#xD;
2019-08-22 09:29:38 - [MESSAGE][PASSED] - Keys 'Myanmar' sent to object: 'Object Repository/PartyOnboarding/Personal/PartyRequiredDocument/Issuing Country'&#xD;
&#xD;
2019-08-22 09:29:39 - [MESSAGE][PASSED] - Delayed 1 second(s)&#xD;
&#xD;
2019-08-22 09:29:39 - [MESSAGE][PASSED] - Object 'Object Repository/PartyOnboarding/Personal/PartyRequiredDocument/Document Verified' is visible&#xD;
&#xD;
2019-08-22 09:29:40 - [MESSAGE][PASSED] - Keys 'TAB + TRUE' sent to object: 'Object Repository/PartyOnboarding/Personal/PartyRequiredDocument/Document Verified'&#xD;
&#xD;
2019-08-22 09:29:40 - [MESSAGE][PASSED] - Object 'Object Repository/PartyOnboarding/Personal/PartyRequiredDocument/Save Row' is visible&#xD;
&#xD;
2019-08-22 09:29:40 - [MESSAGE][PASSED] - Execute JavaScript 'arguments[0].click();' successfully&#xD;
&#xD;
2019-08-22 09:29:40 - [MESSAGE][PASSED] - Object 'Object Repository/PartyOnboarding/Personal/PartyRequiredDocument/New Row' is visible&#xD;
&#xD;
2019-08-22 09:29:40 - [MESSAGE][PASSED] - Execute JavaScript 'arguments[0].click();' successfully&#xD;
&#xD;
2019-08-22 09:29:40 - [MESSAGE][PASSED] - Object 'Object Repository/PartyOnboarding/Personal/PartyRequiredDocument/DocumentCategory' is visible&#xD;
&#xD;
2019-08-22 09:29:41 - [MESSAGE][PASSED] - Keys 'TAB + PT-FORM QA 22(FOREIGNER)' sent to object: 'Object Repository/PartyOnboarding/Personal/PartyRequiredDocument/DocumentCategory'&#xD;
&#xD;
2019-08-22 09:29:42 - [MESSAGE][PASSED] - Delayed 1 second(s)&#xD;
&#xD;
2019-08-22 09:29:42 - [MESSAGE][PASSED] - Object 'Object Repository/PartyOnboarding/Personal/PartyRequiredDocument/Document Type' is visible&#xD;
&#xD;
2019-08-22 09:29:43 - [MESSAGE][PASSED] - Keys 'TAB + FORM QA 22(FOREIGNER)' sent to object: 'Object Repository/PartyOnboarding/Personal/PartyRequiredDocument/Document Type'&#xD;
&#xD;
2019-08-22 09:29:44 - [MESSAGE][PASSED] - Delayed 1 second(s)&#xD;
&#xD;
2019-08-22 09:29:44 - [MESSAGE][PASSED] - Object 'Object Repository/PartyOnboarding/Personal/PartyRequiredDocument/Issuing Country' is visible&#xD;
&#xD;
2019-08-22 09:29:44 - [MESSAGE][PASSED] - Keys 'Myanmar' sent to object: 'Object Repository/PartyOnboarding/Personal/PartyRequiredDocument/Issuing Country'&#xD;
&#xD;
2019-08-22 09:29:45 - [MESSAGE][PASSED] - Delayed 1 second(s)&#xD;
&#xD;
2019-08-22 09:29:46 - [MESSAGE][PASSED] - Object 'Object Repository/PartyOnboarding/Personal/PartyRequiredDocument/Document Verified' is visible&#xD;
&#xD;
2019-08-22 09:29:46 - [MESSAGE][PASSED] - Keys 'TAB + TRUE' sent to object: 'Object Repository/PartyOnboarding/Personal/PartyRequiredDocument/Document Verified'&#xD;
&#xD;
2019-08-22 09:29:46 - [MESSAGE][PASSED] - Object 'Object Repository/PartyOnboarding/Personal/PartyRequiredDocument/Save Row' is visible&#xD;
&#xD;
2019-08-22 09:29:46 - [MESSAGE][PASSED] - Execute JavaScript 'arguments[0].click();' successfully&#xD;
&#xD;
2019-08-22 09:29:46 - [MESSAGE][PASSED] - Object 'Object Repository/PartyOnboarding/Personal/PartyRequiredDocument/New Row' is visible&#xD;
&#xD;
2019-08-22 09:29:46 - [MESSAGE][PASSED] - Execute JavaScript 'arguments[0].click();' successfully&#xD;
&#xD;
2019-08-22 09:29:46 - [MESSAGE][PASSED] - Object 'Object Repository/PartyOnboarding/Personal/PartyRequiredDocument/DocumentCategory' is visible&#xD;
&#xD;
2019-08-22 09:29:48 - [MESSAGE][PASSED] - Keys 'TAB + PT-LIST OF DIRECTORS AND MEMBER DETAILS' sent to object: 'Object Repository/PartyOnboarding/Personal/PartyRequiredDocument/DocumentCategory'&#xD;
&#xD;
2019-08-22 09:29:49 - [MESSAGE][PASSED] - Delayed 1 second(s)&#xD;
&#xD;
2019-08-22 09:29:49 - [MESSAGE][PASSED] - Object 'Object Repository/PartyOnboarding/Personal/PartyRequiredDocument/Document Type' is visible&#xD;
&#xD;
2019-08-22 09:29:51 - [MESSAGE][PASSED] - Keys 'TAB + LIST OF DIRECTORS AND MEMBER DETAILS' sent to object: 'Object Repository/PartyOnboarding/Personal/PartyRequiredDocument/Document Type'&#xD;
&#xD;
2019-08-22 09:29:52 - [MESSAGE][PASSED] - Delayed 1 second(s)&#xD;
&#xD;
2019-08-22 09:29:52 - [MESSAGE][PASSED] - Object 'Object Repository/PartyOnboarding/Personal/PartyRequiredDocument/Issuing Country' is visible&#xD;
&#xD;
2019-08-22 09:29:52 - [MESSAGE][PASSED] - Keys 'Myanmar' sent to object: 'Object Repository/PartyOnboarding/Personal/PartyRequiredDocument/Issuing Country'&#xD;
&#xD;
2019-08-22 09:29:53 - [MESSAGE][PASSED] - Delayed 1 second(s)&#xD;
&#xD;
2019-08-22 09:29:53 - [MESSAGE][PASSED] - Object 'Object Repository/PartyOnboarding/Personal/PartyRequiredDocument/Document Verified' is visible&#xD;
&#xD;
2019-08-22 09:29:53 - [MESSAGE][PASSED] - Keys 'TAB + TRUE' sent to object: 'Object Repository/PartyOnboarding/Personal/PartyRequiredDocument/Document Verified'&#xD;
&#xD;
2019-08-22 09:29:53 - [MESSAGE][PASSED] - Object 'Object Repository/PartyOnboarding/Personal/PartyRequiredDocument/Save Row' is visible&#xD;
&#xD;
2019-08-22 09:29:53 - [MESSAGE][PASSED] - Execute JavaScript 'arguments[0].click();' successfully&#xD;
&#xD;
2019-08-22 09:29:53 - [MESSAGE][PASSED] - Object 'Object Repository/PartyOnboarding/Personal/PartyRequiredDocument/New Row' is visible&#xD;
&#xD;
2019-08-22 09:29:53 - [MESSAGE][PASSED] - Execute JavaScript 'arguments[0].click();' successfully&#xD;
&#xD;
2019-08-22 09:29:53 - [MESSAGE][PASSED] - Object 'Object Repository/PartyOnboarding/Personal/PartyRequiredDocument/DocumentCategory' is visible&#xD;
&#xD;
2019-08-22 09:29:55 - [MESSAGE][PASSED] - Keys 'TAB + PT-LIST OF SHAREHOLDERS AND MEMBER DETAILS' sent to object: 'Object Repository/PartyOnboarding/Personal/PartyRequiredDocument/DocumentCategory'&#xD;
&#xD;
2019-08-22 09:29:56 - [MESSAGE][PASSED] - Delayed 1 second(s)&#xD;
&#xD;
2019-08-22 09:29:56 - [MESSAGE][PASSED] - Object 'Object Repository/PartyOnboarding/Personal/PartyRequiredDocument/Document Type' is visible&#xD;
&#xD;
2019-08-22 09:29:58 - [MESSAGE][PASSED] - Keys 'TAB + LIST OF SHAREHOLDERS AND MEMBER DETAILS' sent to object: 'Object Repository/PartyOnboarding/Personal/PartyRequiredDocument/Document Type'&#xD;
&#xD;
2019-08-22 09:29:59 - [MESSAGE][PASSED] - Delayed 1 second(s)&#xD;
&#xD;
2019-08-22 09:29:59 - [MESSAGE][PASSED] - Object 'Object Repository/PartyOnboarding/Personal/PartyRequiredDocument/Issuing Country' is visible&#xD;
&#xD;
2019-08-22 09:30:00 - [MESSAGE][PASSED] - Keys 'Myanmar' sent to object: 'Object Repository/PartyOnboarding/Personal/PartyRequiredDocument/Issuing Country'&#xD;
&#xD;
2019-08-22 09:30:01 - [MESSAGE][PASSED] - Delayed 1 second(s)&#xD;
&#xD;
2019-08-22 09:30:01 - [MESSAGE][PASSED] - Object 'Object Repository/PartyOnboarding/Personal/PartyRequiredDocument/Document Verified' is visible&#xD;
&#xD;
2019-08-22 09:30:01 - [MESSAGE][PASSED] - Keys 'TAB + TRUE' sent to object: 'Object Repository/PartyOnboarding/Personal/PartyRequiredDocument/Document Verified'&#xD;
&#xD;
2019-08-22 09:30:01 - [MESSAGE][PASSED] - Object 'Object Repository/PartyOnboarding/Personal/PartyRequiredDocument/Save Row' is visible&#xD;
&#xD;
2019-08-22 09:30:01 - [MESSAGE][PASSED] - Execute JavaScript 'arguments[0].click();' successfully&#xD;
&#xD;
2019-08-22 09:30:01 - [MESSAGE][PASSED] - Object 'Object Repository/PartyOnboarding/Personal/PartyRequiredDocument/New Row' is visible&#xD;
&#xD;
2019-08-22 09:30:01 - [MESSAGE][PASSED] - Execute JavaScript 'arguments[0].click();' successfully&#xD;
&#xD;
2019-08-22 09:30:01 - [MESSAGE][PASSED] - Object 'Object Repository/PartyOnboarding/Personal/PartyRequiredDocument/DocumentCategory' is visible&#xD;
&#xD;
2019-08-22 09:30:03 - [MESSAGE][PASSED] - Keys 'TAB + PT-NRC/PASSPORT COPY OF AUTHORIZED SIGNATORY' sent to object: 'Object Repository/PartyOnboarding/Personal/PartyRequiredDocument/DocumentCategory'&#xD;
&#xD;
2019-08-22 09:30:04 - [MESSAGE][PASSED] - Delayed 1 second(s)&#xD;
&#xD;
2019-08-22 09:30:04 - [MESSAGE][PASSED] - Object 'Object Repository/PartyOnboarding/Personal/PartyRequiredDocument/Document Type' is visible&#xD;
&#xD;
2019-08-22 09:30:06 - [MESSAGE][PASSED] - Keys 'TAB + NRC/PASSPORT COPY OF AUTHORIZED SIGNATORY' sent to object: 'Object Repository/PartyOnboarding/Personal/PartyRequiredDocument/Document Type'&#xD;
&#xD;
2019-08-22 09:30:07 - [MESSAGE][PASSED] - Delayed 1 second(s)&#xD;
&#xD;
2019-08-22 09:30:07 - [MESSAGE][PASSED] - Object 'Object Repository/PartyOnboarding/Personal/PartyRequiredDocument/Issuing Country' is visible&#xD;
&#xD;
2019-08-22 09:30:08 - [MESSAGE][PASSED] - Keys 'Myanmar' sent to object: 'Object Repository/PartyOnboarding/Personal/PartyRequiredDocument/Issuing Country'&#xD;
&#xD;
2019-08-22 09:30:09 - [MESSAGE][PASSED] - Delayed 1 second(s)&#xD;
&#xD;
2019-08-22 09:30:09 - [MESSAGE][PASSED] - Object 'Object Repository/PartyOnboarding/Personal/PartyRequiredDocument/Document Verified' is visible&#xD;
&#xD;
2019-08-22 09:30:09 - [MESSAGE][PASSED] - Keys 'TAB + TRUE' sent to object: 'Object Repository/PartyOnboarding/Personal/PartyRequiredDocument/Document Verified'&#xD;
&#xD;
2019-08-22 09:30:09 - [MESSAGE][PASSED] - Object 'Object Repository/PartyOnboarding/Personal/PartyRequiredDocument/Save Row' is visible&#xD;
&#xD;
2019-08-22 09:30:09 - [MESSAGE][PASSED] - Execute JavaScript 'arguments[0].click();' successfully&#xD;
&#xD;
2019-08-22 09:30:09 - [MESSAGE][PASSED] - Object 'Object Repository/PartyOnboarding/Personal/PartyRequiredDocument/New Row' is visible&#xD;
&#xD;
2019-08-22 09:30:09 - [MESSAGE][PASSED] - Execute JavaScript 'arguments[0].click();' successfully&#xD;
&#xD;
2019-08-22 09:30:09 - [MESSAGE][PASSED] - Object 'Object Repository/PartyOnboarding/Personal/PartyRequiredDocument/DocumentCategory' is visible&#xD;
&#xD;
2019-08-22 09:30:11 - [MESSAGE][PASSED] - Keys 'TAB + PT-NRC/PASSPORT COPY OF SHAREHOLDERS' sent to object: 'Object Repository/PartyOnboarding/Personal/PartyRequiredDocument/DocumentCategory'&#xD;
&#xD;
2019-08-22 09:30:12 - [MESSAGE][PASSED] - Delayed 1 second(s)&#xD;
&#xD;
2019-08-22 09:30:12 - [MESSAGE][PASSED] - Object 'Object Repository/PartyOnboarding/Personal/PartyRequiredDocument/Document Type' is visible&#xD;
&#xD;
2019-08-22 09:30:14 - [MESSAGE][PASSED] - Keys 'TAB + NRC/PASSPORT COPY OF SHAREHOLDERS' sent to object: 'Object Repository/PartyOnboarding/Personal/PartyRequiredDocument/Document Type'&#xD;
&#xD;
2019-08-22 09:30:15 - [MESSAGE][PASSED] - Delayed 1 second(s)&#xD;
&#xD;
2019-08-22 09:30:15 - [MESSAGE][PASSED] - Object 'Object Repository/PartyOnboarding/Personal/PartyRequiredDocument/Issuing Country' is visible&#xD;
&#xD;
2019-08-22 09:30:15 - [MESSAGE][PASSED] - Keys 'Myanmar' sent to object: 'Object Repository/PartyOnboarding/Personal/PartyRequiredDocument/Issuing Country'&#xD;
&#xD;
2019-08-22 09:30:16 - [MESSAGE][PASSED] - Delayed 1 second(s)&#xD;
&#xD;
2019-08-22 09:30:16 - [MESSAGE][PASSED] - Object 'Object Repository/PartyOnboarding/Personal/PartyRequiredDocument/Document Verified' is visible&#xD;
&#xD;
2019-08-22 09:30:17 - [MESSAGE][PASSED] - Keys 'TAB + TRUE' sent to object: 'Object Repository/PartyOnboarding/Personal/PartyRequiredDocument/Document Verified'&#xD;
&#xD;
2019-08-22 09:30:17 - [MESSAGE][PASSED] - Object 'Object Repository/PartyOnboarding/Personal/PartyRequiredDocument/Save Row' is visible&#xD;
&#xD;
2019-08-22 09:30:17 - [MESSAGE][PASSED] - Execute JavaScript 'arguments[0].click();' successfully&#xD;
&#xD;
2019-08-22 09:30:17 - [MESSAGE][PASSED] - Object 'Object Repository/PartyOnboarding/Personal/PartyRequiredDocument/New Row' is visible&#xD;
&#xD;
2019-08-22 09:30:17 - [MESSAGE][PASSED] - Execute JavaScript 'arguments[0].click();' successfully&#xD;
&#xD;
2019-08-22 09:30:17 - [MESSAGE][PASSED] - Object 'Object Repository/PartyOnboarding/Personal/PartyRequiredDocument/DocumentCategory' is visible&#xD;
&#xD;
2019-08-22 09:30:19 - [MESSAGE][PASSED] - Keys 'TAB + PT-REGISTERED COMPANY ADDRESS' sent to object: 'Object Repository/PartyOnboarding/Personal/PartyRequiredDocument/DocumentCategory'&#xD;
&#xD;
2019-08-22 09:30:20 - [MESSAGE][PASSED] - Delayed 1 second(s)&#xD;
&#xD;
2019-08-22 09:30:20 - [MESSAGE][PASSED] - Object 'Object Repository/PartyOnboarding/Personal/PartyRequiredDocument/Document Type' is visible&#xD;
&#xD;
2019-08-22 09:30:21 - [MESSAGE][PASSED] - Keys 'TAB + REGISTERED COMPANY ADDRESS' sent to object: 'Object Repository/PartyOnboarding/Personal/PartyRequiredDocument/Document Type'&#xD;
&#xD;
2019-08-22 09:30:22 - [MESSAGE][PASSED] - Delayed 1 second(s)&#xD;
&#xD;
2019-08-22 09:30:22 - [MESSAGE][PASSED] - Object 'Object Repository/PartyOnboarding/Personal/PartyRequiredDocument/Issuing Country' is visible&#xD;
&#xD;
2019-08-22 09:30:23 - [MESSAGE][PASSED] - Keys 'Myanmar' sent to object: 'Object Repository/PartyOnboarding/Personal/PartyRequiredDocument/Issuing Country'&#xD;
&#xD;
2019-08-22 09:30:24 - [MESSAGE][PASSED] - Delayed 1 second(s)&#xD;
&#xD;
2019-08-22 09:30:24 - [MESSAGE][PASSED] - Object 'Object Repository/PartyOnboarding/Personal/PartyRequiredDocument/Document Verified' is visible&#xD;
&#xD;
2019-08-22 09:30:24 - [MESSAGE][PASSED] - Keys 'TAB + TRUE' sent to object: 'Object Repository/PartyOnboarding/Personal/PartyRequiredDocument/Document Verified'&#xD;
&#xD;
2019-08-22 09:30:24 - [MESSAGE][PASSED] - Object 'Object Repository/PartyOnboarding/Personal/PartyRequiredDocument/Save Row' is visible&#xD;
&#xD;
2019-08-22 09:30:24 - [MESSAGE][PASSED] - Execute JavaScript 'arguments[0].click();' successfully&#xD;
&#xD;
2019-08-22 09:30:24 - [MESSAGE][PASSED] - Object 'Object Repository/PartyOnboarding/Personal/PartyRequiredDocument/New Row' is visible&#xD;
&#xD;
2019-08-22 09:30:24 - [MESSAGE][PASSED] - Execute JavaScript 'arguments[0].click();' successfully&#xD;
&#xD;
2019-08-22 09:30:25 - [MESSAGE][PASSED] - Object 'Object Repository/PartyOnboarding/Personal/PartyRequiredDocument/DocumentCategory' is visible&#xD;
&#xD;
2019-08-22 09:30:27 - [MESSAGE][PASSED] - Keys 'TAB + PT-VALID VISA COPY OF AUTH. SIGNATORY(FOREIGNER)' sent to object: 'Object Repository/PartyOnboarding/Personal/PartyRequiredDocument/DocumentCategory'&#xD;
&#xD;
2019-08-22 09:30:28 - [MESSAGE][PASSED] - Delayed 1 second(s)&#xD;
&#xD;
2019-08-22 09:30:28 - [MESSAGE][PASSED] - Object 'Object Repository/PartyOnboarding/Personal/PartyRequiredDocument/Document Type' is visible&#xD;
&#xD;
2019-08-22 09:30:31 - [MESSAGE][PASSED] - Keys 'TAB + VALID VISA COPY OF AUTH. SIGNATORY(FOREIGNER)' sent to object: 'Object Repository/PartyOnboarding/Personal/PartyRequiredDocument/Document Type'&#xD;
&#xD;
2019-08-22 09:30:32 - [MESSAGE][PASSED] - Delayed 1 second(s)&#xD;
&#xD;
2019-08-22 09:30:32 - [MESSAGE][PASSED] - Object 'Object Repository/PartyOnboarding/Personal/PartyRequiredDocument/Issuing Country' is visible&#xD;
&#xD;
2019-08-22 09:30:32 - [MESSAGE][PASSED] - Keys 'Myanmar' sent to object: 'Object Repository/PartyOnboarding/Personal/PartyRequiredDocument/Issuing Country'&#xD;
&#xD;
2019-08-22 09:30:33 - [MESSAGE][PASSED] - Delayed 1 second(s)&#xD;
&#xD;
2019-08-22 09:30:33 - [MESSAGE][PASSED] - Object 'Object Repository/PartyOnboarding/Personal/PartyRequiredDocument/Document Verified' is visible&#xD;
&#xD;
2019-08-22 09:30:33 - [MESSAGE][PASSED] - Keys 'TAB + TRUE' sent to object: 'Object Repository/PartyOnboarding/Personal/PartyRequiredDocument/Document Verified'&#xD;
&#xD;
2019-08-22 09:30:33 - [MESSAGE][PASSED] - Object 'Object Repository/PartyOnboarding/Personal/PartyRequiredDocument/Save Row' is visible&#xD;
&#xD;
2019-08-22 09:30:33 - [MESSAGE][PASSED] - Execute JavaScript 'arguments[0].click();' successfully&#xD;
&#xD;
2019-08-22 09:30:33 - [MESSAGE][PASSED] - Object 'Object Repository/PartyOnboarding/Personal/PartyRequiredDocument/ddl_DocumentsCollectionStatus' is visible&#xD;
&#xD;
2019-08-22 09:30:35 - [MESSAGE][PASSED] - Keys 'Documents collected and validated centrally' sent to object: 'Object Repository/PartyOnboarding/Personal/PartyRequiredDocument/ddl_DocumentsCollectionStatus'&#xD;
&#xD;
2019-08-22 09:30:35 - [TEST_STEP][PASSED] - partyOnboardingEnterprise.clickNextbutton(): Object: 'Object Repository/PartyOnboarding/btn_Next' is clicked on&#xD;
&#xD;
2019-08-22 09:30:35 - [MESSAGE][PASSED] - Object 'Object Repository/PartyOnboarding/btn_Next' is visible&#xD;
&#xD;
2019-08-22 09:30:35 - [MESSAGE][PASSED] - Object: 'Object Repository/PartyOnboarding/btn_Next' is clicked on&#xD;
&#xD;
2019-08-22 09:30:35 - [TEST_STEP][PASSED] - delay(1): Delayed 1 second(s)&#xD;
&#xD;
2019-08-22 09:30:36 - [MESSAGE][PASSED] - Delayed 1 second(s)&#xD;
&#xD;
2019-08-22 09:30:36 - [TEST_STEP][PASSED] - log.logInfo("--- " + " Click Next button ---"): ---  Click Next button ---&#xD;
&#xD;
2019-08-22 09:30:36 - [MESSAGE][INFO] - ---  Click Next button ---&#xD;
&#xD;
2019-08-22 09:30:36 - [TEST_STEP][PASSED] - partyOnboardingEnterprise.clickNextbutton(): Object: 'Object Repository/PartyOnboarding/btn_Next' is clicked on&#xD;
&#xD;
2019-08-22 09:30:36 - [MESSAGE][PASSED] - Object 'Object Repository/PartyOnboarding/btn_Next' is visible&#xD;
&#xD;
2019-08-22 09:30:36 - [MESSAGE][PASSED] - Object: 'Object Repository/PartyOnboarding/btn_Next' is clicked on&#xD;
&#xD;
2019-08-22 09:30:36 - [TEST_STEP][PASSED] - log.logInfo("--- " + " Click Next button ---"): ---  Click Next button ---&#xD;
&#xD;
2019-08-22 09:30:36 - [MESSAGE][INFO] - ---  Click Next button ---&#xD;
&#xD;
2019-08-22 09:30:36 - [TEST_STEP][PASSED] - delay(1): Delayed 1 second(s)&#xD;
&#xD;
2019-08-22 09:30:37 - [MESSAGE][PASSED] - Delayed 1 second(s)&#xD;
&#xD;
2019-08-22 09:30:37 - [TEST_STEP][PASSED] - partyOnboardingEnterprise.clickNextbutton(): Object: 'Object Repository/PartyOnboarding/btn_Next' is clicked on&#xD;
&#xD;
2019-08-22 09:30:38 - [MESSAGE][PASSED] - Object 'Object Repository/PartyOnboarding/btn_Next' is visible&#xD;
&#xD;
2019-08-22 09:30:38 - [MESSAGE][PASSED] - Object: 'Object Repository/PartyOnboarding/btn_Next' is clicked on&#xD;
&#xD;
2019-08-22 09:30:38 - [TEST_STEP][PASSED] - log.logInfo("--- " + " Click Process on Warning box ---"): ---  Click Process on Warning box ---&#xD;
&#xD;
2019-08-22 09:30:38 - [MESSAGE][INFO] - ---  Click Process on Warning box ---&#xD;
&#xD;
2019-08-22 09:30:38 - [TEST_STEP][PASSED] - partyOnboardingEnterprise.clickAskForApprovalbutton(): Object: 'Object Repository/PartyOnboarding/RequestToApproval/AskForApproval_btn' is clicked on&#xD;
&#xD;
2019-08-22 09:30:38 - [MESSAGE][PASSED] - Object 'Object Repository/PartyOnboarding/RequestToApproval/AskForApproval_btn' is visible&#xD;
&#xD;
2019-08-22 09:30:38 - [MESSAGE][PASSED] - Object: 'Object Repository/PartyOnboarding/RequestToApproval/AskForApproval_btn' is clicked on</system-out>
            <system-err></system-err>
        </testcase>
        <testcase name="Test Cases/DataPreparation/PartyOnboardingEnterprise" classname="Test Cases/DataPreparation/PartyOnboardingEnterprise" status="PASSED">
            <system-out>2019-08-22 09:30:38 - [TEST_CASE][PASSED] - Test Cases/DataPreparation/PartyOnboardingEnterprise: Test Cases/DataPreparation/PartyOnboardingEnterprise&#xD;
&#xD;
2019-08-22 09:30:38 - [TEST_STEP][PASSED] - Start listener action : sampleBeforeTestCase: null&#xD;
&#xD;
2019-08-22 09:30:38 - [TEST_STEP][PASSED] - testCaseID = testCaseContext.getTestCaseId(): null&#xD;
&#xD;
2019-08-22 09:30:38 - [TEST_STEP][PASSED] - log = new com.kms.katalon.core.util.KeywordUtil(): null&#xD;
&#xD;
2019-08-22 09:30:38 - [TEST_STEP][PASSED] - partyOnboardingEnterprise = new pageObjects.PartyOnboarding(): null&#xD;
&#xD;
2019-08-22 09:30:38 - [TEST_STEP][PASSED] - delay(3): Delayed 3 second(s)&#xD;
&#xD;
2019-08-22 09:30:41 - [MESSAGE][PASSED] - Delayed 3 second(s)&#xD;
&#xD;
2019-08-22 09:30:41 - [TEST_STEP][PASSED] - log.logInfo("--- Open Party Onboarding in Menu Search ---"): --- Open Party Onboarding in Menu Search ---&#xD;
&#xD;
2019-08-22 09:30:41 - [MESSAGE][INFO] - --- Open Party Onboarding in Menu Search ---&#xD;
&#xD;
2019-08-22 09:30:41 - [TEST_STEP][PASSED] - partyOnboardingEnterprise.inputPartyOnboardingMenuSearch(): Object 'menuSearch_txt' is present&#xD;
&#xD;
2019-08-22 09:30:41 - [MESSAGE][PASSED] - Object 'Object Repository/Menu_Search' is visible&#xD;
&#xD;
2019-08-22 09:30:42 - [MESSAGE][PASSED] - Keys 'ENTER + Party Onboarding' sent to object: 'Object Repository/Menu_Search'&#xD;
&#xD;
2019-08-22 09:30:42 - [MESSAGE][PASSED] - Object 'menuSearch_txt' is present&#xD;
&#xD;
2019-08-22 09:30:42 - [TEST_STEP][PASSED] - log.logInfo("/---------------Party Onboarding---------------/"): /---------------Party Onboarding---------------/&#xD;
&#xD;
2019-08-22 09:30:42 - [MESSAGE][INFO] - /---------------Party Onboarding---------------/&#xD;
&#xD;
2019-08-22 09:30:42 - [TEST_STEP][PASSED] - log.logInfo("--- Input Local Global ---"): --- Input Local Global ---&#xD;
&#xD;
2019-08-22 09:30:42 - [MESSAGE][INFO] - --- Input Local Global ---&#xD;
&#xD;
2019-08-22 09:30:42 - [TEST_STEP][PASSED] - partyOnboardingEnterprise.inputLocalGlobal(s01_localglobal): Keys 'Local Private' sent to object: 'Object Repository/PartyOnboarding/PartyOnboarding/Local Global'&#xD;
&#xD;
2019-08-22 09:30:43 - [MESSAGE][PASSED] - Text of object 'Object Repository/PartyOnboarding/PartyOnboarding/Local Global' is cleared&#xD;
&#xD;
2019-08-22 09:30:43 - [MESSAGE][PASSED] - Object 'Object Repository/PartyOnboarding/PartyOnboarding/Local Global' is visible&#xD;
&#xD;
2019-08-22 09:30:43 - [MESSAGE][PASSED] - Object 'Object Repository/PartyOnboarding/PartyOnboarding/Local Global' is visible&#xD;
&#xD;
2019-08-22 09:30:43 - [MESSAGE][PASSED] - Keys 'Local Private' sent to object: 'Object Repository/PartyOnboarding/PartyOnboarding/Local Global'&#xD;
&#xD;
2019-08-22 09:30:43 - [TEST_STEP][PASSED] - log.logInfo("--- Input Party Type ---"): --- Input Party Type ---&#xD;
&#xD;
2019-08-22 09:30:43 - [MESSAGE][INFO] - --- Input Party Type ---&#xD;
&#xD;
2019-08-22 09:30:43 - [TEST_STEP][PASSED] - partyOnboardingEnterprise.inputPartyType(s01_partytype): Keys 'TAB + Enterprise' sent to object: 'Object Repository/PartyOnboarding/PartyOnboarding/Party Type'&#xD;
&#xD;
2019-08-22 09:30:43 - [MESSAGE][PASSED] - Object 'Object Repository/PartyOnboarding/PartyOnboarding/Party Type' is visible&#xD;
&#xD;
2019-08-22 09:30:44 - [MESSAGE][PASSED] - Keys 'TAB + Enterprise' sent to object: 'Object Repository/PartyOnboarding/PartyOnboarding/Party Type'&#xD;
&#xD;
2019-08-22 09:30:44 - [TEST_STEP][PASSED] - log.logInfo("--- Input Party Sub Type ---"): --- Input Party Sub Type ---&#xD;
&#xD;
2019-08-22 09:30:44 - [MESSAGE][INFO] - --- Input Party Sub Type ---&#xD;
&#xD;
2019-08-22 09:30:44 - [TEST_STEP][PASSED] - partyOnboardingEnterprise.inputPartySubType(s01_partysubtype): Keys 'PRIVATE/PUBLIC/PUBLIC LISTED COMPANY (MYANMAR)' sent to object: 'Object Repository/PartyOnboarding/PartyOnboarding/Party Sub-Type'&#xD;
&#xD;
2019-08-22 09:30:45 - [MESSAGE][PASSED] - Delayed 1 second(s)&#xD;
&#xD;
2019-08-22 09:30:45 - [MESSAGE][PASSED] - Object 'Object Repository/PartyOnboarding/PartyOnboarding/Party Type' is visible&#xD;
&#xD;
2019-08-22 09:30:46 - [MESSAGE][PASSED] - Keys 'PRIVATE/PUBLIC/PUBLIC LISTED COMPANY (MYANMAR)' sent to object: 'Object Repository/PartyOnboarding/PartyOnboarding/Party Sub-Type'&#xD;
&#xD;
2019-08-22 09:30:46 - [TEST_STEP][PASSED] - log.logInfo("--- Input Party Category ---"): --- Input Party Category ---&#xD;
&#xD;
2019-08-22 09:30:46 - [MESSAGE][INFO] - --- Input Party Category ---&#xD;
&#xD;
2019-08-22 09:30:46 - [TEST_STEP][PASSED] - partyOnboardingEnterprise.inputPartyCategory(s01_partycategory): Keys 'Full' sent to object: 'Object Repository/PartyOnboarding/PartyOnboarding/Party Category'&#xD;
&#xD;
2019-08-22 09:30:46 - [MESSAGE][PASSED] - Object 'Object Repository/PartyOnboarding/PartyOnboarding/Party Category' is visible&#xD;
&#xD;
2019-08-22 09:30:46 - [MESSAGE][PASSED] - Keys 'Full' sent to object: 'Object Repository/PartyOnboarding/PartyOnboarding/Party Category'&#xD;
&#xD;
2019-08-22 09:30:46 - [TEST_STEP][PASSED] - log.logInfo("--- Check Line of Business ---"): --- Check Line of Business ---&#xD;
&#xD;
2019-08-22 09:30:46 - [MESSAGE][INFO] - --- Check Line of Business ---&#xD;
&#xD;
2019-08-22 09:30:46 - [TEST_STEP][PASSED] - partyOnboardingEnterprise.clickLineofBusiness(s01_lineofbusiness, findTestObject("PartyOnboarding/PartyOnboarding/div_Core Banking")): Object 'Object Repository/PartyOnboarding/PartyOnboarding/LineofBusiness_List' is checked&#xD;
&#xD;
2019-08-22 09:30:46 - [MESSAGE][PASSED] - Object 'Object Repository/PartyOnboarding/PartyOnboarding/div_Core Banking' is visible&#xD;
&#xD;
2019-08-22 09:30:46 - [MESSAGE][PASSED] - Attribute 'aria-checked' of object 'Object Repository/PartyOnboarding/PartyOnboarding/div_Core Banking' is: 'true'&#xD;
&#xD;
2019-08-22 09:30:46 - [MESSAGE][PASSED] - Object 'Object Repository/PartyOnboarding/PartyOnboarding/chk_SelectAllLineOfBusiness' is visible&#xD;
&#xD;
2019-08-22 09:30:46 - [MESSAGE][PASSED] - Attribute 'aria-checked' of object 'Object Repository/PartyOnboarding/PartyOnboarding/chk_SelectAllLineOfBusiness' is: 'true'&#xD;
&#xD;
2019-08-22 09:30:46 - [MESSAGE][PASSED] - Object 'Object Repository/PartyOnboarding/PartyOnboarding/LineofBusiness_List' is visible&#xD;
&#xD;
2019-08-22 09:30:46 - [MESSAGE][PASSED] - Attribute 'aria-checked' of object 'Object Repository/PartyOnboarding/PartyOnboarding/LineofBusiness_List' is: 'true'&#xD;
&#xD;
2019-08-22 09:30:46 - [MESSAGE][PASSED] - Object 'Object Repository/PartyOnboarding/PartyOnboarding/LineofBusiness_List' is visible&#xD;
&#xD;
2019-08-22 09:30:46 - [MESSAGE][PASSED] - Attribute 'aria-checked' of object 'Object Repository/PartyOnboarding/PartyOnboarding/LineofBusiness_List' is: 'true'&#xD;
&#xD;
2019-08-22 09:30:46 - [MESSAGE][PASSED] - Object 'Object Repository/PartyOnboarding/PartyOnboarding/chk_SelectAllLineOfBusiness' is visible&#xD;
&#xD;
2019-08-22 09:30:46 - [MESSAGE][PASSED] - Attribute 'aria-checked' of object 'Object Repository/PartyOnboarding/PartyOnboarding/chk_SelectAllLineOfBusiness' is: 'true'&#xD;
&#xD;
2019-08-22 09:30:46 - [MESSAGE][PASSED] - Object 'Object Repository/PartyOnboarding/PartyOnboarding/chk_SelectAllLineOfBusiness' is checked&#xD;
&#xD;
2019-08-22 09:30:46 - [MESSAGE][PASSED] - Object 'Object Repository/PartyOnboarding/PartyOnboarding/div_Core Banking' is visible&#xD;
&#xD;
2019-08-22 09:30:46 - [MESSAGE][PASSED] - Attribute 'aria-checked' of object 'Object Repository/PartyOnboarding/PartyOnboarding/div_Core Banking' is: 'false'&#xD;
&#xD;
2019-08-22 09:30:46 - [MESSAGE][PASSED] - Object 'Object Repository/PartyOnboarding/PartyOnboarding/div_Core Banking' is checked&#xD;
&#xD;
2019-08-22 09:30:46 - [MESSAGE][PASSED] - Object 'Object Repository/PartyOnboarding/PartyOnboarding/LineofBusiness_List' is visible&#xD;
&#xD;
2019-08-22 09:30:47 - [MESSAGE][PASSED] - Attribute 'aria-checked' of object 'Object Repository/PartyOnboarding/PartyOnboarding/LineofBusiness_List' is: 'false'&#xD;
&#xD;
2019-08-22 09:30:47 - [MESSAGE][PASSED] - Object 'Object Repository/PartyOnboarding/PartyOnboarding/LineofBusiness_List' is checked&#xD;
&#xD;
2019-08-22 09:30:47 - [TEST_STEP][PASSED] - log.logInfo("--- Click Next to Party Check List  ---"): --- Click Next to Party Check List  ---&#xD;
&#xD;
2019-08-22 09:30:47 - [MESSAGE][INFO] - --- Click Next to Party Check List  ---&#xD;
&#xD;
2019-08-22 09:30:47 - [TEST_STEP][PASSED] - partyOnboardingEnterprise.clickNextbutton(): Object: 'Object Repository/PartyOnboarding/btn_Next' is clicked on&#xD;
&#xD;
2019-08-22 09:30:47 - [MESSAGE][PASSED] - Object 'Object Repository/PartyOnboarding/btn_Next' is visible&#xD;
&#xD;
2019-08-22 09:30:47 - [MESSAGE][PASSED] - Object: 'Object Repository/PartyOnboarding/btn_Next' is clicked on&#xD;
&#xD;
2019-08-22 09:30:47 - [TEST_STEP][PASSED] - delay(1): Delayed 1 second(s)&#xD;
&#xD;
2019-08-22 09:30:48 - [MESSAGE][PASSED] - Delayed 1 second(s)&#xD;
&#xD;
2019-08-22 09:30:48 - [TEST_STEP][PASSED] - partyOnboardingEnterprise.clickNextbutton(): Object: 'Object Repository/PartyOnboarding/btn_Next' is clicked on&#xD;
&#xD;
2019-08-22 09:30:48 - [MESSAGE][PASSED] - Object 'Object Repository/PartyOnboarding/btn_Next' is visible&#xD;
&#xD;
2019-08-22 09:30:48 - [MESSAGE][PASSED] - Object: 'Object Repository/PartyOnboarding/btn_Next' is clicked on&#xD;
&#xD;
2019-08-22 09:30:48 - [TEST_STEP][PASSED] - log.logInfo("/---------------Pre-Existence Check---------------/"): /---------------Pre-Existence Check---------------/&#xD;
&#xD;
2019-08-22 09:30:48 - [MESSAGE][INFO] - /---------------Pre-Existence Check---------------/&#xD;
&#xD;
2019-08-22 09:30:48 - [TEST_STEP][PASSED] - partyOnboardingEnterprise.inputEnterpriseName(s02_enterpriseName): Keys 'Enterprise 0000003' sent to object: 'Object Repository/PartyOnboarding/Enterprise/PreExistenceCheck/txt_EnterpriseName'&#xD;
&#xD;
2019-08-22 09:30:48 - [MESSAGE][PASSED] - Object 'Object Repository/PartyOnboarding/Enterprise/PreExistenceCheck/txt_EnterpriseName' is visible&#xD;
&#xD;
2019-08-22 09:30:49 - [MESSAGE][PASSED] - Keys 'Enterprise 0000003' sent to object: 'Object Repository/PartyOnboarding/Enterprise/PreExistenceCheck/txt_EnterpriseName'&#xD;
&#xD;
2019-08-22 09:30:49 - [TEST_STEP][PASSED] - partyOnboardingEnterprise.inputRegistration(): Keys 'aO2e14nF' sent to object: 'Object Repository/PartyOnboarding/Enterprise/PreExistenceCheck/txt_Registration'&#xD;
&#xD;
2019-08-22 09:30:49 - [MESSAGE][PASSED] - Object 'Object Repository/PartyOnboarding/Enterprise/PreExistenceCheck/txt_Registration' is visible&#xD;
&#xD;
2019-08-22 09:30:49 - [MESSAGE][PASSED] - Keys 'aO2e14nF' sent to object: 'Object Repository/PartyOnboarding/Enterprise/PreExistenceCheck/txt_Registration'&#xD;
&#xD;
2019-08-22 09:30:49 - [TEST_STEP][PASSED] - partyOnboardingEnterprise.clickNextbutton(): Object: 'Object Repository/PartyOnboarding/btn_Next' is clicked on&#xD;
&#xD;
2019-08-22 09:30:49 - [MESSAGE][PASSED] - Object 'Object Repository/PartyOnboarding/btn_Next' is visible&#xD;
&#xD;
2019-08-22 09:30:49 - [MESSAGE][PASSED] - Object: 'Object Repository/PartyOnboarding/btn_Next' is clicked on&#xD;
&#xD;
2019-08-22 09:30:49 - [TEST_STEP][PASSED] - log.logInfo("/--------------- Party Onboarding---------------/"): /--------------- Party Onboarding---------------/&#xD;
&#xD;
2019-08-22 09:30:49 - [MESSAGE][INFO] - /--------------- Party Onboarding---------------/&#xD;
&#xD;
2019-08-22 09:30:49 - [TEST_STEP][PASSED] - partyOnboardingEnterprise.inputPartyId(): Web element with id: 'Object Repository/PartyOnboarding/Personal/PersonalParty/Message/pop_ErrorDuplicatePartyID' located by 'By.xpath: //textarea[@name='03messages']' not found&#xD;
&#xD;
2019-08-22 09:30:50 - [MESSAGE][PASSED] - Object 'Object Repository/PartyOnboarding/Personal/PersonalParty/txt_PartyID' is visible&#xD;
&#xD;
2019-08-22 09:30:50 - [MESSAGE][PASSED] - Object 'Object Repository/PartyOnboarding/Personal/PersonalParty/txt_PartyID' is visible&#xD;
&#xD;
2019-08-22 09:30:50 - [MESSAGE][PASSED] - Keys 'TAB + HtH6fe2I' sent to object: 'Object Repository/PartyOnboarding/Personal/PersonalParty/txt_PartyID'&#xD;
&#xD;
2019-08-22 09:31:22 - [MESSAGE][INFO] - Unable to find the element located by 'By.xpath: //textarea[@name='03messages']'. Please recheck the objects properties to make sure the desired element is located. &#xD;
&#xD;
2019-08-22 09:31:22 - [MESSAGE][WARNING] - Web element with id: 'Object Repository/PartyOnboarding/Personal/PersonalParty/Message/pop_ErrorDuplicatePartyID' located by 'By.xpath: //textarea[@name='03messages']' not found&#xD;
&#xD;
2019-08-22 09:31:22 - [TEST_STEP][PASSED] - partyOnboardingEnterprise.inputShortNameEnterprise(s03_shortName): Keys 'TAB + Enterprise' sent to object: 'Object Repository/PartyOnboarding/Enterprise/EnterpriseParty/Short Name_txt'&#xD;
&#xD;
2019-08-22 09:31:22 - [MESSAGE][PASSED] - Object 'Object Repository/PartyOnboarding/Enterprise/EnterpriseParty/Short Name_txt' is visible&#xD;
&#xD;
2019-08-22 09:31:22 - [MESSAGE][PASSED] - Keys 'TAB + Enterprise' sent to object: 'Object Repository/PartyOnboarding/Enterprise/EnterpriseParty/Short Name_txt'&#xD;
&#xD;
2019-08-22 09:31:22 - [TEST_STEP][PASSED] - partyOnboardingEnterprise.clickNextbutton(): Object: 'Object Repository/PartyOnboarding/btn_Next' is clicked on&#xD;
&#xD;
2019-08-22 09:31:22 - [MESSAGE][PASSED] - Object 'Object Repository/PartyOnboarding/btn_Next' is visible&#xD;
&#xD;
2019-08-22 09:31:22 - [MESSAGE][PASSED] - Object: 'Object Repository/PartyOnboarding/btn_Next' is clicked on&#xD;
&#xD;
2019-08-22 09:31:22 - [TEST_STEP][PASSED] - partyOnboardingEnterprise.clickProcessInWarningBox(): Object: 'Object Repository/PartyOnboarding/Personal/PersonalParty/btn_Warnings_Proceed_NotCapture' is clicked on&#xD;
&#xD;
2019-08-22 09:31:23 - [MESSAGE][PASSED] - Object 'Object Repository/PartyOnboarding/Personal/PersonalParty/btn_Warnings_Proceed_NotCapture' is visible&#xD;
&#xD;
2019-08-22 09:31:23 - [MESSAGE][PASSED] - Object: 'Object Repository/PartyOnboarding/Personal/PersonalParty/btn_Warnings_Proceed_NotCapture' is clicked on&#xD;
&#xD;
2019-08-22 09:31:23 - [TEST_STEP][PASSED] - log.logInfo("/--------------- Party Onboarding - Address---------------/"): /--------------- Party Onboarding - Address---------------/&#xD;
&#xD;
2019-08-22 09:31:23 - [MESSAGE][INFO] - /--------------- Party Onboarding - Address---------------/&#xD;
&#xD;
2019-08-22 09:31:23 - [TEST_STEP][PASSED] - partyOnboardingEnterprise.inputRDataForAddressParty(s04_addressType, s04_userForCommunication, s04_validFrom): Execute JavaScript 'arguments[0].click();' successfully&#xD;
&#xD;
2019-08-22 09:31:24 - [MESSAGE][PASSED] - Object 'Object Repository/PartyOnboarding/Personal/PartyAddress/button_New Row_PartyAddress' is visible&#xD;
&#xD;
2019-08-22 09:31:24 - [MESSAGE][PASSED] - Execute JavaScript 'arguments[0].click();' successfully&#xD;
&#xD;
2019-08-22 09:31:24 - [MESSAGE][PASSED] - Object 'Object Repository/PartyOnboarding/Personal/PartyAddress/Address Type' is visible&#xD;
&#xD;
2019-08-22 09:31:25 - [MESSAGE][PASSED] - Keys 'TAB + Home Address' sent to object: 'Object Repository/PartyOnboarding/Personal/PartyAddress/Address Type'&#xD;
&#xD;
2019-08-22 09:31:25 - [MESSAGE][PASSED] - Object 'Object Repository/PartyOnboarding/Personal/PartyAddress/Valid From' is visible&#xD;
&#xD;
2019-08-22 09:31:25 - [MESSAGE][PASSED] - Text of object 'Object Repository/PartyOnboarding/Personal/PartyAddress/Valid From' is cleared&#xD;
&#xD;
2019-08-22 09:31:25 - [MESSAGE][PASSED] - Object 'Object Repository/PartyOnboarding/Personal/PartyAddress/Valid From' is visible&#xD;
&#xD;
2019-08-22 09:31:25 - [MESSAGE][PASSED] - Keys '2018-01-14' sent to object: 'Object Repository/PartyOnboarding/Personal/PartyAddress/Valid From'&#xD;
&#xD;
2019-08-22 09:31:25 - [MESSAGE][PASSED] - Object 'Object Repository/PartyOnboarding/Personal/PartyAddress/chk_Use  for Communication' is present&#xD;
&#xD;
2019-08-22 09:31:25 - [MESSAGE][PASSED] - Attribute 'aria-checked' of object 'Object Repository/PartyOnboarding/Personal/PartyAddress/chk_Use  for Communication' is: 'false'&#xD;
&#xD;
2019-08-22 09:31:26 - [MESSAGE][PASSED] - Object 'Object Repository/PartyOnboarding/Personal/PartyAddress/chk_Use  for Communication' is checked&#xD;
&#xD;
2019-08-22 09:31:26 - [MESSAGE][PASSED] - Object 'Object Repository/PartyOnboarding/Personal/PartyAddress/SaveRow' is visible&#xD;
&#xD;
2019-08-22 09:31:26 - [MESSAGE][PASSED] - Execute JavaScript 'arguments[0].click();' successfully&#xD;
&#xD;
2019-08-22 09:31:26 - [MESSAGE][PASSED] - Object 'Object Repository/PartyOnboarding/Personal/PartyAddress/button_New Row_PartyAddress' is visible&#xD;
&#xD;
2019-08-22 09:31:26 - [MESSAGE][PASSED] - Execute JavaScript 'arguments[0].click();' successfully&#xD;
&#xD;
2019-08-22 09:31:26 - [MESSAGE][PASSED] - Object 'Object Repository/PartyOnboarding/Personal/PartyAddress/Address Type' is visible&#xD;
&#xD;
2019-08-22 09:31:26 - [MESSAGE][PASSED] - Keys 'TAB + Current Address' sent to object: 'Object Repository/PartyOnboarding/Personal/PartyAddress/Address Type'&#xD;
&#xD;
2019-08-22 09:31:26 - [MESSAGE][PASSED] - Object 'Object Repository/PartyOnboarding/Personal/PartyAddress/Valid From' is visible&#xD;
&#xD;
2019-08-22 09:31:26 - [MESSAGE][PASSED] - Text of object 'Object Repository/PartyOnboarding/Personal/PartyAddress/Valid From' is cleared&#xD;
&#xD;
2019-08-22 09:31:27 - [MESSAGE][PASSED] - Object 'Object Repository/PartyOnboarding/Personal/PartyAddress/Valid From' is visible&#xD;
&#xD;
2019-08-22 09:31:27 - [MESSAGE][PASSED] - Keys '2018-01-17' sent to object: 'Object Repository/PartyOnboarding/Personal/PartyAddress/Valid From'&#xD;
&#xD;
2019-08-22 09:31:27 - [MESSAGE][PASSED] - Object 'Object Repository/PartyOnboarding/Personal/PartyAddress/SaveRow' is visible&#xD;
&#xD;
2019-08-22 09:31:27 - [MESSAGE][PASSED] - Execute JavaScript 'arguments[0].click();' successfully&#xD;
&#xD;
2019-08-22 09:31:27 - [MESSAGE][PASSED] - Object 'Object Repository/PartyOnboarding/Personal/PartyAddress/button_New Row_PartyAddress' is visible&#xD;
&#xD;
2019-08-22 09:31:27 - [MESSAGE][PASSED] - Execute JavaScript 'arguments[0].click();' successfully&#xD;
&#xD;
2019-08-22 09:31:27 - [MESSAGE][PASSED] - Object 'Object Repository/PartyOnboarding/Personal/PartyAddress/Address Type' is visible&#xD;
&#xD;
2019-08-22 09:31:28 - [MESSAGE][PASSED] - Keys 'TAB + Office Address' sent to object: 'Object Repository/PartyOnboarding/Personal/PartyAddress/Address Type'&#xD;
&#xD;
2019-08-22 09:31:28 - [MESSAGE][PASSED] - Object 'Object Repository/PartyOnboarding/Personal/PartyAddress/Valid From' is visible&#xD;
&#xD;
2019-08-22 09:31:28 - [MESSAGE][PASSED] - Text of object 'Object Repository/PartyOnboarding/Personal/PartyAddress/Valid From' is cleared&#xD;
&#xD;
2019-08-22 09:31:28 - [MESSAGE][PASSED] - Object 'Object Repository/PartyOnboarding/Personal/PartyAddress/Valid From' is visible&#xD;
&#xD;
2019-08-22 09:31:28 - [MESSAGE][PASSED] - Keys '2017-01-17' sent to object: 'Object Repository/PartyOnboarding/Personal/PartyAddress/Valid From'&#xD;
&#xD;
2019-08-22 09:31:28 - [MESSAGE][PASSED] - Object 'Object Repository/PartyOnboarding/Personal/PartyAddress/SaveRow' is visible&#xD;
&#xD;
2019-08-22 09:31:28 - [MESSAGE][PASSED] - Execute JavaScript 'arguments[0].click();' successfully&#xD;
&#xD;
2019-08-22 09:31:28 - [TEST_STEP][PASSED] - partyOnboardingEnterprise.clickNextbutton(): Object: 'Object Repository/PartyOnboarding/btn_Next' is clicked on&#xD;
&#xD;
2019-08-22 09:31:28 - [MESSAGE][PASSED] - Object 'Object Repository/PartyOnboarding/btn_Next' is visible&#xD;
&#xD;
2019-08-22 09:31:28 - [MESSAGE][PASSED] - Object: 'Object Repository/PartyOnboarding/btn_Next' is clicked on&#xD;
&#xD;
2019-08-22 09:31:28 - [TEST_STEP][PASSED] - partyOnboardingEnterprise.inputDataForPartyContacts(s05_contactMethod, s05_contactTypeLocation, s05_contactCountryCode, s05_contactAreaCode, s05_contactNumber, s05_contactEmail, s05_confirmEmail, s05_validFrom): Execute JavaScript 'arguments[0].click();' successfully&#xD;
&#xD;
2019-08-22 09:31:29 - [MESSAGE][PASSED] - Object 'Object Repository/PartyOnboarding/Personal/PartyContacts/New Row' is visible&#xD;
&#xD;
2019-08-22 09:31:29 - [MESSAGE][PASSED] - Execute JavaScript 'arguments[0].click();' successfully&#xD;
&#xD;
2019-08-22 09:31:30 - [MESSAGE][PASSED] - Delayed 1 second(s)&#xD;
&#xD;
2019-08-22 09:31:30 - [MESSAGE][PASSED] - Object 'Object Repository/PartyOnboarding/Personal/PartyContacts/Contact Method' is visible&#xD;
&#xD;
2019-08-22 09:31:31 - [MESSAGE][PASSED] - Keys 'TAB + Telephone' sent to object: 'Object Repository/PartyOnboarding/Personal/PartyContacts/Contact Method'&#xD;
&#xD;
2019-08-22 09:31:32 - [MESSAGE][PASSED] - Delayed 1 second(s)&#xD;
&#xD;
2019-08-22 09:31:32 - [MESSAGE][PASSED] - Object 'Object Repository/PartyOnboarding/Personal/PartyContacts/Contact Type  Location' is visible&#xD;
&#xD;
2019-08-22 09:31:32 - [MESSAGE][PASSED] - Keys 'TAB + Personal' sent to object: 'Object Repository/PartyOnboarding/Personal/PartyContacts/Contact Type  Location'&#xD;
&#xD;
2019-08-22 09:31:32 - [MESSAGE][PASSED] - Object 'Object Repository/PartyOnboarding/Personal/PartyContacts/Contact Email' is visible&#xD;
&#xD;
2019-08-22 09:31:32 - [MESSAGE][PASSED] - Object 'Object Repository/PartyOnboarding/Personal/PartyContacts/Contact Email' has attribute 'readonly'&#xD;
&#xD;
2019-08-22 09:31:32 - [MESSAGE][PASSED] - Object 'Object Repository/PartyOnboarding/Personal/PartyContacts/Contact Number_03_Code' is visible&#xD;
&#xD;
2019-08-22 09:31:32 - [MESSAGE][PASSED] - Text of object 'Object Repository/PartyOnboarding/Personal/PartyContacts/Contact Number_03_Code' is cleared&#xD;
&#xD;
2019-08-22 09:31:32 - [MESSAGE][PASSED] - Object 'Object Repository/PartyOnboarding/Personal/PartyContacts/Contact Number_03_Code' is visible&#xD;
&#xD;
2019-08-22 09:31:32 - [MESSAGE][PASSED] - Keys '+95' sent to object: 'Object Repository/PartyOnboarding/Personal/PartyContacts/Contact Number_03_Code'&#xD;
&#xD;
2019-08-22 09:31:32 - [MESSAGE][PASSED] - Object 'Object Repository/PartyOnboarding/Personal/PartyContacts/Contact Number_AreaCode' is visible&#xD;
&#xD;
2019-08-22 09:31:32 - [MESSAGE][PASSED] - Keys '' sent to object: 'Object Repository/PartyOnboarding/Personal/PartyContacts/Contact Number_AreaCode'&#xD;
&#xD;
2019-08-22 09:31:32 - [MESSAGE][PASSED] - Object 'Object Repository/PartyOnboarding/Personal/PartyContacts/Contact Number_Number' is visible&#xD;
&#xD;
2019-08-22 09:31:33 - [MESSAGE][PASSED] - Keys '9697989903' sent to object: 'Object Repository/PartyOnboarding/Personal/PartyContacts/Contact Number_Number'&#xD;
&#xD;
2019-08-22 09:31:33 - [MESSAGE][PASSED] - Object 'Object Repository/PartyOnboarding/Personal/PartyContacts/Contact Number_03_Code' is visible&#xD;
&#xD;
2019-08-22 09:31:33 - [MESSAGE][WARNING] - Object 'Object Repository/PartyOnboarding/Personal/PartyContacts/Contact Number_03_Code' does not have attribute 'readonly' (Root cause: com.kms.katalon.core.exception.StepFailedException: Object 'Object Repository/PartyOnboarding/Personal/PartyContacts/Contact Number_03_Code' does not have attribute 'readonly'&#xD;
	at com.kms.katalon.core.webui.keyword.internal.WebUIKeywordMain.stepFailed(WebUIKeywordMain.groovy:64)&#xD;
	at com.kms.katalon.core.webui.keyword.builtin.VerifyElementHasAttributeKeyword$_verifyElementHasAttribute_closure1.doCall(VerifyElementHasAttributeKeyword.groovy:89)&#xD;
	at com.kms.katalon.core.webui.keyword.builtin.VerifyElementHasAttributeKeyword$_verifyElementHasAttribute_closure1.call(VerifyElementHasAttributeKeyword.groovy)&#xD;
	at com.kms.katalon.core.webui.keyword.internal.WebUIKeywordMain.runKeyword(WebUIKeywordMain.groovy:20)&#xD;
	at com.kms.katalon.core.webui.keyword.builtin.VerifyElementHasAttributeKeyword.verifyElementHasAttribute(VerifyElementHasAttributeKeyword.groovy:100)&#xD;
	at com.kms.katalon.core.webui.keyword.builtin.VerifyElementHasAttributeKeyword.execute(VerifyElementHasAttributeKeyword.groovy:69)&#xD;
	at com.kms.katalon.core.keyword.internal.KeywordExecutor.executeKeywordForPlatform(KeywordExecutor.groovy:56)&#xD;
	at com.kms.katalon.core.webui.keyword.WebUiBuiltInKeywords.verifyElementHasAttribute(WebUiBuiltInKeywords.groovy:3166)&#xD;
	at com.kms.katalon.core.webui.keyword.WebUiBuiltInKeywords$verifyElementHasAttribute$11.call(Unknown Source)&#xD;
	at pageObjects.PartyOnboarding.inputDataForPartyContacts(PartyOnboarding.groovy:736)&#xD;
	at PartyOnboardingEnterprise.run(PartyOnboardingEnterprise:61)&#xD;
	at com.kms.katalon.core.main.ScriptEngine.run(ScriptEngine.java:194)&#xD;
	at com.kms.katalon.core.main.ScriptEngine.runScriptAsRawText(ScriptEngine.java:119)&#xD;
	at com.kms.katalon.core.main.TestCaseExecutor.runScript(TestCaseExecutor.java:337)&#xD;
	at com.kms.katalon.core.main.TestCaseExecutor.doExecute(TestCaseExecutor.java:328)&#xD;
	at com.kms.katalon.core.main.TestCaseExecutor.processExecutionPhase(TestCaseExecutor.java:307)&#xD;
	at com.kms.katalon.core.main.TestCaseExecutor.accessMainPhase(TestCaseExecutor.java:299)&#xD;
	at com.kms.katalon.core.main.TestCaseExecutor.execute(TestCaseExecutor.java:233)&#xD;
	at com.kms.katalon.core.main.TestSuiteExecutor.accessTestCaseMainPhase(TestSuiteExecutor.java:133)&#xD;
	at com.kms.katalon.core.main.TestSuiteExecutor.accessTestSuiteMainPhase(TestSuiteExecutor.java:116)&#xD;
	at com.kms.katalon.core.main.TestSuiteExecutor.execute(TestSuiteExecutor.java:83)&#xD;
	at com.kms.katalon.core.main.TestCaseMain.startTestSuite(TestCaseMain.java:157)&#xD;
	at com.kms.katalon.core.main.TestCaseMain$startTestSuite$0.call(Unknown Source)&#xD;
	at TempTestSuite1566441935163.run(TempTestSuite1566441935163.groovy:35)&#xD;
)&#xD;
[[ATTACHMENT|C:\\ML\\JITS\\AYA\\Automation\\FBE\\FBE\\Reports\\DataPreparation\\PartyOnboardingPersonal\\20190822_091535\\1566442893386.png]]&#xD;
&#xD;
2019-08-22 09:31:33 - [MESSAGE][PASSED] - Object 'Object Repository/PartyOnboarding/Personal/PartyContacts/Valid From' is visible&#xD;
&#xD;
2019-08-22 09:31:33 - [MESSAGE][PASSED] - Text of object 'Object Repository/PartyOnboarding/Personal/PartyContacts/Valid From' is cleared&#xD;
&#xD;
2019-08-22 09:31:33 - [MESSAGE][PASSED] - Object 'Object Repository/PartyOnboarding/Personal/PartyContacts/Valid From' is visible&#xD;
&#xD;
2019-08-22 09:31:34 - [MESSAGE][PASSED] - Keys '2018-12-20' sent to object: 'Object Repository/PartyOnboarding/Personal/PartyContacts/Valid From'&#xD;
&#xD;
2019-08-22 09:31:34 - [MESSAGE][PASSED] - Object 'Object Repository/PartyOnboarding/Personal/PartyContacts/Save Row' is visible&#xD;
&#xD;
2019-08-22 09:31:34 - [MESSAGE][PASSED] - Execute JavaScript 'arguments[0].click();' successfully&#xD;
&#xD;
2019-08-22 09:31:34 - [MESSAGE][PASSED] - Object 'Object Repository/PartyOnboarding/Personal/PartyContacts/New Row' is visible&#xD;
&#xD;
2019-08-22 09:31:34 - [MESSAGE][PASSED] - Execute JavaScript 'arguments[0].click();' successfully&#xD;
&#xD;
2019-08-22 09:31:35 - [MESSAGE][PASSED] - Delayed 1 second(s)&#xD;
&#xD;
2019-08-22 09:31:35 - [MESSAGE][PASSED] - Object 'Object Repository/PartyOnboarding/Personal/PartyContacts/Contact Method' is visible&#xD;
&#xD;
2019-08-22 09:31:35 - [MESSAGE][PASSED] - Keys 'TAB + Mobile' sent to object: 'Object Repository/PartyOnboarding/Personal/PartyContacts/Contact Method'&#xD;
&#xD;
2019-08-22 09:31:36 - [MESSAGE][PASSED] - Delayed 1 second(s)&#xD;
&#xD;
2019-08-22 09:31:36 - [MESSAGE][PASSED] - Object 'Object Repository/PartyOnboarding/Personal/PartyContacts/Contact Type  Location' is visible&#xD;
&#xD;
2019-08-22 09:31:36 - [MESSAGE][PASSED] - Keys 'TAB + Work' sent to object: 'Object Repository/PartyOnboarding/Personal/PartyContacts/Contact Type  Location'&#xD;
&#xD;
2019-08-22 09:31:36 - [MESSAGE][PASSED] - Object 'Object Repository/PartyOnboarding/Personal/PartyContacts/Contact Email' is visible&#xD;
&#xD;
2019-08-22 09:31:36 - [MESSAGE][PASSED] - Object 'Object Repository/PartyOnboarding/Personal/PartyContacts/Contact Email' has attribute 'readonly'&#xD;
&#xD;
2019-08-22 09:31:36 - [MESSAGE][PASSED] - Object 'Object Repository/PartyOnboarding/Personal/PartyContacts/Contact Number_03_Code' is visible&#xD;
&#xD;
2019-08-22 09:31:36 - [MESSAGE][PASSED] - Text of object 'Object Repository/PartyOnboarding/Personal/PartyContacts/Contact Number_03_Code' is cleared&#xD;
&#xD;
2019-08-22 09:31:37 - [MESSAGE][PASSED] - Object 'Object Repository/PartyOnboarding/Personal/PartyContacts/Contact Number_03_Code' is visible&#xD;
&#xD;
2019-08-22 09:31:37 - [MESSAGE][PASSED] - Keys '+1' sent to object: 'Object Repository/PartyOnboarding/Personal/PartyContacts/Contact Number_03_Code'&#xD;
&#xD;
2019-08-22 09:31:37 - [MESSAGE][PASSED] - Object 'Object Repository/PartyOnboarding/Personal/PartyContacts/Contact Number_AreaCode' is visible&#xD;
&#xD;
2019-08-22 09:31:37 - [MESSAGE][PASSED] - Keys '' sent to object: 'Object Repository/PartyOnboarding/Personal/PartyContacts/Contact Number_AreaCode'&#xD;
&#xD;
2019-08-22 09:31:37 - [MESSAGE][PASSED] - Object 'Object Repository/PartyOnboarding/Personal/PartyContacts/Contact Number_Number' is visible&#xD;
&#xD;
2019-08-22 09:31:37 - [MESSAGE][PASSED] - Keys '9697989901' sent to object: 'Object Repository/PartyOnboarding/Personal/PartyContacts/Contact Number_Number'&#xD;
&#xD;
2019-08-22 09:31:37 - [MESSAGE][PASSED] - Object 'Object Repository/PartyOnboarding/Personal/PartyContacts/Contact Number_03_Code' is visible&#xD;
&#xD;
2019-08-22 09:31:37 - [MESSAGE][WARNING] - Object 'Object Repository/PartyOnboarding/Personal/PartyContacts/Contact Number_03_Code' does not have attribute 'readonly' (Root cause: com.kms.katalon.core.exception.StepFailedException: Object 'Object Repository/PartyOnboarding/Personal/PartyContacts/Contact Number_03_Code' does not have attribute 'readonly'&#xD;
	at com.kms.katalon.core.webui.keyword.internal.WebUIKeywordMain.stepFailed(WebUIKeywordMain.groovy:64)&#xD;
	at com.kms.katalon.core.webui.keyword.builtin.VerifyElementHasAttributeKeyword$_verifyElementHasAttribute_closure1.doCall(VerifyElementHasAttributeKeyword.groovy:89)&#xD;
	at com.kms.katalon.core.webui.keyword.builtin.VerifyElementHasAttributeKeyword$_verifyElementHasAttribute_closure1.call(VerifyElementHasAttributeKeyword.groovy)&#xD;
	at com.kms.katalon.core.webui.keyword.internal.WebUIKeywordMain.runKeyword(WebUIKeywordMain.groovy:20)&#xD;
	at com.kms.katalon.core.webui.keyword.builtin.VerifyElementHasAttributeKeyword.verifyElementHasAttribute(VerifyElementHasAttributeKeyword.groovy:100)&#xD;
	at com.kms.katalon.core.webui.keyword.builtin.VerifyElementHasAttributeKeyword.execute(VerifyElementHasAttributeKeyword.groovy:69)&#xD;
	at com.kms.katalon.core.keyword.internal.KeywordExecutor.executeKeywordForPlatform(KeywordExecutor.groovy:56)&#xD;
	at com.kms.katalon.core.webui.keyword.WebUiBuiltInKeywords.verifyElementHasAttribute(WebUiBuiltInKeywords.groovy:3166)&#xD;
	at com.kms.katalon.core.webui.keyword.WebUiBuiltInKeywords$verifyElementHasAttribute$11.call(Unknown Source)&#xD;
	at pageObjects.PartyOnboarding.inputDataForPartyContacts(PartyOnboarding.groovy:736)&#xD;
	at PartyOnboardingEnterprise.run(PartyOnboardingEnterprise:61)&#xD;
	at com.kms.katalon.core.main.ScriptEngine.run(ScriptEngine.java:194)&#xD;
	at com.kms.katalon.core.main.ScriptEngine.runScriptAsRawText(ScriptEngine.java:119)&#xD;
	at com.kms.katalon.core.main.TestCaseExecutor.runScript(TestCaseExecutor.java:337)&#xD;
	at com.kms.katalon.core.main.TestCaseExecutor.doExecute(TestCaseExecutor.java:328)&#xD;
	at com.kms.katalon.core.main.TestCaseExecutor.processExecutionPhase(TestCaseExecutor.java:307)&#xD;
	at com.kms.katalon.core.main.TestCaseExecutor.accessMainPhase(TestCaseExecutor.java:299)&#xD;
	at com.kms.katalon.core.main.TestCaseExecutor.execute(TestCaseExecutor.java:233)&#xD;
	at com.kms.katalon.core.main.TestSuiteExecutor.accessTestCaseMainPhase(TestSuiteExecutor.java:133)&#xD;
	at com.kms.katalon.core.main.TestSuiteExecutor.accessTestSuiteMainPhase(TestSuiteExecutor.java:116)&#xD;
	at com.kms.katalon.core.main.TestSuiteExecutor.execute(TestSuiteExecutor.java:83)&#xD;
	at com.kms.katalon.core.main.TestCaseMain.startTestSuite(TestCaseMain.java:157)&#xD;
	at com.kms.katalon.core.main.TestCaseMain$startTestSuite$0.call(Unknown Source)&#xD;
	at TempTestSuite1566441935163.run(TempTestSuite1566441935163.groovy:35)&#xD;
)&#xD;
[[ATTACHMENT|C:\\ML\\JITS\\AYA\\Automation\\FBE\\FBE\\Reports\\DataPreparation\\PartyOnboardingPersonal\\20190822_091535\\1566442897594.png]]&#xD;
&#xD;
2019-08-22 09:31:37 - [MESSAGE][PASSED] - Object 'Object Repository/PartyOnboarding/Personal/PartyContacts/Valid From' is visible&#xD;
&#xD;
2019-08-22 09:31:37 - [MESSAGE][PASSED] - Text of object 'Object Repository/PartyOnboarding/Personal/PartyContacts/Valid From' is cleared&#xD;
&#xD;
2019-08-22 09:31:38 - [MESSAGE][PASSED] - Object 'Object Repository/PartyOnboarding/Personal/PartyContacts/Valid From' is visible&#xD;
&#xD;
2019-08-22 09:31:38 - [MESSAGE][PASSED] - Keys '2018-01-24' sent to object: 'Object Repository/PartyOnboarding/Personal/PartyContacts/Valid From'&#xD;
&#xD;
2019-08-22 09:31:38 - [MESSAGE][PASSED] - Object 'Object Repository/PartyOnboarding/Personal/PartyContacts/Save Row' is visible&#xD;
&#xD;
2019-08-22 09:31:38 - [MESSAGE][PASSED] - Execute JavaScript 'arguments[0].click();' successfully&#xD;
&#xD;
2019-08-22 09:31:38 - [MESSAGE][PASSED] - Object 'Object Repository/PartyOnboarding/Personal/PartyContacts/New Row' is visible&#xD;
&#xD;
2019-08-22 09:31:38 - [MESSAGE][PASSED] - Execute JavaScript 'arguments[0].click();' successfully&#xD;
&#xD;
2019-08-22 09:31:39 - [MESSAGE][PASSED] - Delayed 1 second(s)&#xD;
&#xD;
2019-08-22 09:31:39 - [MESSAGE][PASSED] - Object 'Object Repository/PartyOnboarding/Personal/PartyContacts/Contact Method' is visible&#xD;
&#xD;
2019-08-22 09:31:39 - [MESSAGE][PASSED] - Keys 'TAB + Email' sent to object: 'Object Repository/PartyOnboarding/Personal/PartyContacts/Contact Method'&#xD;
&#xD;
2019-08-22 09:31:40 - [MESSAGE][PASSED] - Delayed 1 second(s)&#xD;
&#xD;
2019-08-22 09:31:40 - [MESSAGE][PASSED] - Object 'Object Repository/PartyOnboarding/Personal/PartyContacts/Contact Type  Location' is visible&#xD;
&#xD;
2019-08-22 09:31:41 - [MESSAGE][PASSED] - Keys 'TAB + Personal' sent to object: 'Object Repository/PartyOnboarding/Personal/PartyContacts/Contact Type  Location'&#xD;
&#xD;
2019-08-22 09:31:41 - [MESSAGE][PASSED] - Object 'Object Repository/PartyOnboarding/Personal/PartyContacts/Contact Email' is visible&#xD;
&#xD;
2019-08-22 09:31:41 - [MESSAGE][WARNING] - Object 'Object Repository/PartyOnboarding/Personal/PartyContacts/Contact Email' does not have attribute 'readonly' (Root cause: com.kms.katalon.core.exception.StepFailedException: Object 'Object Repository/PartyOnboarding/Personal/PartyContacts/Contact Email' does not have attribute 'readonly'&#xD;
	at com.kms.katalon.core.webui.keyword.internal.WebUIKeywordMain.stepFailed(WebUIKeywordMain.groovy:64)&#xD;
	at com.kms.katalon.core.webui.keyword.builtin.VerifyElementHasAttributeKeyword$_verifyElementHasAttribute_closure1.doCall(VerifyElementHasAttributeKeyword.groovy:89)&#xD;
	at com.kms.katalon.core.webui.keyword.builtin.VerifyElementHasAttributeKeyword$_verifyElementHasAttribute_closure1.call(VerifyElementHasAttributeKeyword.groovy)&#xD;
	at com.kms.katalon.core.webui.keyword.internal.WebUIKeywordMain.runKeyword(WebUIKeywordMain.groovy:20)&#xD;
	at com.kms.katalon.core.webui.keyword.builtin.VerifyElementHasAttributeKeyword.verifyElementHasAttribute(VerifyElementHasAttributeKeyword.groovy:100)&#xD;
	at com.kms.katalon.core.webui.keyword.builtin.VerifyElementHasAttributeKeyword.execute(VerifyElementHasAttributeKeyword.groovy:69)&#xD;
	at com.kms.katalon.core.keyword.internal.KeywordExecutor.executeKeywordForPlatform(KeywordExecutor.groovy:56)&#xD;
	at com.kms.katalon.core.webui.keyword.WebUiBuiltInKeywords.verifyElementHasAttribute(WebUiBuiltInKeywords.groovy:3166)&#xD;
	at com.kms.katalon.core.webui.keyword.WebUiBuiltInKeywords$verifyElementHasAttribute$11.call(Unknown Source)&#xD;
	at pageObjects.PartyOnboarding.inputDataForPartyContacts(PartyOnboarding.groovy:721)&#xD;
	at PartyOnboardingEnterprise.run(PartyOnboardingEnterprise:61)&#xD;
	at com.kms.katalon.core.main.ScriptEngine.run(ScriptEngine.java:194)&#xD;
	at com.kms.katalon.core.main.ScriptEngine.runScriptAsRawText(ScriptEngine.java:119)&#xD;
	at com.kms.katalon.core.main.TestCaseExecutor.runScript(TestCaseExecutor.java:337)&#xD;
	at com.kms.katalon.core.main.TestCaseExecutor.doExecute(TestCaseExecutor.java:328)&#xD;
	at com.kms.katalon.core.main.TestCaseExecutor.processExecutionPhase(TestCaseExecutor.java:307)&#xD;
	at com.kms.katalon.core.main.TestCaseExecutor.accessMainPhase(TestCaseExecutor.java:299)&#xD;
	at com.kms.katalon.core.main.TestCaseExecutor.execute(TestCaseExecutor.java:233)&#xD;
	at com.kms.katalon.core.main.TestSuiteExecutor.accessTestCaseMainPhase(TestSuiteExecutor.java:133)&#xD;
	at com.kms.katalon.core.main.TestSuiteExecutor.accessTestSuiteMainPhase(TestSuiteExecutor.java:116)&#xD;
	at com.kms.katalon.core.main.TestSuiteExecutor.execute(TestSuiteExecutor.java:83)&#xD;
	at com.kms.katalon.core.main.TestCaseMain.startTestSuite(TestCaseMain.java:157)&#xD;
	at com.kms.katalon.core.main.TestCaseMain$startTestSuite$0.call(Unknown Source)&#xD;
	at TempTestSuite1566441935163.run(TempTestSuite1566441935163.groovy:35)&#xD;
)&#xD;
[[ATTACHMENT|C:\\ML\\JITS\\AYA\\Automation\\FBE\\FBE\\Reports\\DataPreparation\\PartyOnboardingPersonal\\20190822_091535\\1566442901165.png]]&#xD;
&#xD;
2019-08-22 09:31:41 - [MESSAGE][PASSED] - Object 'Object Repository/PartyOnboarding/Personal/PartyContacts/Contact Number_03_Code' is visible&#xD;
&#xD;
2019-08-22 09:31:41 - [MESSAGE][PASSED] - Object 'Object Repository/PartyOnboarding/Personal/PartyContacts/Contact Number_03_Code' has attribute 'readonly'&#xD;
&#xD;
2019-08-22 09:31:41 - [MESSAGE][PASSED] - Object 'Object Repository/PartyOnboarding/Personal/PartyContacts/Contact Email' is visible&#xD;
&#xD;
2019-08-22 09:31:42 - [MESSAGE][PASSED] - Keys 'nguyenthimyle@gmail.com' sent to object: 'Object Repository/PartyOnboarding/Personal/PartyContacts/Contact Email'&#xD;
&#xD;
2019-08-22 09:31:42 - [MESSAGE][PASSED] - Object 'Object Repository/PartyOnboarding/Personal/PartyContacts/Confirm Email' is visible&#xD;
&#xD;
2019-08-22 09:31:43 - [MESSAGE][PASSED] - Keys 'nguyenthimyle@gmail.com' sent to object: 'Object Repository/PartyOnboarding/Personal/PartyContacts/Confirm Email'&#xD;
&#xD;
2019-08-22 09:31:43 - [MESSAGE][PASSED] - Object 'Object Repository/PartyOnboarding/Personal/PartyContacts/Valid From' is visible&#xD;
&#xD;
2019-08-22 09:31:43 - [MESSAGE][PASSED] - Text of object 'Object Repository/PartyOnboarding/Personal/PartyContacts/Valid From' is cleared&#xD;
&#xD;
2019-08-22 09:31:43 - [MESSAGE][PASSED] - Object 'Object Repository/PartyOnboarding/Personal/PartyContacts/Valid From' is visible&#xD;
&#xD;
2019-08-22 09:31:43 - [MESSAGE][PASSED] - Keys '2017-01-24' sent to object: 'Object Repository/PartyOnboarding/Personal/PartyContacts/Valid From'&#xD;
&#xD;
2019-08-22 09:31:43 - [MESSAGE][PASSED] - Object 'Object Repository/PartyOnboarding/Personal/PartyContacts/Save Row' is visible&#xD;
&#xD;
2019-08-22 09:31:43 - [MESSAGE][PASSED] - Execute JavaScript 'arguments[0].click();' successfully&#xD;
&#xD;
2019-08-22 09:31:43 - [TEST_STEP][PASSED] - partyOnboardingEnterprise.clickNextbutton(): Object: 'Object Repository/PartyOnboarding/btn_Next' is clicked on&#xD;
&#xD;
2019-08-22 09:31:43 - [MESSAGE][PASSED] - Object 'Object Repository/PartyOnboarding/btn_Next' is visible&#xD;
&#xD;
2019-08-22 09:31:43 - [MESSAGE][PASSED] - Object: 'Object Repository/PartyOnboarding/btn_Next' is clicked on&#xD;
&#xD;
2019-08-22 09:31:43 - [TEST_STEP][PASSED] - partyOnboardingEnterprise.inputDataForPartyRequiredDocuments(s06_documentCategory, s06_kycExpired, s06_documentType, s06_validFrom, s06_validTo, s06_referenceNumber, s06_issuingAuthority, s06_issuingCountry, s06_documentVerified, s06_image, s06_documentCollectionStatus): Keys 'Documents collected and validated centrally' sent to object: 'Object Repository/PartyOnboarding/Personal/PartyRequiredDocument/ddl_DocumentsCollectionStatus'&#xD;
&#xD;
2019-08-22 09:31:44 - [MESSAGE][PASSED] - Delayed 1 second(s)&#xD;
&#xD;
2019-08-22 09:31:44 - [MESSAGE][PASSED] - Object 'Object Repository/PartyOnboarding/Personal/PartyRequiredDocument/New Row' is visible&#xD;
&#xD;
2019-08-22 09:31:44 - [MESSAGE][PASSED] - Execute JavaScript 'arguments[0].click();' successfully&#xD;
&#xD;
2019-08-22 09:31:45 - [MESSAGE][PASSED] - Object 'Object Repository/PartyOnboarding/Personal/PartyRequiredDocument/DocumentCategory' is visible&#xD;
&#xD;
2019-08-22 09:31:46 - [MESSAGE][PASSED] - Keys 'TAB + PT-AUTHORIZED MYCO USER' sent to object: 'Object Repository/PartyOnboarding/Personal/PartyRequiredDocument/DocumentCategory'&#xD;
&#xD;
2019-08-22 09:31:47 - [MESSAGE][PASSED] - Delayed 1 second(s)&#xD;
&#xD;
2019-08-22 09:31:47 - [MESSAGE][PASSED] - Object 'Object Repository/PartyOnboarding/Personal/PartyRequiredDocument/Document Type' is visible&#xD;
&#xD;
2019-08-22 09:31:48 - [MESSAGE][PASSED] - Keys 'TAB + AUTHORIZED MYCO USER' sent to object: 'Object Repository/PartyOnboarding/Personal/PartyRequiredDocument/Document Type'&#xD;
&#xD;
2019-08-22 09:31:49 - [MESSAGE][PASSED] - Delayed 1 second(s)&#xD;
&#xD;
2019-08-22 09:31:49 - [MESSAGE][PASSED] - Object 'Object Repository/PartyOnboarding/Personal/PartyRequiredDocument/Issuing Country' is visible&#xD;
&#xD;
2019-08-22 09:31:49 - [MESSAGE][PASSED] - Keys 'Myanmar' sent to object: 'Object Repository/PartyOnboarding/Personal/PartyRequiredDocument/Issuing Country'&#xD;
&#xD;
2019-08-22 09:31:50 - [MESSAGE][PASSED] - Delayed 1 second(s)&#xD;
&#xD;
2019-08-22 09:31:50 - [MESSAGE][PASSED] - Object 'Object Repository/PartyOnboarding/Personal/PartyRequiredDocument/Document Verified' is visible&#xD;
&#xD;
2019-08-22 09:31:50 - [MESSAGE][PASSED] - Keys 'TAB + TRUE' sent to object: 'Object Repository/PartyOnboarding/Personal/PartyRequiredDocument/Document Verified'&#xD;
&#xD;
2019-08-22 09:31:50 - [MESSAGE][PASSED] - Object 'Object Repository/PartyOnboarding/Personal/PartyRequiredDocument/Save Row' is visible&#xD;
&#xD;
2019-08-22 09:31:50 - [MESSAGE][PASSED] - Execute JavaScript 'arguments[0].click();' successfully&#xD;
&#xD;
2019-08-22 09:31:50 - [MESSAGE][PASSED] - Object 'Object Repository/PartyOnboarding/Personal/PartyRequiredDocument/New Row' is visible&#xD;
&#xD;
2019-08-22 09:31:50 - [MESSAGE][PASSED] - Execute JavaScript 'arguments[0].click();' successfully&#xD;
&#xD;
2019-08-22 09:31:51 - [MESSAGE][PASSED] - Object 'Object Repository/PartyOnboarding/Personal/PartyRequiredDocument/DocumentCategory' is visible&#xD;
&#xD;
2019-08-22 09:31:52 - [MESSAGE][PASSED] - Keys 'TAB + PT-BOARD OF DIRECTORS RESOLUTION' sent to object: 'Object Repository/PartyOnboarding/Personal/PartyRequiredDocument/DocumentCategory'&#xD;
&#xD;
2019-08-22 09:31:53 - [MESSAGE][PASSED] - Delayed 1 second(s)&#xD;
&#xD;
2019-08-22 09:31:53 - [MESSAGE][PASSED] - Object 'Object Repository/PartyOnboarding/Personal/PartyRequiredDocument/Document Type' is visible&#xD;
&#xD;
2019-08-22 09:31:54 - [MESSAGE][PASSED] - Keys 'TAB + BOARD OF DIRECTORS RESOLUTION' sent to object: 'Object Repository/PartyOnboarding/Personal/PartyRequiredDocument/Document Type'&#xD;
&#xD;
2019-08-22 09:31:55 - [MESSAGE][PASSED] - Delayed 1 second(s)&#xD;
&#xD;
2019-08-22 09:31:55 - [MESSAGE][PASSED] - Object 'Object Repository/PartyOnboarding/Personal/PartyRequiredDocument/Issuing Country' is visible&#xD;
&#xD;
2019-08-22 09:31:56 - [MESSAGE][PASSED] - Keys 'Myanmar' sent to object: 'Object Repository/PartyOnboarding/Personal/PartyRequiredDocument/Issuing Country'&#xD;
&#xD;
2019-08-22 09:31:57 - [MESSAGE][PASSED] - Delayed 1 second(s)&#xD;
&#xD;
2019-08-22 09:31:57 - [MESSAGE][PASSED] - Object 'Object Repository/PartyOnboarding/Personal/PartyRequiredDocument/Document Verified' is visible&#xD;
&#xD;
2019-08-22 09:31:57 - [MESSAGE][PASSED] - Keys 'TAB + TRUE' sent to object: 'Object Repository/PartyOnboarding/Personal/PartyRequiredDocument/Document Verified'&#xD;
&#xD;
2019-08-22 09:31:57 - [MESSAGE][PASSED] - Object 'Object Repository/PartyOnboarding/Personal/PartyRequiredDocument/Save Row' is visible&#xD;
&#xD;
2019-08-22 09:31:57 - [MESSAGE][PASSED] - Execute JavaScript 'arguments[0].click();' successfully&#xD;
&#xD;
2019-08-22 09:31:57 - [MESSAGE][PASSED] - Object 'Object Repository/PartyOnboarding/Personal/PartyRequiredDocument/New Row' is visible&#xD;
&#xD;
2019-08-22 09:31:57 - [MESSAGE][PASSED] - Execute JavaScript 'arguments[0].click();' successfully&#xD;
&#xD;
2019-08-22 09:31:57 - [MESSAGE][PASSED] - Object 'Object Repository/PartyOnboarding/Personal/PartyRequiredDocument/DocumentCategory' is visible&#xD;
&#xD;
2019-08-22 09:31:59 - [MESSAGE][PASSED] - Keys 'TAB + PT-CERTIFICATE OF INCORPORATION' sent to object: 'Object Repository/PartyOnboarding/Personal/PartyRequiredDocument/DocumentCategory'&#xD;
&#xD;
2019-08-22 09:32:00 - [MESSAGE][PASSED] - Delayed 1 second(s)&#xD;
&#xD;
2019-08-22 09:32:00 - [MESSAGE][PASSED] - Object 'Object Repository/PartyOnboarding/Personal/PartyRequiredDocument/Document Type' is visible&#xD;
&#xD;
2019-08-22 09:32:01 - [MESSAGE][PASSED] - Keys 'TAB + CERTIFICATE OF INCORPORATION' sent to object: 'Object Repository/PartyOnboarding/Personal/PartyRequiredDocument/Document Type'&#xD;
&#xD;
2019-08-22 09:32:02 - [MESSAGE][PASSED] - Delayed 1 second(s)&#xD;
&#xD;
2019-08-22 09:32:02 - [MESSAGE][PASSED] - Object 'Object Repository/PartyOnboarding/Personal/PartyRequiredDocument/Issuing Country' is visible&#xD;
&#xD;
2019-08-22 09:32:02 - [MESSAGE][PASSED] - Keys 'Myanmar' sent to object: 'Object Repository/PartyOnboarding/Personal/PartyRequiredDocument/Issuing Country'&#xD;
&#xD;
2019-08-22 09:32:03 - [MESSAGE][PASSED] - Delayed 1 second(s)&#xD;
&#xD;
2019-08-22 09:32:03 - [MESSAGE][PASSED] - Object 'Object Repository/PartyOnboarding/Personal/PartyRequiredDocument/Document Verified' is visible&#xD;
&#xD;
2019-08-22 09:32:04 - [MESSAGE][PASSED] - Keys 'TAB + TRUE' sent to object: 'Object Repository/PartyOnboarding/Personal/PartyRequiredDocument/Document Verified'&#xD;
&#xD;
2019-08-22 09:32:04 - [MESSAGE][PASSED] - Object 'Object Repository/PartyOnboarding/Personal/PartyRequiredDocument/Save Row' is visible&#xD;
&#xD;
2019-08-22 09:32:04 - [MESSAGE][PASSED] - Execute JavaScript 'arguments[0].click();' successfully&#xD;
&#xD;
2019-08-22 09:32:04 - [MESSAGE][PASSED] - Object 'Object Repository/PartyOnboarding/Personal/PartyRequiredDocument/New Row' is visible&#xD;
&#xD;
2019-08-22 09:32:04 - [MESSAGE][PASSED] - Execute JavaScript 'arguments[0].click();' successfully&#xD;
&#xD;
2019-08-22 09:32:04 - [MESSAGE][PASSED] - Object 'Object Repository/PartyOnboarding/Personal/PartyRequiredDocument/DocumentCategory' is visible&#xD;
&#xD;
2019-08-22 09:32:05 - [MESSAGE][PASSED] - Keys 'TAB + PT-FILING HISTORY' sent to object: 'Object Repository/PartyOnboarding/Personal/PartyRequiredDocument/DocumentCategory'&#xD;
&#xD;
2019-08-22 09:32:06 - [MESSAGE][PASSED] - Delayed 1 second(s)&#xD;
&#xD;
2019-08-22 09:32:06 - [MESSAGE][PASSED] - Object 'Object Repository/PartyOnboarding/Personal/PartyRequiredDocument/Document Type' is visible&#xD;
&#xD;
2019-08-22 09:32:06 - [MESSAGE][PASSED] - Keys 'TAB + FILING HISTORY' sent to object: 'Object Repository/PartyOnboarding/Personal/PartyRequiredDocument/Document Type'&#xD;
&#xD;
2019-08-22 09:32:07 - [MESSAGE][PASSED] - Delayed 1 second(s)&#xD;
&#xD;
2019-08-22 09:32:08 - [MESSAGE][PASSED] - Object 'Object Repository/PartyOnboarding/Personal/PartyRequiredDocument/Issuing Country' is visible&#xD;
&#xD;
2019-08-22 09:32:08 - [MESSAGE][PASSED] - Keys 'Myanmar' sent to object: 'Object Repository/PartyOnboarding/Personal/PartyRequiredDocument/Issuing Country'&#xD;
&#xD;
2019-08-22 09:32:09 - [MESSAGE][PASSED] - Delayed 1 second(s)&#xD;
&#xD;
2019-08-22 09:32:09 - [MESSAGE][PASSED] - Object 'Object Repository/PartyOnboarding/Personal/PartyRequiredDocument/Document Verified' is visible&#xD;
&#xD;
2019-08-22 09:32:09 - [MESSAGE][PASSED] - Keys 'TAB + TRUE' sent to object: 'Object Repository/PartyOnboarding/Personal/PartyRequiredDocument/Document Verified'&#xD;
&#xD;
2019-08-22 09:32:09 - [MESSAGE][PASSED] - Object 'Object Repository/PartyOnboarding/Personal/PartyRequiredDocument/Save Row' is visible&#xD;
&#xD;
2019-08-22 09:32:09 - [MESSAGE][PASSED] - Execute JavaScript 'arguments[0].click();' successfully&#xD;
&#xD;
2019-08-22 09:32:09 - [MESSAGE][PASSED] - Object 'Object Repository/PartyOnboarding/Personal/PartyRequiredDocument/New Row' is visible&#xD;
&#xD;
2019-08-22 09:32:09 - [MESSAGE][PASSED] - Execute JavaScript 'arguments[0].click();' successfully&#xD;
&#xD;
2019-08-22 09:32:09 - [MESSAGE][PASSED] - Object 'Object Repository/PartyOnboarding/Personal/PartyRequiredDocument/DocumentCategory' is visible&#xD;
&#xD;
2019-08-22 09:32:11 - [MESSAGE][PASSED] - Keys 'TAB + PT-FORM QA 22(FOREIGNER)' sent to object: 'Object Repository/PartyOnboarding/Personal/PartyRequiredDocument/DocumentCategory'&#xD;
&#xD;
2019-08-22 09:32:12 - [MESSAGE][PASSED] - Delayed 1 second(s)&#xD;
&#xD;
2019-08-22 09:32:12 - [MESSAGE][PASSED] - Object 'Object Repository/PartyOnboarding/Personal/PartyRequiredDocument/Document Type' is visible&#xD;
&#xD;
2019-08-22 09:32:13 - [MESSAGE][PASSED] - Keys 'TAB + FORM QA 22(FOREIGNER)' sent to object: 'Object Repository/PartyOnboarding/Personal/PartyRequiredDocument/Document Type'&#xD;
&#xD;
2019-08-22 09:32:14 - [MESSAGE][PASSED] - Delayed 1 second(s)&#xD;
&#xD;
2019-08-22 09:32:14 - [MESSAGE][PASSED] - Object 'Object Repository/PartyOnboarding/Personal/PartyRequiredDocument/Issuing Country' is visible&#xD;
&#xD;
2019-08-22 09:32:14 - [MESSAGE][PASSED] - Keys 'Myanmar' sent to object: 'Object Repository/PartyOnboarding/Personal/PartyRequiredDocument/Issuing Country'&#xD;
&#xD;
2019-08-22 09:32:15 - [MESSAGE][PASSED] - Delayed 1 second(s)&#xD;
&#xD;
2019-08-22 09:32:15 - [MESSAGE][PASSED] - Object 'Object Repository/PartyOnboarding/Personal/PartyRequiredDocument/Document Verified' is visible&#xD;
&#xD;
2019-08-22 09:32:15 - [MESSAGE][PASSED] - Keys 'TAB + TRUE' sent to object: 'Object Repository/PartyOnboarding/Personal/PartyRequiredDocument/Document Verified'&#xD;
&#xD;
2019-08-22 09:32:15 - [MESSAGE][PASSED] - Object 'Object Repository/PartyOnboarding/Personal/PartyRequiredDocument/Save Row' is visible&#xD;
&#xD;
2019-08-22 09:32:16 - [MESSAGE][PASSED] - Execute JavaScript 'arguments[0].click();' successfully&#xD;
&#xD;
2019-08-22 09:32:16 - [MESSAGE][PASSED] - Object 'Object Repository/PartyOnboarding/Personal/PartyRequiredDocument/New Row' is visible&#xD;
&#xD;
2019-08-22 09:32:16 - [MESSAGE][PASSED] - Execute JavaScript 'arguments[0].click();' successfully&#xD;
&#xD;
2019-08-22 09:32:16 - [MESSAGE][PASSED] - Object 'Object Repository/PartyOnboarding/Personal/PartyRequiredDocument/DocumentCategory' is visible&#xD;
&#xD;
2019-08-22 09:32:17 - [MESSAGE][PASSED] - Keys 'TAB + PT-LIST OF DIRECTORS AND MEMBER DETAILS' sent to object: 'Object Repository/PartyOnboarding/Personal/PartyRequiredDocument/DocumentCategory'&#xD;
&#xD;
2019-08-22 09:32:18 - [MESSAGE][PASSED] - Delayed 1 second(s)&#xD;
&#xD;
2019-08-22 09:32:18 - [MESSAGE][PASSED] - Object 'Object Repository/PartyOnboarding/Personal/PartyRequiredDocument/Document Type' is visible&#xD;
&#xD;
2019-08-22 09:32:20 - [MESSAGE][PASSED] - Keys 'TAB + LIST OF DIRECTORS AND MEMBER DETAILS' sent to object: 'Object Repository/PartyOnboarding/Personal/PartyRequiredDocument/Document Type'&#xD;
&#xD;
2019-08-22 09:32:21 - [MESSAGE][PASSED] - Delayed 1 second(s)&#xD;
&#xD;
2019-08-22 09:32:21 - [MESSAGE][PASSED] - Object 'Object Repository/PartyOnboarding/Personal/PartyRequiredDocument/Issuing Country' is visible&#xD;
&#xD;
2019-08-22 09:32:21 - [MESSAGE][PASSED] - Keys 'Myanmar' sent to object: 'Object Repository/PartyOnboarding/Personal/PartyRequiredDocument/Issuing Country'&#xD;
&#xD;
2019-08-22 09:32:22 - [MESSAGE][PASSED] - Delayed 1 second(s)&#xD;
&#xD;
2019-08-22 09:32:22 - [MESSAGE][PASSED] - Object 'Object Repository/PartyOnboarding/Personal/PartyRequiredDocument/Document Verified' is visible&#xD;
&#xD;
2019-08-22 09:32:23 - [MESSAGE][PASSED] - Keys 'TAB + TRUE' sent to object: 'Object Repository/PartyOnboarding/Personal/PartyRequiredDocument/Document Verified'&#xD;
&#xD;
2019-08-22 09:32:23 - [MESSAGE][PASSED] - Object 'Object Repository/PartyOnboarding/Personal/PartyRequiredDocument/Save Row' is visible&#xD;
&#xD;
2019-08-22 09:32:23 - [MESSAGE][PASSED] - Execute JavaScript 'arguments[0].click();' successfully&#xD;
&#xD;
2019-08-22 09:32:23 - [MESSAGE][PASSED] - Object 'Object Repository/PartyOnboarding/Personal/PartyRequiredDocument/New Row' is visible&#xD;
&#xD;
2019-08-22 09:32:23 - [MESSAGE][PASSED] - Execute JavaScript 'arguments[0].click();' successfully&#xD;
&#xD;
2019-08-22 09:32:23 - [MESSAGE][PASSED] - Object 'Object Repository/PartyOnboarding/Personal/PartyRequiredDocument/DocumentCategory' is visible&#xD;
&#xD;
2019-08-22 09:32:25 - [MESSAGE][PASSED] - Keys 'TAB + PT-LIST OF SHAREHOLDERS AND MEMBER DETAILS' sent to object: 'Object Repository/PartyOnboarding/Personal/PartyRequiredDocument/DocumentCategory'&#xD;
&#xD;
2019-08-22 09:32:26 - [MESSAGE][PASSED] - Delayed 1 second(s)&#xD;
&#xD;
2019-08-22 09:32:26 - [MESSAGE][PASSED] - Object 'Object Repository/PartyOnboarding/Personal/PartyRequiredDocument/Document Type' is visible&#xD;
&#xD;
2019-08-22 09:32:28 - [MESSAGE][PASSED] - Keys 'TAB + LIST OF SHAREHOLDERS AND MEMBER DETAILS' sent to object: 'Object Repository/PartyOnboarding/Personal/PartyRequiredDocument/Document Type'&#xD;
&#xD;
2019-08-22 09:32:29 - [MESSAGE][PASSED] - Delayed 1 second(s)&#xD;
&#xD;
2019-08-22 09:32:29 - [MESSAGE][PASSED] - Object 'Object Repository/PartyOnboarding/Personal/PartyRequiredDocument/Issuing Country' is visible&#xD;
&#xD;
2019-08-22 09:32:29 - [MESSAGE][PASSED] - Keys 'Myanmar' sent to object: 'Object Repository/PartyOnboarding/Personal/PartyRequiredDocument/Issuing Country'&#xD;
&#xD;
2019-08-22 09:32:30 - [MESSAGE][PASSED] - Delayed 1 second(s)&#xD;
&#xD;
2019-08-22 09:32:30 - [MESSAGE][PASSED] - Object 'Object Repository/PartyOnboarding/Personal/PartyRequiredDocument/Document Verified' is visible&#xD;
&#xD;
2019-08-22 09:32:30 - [MESSAGE][PASSED] - Keys 'TAB + TRUE' sent to object: 'Object Repository/PartyOnboarding/Personal/PartyRequiredDocument/Document Verified'&#xD;
&#xD;
2019-08-22 09:32:30 - [MESSAGE][PASSED] - Object 'Object Repository/PartyOnboarding/Personal/PartyRequiredDocument/Save Row' is visible&#xD;
&#xD;
2019-08-22 09:32:30 - [MESSAGE][PASSED] - Execute JavaScript 'arguments[0].click();' successfully&#xD;
&#xD;
2019-08-22 09:32:31 - [MESSAGE][PASSED] - Object 'Object Repository/PartyOnboarding/Personal/PartyRequiredDocument/New Row' is visible&#xD;
&#xD;
2019-08-22 09:32:31 - [MESSAGE][PASSED] - Execute JavaScript 'arguments[0].click();' successfully&#xD;
&#xD;
2019-08-22 09:32:31 - [MESSAGE][PASSED] - Object 'Object Repository/PartyOnboarding/Personal/PartyRequiredDocument/DocumentCategory' is visible&#xD;
&#xD;
2019-08-22 09:32:33 - [MESSAGE][PASSED] - Keys 'TAB + PT-NRC/PASSPORT COPY OF AUTHORIZED SIGNATORY' sent to object: 'Object Repository/PartyOnboarding/Personal/PartyRequiredDocument/DocumentCategory'&#xD;
&#xD;
2019-08-22 09:32:34 - [MESSAGE][PASSED] - Delayed 1 second(s)&#xD;
&#xD;
2019-08-22 09:32:34 - [MESSAGE][PASSED] - Object 'Object Repository/PartyOnboarding/Personal/PartyRequiredDocument/Document Type' is visible&#xD;
&#xD;
2019-08-22 09:32:36 - [MESSAGE][PASSED] - Keys 'TAB + NRC/PASSPORT COPY OF AUTHORIZED SIGNATORY' sent to object: 'Object Repository/PartyOnboarding/Personal/PartyRequiredDocument/Document Type'&#xD;
&#xD;
2019-08-22 09:32:37 - [MESSAGE][PASSED] - Delayed 1 second(s)&#xD;
&#xD;
2019-08-22 09:32:37 - [MESSAGE][PASSED] - Object 'Object Repository/PartyOnboarding/Personal/PartyRequiredDocument/Issuing Country' is visible&#xD;
&#xD;
2019-08-22 09:32:37 - [MESSAGE][PASSED] - Keys 'Myanmar' sent to object: 'Object Repository/PartyOnboarding/Personal/PartyRequiredDocument/Issuing Country'&#xD;
&#xD;
2019-08-22 09:32:38 - [MESSAGE][PASSED] - Delayed 1 second(s)&#xD;
&#xD;
2019-08-22 09:32:38 - [MESSAGE][PASSED] - Object 'Object Repository/PartyOnboarding/Personal/PartyRequiredDocument/Document Verified' is visible&#xD;
&#xD;
2019-08-22 09:32:38 - [MESSAGE][PASSED] - Keys 'TAB + TRUE' sent to object: 'Object Repository/PartyOnboarding/Personal/PartyRequiredDocument/Document Verified'&#xD;
&#xD;
2019-08-22 09:32:38 - [MESSAGE][PASSED] - Object 'Object Repository/PartyOnboarding/Personal/PartyRequiredDocument/Save Row' is visible&#xD;
&#xD;
2019-08-22 09:32:38 - [MESSAGE][PASSED] - Execute JavaScript 'arguments[0].click();' successfully&#xD;
&#xD;
2019-08-22 09:32:38 - [MESSAGE][PASSED] - Object 'Object Repository/PartyOnboarding/Personal/PartyRequiredDocument/New Row' is visible&#xD;
&#xD;
2019-08-22 09:32:38 - [MESSAGE][PASSED] - Execute JavaScript 'arguments[0].click();' successfully&#xD;
&#xD;
2019-08-22 09:32:39 - [MESSAGE][PASSED] - Object 'Object Repository/PartyOnboarding/Personal/PartyRequiredDocument/DocumentCategory' is visible&#xD;
&#xD;
2019-08-22 09:32:40 - [MESSAGE][PASSED] - Keys 'TAB + PT-NRC/PASSPORT COPY OF SHAREHOLDERS' sent to object: 'Object Repository/PartyOnboarding/Personal/PartyRequiredDocument/DocumentCategory'&#xD;
&#xD;
2019-08-22 09:32:41 - [MESSAGE][PASSED] - Delayed 1 second(s)&#xD;
&#xD;
2019-08-22 09:32:41 - [MESSAGE][PASSED] - Object 'Object Repository/PartyOnboarding/Personal/PartyRequiredDocument/Document Type' is visible&#xD;
&#xD;
2019-08-22 09:32:43 - [MESSAGE][PASSED] - Keys 'TAB + NRC/PASSPORT COPY OF SHAREHOLDERS' sent to object: 'Object Repository/PartyOnboarding/Personal/PartyRequiredDocument/Document Type'&#xD;
&#xD;
2019-08-22 09:32:44 - [MESSAGE][PASSED] - Delayed 1 second(s)&#xD;
&#xD;
2019-08-22 09:32:44 - [MESSAGE][PASSED] - Object 'Object Repository/PartyOnboarding/Personal/PartyRequiredDocument/Issuing Country' is visible&#xD;
&#xD;
2019-08-22 09:32:44 - [MESSAGE][PASSED] - Keys 'Myanmar' sent to object: 'Object Repository/PartyOnboarding/Personal/PartyRequiredDocument/Issuing Country'&#xD;
&#xD;
2019-08-22 09:32:45 - [MESSAGE][PASSED] - Delayed 1 second(s)&#xD;
&#xD;
2019-08-22 09:32:45 - [MESSAGE][PASSED] - Object 'Object Repository/PartyOnboarding/Personal/PartyRequiredDocument/Document Verified' is visible&#xD;
&#xD;
2019-08-22 09:32:45 - [MESSAGE][PASSED] - Keys 'TAB + TRUE' sent to object: 'Object Repository/PartyOnboarding/Personal/PartyRequiredDocument/Document Verified'&#xD;
&#xD;
2019-08-22 09:32:45 - [MESSAGE][PASSED] - Object 'Object Repository/PartyOnboarding/Personal/PartyRequiredDocument/Save Row' is visible&#xD;
&#xD;
2019-08-22 09:32:45 - [MESSAGE][PASSED] - Execute JavaScript 'arguments[0].click();' successfully&#xD;
&#xD;
2019-08-22 09:32:45 - [MESSAGE][PASSED] - Object 'Object Repository/PartyOnboarding/Personal/PartyRequiredDocument/New Row' is visible&#xD;
&#xD;
2019-08-22 09:32:46 - [MESSAGE][PASSED] - Execute JavaScript 'arguments[0].click();' successfully&#xD;
&#xD;
2019-08-22 09:32:46 - [MESSAGE][PASSED] - Object 'Object Repository/PartyOnboarding/Personal/PartyRequiredDocument/DocumentCategory' is visible&#xD;
&#xD;
2019-08-22 09:32:47 - [MESSAGE][PASSED] - Keys 'TAB + PT-REGISTERED COMPANY ADDRESS' sent to object: 'Object Repository/PartyOnboarding/Personal/PartyRequiredDocument/DocumentCategory'&#xD;
&#xD;
2019-08-22 09:32:48 - [MESSAGE][PASSED] - Delayed 1 second(s)&#xD;
&#xD;
2019-08-22 09:32:48 - [MESSAGE][PASSED] - Object 'Object Repository/PartyOnboarding/Personal/PartyRequiredDocument/Document Type' is visible&#xD;
&#xD;
2019-08-22 09:32:49 - [MESSAGE][PASSED] - Keys 'TAB + REGISTERED COMPANY ADDRESS' sent to object: 'Object Repository/PartyOnboarding/Personal/PartyRequiredDocument/Document Type'&#xD;
&#xD;
2019-08-22 09:32:50 - [MESSAGE][PASSED] - Delayed 1 second(s)&#xD;
&#xD;
2019-08-22 09:32:50 - [MESSAGE][PASSED] - Object 'Object Repository/PartyOnboarding/Personal/PartyRequiredDocument/Issuing Country' is visible&#xD;
&#xD;
2019-08-22 09:32:51 - [MESSAGE][PASSED] - Keys 'Myanmar' sent to object: 'Object Repository/PartyOnboarding/Personal/PartyRequiredDocument/Issuing Country'&#xD;
&#xD;
2019-08-22 09:32:52 - [MESSAGE][PASSED] - Delayed 1 second(s)&#xD;
&#xD;
2019-08-22 09:32:52 - [MESSAGE][PASSED] - Object 'Object Repository/PartyOnboarding/Personal/PartyRequiredDocument/Document Verified' is visible&#xD;
&#xD;
2019-08-22 09:32:52 - [MESSAGE][PASSED] - Keys 'TAB + TRUE' sent to object: 'Object Repository/PartyOnboarding/Personal/PartyRequiredDocument/Document Verified'&#xD;
&#xD;
2019-08-22 09:32:52 - [MESSAGE][PASSED] - Object 'Object Repository/PartyOnboarding/Personal/PartyRequiredDocument/Save Row' is visible&#xD;
&#xD;
2019-08-22 09:32:52 - [MESSAGE][PASSED] - Execute JavaScript 'arguments[0].click();' successfully&#xD;
&#xD;
2019-08-22 09:32:52 - [MESSAGE][PASSED] - Object 'Object Repository/PartyOnboarding/Personal/PartyRequiredDocument/New Row' is visible&#xD;
&#xD;
2019-08-22 09:32:52 - [MESSAGE][PASSED] - Execute JavaScript 'arguments[0].click();' successfully&#xD;
&#xD;
2019-08-22 09:32:52 - [MESSAGE][PASSED] - Object 'Object Repository/PartyOnboarding/Personal/PartyRequiredDocument/DocumentCategory' is visible&#xD;
&#xD;
2019-08-22 09:32:54 - [MESSAGE][PASSED] - Keys 'TAB + PT-VALID VISA COPY OF AUTH. SIGNATORY(FOREIGNER)' sent to object: 'Object Repository/PartyOnboarding/Personal/PartyRequiredDocument/DocumentCategory'&#xD;
&#xD;
2019-08-22 09:32:55 - [MESSAGE][PASSED] - Delayed 1 second(s)&#xD;
&#xD;
2019-08-22 09:32:55 - [MESSAGE][PASSED] - Object 'Object Repository/PartyOnboarding/Personal/PartyRequiredDocument/Document Type' is visible&#xD;
&#xD;
2019-08-22 09:32:57 - [MESSAGE][PASSED] - Keys 'TAB + VALID VISA COPY OF AUTH. SIGNATORY(FOREIGNER)' sent to object: 'Object Repository/PartyOnboarding/Personal/PartyRequiredDocument/Document Type'&#xD;
&#xD;
2019-08-22 09:32:58 - [MESSAGE][PASSED] - Delayed 1 second(s)&#xD;
&#xD;
2019-08-22 09:32:58 - [MESSAGE][PASSED] - Object 'Object Repository/PartyOnboarding/Personal/PartyRequiredDocument/Issuing Country' is visible&#xD;
&#xD;
2019-08-22 09:32:59 - [MESSAGE][PASSED] - Keys 'Myanmar' sent to object: 'Object Repository/PartyOnboarding/Personal/PartyRequiredDocument/Issuing Country'&#xD;
&#xD;
2019-08-22 09:33:00 - [MESSAGE][PASSED] - Delayed 1 second(s)&#xD;
&#xD;
2019-08-22 09:33:00 - [MESSAGE][PASSED] - Object 'Object Repository/PartyOnboarding/Personal/PartyRequiredDocument/Document Verified' is visible&#xD;
&#xD;
2019-08-22 09:33:00 - [MESSAGE][PASSED] - Keys 'TAB + TRUE' sent to object: 'Object Repository/PartyOnboarding/Personal/PartyRequiredDocument/Document Verified'&#xD;
&#xD;
2019-08-22 09:33:00 - [MESSAGE][PASSED] - Object 'Object Repository/PartyOnboarding/Personal/PartyRequiredDocument/Save Row' is visible&#xD;
&#xD;
2019-08-22 09:33:00 - [MESSAGE][PASSED] - Execute JavaScript 'arguments[0].click();' successfully&#xD;
&#xD;
2019-08-22 09:33:00 - [MESSAGE][PASSED] - Object 'Object Repository/PartyOnboarding/Personal/PartyRequiredDocument/ddl_DocumentsCollectionStatus' is visible&#xD;
&#xD;
2019-08-22 09:33:02 - [MESSAGE][PASSED] - Keys 'Documents collected and validated centrally' sent to object: 'Object Repository/PartyOnboarding/Personal/PartyRequiredDocument/ddl_DocumentsCollectionStatus'&#xD;
&#xD;
2019-08-22 09:33:02 - [TEST_STEP][PASSED] - partyOnboardingEnterprise.clickNextbutton(): Object: 'Object Repository/PartyOnboarding/btn_Next' is clicked on&#xD;
&#xD;
2019-08-22 09:33:02 - [MESSAGE][PASSED] - Object 'Object Repository/PartyOnboarding/btn_Next' is visible&#xD;
&#xD;
2019-08-22 09:33:02 - [MESSAGE][PASSED] - Object: 'Object Repository/PartyOnboarding/btn_Next' is clicked on&#xD;
&#xD;
2019-08-22 09:33:02 - [TEST_STEP][PASSED] - delay(1): Delayed 1 second(s)&#xD;
&#xD;
2019-08-22 09:33:03 - [MESSAGE][PASSED] - Delayed 1 second(s)&#xD;
&#xD;
2019-08-22 09:33:03 - [TEST_STEP][PASSED] - log.logInfo("--- " + " Click Next button ---"): ---  Click Next button ---&#xD;
&#xD;
2019-08-22 09:33:03 - [MESSAGE][INFO] - ---  Click Next button ---&#xD;
&#xD;
2019-08-22 09:33:03 - [TEST_STEP][PASSED] - partyOnboardingEnterprise.clickNextbutton(): Object: 'Object Repository/PartyOnboarding/btn_Next' is clicked on&#xD;
&#xD;
2019-08-22 09:33:03 - [MESSAGE][PASSED] - Object 'Object Repository/PartyOnboarding/btn_Next' is visible&#xD;
&#xD;
2019-08-22 09:33:03 - [MESSAGE][PASSED] - Object: 'Object Repository/PartyOnboarding/btn_Next' is clicked on&#xD;
&#xD;
2019-08-22 09:33:03 - [TEST_STEP][PASSED] - log.logInfo("--- " + " Click Next button ---"): ---  Click Next button ---&#xD;
&#xD;
2019-08-22 09:33:03 - [MESSAGE][INFO] - ---  Click Next button ---&#xD;
&#xD;
2019-08-22 09:33:03 - [TEST_STEP][PASSED] - delay(1): Delayed 1 second(s)&#xD;
&#xD;
2019-08-22 09:33:04 - [MESSAGE][PASSED] - Delayed 1 second(s)&#xD;
&#xD;
2019-08-22 09:33:04 - [TEST_STEP][PASSED] - partyOnboardingEnterprise.clickNextbutton(): Object: 'Object Repository/PartyOnboarding/btn_Next' is clicked on&#xD;
&#xD;
2019-08-22 09:33:04 - [MESSAGE][PASSED] - Object 'Object Repository/PartyOnboarding/btn_Next' is visible&#xD;
&#xD;
2019-08-22 09:33:04 - [MESSAGE][PASSED] - Object: 'Object Repository/PartyOnboarding/btn_Next' is clicked on&#xD;
&#xD;
2019-08-22 09:33:04 - [TEST_STEP][PASSED] - log.logInfo("--- " + " Click Process on Warning box ---"): ---  Click Process on Warning box ---&#xD;
&#xD;
2019-08-22 09:33:04 - [MESSAGE][INFO] - ---  Click Process on Warning box ---&#xD;
&#xD;
2019-08-22 09:33:04 - [TEST_STEP][PASSED] - partyOnboardingEnterprise.clickAskForApprovalbutton(): Object: 'Object Repository/PartyOnboarding/RequestToApproval/AskForApproval_btn' is clicked on&#xD;
&#xD;
2019-08-22 09:33:05 - [MESSAGE][PASSED] - Object 'Object Repository/PartyOnboarding/RequestToApproval/AskForApproval_btn' is visible&#xD;
&#xD;
2019-08-22 09:33:05 - [MESSAGE][PASSED] - Object: 'Object Repository/PartyOnboarding/RequestToApproval/AskForApproval_btn' is clicked on</system-out>
            <system-err></system-err>
        </testcase>
        <testcase name="Test Cases/DataPreparation/PartyOnboardingEnterprise" classname="Test Cases/DataPreparation/PartyOnboardingEnterprise" status="PASSED">
            <system-out>2019-08-22 09:33:05 - [TEST_CASE][PASSED] - Test Cases/DataPreparation/PartyOnboardingEnterprise: Test Cases/DataPreparation/PartyOnboardingEnterprise&#xD;
&#xD;
2019-08-22 09:33:05 - [TEST_STEP][PASSED] - Start listener action : sampleBeforeTestCase: null&#xD;
&#xD;
2019-08-22 09:33:05 - [TEST_STEP][PASSED] - testCaseID = testCaseContext.getTestCaseId(): null&#xD;
&#xD;
2019-08-22 09:33:05 - [TEST_STEP][PASSED] - log = new com.kms.katalon.core.util.KeywordUtil(): null&#xD;
&#xD;
2019-08-22 09:33:05 - [TEST_STEP][PASSED] - partyOnboardingEnterprise = new pageObjects.PartyOnboarding(): null&#xD;
&#xD;
2019-08-22 09:33:05 - [TEST_STEP][PASSED] - delay(3): Delayed 3 second(s)&#xD;
&#xD;
2019-08-22 09:33:08 - [MESSAGE][PASSED] - Delayed 3 second(s)&#xD;
&#xD;
2019-08-22 09:33:08 - [TEST_STEP][PASSED] - log.logInfo("--- Open Party Onboarding in Menu Search ---"): --- Open Party Onboarding in Menu Search ---&#xD;
&#xD;
2019-08-22 09:33:08 - [MESSAGE][INFO] - --- Open Party Onboarding in Menu Search ---&#xD;
&#xD;
2019-08-22 09:33:08 - [TEST_STEP][PASSED] - partyOnboardingEnterprise.inputPartyOnboardingMenuSearch(): Object 'menuSearch_txt' is present&#xD;
&#xD;
2019-08-22 09:33:08 - [MESSAGE][PASSED] - Object 'Object Repository/Menu_Search' is visible&#xD;
&#xD;
2019-08-22 09:33:09 - [MESSAGE][PASSED] - Keys 'ENTER + Party Onboarding' sent to object: 'Object Repository/Menu_Search'&#xD;
&#xD;
2019-08-22 09:33:09 - [MESSAGE][PASSED] - Object 'menuSearch_txt' is present&#xD;
&#xD;
2019-08-22 09:33:09 - [TEST_STEP][PASSED] - log.logInfo("/---------------Party Onboarding---------------/"): /---------------Party Onboarding---------------/&#xD;
&#xD;
2019-08-22 09:33:09 - [MESSAGE][INFO] - /---------------Party Onboarding---------------/&#xD;
&#xD;
2019-08-22 09:33:09 - [TEST_STEP][PASSED] - log.logInfo("--- Input Local Global ---"): --- Input Local Global ---&#xD;
&#xD;
2019-08-22 09:33:09 - [MESSAGE][INFO] - --- Input Local Global ---&#xD;
&#xD;
2019-08-22 09:33:09 - [TEST_STEP][PASSED] - partyOnboardingEnterprise.inputLocalGlobal(s01_localglobal): Keys 'Local Private' sent to object: 'Object Repository/PartyOnboarding/PartyOnboarding/Local Global'&#xD;
&#xD;
2019-08-22 09:33:10 - [MESSAGE][PASSED] - Text of object 'Object Repository/PartyOnboarding/PartyOnboarding/Local Global' is cleared&#xD;
&#xD;
2019-08-22 09:33:10 - [MESSAGE][PASSED] - Object 'Object Repository/PartyOnboarding/PartyOnboarding/Local Global' is visible&#xD;
&#xD;
2019-08-22 09:33:10 - [MESSAGE][PASSED] - Object 'Object Repository/PartyOnboarding/PartyOnboarding/Local Global' is visible&#xD;
&#xD;
2019-08-22 09:33:10 - [MESSAGE][PASSED] - Keys 'Local Private' sent to object: 'Object Repository/PartyOnboarding/PartyOnboarding/Local Global'&#xD;
&#xD;
2019-08-22 09:33:10 - [TEST_STEP][PASSED] - log.logInfo("--- Input Party Type ---"): --- Input Party Type ---&#xD;
&#xD;
2019-08-22 09:33:10 - [MESSAGE][INFO] - --- Input Party Type ---&#xD;
&#xD;
2019-08-22 09:33:10 - [TEST_STEP][PASSED] - partyOnboardingEnterprise.inputPartyType(s01_partytype): Keys 'TAB + Enterprise' sent to object: 'Object Repository/PartyOnboarding/PartyOnboarding/Party Type'&#xD;
&#xD;
2019-08-22 09:33:10 - [MESSAGE][PASSED] - Object 'Object Repository/PartyOnboarding/PartyOnboarding/Party Type' is visible&#xD;
&#xD;
2019-08-22 09:33:11 - [MESSAGE][PASSED] - Keys 'TAB + Enterprise' sent to object: 'Object Repository/PartyOnboarding/PartyOnboarding/Party Type'&#xD;
&#xD;
2019-08-22 09:33:11 - [TEST_STEP][PASSED] - log.logInfo("--- Input Party Sub Type ---"): --- Input Party Sub Type ---&#xD;
&#xD;
2019-08-22 09:33:11 - [MESSAGE][INFO] - --- Input Party Sub Type ---&#xD;
&#xD;
2019-08-22 09:33:11 - [TEST_STEP][PASSED] - partyOnboardingEnterprise.inputPartySubType(s01_partysubtype): Keys 'PRIVATE/PUBLIC/PUBLIC LISTED COMPANY (MYANMAR)' sent to object: 'Object Repository/PartyOnboarding/PartyOnboarding/Party Sub-Type'&#xD;
&#xD;
2019-08-22 09:33:12 - [MESSAGE][PASSED] - Delayed 1 second(s)&#xD;
&#xD;
2019-08-22 09:33:12 - [MESSAGE][PASSED] - Object 'Object Repository/PartyOnboarding/PartyOnboarding/Party Type' is visible&#xD;
&#xD;
2019-08-22 09:33:13 - [MESSAGE][PASSED] - Keys 'PRIVATE/PUBLIC/PUBLIC LISTED COMPANY (MYANMAR)' sent to object: 'Object Repository/PartyOnboarding/PartyOnboarding/Party Sub-Type'&#xD;
&#xD;
2019-08-22 09:33:13 - [TEST_STEP][PASSED] - log.logInfo("--- Input Party Category ---"): --- Input Party Category ---&#xD;
&#xD;
2019-08-22 09:33:13 - [MESSAGE][INFO] - --- Input Party Category ---&#xD;
&#xD;
2019-08-22 09:33:13 - [TEST_STEP][PASSED] - partyOnboardingEnterprise.inputPartyCategory(s01_partycategory): Keys 'Full' sent to object: 'Object Repository/PartyOnboarding/PartyOnboarding/Party Category'&#xD;
&#xD;
2019-08-22 09:33:13 - [MESSAGE][PASSED] - Object 'Object Repository/PartyOnboarding/PartyOnboarding/Party Category' is visible&#xD;
&#xD;
2019-08-22 09:33:13 - [MESSAGE][PASSED] - Keys 'Full' sent to object: 'Object Repository/PartyOnboarding/PartyOnboarding/Party Category'&#xD;
&#xD;
2019-08-22 09:33:13 - [TEST_STEP][PASSED] - log.logInfo("--- Check Line of Business ---"): --- Check Line of Business ---&#xD;
&#xD;
2019-08-22 09:33:13 - [MESSAGE][INFO] - --- Check Line of Business ---&#xD;
&#xD;
2019-08-22 09:33:13 - [TEST_STEP][PASSED] - partyOnboardingEnterprise.clickLineofBusiness(s01_lineofbusiness, findTestObject("PartyOnboarding/PartyOnboarding/div_Core Banking")): Object 'Object Repository/PartyOnboarding/PartyOnboarding/LineofBusiness_List' is checked&#xD;
&#xD;
2019-08-22 09:33:13 - [MESSAGE][PASSED] - Object 'Object Repository/PartyOnboarding/PartyOnboarding/div_Core Banking' is visible&#xD;
&#xD;
2019-08-22 09:33:13 - [MESSAGE][PASSED] - Attribute 'aria-checked' of object 'Object Repository/PartyOnboarding/PartyOnboarding/div_Core Banking' is: 'true'&#xD;
&#xD;
2019-08-22 09:33:13 - [MESSAGE][PASSED] - Object 'Object Repository/PartyOnboarding/PartyOnboarding/chk_SelectAllLineOfBusiness' is visible&#xD;
&#xD;
2019-08-22 09:33:13 - [MESSAGE][PASSED] - Attribute 'aria-checked' of object 'Object Repository/PartyOnboarding/PartyOnboarding/chk_SelectAllLineOfBusiness' is: 'true'&#xD;
&#xD;
2019-08-22 09:33:13 - [MESSAGE][PASSED] - Object 'Object Repository/PartyOnboarding/PartyOnboarding/LineofBusiness_List' is visible&#xD;
&#xD;
2019-08-22 09:33:13 - [MESSAGE][PASSED] - Attribute 'aria-checked' of object 'Object Repository/PartyOnboarding/PartyOnboarding/LineofBusiness_List' is: 'true'&#xD;
&#xD;
2019-08-22 09:33:13 - [MESSAGE][PASSED] - Object 'Object Repository/PartyOnboarding/PartyOnboarding/LineofBusiness_List' is visible&#xD;
&#xD;
2019-08-22 09:33:13 - [MESSAGE][PASSED] - Attribute 'aria-checked' of object 'Object Repository/PartyOnboarding/PartyOnboarding/LineofBusiness_List' is: 'true'&#xD;
&#xD;
2019-08-22 09:33:13 - [MESSAGE][PASSED] - Object 'Object Repository/PartyOnboarding/PartyOnboarding/chk_SelectAllLineOfBusiness' is visible&#xD;
&#xD;
2019-08-22 09:33:13 - [MESSAGE][PASSED] - Attribute 'aria-checked' of object 'Object Repository/PartyOnboarding/PartyOnboarding/chk_SelectAllLineOfBusiness' is: 'true'&#xD;
&#xD;
2019-08-22 09:33:13 - [MESSAGE][PASSED] - Object 'Object Repository/PartyOnboarding/PartyOnboarding/chk_SelectAllLineOfBusiness' is checked&#xD;
&#xD;
2019-08-22 09:33:13 - [MESSAGE][PASSED] - Object 'Object Repository/PartyOnboarding/PartyOnboarding/div_Core Banking' is visible&#xD;
&#xD;
2019-08-22 09:33:13 - [MESSAGE][PASSED] - Attribute 'aria-checked' of object 'Object Repository/PartyOnboarding/PartyOnboarding/div_Core Banking' is: 'false'&#xD;
&#xD;
2019-08-22 09:33:13 - [MESSAGE][PASSED] - Object 'Object Repository/PartyOnboarding/PartyOnboarding/div_Core Banking' is checked&#xD;
&#xD;
2019-08-22 09:33:13 - [MESSAGE][PASSED] - Object 'Object Repository/PartyOnboarding/PartyOnboarding/LineofBusiness_List' is visible&#xD;
&#xD;
2019-08-22 09:33:13 - [MESSAGE][PASSED] - Attribute 'aria-checked' of object 'Object Repository/PartyOnboarding/PartyOnboarding/LineofBusiness_List' is: 'false'&#xD;
&#xD;
2019-08-22 09:33:14 - [MESSAGE][PASSED] - Object 'Object Repository/PartyOnboarding/PartyOnboarding/LineofBusiness_List' is checked&#xD;
&#xD;
2019-08-22 09:33:14 - [TEST_STEP][PASSED] - log.logInfo("--- Click Next to Party Check List  ---"): --- Click Next to Party Check List  ---&#xD;
&#xD;
2019-08-22 09:33:14 - [MESSAGE][INFO] - --- Click Next to Party Check List  ---&#xD;
&#xD;
2019-08-22 09:33:14 - [TEST_STEP][PASSED] - partyOnboardingEnterprise.clickNextbutton(): Object: 'Object Repository/PartyOnboarding/btn_Next' is clicked on&#xD;
&#xD;
2019-08-22 09:33:14 - [MESSAGE][PASSED] - Object 'Object Repository/PartyOnboarding/btn_Next' is visible&#xD;
&#xD;
2019-08-22 09:33:14 - [MESSAGE][PASSED] - Object: 'Object Repository/PartyOnboarding/btn_Next' is clicked on&#xD;
&#xD;
2019-08-22 09:33:14 - [TEST_STEP][PASSED] - delay(1): Delayed 1 second(s)&#xD;
&#xD;
2019-08-22 09:33:15 - [MESSAGE][PASSED] - Delayed 1 second(s)&#xD;
&#xD;
2019-08-22 09:33:15 - [TEST_STEP][PASSED] - partyOnboardingEnterprise.clickNextbutton(): Object: 'Object Repository/PartyOnboarding/btn_Next' is clicked on&#xD;
&#xD;
2019-08-22 09:33:15 - [MESSAGE][PASSED] - Object 'Object Repository/PartyOnboarding/btn_Next' is visible&#xD;
&#xD;
2019-08-22 09:33:15 - [MESSAGE][PASSED] - Object: 'Object Repository/PartyOnboarding/btn_Next' is clicked on&#xD;
&#xD;
2019-08-22 09:33:15 - [TEST_STEP][PASSED] - log.logInfo("/---------------Pre-Existence Check---------------/"): /---------------Pre-Existence Check---------------/&#xD;
&#xD;
2019-08-22 09:33:15 - [MESSAGE][INFO] - /---------------Pre-Existence Check---------------/&#xD;
&#xD;
2019-08-22 09:33:15 - [TEST_STEP][PASSED] - partyOnboardingEnterprise.inputEnterpriseName(s02_enterpriseName): Keys 'Enterprise 0000004' sent to object: 'Object Repository/PartyOnboarding/Enterprise/PreExistenceCheck/txt_EnterpriseName'&#xD;
&#xD;
2019-08-22 09:33:15 - [MESSAGE][PASSED] - Object 'Object Repository/PartyOnboarding/Enterprise/PreExistenceCheck/txt_EnterpriseName' is visible&#xD;
&#xD;
2019-08-22 09:33:16 - [MESSAGE][PASSED] - Keys 'Enterprise 0000004' sent to object: 'Object Repository/PartyOnboarding/Enterprise/PreExistenceCheck/txt_EnterpriseName'&#xD;
&#xD;
2019-08-22 09:33:16 - [TEST_STEP][PASSED] - partyOnboardingEnterprise.inputRegistration(): Keys 'BeaZeJdH' sent to object: 'Object Repository/PartyOnboarding/Enterprise/PreExistenceCheck/txt_Registration'&#xD;
&#xD;
2019-08-22 09:33:16 - [MESSAGE][PASSED] - Object 'Object Repository/PartyOnboarding/Enterprise/PreExistenceCheck/txt_Registration' is visible&#xD;
&#xD;
2019-08-22 09:33:16 - [MESSAGE][PASSED] - Keys 'BeaZeJdH' sent to object: 'Object Repository/PartyOnboarding/Enterprise/PreExistenceCheck/txt_Registration'&#xD;
&#xD;
2019-08-22 09:33:16 - [TEST_STEP][PASSED] - partyOnboardingEnterprise.clickNextbutton(): Object: 'Object Repository/PartyOnboarding/btn_Next' is clicked on&#xD;
&#xD;
2019-08-22 09:33:16 - [MESSAGE][PASSED] - Object 'Object Repository/PartyOnboarding/btn_Next' is visible&#xD;
&#xD;
2019-08-22 09:33:16 - [MESSAGE][PASSED] - Object: 'Object Repository/PartyOnboarding/btn_Next' is clicked on&#xD;
&#xD;
2019-08-22 09:33:16 - [TEST_STEP][PASSED] - log.logInfo("/--------------- Party Onboarding---------------/"): /--------------- Party Onboarding---------------/&#xD;
&#xD;
2019-08-22 09:33:16 - [MESSAGE][INFO] - /--------------- Party Onboarding---------------/&#xD;
&#xD;
2019-08-22 09:33:16 - [TEST_STEP][PASSED] - partyOnboardingEnterprise.inputPartyId(): Web element with id: 'Object Repository/PartyOnboarding/Personal/PersonalParty/Message/pop_ErrorDuplicatePartyID' located by 'By.xpath: //textarea[@name='03messages']' not found&#xD;
&#xD;
2019-08-22 09:33:17 - [MESSAGE][PASSED] - Object 'Object Repository/PartyOnboarding/Personal/PersonalParty/txt_PartyID' is visible&#xD;
&#xD;
2019-08-22 09:33:17 - [MESSAGE][PASSED] - Object 'Object Repository/PartyOnboarding/Personal/PersonalParty/txt_PartyID' is visible&#xD;
&#xD;
2019-08-22 09:33:17 - [MESSAGE][PASSED] - Keys 'TAB + oYtaySZ0' sent to object: 'Object Repository/PartyOnboarding/Personal/PersonalParty/txt_PartyID'&#xD;
&#xD;
2019-08-22 09:33:49 - [MESSAGE][INFO] - Unable to find the element located by 'By.xpath: //textarea[@name='03messages']'. Please recheck the objects properties to make sure the desired element is located. &#xD;
&#xD;
2019-08-22 09:33:49 - [MESSAGE][WARNING] - Web element with id: 'Object Repository/PartyOnboarding/Personal/PersonalParty/Message/pop_ErrorDuplicatePartyID' located by 'By.xpath: //textarea[@name='03messages']' not found&#xD;
&#xD;
2019-08-22 09:33:49 - [TEST_STEP][PASSED] - partyOnboardingEnterprise.inputShortNameEnterprise(s03_shortName): Keys 'TAB + Enterprise' sent to object: 'Object Repository/PartyOnboarding/Enterprise/EnterpriseParty/Short Name_txt'&#xD;
&#xD;
2019-08-22 09:33:49 - [MESSAGE][PASSED] - Object 'Object Repository/PartyOnboarding/Enterprise/EnterpriseParty/Short Name_txt' is visible&#xD;
&#xD;
2019-08-22 09:33:49 - [MESSAGE][PASSED] - Keys 'TAB + Enterprise' sent to object: 'Object Repository/PartyOnboarding/Enterprise/EnterpriseParty/Short Name_txt'&#xD;
&#xD;
2019-08-22 09:33:49 - [TEST_STEP][PASSED] - partyOnboardingEnterprise.clickNextbutton(): Object: 'Object Repository/PartyOnboarding/btn_Next' is clicked on&#xD;
&#xD;
2019-08-22 09:33:49 - [MESSAGE][PASSED] - Object 'Object Repository/PartyOnboarding/btn_Next' is visible&#xD;
&#xD;
2019-08-22 09:33:49 - [MESSAGE][PASSED] - Object: 'Object Repository/PartyOnboarding/btn_Next' is clicked on&#xD;
&#xD;
2019-08-22 09:33:49 - [TEST_STEP][PASSED] - partyOnboardingEnterprise.clickProcessInWarningBox(): Object: 'Object Repository/PartyOnboarding/Personal/PersonalParty/btn_Warnings_Proceed_NotCapture' is clicked on&#xD;
&#xD;
2019-08-22 09:33:50 - [MESSAGE][PASSED] - Object 'Object Repository/PartyOnboarding/Personal/PersonalParty/btn_Warnings_Proceed_NotCapture' is visible&#xD;
&#xD;
2019-08-22 09:33:50 - [MESSAGE][PASSED] - Object: 'Object Repository/PartyOnboarding/Personal/PersonalParty/btn_Warnings_Proceed_NotCapture' is clicked on&#xD;
&#xD;
2019-08-22 09:33:50 - [TEST_STEP][PASSED] - log.logInfo("/--------------- Party Onboarding - Address---------------/"): /--------------- Party Onboarding - Address---------------/&#xD;
&#xD;
2019-08-22 09:33:50 - [MESSAGE][INFO] - /--------------- Party Onboarding - Address---------------/&#xD;
&#xD;
2019-08-22 09:33:50 - [TEST_STEP][PASSED] - partyOnboardingEnterprise.inputRDataForAddressParty(s04_addressType, s04_userForCommunication, s04_validFrom): Execute JavaScript 'arguments[0].click();' successfully&#xD;
&#xD;
2019-08-22 09:33:51 - [MESSAGE][PASSED] - Object 'Object Repository/PartyOnboarding/Personal/PartyAddress/button_New Row_PartyAddress' is visible&#xD;
&#xD;
2019-08-22 09:33:51 - [MESSAGE][PASSED] - Execute JavaScript 'arguments[0].click();' successfully&#xD;
&#xD;
2019-08-22 09:33:51 - [MESSAGE][PASSED] - Object 'Object Repository/PartyOnboarding/Personal/PartyAddress/Address Type' is visible&#xD;
&#xD;
2019-08-22 09:33:52 - [MESSAGE][PASSED] - Keys 'TAB + Home Address' sent to object: 'Object Repository/PartyOnboarding/Personal/PartyAddress/Address Type'&#xD;
&#xD;
2019-08-22 09:33:52 - [MESSAGE][PASSED] - Object 'Object Repository/PartyOnboarding/Personal/PartyAddress/Valid From' is visible&#xD;
&#xD;
2019-08-22 09:33:52 - [MESSAGE][PASSED] - Text of object 'Object Repository/PartyOnboarding/Personal/PartyAddress/Valid From' is cleared&#xD;
&#xD;
2019-08-22 09:33:52 - [MESSAGE][PASSED] - Object 'Object Repository/PartyOnboarding/Personal/PartyAddress/Valid From' is visible&#xD;
&#xD;
2019-08-22 09:33:52 - [MESSAGE][PASSED] - Keys '2018-01-14' sent to object: 'Object Repository/PartyOnboarding/Personal/PartyAddress/Valid From'&#xD;
&#xD;
2019-08-22 09:33:52 - [MESSAGE][PASSED] - Object 'Object Repository/PartyOnboarding/Personal/PartyAddress/chk_Use  for Communication' is present&#xD;
&#xD;
2019-08-22 09:33:53 - [MESSAGE][PASSED] - Attribute 'aria-checked' of object 'Object Repository/PartyOnboarding/Personal/PartyAddress/chk_Use  for Communication' is: 'false'&#xD;
&#xD;
2019-08-22 09:33:53 - [MESSAGE][PASSED] - Object 'Object Repository/PartyOnboarding/Personal/PartyAddress/chk_Use  for Communication' is checked&#xD;
&#xD;
2019-08-22 09:33:53 - [MESSAGE][PASSED] - Object 'Object Repository/PartyOnboarding/Personal/PartyAddress/SaveRow' is visible&#xD;
&#xD;
2019-08-22 09:33:53 - [MESSAGE][PASSED] - Execute JavaScript 'arguments[0].click();' successfully&#xD;
&#xD;
2019-08-22 09:33:53 - [MESSAGE][PASSED] - Object 'Object Repository/PartyOnboarding/Personal/PartyAddress/button_New Row_PartyAddress' is visible&#xD;
&#xD;
2019-08-22 09:33:53 - [MESSAGE][PASSED] - Execute JavaScript 'arguments[0].click();' successfully&#xD;
&#xD;
2019-08-22 09:33:53 - [MESSAGE][PASSED] - Object 'Object Repository/PartyOnboarding/Personal/PartyAddress/Address Type' is visible&#xD;
&#xD;
2019-08-22 09:33:53 - [MESSAGE][PASSED] - Keys 'TAB + Current Address' sent to object: 'Object Repository/PartyOnboarding/Personal/PartyAddress/Address Type'&#xD;
&#xD;
2019-08-22 09:33:53 - [MESSAGE][PASSED] - Object 'Object Repository/PartyOnboarding/Personal/PartyAddress/Valid From' is visible&#xD;
&#xD;
2019-08-22 09:33:54 - [MESSAGE][PASSED] - Text of object 'Object Repository/PartyOnboarding/Personal/PartyAddress/Valid From' is cleared&#xD;
&#xD;
2019-08-22 09:33:54 - [MESSAGE][PASSED] - Object 'Object Repository/PartyOnboarding/Personal/PartyAddress/Valid From' is visible&#xD;
&#xD;
2019-08-22 09:33:54 - [MESSAGE][PASSED] - Keys '2018-01-17' sent to object: 'Object Repository/PartyOnboarding/Personal/PartyAddress/Valid From'&#xD;
&#xD;
2019-08-22 09:33:54 - [MESSAGE][PASSED] - Object 'Object Repository/PartyOnboarding/Personal/PartyAddress/SaveRow' is visible&#xD;
&#xD;
2019-08-22 09:33:54 - [MESSAGE][PASSED] - Execute JavaScript 'arguments[0].click();' successfully&#xD;
&#xD;
2019-08-22 09:33:54 - [MESSAGE][PASSED] - Object 'Object Repository/PartyOnboarding/Personal/PartyAddress/button_New Row_PartyAddress' is visible&#xD;
&#xD;
2019-08-22 09:33:54 - [MESSAGE][PASSED] - Execute JavaScript 'arguments[0].click();' successfully&#xD;
&#xD;
2019-08-22 09:33:54 - [MESSAGE][PASSED] - Object 'Object Repository/PartyOnboarding/Personal/PartyAddress/Address Type' is visible&#xD;
&#xD;
2019-08-22 09:33:55 - [MESSAGE][PASSED] - Keys 'TAB + Office Address' sent to object: 'Object Repository/PartyOnboarding/Personal/PartyAddress/Address Type'&#xD;
&#xD;
2019-08-22 09:33:55 - [MESSAGE][PASSED] - Object 'Object Repository/PartyOnboarding/Personal/PartyAddress/Valid From' is visible&#xD;
&#xD;
2019-08-22 09:33:55 - [MESSAGE][PASSED] - Text of object 'Object Repository/PartyOnboarding/Personal/PartyAddress/Valid From' is cleared&#xD;
&#xD;
2019-08-22 09:33:55 - [MESSAGE][PASSED] - Object 'Object Repository/PartyOnboarding/Personal/PartyAddress/Valid From' is visible&#xD;
&#xD;
2019-08-22 09:33:55 - [MESSAGE][PASSED] - Keys '2017-01-17' sent to object: 'Object Repository/PartyOnboarding/Personal/PartyAddress/Valid From'&#xD;
&#xD;
2019-08-22 09:33:55 - [MESSAGE][PASSED] - Object 'Object Repository/PartyOnboarding/Personal/PartyAddress/SaveRow' is visible&#xD;
&#xD;
2019-08-22 09:33:55 - [MESSAGE][PASSED] - Execute JavaScript 'arguments[0].click();' successfully&#xD;
&#xD;
2019-08-22 09:33:55 - [TEST_STEP][PASSED] - partyOnboardingEnterprise.clickNextbutton(): Object: 'Object Repository/PartyOnboarding/btn_Next' is clicked on&#xD;
&#xD;
2019-08-22 09:33:55 - [MESSAGE][PASSED] - Object 'Object Repository/PartyOnboarding/btn_Next' is visible&#xD;
&#xD;
2019-08-22 09:33:55 - [MESSAGE][PASSED] - Object: 'Object Repository/PartyOnboarding/btn_Next' is clicked on&#xD;
&#xD;
2019-08-22 09:33:55 - [TEST_STEP][PASSED] - partyOnboardingEnterprise.inputDataForPartyContacts(s05_contactMethod, s05_contactTypeLocation, s05_contactCountryCode, s05_contactAreaCode, s05_contactNumber, s05_contactEmail, s05_confirmEmail, s05_validFrom): Execute JavaScript 'arguments[0].click();' successfully&#xD;
&#xD;
2019-08-22 09:33:56 - [MESSAGE][PASSED] - Object 'Object Repository/PartyOnboarding/Personal/PartyContacts/New Row' is visible&#xD;
&#xD;
2019-08-22 09:33:56 - [MESSAGE][PASSED] - Execute JavaScript 'arguments[0].click();' successfully&#xD;
&#xD;
2019-08-22 09:33:57 - [MESSAGE][PASSED] - Delayed 1 second(s)&#xD;
&#xD;
2019-08-22 09:33:57 - [MESSAGE][PASSED] - Object 'Object Repository/PartyOnboarding/Personal/PartyContacts/Contact Method' is visible&#xD;
&#xD;
2019-08-22 09:33:58 - [MESSAGE][PASSED] - Keys 'TAB + Telephone' sent to object: 'Object Repository/PartyOnboarding/Personal/PartyContacts/Contact Method'&#xD;
&#xD;
2019-08-22 09:33:59 - [MESSAGE][PASSED] - Delayed 1 second(s)&#xD;
&#xD;
2019-08-22 09:33:59 - [MESSAGE][PASSED] - Object 'Object Repository/PartyOnboarding/Personal/PartyContacts/Contact Type  Location' is visible&#xD;
&#xD;
2019-08-22 09:33:59 - [MESSAGE][PASSED] - Keys 'TAB + Personal' sent to object: 'Object Repository/PartyOnboarding/Personal/PartyContacts/Contact Type  Location'&#xD;
&#xD;
2019-08-22 09:33:59 - [MESSAGE][PASSED] - Object 'Object Repository/PartyOnboarding/Personal/PartyContacts/Contact Email' is visible&#xD;
&#xD;
2019-08-22 09:33:59 - [MESSAGE][PASSED] - Object 'Object Repository/PartyOnboarding/Personal/PartyContacts/Contact Email' has attribute 'readonly'&#xD;
&#xD;
2019-08-22 09:33:59 - [MESSAGE][PASSED] - Object 'Object Repository/PartyOnboarding/Personal/PartyContacts/Contact Number_03_Code' is visible&#xD;
&#xD;
2019-08-22 09:33:59 - [MESSAGE][PASSED] - Text of object 'Object Repository/PartyOnboarding/Personal/PartyContacts/Contact Number_03_Code' is cleared&#xD;
&#xD;
2019-08-22 09:33:59 - [MESSAGE][PASSED] - Object 'Object Repository/PartyOnboarding/Personal/PartyContacts/Contact Number_03_Code' is visible&#xD;
&#xD;
2019-08-22 09:33:59 - [MESSAGE][PASSED] - Keys '+95' sent to object: 'Object Repository/PartyOnboarding/Personal/PartyContacts/Contact Number_03_Code'&#xD;
&#xD;
2019-08-22 09:33:59 - [MESSAGE][PASSED] - Object 'Object Repository/PartyOnboarding/Personal/PartyContacts/Contact Number_AreaCode' is visible&#xD;
&#xD;
2019-08-22 09:33:59 - [MESSAGE][PASSED] - Keys '' sent to object: 'Object Repository/PartyOnboarding/Personal/PartyContacts/Contact Number_AreaCode'&#xD;
&#xD;
2019-08-22 09:33:59 - [MESSAGE][PASSED] - Object 'Object Repository/PartyOnboarding/Personal/PartyContacts/Contact Number_Number' is visible&#xD;
&#xD;
2019-08-22 09:34:00 - [MESSAGE][PASSED] - Keys '9697989904' sent to object: 'Object Repository/PartyOnboarding/Personal/PartyContacts/Contact Number_Number'&#xD;
&#xD;
2019-08-22 09:34:00 - [MESSAGE][PASSED] - Object 'Object Repository/PartyOnboarding/Personal/PartyContacts/Contact Number_03_Code' is visible&#xD;
&#xD;
2019-08-22 09:34:00 - [MESSAGE][WARNING] - Object 'Object Repository/PartyOnboarding/Personal/PartyContacts/Contact Number_03_Code' does not have attribute 'readonly' (Root cause: com.kms.katalon.core.exception.StepFailedException: Object 'Object Repository/PartyOnboarding/Personal/PartyContacts/Contact Number_03_Code' does not have attribute 'readonly'&#xD;
	at com.kms.katalon.core.webui.keyword.internal.WebUIKeywordMain.stepFailed(WebUIKeywordMain.groovy:64)&#xD;
	at com.kms.katalon.core.webui.keyword.builtin.VerifyElementHasAttributeKeyword$_verifyElementHasAttribute_closure1.doCall(VerifyElementHasAttributeKeyword.groovy:89)&#xD;
	at com.kms.katalon.core.webui.keyword.builtin.VerifyElementHasAttributeKeyword$_verifyElementHasAttribute_closure1.call(VerifyElementHasAttributeKeyword.groovy)&#xD;
	at com.kms.katalon.core.webui.keyword.internal.WebUIKeywordMain.runKeyword(WebUIKeywordMain.groovy:20)&#xD;
	at com.kms.katalon.core.webui.keyword.builtin.VerifyElementHasAttributeKeyword.verifyElementHasAttribute(VerifyElementHasAttributeKeyword.groovy:100)&#xD;
	at com.kms.katalon.core.webui.keyword.builtin.VerifyElementHasAttributeKeyword.execute(VerifyElementHasAttributeKeyword.groovy:69)&#xD;
	at com.kms.katalon.core.keyword.internal.KeywordExecutor.executeKeywordForPlatform(KeywordExecutor.groovy:56)&#xD;
	at com.kms.katalon.core.webui.keyword.WebUiBuiltInKeywords.verifyElementHasAttribute(WebUiBuiltInKeywords.groovy:3166)&#xD;
	at com.kms.katalon.core.webui.keyword.WebUiBuiltInKeywords$verifyElementHasAttribute$11.call(Unknown Source)&#xD;
	at pageObjects.PartyOnboarding.inputDataForPartyContacts(PartyOnboarding.groovy:736)&#xD;
	at PartyOnboardingEnterprise.run(PartyOnboardingEnterprise:61)&#xD;
	at com.kms.katalon.core.main.ScriptEngine.run(ScriptEngine.java:194)&#xD;
	at com.kms.katalon.core.main.ScriptEngine.runScriptAsRawText(ScriptEngine.java:119)&#xD;
	at com.kms.katalon.core.main.TestCaseExecutor.runScript(TestCaseExecutor.java:337)&#xD;
	at com.kms.katalon.core.main.TestCaseExecutor.doExecute(TestCaseExecutor.java:328)&#xD;
	at com.kms.katalon.core.main.TestCaseExecutor.processExecutionPhase(TestCaseExecutor.java:307)&#xD;
	at com.kms.katalon.core.main.TestCaseExecutor.accessMainPhase(TestCaseExecutor.java:299)&#xD;
	at com.kms.katalon.core.main.TestCaseExecutor.execute(TestCaseExecutor.java:233)&#xD;
	at com.kms.katalon.core.main.TestSuiteExecutor.accessTestCaseMainPhase(TestSuiteExecutor.java:133)&#xD;
	at com.kms.katalon.core.main.TestSuiteExecutor.accessTestSuiteMainPhase(TestSuiteExecutor.java:116)&#xD;
	at com.kms.katalon.core.main.TestSuiteExecutor.execute(TestSuiteExecutor.java:83)&#xD;
	at com.kms.katalon.core.main.TestCaseMain.startTestSuite(TestCaseMain.java:157)&#xD;
	at com.kms.katalon.core.main.TestCaseMain$startTestSuite$0.call(Unknown Source)&#xD;
	at TempTestSuite1566441935163.run(TempTestSuite1566441935163.groovy:35)&#xD;
)&#xD;
[[ATTACHMENT|C:\\ML\\JITS\\AYA\\Automation\\FBE\\FBE\\Reports\\DataPreparation\\PartyOnboardingPersonal\\20190822_091535\\1566443040342.png]]&#xD;
&#xD;
2019-08-22 09:34:00 - [MESSAGE][PASSED] - Object 'Object Repository/PartyOnboarding/Personal/PartyContacts/Valid From' is visible&#xD;
&#xD;
2019-08-22 09:34:00 - [MESSAGE][PASSED] - Text of object 'Object Repository/PartyOnboarding/Personal/PartyContacts/Valid From' is cleared&#xD;
&#xD;
2019-08-22 09:34:00 - [MESSAGE][PASSED] - Object 'Object Repository/PartyOnboarding/Personal/PartyContacts/Valid From' is visible&#xD;
&#xD;
2019-08-22 09:34:01 - [MESSAGE][PASSED] - Keys '2018-12-20' sent to object: 'Object Repository/PartyOnboarding/Personal/PartyContacts/Valid From'&#xD;
&#xD;
2019-08-22 09:34:01 - [MESSAGE][PASSED] - Object 'Object Repository/PartyOnboarding/Personal/PartyContacts/Save Row' is visible&#xD;
&#xD;
2019-08-22 09:34:01 - [MESSAGE][PASSED] - Execute JavaScript 'arguments[0].click();' successfully&#xD;
&#xD;
2019-08-22 09:34:01 - [MESSAGE][PASSED] - Object 'Object Repository/PartyOnboarding/Personal/PartyContacts/New Row' is visible&#xD;
&#xD;
2019-08-22 09:34:01 - [MESSAGE][PASSED] - Execute JavaScript 'arguments[0].click();' successfully&#xD;
&#xD;
2019-08-22 09:34:02 - [MESSAGE][PASSED] - Delayed 1 second(s)&#xD;
&#xD;
2019-08-22 09:34:02 - [MESSAGE][PASSED] - Object 'Object Repository/PartyOnboarding/Personal/PartyContacts/Contact Method' is visible&#xD;
&#xD;
2019-08-22 09:34:02 - [MESSAGE][PASSED] - Keys 'TAB + Mobile' sent to object: 'Object Repository/PartyOnboarding/Personal/PartyContacts/Contact Method'&#xD;
&#xD;
2019-08-22 09:34:03 - [MESSAGE][PASSED] - Delayed 1 second(s)&#xD;
&#xD;
2019-08-22 09:34:03 - [MESSAGE][PASSED] - Object 'Object Repository/PartyOnboarding/Personal/PartyContacts/Contact Type  Location' is visible&#xD;
&#xD;
2019-08-22 09:34:03 - [MESSAGE][PASSED] - Keys 'TAB + Work' sent to object: 'Object Repository/PartyOnboarding/Personal/PartyContacts/Contact Type  Location'&#xD;
&#xD;
2019-08-22 09:34:03 - [MESSAGE][PASSED] - Object 'Object Repository/PartyOnboarding/Personal/PartyContacts/Contact Email' is visible&#xD;
&#xD;
2019-08-22 09:34:03 - [MESSAGE][PASSED] - Object 'Object Repository/PartyOnboarding/Personal/PartyContacts/Contact Email' has attribute 'readonly'&#xD;
&#xD;
2019-08-22 09:34:03 - [MESSAGE][PASSED] - Object 'Object Repository/PartyOnboarding/Personal/PartyContacts/Contact Number_03_Code' is visible&#xD;
&#xD;
2019-08-22 09:34:03 - [MESSAGE][PASSED] - Text of object 'Object Repository/PartyOnboarding/Personal/PartyContacts/Contact Number_03_Code' is cleared&#xD;
&#xD;
2019-08-22 09:34:04 - [MESSAGE][PASSED] - Object 'Object Repository/PartyOnboarding/Personal/PartyContacts/Contact Number_03_Code' is visible&#xD;
&#xD;
2019-08-22 09:34:04 - [MESSAGE][PASSED] - Keys '+1' sent to object: 'Object Repository/PartyOnboarding/Personal/PartyContacts/Contact Number_03_Code'&#xD;
&#xD;
2019-08-22 09:34:04 - [MESSAGE][PASSED] - Object 'Object Repository/PartyOnboarding/Personal/PartyContacts/Contact Number_AreaCode' is visible&#xD;
&#xD;
2019-08-22 09:34:04 - [MESSAGE][PASSED] - Keys '' sent to object: 'Object Repository/PartyOnboarding/Personal/PartyContacts/Contact Number_AreaCode'&#xD;
&#xD;
2019-08-22 09:34:04 - [MESSAGE][PASSED] - Object 'Object Repository/PartyOnboarding/Personal/PartyContacts/Contact Number_Number' is visible&#xD;
&#xD;
2019-08-22 09:34:04 - [MESSAGE][PASSED] - Keys '9697989901' sent to object: 'Object Repository/PartyOnboarding/Personal/PartyContacts/Contact Number_Number'&#xD;
&#xD;
2019-08-22 09:34:04 - [MESSAGE][PASSED] - Object 'Object Repository/PartyOnboarding/Personal/PartyContacts/Contact Number_03_Code' is visible&#xD;
&#xD;
2019-08-22 09:34:04 - [MESSAGE][WARNING] - Object 'Object Repository/PartyOnboarding/Personal/PartyContacts/Contact Number_03_Code' does not have attribute 'readonly' (Root cause: com.kms.katalon.core.exception.StepFailedException: Object 'Object Repository/PartyOnboarding/Personal/PartyContacts/Contact Number_03_Code' does not have attribute 'readonly'&#xD;
	at com.kms.katalon.core.webui.keyword.internal.WebUIKeywordMain.stepFailed(WebUIKeywordMain.groovy:64)&#xD;
	at com.kms.katalon.core.webui.keyword.builtin.VerifyElementHasAttributeKeyword$_verifyElementHasAttribute_closure1.doCall(VerifyElementHasAttributeKeyword.groovy:89)&#xD;
	at com.kms.katalon.core.webui.keyword.builtin.VerifyElementHasAttributeKeyword$_verifyElementHasAttribute_closure1.call(VerifyElementHasAttributeKeyword.groovy)&#xD;
	at com.kms.katalon.core.webui.keyword.internal.WebUIKeywordMain.runKeyword(WebUIKeywordMain.groovy:20)&#xD;
	at com.kms.katalon.core.webui.keyword.builtin.VerifyElementHasAttributeKeyword.verifyElementHasAttribute(VerifyElementHasAttributeKeyword.groovy:100)&#xD;
	at com.kms.katalon.core.webui.keyword.builtin.VerifyElementHasAttributeKeyword.execute(VerifyElementHasAttributeKeyword.groovy:69)&#xD;
	at com.kms.katalon.core.keyword.internal.KeywordExecutor.executeKeywordForPlatform(KeywordExecutor.groovy:56)&#xD;
	at com.kms.katalon.core.webui.keyword.WebUiBuiltInKeywords.verifyElementHasAttribute(WebUiBuiltInKeywords.groovy:3166)&#xD;
	at com.kms.katalon.core.webui.keyword.WebUiBuiltInKeywords$verifyElementHasAttribute$11.call(Unknown Source)&#xD;
	at pageObjects.PartyOnboarding.inputDataForPartyContacts(PartyOnboarding.groovy:736)&#xD;
	at PartyOnboardingEnterprise.run(PartyOnboardingEnterprise:61)&#xD;
	at com.kms.katalon.core.main.ScriptEngine.run(ScriptEngine.java:194)&#xD;
	at com.kms.katalon.core.main.ScriptEngine.runScriptAsRawText(ScriptEngine.java:119)&#xD;
	at com.kms.katalon.core.main.TestCaseExecutor.runScript(TestCaseExecutor.java:337)&#xD;
	at com.kms.katalon.core.main.TestCaseExecutor.doExecute(TestCaseExecutor.java:328)&#xD;
	at com.kms.katalon.core.main.TestCaseExecutor.processExecutionPhase(TestCaseExecutor.java:307)&#xD;
	at com.kms.katalon.core.main.TestCaseExecutor.accessMainPhase(TestCaseExecutor.java:299)&#xD;
	at com.kms.katalon.core.main.TestCaseExecutor.execute(TestCaseExecutor.java:233)&#xD;
	at com.kms.katalon.core.main.TestSuiteExecutor.accessTestCaseMainPhase(TestSuiteExecutor.java:133)&#xD;
	at com.kms.katalon.core.main.TestSuiteExecutor.accessTestSuiteMainPhase(TestSuiteExecutor.java:116)&#xD;
	at com.kms.katalon.core.main.TestSuiteExecutor.execute(TestSuiteExecutor.java:83)&#xD;
	at com.kms.katalon.core.main.TestCaseMain.startTestSuite(TestCaseMain.java:157)&#xD;
	at com.kms.katalon.core.main.TestCaseMain$startTestSuite$0.call(Unknown Source)&#xD;
	at TempTestSuite1566441935163.run(TempTestSuite1566441935163.groovy:35)&#xD;
)&#xD;
[[ATTACHMENT|C:\\ML\\JITS\\AYA\\Automation\\FBE\\FBE\\Reports\\DataPreparation\\PartyOnboardingPersonal\\20190822_091535\\1566443044618.png]]&#xD;
&#xD;
2019-08-22 09:34:04 - [MESSAGE][PASSED] - Object 'Object Repository/PartyOnboarding/Personal/PartyContacts/Valid From' is visible&#xD;
&#xD;
2019-08-22 09:34:05 - [MESSAGE][PASSED] - Text of object 'Object Repository/PartyOnboarding/Personal/PartyContacts/Valid From' is cleared&#xD;
&#xD;
2019-08-22 09:34:05 - [MESSAGE][PASSED] - Object 'Object Repository/PartyOnboarding/Personal/PartyContacts/Valid From' is visible&#xD;
&#xD;
2019-08-22 09:34:05 - [MESSAGE][PASSED] - Keys '2018-01-24' sent to object: 'Object Repository/PartyOnboarding/Personal/PartyContacts/Valid From'&#xD;
&#xD;
2019-08-22 09:34:05 - [MESSAGE][PASSED] - Object 'Object Repository/PartyOnboarding/Personal/PartyContacts/Save Row' is visible&#xD;
&#xD;
2019-08-22 09:34:05 - [MESSAGE][PASSED] - Execute JavaScript 'arguments[0].click();' successfully&#xD;
&#xD;
2019-08-22 09:34:05 - [MESSAGE][PASSED] - Object 'Object Repository/PartyOnboarding/Personal/PartyContacts/New Row' is visible&#xD;
&#xD;
2019-08-22 09:34:05 - [MESSAGE][PASSED] - Execute JavaScript 'arguments[0].click();' successfully&#xD;
&#xD;
2019-08-22 09:34:06 - [MESSAGE][PASSED] - Delayed 1 second(s)&#xD;
&#xD;
2019-08-22 09:34:06 - [MESSAGE][PASSED] - Object 'Object Repository/PartyOnboarding/Personal/PartyContacts/Contact Method' is visible&#xD;
&#xD;
2019-08-22 09:34:06 - [MESSAGE][PASSED] - Keys 'TAB + Email' sent to object: 'Object Repository/PartyOnboarding/Personal/PartyContacts/Contact Method'&#xD;
&#xD;
2019-08-22 09:34:07 - [MESSAGE][PASSED] - Delayed 1 second(s)&#xD;
&#xD;
2019-08-22 09:34:07 - [MESSAGE][PASSED] - Object 'Object Repository/PartyOnboarding/Personal/PartyContacts/Contact Type  Location' is visible&#xD;
&#xD;
2019-08-22 09:34:08 - [MESSAGE][PASSED] - Keys 'TAB + Personal' sent to object: 'Object Repository/PartyOnboarding/Personal/PartyContacts/Contact Type  Location'&#xD;
&#xD;
2019-08-22 09:34:08 - [MESSAGE][PASSED] - Object 'Object Repository/PartyOnboarding/Personal/PartyContacts/Contact Email' is visible&#xD;
&#xD;
2019-08-22 09:34:08 - [MESSAGE][WARNING] - Object 'Object Repository/PartyOnboarding/Personal/PartyContacts/Contact Email' does not have attribute 'readonly' (Root cause: com.kms.katalon.core.exception.StepFailedException: Object 'Object Repository/PartyOnboarding/Personal/PartyContacts/Contact Email' does not have attribute 'readonly'&#xD;
	at com.kms.katalon.core.webui.keyword.internal.WebUIKeywordMain.stepFailed(WebUIKeywordMain.groovy:64)&#xD;
	at com.kms.katalon.core.webui.keyword.builtin.VerifyElementHasAttributeKeyword$_verifyElementHasAttribute_closure1.doCall(VerifyElementHasAttributeKeyword.groovy:89)&#xD;
	at com.kms.katalon.core.webui.keyword.builtin.VerifyElementHasAttributeKeyword$_verifyElementHasAttribute_closure1.call(VerifyElementHasAttributeKeyword.groovy)&#xD;
	at com.kms.katalon.core.webui.keyword.internal.WebUIKeywordMain.runKeyword(WebUIKeywordMain.groovy:20)&#xD;
	at com.kms.katalon.core.webui.keyword.builtin.VerifyElementHasAttributeKeyword.verifyElementHasAttribute(VerifyElementHasAttributeKeyword.groovy:100)&#xD;
	at com.kms.katalon.core.webui.keyword.builtin.VerifyElementHasAttributeKeyword.execute(VerifyElementHasAttributeKeyword.groovy:69)&#xD;
	at com.kms.katalon.core.keyword.internal.KeywordExecutor.executeKeywordForPlatform(KeywordExecutor.groovy:56)&#xD;
	at com.kms.katalon.core.webui.keyword.WebUiBuiltInKeywords.verifyElementHasAttribute(WebUiBuiltInKeywords.groovy:3166)&#xD;
	at com.kms.katalon.core.webui.keyword.WebUiBuiltInKeywords$verifyElementHasAttribute$11.call(Unknown Source)&#xD;
	at pageObjects.PartyOnboarding.inputDataForPartyContacts(PartyOnboarding.groovy:721)&#xD;
	at PartyOnboardingEnterprise.run(PartyOnboardingEnterprise:61)&#xD;
	at com.kms.katalon.core.main.ScriptEngine.run(ScriptEngine.java:194)&#xD;
	at com.kms.katalon.core.main.ScriptEngine.runScriptAsRawText(ScriptEngine.java:119)&#xD;
	at com.kms.katalon.core.main.TestCaseExecutor.runScript(TestCaseExecutor.java:337)&#xD;
	at com.kms.katalon.core.main.TestCaseExecutor.doExecute(TestCaseExecutor.java:328)&#xD;
	at com.kms.katalon.core.main.TestCaseExecutor.processExecutionPhase(TestCaseExecutor.java:307)&#xD;
	at com.kms.katalon.core.main.TestCaseExecutor.accessMainPhase(TestCaseExecutor.java:299)&#xD;
	at com.kms.katalon.core.main.TestCaseExecutor.execute(TestCaseExecutor.java:233)&#xD;
	at com.kms.katalon.core.main.TestSuiteExecutor.accessTestCaseMainPhase(TestSuiteExecutor.java:133)&#xD;
	at com.kms.katalon.core.main.TestSuiteExecutor.accessTestSuiteMainPhase(TestSuiteExecutor.java:116)&#xD;
	at com.kms.katalon.core.main.TestSuiteExecutor.execute(TestSuiteExecutor.java:83)&#xD;
	at com.kms.katalon.core.main.TestCaseMain.startTestSuite(TestCaseMain.java:157)&#xD;
	at com.kms.katalon.core.main.TestCaseMain$startTestSuite$0.call(Unknown Source)&#xD;
	at TempTestSuite1566441935163.run(TempTestSuite1566441935163.groovy:35)&#xD;
)&#xD;
[[ATTACHMENT|C:\\ML\\JITS\\AYA\\Automation\\FBE\\FBE\\Reports\\DataPreparation\\PartyOnboardingPersonal\\20190822_091535\\1566443048266.png]]&#xD;
&#xD;
2019-08-22 09:34:08 - [MESSAGE][PASSED] - Object 'Object Repository/PartyOnboarding/Personal/PartyContacts/Contact Number_03_Code' is visible&#xD;
&#xD;
2019-08-22 09:34:08 - [MESSAGE][PASSED] - Object 'Object Repository/PartyOnboarding/Personal/PartyContacts/Contact Number_03_Code' has attribute 'readonly'&#xD;
&#xD;
2019-08-22 09:34:08 - [MESSAGE][PASSED] - Object 'Object Repository/PartyOnboarding/Personal/PartyContacts/Contact Email' is visible&#xD;
&#xD;
2019-08-22 09:34:09 - [MESSAGE][PASSED] - Keys 'nguyenthimyle@gmail.com' sent to object: 'Object Repository/PartyOnboarding/Personal/PartyContacts/Contact Email'&#xD;
&#xD;
2019-08-22 09:34:09 - [MESSAGE][PASSED] - Object 'Object Repository/PartyOnboarding/Personal/PartyContacts/Confirm Email' is visible&#xD;
&#xD;
2019-08-22 09:34:10 - [MESSAGE][PASSED] - Keys 'nguyenthimyle@gmail.com' sent to object: 'Object Repository/PartyOnboarding/Personal/PartyContacts/Confirm Email'&#xD;
&#xD;
2019-08-22 09:34:10 - [MESSAGE][PASSED] - Object 'Object Repository/PartyOnboarding/Personal/PartyContacts/Valid From' is visible&#xD;
&#xD;
2019-08-22 09:34:10 - [MESSAGE][PASSED] - Text of object 'Object Repository/PartyOnboarding/Personal/PartyContacts/Valid From' is cleared&#xD;
&#xD;
2019-08-22 09:34:10 - [MESSAGE][PASSED] - Object 'Object Repository/PartyOnboarding/Personal/PartyContacts/Valid From' is visible&#xD;
&#xD;
2019-08-22 09:34:10 - [MESSAGE][PASSED] - Keys '2017-01-24' sent to object: 'Object Repository/PartyOnboarding/Personal/PartyContacts/Valid From'&#xD;
&#xD;
2019-08-22 09:34:10 - [MESSAGE][PASSED] - Object 'Object Repository/PartyOnboarding/Personal/PartyContacts/Save Row' is visible&#xD;
&#xD;
2019-08-22 09:34:11 - [MESSAGE][PASSED] - Execute JavaScript 'arguments[0].click();' successfully&#xD;
&#xD;
2019-08-22 09:34:11 - [TEST_STEP][PASSED] - partyOnboardingEnterprise.clickNextbutton(): Object: 'Object Repository/PartyOnboarding/btn_Next' is clicked on&#xD;
&#xD;
2019-08-22 09:34:11 - [MESSAGE][PASSED] - Object 'Object Repository/PartyOnboarding/btn_Next' is visible&#xD;
&#xD;
2019-08-22 09:34:11 - [MESSAGE][PASSED] - Object: 'Object Repository/PartyOnboarding/btn_Next' is clicked on&#xD;
&#xD;
2019-08-22 09:34:11 - [TEST_STEP][PASSED] - partyOnboardingEnterprise.inputDataForPartyRequiredDocuments(s06_documentCategory, s06_kycExpired, s06_documentType, s06_validFrom, s06_validTo, s06_referenceNumber, s06_issuingAuthority, s06_issuingCountry, s06_documentVerified, s06_image, s06_documentCollectionStatus): Keys 'Documents collected and validated centrally' sent to object: 'Object Repository/PartyOnboarding/Personal/PartyRequiredDocument/ddl_DocumentsCollectionStatus'&#xD;
&#xD;
2019-08-22 09:34:12 - [MESSAGE][PASSED] - Delayed 1 second(s)&#xD;
&#xD;
2019-08-22 09:34:12 - [MESSAGE][PASSED] - Object 'Object Repository/PartyOnboarding/Personal/PartyRequiredDocument/New Row' is visible&#xD;
&#xD;
2019-08-22 09:34:12 - [MESSAGE][PASSED] - Execute JavaScript 'arguments[0].click();' successfully&#xD;
&#xD;
2019-08-22 09:34:12 - [MESSAGE][PASSED] - Object 'Object Repository/PartyOnboarding/Personal/PartyRequiredDocument/DocumentCategory' is visible&#xD;
&#xD;
2019-08-22 09:34:13 - [MESSAGE][PASSED] - Keys 'TAB + PT-AUTHORIZED MYCO USER' sent to object: 'Object Repository/PartyOnboarding/Personal/PartyRequiredDocument/DocumentCategory'&#xD;
&#xD;
2019-08-22 09:34:14 - [MESSAGE][PASSED] - Delayed 1 second(s)&#xD;
&#xD;
2019-08-22 09:34:14 - [MESSAGE][PASSED] - Object 'Object Repository/PartyOnboarding/Personal/PartyRequiredDocument/Document Type' is visible&#xD;
&#xD;
2019-08-22 09:34:15 - [MESSAGE][PASSED] - Keys 'TAB + AUTHORIZED MYCO USER' sent to object: 'Object Repository/PartyOnboarding/Personal/PartyRequiredDocument/Document Type'&#xD;
&#xD;
2019-08-22 09:34:16 - [MESSAGE][PASSED] - Delayed 1 second(s)&#xD;
&#xD;
2019-08-22 09:34:16 - [MESSAGE][PASSED] - Object 'Object Repository/PartyOnboarding/Personal/PartyRequiredDocument/Issuing Country' is visible&#xD;
&#xD;
2019-08-22 09:34:16 - [MESSAGE][PASSED] - Keys 'Myanmar' sent to object: 'Object Repository/PartyOnboarding/Personal/PartyRequiredDocument/Issuing Country'&#xD;
&#xD;
2019-08-22 09:34:17 - [MESSAGE][PASSED] - Delayed 1 second(s)&#xD;
&#xD;
2019-08-22 09:34:17 - [MESSAGE][PASSED] - Object 'Object Repository/PartyOnboarding/Personal/PartyRequiredDocument/Document Verified' is visible&#xD;
&#xD;
2019-08-22 09:34:18 - [MESSAGE][PASSED] - Keys 'TAB + TRUE' sent to object: 'Object Repository/PartyOnboarding/Personal/PartyRequiredDocument/Document Verified'&#xD;
&#xD;
2019-08-22 09:34:18 - [MESSAGE][PASSED] - Object 'Object Repository/PartyOnboarding/Personal/PartyRequiredDocument/Save Row' is visible&#xD;
&#xD;
2019-08-22 09:34:18 - [MESSAGE][PASSED] - Execute JavaScript 'arguments[0].click();' successfully&#xD;
&#xD;
2019-08-22 09:34:18 - [MESSAGE][PASSED] - Object 'Object Repository/PartyOnboarding/Personal/PartyRequiredDocument/New Row' is visible&#xD;
&#xD;
2019-08-22 09:34:18 - [MESSAGE][PASSED] - Execute JavaScript 'arguments[0].click();' successfully&#xD;
&#xD;
2019-08-22 09:34:18 - [MESSAGE][PASSED] - Object 'Object Repository/PartyOnboarding/Personal/PartyRequiredDocument/DocumentCategory' is visible&#xD;
&#xD;
2019-08-22 09:34:19 - [MESSAGE][PASSED] - Keys 'TAB + PT-BOARD OF DIRECTORS RESOLUTION' sent to object: 'Object Repository/PartyOnboarding/Personal/PartyRequiredDocument/DocumentCategory'&#xD;
&#xD;
2019-08-22 09:34:20 - [MESSAGE][PASSED] - Delayed 1 second(s)&#xD;
&#xD;
2019-08-22 09:34:20 - [MESSAGE][PASSED] - Object 'Object Repository/PartyOnboarding/Personal/PartyRequiredDocument/Document Type' is visible&#xD;
&#xD;
2019-08-22 09:34:22 - [MESSAGE][PASSED] - Keys 'TAB + BOARD OF DIRECTORS RESOLUTION' sent to object: 'Object Repository/PartyOnboarding/Personal/PartyRequiredDocument/Document Type'&#xD;
&#xD;
2019-08-22 09:34:23 - [MESSAGE][PASSED] - Delayed 1 second(s)&#xD;
&#xD;
2019-08-22 09:34:23 - [MESSAGE][PASSED] - Object 'Object Repository/PartyOnboarding/Personal/PartyRequiredDocument/Issuing Country' is visible&#xD;
&#xD;
2019-08-22 09:34:23 - [MESSAGE][PASSED] - Keys 'Myanmar' sent to object: 'Object Repository/PartyOnboarding/Personal/PartyRequiredDocument/Issuing Country'&#xD;
&#xD;
2019-08-22 09:34:24 - [MESSAGE][PASSED] - Delayed 1 second(s)&#xD;
&#xD;
2019-08-22 09:34:24 - [MESSAGE][PASSED] - Object 'Object Repository/PartyOnboarding/Personal/PartyRequiredDocument/Document Verified' is visible&#xD;
&#xD;
2019-08-22 09:34:24 - [MESSAGE][PASSED] - Keys 'TAB + TRUE' sent to object: 'Object Repository/PartyOnboarding/Personal/PartyRequiredDocument/Document Verified'&#xD;
&#xD;
2019-08-22 09:34:25 - [MESSAGE][PASSED] - Object 'Object Repository/PartyOnboarding/Personal/PartyRequiredDocument/Save Row' is visible&#xD;
&#xD;
2019-08-22 09:34:25 - [MESSAGE][PASSED] - Execute JavaScript 'arguments[0].click();' successfully&#xD;
&#xD;
2019-08-22 09:34:25 - [MESSAGE][PASSED] - Object 'Object Repository/PartyOnboarding/Personal/PartyRequiredDocument/New Row' is visible&#xD;
&#xD;
2019-08-22 09:34:25 - [MESSAGE][PASSED] - Execute JavaScript 'arguments[0].click();' successfully&#xD;
&#xD;
2019-08-22 09:34:25 - [MESSAGE][PASSED] - Object 'Object Repository/PartyOnboarding/Personal/PartyRequiredDocument/DocumentCategory' is visible&#xD;
&#xD;
2019-08-22 09:34:26 - [MESSAGE][PASSED] - Keys 'TAB + PT-CERTIFICATE OF INCORPORATION' sent to object: 'Object Repository/PartyOnboarding/Personal/PartyRequiredDocument/DocumentCategory'&#xD;
&#xD;
2019-08-22 09:34:27 - [MESSAGE][PASSED] - Delayed 1 second(s)&#xD;
&#xD;
2019-08-22 09:34:27 - [MESSAGE][PASSED] - Object 'Object Repository/PartyOnboarding/Personal/PartyRequiredDocument/Document Type' is visible&#xD;
&#xD;
2019-08-22 09:34:28 - [MESSAGE][PASSED] - Keys 'TAB + CERTIFICATE OF INCORPORATION' sent to object: 'Object Repository/PartyOnboarding/Personal/PartyRequiredDocument/Document Type'&#xD;
&#xD;
2019-08-22 09:34:29 - [MESSAGE][PASSED] - Delayed 1 second(s)&#xD;
&#xD;
2019-08-22 09:34:30 - [MESSAGE][PASSED] - Object 'Object Repository/PartyOnboarding/Personal/PartyRequiredDocument/Issuing Country' is visible&#xD;
&#xD;
2019-08-22 09:34:30 - [MESSAGE][PASSED] - Keys 'Myanmar' sent to object: 'Object Repository/PartyOnboarding/Personal/PartyRequiredDocument/Issuing Country'&#xD;
&#xD;
2019-08-22 09:34:31 - [MESSAGE][PASSED] - Delayed 1 second(s)&#xD;
&#xD;
2019-08-22 09:34:31 - [MESSAGE][PASSED] - Object 'Object Repository/PartyOnboarding/Personal/PartyRequiredDocument/Document Verified' is visible&#xD;
&#xD;
2019-08-22 09:34:31 - [MESSAGE][PASSED] - Keys 'TAB + TRUE' sent to object: 'Object Repository/PartyOnboarding/Personal/PartyRequiredDocument/Document Verified'&#xD;
&#xD;
2019-08-22 09:34:31 - [MESSAGE][PASSED] - Object 'Object Repository/PartyOnboarding/Personal/PartyRequiredDocument/Save Row' is visible&#xD;
&#xD;
2019-08-22 09:34:31 - [MESSAGE][PASSED] - Execute JavaScript 'arguments[0].click();' successfully&#xD;
&#xD;
2019-08-22 09:34:31 - [MESSAGE][PASSED] - Object 'Object Repository/PartyOnboarding/Personal/PartyRequiredDocument/New Row' is visible&#xD;
&#xD;
2019-08-22 09:34:31 - [MESSAGE][PASSED] - Execute JavaScript 'arguments[0].click();' successfully&#xD;
&#xD;
2019-08-22 09:34:31 - [MESSAGE][PASSED] - Object 'Object Repository/PartyOnboarding/Personal/PartyRequiredDocument/DocumentCategory' is visible&#xD;
&#xD;
2019-08-22 09:34:32 - [MESSAGE][PASSED] - Keys 'TAB + PT-FILING HISTORY' sent to object: 'Object Repository/PartyOnboarding/Personal/PartyRequiredDocument/DocumentCategory'&#xD;
&#xD;
2019-08-22 09:34:33 - [MESSAGE][PASSED] - Delayed 1 second(s)&#xD;
&#xD;
2019-08-22 09:34:33 - [MESSAGE][PASSED] - Object 'Object Repository/PartyOnboarding/Personal/PartyRequiredDocument/Document Type' is visible&#xD;
&#xD;
2019-08-22 09:34:34 - [MESSAGE][PASSED] - Keys 'TAB + FILING HISTORY' sent to object: 'Object Repository/PartyOnboarding/Personal/PartyRequiredDocument/Document Type'&#xD;
&#xD;
2019-08-22 09:34:35 - [MESSAGE][PASSED] - Delayed 1 second(s)&#xD;
&#xD;
2019-08-22 09:34:35 - [MESSAGE][PASSED] - Object 'Object Repository/PartyOnboarding/Personal/PartyRequiredDocument/Issuing Country' is visible&#xD;
&#xD;
2019-08-22 09:34:35 - [MESSAGE][PASSED] - Keys 'Myanmar' sent to object: 'Object Repository/PartyOnboarding/Personal/PartyRequiredDocument/Issuing Country'&#xD;
&#xD;
2019-08-22 09:34:36 - [MESSAGE][PASSED] - Delayed 1 second(s)&#xD;
&#xD;
2019-08-22 09:34:36 - [MESSAGE][PASSED] - Object 'Object Repository/PartyOnboarding/Personal/PartyRequiredDocument/Document Verified' is visible&#xD;
&#xD;
2019-08-22 09:34:37 - [MESSAGE][PASSED] - Keys 'TAB + TRUE' sent to object: 'Object Repository/PartyOnboarding/Personal/PartyRequiredDocument/Document Verified'&#xD;
&#xD;
2019-08-22 09:34:37 - [MESSAGE][PASSED] - Object 'Object Repository/PartyOnboarding/Personal/PartyRequiredDocument/Save Row' is visible&#xD;
&#xD;
2019-08-22 09:34:37 - [MESSAGE][PASSED] - Execute JavaScript 'arguments[0].click();' successfully&#xD;
&#xD;
2019-08-22 09:34:37 - [MESSAGE][PASSED] - Object 'Object Repository/PartyOnboarding/Personal/PartyRequiredDocument/New Row' is visible&#xD;
&#xD;
2019-08-22 09:34:37 - [MESSAGE][PASSED] - Execute JavaScript 'arguments[0].click();' successfully&#xD;
&#xD;
2019-08-22 09:34:37 - [MESSAGE][PASSED] - Object 'Object Repository/PartyOnboarding/Personal/PartyRequiredDocument/DocumentCategory' is visible&#xD;
&#xD;
2019-08-22 09:34:38 - [MESSAGE][PASSED] - Keys 'TAB + PT-FORM QA 22(FOREIGNER)' sent to object: 'Object Repository/PartyOnboarding/Personal/PartyRequiredDocument/DocumentCategory'&#xD;
&#xD;
2019-08-22 09:34:39 - [MESSAGE][PASSED] - Delayed 1 second(s)&#xD;
&#xD;
2019-08-22 09:34:39 - [MESSAGE][PASSED] - Object 'Object Repository/PartyOnboarding/Personal/PartyRequiredDocument/Document Type' is visible&#xD;
&#xD;
2019-08-22 09:34:40 - [MESSAGE][PASSED] - Keys 'TAB + FORM QA 22(FOREIGNER)' sent to object: 'Object Repository/PartyOnboarding/Personal/PartyRequiredDocument/Document Type'&#xD;
&#xD;
2019-08-22 09:34:41 - [MESSAGE][PASSED] - Delayed 1 second(s)&#xD;
&#xD;
2019-08-22 09:34:41 - [MESSAGE][PASSED] - Object 'Object Repository/PartyOnboarding/Personal/PartyRequiredDocument/Issuing Country' is visible&#xD;
&#xD;
2019-08-22 09:34:41 - [MESSAGE][PASSED] - Keys 'Myanmar' sent to object: 'Object Repository/PartyOnboarding/Personal/PartyRequiredDocument/Issuing Country'&#xD;
&#xD;
2019-08-22 09:34:42 - [MESSAGE][PASSED] - Delayed 1 second(s)&#xD;
&#xD;
2019-08-22 09:34:42 - [MESSAGE][PASSED] - Object 'Object Repository/PartyOnboarding/Personal/PartyRequiredDocument/Document Verified' is visible&#xD;
&#xD;
2019-08-22 09:34:43 - [MESSAGE][PASSED] - Keys 'TAB + TRUE' sent to object: 'Object Repository/PartyOnboarding/Personal/PartyRequiredDocument/Document Verified'&#xD;
&#xD;
2019-08-22 09:34:43 - [MESSAGE][PASSED] - Object 'Object Repository/PartyOnboarding/Personal/PartyRequiredDocument/Save Row' is visible&#xD;
&#xD;
2019-08-22 09:34:43 - [MESSAGE][PASSED] - Execute JavaScript 'arguments[0].click();' successfully&#xD;
&#xD;
2019-08-22 09:34:43 - [MESSAGE][PASSED] - Object 'Object Repository/PartyOnboarding/Personal/PartyRequiredDocument/New Row' is visible&#xD;
&#xD;
2019-08-22 09:34:43 - [MESSAGE][PASSED] - Execute JavaScript 'arguments[0].click();' successfully&#xD;
&#xD;
2019-08-22 09:34:43 - [MESSAGE][PASSED] - Object 'Object Repository/PartyOnboarding/Personal/PartyRequiredDocument/DocumentCategory' is visible&#xD;
&#xD;
2019-08-22 09:34:45 - [MESSAGE][PASSED] - Keys 'TAB + PT-LIST OF DIRECTORS AND MEMBER DETAILS' sent to object: 'Object Repository/PartyOnboarding/Personal/PartyRequiredDocument/DocumentCategory'&#xD;
&#xD;
2019-08-22 09:34:46 - [MESSAGE][PASSED] - Delayed 1 second(s)&#xD;
&#xD;
2019-08-22 09:34:46 - [MESSAGE][PASSED] - Object 'Object Repository/PartyOnboarding/Personal/PartyRequiredDocument/Document Type' is visible&#xD;
&#xD;
2019-08-22 09:34:47 - [MESSAGE][PASSED] - Keys 'TAB + LIST OF DIRECTORS AND MEMBER DETAILS' sent to object: 'Object Repository/PartyOnboarding/Personal/PartyRequiredDocument/Document Type'&#xD;
&#xD;
2019-08-22 09:34:48 - [MESSAGE][PASSED] - Delayed 1 second(s)&#xD;
&#xD;
2019-08-22 09:34:48 - [MESSAGE][PASSED] - Object 'Object Repository/PartyOnboarding/Personal/PartyRequiredDocument/Issuing Country' is visible&#xD;
&#xD;
2019-08-22 09:34:49 - [MESSAGE][PASSED] - Keys 'Myanmar' sent to object: 'Object Repository/PartyOnboarding/Personal/PartyRequiredDocument/Issuing Country'&#xD;
&#xD;
2019-08-22 09:34:50 - [MESSAGE][PASSED] - Delayed 1 second(s)&#xD;
&#xD;
2019-08-22 09:34:50 - [MESSAGE][PASSED] - Object 'Object Repository/PartyOnboarding/Personal/PartyRequiredDocument/Document Verified' is visible&#xD;
&#xD;
2019-08-22 09:34:50 - [MESSAGE][PASSED] - Keys 'TAB + TRUE' sent to object: 'Object Repository/PartyOnboarding/Personal/PartyRequiredDocument/Document Verified'&#xD;
&#xD;
2019-08-22 09:34:50 - [MESSAGE][PASSED] - Object 'Object Repository/PartyOnboarding/Personal/PartyRequiredDocument/Save Row' is visible&#xD;
&#xD;
2019-08-22 09:34:50 - [MESSAGE][PASSED] - Execute JavaScript 'arguments[0].click();' successfully&#xD;
&#xD;
2019-08-22 09:34:50 - [MESSAGE][PASSED] - Object 'Object Repository/PartyOnboarding/Personal/PartyRequiredDocument/New Row' is visible&#xD;
&#xD;
2019-08-22 09:34:50 - [MESSAGE][PASSED] - Execute JavaScript 'arguments[0].click();' successfully&#xD;
&#xD;
2019-08-22 09:34:50 - [MESSAGE][PASSED] - Object 'Object Repository/PartyOnboarding/Personal/PartyRequiredDocument/DocumentCategory' is visible&#xD;
&#xD;
2019-08-22 09:34:52 - [MESSAGE][PASSED] - Keys 'TAB + PT-LIST OF SHAREHOLDERS AND MEMBER DETAILS' sent to object: 'Object Repository/PartyOnboarding/Personal/PartyRequiredDocument/DocumentCategory'&#xD;
&#xD;
2019-08-22 09:34:53 - [MESSAGE][PASSED] - Delayed 1 second(s)&#xD;
&#xD;
2019-08-22 09:34:53 - [MESSAGE][PASSED] - Object 'Object Repository/PartyOnboarding/Personal/PartyRequiredDocument/Document Type' is visible&#xD;
&#xD;
2019-08-22 09:34:55 - [MESSAGE][PASSED] - Keys 'TAB + LIST OF SHAREHOLDERS AND MEMBER DETAILS' sent to object: 'Object Repository/PartyOnboarding/Personal/PartyRequiredDocument/Document Type'&#xD;
&#xD;
2019-08-22 09:34:56 - [MESSAGE][PASSED] - Delayed 1 second(s)&#xD;
&#xD;
2019-08-22 09:34:56 - [MESSAGE][PASSED] - Object 'Object Repository/PartyOnboarding/Personal/PartyRequiredDocument/Issuing Country' is visible&#xD;
&#xD;
2019-08-22 09:34:56 - [MESSAGE][PASSED] - Keys 'Myanmar' sent to object: 'Object Repository/PartyOnboarding/Personal/PartyRequiredDocument/Issuing Country'&#xD;
&#xD;
2019-08-22 09:34:57 - [MESSAGE][PASSED] - Delayed 1 second(s)&#xD;
&#xD;
2019-08-22 09:34:57 - [MESSAGE][PASSED] - Object 'Object Repository/PartyOnboarding/Personal/PartyRequiredDocument/Document Verified' is visible&#xD;
&#xD;
2019-08-22 09:34:58 - [MESSAGE][PASSED] - Keys 'TAB + TRUE' sent to object: 'Object Repository/PartyOnboarding/Personal/PartyRequiredDocument/Document Verified'&#xD;
&#xD;
2019-08-22 09:34:58 - [MESSAGE][PASSED] - Object 'Object Repository/PartyOnboarding/Personal/PartyRequiredDocument/Save Row' is visible&#xD;
&#xD;
2019-08-22 09:34:58 - [MESSAGE][PASSED] - Execute JavaScript 'arguments[0].click();' successfully&#xD;
&#xD;
2019-08-22 09:34:58 - [MESSAGE][PASSED] - Object 'Object Repository/PartyOnboarding/Personal/PartyRequiredDocument/New Row' is visible&#xD;
&#xD;
2019-08-22 09:34:58 - [MESSAGE][PASSED] - Execute JavaScript 'arguments[0].click();' successfully&#xD;
&#xD;
2019-08-22 09:34:58 - [MESSAGE][PASSED] - Object 'Object Repository/PartyOnboarding/Personal/PartyRequiredDocument/DocumentCategory' is visible&#xD;
&#xD;
2019-08-22 09:35:00 - [MESSAGE][PASSED] - Keys 'TAB + PT-NRC/PASSPORT COPY OF AUTHORIZED SIGNATORY' sent to object: 'Object Repository/PartyOnboarding/Personal/PartyRequiredDocument/DocumentCategory'&#xD;
&#xD;
2019-08-22 09:35:01 - [MESSAGE][PASSED] - Delayed 1 second(s)&#xD;
&#xD;
2019-08-22 09:35:01 - [MESSAGE][PASSED] - Object 'Object Repository/PartyOnboarding/Personal/PartyRequiredDocument/Document Type' is visible&#xD;
&#xD;
2019-08-22 09:35:03 - [MESSAGE][PASSED] - Keys 'TAB + NRC/PASSPORT COPY OF AUTHORIZED SIGNATORY' sent to object: 'Object Repository/PartyOnboarding/Personal/PartyRequiredDocument/Document Type'&#xD;
&#xD;
2019-08-22 09:35:04 - [MESSAGE][PASSED] - Delayed 1 second(s)&#xD;
&#xD;
2019-08-22 09:35:04 - [MESSAGE][PASSED] - Object 'Object Repository/PartyOnboarding/Personal/PartyRequiredDocument/Issuing Country' is visible&#xD;
&#xD;
2019-08-22 09:35:04 - [MESSAGE][PASSED] - Keys 'Myanmar' sent to object: 'Object Repository/PartyOnboarding/Personal/PartyRequiredDocument/Issuing Country'&#xD;
&#xD;
2019-08-22 09:35:05 - [MESSAGE][PASSED] - Delayed 1 second(s)&#xD;
&#xD;
2019-08-22 09:35:05 - [MESSAGE][PASSED] - Object 'Object Repository/PartyOnboarding/Personal/PartyRequiredDocument/Document Verified' is visible&#xD;
&#xD;
2019-08-22 09:35:06 - [MESSAGE][PASSED] - Keys 'TAB + TRUE' sent to object: 'Object Repository/PartyOnboarding/Personal/PartyRequiredDocument/Document Verified'&#xD;
&#xD;
2019-08-22 09:35:06 - [MESSAGE][PASSED] - Object 'Object Repository/PartyOnboarding/Personal/PartyRequiredDocument/Save Row' is visible&#xD;
&#xD;
2019-08-22 09:35:06 - [MESSAGE][PASSED] - Execute JavaScript 'arguments[0].click();' successfully&#xD;
&#xD;
2019-08-22 09:35:06 - [MESSAGE][PASSED] - Object 'Object Repository/PartyOnboarding/Personal/PartyRequiredDocument/New Row' is visible&#xD;
&#xD;
2019-08-22 09:35:06 - [MESSAGE][PASSED] - Execute JavaScript 'arguments[0].click();' successfully&#xD;
&#xD;
2019-08-22 09:35:06 - [MESSAGE][PASSED] - Object 'Object Repository/PartyOnboarding/Personal/PartyRequiredDocument/DocumentCategory' is visible&#xD;
&#xD;
2019-08-22 09:35:08 - [MESSAGE][PASSED] - Keys 'TAB + PT-NRC/PASSPORT COPY OF SHAREHOLDERS' sent to object: 'Object Repository/PartyOnboarding/Personal/PartyRequiredDocument/DocumentCategory'&#xD;
&#xD;
2019-08-22 09:35:09 - [MESSAGE][PASSED] - Delayed 1 second(s)&#xD;
&#xD;
2019-08-22 09:35:09 - [MESSAGE][PASSED] - Object 'Object Repository/PartyOnboarding/Personal/PartyRequiredDocument/Document Type' is visible&#xD;
&#xD;
2019-08-22 09:35:10 - [MESSAGE][PASSED] - Keys 'TAB + NRC/PASSPORT COPY OF SHAREHOLDERS' sent to object: 'Object Repository/PartyOnboarding/Personal/PartyRequiredDocument/Document Type'&#xD;
&#xD;
2019-08-22 09:35:11 - [MESSAGE][PASSED] - Delayed 1 second(s)&#xD;
&#xD;
2019-08-22 09:35:11 - [MESSAGE][PASSED] - Object 'Object Repository/PartyOnboarding/Personal/PartyRequiredDocument/Issuing Country' is visible&#xD;
&#xD;
2019-08-22 09:35:12 - [MESSAGE][PASSED] - Keys 'Myanmar' sent to object: 'Object Repository/PartyOnboarding/Personal/PartyRequiredDocument/Issuing Country'&#xD;
&#xD;
2019-08-22 09:35:13 - [MESSAGE][PASSED] - Delayed 1 second(s)&#xD;
&#xD;
2019-08-22 09:35:13 - [MESSAGE][PASSED] - Object 'Object Repository/PartyOnboarding/Personal/PartyRequiredDocument/Document Verified' is visible&#xD;
&#xD;
2019-08-22 09:35:13 - [MESSAGE][PASSED] - Keys 'TAB + TRUE' sent to object: 'Object Repository/PartyOnboarding/Personal/PartyRequiredDocument/Document Verified'&#xD;
&#xD;
2019-08-22 09:35:13 - [MESSAGE][PASSED] - Object 'Object Repository/PartyOnboarding/Personal/PartyRequiredDocument/Save Row' is visible&#xD;
&#xD;
2019-08-22 09:35:13 - [MESSAGE][PASSED] - Execute JavaScript 'arguments[0].click();' successfully&#xD;
&#xD;
2019-08-22 09:35:13 - [MESSAGE][PASSED] - Object 'Object Repository/PartyOnboarding/Personal/PartyRequiredDocument/New Row' is visible&#xD;
&#xD;
2019-08-22 09:35:13 - [MESSAGE][PASSED] - Execute JavaScript 'arguments[0].click();' successfully&#xD;
&#xD;
2019-08-22 09:35:13 - [MESSAGE][PASSED] - Object 'Object Repository/PartyOnboarding/Personal/PartyRequiredDocument/DocumentCategory' is visible&#xD;
&#xD;
2019-08-22 09:35:14 - [MESSAGE][PASSED] - Keys 'TAB + PT-REGISTERED COMPANY ADDRESS' sent to object: 'Object Repository/PartyOnboarding/Personal/PartyRequiredDocument/DocumentCategory'&#xD;
&#xD;
2019-08-22 09:35:15 - [MESSAGE][PASSED] - Delayed 1 second(s)&#xD;
&#xD;
2019-08-22 09:35:15 - [MESSAGE][PASSED] - Object 'Object Repository/PartyOnboarding/Personal/PartyRequiredDocument/Document Type' is visible&#xD;
&#xD;
2019-08-22 09:35:17 - [MESSAGE][PASSED] - Keys 'TAB + REGISTERED COMPANY ADDRESS' sent to object: 'Object Repository/PartyOnboarding/Personal/PartyRequiredDocument/Document Type'&#xD;
&#xD;
2019-08-22 09:35:18 - [MESSAGE][PASSED] - Delayed 1 second(s)&#xD;
&#xD;
2019-08-22 09:35:18 - [MESSAGE][PASSED] - Object 'Object Repository/PartyOnboarding/Personal/PartyRequiredDocument/Issuing Country' is visible&#xD;
&#xD;
2019-08-22 09:35:18 - [MESSAGE][PASSED] - Keys 'Myanmar' sent to object: 'Object Repository/PartyOnboarding/Personal/PartyRequiredDocument/Issuing Country'&#xD;
&#xD;
2019-08-22 09:35:19 - [MESSAGE][PASSED] - Delayed 1 second(s)&#xD;
&#xD;
2019-08-22 09:35:19 - [MESSAGE][PASSED] - Object 'Object Repository/PartyOnboarding/Personal/PartyRequiredDocument/Document Verified' is visible&#xD;
&#xD;
2019-08-22 09:35:19 - [MESSAGE][PASSED] - Keys 'TAB + TRUE' sent to object: 'Object Repository/PartyOnboarding/Personal/PartyRequiredDocument/Document Verified'&#xD;
&#xD;
2019-08-22 09:35:19 - [MESSAGE][PASSED] - Object 'Object Repository/PartyOnboarding/Personal/PartyRequiredDocument/Save Row' is visible&#xD;
&#xD;
2019-08-22 09:35:19 - [MESSAGE][PASSED] - Execute JavaScript 'arguments[0].click();' successfully&#xD;
&#xD;
2019-08-22 09:35:20 - [MESSAGE][PASSED] - Object 'Object Repository/PartyOnboarding/Personal/PartyRequiredDocument/New Row' is visible&#xD;
&#xD;
2019-08-22 09:35:20 - [MESSAGE][PASSED] - Execute JavaScript 'arguments[0].click();' successfully&#xD;
&#xD;
2019-08-22 09:35:20 - [MESSAGE][PASSED] - Object 'Object Repository/PartyOnboarding/Personal/PartyRequiredDocument/DocumentCategory' is visible&#xD;
&#xD;
2019-08-22 09:35:22 - [MESSAGE][PASSED] - Keys 'TAB + PT-VALID VISA COPY OF AUTH. SIGNATORY(FOREIGNER)' sent to object: 'Object Repository/PartyOnboarding/Personal/PartyRequiredDocument/DocumentCategory'&#xD;
&#xD;
2019-08-22 09:35:23 - [MESSAGE][PASSED] - Delayed 1 second(s)&#xD;
&#xD;
2019-08-22 09:35:23 - [MESSAGE][PASSED] - Object 'Object Repository/PartyOnboarding/Personal/PartyRequiredDocument/Document Type' is visible&#xD;
&#xD;
2019-08-22 09:35:25 - [MESSAGE][PASSED] - Keys 'TAB + VALID VISA COPY OF AUTH. SIGNATORY(FOREIGNER)' sent to object: 'Object Repository/PartyOnboarding/Personal/PartyRequiredDocument/Document Type'&#xD;
&#xD;
2019-08-22 09:35:26 - [MESSAGE][PASSED] - Delayed 1 second(s)&#xD;
&#xD;
2019-08-22 09:35:26 - [MESSAGE][PASSED] - Object 'Object Repository/PartyOnboarding/Personal/PartyRequiredDocument/Issuing Country' is visible&#xD;
&#xD;
2019-08-22 09:35:26 - [MESSAGE][PASSED] - Keys 'Myanmar' sent to object: 'Object Repository/PartyOnboarding/Personal/PartyRequiredDocument/Issuing Country'&#xD;
&#xD;
2019-08-22 09:35:27 - [MESSAGE][PASSED] - Delayed 1 second(s)&#xD;
&#xD;
2019-08-22 09:35:27 - [MESSAGE][PASSED] - Object 'Object Repository/PartyOnboarding/Personal/PartyRequiredDocument/Document Verified' is visible&#xD;
&#xD;
2019-08-22 09:35:28 - [MESSAGE][PASSED] - Keys 'TAB + TRUE' sent to object: 'Object Repository/PartyOnboarding/Personal/PartyRequiredDocument/Document Verified'&#xD;
&#xD;
2019-08-22 09:35:28 - [MESSAGE][PASSED] - Object 'Object Repository/PartyOnboarding/Personal/PartyRequiredDocument/Save Row' is visible&#xD;
&#xD;
2019-08-22 09:35:28 - [MESSAGE][PASSED] - Execute JavaScript 'arguments[0].click();' successfully&#xD;
&#xD;
2019-08-22 09:35:28 - [MESSAGE][PASSED] - Object 'Object Repository/PartyOnboarding/Personal/PartyRequiredDocument/ddl_DocumentsCollectionStatus' is visible&#xD;
&#xD;
2019-08-22 09:35:30 - [MESSAGE][PASSED] - Keys 'Documents collected and validated centrally' sent to object: 'Object Repository/PartyOnboarding/Personal/PartyRequiredDocument/ddl_DocumentsCollectionStatus'&#xD;
&#xD;
2019-08-22 09:35:30 - [TEST_STEP][PASSED] - partyOnboardingEnterprise.clickNextbutton(): Object: 'Object Repository/PartyOnboarding/btn_Next' is clicked on&#xD;
&#xD;
2019-08-22 09:35:30 - [MESSAGE][PASSED] - Object 'Object Repository/PartyOnboarding/btn_Next' is visible&#xD;
&#xD;
2019-08-22 09:35:30 - [MESSAGE][PASSED] - Object: 'Object Repository/PartyOnboarding/btn_Next' is clicked on&#xD;
&#xD;
2019-08-22 09:35:30 - [TEST_STEP][PASSED] - delay(1): Delayed 1 second(s)&#xD;
&#xD;
2019-08-22 09:35:31 - [MESSAGE][PASSED] - Delayed 1 second(s)&#xD;
&#xD;
2019-08-22 09:35:31 - [TEST_STEP][PASSED] - log.logInfo("--- " + " Click Next button ---"): ---  Click Next button ---&#xD;
&#xD;
2019-08-22 09:35:31 - [MESSAGE][INFO] - ---  Click Next button ---&#xD;
&#xD;
2019-08-22 09:35:31 - [TEST_STEP][PASSED] - partyOnboardingEnterprise.clickNextbutton(): Object: 'Object Repository/PartyOnboarding/btn_Next' is clicked on&#xD;
&#xD;
2019-08-22 09:35:31 - [MESSAGE][PASSED] - Object 'Object Repository/PartyOnboarding/btn_Next' is visible&#xD;
&#xD;
2019-08-22 09:35:31 - [MESSAGE][PASSED] - Object: 'Object Repository/PartyOnboarding/btn_Next' is clicked on&#xD;
&#xD;
2019-08-22 09:35:31 - [TEST_STEP][PASSED] - log.logInfo("--- " + " Click Next button ---"): ---  Click Next button ---&#xD;
&#xD;
2019-08-22 09:35:31 - [MESSAGE][INFO] - ---  Click Next button ---&#xD;
&#xD;
2019-08-22 09:35:31 - [TEST_STEP][PASSED] - delay(1): Delayed 1 second(s)&#xD;
&#xD;
2019-08-22 09:35:32 - [MESSAGE][PASSED] - Delayed 1 second(s)&#xD;
&#xD;
2019-08-22 09:35:32 - [TEST_STEP][PASSED] - partyOnboardingEnterprise.clickNextbutton(): Object: 'Object Repository/PartyOnboarding/btn_Next' is clicked on&#xD;
&#xD;
2019-08-22 09:35:32 - [MESSAGE][PASSED] - Object 'Object Repository/PartyOnboarding/btn_Next' is visible&#xD;
&#xD;
2019-08-22 09:35:32 - [MESSAGE][PASSED] - Object: 'Object Repository/PartyOnboarding/btn_Next' is clicked on&#xD;
&#xD;
2019-08-22 09:35:32 - [TEST_STEP][PASSED] - log.logInfo("--- " + " Click Process on Warning box ---"): ---  Click Process on Warning box ---&#xD;
&#xD;
2019-08-22 09:35:32 - [MESSAGE][INFO] - ---  Click Process on Warning box ---&#xD;
&#xD;
2019-08-22 09:35:32 - [TEST_STEP][PASSED] - partyOnboardingEnterprise.clickAskForApprovalbutton(): Object: 'Object Repository/PartyOnboarding/RequestToApproval/AskForApproval_btn' is clicked on&#xD;
&#xD;
2019-08-22 09:35:33 - [MESSAGE][PASSED] - Object 'Object Repository/PartyOnboarding/RequestToApproval/AskForApproval_btn' is visible&#xD;
&#xD;
2019-08-22 09:35:33 - [MESSAGE][PASSED] - Object: 'Object Repository/PartyOnboarding/RequestToApproval/AskForApproval_btn' is clicked on</system-out>
            <system-err></system-err>
        </testcase>
        <testcase name="Test Cases/DataPreparation/PartyOnboardingEnterprise" classname="Test Cases/DataPreparation/PartyOnboardingEnterprise" status="PASSED">
            <system-out>2019-08-22 09:35:33 - [TEST_CASE][PASSED] - Test Cases/DataPreparation/PartyOnboardingEnterprise: Test Cases/DataPreparation/PartyOnboardingEnterprise&#xD;
&#xD;
2019-08-22 09:35:33 - [TEST_STEP][PASSED] - Start listener action : sampleBeforeTestCase: null&#xD;
&#xD;
2019-08-22 09:35:33 - [TEST_STEP][PASSED] - testCaseID = testCaseContext.getTestCaseId(): null&#xD;
&#xD;
2019-08-22 09:35:33 - [TEST_STEP][PASSED] - log = new com.kms.katalon.core.util.KeywordUtil(): null&#xD;
&#xD;
2019-08-22 09:35:33 - [TEST_STEP][PASSED] - partyOnboardingEnterprise = new pageObjects.PartyOnboarding(): null&#xD;
&#xD;
2019-08-22 09:35:33 - [TEST_STEP][PASSED] - delay(3): Delayed 3 second(s)&#xD;
&#xD;
2019-08-22 09:35:36 - [MESSAGE][PASSED] - Delayed 3 second(s)&#xD;
&#xD;
2019-08-22 09:35:36 - [TEST_STEP][PASSED] - log.logInfo("--- Open Party Onboarding in Menu Search ---"): --- Open Party Onboarding in Menu Search ---&#xD;
&#xD;
2019-08-22 09:35:36 - [MESSAGE][INFO] - --- Open Party Onboarding in Menu Search ---&#xD;
&#xD;
2019-08-22 09:35:36 - [TEST_STEP][PASSED] - partyOnboardingEnterprise.inputPartyOnboardingMenuSearch(): Object 'menuSearch_txt' is present&#xD;
&#xD;
2019-08-22 09:35:36 - [MESSAGE][PASSED] - Object 'Object Repository/Menu_Search' is visible&#xD;
&#xD;
2019-08-22 09:35:36 - [MESSAGE][PASSED] - Keys 'ENTER + Party Onboarding' sent to object: 'Object Repository/Menu_Search'&#xD;
&#xD;
2019-08-22 09:35:36 - [MESSAGE][PASSED] - Object 'menuSearch_txt' is present&#xD;
&#xD;
2019-08-22 09:35:36 - [TEST_STEP][PASSED] - log.logInfo("/---------------Party Onboarding---------------/"): /---------------Party Onboarding---------------/&#xD;
&#xD;
2019-08-22 09:35:36 - [MESSAGE][INFO] - /---------------Party Onboarding---------------/&#xD;
&#xD;
2019-08-22 09:35:36 - [TEST_STEP][PASSED] - log.logInfo("--- Input Local Global ---"): --- Input Local Global ---&#xD;
&#xD;
2019-08-22 09:35:36 - [MESSAGE][INFO] - --- Input Local Global ---&#xD;
&#xD;
2019-08-22 09:35:36 - [TEST_STEP][PASSED] - partyOnboardingEnterprise.inputLocalGlobal(s01_localglobal): Keys 'Local Private' sent to object: 'Object Repository/PartyOnboarding/PartyOnboarding/Local Global'&#xD;
&#xD;
2019-08-22 09:35:37 - [MESSAGE][PASSED] - Text of object 'Object Repository/PartyOnboarding/PartyOnboarding/Local Global' is cleared&#xD;
&#xD;
2019-08-22 09:35:38 - [MESSAGE][PASSED] - Object 'Object Repository/PartyOnboarding/PartyOnboarding/Local Global' is visible&#xD;
&#xD;
2019-08-22 09:35:38 - [MESSAGE][PASSED] - Object 'Object Repository/PartyOnboarding/PartyOnboarding/Local Global' is visible&#xD;
&#xD;
2019-08-22 09:35:38 - [MESSAGE][PASSED] - Keys 'Local Private' sent to object: 'Object Repository/PartyOnboarding/PartyOnboarding/Local Global'&#xD;
&#xD;
2019-08-22 09:35:38 - [TEST_STEP][PASSED] - log.logInfo("--- Input Party Type ---"): --- Input Party Type ---&#xD;
&#xD;
2019-08-22 09:35:38 - [MESSAGE][INFO] - --- Input Party Type ---&#xD;
&#xD;
2019-08-22 09:35:38 - [TEST_STEP][PASSED] - partyOnboardingEnterprise.inputPartyType(s01_partytype): Keys 'TAB + Enterprise' sent to object: 'Object Repository/PartyOnboarding/PartyOnboarding/Party Type'&#xD;
&#xD;
2019-08-22 09:35:38 - [MESSAGE][PASSED] - Object 'Object Repository/PartyOnboarding/PartyOnboarding/Party Type' is visible&#xD;
&#xD;
2019-08-22 09:35:38 - [MESSAGE][PASSED] - Keys 'TAB + Enterprise' sent to object: 'Object Repository/PartyOnboarding/PartyOnboarding/Party Type'&#xD;
&#xD;
2019-08-22 09:35:38 - [TEST_STEP][PASSED] - log.logInfo("--- Input Party Sub Type ---"): --- Input Party Sub Type ---&#xD;
&#xD;
2019-08-22 09:35:38 - [MESSAGE][INFO] - --- Input Party Sub Type ---&#xD;
&#xD;
2019-08-22 09:35:38 - [TEST_STEP][PASSED] - partyOnboardingEnterprise.inputPartySubType(s01_partysubtype): Keys 'PRIVATE/PUBLIC/PUBLIC LISTED COMPANY (MYANMAR)' sent to object: 'Object Repository/PartyOnboarding/PartyOnboarding/Party Sub-Type'&#xD;
&#xD;
2019-08-22 09:35:39 - [MESSAGE][PASSED] - Delayed 1 second(s)&#xD;
&#xD;
2019-08-22 09:35:39 - [MESSAGE][PASSED] - Object 'Object Repository/PartyOnboarding/PartyOnboarding/Party Type' is visible&#xD;
&#xD;
2019-08-22 09:35:40 - [MESSAGE][PASSED] - Keys 'PRIVATE/PUBLIC/PUBLIC LISTED COMPANY (MYANMAR)' sent to object: 'Object Repository/PartyOnboarding/PartyOnboarding/Party Sub-Type'&#xD;
&#xD;
2019-08-22 09:35:40 - [TEST_STEP][PASSED] - log.logInfo("--- Input Party Category ---"): --- Input Party Category ---&#xD;
&#xD;
2019-08-22 09:35:40 - [MESSAGE][INFO] - --- Input Party Category ---&#xD;
&#xD;
2019-08-22 09:35:40 - [TEST_STEP][PASSED] - partyOnboardingEnterprise.inputPartyCategory(s01_partycategory): Keys 'Full' sent to object: 'Object Repository/PartyOnboarding/PartyOnboarding/Party Category'&#xD;
&#xD;
2019-08-22 09:35:40 - [MESSAGE][PASSED] - Object 'Object Repository/PartyOnboarding/PartyOnboarding/Party Category' is visible&#xD;
&#xD;
2019-08-22 09:35:41 - [MESSAGE][PASSED] - Keys 'Full' sent to object: 'Object Repository/PartyOnboarding/PartyOnboarding/Party Category'&#xD;
&#xD;
2019-08-22 09:35:41 - [TEST_STEP][PASSED] - log.logInfo("--- Check Line of Business ---"): --- Check Line of Business ---&#xD;
&#xD;
2019-08-22 09:35:41 - [MESSAGE][INFO] - --- Check Line of Business ---&#xD;
&#xD;
2019-08-22 09:35:41 - [TEST_STEP][PASSED] - partyOnboardingEnterprise.clickLineofBusiness(s01_lineofbusiness, findTestObject("PartyOnboarding/PartyOnboarding/div_Core Banking")): Object 'Object Repository/PartyOnboarding/PartyOnboarding/LineofBusiness_List' is checked&#xD;
&#xD;
2019-08-22 09:35:41 - [MESSAGE][PASSED] - Object 'Object Repository/PartyOnboarding/PartyOnboarding/div_Core Banking' is visible&#xD;
&#xD;
2019-08-22 09:35:41 - [MESSAGE][PASSED] - Attribute 'aria-checked' of object 'Object Repository/PartyOnboarding/PartyOnboarding/div_Core Banking' is: 'true'&#xD;
&#xD;
2019-08-22 09:35:41 - [MESSAGE][PASSED] - Object 'Object Repository/PartyOnboarding/PartyOnboarding/chk_SelectAllLineOfBusiness' is visible&#xD;
&#xD;
2019-08-22 09:35:41 - [MESSAGE][PASSED] - Attribute 'aria-checked' of object 'Object Repository/PartyOnboarding/PartyOnboarding/chk_SelectAllLineOfBusiness' is: 'true'&#xD;
&#xD;
2019-08-22 09:35:41 - [MESSAGE][PASSED] - Object 'Object Repository/PartyOnboarding/PartyOnboarding/LineofBusiness_List' is visible&#xD;
&#xD;
2019-08-22 09:35:41 - [MESSAGE][PASSED] - Attribute 'aria-checked' of object 'Object Repository/PartyOnboarding/PartyOnboarding/LineofBusiness_List' is: 'true'&#xD;
&#xD;
2019-08-22 09:35:41 - [MESSAGE][PASSED] - Object 'Object Repository/PartyOnboarding/PartyOnboarding/LineofBusiness_List' is visible&#xD;
&#xD;
2019-08-22 09:35:41 - [MESSAGE][PASSED] - Attribute 'aria-checked' of object 'Object Repository/PartyOnboarding/PartyOnboarding/LineofBusiness_List' is: 'true'&#xD;
&#xD;
2019-08-22 09:35:41 - [MESSAGE][PASSED] - Object 'Object Repository/PartyOnboarding/PartyOnboarding/chk_SelectAllLineOfBusiness' is visible&#xD;
&#xD;
2019-08-22 09:35:41 - [MESSAGE][PASSED] - Attribute 'aria-checked' of object 'Object Repository/PartyOnboarding/PartyOnboarding/chk_SelectAllLineOfBusiness' is: 'true'&#xD;
&#xD;
2019-08-22 09:35:41 - [MESSAGE][PASSED] - Object 'Object Repository/PartyOnboarding/PartyOnboarding/chk_SelectAllLineOfBusiness' is checked&#xD;
&#xD;
2019-08-22 09:35:41 - [MESSAGE][PASSED] - Object 'Object Repository/PartyOnboarding/PartyOnboarding/div_Core Banking' is visible&#xD;
&#xD;
2019-08-22 09:35:41 - [MESSAGE][PASSED] - Attribute 'aria-checked' of object 'Object Repository/PartyOnboarding/PartyOnboarding/div_Core Banking' is: 'false'&#xD;
&#xD;
2019-08-22 09:35:41 - [MESSAGE][PASSED] - Object 'Object Repository/PartyOnboarding/PartyOnboarding/div_Core Banking' is checked&#xD;
&#xD;
2019-08-22 09:35:41 - [MESSAGE][PASSED] - Object 'Object Repository/PartyOnboarding/PartyOnboarding/LineofBusiness_List' is visible&#xD;
&#xD;
2019-08-22 09:35:41 - [MESSAGE][PASSED] - Attribute 'aria-checked' of object 'Object Repository/PartyOnboarding/PartyOnboarding/LineofBusiness_List' is: 'false'&#xD;
&#xD;
2019-08-22 09:35:41 - [MESSAGE][PASSED] - Object 'Object Repository/PartyOnboarding/PartyOnboarding/LineofBusiness_List' is checked&#xD;
&#xD;
2019-08-22 09:35:41 - [TEST_STEP][PASSED] - log.logInfo("--- Click Next to Party Check List  ---"): --- Click Next to Party Check List  ---&#xD;
&#xD;
2019-08-22 09:35:41 - [MESSAGE][INFO] - --- Click Next to Party Check List  ---&#xD;
&#xD;
2019-08-22 09:35:41 - [TEST_STEP][PASSED] - partyOnboardingEnterprise.clickNextbutton(): Object: 'Object Repository/PartyOnboarding/btn_Next' is clicked on&#xD;
&#xD;
2019-08-22 09:35:41 - [MESSAGE][PASSED] - Object 'Object Repository/PartyOnboarding/btn_Next' is visible&#xD;
&#xD;
2019-08-22 09:35:42 - [MESSAGE][PASSED] - Object: 'Object Repository/PartyOnboarding/btn_Next' is clicked on&#xD;
&#xD;
2019-08-22 09:35:42 - [TEST_STEP][PASSED] - delay(1): Delayed 1 second(s)&#xD;
&#xD;
2019-08-22 09:35:43 - [MESSAGE][PASSED] - Delayed 1 second(s)&#xD;
&#xD;
2019-08-22 09:35:43 - [TEST_STEP][PASSED] - partyOnboardingEnterprise.clickNextbutton(): Object: 'Object Repository/PartyOnboarding/btn_Next' is clicked on&#xD;
&#xD;
2019-08-22 09:35:43 - [MESSAGE][PASSED] - Object 'Object Repository/PartyOnboarding/btn_Next' is visible&#xD;
&#xD;
2019-08-22 09:35:43 - [MESSAGE][PASSED] - Object: 'Object Repository/PartyOnboarding/btn_Next' is clicked on&#xD;
&#xD;
2019-08-22 09:35:43 - [TEST_STEP][PASSED] - log.logInfo("/---------------Pre-Existence Check---------------/"): /---------------Pre-Existence Check---------------/&#xD;
&#xD;
2019-08-22 09:35:43 - [MESSAGE][INFO] - /---------------Pre-Existence Check---------------/&#xD;
&#xD;
2019-08-22 09:35:43 - [TEST_STEP][PASSED] - partyOnboardingEnterprise.inputEnterpriseName(s02_enterpriseName): Keys 'Enterprise 0000001' sent to object: 'Object Repository/PartyOnboarding/Enterprise/PreExistenceCheck/txt_EnterpriseName'&#xD;
&#xD;
2019-08-22 09:35:43 - [MESSAGE][PASSED] - Object 'Object Repository/PartyOnboarding/Enterprise/PreExistenceCheck/txt_EnterpriseName' is visible&#xD;
&#xD;
2019-08-22 09:35:44 - [MESSAGE][PASSED] - Keys 'Enterprise 0000001' sent to object: 'Object Repository/PartyOnboarding/Enterprise/PreExistenceCheck/txt_EnterpriseName'&#xD;
&#xD;
2019-08-22 09:35:44 - [TEST_STEP][PASSED] - partyOnboardingEnterprise.inputRegistration(): Keys 'OViTaPuy' sent to object: 'Object Repository/PartyOnboarding/Enterprise/PreExistenceCheck/txt_Registration'&#xD;
&#xD;
2019-08-22 09:35:44 - [MESSAGE][PASSED] - Object 'Object Repository/PartyOnboarding/Enterprise/PreExistenceCheck/txt_Registration' is visible&#xD;
&#xD;
2019-08-22 09:35:44 - [MESSAGE][PASSED] - Keys 'OViTaPuy' sent to object: 'Object Repository/PartyOnboarding/Enterprise/PreExistenceCheck/txt_Registration'&#xD;
&#xD;
2019-08-22 09:35:44 - [TEST_STEP][PASSED] - partyOnboardingEnterprise.clickNextbutton(): Object: 'Object Repository/PartyOnboarding/btn_Next' is clicked on&#xD;
&#xD;
2019-08-22 09:35:44 - [MESSAGE][PASSED] - Object 'Object Repository/PartyOnboarding/btn_Next' is visible&#xD;
&#xD;
2019-08-22 09:35:44 - [MESSAGE][PASSED] - Object: 'Object Repository/PartyOnboarding/btn_Next' is clicked on&#xD;
&#xD;
2019-08-22 09:35:44 - [TEST_STEP][PASSED] - log.logInfo("/--------------- Party Onboarding---------------/"): /--------------- Party Onboarding---------------/&#xD;
&#xD;
2019-08-22 09:35:44 - [MESSAGE][INFO] - /--------------- Party Onboarding---------------/&#xD;
&#xD;
2019-08-22 09:35:44 - [TEST_STEP][PASSED] - partyOnboardingEnterprise.inputPartyId(): Web element with id: 'Object Repository/PartyOnboarding/Personal/PersonalParty/Message/pop_ErrorDuplicatePartyID' located by 'By.xpath: //textarea[@name='03messages']' not found&#xD;
&#xD;
2019-08-22 09:35:45 - [MESSAGE][PASSED] - Object 'Object Repository/PartyOnboarding/Personal/PersonalParty/txt_PartyID' is visible&#xD;
&#xD;
2019-08-22 09:35:45 - [MESSAGE][PASSED] - Object 'Object Repository/PartyOnboarding/Personal/PersonalParty/txt_PartyID' is visible&#xD;
&#xD;
2019-08-22 09:35:46 - [MESSAGE][PASSED] - Keys 'TAB + oeEIEEl9' sent to object: 'Object Repository/PartyOnboarding/Personal/PersonalParty/txt_PartyID'&#xD;
&#xD;
2019-08-22 09:36:17 - [MESSAGE][INFO] - Unable to find the element located by 'By.xpath: //textarea[@name='03messages']'. Please recheck the objects properties to make sure the desired element is located. &#xD;
&#xD;
2019-08-22 09:36:17 - [MESSAGE][WARNING] - Web element with id: 'Object Repository/PartyOnboarding/Personal/PersonalParty/Message/pop_ErrorDuplicatePartyID' located by 'By.xpath: //textarea[@name='03messages']' not found&#xD;
&#xD;
2019-08-22 09:36:17 - [TEST_STEP][PASSED] - partyOnboardingEnterprise.inputShortNameEnterprise(s03_shortName): Keys 'TAB + Enterprise' sent to object: 'Object Repository/PartyOnboarding/Enterprise/EnterpriseParty/Short Name_txt'&#xD;
&#xD;
2019-08-22 09:36:17 - [MESSAGE][PASSED] - Object 'Object Repository/PartyOnboarding/Enterprise/EnterpriseParty/Short Name_txt' is visible&#xD;
&#xD;
2019-08-22 09:36:17 - [MESSAGE][PASSED] - Keys 'TAB + Enterprise' sent to object: 'Object Repository/PartyOnboarding/Enterprise/EnterpriseParty/Short Name_txt'&#xD;
&#xD;
2019-08-22 09:36:17 - [TEST_STEP][PASSED] - partyOnboardingEnterprise.clickNextbutton(): Object: 'Object Repository/PartyOnboarding/btn_Next' is clicked on&#xD;
&#xD;
2019-08-22 09:36:17 - [MESSAGE][PASSED] - Object 'Object Repository/PartyOnboarding/btn_Next' is visible&#xD;
&#xD;
2019-08-22 09:36:17 - [MESSAGE][PASSED] - Object: 'Object Repository/PartyOnboarding/btn_Next' is clicked on&#xD;
&#xD;
2019-08-22 09:36:17 - [TEST_STEP][PASSED] - partyOnboardingEnterprise.clickProcessInWarningBox(): Object: 'Object Repository/PartyOnboarding/Personal/PersonalParty/btn_Warnings_Proceed_NotCapture' is clicked on&#xD;
&#xD;
2019-08-22 09:36:18 - [MESSAGE][PASSED] - Object 'Object Repository/PartyOnboarding/Personal/PersonalParty/btn_Warnings_Proceed_NotCapture' is visible&#xD;
&#xD;
2019-08-22 09:36:18 - [MESSAGE][PASSED] - Object: 'Object Repository/PartyOnboarding/Personal/PersonalParty/btn_Warnings_Proceed_NotCapture' is clicked on&#xD;
&#xD;
2019-08-22 09:36:18 - [TEST_STEP][PASSED] - log.logInfo("/--------------- Party Onboarding - Address---------------/"): /--------------- Party Onboarding - Address---------------/&#xD;
&#xD;
2019-08-22 09:36:18 - [MESSAGE][INFO] - /--------------- Party Onboarding - Address---------------/&#xD;
&#xD;
2019-08-22 09:36:18 - [TEST_STEP][PASSED] - partyOnboardingEnterprise.inputRDataForAddressParty(s04_addressType, s04_userForCommunication, s04_validFrom): Execute JavaScript 'arguments[0].click();' successfully&#xD;
&#xD;
2019-08-22 09:36:19 - [MESSAGE][PASSED] - Object 'Object Repository/PartyOnboarding/Personal/PartyAddress/button_New Row_PartyAddress' is visible&#xD;
&#xD;
2019-08-22 09:36:19 - [MESSAGE][PASSED] - Execute JavaScript 'arguments[0].click();' successfully&#xD;
&#xD;
2019-08-22 09:36:19 - [MESSAGE][PASSED] - Object 'Object Repository/PartyOnboarding/Personal/PartyAddress/Address Type' is visible&#xD;
&#xD;
2019-08-22 09:36:20 - [MESSAGE][PASSED] - Keys 'TAB + Home Address' sent to object: 'Object Repository/PartyOnboarding/Personal/PartyAddress/Address Type'&#xD;
&#xD;
2019-08-22 09:36:20 - [MESSAGE][PASSED] - Object 'Object Repository/PartyOnboarding/Personal/PartyAddress/Valid From' is visible&#xD;
&#xD;
2019-08-22 09:36:20 - [MESSAGE][PASSED] - Text of object 'Object Repository/PartyOnboarding/Personal/PartyAddress/Valid From' is cleared&#xD;
&#xD;
2019-08-22 09:36:20 - [MESSAGE][PASSED] - Object 'Object Repository/PartyOnboarding/Personal/PartyAddress/Valid From' is visible&#xD;
&#xD;
2019-08-22 09:36:21 - [MESSAGE][PASSED] - Keys '2018-01-14' sent to object: 'Object Repository/PartyOnboarding/Personal/PartyAddress/Valid From'&#xD;
&#xD;
2019-08-22 09:36:21 - [MESSAGE][PASSED] - Object 'Object Repository/PartyOnboarding/Personal/PartyAddress/chk_Use  for Communication' is present&#xD;
&#xD;
2019-08-22 09:36:21 - [MESSAGE][PASSED] - Attribute 'aria-checked' of object 'Object Repository/PartyOnboarding/Personal/PartyAddress/chk_Use  for Communication' is: 'false'&#xD;
&#xD;
2019-08-22 09:36:21 - [MESSAGE][PASSED] - Object 'Object Repository/PartyOnboarding/Personal/PartyAddress/chk_Use  for Communication' is checked&#xD;
&#xD;
2019-08-22 09:36:21 - [MESSAGE][PASSED] - Object 'Object Repository/PartyOnboarding/Personal/PartyAddress/SaveRow' is visible&#xD;
&#xD;
2019-08-22 09:36:21 - [MESSAGE][PASSED] - Execute JavaScript 'arguments[0].click();' successfully&#xD;
&#xD;
2019-08-22 09:36:21 - [MESSAGE][PASSED] - Object 'Object Repository/PartyOnboarding/Personal/PartyAddress/button_New Row_PartyAddress' is visible&#xD;
&#xD;
2019-08-22 09:36:21 - [MESSAGE][PASSED] - Execute JavaScript 'arguments[0].click();' successfully&#xD;
&#xD;
2019-08-22 09:36:21 - [MESSAGE][PASSED] - Object 'Object Repository/PartyOnboarding/Personal/PartyAddress/Address Type' is visible&#xD;
&#xD;
2019-08-22 09:36:21 - [MESSAGE][PASSED] - Keys 'TAB + Current Address' sent to object: 'Object Repository/PartyOnboarding/Personal/PartyAddress/Address Type'&#xD;
&#xD;
2019-08-22 09:36:22 - [MESSAGE][PASSED] - Object 'Object Repository/PartyOnboarding/Personal/PartyAddress/Valid From' is visible&#xD;
&#xD;
2019-08-22 09:36:22 - [MESSAGE][PASSED] - Text of object 'Object Repository/PartyOnboarding/Personal/PartyAddress/Valid From' is cleared&#xD;
&#xD;
2019-08-22 09:36:22 - [MESSAGE][PASSED] - Object 'Object Repository/PartyOnboarding/Personal/PartyAddress/Valid From' is visible&#xD;
&#xD;
2019-08-22 09:36:22 - [MESSAGE][PASSED] - Keys '2018-01-17' sent to object: 'Object Repository/PartyOnboarding/Personal/PartyAddress/Valid From'&#xD;
&#xD;
2019-08-22 09:36:22 - [MESSAGE][PASSED] - Object 'Object Repository/PartyOnboarding/Personal/PartyAddress/SaveRow' is visible&#xD;
&#xD;
2019-08-22 09:36:22 - [MESSAGE][PASSED] - Execute JavaScript 'arguments[0].click();' successfully&#xD;
&#xD;
2019-08-22 09:36:22 - [MESSAGE][PASSED] - Object 'Object Repository/PartyOnboarding/Personal/PartyAddress/button_New Row_PartyAddress' is visible&#xD;
&#xD;
2019-08-22 09:36:22 - [MESSAGE][PASSED] - Execute JavaScript 'arguments[0].click();' successfully&#xD;
&#xD;
2019-08-22 09:36:22 - [MESSAGE][PASSED] - Object 'Object Repository/PartyOnboarding/Personal/PartyAddress/Address Type' is visible&#xD;
&#xD;
2019-08-22 09:36:23 - [MESSAGE][PASSED] - Keys 'TAB + Office Address' sent to object: 'Object Repository/PartyOnboarding/Personal/PartyAddress/Address Type'&#xD;
&#xD;
2019-08-22 09:36:23 - [MESSAGE][PASSED] - Object 'Object Repository/PartyOnboarding/Personal/PartyAddress/Valid From' is visible&#xD;
&#xD;
2019-08-22 09:36:23 - [MESSAGE][PASSED] - Text of object 'Object Repository/PartyOnboarding/Personal/PartyAddress/Valid From' is cleared&#xD;
&#xD;
2019-08-22 09:36:23 - [MESSAGE][PASSED] - Object 'Object Repository/PartyOnboarding/Personal/PartyAddress/Valid From' is visible&#xD;
&#xD;
2019-08-22 09:36:23 - [MESSAGE][PASSED] - Keys '2017-01-17' sent to object: 'Object Repository/PartyOnboarding/Personal/PartyAddress/Valid From'&#xD;
&#xD;
2019-08-22 09:36:23 - [MESSAGE][PASSED] - Object 'Object Repository/PartyOnboarding/Personal/PartyAddress/SaveRow' is visible&#xD;
&#xD;
2019-08-22 09:36:23 - [MESSAGE][PASSED] - Execute JavaScript 'arguments[0].click();' successfully&#xD;
&#xD;
2019-08-22 09:36:23 - [TEST_STEP][PASSED] - partyOnboardingEnterprise.clickNextbutton(): Object: 'Object Repository/PartyOnboarding/btn_Next' is clicked on&#xD;
&#xD;
2019-08-22 09:36:23 - [MESSAGE][PASSED] - Object 'Object Repository/PartyOnboarding/btn_Next' is visible&#xD;
&#xD;
2019-08-22 09:36:24 - [MESSAGE][PASSED] - Object: 'Object Repository/PartyOnboarding/btn_Next' is clicked on&#xD;
&#xD;
2019-08-22 09:36:24 - [TEST_STEP][PASSED] - partyOnboardingEnterprise.inputDataForPartyContacts(s05_contactMethod, s05_contactTypeLocation, s05_contactCountryCode, s05_contactAreaCode, s05_contactNumber, s05_contactEmail, s05_confirmEmail, s05_validFrom): Execute JavaScript 'arguments[0].click();' successfully&#xD;
&#xD;
2019-08-22 09:36:24 - [MESSAGE][PASSED] - Object 'Object Repository/PartyOnboarding/Personal/PartyContacts/New Row' is visible&#xD;
&#xD;
2019-08-22 09:36:24 - [MESSAGE][PASSED] - Execute JavaScript 'arguments[0].click();' successfully&#xD;
&#xD;
2019-08-22 09:36:25 - [MESSAGE][PASSED] - Delayed 1 second(s)&#xD;
&#xD;
2019-08-22 09:36:25 - [MESSAGE][PASSED] - Object 'Object Repository/PartyOnboarding/Personal/PartyContacts/Contact Method' is visible&#xD;
&#xD;
2019-08-22 09:36:26 - [MESSAGE][PASSED] - Keys 'TAB + Telephone' sent to object: 'Object Repository/PartyOnboarding/Personal/PartyContacts/Contact Method'&#xD;
&#xD;
2019-08-22 09:36:27 - [MESSAGE][PASSED] - Delayed 1 second(s)&#xD;
&#xD;
2019-08-22 09:36:27 - [MESSAGE][PASSED] - Object 'Object Repository/PartyOnboarding/Personal/PartyContacts/Contact Type  Location' is visible&#xD;
&#xD;
2019-08-22 09:36:27 - [MESSAGE][PASSED] - Keys 'TAB + Personal' sent to object: 'Object Repository/PartyOnboarding/Personal/PartyContacts/Contact Type  Location'&#xD;
&#xD;
2019-08-22 09:36:27 - [MESSAGE][PASSED] - Object 'Object Repository/PartyOnboarding/Personal/PartyContacts/Contact Email' is visible&#xD;
&#xD;
2019-08-22 09:36:27 - [MESSAGE][PASSED] - Object 'Object Repository/PartyOnboarding/Personal/PartyContacts/Contact Email' has attribute 'readonly'&#xD;
&#xD;
2019-08-22 09:36:27 - [MESSAGE][PASSED] - Object 'Object Repository/PartyOnboarding/Personal/PartyContacts/Contact Number_03_Code' is visible&#xD;
&#xD;
2019-08-22 09:36:27 - [MESSAGE][PASSED] - Text of object 'Object Repository/PartyOnboarding/Personal/PartyContacts/Contact Number_03_Code' is cleared&#xD;
&#xD;
2019-08-22 09:36:27 - [MESSAGE][PASSED] - Object 'Object Repository/PartyOnboarding/Personal/PartyContacts/Contact Number_03_Code' is visible&#xD;
&#xD;
2019-08-22 09:36:27 - [MESSAGE][PASSED] - Keys '+95' sent to object: 'Object Repository/PartyOnboarding/Personal/PartyContacts/Contact Number_03_Code'&#xD;
&#xD;
2019-08-22 09:36:27 - [MESSAGE][PASSED] - Object 'Object Repository/PartyOnboarding/Personal/PartyContacts/Contact Number_AreaCode' is visible&#xD;
&#xD;
2019-08-22 09:36:27 - [MESSAGE][PASSED] - Keys '' sent to object: 'Object Repository/PartyOnboarding/Personal/PartyContacts/Contact Number_AreaCode'&#xD;
&#xD;
2019-08-22 09:36:27 - [MESSAGE][PASSED] - Object 'Object Repository/PartyOnboarding/Personal/PartyContacts/Contact Number_Number' is visible&#xD;
&#xD;
2019-08-22 09:36:28 - [MESSAGE][PASSED] - Keys '9697989901' sent to object: 'Object Repository/PartyOnboarding/Personal/PartyContacts/Contact Number_Number'&#xD;
&#xD;
2019-08-22 09:36:28 - [MESSAGE][PASSED] - Object 'Object Repository/PartyOnboarding/Personal/PartyContacts/Contact Number_03_Code' is visible&#xD;
&#xD;
2019-08-22 09:36:28 - [MESSAGE][WARNING] - Object 'Object Repository/PartyOnboarding/Personal/PartyContacts/Contact Number_03_Code' does not have attribute 'readonly' (Root cause: com.kms.katalon.core.exception.StepFailedException: Object 'Object Repository/PartyOnboarding/Personal/PartyContacts/Contact Number_03_Code' does not have attribute 'readonly'&#xD;
	at com.kms.katalon.core.webui.keyword.internal.WebUIKeywordMain.stepFailed(WebUIKeywordMain.groovy:64)&#xD;
	at com.kms.katalon.core.webui.keyword.builtin.VerifyElementHasAttributeKeyword$_verifyElementHasAttribute_closure1.doCall(VerifyElementHasAttributeKeyword.groovy:89)&#xD;
	at com.kms.katalon.core.webui.keyword.builtin.VerifyElementHasAttributeKeyword$_verifyElementHasAttribute_closure1.call(VerifyElementHasAttributeKeyword.groovy)&#xD;
	at com.kms.katalon.core.webui.keyword.internal.WebUIKeywordMain.runKeyword(WebUIKeywordMain.groovy:20)&#xD;
	at com.kms.katalon.core.webui.keyword.builtin.VerifyElementHasAttributeKeyword.verifyElementHasAttribute(VerifyElementHasAttributeKeyword.groovy:100)&#xD;
	at com.kms.katalon.core.webui.keyword.builtin.VerifyElementHasAttributeKeyword.execute(VerifyElementHasAttributeKeyword.groovy:69)&#xD;
	at com.kms.katalon.core.keyword.internal.KeywordExecutor.executeKeywordForPlatform(KeywordExecutor.groovy:56)&#xD;
	at com.kms.katalon.core.webui.keyword.WebUiBuiltInKeywords.verifyElementHasAttribute(WebUiBuiltInKeywords.groovy:3166)&#xD;
	at com.kms.katalon.core.webui.keyword.WebUiBuiltInKeywords$verifyElementHasAttribute$11.call(Unknown Source)&#xD;
	at pageObjects.PartyOnboarding.inputDataForPartyContacts(PartyOnboarding.groovy:736)&#xD;
	at PartyOnboardingEnterprise.run(PartyOnboardingEnterprise:61)&#xD;
	at com.kms.katalon.core.main.ScriptEngine.run(ScriptEngine.java:194)&#xD;
	at com.kms.katalon.core.main.ScriptEngine.runScriptAsRawText(ScriptEngine.java:119)&#xD;
	at com.kms.katalon.core.main.TestCaseExecutor.runScript(TestCaseExecutor.java:337)&#xD;
	at com.kms.katalon.core.main.TestCaseExecutor.doExecute(TestCaseExecutor.java:328)&#xD;
	at com.kms.katalon.core.main.TestCaseExecutor.processExecutionPhase(TestCaseExecutor.java:307)&#xD;
	at com.kms.katalon.core.main.TestCaseExecutor.accessMainPhase(TestCaseExecutor.java:299)&#xD;
	at com.kms.katalon.core.main.TestCaseExecutor.execute(TestCaseExecutor.java:233)&#xD;
	at com.kms.katalon.core.main.TestSuiteExecutor.accessTestCaseMainPhase(TestSuiteExecutor.java:133)&#xD;
	at com.kms.katalon.core.main.TestSuiteExecutor.accessTestSuiteMainPhase(TestSuiteExecutor.java:116)&#xD;
	at com.kms.katalon.core.main.TestSuiteExecutor.execute(TestSuiteExecutor.java:83)&#xD;
	at com.kms.katalon.core.main.TestCaseMain.startTestSuite(TestCaseMain.java:157)&#xD;
	at com.kms.katalon.core.main.TestCaseMain$startTestSuite$0.call(Unknown Source)&#xD;
	at TempTestSuite1566441935163.run(TempTestSuite1566441935163.groovy:35)&#xD;
)&#xD;
[[ATTACHMENT|C:\\ML\\JITS\\AYA\\Automation\\FBE\\FBE\\Reports\\DataPreparation\\PartyOnboardingPersonal\\20190822_091535\\1566443188420.png]]&#xD;
&#xD;
2019-08-22 09:36:28 - [MESSAGE][PASSED] - Object 'Object Repository/PartyOnboarding/Personal/PartyContacts/Valid From' is visible&#xD;
&#xD;
2019-08-22 09:36:28 - [MESSAGE][PASSED] - Text of object 'Object Repository/PartyOnboarding/Personal/PartyContacts/Valid From' is cleared&#xD;
&#xD;
2019-08-22 09:36:28 - [MESSAGE][PASSED] - Object 'Object Repository/PartyOnboarding/Personal/PartyContacts/Valid From' is visible&#xD;
&#xD;
2019-08-22 09:36:29 - [MESSAGE][PASSED] - Keys '2018-12-20' sent to object: 'Object Repository/PartyOnboarding/Personal/PartyContacts/Valid From'&#xD;
&#xD;
2019-08-22 09:36:29 - [MESSAGE][PASSED] - Object 'Object Repository/PartyOnboarding/Personal/PartyContacts/Save Row' is visible&#xD;
&#xD;
2019-08-22 09:36:29 - [MESSAGE][PASSED] - Execute JavaScript 'arguments[0].click();' successfully&#xD;
&#xD;
2019-08-22 09:36:29 - [MESSAGE][PASSED] - Object 'Object Repository/PartyOnboarding/Personal/PartyContacts/New Row' is visible&#xD;
&#xD;
2019-08-22 09:36:29 - [MESSAGE][PASSED] - Execute JavaScript 'arguments[0].click();' successfully&#xD;
&#xD;
2019-08-22 09:36:30 - [MESSAGE][PASSED] - Delayed 1 second(s)&#xD;
&#xD;
2019-08-22 09:36:30 - [MESSAGE][PASSED] - Object 'Object Repository/PartyOnboarding/Personal/PartyContacts/Contact Method' is visible&#xD;
&#xD;
2019-08-22 09:36:30 - [MESSAGE][PASSED] - Keys 'TAB + Mobile' sent to object: 'Object Repository/PartyOnboarding/Personal/PartyContacts/Contact Method'&#xD;
&#xD;
2019-08-22 09:36:31 - [MESSAGE][PASSED] - Delayed 1 second(s)&#xD;
&#xD;
2019-08-22 09:36:31 - [MESSAGE][PASSED] - Object 'Object Repository/PartyOnboarding/Personal/PartyContacts/Contact Type  Location' is visible&#xD;
&#xD;
2019-08-22 09:36:31 - [MESSAGE][PASSED] - Keys 'TAB + Work' sent to object: 'Object Repository/PartyOnboarding/Personal/PartyContacts/Contact Type  Location'&#xD;
&#xD;
2019-08-22 09:36:32 - [MESSAGE][PASSED] - Object 'Object Repository/PartyOnboarding/Personal/PartyContacts/Contact Email' is visible&#xD;
&#xD;
2019-08-22 09:36:32 - [MESSAGE][PASSED] - Object 'Object Repository/PartyOnboarding/Personal/PartyContacts/Contact Email' has attribute 'readonly'&#xD;
&#xD;
2019-08-22 09:36:32 - [MESSAGE][PASSED] - Object 'Object Repository/PartyOnboarding/Personal/PartyContacts/Contact Number_03_Code' is visible&#xD;
&#xD;
2019-08-22 09:36:32 - [MESSAGE][PASSED] - Text of object 'Object Repository/PartyOnboarding/Personal/PartyContacts/Contact Number_03_Code' is cleared&#xD;
&#xD;
2019-08-22 09:36:32 - [MESSAGE][PASSED] - Object 'Object Repository/PartyOnboarding/Personal/PartyContacts/Contact Number_03_Code' is visible&#xD;
&#xD;
2019-08-22 09:36:32 - [MESSAGE][PASSED] - Keys '+1' sent to object: 'Object Repository/PartyOnboarding/Personal/PartyContacts/Contact Number_03_Code'&#xD;
&#xD;
2019-08-22 09:36:32 - [MESSAGE][PASSED] - Object 'Object Repository/PartyOnboarding/Personal/PartyContacts/Contact Number_AreaCode' is visible&#xD;
&#xD;
2019-08-22 09:36:32 - [MESSAGE][PASSED] - Keys '' sent to object: 'Object Repository/PartyOnboarding/Personal/PartyContacts/Contact Number_AreaCode'&#xD;
&#xD;
2019-08-22 09:36:32 - [MESSAGE][PASSED] - Object 'Object Repository/PartyOnboarding/Personal/PartyContacts/Contact Number_Number' is visible&#xD;
&#xD;
2019-08-22 09:36:32 - [MESSAGE][PASSED] - Keys '9697989901' sent to object: 'Object Repository/PartyOnboarding/Personal/PartyContacts/Contact Number_Number'&#xD;
&#xD;
2019-08-22 09:36:32 - [MESSAGE][PASSED] - Object 'Object Repository/PartyOnboarding/Personal/PartyContacts/Contact Number_03_Code' is visible&#xD;
&#xD;
2019-08-22 09:36:33 - [MESSAGE][WARNING] - Object 'Object Repository/PartyOnboarding/Personal/PartyContacts/Contact Number_03_Code' does not have attribute 'readonly' (Root cause: com.kms.katalon.core.exception.StepFailedException: Object 'Object Repository/PartyOnboarding/Personal/PartyContacts/Contact Number_03_Code' does not have attribute 'readonly'&#xD;
	at com.kms.katalon.core.webui.keyword.internal.WebUIKeywordMain.stepFailed(WebUIKeywordMain.groovy:64)&#xD;
	at com.kms.katalon.core.webui.keyword.builtin.VerifyElementHasAttributeKeyword$_verifyElementHasAttribute_closure1.doCall(VerifyElementHasAttributeKeyword.groovy:89)&#xD;
	at com.kms.katalon.core.webui.keyword.builtin.VerifyElementHasAttributeKeyword$_verifyElementHasAttribute_closure1.call(VerifyElementHasAttributeKeyword.groovy)&#xD;
	at com.kms.katalon.core.webui.keyword.internal.WebUIKeywordMain.runKeyword(WebUIKeywordMain.groovy:20)&#xD;
	at com.kms.katalon.core.webui.keyword.builtin.VerifyElementHasAttributeKeyword.verifyElementHasAttribute(VerifyElementHasAttributeKeyword.groovy:100)&#xD;
	at com.kms.katalon.core.webui.keyword.builtin.VerifyElementHasAttributeKeyword.execute(VerifyElementHasAttributeKeyword.groovy:69)&#xD;
	at com.kms.katalon.core.keyword.internal.KeywordExecutor.executeKeywordForPlatform(KeywordExecutor.groovy:56)&#xD;
	at com.kms.katalon.core.webui.keyword.WebUiBuiltInKeywords.verifyElementHasAttribute(WebUiBuiltInKeywords.groovy:3166)&#xD;
	at com.kms.katalon.core.webui.keyword.WebUiBuiltInKeywords$verifyElementHasAttribute$11.call(Unknown Source)&#xD;
	at pageObjects.PartyOnboarding.inputDataForPartyContacts(PartyOnboarding.groovy:736)&#xD;
	at PartyOnboardingEnterprise.run(PartyOnboardingEnterprise:61)&#xD;
	at com.kms.katalon.core.main.ScriptEngine.run(ScriptEngine.java:194)&#xD;
	at com.kms.katalon.core.main.ScriptEngine.runScriptAsRawText(ScriptEngine.java:119)&#xD;
	at com.kms.katalon.core.main.TestCaseExecutor.runScript(TestCaseExecutor.java:337)&#xD;
	at com.kms.katalon.core.main.TestCaseExecutor.doExecute(TestCaseExecutor.java:328)&#xD;
	at com.kms.katalon.core.main.TestCaseExecutor.processExecutionPhase(TestCaseExecutor.java:307)&#xD;
	at com.kms.katalon.core.main.TestCaseExecutor.accessMainPhase(TestCaseExecutor.java:299)&#xD;
	at com.kms.katalon.core.main.TestCaseExecutor.execute(TestCaseExecutor.java:233)&#xD;
	at com.kms.katalon.core.main.TestSuiteExecutor.accessTestCaseMainPhase(TestSuiteExecutor.java:133)&#xD;
	at com.kms.katalon.core.main.TestSuiteExecutor.accessTestSuiteMainPhase(TestSuiteExecutor.java:116)&#xD;
	at com.kms.katalon.core.main.TestSuiteExecutor.execute(TestSuiteExecutor.java:83)&#xD;
	at com.kms.katalon.core.main.TestCaseMain.startTestSuite(TestCaseMain.java:157)&#xD;
	at com.kms.katalon.core.main.TestCaseMain$startTestSuite$0.call(Unknown Source)&#xD;
	at TempTestSuite1566441935163.run(TempTestSuite1566441935163.groovy:35)&#xD;
)&#xD;
[[ATTACHMENT|C:\\ML\\JITS\\AYA\\Automation\\FBE\\FBE\\Reports\\DataPreparation\\PartyOnboardingPersonal\\20190822_091535\\1566443192726.png]]&#xD;
&#xD;
2019-08-22 09:36:33 - [MESSAGE][PASSED] - Object 'Object Repository/PartyOnboarding/Personal/PartyContacts/Valid From' is visible&#xD;
&#xD;
2019-08-22 09:36:33 - [MESSAGE][PASSED] - Text of object 'Object Repository/PartyOnboarding/Personal/PartyContacts/Valid From' is cleared&#xD;
&#xD;
2019-08-22 09:36:33 - [MESSAGE][PASSED] - Object 'Object Repository/PartyOnboarding/Personal/PartyContacts/Valid From' is visible&#xD;
&#xD;
2019-08-22 09:36:33 - [MESSAGE][PASSED] - Keys '2018-01-24' sent to object: 'Object Repository/PartyOnboarding/Personal/PartyContacts/Valid From'&#xD;
&#xD;
2019-08-22 09:36:33 - [MESSAGE][PASSED] - Object 'Object Repository/PartyOnboarding/Personal/PartyContacts/Save Row' is visible&#xD;
&#xD;
2019-08-22 09:36:33 - [MESSAGE][PASSED] - Execute JavaScript 'arguments[0].click();' successfully&#xD;
&#xD;
2019-08-22 09:36:33 - [MESSAGE][PASSED] - Object 'Object Repository/PartyOnboarding/Personal/PartyContacts/New Row' is visible&#xD;
&#xD;
2019-08-22 09:36:33 - [MESSAGE][PASSED] - Execute JavaScript 'arguments[0].click();' successfully&#xD;
&#xD;
2019-08-22 09:36:34 - [MESSAGE][PASSED] - Delayed 1 second(s)&#xD;
&#xD;
2019-08-22 09:36:34 - [MESSAGE][PASSED] - Object 'Object Repository/PartyOnboarding/Personal/PartyContacts/Contact Method' is visible&#xD;
&#xD;
2019-08-22 09:36:34 - [MESSAGE][PASSED] - Keys 'TAB + Email' sent to object: 'Object Repository/PartyOnboarding/Personal/PartyContacts/Contact Method'&#xD;
&#xD;
2019-08-22 09:36:35 - [MESSAGE][PASSED] - Delayed 1 second(s)&#xD;
&#xD;
2019-08-22 09:36:36 - [MESSAGE][PASSED] - Object 'Object Repository/PartyOnboarding/Personal/PartyContacts/Contact Type  Location' is visible&#xD;
&#xD;
2019-08-22 09:36:36 - [MESSAGE][PASSED] - Keys 'TAB + Personal' sent to object: 'Object Repository/PartyOnboarding/Personal/PartyContacts/Contact Type  Location'&#xD;
&#xD;
2019-08-22 09:36:36 - [MESSAGE][PASSED] - Object 'Object Repository/PartyOnboarding/Personal/PartyContacts/Contact Email' is visible&#xD;
&#xD;
2019-08-22 09:36:36 - [MESSAGE][WARNING] - Object 'Object Repository/PartyOnboarding/Personal/PartyContacts/Contact Email' does not have attribute 'readonly' (Root cause: com.kms.katalon.core.exception.StepFailedException: Object 'Object Repository/PartyOnboarding/Personal/PartyContacts/Contact Email' does not have attribute 'readonly'&#xD;
	at com.kms.katalon.core.webui.keyword.internal.WebUIKeywordMain.stepFailed(WebUIKeywordMain.groovy:64)&#xD;
	at com.kms.katalon.core.webui.keyword.builtin.VerifyElementHasAttributeKeyword$_verifyElementHasAttribute_closure1.doCall(VerifyElementHasAttributeKeyword.groovy:89)&#xD;
	at com.kms.katalon.core.webui.keyword.builtin.VerifyElementHasAttributeKeyword$_verifyElementHasAttribute_closure1.call(VerifyElementHasAttributeKeyword.groovy)&#xD;
	at com.kms.katalon.core.webui.keyword.internal.WebUIKeywordMain.runKeyword(WebUIKeywordMain.groovy:20)&#xD;
	at com.kms.katalon.core.webui.keyword.builtin.VerifyElementHasAttributeKeyword.verifyElementHasAttribute(VerifyElementHasAttributeKeyword.groovy:100)&#xD;
	at com.kms.katalon.core.webui.keyword.builtin.VerifyElementHasAttributeKeyword.execute(VerifyElementHasAttributeKeyword.groovy:69)&#xD;
	at com.kms.katalon.core.keyword.internal.KeywordExecutor.executeKeywordForPlatform(KeywordExecutor.groovy:56)&#xD;
	at com.kms.katalon.core.webui.keyword.WebUiBuiltInKeywords.verifyElementHasAttribute(WebUiBuiltInKeywords.groovy:3166)&#xD;
	at com.kms.katalon.core.webui.keyword.WebUiBuiltInKeywords$verifyElementHasAttribute$11.call(Unknown Source)&#xD;
	at pageObjects.PartyOnboarding.inputDataForPartyContacts(PartyOnboarding.groovy:721)&#xD;
	at PartyOnboardingEnterprise.run(PartyOnboardingEnterprise:61)&#xD;
	at com.kms.katalon.core.main.ScriptEngine.run(ScriptEngine.java:194)&#xD;
	at com.kms.katalon.core.main.ScriptEngine.runScriptAsRawText(ScriptEngine.java:119)&#xD;
	at com.kms.katalon.core.main.TestCaseExecutor.runScript(TestCaseExecutor.java:337)&#xD;
	at com.kms.katalon.core.main.TestCaseExecutor.doExecute(TestCaseExecutor.java:328)&#xD;
	at com.kms.katalon.core.main.TestCaseExecutor.processExecutionPhase(TestCaseExecutor.java:307)&#xD;
	at com.kms.katalon.core.main.TestCaseExecutor.accessMainPhase(TestCaseExecutor.java:299)&#xD;
	at com.kms.katalon.core.main.TestCaseExecutor.execute(TestCaseExecutor.java:233)&#xD;
	at com.kms.katalon.core.main.TestSuiteExecutor.accessTestCaseMainPhase(TestSuiteExecutor.java:133)&#xD;
	at com.kms.katalon.core.main.TestSuiteExecutor.accessTestSuiteMainPhase(TestSuiteExecutor.java:116)&#xD;
	at com.kms.katalon.core.main.TestSuiteExecutor.execute(TestSuiteExecutor.java:83)&#xD;
	at com.kms.katalon.core.main.TestCaseMain.startTestSuite(TestCaseMain.java:157)&#xD;
	at com.kms.katalon.core.main.TestCaseMain$startTestSuite$0.call(Unknown Source)&#xD;
	at TempTestSuite1566441935163.run(TempTestSuite1566441935163.groovy:35)&#xD;
)&#xD;
[[ATTACHMENT|C:\\ML\\JITS\\AYA\\Automation\\FBE\\FBE\\Reports\\DataPreparation\\PartyOnboardingPersonal\\20190822_091535\\1566443196344.png]]&#xD;
&#xD;
2019-08-22 09:36:36 - [MESSAGE][PASSED] - Object 'Object Repository/PartyOnboarding/Personal/PartyContacts/Contact Number_03_Code' is visible&#xD;
&#xD;
2019-08-22 09:36:36 - [MESSAGE][PASSED] - Object 'Object Repository/PartyOnboarding/Personal/PartyContacts/Contact Number_03_Code' has attribute 'readonly'&#xD;
&#xD;
2019-08-22 09:36:36 - [MESSAGE][PASSED] - Object 'Object Repository/PartyOnboarding/Personal/PartyContacts/Contact Email' is visible&#xD;
&#xD;
2019-08-22 09:36:37 - [MESSAGE][PASSED] - Keys 'nguyenthimyle@gmail.com' sent to object: 'Object Repository/PartyOnboarding/Personal/PartyContacts/Contact Email'&#xD;
&#xD;
2019-08-22 09:36:37 - [MESSAGE][PASSED] - Object 'Object Repository/PartyOnboarding/Personal/PartyContacts/Confirm Email' is visible&#xD;
&#xD;
2019-08-22 09:36:38 - [MESSAGE][PASSED] - Keys 'nguyenthimyle@gmail.com' sent to object: 'Object Repository/PartyOnboarding/Personal/PartyContacts/Confirm Email'&#xD;
&#xD;
2019-08-22 09:36:38 - [MESSAGE][PASSED] - Object 'Object Repository/PartyOnboarding/Personal/PartyContacts/Valid From' is visible&#xD;
&#xD;
2019-08-22 09:36:38 - [MESSAGE][PASSED] - Text of object 'Object Repository/PartyOnboarding/Personal/PartyContacts/Valid From' is cleared&#xD;
&#xD;
2019-08-22 09:36:38 - [MESSAGE][PASSED] - Object 'Object Repository/PartyOnboarding/Personal/PartyContacts/Valid From' is visible&#xD;
&#xD;
2019-08-22 09:36:38 - [MESSAGE][PASSED] - Keys '2017-01-24' sent to object: 'Object Repository/PartyOnboarding/Personal/PartyContacts/Valid From'&#xD;
&#xD;
2019-08-22 09:36:38 - [MESSAGE][PASSED] - Object 'Object Repository/PartyOnboarding/Personal/PartyContacts/Save Row' is visible&#xD;
&#xD;
2019-08-22 09:36:38 - [MESSAGE][PASSED] - Execute JavaScript 'arguments[0].click();' successfully&#xD;
&#xD;
2019-08-22 09:36:38 - [TEST_STEP][PASSED] - partyOnboardingEnterprise.clickNextbutton(): Object: 'Object Repository/PartyOnboarding/btn_Next' is clicked on&#xD;
&#xD;
2019-08-22 09:36:38 - [MESSAGE][PASSED] - Object 'Object Repository/PartyOnboarding/btn_Next' is visible&#xD;
&#xD;
2019-08-22 09:36:38 - [MESSAGE][PASSED] - Object: 'Object Repository/PartyOnboarding/btn_Next' is clicked on&#xD;
&#xD;
2019-08-22 09:36:38 - [TEST_STEP][PASSED] - partyOnboardingEnterprise.inputDataForPartyRequiredDocuments(s06_documentCategory, s06_kycExpired, s06_documentType, s06_validFrom, s06_validTo, s06_referenceNumber, s06_issuingAuthority, s06_issuingCountry, s06_documentVerified, s06_image, s06_documentCollectionStatus): Keys 'Documents collected and validated centrally' sent to object: 'Object Repository/PartyOnboarding/Personal/PartyRequiredDocument/ddl_DocumentsCollectionStatus'&#xD;
&#xD;
2019-08-22 09:36:40 - [MESSAGE][PASSED] - Delayed 1 second(s)&#xD;
&#xD;
2019-08-22 09:36:40 - [MESSAGE][PASSED] - Object 'Object Repository/PartyOnboarding/Personal/PartyRequiredDocument/New Row' is visible&#xD;
&#xD;
2019-08-22 09:36:40 - [MESSAGE][PASSED] - Execute JavaScript 'arguments[0].click();' successfully&#xD;
&#xD;
2019-08-22 09:36:40 - [MESSAGE][PASSED] - Object 'Object Repository/PartyOnboarding/Personal/PartyRequiredDocument/DocumentCategory' is visible&#xD;
&#xD;
2019-08-22 09:36:41 - [MESSAGE][PASSED] - Keys 'TAB + PT-AUTHORIZED MYCO USER' sent to object: 'Object Repository/PartyOnboarding/Personal/PartyRequiredDocument/DocumentCategory'&#xD;
&#xD;
2019-08-22 09:36:42 - [MESSAGE][PASSED] - Delayed 1 second(s)&#xD;
&#xD;
2019-08-22 09:36:42 - [MESSAGE][PASSED] - Object 'Object Repository/PartyOnboarding/Personal/PartyRequiredDocument/Document Type' is visible&#xD;
&#xD;
2019-08-22 09:36:43 - [MESSAGE][PASSED] - Keys 'TAB + AUTHORIZED MYCO USER' sent to object: 'Object Repository/PartyOnboarding/Personal/PartyRequiredDocument/Document Type'&#xD;
&#xD;
2019-08-22 09:36:44 - [MESSAGE][PASSED] - Delayed 1 second(s)&#xD;
&#xD;
2019-08-22 09:36:44 - [MESSAGE][PASSED] - Object 'Object Repository/PartyOnboarding/Personal/PartyRequiredDocument/Issuing Country' is visible&#xD;
&#xD;
2019-08-22 09:36:45 - [MESSAGE][PASSED] - Keys 'Myanmar' sent to object: 'Object Repository/PartyOnboarding/Personal/PartyRequiredDocument/Issuing Country'&#xD;
&#xD;
2019-08-22 09:36:46 - [MESSAGE][PASSED] - Delayed 1 second(s)&#xD;
&#xD;
2019-08-22 09:36:46 - [MESSAGE][PASSED] - Object 'Object Repository/PartyOnboarding/Personal/PartyRequiredDocument/Document Verified' is visible&#xD;
&#xD;
2019-08-22 09:36:46 - [MESSAGE][PASSED] - Keys 'TAB + TRUE' sent to object: 'Object Repository/PartyOnboarding/Personal/PartyRequiredDocument/Document Verified'&#xD;
&#xD;
2019-08-22 09:36:46 - [MESSAGE][PASSED] - Object 'Object Repository/PartyOnboarding/Personal/PartyRequiredDocument/Save Row' is visible&#xD;
&#xD;
2019-08-22 09:36:46 - [MESSAGE][PASSED] - Execute JavaScript 'arguments[0].click();' successfully&#xD;
&#xD;
2019-08-22 09:36:46 - [MESSAGE][PASSED] - Object 'Object Repository/PartyOnboarding/Personal/PartyRequiredDocument/New Row' is visible&#xD;
&#xD;
2019-08-22 09:36:46 - [MESSAGE][PASSED] - Execute JavaScript 'arguments[0].click();' successfully&#xD;
&#xD;
2019-08-22 09:36:46 - [MESSAGE][PASSED] - Object 'Object Repository/PartyOnboarding/Personal/PartyRequiredDocument/DocumentCategory' is visible&#xD;
&#xD;
2019-08-22 09:36:48 - [MESSAGE][PASSED] - Keys 'TAB + PT-BOARD OF DIRECTORS RESOLUTION' sent to object: 'Object Repository/PartyOnboarding/Personal/PartyRequiredDocument/DocumentCategory'&#xD;
&#xD;
2019-08-22 09:36:49 - [MESSAGE][PASSED] - Delayed 1 second(s)&#xD;
&#xD;
2019-08-22 09:36:49 - [MESSAGE][PASSED] - Object 'Object Repository/PartyOnboarding/Personal/PartyRequiredDocument/Document Type' is visible&#xD;
&#xD;
2019-08-22 09:36:50 - [MESSAGE][PASSED] - Keys 'TAB + BOARD OF DIRECTORS RESOLUTION' sent to object: 'Object Repository/PartyOnboarding/Personal/PartyRequiredDocument/Document Type'&#xD;
&#xD;
2019-08-22 09:36:51 - [MESSAGE][PASSED] - Delayed 1 second(s)&#xD;
&#xD;
2019-08-22 09:36:51 - [MESSAGE][PASSED] - Object 'Object Repository/PartyOnboarding/Personal/PartyRequiredDocument/Issuing Country' is visible&#xD;
&#xD;
2019-08-22 09:36:51 - [MESSAGE][PASSED] - Keys 'Myanmar' sent to object: 'Object Repository/PartyOnboarding/Personal/PartyRequiredDocument/Issuing Country'&#xD;
&#xD;
2019-08-22 09:36:52 - [MESSAGE][PASSED] - Delayed 1 second(s)&#xD;
&#xD;
2019-08-22 09:36:53 - [MESSAGE][PASSED] - Object 'Object Repository/PartyOnboarding/Personal/PartyRequiredDocument/Document Verified' is visible&#xD;
&#xD;
2019-08-22 09:36:53 - [MESSAGE][PASSED] - Keys 'TAB + TRUE' sent to object: 'Object Repository/PartyOnboarding/Personal/PartyRequiredDocument/Document Verified'&#xD;
&#xD;
2019-08-22 09:36:53 - [MESSAGE][PASSED] - Object 'Object Repository/PartyOnboarding/Personal/PartyRequiredDocument/Save Row' is visible&#xD;
&#xD;
2019-08-22 09:36:53 - [MESSAGE][PASSED] - Execute JavaScript 'arguments[0].click();' successfully&#xD;
&#xD;
2019-08-22 09:36:53 - [MESSAGE][PASSED] - Object 'Object Repository/PartyOnboarding/Personal/PartyRequiredDocument/New Row' is visible&#xD;
&#xD;
2019-08-22 09:36:53 - [MESSAGE][PASSED] - Execute JavaScript 'arguments[0].click();' successfully&#xD;
&#xD;
2019-08-22 09:36:53 - [MESSAGE][PASSED] - Object 'Object Repository/PartyOnboarding/Personal/PartyRequiredDocument/DocumentCategory' is visible&#xD;
&#xD;
2019-08-22 09:36:55 - [MESSAGE][PASSED] - Keys 'TAB + PT-CERTIFICATE OF INCORPORATION' sent to object: 'Object Repository/PartyOnboarding/Personal/PartyRequiredDocument/DocumentCategory'&#xD;
&#xD;
2019-08-22 09:36:56 - [MESSAGE][PASSED] - Delayed 1 second(s)&#xD;
&#xD;
2019-08-22 09:36:56 - [MESSAGE][PASSED] - Object 'Object Repository/PartyOnboarding/Personal/PartyRequiredDocument/Document Type' is visible&#xD;
&#xD;
2019-08-22 09:36:57 - [MESSAGE][PASSED] - Keys 'TAB + CERTIFICATE OF INCORPORATION' sent to object: 'Object Repository/PartyOnboarding/Personal/PartyRequiredDocument/Document Type'&#xD;
&#xD;
2019-08-22 09:36:58 - [MESSAGE][PASSED] - Delayed 1 second(s)&#xD;
&#xD;
2019-08-22 09:36:58 - [MESSAGE][PASSED] - Object 'Object Repository/PartyOnboarding/Personal/PartyRequiredDocument/Issuing Country' is visible&#xD;
&#xD;
2019-08-22 09:36:58 - [MESSAGE][PASSED] - Keys 'Myanmar' sent to object: 'Object Repository/PartyOnboarding/Personal/PartyRequiredDocument/Issuing Country'&#xD;
&#xD;
2019-08-22 09:36:59 - [MESSAGE][PASSED] - Delayed 1 second(s)&#xD;
&#xD;
2019-08-22 09:36:59 - [MESSAGE][PASSED] - Object 'Object Repository/PartyOnboarding/Personal/PartyRequiredDocument/Document Verified' is visible&#xD;
&#xD;
2019-08-22 09:37:00 - [MESSAGE][PASSED] - Keys 'TAB + TRUE' sent to object: 'Object Repository/PartyOnboarding/Personal/PartyRequiredDocument/Document Verified'&#xD;
&#xD;
2019-08-22 09:37:00 - [MESSAGE][PASSED] - Object 'Object Repository/PartyOnboarding/Personal/PartyRequiredDocument/Save Row' is visible&#xD;
&#xD;
2019-08-22 09:37:00 - [MESSAGE][PASSED] - Execute JavaScript 'arguments[0].click();' successfully&#xD;
&#xD;
2019-08-22 09:37:00 - [MESSAGE][PASSED] - Object 'Object Repository/PartyOnboarding/Personal/PartyRequiredDocument/New Row' is visible&#xD;
&#xD;
2019-08-22 09:37:00 - [MESSAGE][PASSED] - Execute JavaScript 'arguments[0].click();' successfully&#xD;
&#xD;
2019-08-22 09:37:00 - [MESSAGE][PASSED] - Object 'Object Repository/PartyOnboarding/Personal/PartyRequiredDocument/DocumentCategory' is visible&#xD;
&#xD;
2019-08-22 09:37:01 - [MESSAGE][PASSED] - Keys 'TAB + PT-FILING HISTORY' sent to object: 'Object Repository/PartyOnboarding/Personal/PartyRequiredDocument/DocumentCategory'&#xD;
&#xD;
2019-08-22 09:37:02 - [MESSAGE][PASSED] - Delayed 1 second(s)&#xD;
&#xD;
2019-08-22 09:37:02 - [MESSAGE][PASSED] - Object 'Object Repository/PartyOnboarding/Personal/PartyRequiredDocument/Document Type' is visible&#xD;
&#xD;
2019-08-22 09:37:02 - [MESSAGE][PASSED] - Keys 'TAB + FILING HISTORY' sent to object: 'Object Repository/PartyOnboarding/Personal/PartyRequiredDocument/Document Type'&#xD;
&#xD;
2019-08-22 09:37:03 - [MESSAGE][PASSED] - Delayed 1 second(s)&#xD;
&#xD;
2019-08-22 09:37:04 - [MESSAGE][PASSED] - Object 'Object Repository/PartyOnboarding/Personal/PartyRequiredDocument/Issuing Country' is visible&#xD;
&#xD;
2019-08-22 09:37:04 - [MESSAGE][PASSED] - Keys 'Myanmar' sent to object: 'Object Repository/PartyOnboarding/Personal/PartyRequiredDocument/Issuing Country'&#xD;
&#xD;
2019-08-22 09:37:05 - [MESSAGE][PASSED] - Delayed 1 second(s)&#xD;
&#xD;
2019-08-22 09:37:05 - [MESSAGE][PASSED] - Object 'Object Repository/PartyOnboarding/Personal/PartyRequiredDocument/Document Verified' is visible&#xD;
&#xD;
2019-08-22 09:37:05 - [MESSAGE][PASSED] - Keys 'TAB + TRUE' sent to object: 'Object Repository/PartyOnboarding/Personal/PartyRequiredDocument/Document Verified'&#xD;
&#xD;
2019-08-22 09:37:05 - [MESSAGE][PASSED] - Object 'Object Repository/PartyOnboarding/Personal/PartyRequiredDocument/Save Row' is visible&#xD;
&#xD;
2019-08-22 09:37:05 - [MESSAGE][PASSED] - Execute JavaScript 'arguments[0].click();' successfully&#xD;
&#xD;
2019-08-22 09:37:05 - [MESSAGE][PASSED] - Object 'Object Repository/PartyOnboarding/Personal/PartyRequiredDocument/New Row' is visible&#xD;
&#xD;
2019-08-22 09:37:05 - [MESSAGE][PASSED] - Execute JavaScript 'arguments[0].click();' successfully&#xD;
&#xD;
2019-08-22 09:37:05 - [MESSAGE][PASSED] - Object 'Object Repository/PartyOnboarding/Personal/PartyRequiredDocument/DocumentCategory' is visible&#xD;
&#xD;
2019-08-22 09:37:07 - [MESSAGE][PASSED] - Keys 'TAB + PT-FORM QA 22(FOREIGNER)' sent to object: 'Object Repository/PartyOnboarding/Personal/PartyRequiredDocument/DocumentCategory'&#xD;
&#xD;
2019-08-22 09:37:08 - [MESSAGE][PASSED] - Delayed 1 second(s)&#xD;
&#xD;
2019-08-22 09:37:08 - [MESSAGE][PASSED] - Object 'Object Repository/PartyOnboarding/Personal/PartyRequiredDocument/Document Type' is visible&#xD;
&#xD;
2019-08-22 09:37:09 - [MESSAGE][PASSED] - Keys 'TAB + FORM QA 22(FOREIGNER)' sent to object: 'Object Repository/PartyOnboarding/Personal/PartyRequiredDocument/Document Type'&#xD;
&#xD;
2019-08-22 09:37:10 - [MESSAGE][PASSED] - Delayed 1 second(s)&#xD;
&#xD;
2019-08-22 09:37:10 - [MESSAGE][PASSED] - Object 'Object Repository/PartyOnboarding/Personal/PartyRequiredDocument/Issuing Country' is visible&#xD;
&#xD;
2019-08-22 09:37:10 - [MESSAGE][PASSED] - Keys 'Myanmar' sent to object: 'Object Repository/PartyOnboarding/Personal/PartyRequiredDocument/Issuing Country'&#xD;
&#xD;
2019-08-22 09:37:11 - [MESSAGE][PASSED] - Delayed 1 second(s)&#xD;
&#xD;
2019-08-22 09:37:11 - [MESSAGE][PASSED] - Object 'Object Repository/PartyOnboarding/Personal/PartyRequiredDocument/Document Verified' is visible&#xD;
&#xD;
2019-08-22 09:37:11 - [MESSAGE][PASSED] - Keys 'TAB + TRUE' sent to object: 'Object Repository/PartyOnboarding/Personal/PartyRequiredDocument/Document Verified'&#xD;
&#xD;
2019-08-22 09:37:11 - [MESSAGE][PASSED] - Object 'Object Repository/PartyOnboarding/Personal/PartyRequiredDocument/Save Row' is visible&#xD;
&#xD;
2019-08-22 09:37:11 - [MESSAGE][PASSED] - Execute JavaScript 'arguments[0].click();' successfully&#xD;
&#xD;
2019-08-22 09:37:11 - [MESSAGE][PASSED] - Object 'Object Repository/PartyOnboarding/Personal/PartyRequiredDocument/New Row' is visible&#xD;
&#xD;
2019-08-22 09:37:11 - [MESSAGE][PASSED] - Execute JavaScript 'arguments[0].click();' successfully&#xD;
&#xD;
2019-08-22 09:37:12 - [MESSAGE][PASSED] - Object 'Object Repository/PartyOnboarding/Personal/PartyRequiredDocument/DocumentCategory' is visible&#xD;
&#xD;
2019-08-22 09:37:13 - [MESSAGE][PASSED] - Keys 'TAB + PT-LIST OF DIRECTORS AND MEMBER DETAILS' sent to object: 'Object Repository/PartyOnboarding/Personal/PartyRequiredDocument/DocumentCategory'&#xD;
&#xD;
2019-08-22 09:37:14 - [MESSAGE][PASSED] - Delayed 1 second(s)&#xD;
&#xD;
2019-08-22 09:37:14 - [MESSAGE][PASSED] - Object 'Object Repository/PartyOnboarding/Personal/PartyRequiredDocument/Document Type' is visible&#xD;
&#xD;
2019-08-22 09:37:16 - [MESSAGE][PASSED] - Keys 'TAB + LIST OF DIRECTORS AND MEMBER DETAILS' sent to object: 'Object Repository/PartyOnboarding/Personal/PartyRequiredDocument/Document Type'&#xD;
&#xD;
2019-08-22 09:37:17 - [MESSAGE][PASSED] - Delayed 1 second(s)&#xD;
&#xD;
2019-08-22 09:37:17 - [MESSAGE][PASSED] - Object 'Object Repository/PartyOnboarding/Personal/PartyRequiredDocument/Issuing Country' is visible&#xD;
&#xD;
2019-08-22 09:37:17 - [MESSAGE][PASSED] - Keys 'Myanmar' sent to object: 'Object Repository/PartyOnboarding/Personal/PartyRequiredDocument/Issuing Country'&#xD;
&#xD;
2019-08-22 09:37:18 - [MESSAGE][PASSED] - Delayed 1 second(s)&#xD;
&#xD;
2019-08-22 09:37:18 - [MESSAGE][PASSED] - Object 'Object Repository/PartyOnboarding/Personal/PartyRequiredDocument/Document Verified' is visible&#xD;
&#xD;
2019-08-22 09:37:19 - [MESSAGE][PASSED] - Keys 'TAB + TRUE' sent to object: 'Object Repository/PartyOnboarding/Personal/PartyRequiredDocument/Document Verified'&#xD;
&#xD;
2019-08-22 09:37:19 - [MESSAGE][PASSED] - Object 'Object Repository/PartyOnboarding/Personal/PartyRequiredDocument/Save Row' is visible&#xD;
&#xD;
2019-08-22 09:37:19 - [MESSAGE][PASSED] - Execute JavaScript 'arguments[0].click();' successfully&#xD;
&#xD;
2019-08-22 09:37:19 - [MESSAGE][PASSED] - Object 'Object Repository/PartyOnboarding/Personal/PartyRequiredDocument/New Row' is visible&#xD;
&#xD;
2019-08-22 09:37:19 - [MESSAGE][PASSED] - Execute JavaScript 'arguments[0].click();' successfully&#xD;
&#xD;
2019-08-22 09:37:19 - [MESSAGE][PASSED] - Object 'Object Repository/PartyOnboarding/Personal/PartyRequiredDocument/DocumentCategory' is visible&#xD;
&#xD;
2019-08-22 09:37:21 - [MESSAGE][PASSED] - Keys 'TAB + PT-LIST OF SHAREHOLDERS AND MEMBER DETAILS' sent to object: 'Object Repository/PartyOnboarding/Personal/PartyRequiredDocument/DocumentCategory'&#xD;
&#xD;
2019-08-22 09:37:22 - [MESSAGE][PASSED] - Delayed 1 second(s)&#xD;
&#xD;
2019-08-22 09:37:22 - [MESSAGE][PASSED] - Object 'Object Repository/PartyOnboarding/Personal/PartyRequiredDocument/Document Type' is visible&#xD;
&#xD;
2019-08-22 09:37:24 - [MESSAGE][PASSED] - Keys 'TAB + LIST OF SHAREHOLDERS AND MEMBER DETAILS' sent to object: 'Object Repository/PartyOnboarding/Personal/PartyRequiredDocument/Document Type'&#xD;
&#xD;
2019-08-22 09:37:25 - [MESSAGE][PASSED] - Delayed 1 second(s)&#xD;
&#xD;
2019-08-22 09:37:25 - [MESSAGE][PASSED] - Object 'Object Repository/PartyOnboarding/Personal/PartyRequiredDocument/Issuing Country' is visible&#xD;
&#xD;
2019-08-22 09:37:25 - [MESSAGE][PASSED] - Keys 'Myanmar' sent to object: 'Object Repository/PartyOnboarding/Personal/PartyRequiredDocument/Issuing Country'&#xD;
&#xD;
2019-08-22 09:37:26 - [MESSAGE][PASSED] - Delayed 1 second(s)&#xD;
&#xD;
2019-08-22 09:37:26 - [MESSAGE][PASSED] - Object 'Object Repository/PartyOnboarding/Personal/PartyRequiredDocument/Document Verified' is visible&#xD;
&#xD;
2019-08-22 09:37:26 - [MESSAGE][PASSED] - Keys 'TAB + TRUE' sent to object: 'Object Repository/PartyOnboarding/Personal/PartyRequiredDocument/Document Verified'&#xD;
&#xD;
2019-08-22 09:37:26 - [MESSAGE][PASSED] - Object 'Object Repository/PartyOnboarding/Personal/PartyRequiredDocument/Save Row' is visible&#xD;
&#xD;
2019-08-22 09:37:27 - [MESSAGE][PASSED] - Execute JavaScript 'arguments[0].click();' successfully&#xD;
&#xD;
2019-08-22 09:37:27 - [MESSAGE][PASSED] - Object 'Object Repository/PartyOnboarding/Personal/PartyRequiredDocument/New Row' is visible&#xD;
&#xD;
2019-08-22 09:37:27 - [MESSAGE][PASSED] - Execute JavaScript 'arguments[0].click();' successfully&#xD;
&#xD;
2019-08-22 09:37:27 - [MESSAGE][PASSED] - Object 'Object Repository/PartyOnboarding/Personal/PartyRequiredDocument/DocumentCategory' is visible&#xD;
&#xD;
2019-08-22 09:37:29 - [MESSAGE][PASSED] - Keys 'TAB + PT-NRC/PASSPORT COPY OF AUTHORIZED SIGNATORY' sent to object: 'Object Repository/PartyOnboarding/Personal/PartyRequiredDocument/DocumentCategory'&#xD;
&#xD;
2019-08-22 09:37:30 - [MESSAGE][PASSED] - Delayed 1 second(s)&#xD;
&#xD;
2019-08-22 09:37:30 - [MESSAGE][PASSED] - Object 'Object Repository/PartyOnboarding/Personal/PartyRequiredDocument/Document Type' is visible&#xD;
&#xD;
2019-08-22 09:37:32 - [MESSAGE][PASSED] - Keys 'TAB + NRC/PASSPORT COPY OF AUTHORIZED SIGNATORY' sent to object: 'Object Repository/PartyOnboarding/Personal/PartyRequiredDocument/Document Type'&#xD;
&#xD;
2019-08-22 09:37:33 - [MESSAGE][PASSED] - Delayed 1 second(s)&#xD;
&#xD;
2019-08-22 09:37:33 - [MESSAGE][PASSED] - Object 'Object Repository/PartyOnboarding/Personal/PartyRequiredDocument/Issuing Country' is visible&#xD;
&#xD;
2019-08-22 09:37:33 - [MESSAGE][PASSED] - Keys 'Myanmar' sent to object: 'Object Repository/PartyOnboarding/Personal/PartyRequiredDocument/Issuing Country'&#xD;
&#xD;
2019-08-22 09:37:34 - [MESSAGE][PASSED] - Delayed 1 second(s)&#xD;
&#xD;
2019-08-22 09:37:34 - [MESSAGE][PASSED] - Object 'Object Repository/PartyOnboarding/Personal/PartyRequiredDocument/Document Verified' is visible&#xD;
&#xD;
2019-08-22 09:37:34 - [MESSAGE][PASSED] - Keys 'TAB + TRUE' sent to object: 'Object Repository/PartyOnboarding/Personal/PartyRequiredDocument/Document Verified'&#xD;
&#xD;
2019-08-22 09:37:34 - [MESSAGE][PASSED] - Object 'Object Repository/PartyOnboarding/Personal/PartyRequiredDocument/Save Row' is visible&#xD;
&#xD;
2019-08-22 09:37:34 - [MESSAGE][PASSED] - Execute JavaScript 'arguments[0].click();' successfully&#xD;
&#xD;
2019-08-22 09:37:34 - [MESSAGE][PASSED] - Object 'Object Repository/PartyOnboarding/Personal/PartyRequiredDocument/New Row' is visible&#xD;
&#xD;
2019-08-22 09:37:35 - [MESSAGE][PASSED] - Execute JavaScript 'arguments[0].click();' successfully&#xD;
&#xD;
2019-08-22 09:37:35 - [MESSAGE][PASSED] - Object 'Object Repository/PartyOnboarding/Personal/PartyRequiredDocument/DocumentCategory' is visible&#xD;
&#xD;
2019-08-22 09:37:36 - [MESSAGE][PASSED] - Keys 'TAB + PT-NRC/PASSPORT COPY OF SHAREHOLDERS' sent to object: 'Object Repository/PartyOnboarding/Personal/PartyRequiredDocument/DocumentCategory'&#xD;
&#xD;
2019-08-22 09:37:37 - [MESSAGE][PASSED] - Delayed 1 second(s)&#xD;
&#xD;
2019-08-22 09:37:37 - [MESSAGE][PASSED] - Object 'Object Repository/PartyOnboarding/Personal/PartyRequiredDocument/Document Type' is visible&#xD;
&#xD;
2019-08-22 09:37:39 - [MESSAGE][PASSED] - Keys 'TAB + NRC/PASSPORT COPY OF SHAREHOLDERS' sent to object: 'Object Repository/PartyOnboarding/Personal/PartyRequiredDocument/Document Type'&#xD;
&#xD;
2019-08-22 09:37:40 - [MESSAGE][PASSED] - Delayed 1 second(s)&#xD;
&#xD;
2019-08-22 09:37:40 - [MESSAGE][PASSED] - Object 'Object Repository/PartyOnboarding/Personal/PartyRequiredDocument/Issuing Country' is visible&#xD;
&#xD;
2019-08-22 09:37:40 - [MESSAGE][PASSED] - Keys 'Myanmar' sent to object: 'Object Repository/PartyOnboarding/Personal/PartyRequiredDocument/Issuing Country'&#xD;
&#xD;
2019-08-22 09:37:41 - [MESSAGE][PASSED] - Delayed 1 second(s)&#xD;
&#xD;
2019-08-22 09:37:41 - [MESSAGE][PASSED] - Object 'Object Repository/PartyOnboarding/Personal/PartyRequiredDocument/Document Verified' is visible&#xD;
&#xD;
2019-08-22 09:37:41 - [MESSAGE][PASSED] - Keys 'TAB + TRUE' sent to object: 'Object Repository/PartyOnboarding/Personal/PartyRequiredDocument/Document Verified'&#xD;
&#xD;
2019-08-22 09:37:41 - [MESSAGE][PASSED] - Object 'Object Repository/PartyOnboarding/Personal/PartyRequiredDocument/Save Row' is visible&#xD;
&#xD;
2019-08-22 09:37:42 - [MESSAGE][PASSED] - Execute JavaScript 'arguments[0].click();' successfully&#xD;
&#xD;
2019-08-22 09:37:42 - [MESSAGE][PASSED] - Object 'Object Repository/PartyOnboarding/Personal/PartyRequiredDocument/New Row' is visible&#xD;
&#xD;
2019-08-22 09:37:42 - [MESSAGE][PASSED] - Execute JavaScript 'arguments[0].click();' successfully&#xD;
&#xD;
2019-08-22 09:37:42 - [MESSAGE][PASSED] - Object 'Object Repository/PartyOnboarding/Personal/PartyRequiredDocument/DocumentCategory' is visible&#xD;
&#xD;
2019-08-22 09:37:43 - [MESSAGE][PASSED] - Keys 'TAB + PT-REGISTERED COMPANY ADDRESS' sent to object: 'Object Repository/PartyOnboarding/Personal/PartyRequiredDocument/DocumentCategory'&#xD;
&#xD;
2019-08-22 09:37:44 - [MESSAGE][PASSED] - Delayed 1 second(s)&#xD;
&#xD;
2019-08-22 09:37:44 - [MESSAGE][PASSED] - Object 'Object Repository/PartyOnboarding/Personal/PartyRequiredDocument/Document Type' is visible&#xD;
&#xD;
2019-08-22 09:37:45 - [MESSAGE][PASSED] - Keys 'TAB + REGISTERED COMPANY ADDRESS' sent to object: 'Object Repository/PartyOnboarding/Personal/PartyRequiredDocument/Document Type'&#xD;
&#xD;
2019-08-22 09:37:46 - [MESSAGE][PASSED] - Delayed 1 second(s)&#xD;
&#xD;
2019-08-22 09:37:46 - [MESSAGE][PASSED] - Object 'Object Repository/PartyOnboarding/Personal/PartyRequiredDocument/Issuing Country' is visible&#xD;
&#xD;
2019-08-22 09:37:47 - [MESSAGE][PASSED] - Keys 'Myanmar' sent to object: 'Object Repository/PartyOnboarding/Personal/PartyRequiredDocument/Issuing Country'&#xD;
&#xD;
2019-08-22 09:37:48 - [MESSAGE][PASSED] - Delayed 1 second(s)&#xD;
&#xD;
2019-08-22 09:37:48 - [MESSAGE][PASSED] - Object 'Object Repository/PartyOnboarding/Personal/PartyRequiredDocument/Document Verified' is visible&#xD;
&#xD;
2019-08-22 09:37:48 - [MESSAGE][PASSED] - Keys 'TAB + TRUE' sent to object: 'Object Repository/PartyOnboarding/Personal/PartyRequiredDocument/Document Verified'&#xD;
&#xD;
2019-08-22 09:37:48 - [MESSAGE][PASSED] - Object 'Object Repository/PartyOnboarding/Personal/PartyRequiredDocument/Save Row' is visible&#xD;
&#xD;
2019-08-22 09:37:48 - [MESSAGE][PASSED] - Execute JavaScript 'arguments[0].click();' successfully&#xD;
&#xD;
2019-08-22 09:37:48 - [MESSAGE][PASSED] - Object 'Object Repository/PartyOnboarding/Personal/PartyRequiredDocument/New Row' is visible&#xD;
&#xD;
2019-08-22 09:37:48 - [MESSAGE][PASSED] - Execute JavaScript 'arguments[0].click();' successfully&#xD;
&#xD;
2019-08-22 09:37:48 - [MESSAGE][PASSED] - Object 'Object Repository/PartyOnboarding/Personal/PartyRequiredDocument/DocumentCategory' is visible&#xD;
&#xD;
2019-08-22 09:37:50 - [MESSAGE][PASSED] - Keys 'TAB + PT-VALID VISA COPY OF AUTH. SIGNATORY(FOREIGNER)' sent to object: 'Object Repository/PartyOnboarding/Personal/PartyRequiredDocument/DocumentCategory'&#xD;
&#xD;
2019-08-22 09:37:51 - [MESSAGE][PASSED] - Delayed 1 second(s)&#xD;
&#xD;
2019-08-22 09:37:52 - [MESSAGE][PASSED] - Object 'Object Repository/PartyOnboarding/Personal/PartyRequiredDocument/Document Type' is visible&#xD;
&#xD;
2019-08-22 09:37:54 - [MESSAGE][PASSED] - Keys 'TAB + VALID VISA COPY OF AUTH. SIGNATORY(FOREIGNER)' sent to object: 'Object Repository/PartyOnboarding/Personal/PartyRequiredDocument/Document Type'&#xD;
&#xD;
2019-08-22 09:37:55 - [MESSAGE][PASSED] - Delayed 1 second(s)&#xD;
&#xD;
2019-08-22 09:37:55 - [MESSAGE][PASSED] - Object 'Object Repository/PartyOnboarding/Personal/PartyRequiredDocument/Issuing Country' is visible&#xD;
&#xD;
2019-08-22 09:37:55 - [MESSAGE][PASSED] - Keys 'Myanmar' sent to object: 'Object Repository/PartyOnboarding/Personal/PartyRequiredDocument/Issuing Country'&#xD;
&#xD;
2019-08-22 09:37:56 - [MESSAGE][PASSED] - Delayed 1 second(s)&#xD;
&#xD;
2019-08-22 09:37:56 - [MESSAGE][PASSED] - Object 'Object Repository/PartyOnboarding/Personal/PartyRequiredDocument/Document Verified' is visible&#xD;
&#xD;
2019-08-22 09:37:56 - [MESSAGE][PASSED] - Keys 'TAB + TRUE' sent to object: 'Object Repository/PartyOnboarding/Personal/PartyRequiredDocument/Document Verified'&#xD;
&#xD;
2019-08-22 09:37:56 - [MESSAGE][PASSED] - Object 'Object Repository/PartyOnboarding/Personal/PartyRequiredDocument/Save Row' is visible&#xD;
&#xD;
2019-08-22 09:37:56 - [MESSAGE][PASSED] - Execute JavaScript 'arguments[0].click();' successfully&#xD;
&#xD;
2019-08-22 09:37:56 - [MESSAGE][PASSED] - Object 'Object Repository/PartyOnboarding/Personal/PartyRequiredDocument/ddl_DocumentsCollectionStatus' is visible&#xD;
&#xD;
2019-08-22 09:37:58 - [MESSAGE][PASSED] - Keys 'Documents collected and validated centrally' sent to object: 'Object Repository/PartyOnboarding/Personal/PartyRequiredDocument/ddl_DocumentsCollectionStatus'&#xD;
&#xD;
2019-08-22 09:37:58 - [TEST_STEP][PASSED] - partyOnboardingEnterprise.clickNextbutton(): Object: 'Object Repository/PartyOnboarding/btn_Next' is clicked on&#xD;
&#xD;
2019-08-22 09:37:58 - [MESSAGE][PASSED] - Object 'Object Repository/PartyOnboarding/btn_Next' is visible&#xD;
&#xD;
2019-08-22 09:37:58 - [MESSAGE][PASSED] - Object: 'Object Repository/PartyOnboarding/btn_Next' is clicked on&#xD;
&#xD;
2019-08-22 09:37:58 - [TEST_STEP][PASSED] - delay(1): Delayed 1 second(s)&#xD;
&#xD;
2019-08-22 09:37:59 - [MESSAGE][PASSED] - Delayed 1 second(s)&#xD;
&#xD;
2019-08-22 09:37:59 - [TEST_STEP][PASSED] - log.logInfo("--- " + " Click Next button ---"): ---  Click Next button ---&#xD;
&#xD;
2019-08-22 09:37:59 - [MESSAGE][INFO] - ---  Click Next button ---&#xD;
&#xD;
2019-08-22 09:37:59 - [TEST_STEP][PASSED] - partyOnboardingEnterprise.clickNextbutton(): Object: 'Object Repository/PartyOnboarding/btn_Next' is clicked on&#xD;
&#xD;
2019-08-22 09:37:59 - [MESSAGE][PASSED] - Object 'Object Repository/PartyOnboarding/btn_Next' is visible&#xD;
&#xD;
2019-08-22 09:37:59 - [MESSAGE][PASSED] - Object: 'Object Repository/PartyOnboarding/btn_Next' is clicked on&#xD;
&#xD;
2019-08-22 09:37:59 - [TEST_STEP][PASSED] - log.logInfo("--- " + " Click Next button ---"): ---  Click Next button ---&#xD;
&#xD;
2019-08-22 09:37:59 - [MESSAGE][INFO] - ---  Click Next button ---&#xD;
&#xD;
2019-08-22 09:37:59 - [TEST_STEP][PASSED] - delay(1): Delayed 1 second(s)&#xD;
&#xD;
2019-08-22 09:38:00 - [MESSAGE][PASSED] - Delayed 1 second(s)&#xD;
&#xD;
2019-08-22 09:38:00 - [TEST_STEP][PASSED] - partyOnboardingEnterprise.clickNextbutton(): Object: 'Object Repository/PartyOnboarding/btn_Next' is clicked on&#xD;
&#xD;
2019-08-22 09:38:01 - [MESSAGE][PASSED] - Object 'Object Repository/PartyOnboarding/btn_Next' is visible&#xD;
&#xD;
2019-08-22 09:38:01 - [MESSAGE][PASSED] - Object: 'Object Repository/PartyOnboarding/btn_Next' is clicked on&#xD;
&#xD;
2019-08-22 09:38:01 - [TEST_STEP][PASSED] - log.logInfo("--- " + " Click Process on Warning box ---"): ---  Click Process on Warning box ---&#xD;
&#xD;
2019-08-22 09:38:01 - [MESSAGE][INFO] - ---  Click Process on Warning box ---&#xD;
&#xD;
2019-08-22 09:38:01 - [TEST_STEP][PASSED] - partyOnboardingEnterprise.clickAskForApprovalbutton(): Object: 'Object Repository/PartyOnboarding/RequestToApproval/AskForApproval_btn' is clicked on&#xD;
&#xD;
2019-08-22 09:38:01 - [MESSAGE][PASSED] - Object 'Object Repository/PartyOnboarding/RequestToApproval/AskForApproval_btn' is visible&#xD;
&#xD;
2019-08-22 09:38:01 - [MESSAGE][PASSED] - Object: 'Object Repository/PartyOnboarding/RequestToApproval/AskForApproval_btn' is clicked on</system-out>
            <system-err></system-err>
        </testcase>
        <testcase name="Test Cases/DataPreparation/PartyOnboardingEnterprise" classname="Test Cases/DataPreparation/PartyOnboardingEnterprise" status="PASSED">
            <system-out>2019-08-22 09:38:01 - [TEST_CASE][PASSED] - Test Cases/DataPreparation/PartyOnboardingEnterprise: Test Cases/DataPreparation/PartyOnboardingEnterprise&#xD;
&#xD;
2019-08-22 09:38:01 - [TEST_STEP][PASSED] - Start listener action : sampleBeforeTestCase: null&#xD;
&#xD;
2019-08-22 09:38:01 - [TEST_STEP][PASSED] - testCaseID = testCaseContext.getTestCaseId(): null&#xD;
&#xD;
2019-08-22 09:38:01 - [TEST_STEP][PASSED] - log = new com.kms.katalon.core.util.KeywordUtil(): null&#xD;
&#xD;
2019-08-22 09:38:01 - [TEST_STEP][PASSED] - partyOnboardingEnterprise = new pageObjects.PartyOnboarding(): null&#xD;
&#xD;
2019-08-22 09:38:01 - [TEST_STEP][PASSED] - delay(3): Delayed 3 second(s)&#xD;
&#xD;
2019-08-22 09:38:04 - [MESSAGE][PASSED] - Delayed 3 second(s)&#xD;
&#xD;
2019-08-22 09:38:04 - [TEST_STEP][PASSED] - log.logInfo("--- Open Party Onboarding in Menu Search ---"): --- Open Party Onboarding in Menu Search ---&#xD;
&#xD;
2019-08-22 09:38:04 - [MESSAGE][INFO] - --- Open Party Onboarding in Menu Search ---&#xD;
&#xD;
2019-08-22 09:38:04 - [TEST_STEP][PASSED] - partyOnboardingEnterprise.inputPartyOnboardingMenuSearch(): Object 'menuSearch_txt' is present&#xD;
&#xD;
2019-08-22 09:38:04 - [MESSAGE][PASSED] - Object 'Object Repository/Menu_Search' is visible&#xD;
&#xD;
2019-08-22 09:38:05 - [MESSAGE][PASSED] - Keys 'ENTER + Party Onboarding' sent to object: 'Object Repository/Menu_Search'&#xD;
&#xD;
2019-08-22 09:38:05 - [MESSAGE][PASSED] - Object 'menuSearch_txt' is present&#xD;
&#xD;
2019-08-22 09:38:05 - [TEST_STEP][PASSED] - log.logInfo("/---------------Party Onboarding---------------/"): /---------------Party Onboarding---------------/&#xD;
&#xD;
2019-08-22 09:38:05 - [MESSAGE][INFO] - /---------------Party Onboarding---------------/&#xD;
&#xD;
2019-08-22 09:38:05 - [TEST_STEP][PASSED] - log.logInfo("--- Input Local Global ---"): --- Input Local Global ---&#xD;
&#xD;
2019-08-22 09:38:05 - [MESSAGE][INFO] - --- Input Local Global ---&#xD;
&#xD;
2019-08-22 09:38:05 - [TEST_STEP][PASSED] - partyOnboardingEnterprise.inputLocalGlobal(s01_localglobal): Keys 'Local Private' sent to object: 'Object Repository/PartyOnboarding/PartyOnboarding/Local Global'&#xD;
&#xD;
2019-08-22 09:38:06 - [MESSAGE][PASSED] - Text of object 'Object Repository/PartyOnboarding/PartyOnboarding/Local Global' is cleared&#xD;
&#xD;
2019-08-22 09:38:06 - [MESSAGE][PASSED] - Object 'Object Repository/PartyOnboarding/PartyOnboarding/Local Global' is visible&#xD;
&#xD;
2019-08-22 09:38:06 - [MESSAGE][PASSED] - Object 'Object Repository/PartyOnboarding/PartyOnboarding/Local Global' is visible&#xD;
&#xD;
2019-08-22 09:38:06 - [MESSAGE][PASSED] - Keys 'Local Private' sent to object: 'Object Repository/PartyOnboarding/PartyOnboarding/Local Global'&#xD;
&#xD;
2019-08-22 09:38:06 - [TEST_STEP][PASSED] - log.logInfo("--- Input Party Type ---"): --- Input Party Type ---&#xD;
&#xD;
2019-08-22 09:38:06 - [MESSAGE][INFO] - --- Input Party Type ---&#xD;
&#xD;
2019-08-22 09:38:06 - [TEST_STEP][PASSED] - partyOnboardingEnterprise.inputPartyType(s01_partytype): Keys 'TAB + Enterprise' sent to object: 'Object Repository/PartyOnboarding/PartyOnboarding/Party Type'&#xD;
&#xD;
2019-08-22 09:38:06 - [MESSAGE][PASSED] - Object 'Object Repository/PartyOnboarding/PartyOnboarding/Party Type' is visible&#xD;
&#xD;
2019-08-22 09:38:07 - [MESSAGE][PASSED] - Keys 'TAB + Enterprise' sent to object: 'Object Repository/PartyOnboarding/PartyOnboarding/Party Type'&#xD;
&#xD;
2019-08-22 09:38:07 - [TEST_STEP][PASSED] - log.logInfo("--- Input Party Sub Type ---"): --- Input Party Sub Type ---&#xD;
&#xD;
2019-08-22 09:38:07 - [MESSAGE][INFO] - --- Input Party Sub Type ---&#xD;
&#xD;
2019-08-22 09:38:07 - [TEST_STEP][PASSED] - partyOnboardingEnterprise.inputPartySubType(s01_partysubtype): Keys 'PRIVATE/PUBLIC/PUBLIC LISTED COMPANY (MYANMAR)' sent to object: 'Object Repository/PartyOnboarding/PartyOnboarding/Party Sub-Type'&#xD;
&#xD;
2019-08-22 09:38:08 - [MESSAGE][PASSED] - Delayed 1 second(s)&#xD;
&#xD;
2019-08-22 09:38:08 - [MESSAGE][PASSED] - Object 'Object Repository/PartyOnboarding/PartyOnboarding/Party Type' is visible&#xD;
&#xD;
2019-08-22 09:38:09 - [MESSAGE][PASSED] - Keys 'PRIVATE/PUBLIC/PUBLIC LISTED COMPANY (MYANMAR)' sent to object: 'Object Repository/PartyOnboarding/PartyOnboarding/Party Sub-Type'&#xD;
&#xD;
2019-08-22 09:38:09 - [TEST_STEP][PASSED] - log.logInfo("--- Input Party Category ---"): --- Input Party Category ---&#xD;
&#xD;
2019-08-22 09:38:09 - [MESSAGE][INFO] - --- Input Party Category ---&#xD;
&#xD;
2019-08-22 09:38:09 - [TEST_STEP][PASSED] - partyOnboardingEnterprise.inputPartyCategory(s01_partycategory): Keys 'Full' sent to object: 'Object Repository/PartyOnboarding/PartyOnboarding/Party Category'&#xD;
&#xD;
2019-08-22 09:38:09 - [MESSAGE][PASSED] - Object 'Object Repository/PartyOnboarding/PartyOnboarding/Party Category' is visible&#xD;
&#xD;
2019-08-22 09:38:09 - [MESSAGE][PASSED] - Keys 'Full' sent to object: 'Object Repository/PartyOnboarding/PartyOnboarding/Party Category'&#xD;
&#xD;
2019-08-22 09:38:09 - [TEST_STEP][PASSED] - log.logInfo("--- Check Line of Business ---"): --- Check Line of Business ---&#xD;
&#xD;
2019-08-22 09:38:09 - [MESSAGE][INFO] - --- Check Line of Business ---&#xD;
&#xD;
2019-08-22 09:38:09 - [TEST_STEP][PASSED] - partyOnboardingEnterprise.clickLineofBusiness(s01_lineofbusiness, findTestObject("PartyOnboarding/PartyOnboarding/div_Core Banking")): Object 'Object Repository/PartyOnboarding/PartyOnboarding/LineofBusiness_List' is checked&#xD;
&#xD;
2019-08-22 09:38:09 - [MESSAGE][PASSED] - Object 'Object Repository/PartyOnboarding/PartyOnboarding/div_Core Banking' is visible&#xD;
&#xD;
2019-08-22 09:38:09 - [MESSAGE][PASSED] - Attribute 'aria-checked' of object 'Object Repository/PartyOnboarding/PartyOnboarding/div_Core Banking' is: 'true'&#xD;
&#xD;
2019-08-22 09:38:09 - [MESSAGE][PASSED] - Object 'Object Repository/PartyOnboarding/PartyOnboarding/chk_SelectAllLineOfBusiness' is visible&#xD;
&#xD;
2019-08-22 09:38:09 - [MESSAGE][PASSED] - Attribute 'aria-checked' of object 'Object Repository/PartyOnboarding/PartyOnboarding/chk_SelectAllLineOfBusiness' is: 'true'&#xD;
&#xD;
2019-08-22 09:38:09 - [MESSAGE][PASSED] - Object 'Object Repository/PartyOnboarding/PartyOnboarding/LineofBusiness_List' is visible&#xD;
&#xD;
2019-08-22 09:38:09 - [MESSAGE][PASSED] - Attribute 'aria-checked' of object 'Object Repository/PartyOnboarding/PartyOnboarding/LineofBusiness_List' is: 'true'&#xD;
&#xD;
2019-08-22 09:38:09 - [MESSAGE][PASSED] - Object 'Object Repository/PartyOnboarding/PartyOnboarding/LineofBusiness_List' is visible&#xD;
&#xD;
2019-08-22 09:38:09 - [MESSAGE][PASSED] - Attribute 'aria-checked' of object 'Object Repository/PartyOnboarding/PartyOnboarding/LineofBusiness_List' is: 'true'&#xD;
&#xD;
2019-08-22 09:38:09 - [MESSAGE][PASSED] - Object 'Object Repository/PartyOnboarding/PartyOnboarding/chk_SelectAllLineOfBusiness' is visible&#xD;
&#xD;
2019-08-22 09:38:09 - [MESSAGE][PASSED] - Attribute 'aria-checked' of object 'Object Repository/PartyOnboarding/PartyOnboarding/chk_SelectAllLineOfBusiness' is: 'true'&#xD;
&#xD;
2019-08-22 09:38:09 - [MESSAGE][PASSED] - Object 'Object Repository/PartyOnboarding/PartyOnboarding/chk_SelectAllLineOfBusiness' is checked&#xD;
&#xD;
2019-08-22 09:38:09 - [MESSAGE][PASSED] - Object 'Object Repository/PartyOnboarding/PartyOnboarding/div_Core Banking' is visible&#xD;
&#xD;
2019-08-22 09:38:10 - [MESSAGE][PASSED] - Attribute 'aria-checked' of object 'Object Repository/PartyOnboarding/PartyOnboarding/div_Core Banking' is: 'false'&#xD;
&#xD;
2019-08-22 09:38:10 - [MESSAGE][PASSED] - Object 'Object Repository/PartyOnboarding/PartyOnboarding/div_Core Banking' is checked&#xD;
&#xD;
2019-08-22 09:38:10 - [MESSAGE][PASSED] - Object 'Object Repository/PartyOnboarding/PartyOnboarding/LineofBusiness_List' is visible&#xD;
&#xD;
2019-08-22 09:38:10 - [MESSAGE][PASSED] - Attribute 'aria-checked' of object 'Object Repository/PartyOnboarding/PartyOnboarding/LineofBusiness_List' is: 'false'&#xD;
&#xD;
2019-08-22 09:38:10 - [MESSAGE][PASSED] - Object 'Object Repository/PartyOnboarding/PartyOnboarding/LineofBusiness_List' is checked&#xD;
&#xD;
2019-08-22 09:38:10 - [TEST_STEP][PASSED] - log.logInfo("--- Click Next to Party Check List  ---"): --- Click Next to Party Check List  ---&#xD;
&#xD;
2019-08-22 09:38:10 - [MESSAGE][INFO] - --- Click Next to Party Check List  ---&#xD;
&#xD;
2019-08-22 09:38:10 - [TEST_STEP][PASSED] - partyOnboardingEnterprise.clickNextbutton(): Object: 'Object Repository/PartyOnboarding/btn_Next' is clicked on&#xD;
&#xD;
2019-08-22 09:38:10 - [MESSAGE][PASSED] - Object 'Object Repository/PartyOnboarding/btn_Next' is visible&#xD;
&#xD;
2019-08-22 09:38:10 - [MESSAGE][PASSED] - Object: 'Object Repository/PartyOnboarding/btn_Next' is clicked on&#xD;
&#xD;
2019-08-22 09:38:10 - [TEST_STEP][PASSED] - delay(1): Delayed 1 second(s)&#xD;
&#xD;
2019-08-22 09:38:11 - [MESSAGE][PASSED] - Delayed 1 second(s)&#xD;
&#xD;
2019-08-22 09:38:11 - [TEST_STEP][PASSED] - partyOnboardingEnterprise.clickNextbutton(): Object: 'Object Repository/PartyOnboarding/btn_Next' is clicked on&#xD;
&#xD;
2019-08-22 09:38:11 - [MESSAGE][PASSED] - Object 'Object Repository/PartyOnboarding/btn_Next' is visible&#xD;
&#xD;
2019-08-22 09:38:11 - [MESSAGE][PASSED] - Object: 'Object Repository/PartyOnboarding/btn_Next' is clicked on&#xD;
&#xD;
2019-08-22 09:38:11 - [TEST_STEP][PASSED] - log.logInfo("/---------------Pre-Existence Check---------------/"): /---------------Pre-Existence Check---------------/&#xD;
&#xD;
2019-08-22 09:38:11 - [MESSAGE][INFO] - /---------------Pre-Existence Check---------------/&#xD;
&#xD;
2019-08-22 09:38:11 - [TEST_STEP][PASSED] - partyOnboardingEnterprise.inputEnterpriseName(s02_enterpriseName): Keys 'Enterprise 0000002' sent to object: 'Object Repository/PartyOnboarding/Enterprise/PreExistenceCheck/txt_EnterpriseName'&#xD;
&#xD;
2019-08-22 09:38:12 - [MESSAGE][PASSED] - Object 'Object Repository/PartyOnboarding/Enterprise/PreExistenceCheck/txt_EnterpriseName' is visible&#xD;
&#xD;
2019-08-22 09:38:12 - [MESSAGE][PASSED] - Keys 'Enterprise 0000002' sent to object: 'Object Repository/PartyOnboarding/Enterprise/PreExistenceCheck/txt_EnterpriseName'&#xD;
&#xD;
2019-08-22 09:38:12 - [TEST_STEP][PASSED] - partyOnboardingEnterprise.inputRegistration(): Keys 'xNfYyIep' sent to object: 'Object Repository/PartyOnboarding/Enterprise/PreExistenceCheck/txt_Registration'&#xD;
&#xD;
2019-08-22 09:38:12 - [MESSAGE][PASSED] - Object 'Object Repository/PartyOnboarding/Enterprise/PreExistenceCheck/txt_Registration' is visible&#xD;
&#xD;
2019-08-22 09:38:12 - [MESSAGE][PASSED] - Keys 'xNfYyIep' sent to object: 'Object Repository/PartyOnboarding/Enterprise/PreExistenceCheck/txt_Registration'&#xD;
&#xD;
2019-08-22 09:38:12 - [TEST_STEP][PASSED] - partyOnboardingEnterprise.clickNextbutton(): Object: 'Object Repository/PartyOnboarding/btn_Next' is clicked on&#xD;
&#xD;
2019-08-22 09:38:12 - [MESSAGE][PASSED] - Object 'Object Repository/PartyOnboarding/btn_Next' is visible&#xD;
&#xD;
2019-08-22 09:38:12 - [MESSAGE][PASSED] - Object: 'Object Repository/PartyOnboarding/btn_Next' is clicked on&#xD;
&#xD;
2019-08-22 09:38:12 - [TEST_STEP][PASSED] - log.logInfo("/--------------- Party Onboarding---------------/"): /--------------- Party Onboarding---------------/&#xD;
&#xD;
2019-08-22 09:38:12 - [MESSAGE][INFO] - /--------------- Party Onboarding---------------/&#xD;
&#xD;
2019-08-22 09:38:12 - [TEST_STEP][PASSED] - partyOnboardingEnterprise.inputPartyId(): Web element with id: 'Object Repository/PartyOnboarding/Personal/PersonalParty/Message/pop_ErrorDuplicatePartyID' located by 'By.xpath: //textarea[@name='03messages']' not found&#xD;
&#xD;
2019-08-22 09:38:13 - [MESSAGE][PASSED] - Object 'Object Repository/PartyOnboarding/Personal/PersonalParty/txt_PartyID' is visible&#xD;
&#xD;
2019-08-22 09:38:14 - [MESSAGE][PASSED] - Object 'Object Repository/PartyOnboarding/Personal/PersonalParty/txt_PartyID' is visible&#xD;
&#xD;
2019-08-22 09:38:14 - [MESSAGE][PASSED] - Keys 'TAB + nPMBQeb2' sent to object: 'Object Repository/PartyOnboarding/Personal/PersonalParty/txt_PartyID'&#xD;
&#xD;
2019-08-22 09:38:45 - [MESSAGE][INFO] - Unable to find the element located by 'By.xpath: //textarea[@name='03messages']'. Please recheck the objects properties to make sure the desired element is located. &#xD;
&#xD;
2019-08-22 09:38:45 - [MESSAGE][WARNING] - Web element with id: 'Object Repository/PartyOnboarding/Personal/PersonalParty/Message/pop_ErrorDuplicatePartyID' located by 'By.xpath: //textarea[@name='03messages']' not found&#xD;
&#xD;
2019-08-22 09:38:45 - [TEST_STEP][PASSED] - partyOnboardingEnterprise.inputShortNameEnterprise(s03_shortName): Keys 'TAB + Enterprise' sent to object: 'Object Repository/PartyOnboarding/Enterprise/EnterpriseParty/Short Name_txt'&#xD;
&#xD;
2019-08-22 09:38:45 - [MESSAGE][PASSED] - Object 'Object Repository/PartyOnboarding/Enterprise/EnterpriseParty/Short Name_txt' is visible&#xD;
&#xD;
2019-08-22 09:38:45 - [MESSAGE][PASSED] - Keys 'TAB + Enterprise' sent to object: 'Object Repository/PartyOnboarding/Enterprise/EnterpriseParty/Short Name_txt'&#xD;
&#xD;
2019-08-22 09:38:45 - [TEST_STEP][PASSED] - partyOnboardingEnterprise.clickNextbutton(): Object: 'Object Repository/PartyOnboarding/btn_Next' is clicked on&#xD;
&#xD;
2019-08-22 09:38:45 - [MESSAGE][PASSED] - Object 'Object Repository/PartyOnboarding/btn_Next' is visible&#xD;
&#xD;
2019-08-22 09:38:45 - [MESSAGE][PASSED] - Object: 'Object Repository/PartyOnboarding/btn_Next' is clicked on&#xD;
&#xD;
2019-08-22 09:38:45 - [TEST_STEP][PASSED] - partyOnboardingEnterprise.clickProcessInWarningBox(): Object: 'Object Repository/PartyOnboarding/Personal/PersonalParty/btn_Warnings_Proceed_NotCapture' is clicked on&#xD;
&#xD;
2019-08-22 09:38:46 - [MESSAGE][PASSED] - Object 'Object Repository/PartyOnboarding/Personal/PersonalParty/btn_Warnings_Proceed_NotCapture' is visible&#xD;
&#xD;
2019-08-22 09:38:46 - [MESSAGE][PASSED] - Object: 'Object Repository/PartyOnboarding/Personal/PersonalParty/btn_Warnings_Proceed_NotCapture' is clicked on&#xD;
&#xD;
2019-08-22 09:38:46 - [TEST_STEP][PASSED] - log.logInfo("/--------------- Party Onboarding - Address---------------/"): /--------------- Party Onboarding - Address---------------/&#xD;
&#xD;
2019-08-22 09:38:46 - [MESSAGE][INFO] - /--------------- Party Onboarding - Address---------------/&#xD;
&#xD;
2019-08-22 09:38:46 - [TEST_STEP][PASSED] - partyOnboardingEnterprise.inputRDataForAddressParty(s04_addressType, s04_userForCommunication, s04_validFrom): Execute JavaScript 'arguments[0].click();' successfully&#xD;
&#xD;
2019-08-22 09:38:47 - [MESSAGE][PASSED] - Object 'Object Repository/PartyOnboarding/Personal/PartyAddress/button_New Row_PartyAddress' is visible&#xD;
&#xD;
2019-08-22 09:38:47 - [MESSAGE][PASSED] - Execute JavaScript 'arguments[0].click();' successfully&#xD;
&#xD;
2019-08-22 09:38:48 - [MESSAGE][PASSED] - Object 'Object Repository/PartyOnboarding/Personal/PartyAddress/Address Type' is visible&#xD;
&#xD;
2019-08-22 09:38:48 - [MESSAGE][PASSED] - Keys 'TAB + Home Address' sent to object: 'Object Repository/PartyOnboarding/Personal/PartyAddress/Address Type'&#xD;
&#xD;
2019-08-22 09:38:48 - [MESSAGE][PASSED] - Object 'Object Repository/PartyOnboarding/Personal/PartyAddress/Valid From' is visible&#xD;
&#xD;
2019-08-22 09:38:48 - [MESSAGE][PASSED] - Text of object 'Object Repository/PartyOnboarding/Personal/PartyAddress/Valid From' is cleared&#xD;
&#xD;
2019-08-22 09:38:48 - [MESSAGE][PASSED] - Object 'Object Repository/PartyOnboarding/Personal/PartyAddress/Valid From' is visible&#xD;
&#xD;
2019-08-22 09:38:49 - [MESSAGE][PASSED] - Keys '2018-01-14' sent to object: 'Object Repository/PartyOnboarding/Personal/PartyAddress/Valid From'&#xD;
&#xD;
2019-08-22 09:38:49 - [MESSAGE][PASSED] - Object 'Object Repository/PartyOnboarding/Personal/PartyAddress/chk_Use  for Communication' is present&#xD;
&#xD;
2019-08-22 09:38:49 - [MESSAGE][PASSED] - Attribute 'aria-checked' of object 'Object Repository/PartyOnboarding/Personal/PartyAddress/chk_Use  for Communication' is: 'false'&#xD;
&#xD;
2019-08-22 09:38:49 - [MESSAGE][PASSED] - Object 'Object Repository/PartyOnboarding/Personal/PartyAddress/chk_Use  for Communication' is checked&#xD;
&#xD;
2019-08-22 09:38:49 - [MESSAGE][PASSED] - Object 'Object Repository/PartyOnboarding/Personal/PartyAddress/SaveRow' is visible&#xD;
&#xD;
2019-08-22 09:38:49 - [MESSAGE][PASSED] - Execute JavaScript 'arguments[0].click();' successfully&#xD;
&#xD;
2019-08-22 09:38:49 - [MESSAGE][PASSED] - Object 'Object Repository/PartyOnboarding/Personal/PartyAddress/button_New Row_PartyAddress' is visible&#xD;
&#xD;
2019-08-22 09:38:49 - [MESSAGE][PASSED] - Execute JavaScript 'arguments[0].click();' successfully&#xD;
&#xD;
2019-08-22 09:38:49 - [MESSAGE][PASSED] - Object 'Object Repository/PartyOnboarding/Personal/PartyAddress/Address Type' is visible&#xD;
&#xD;
2019-08-22 09:38:50 - [MESSAGE][PASSED] - Keys 'TAB + Current Address' sent to object: 'Object Repository/PartyOnboarding/Personal/PartyAddress/Address Type'&#xD;
&#xD;
2019-08-22 09:38:50 - [MESSAGE][PASSED] - Object 'Object Repository/PartyOnboarding/Personal/PartyAddress/Valid From' is visible&#xD;
&#xD;
2019-08-22 09:38:50 - [MESSAGE][PASSED] - Text of object 'Object Repository/PartyOnboarding/Personal/PartyAddress/Valid From' is cleared&#xD;
&#xD;
2019-08-22 09:38:50 - [MESSAGE][PASSED] - Object 'Object Repository/PartyOnboarding/Personal/PartyAddress/Valid From' is visible&#xD;
&#xD;
2019-08-22 09:38:50 - [MESSAGE][PASSED] - Keys '2018-01-17' sent to object: 'Object Repository/PartyOnboarding/Personal/PartyAddress/Valid From'&#xD;
&#xD;
2019-08-22 09:38:50 - [MESSAGE][PASSED] - Object 'Object Repository/PartyOnboarding/Personal/PartyAddress/SaveRow' is visible&#xD;
&#xD;
2019-08-22 09:38:50 - [MESSAGE][PASSED] - Execute JavaScript 'arguments[0].click();' successfully&#xD;
&#xD;
2019-08-22 09:38:50 - [MESSAGE][PASSED] - Object 'Object Repository/PartyOnboarding/Personal/PartyAddress/button_New Row_PartyAddress' is visible&#xD;
&#xD;
2019-08-22 09:38:50 - [MESSAGE][PASSED] - Execute JavaScript 'arguments[0].click();' successfully&#xD;
&#xD;
2019-08-22 09:38:50 - [MESSAGE][PASSED] - Object 'Object Repository/PartyOnboarding/Personal/PartyAddress/Address Type' is visible&#xD;
&#xD;
2019-08-22 09:38:51 - [MESSAGE][PASSED] - Keys 'TAB + Office Address' sent to object: 'Object Repository/PartyOnboarding/Personal/PartyAddress/Address Type'&#xD;
&#xD;
2019-08-22 09:38:51 - [MESSAGE][PASSED] - Object 'Object Repository/PartyOnboarding/Personal/PartyAddress/Valid From' is visible&#xD;
&#xD;
2019-08-22 09:38:51 - [MESSAGE][PASSED] - Text of object 'Object Repository/PartyOnboarding/Personal/PartyAddress/Valid From' is cleared&#xD;
&#xD;
2019-08-22 09:38:51 - [MESSAGE][PASSED] - Object 'Object Repository/PartyOnboarding/Personal/PartyAddress/Valid From' is visible&#xD;
&#xD;
2019-08-22 09:38:51 - [MESSAGE][PASSED] - Keys '2017-01-17' sent to object: 'Object Repository/PartyOnboarding/Personal/PartyAddress/Valid From'&#xD;
&#xD;
2019-08-22 09:38:51 - [MESSAGE][PASSED] - Object 'Object Repository/PartyOnboarding/Personal/PartyAddress/SaveRow' is visible&#xD;
&#xD;
2019-08-22 09:38:51 - [MESSAGE][PASSED] - Execute JavaScript 'arguments[0].click();' successfully&#xD;
&#xD;
2019-08-22 09:38:51 - [TEST_STEP][PASSED] - partyOnboardingEnterprise.clickNextbutton(): Object: 'Object Repository/PartyOnboarding/btn_Next' is clicked on&#xD;
&#xD;
2019-08-22 09:38:51 - [MESSAGE][PASSED] - Object 'Object Repository/PartyOnboarding/btn_Next' is visible&#xD;
&#xD;
2019-08-22 09:38:52 - [MESSAGE][PASSED] - Object: 'Object Repository/PartyOnboarding/btn_Next' is clicked on&#xD;
&#xD;
2019-08-22 09:38:52 - [TEST_STEP][PASSED] - partyOnboardingEnterprise.inputDataForPartyContacts(s05_contactMethod, s05_contactTypeLocation, s05_contactCountryCode, s05_contactAreaCode, s05_contactNumber, s05_contactEmail, s05_confirmEmail, s05_validFrom): Execute JavaScript 'arguments[0].click();' successfully&#xD;
&#xD;
2019-08-22 09:38:52 - [MESSAGE][PASSED] - Object 'Object Repository/PartyOnboarding/Personal/PartyContacts/New Row' is visible&#xD;
&#xD;
2019-08-22 09:38:52 - [MESSAGE][PASSED] - Execute JavaScript 'arguments[0].click();' successfully&#xD;
&#xD;
2019-08-22 09:38:53 - [MESSAGE][PASSED] - Delayed 1 second(s)&#xD;
&#xD;
2019-08-22 09:38:53 - [MESSAGE][PASSED] - Object 'Object Repository/PartyOnboarding/Personal/PartyContacts/Contact Method' is visible&#xD;
&#xD;
2019-08-22 09:38:54 - [MESSAGE][PASSED] - Keys 'TAB + Telephone' sent to object: 'Object Repository/PartyOnboarding/Personal/PartyContacts/Contact Method'&#xD;
&#xD;
2019-08-22 09:38:55 - [MESSAGE][PASSED] - Delayed 1 second(s)&#xD;
&#xD;
2019-08-22 09:38:55 - [MESSAGE][PASSED] - Object 'Object Repository/PartyOnboarding/Personal/PartyContacts/Contact Type  Location' is visible&#xD;
&#xD;
2019-08-22 09:38:55 - [MESSAGE][PASSED] - Keys 'TAB + Personal' sent to object: 'Object Repository/PartyOnboarding/Personal/PartyContacts/Contact Type  Location'&#xD;
&#xD;
2019-08-22 09:38:55 - [MESSAGE][PASSED] - Object 'Object Repository/PartyOnboarding/Personal/PartyContacts/Contact Email' is visible&#xD;
&#xD;
2019-08-22 09:38:55 - [MESSAGE][PASSED] - Object 'Object Repository/PartyOnboarding/Personal/PartyContacts/Contact Email' has attribute 'readonly'&#xD;
&#xD;
2019-08-22 09:38:55 - [MESSAGE][PASSED] - Object 'Object Repository/PartyOnboarding/Personal/PartyContacts/Contact Number_03_Code' is visible&#xD;
&#xD;
2019-08-22 09:38:55 - [MESSAGE][PASSED] - Text of object 'Object Repository/PartyOnboarding/Personal/PartyContacts/Contact Number_03_Code' is cleared&#xD;
&#xD;
2019-08-22 09:38:55 - [MESSAGE][PASSED] - Object 'Object Repository/PartyOnboarding/Personal/PartyContacts/Contact Number_03_Code' is visible&#xD;
&#xD;
2019-08-22 09:38:55 - [MESSAGE][PASSED] - Keys '+95' sent to object: 'Object Repository/PartyOnboarding/Personal/PartyContacts/Contact Number_03_Code'&#xD;
&#xD;
2019-08-22 09:38:55 - [MESSAGE][PASSED] - Object 'Object Repository/PartyOnboarding/Personal/PartyContacts/Contact Number_AreaCode' is visible&#xD;
&#xD;
2019-08-22 09:38:56 - [MESSAGE][PASSED] - Keys '' sent to object: 'Object Repository/PartyOnboarding/Personal/PartyContacts/Contact Number_AreaCode'&#xD;
&#xD;
2019-08-22 09:38:56 - [MESSAGE][PASSED] - Object 'Object Repository/PartyOnboarding/Personal/PartyContacts/Contact Number_Number' is visible&#xD;
&#xD;
2019-08-22 09:38:56 - [MESSAGE][PASSED] - Keys '9697989902' sent to object: 'Object Repository/PartyOnboarding/Personal/PartyContacts/Contact Number_Number'&#xD;
&#xD;
2019-08-22 09:38:56 - [MESSAGE][PASSED] - Object 'Object Repository/PartyOnboarding/Personal/PartyContacts/Contact Number_03_Code' is visible&#xD;
&#xD;
2019-08-22 09:38:56 - [MESSAGE][WARNING] - Object 'Object Repository/PartyOnboarding/Personal/PartyContacts/Contact Number_03_Code' does not have attribute 'readonly' (Root cause: com.kms.katalon.core.exception.StepFailedException: Object 'Object Repository/PartyOnboarding/Personal/PartyContacts/Contact Number_03_Code' does not have attribute 'readonly'&#xD;
	at com.kms.katalon.core.webui.keyword.internal.WebUIKeywordMain.stepFailed(WebUIKeywordMain.groovy:64)&#xD;
	at com.kms.katalon.core.webui.keyword.builtin.VerifyElementHasAttributeKeyword$_verifyElementHasAttribute_closure1.doCall(VerifyElementHasAttributeKeyword.groovy:89)&#xD;
	at com.kms.katalon.core.webui.keyword.builtin.VerifyElementHasAttributeKeyword$_verifyElementHasAttribute_closure1.call(VerifyElementHasAttributeKeyword.groovy)&#xD;
	at com.kms.katalon.core.webui.keyword.internal.WebUIKeywordMain.runKeyword(WebUIKeywordMain.groovy:20)&#xD;
	at com.kms.katalon.core.webui.keyword.builtin.VerifyElementHasAttributeKeyword.verifyElementHasAttribute(VerifyElementHasAttributeKeyword.groovy:100)&#xD;
	at com.kms.katalon.core.webui.keyword.builtin.VerifyElementHasAttributeKeyword.execute(VerifyElementHasAttributeKeyword.groovy:69)&#xD;
	at com.kms.katalon.core.keyword.internal.KeywordExecutor.executeKeywordForPlatform(KeywordExecutor.groovy:56)&#xD;
	at com.kms.katalon.core.webui.keyword.WebUiBuiltInKeywords.verifyElementHasAttribute(WebUiBuiltInKeywords.groovy:3166)&#xD;
	at com.kms.katalon.core.webui.keyword.WebUiBuiltInKeywords$verifyElementHasAttribute$11.call(Unknown Source)&#xD;
	at pageObjects.PartyOnboarding.inputDataForPartyContacts(PartyOnboarding.groovy:736)&#xD;
	at PartyOnboardingEnterprise.run(PartyOnboardingEnterprise:61)&#xD;
	at com.kms.katalon.core.main.ScriptEngine.run(ScriptEngine.java:194)&#xD;
	at com.kms.katalon.core.main.ScriptEngine.runScriptAsRawText(ScriptEngine.java:119)&#xD;
	at com.kms.katalon.core.main.TestCaseExecutor.runScript(TestCaseExecutor.java:337)&#xD;
	at com.kms.katalon.core.main.TestCaseExecutor.doExecute(TestCaseExecutor.java:328)&#xD;
	at com.kms.katalon.core.main.TestCaseExecutor.processExecutionPhase(TestCaseExecutor.java:307)&#xD;
	at com.kms.katalon.core.main.TestCaseExecutor.accessMainPhase(TestCaseExecutor.java:299)&#xD;
	at com.kms.katalon.core.main.TestCaseExecutor.execute(TestCaseExecutor.java:233)&#xD;
	at com.kms.katalon.core.main.TestSuiteExecutor.accessTestCaseMainPhase(TestSuiteExecutor.java:133)&#xD;
	at com.kms.katalon.core.main.TestSuiteExecutor.accessTestSuiteMainPhase(TestSuiteExecutor.java:116)&#xD;
	at com.kms.katalon.core.main.TestSuiteExecutor.execute(TestSuiteExecutor.java:83)&#xD;
	at com.kms.katalon.core.main.TestCaseMain.startTestSuite(TestCaseMain.java:157)&#xD;
	at com.kms.katalon.core.main.TestCaseMain$startTestSuite$0.call(Unknown Source)&#xD;
	at TempTestSuite1566441935163.run(TempTestSuite1566441935163.groovy:35)&#xD;
)&#xD;
[[ATTACHMENT|C:\\ML\\JITS\\AYA\\Automation\\FBE\\FBE\\Reports\\DataPreparation\\PartyOnboardingPersonal\\20190822_091535\\1566443336487.png]]&#xD;
&#xD;
2019-08-22 09:38:56 - [MESSAGE][PASSED] - Object 'Object Repository/PartyOnboarding/Personal/PartyContacts/Valid From' is visible&#xD;
&#xD;
2019-08-22 09:38:56 - [MESSAGE][PASSED] - Text of object 'Object Repository/PartyOnboarding/Personal/PartyContacts/Valid From' is cleared&#xD;
&#xD;
2019-08-22 09:38:56 - [MESSAGE][PASSED] - Object 'Object Repository/PartyOnboarding/Personal/PartyContacts/Valid From' is visible&#xD;
&#xD;
2019-08-22 09:38:57 - [MESSAGE][PASSED] - Keys '2018-12-20' sent to object: 'Object Repository/PartyOnboarding/Personal/PartyContacts/Valid From'&#xD;
&#xD;
2019-08-22 09:38:57 - [MESSAGE][PASSED] - Object 'Object Repository/PartyOnboarding/Personal/PartyContacts/Save Row' is visible&#xD;
&#xD;
2019-08-22 09:38:57 - [MESSAGE][PASSED] - Execute JavaScript 'arguments[0].click();' successfully&#xD;
&#xD;
2019-08-22 09:38:57 - [MESSAGE][PASSED] - Object 'Object Repository/PartyOnboarding/Personal/PartyContacts/New Row' is visible&#xD;
&#xD;
2019-08-22 09:38:57 - [MESSAGE][PASSED] - Execute JavaScript 'arguments[0].click();' successfully&#xD;
&#xD;
2019-08-22 09:38:58 - [MESSAGE][PASSED] - Delayed 1 second(s)&#xD;
&#xD;
2019-08-22 09:38:58 - [MESSAGE][PASSED] - Object 'Object Repository/PartyOnboarding/Personal/PartyContacts/Contact Method' is visible&#xD;
&#xD;
2019-08-22 09:38:58 - [MESSAGE][PASSED] - Keys 'TAB + Mobile' sent to object: 'Object Repository/PartyOnboarding/Personal/PartyContacts/Contact Method'&#xD;
&#xD;
2019-08-22 09:38:59 - [MESSAGE][PASSED] - Delayed 1 second(s)&#xD;
&#xD;
2019-08-22 09:38:59 - [MESSAGE][PASSED] - Object 'Object Repository/PartyOnboarding/Personal/PartyContacts/Contact Type  Location' is visible&#xD;
&#xD;
2019-08-22 09:38:59 - [MESSAGE][PASSED] - Keys 'TAB + Work' sent to object: 'Object Repository/PartyOnboarding/Personal/PartyContacts/Contact Type  Location'&#xD;
&#xD;
2019-08-22 09:39:00 - [MESSAGE][PASSED] - Object 'Object Repository/PartyOnboarding/Personal/PartyContacts/Contact Email' is visible&#xD;
&#xD;
2019-08-22 09:39:00 - [MESSAGE][PASSED] - Object 'Object Repository/PartyOnboarding/Personal/PartyContacts/Contact Email' has attribute 'readonly'&#xD;
&#xD;
2019-08-22 09:39:00 - [MESSAGE][PASSED] - Object 'Object Repository/PartyOnboarding/Personal/PartyContacts/Contact Number_03_Code' is visible&#xD;
&#xD;
2019-08-22 09:39:00 - [MESSAGE][PASSED] - Text of object 'Object Repository/PartyOnboarding/Personal/PartyContacts/Contact Number_03_Code' is cleared&#xD;
&#xD;
2019-08-22 09:39:00 - [MESSAGE][PASSED] - Object 'Object Repository/PartyOnboarding/Personal/PartyContacts/Contact Number_03_Code' is visible&#xD;
&#xD;
2019-08-22 09:39:00 - [MESSAGE][PASSED] - Keys '+1' sent to object: 'Object Repository/PartyOnboarding/Personal/PartyContacts/Contact Number_03_Code'&#xD;
&#xD;
2019-08-22 09:39:00 - [MESSAGE][PASSED] - Object 'Object Repository/PartyOnboarding/Personal/PartyContacts/Contact Number_AreaCode' is visible&#xD;
&#xD;
2019-08-22 09:39:00 - [MESSAGE][PASSED] - Keys '' sent to object: 'Object Repository/PartyOnboarding/Personal/PartyContacts/Contact Number_AreaCode'&#xD;
&#xD;
2019-08-22 09:39:00 - [MESSAGE][PASSED] - Object 'Object Repository/PartyOnboarding/Personal/PartyContacts/Contact Number_Number' is visible&#xD;
&#xD;
2019-08-22 09:39:00 - [MESSAGE][PASSED] - Keys '9697989901' sent to object: 'Object Repository/PartyOnboarding/Personal/PartyContacts/Contact Number_Number'&#xD;
&#xD;
2019-08-22 09:39:00 - [MESSAGE][PASSED] - Object 'Object Repository/PartyOnboarding/Personal/PartyContacts/Contact Number_03_Code' is visible&#xD;
&#xD;
2019-08-22 09:39:01 - [MESSAGE][WARNING] - Object 'Object Repository/PartyOnboarding/Personal/PartyContacts/Contact Number_03_Code' does not have attribute 'readonly' (Root cause: com.kms.katalon.core.exception.StepFailedException: Object 'Object Repository/PartyOnboarding/Personal/PartyContacts/Contact Number_03_Code' does not have attribute 'readonly'&#xD;
	at com.kms.katalon.core.webui.keyword.internal.WebUIKeywordMain.stepFailed(WebUIKeywordMain.groovy:64)&#xD;
	at com.kms.katalon.core.webui.keyword.builtin.VerifyElementHasAttributeKeyword$_verifyElementHasAttribute_closure1.doCall(VerifyElementHasAttributeKeyword.groovy:89)&#xD;
	at com.kms.katalon.core.webui.keyword.builtin.VerifyElementHasAttributeKeyword$_verifyElementHasAttribute_closure1.call(VerifyElementHasAttributeKeyword.groovy)&#xD;
	at com.kms.katalon.core.webui.keyword.internal.WebUIKeywordMain.runKeyword(WebUIKeywordMain.groovy:20)&#xD;
	at com.kms.katalon.core.webui.keyword.builtin.VerifyElementHasAttributeKeyword.verifyElementHasAttribute(VerifyElementHasAttributeKeyword.groovy:100)&#xD;
	at com.kms.katalon.core.webui.keyword.builtin.VerifyElementHasAttributeKeyword.execute(VerifyElementHasAttributeKeyword.groovy:69)&#xD;
	at com.kms.katalon.core.keyword.internal.KeywordExecutor.executeKeywordForPlatform(KeywordExecutor.groovy:56)&#xD;
	at com.kms.katalon.core.webui.keyword.WebUiBuiltInKeywords.verifyElementHasAttribute(WebUiBuiltInKeywords.groovy:3166)&#xD;
	at com.kms.katalon.core.webui.keyword.WebUiBuiltInKeywords$verifyElementHasAttribute$11.call(Unknown Source)&#xD;
	at pageObjects.PartyOnboarding.inputDataForPartyContacts(PartyOnboarding.groovy:736)&#xD;
	at PartyOnboardingEnterprise.run(PartyOnboardingEnterprise:61)&#xD;
	at com.kms.katalon.core.main.ScriptEngine.run(ScriptEngine.java:194)&#xD;
	at com.kms.katalon.core.main.ScriptEngine.runScriptAsRawText(ScriptEngine.java:119)&#xD;
	at com.kms.katalon.core.main.TestCaseExecutor.runScript(TestCaseExecutor.java:337)&#xD;
	at com.kms.katalon.core.main.TestCaseExecutor.doExecute(TestCaseExecutor.java:328)&#xD;
	at com.kms.katalon.core.main.TestCaseExecutor.processExecutionPhase(TestCaseExecutor.java:307)&#xD;
	at com.kms.katalon.core.main.TestCaseExecutor.accessMainPhase(TestCaseExecutor.java:299)&#xD;
	at com.kms.katalon.core.main.TestCaseExecutor.execute(TestCaseExecutor.java:233)&#xD;
	at com.kms.katalon.core.main.TestSuiteExecutor.accessTestCaseMainPhase(TestSuiteExecutor.java:133)&#xD;
	at com.kms.katalon.core.main.TestSuiteExecutor.accessTestSuiteMainPhase(TestSuiteExecutor.java:116)&#xD;
	at com.kms.katalon.core.main.TestSuiteExecutor.execute(TestSuiteExecutor.java:83)&#xD;
	at com.kms.katalon.core.main.TestCaseMain.startTestSuite(TestCaseMain.java:157)&#xD;
	at com.kms.katalon.core.main.TestCaseMain$startTestSuite$0.call(Unknown Source)&#xD;
	at TempTestSuite1566441935163.run(TempTestSuite1566441935163.groovy:35)&#xD;
)&#xD;
[[ATTACHMENT|C:\\ML\\JITS\\AYA\\Automation\\FBE\\FBE\\Reports\\DataPreparation\\PartyOnboardingPersonal\\20190822_091535\\1566443340747.png]]&#xD;
&#xD;
2019-08-22 09:39:01 - [MESSAGE][PASSED] - Object 'Object Repository/PartyOnboarding/Personal/PartyContacts/Valid From' is visible&#xD;
&#xD;
2019-08-22 09:39:01 - [MESSAGE][PASSED] - Text of object 'Object Repository/PartyOnboarding/Personal/PartyContacts/Valid From' is cleared&#xD;
&#xD;
2019-08-22 09:39:01 - [MESSAGE][PASSED] - Object 'Object Repository/PartyOnboarding/Personal/PartyContacts/Valid From' is visible&#xD;
&#xD;
2019-08-22 09:39:01 - [MESSAGE][PASSED] - Keys '2018-01-24' sent to object: 'Object Repository/PartyOnboarding/Personal/PartyContacts/Valid From'&#xD;
&#xD;
2019-08-22 09:39:01 - [MESSAGE][PASSED] - Object 'Object Repository/PartyOnboarding/Personal/PartyContacts/Save Row' is visible&#xD;
&#xD;
2019-08-22 09:39:01 - [MESSAGE][PASSED] - Execute JavaScript 'arguments[0].click();' successfully&#xD;
&#xD;
2019-08-22 09:39:01 - [MESSAGE][PASSED] - Object 'Object Repository/PartyOnboarding/Personal/PartyContacts/New Row' is visible&#xD;
&#xD;
2019-08-22 09:39:01 - [MESSAGE][PASSED] - Execute JavaScript 'arguments[0].click();' successfully&#xD;
&#xD;
2019-08-22 09:39:02 - [MESSAGE][PASSED] - Delayed 1 second(s)&#xD;
&#xD;
2019-08-22 09:39:02 - [MESSAGE][PASSED] - Object 'Object Repository/PartyOnboarding/Personal/PartyContacts/Contact Method' is visible&#xD;
&#xD;
2019-08-22 09:39:03 - [MESSAGE][PASSED] - Keys 'TAB + Email' sent to object: 'Object Repository/PartyOnboarding/Personal/PartyContacts/Contact Method'&#xD;
&#xD;
2019-08-22 09:39:04 - [MESSAGE][PASSED] - Delayed 1 second(s)&#xD;
&#xD;
2019-08-22 09:39:04 - [MESSAGE][PASSED] - Object 'Object Repository/PartyOnboarding/Personal/PartyContacts/Contact Type  Location' is visible&#xD;
&#xD;
2019-08-22 09:39:04 - [MESSAGE][PASSED] - Keys 'TAB + Personal' sent to object: 'Object Repository/PartyOnboarding/Personal/PartyContacts/Contact Type  Location'&#xD;
&#xD;
2019-08-22 09:39:04 - [MESSAGE][PASSED] - Object 'Object Repository/PartyOnboarding/Personal/PartyContacts/Contact Email' is visible&#xD;
&#xD;
2019-08-22 09:39:04 - [MESSAGE][WARNING] - Object 'Object Repository/PartyOnboarding/Personal/PartyContacts/Contact Email' does not have attribute 'readonly' (Root cause: com.kms.katalon.core.exception.StepFailedException: Object 'Object Repository/PartyOnboarding/Personal/PartyContacts/Contact Email' does not have attribute 'readonly'&#xD;
	at com.kms.katalon.core.webui.keyword.internal.WebUIKeywordMain.stepFailed(WebUIKeywordMain.groovy:64)&#xD;
	at com.kms.katalon.core.webui.keyword.builtin.VerifyElementHasAttributeKeyword$_verifyElementHasAttribute_closure1.doCall(VerifyElementHasAttributeKeyword.groovy:89)&#xD;
	at com.kms.katalon.core.webui.keyword.builtin.VerifyElementHasAttributeKeyword$_verifyElementHasAttribute_closure1.call(VerifyElementHasAttributeKeyword.groovy)&#xD;
	at com.kms.katalon.core.webui.keyword.internal.WebUIKeywordMain.runKeyword(WebUIKeywordMain.groovy:20)&#xD;
	at com.kms.katalon.core.webui.keyword.builtin.VerifyElementHasAttributeKeyword.verifyElementHasAttribute(VerifyElementHasAttributeKeyword.groovy:100)&#xD;
	at com.kms.katalon.core.webui.keyword.builtin.VerifyElementHasAttributeKeyword.execute(VerifyElementHasAttributeKeyword.groovy:69)&#xD;
	at com.kms.katalon.core.keyword.internal.KeywordExecutor.executeKeywordForPlatform(KeywordExecutor.groovy:56)&#xD;
	at com.kms.katalon.core.webui.keyword.WebUiBuiltInKeywords.verifyElementHasAttribute(WebUiBuiltInKeywords.groovy:3166)&#xD;
	at com.kms.katalon.core.webui.keyword.WebUiBuiltInKeywords$verifyElementHasAttribute$11.call(Unknown Source)&#xD;
	at pageObjects.PartyOnboarding.inputDataForPartyContacts(PartyOnboarding.groovy:721)&#xD;
	at PartyOnboardingEnterprise.run(PartyOnboardingEnterprise:61)&#xD;
	at com.kms.katalon.core.main.ScriptEngine.run(ScriptEngine.java:194)&#xD;
	at com.kms.katalon.core.main.ScriptEngine.runScriptAsRawText(ScriptEngine.java:119)&#xD;
	at com.kms.katalon.core.main.TestCaseExecutor.runScript(TestCaseExecutor.java:337)&#xD;
	at com.kms.katalon.core.main.TestCaseExecutor.doExecute(TestCaseExecutor.java:328)&#xD;
	at com.kms.katalon.core.main.TestCaseExecutor.processExecutionPhase(TestCaseExecutor.java:307)&#xD;
	at com.kms.katalon.core.main.TestCaseExecutor.accessMainPhase(TestCaseExecutor.java:299)&#xD;
	at com.kms.katalon.core.main.TestCaseExecutor.execute(TestCaseExecutor.java:233)&#xD;
	at com.kms.katalon.core.main.TestSuiteExecutor.accessTestCaseMainPhase(TestSuiteExecutor.java:133)&#xD;
	at com.kms.katalon.core.main.TestSuiteExecutor.accessTestSuiteMainPhase(TestSuiteExecutor.java:116)&#xD;
	at com.kms.katalon.core.main.TestSuiteExecutor.execute(TestSuiteExecutor.java:83)&#xD;
	at com.kms.katalon.core.main.TestCaseMain.startTestSuite(TestCaseMain.java:157)&#xD;
	at com.kms.katalon.core.main.TestCaseMain$startTestSuite$0.call(Unknown Source)&#xD;
	at TempTestSuite1566441935163.run(TempTestSuite1566441935163.groovy:35)&#xD;
)&#xD;
[[ATTACHMENT|C:\\ML\\JITS\\AYA\\Automation\\FBE\\FBE\\Reports\\DataPreparation\\PartyOnboardingPersonal\\20190822_091535\\1566443344419.png]]&#xD;
&#xD;
2019-08-22 09:39:04 - [MESSAGE][PASSED] - Object 'Object Repository/PartyOnboarding/Personal/PartyContacts/Contact Number_03_Code' is visible&#xD;
&#xD;
2019-08-22 09:39:04 - [MESSAGE][PASSED] - Object 'Object Repository/PartyOnboarding/Personal/PartyContacts/Contact Number_03_Code' has attribute 'readonly'&#xD;
&#xD;
2019-08-22 09:39:04 - [MESSAGE][PASSED] - Object 'Object Repository/PartyOnboarding/Personal/PartyContacts/Contact Email' is visible&#xD;
&#xD;
2019-08-22 09:39:05 - [MESSAGE][PASSED] - Keys 'nguyenthimyle@gmail.com' sent to object: 'Object Repository/PartyOnboarding/Personal/PartyContacts/Contact Email'&#xD;
&#xD;
2019-08-22 09:39:05 - [MESSAGE][PASSED] - Object 'Object Repository/PartyOnboarding/Personal/PartyContacts/Confirm Email' is visible&#xD;
&#xD;
2019-08-22 09:39:06 - [MESSAGE][PASSED] - Keys 'nguyenthimyle@gmail.com' sent to object: 'Object Repository/PartyOnboarding/Personal/PartyContacts/Confirm Email'&#xD;
&#xD;
2019-08-22 09:39:06 - [MESSAGE][PASSED] - Object 'Object Repository/PartyOnboarding/Personal/PartyContacts/Valid From' is visible&#xD;
&#xD;
2019-08-22 09:39:06 - [MESSAGE][PASSED] - Text of object 'Object Repository/PartyOnboarding/Personal/PartyContacts/Valid From' is cleared&#xD;
&#xD;
2019-08-22 09:39:06 - [MESSAGE][PASSED] - Object 'Object Repository/PartyOnboarding/Personal/PartyContacts/Valid From' is visible&#xD;
&#xD;
2019-08-22 09:39:07 - [MESSAGE][PASSED] - Keys '2017-01-24' sent to object: 'Object Repository/PartyOnboarding/Personal/PartyContacts/Valid From'&#xD;
&#xD;
2019-08-22 09:39:07 - [MESSAGE][PASSED] - Object 'Object Repository/PartyOnboarding/Personal/PartyContacts/Save Row' is visible&#xD;
&#xD;
2019-08-22 09:39:07 - [MESSAGE][PASSED] - Execute JavaScript 'arguments[0].click();' successfully&#xD;
&#xD;
2019-08-22 09:39:07 - [TEST_STEP][PASSED] - partyOnboardingEnterprise.clickNextbutton(): Object: 'Object Repository/PartyOnboarding/btn_Next' is clicked on&#xD;
&#xD;
2019-08-22 09:39:07 - [MESSAGE][PASSED] - Object 'Object Repository/PartyOnboarding/btn_Next' is visible&#xD;
&#xD;
2019-08-22 09:39:07 - [MESSAGE][PASSED] - Object: 'Object Repository/PartyOnboarding/btn_Next' is clicked on&#xD;
&#xD;
2019-08-22 09:39:07 - [TEST_STEP][PASSED] - partyOnboardingEnterprise.inputDataForPartyRequiredDocuments(s06_documentCategory, s06_kycExpired, s06_documentType, s06_validFrom, s06_validTo, s06_referenceNumber, s06_issuingAuthority, s06_issuingCountry, s06_documentVerified, s06_image, s06_documentCollectionStatus): Keys 'Documents collected and validated centrally' sent to object: 'Object Repository/PartyOnboarding/Personal/PartyRequiredDocument/ddl_DocumentsCollectionStatus'&#xD;
&#xD;
2019-08-22 09:39:08 - [MESSAGE][PASSED] - Delayed 1 second(s)&#xD;
&#xD;
2019-08-22 09:39:08 - [MESSAGE][PASSED] - Object 'Object Repository/PartyOnboarding/Personal/PartyRequiredDocument/New Row' is visible&#xD;
&#xD;
2019-08-22 09:39:08 - [MESSAGE][PASSED] - Execute JavaScript 'arguments[0].click();' successfully&#xD;
&#xD;
2019-08-22 09:39:08 - [MESSAGE][PASSED] - Object 'Object Repository/PartyOnboarding/Personal/PartyRequiredDocument/DocumentCategory' is visible&#xD;
&#xD;
2019-08-22 09:39:09 - [MESSAGE][PASSED] - Keys 'TAB + PT-AUTHORIZED MYCO USER' sent to object: 'Object Repository/PartyOnboarding/Personal/PartyRequiredDocument/DocumentCategory'&#xD;
&#xD;
2019-08-22 09:39:10 - [MESSAGE][PASSED] - Delayed 1 second(s)&#xD;
&#xD;
2019-08-22 09:39:11 - [MESSAGE][PASSED] - Object 'Object Repository/PartyOnboarding/Personal/PartyRequiredDocument/Document Type' is visible&#xD;
&#xD;
2019-08-22 09:39:11 - [MESSAGE][PASSED] - Keys 'TAB + AUTHORIZED MYCO USER' sent to object: 'Object Repository/PartyOnboarding/Personal/PartyRequiredDocument/Document Type'&#xD;
&#xD;
2019-08-22 09:39:12 - [MESSAGE][PASSED] - Delayed 1 second(s)&#xD;
&#xD;
2019-08-22 09:39:12 - [MESSAGE][PASSED] - Object 'Object Repository/PartyOnboarding/Personal/PartyRequiredDocument/Issuing Country' is visible&#xD;
&#xD;
2019-08-22 09:39:13 - [MESSAGE][PASSED] - Keys 'Myanmar' sent to object: 'Object Repository/PartyOnboarding/Personal/PartyRequiredDocument/Issuing Country'&#xD;
&#xD;
2019-08-22 09:39:14 - [MESSAGE][PASSED] - Delayed 1 second(s)&#xD;
&#xD;
2019-08-22 09:39:14 - [MESSAGE][PASSED] - Object 'Object Repository/PartyOnboarding/Personal/PartyRequiredDocument/Document Verified' is visible&#xD;
&#xD;
2019-08-22 09:39:14 - [MESSAGE][PASSED] - Keys 'TAB + TRUE' sent to object: 'Object Repository/PartyOnboarding/Personal/PartyRequiredDocument/Document Verified'&#xD;
&#xD;
2019-08-22 09:39:14 - [MESSAGE][PASSED] - Object 'Object Repository/PartyOnboarding/Personal/PartyRequiredDocument/Save Row' is visible&#xD;
&#xD;
2019-08-22 09:39:14 - [MESSAGE][PASSED] - Execute JavaScript 'arguments[0].click();' successfully&#xD;
&#xD;
2019-08-22 09:39:14 - [MESSAGE][PASSED] - Object 'Object Repository/PartyOnboarding/Personal/PartyRequiredDocument/New Row' is visible&#xD;
&#xD;
2019-08-22 09:39:14 - [MESSAGE][PASSED] - Execute JavaScript 'arguments[0].click();' successfully&#xD;
&#xD;
2019-08-22 09:39:14 - [MESSAGE][PASSED] - Object 'Object Repository/PartyOnboarding/Personal/PartyRequiredDocument/DocumentCategory' is visible&#xD;
&#xD;
2019-08-22 09:39:16 - [MESSAGE][PASSED] - Keys 'TAB + PT-BOARD OF DIRECTORS RESOLUTION' sent to object: 'Object Repository/PartyOnboarding/Personal/PartyRequiredDocument/DocumentCategory'&#xD;
&#xD;
2019-08-22 09:39:17 - [MESSAGE][PASSED] - Delayed 1 second(s)&#xD;
&#xD;
2019-08-22 09:39:17 - [MESSAGE][PASSED] - Object 'Object Repository/PartyOnboarding/Personal/PartyRequiredDocument/Document Type' is visible&#xD;
&#xD;
2019-08-22 09:39:18 - [MESSAGE][PASSED] - Keys 'TAB + BOARD OF DIRECTORS RESOLUTION' sent to object: 'Object Repository/PartyOnboarding/Personal/PartyRequiredDocument/Document Type'&#xD;
&#xD;
2019-08-22 09:39:19 - [MESSAGE][PASSED] - Delayed 1 second(s)&#xD;
&#xD;
2019-08-22 09:39:19 - [MESSAGE][PASSED] - Object 'Object Repository/PartyOnboarding/Personal/PartyRequiredDocument/Issuing Country' is visible&#xD;
&#xD;
2019-08-22 09:39:20 - [MESSAGE][PASSED] - Keys 'Myanmar' sent to object: 'Object Repository/PartyOnboarding/Personal/PartyRequiredDocument/Issuing Country'&#xD;
&#xD;
2019-08-22 09:39:21 - [MESSAGE][PASSED] - Delayed 1 second(s)&#xD;
&#xD;
2019-08-22 09:39:21 - [MESSAGE][PASSED] - Object 'Object Repository/PartyOnboarding/Personal/PartyRequiredDocument/Document Verified' is visible&#xD;
&#xD;
2019-08-22 09:39:21 - [MESSAGE][PASSED] - Keys 'TAB + TRUE' sent to object: 'Object Repository/PartyOnboarding/Personal/PartyRequiredDocument/Document Verified'&#xD;
&#xD;
2019-08-22 09:39:21 - [MESSAGE][PASSED] - Object 'Object Repository/PartyOnboarding/Personal/PartyRequiredDocument/Save Row' is visible&#xD;
&#xD;
2019-08-22 09:39:21 - [MESSAGE][PASSED] - Execute JavaScript 'arguments[0].click();' successfully&#xD;
&#xD;
2019-08-22 09:39:21 - [MESSAGE][PASSED] - Object 'Object Repository/PartyOnboarding/Personal/PartyRequiredDocument/New Row' is visible&#xD;
&#xD;
2019-08-22 09:39:21 - [MESSAGE][PASSED] - Execute JavaScript 'arguments[0].click();' successfully&#xD;
&#xD;
2019-08-22 09:39:21 - [MESSAGE][PASSED] - Object 'Object Repository/PartyOnboarding/Personal/PartyRequiredDocument/DocumentCategory' is visible&#xD;
&#xD;
2019-08-22 09:39:22 - [MESSAGE][PASSED] - Keys 'TAB + PT-CERTIFICATE OF INCORPORATION' sent to object: 'Object Repository/PartyOnboarding/Personal/PartyRequiredDocument/DocumentCategory'&#xD;
&#xD;
2019-08-22 09:39:23 - [MESSAGE][PASSED] - Delayed 1 second(s)&#xD;
&#xD;
2019-08-22 09:39:23 - [MESSAGE][PASSED] - Object 'Object Repository/PartyOnboarding/Personal/PartyRequiredDocument/Document Type' is visible&#xD;
&#xD;
2019-08-22 09:39:25 - [MESSAGE][PASSED] - Keys 'TAB + CERTIFICATE OF INCORPORATION' sent to object: 'Object Repository/PartyOnboarding/Personal/PartyRequiredDocument/Document Type'&#xD;
&#xD;
2019-08-22 09:39:26 - [MESSAGE][PASSED] - Delayed 1 second(s)&#xD;
&#xD;
2019-08-22 09:39:26 - [MESSAGE][PASSED] - Object 'Object Repository/PartyOnboarding/Personal/PartyRequiredDocument/Issuing Country' is visible&#xD;
&#xD;
2019-08-22 09:39:26 - [MESSAGE][PASSED] - Keys 'Myanmar' sent to object: 'Object Repository/PartyOnboarding/Personal/PartyRequiredDocument/Issuing Country'&#xD;
&#xD;
2019-08-22 09:39:27 - [MESSAGE][PASSED] - Delayed 1 second(s)&#xD;
&#xD;
2019-08-22 09:39:27 - [MESSAGE][PASSED] - Object 'Object Repository/PartyOnboarding/Personal/PartyRequiredDocument/Document Verified' is visible&#xD;
&#xD;
2019-08-22 09:39:27 - [MESSAGE][PASSED] - Keys 'TAB + TRUE' sent to object: 'Object Repository/PartyOnboarding/Personal/PartyRequiredDocument/Document Verified'&#xD;
&#xD;
2019-08-22 09:39:27 - [MESSAGE][PASSED] - Object 'Object Repository/PartyOnboarding/Personal/PartyRequiredDocument/Save Row' is visible&#xD;
&#xD;
2019-08-22 09:39:28 - [MESSAGE][PASSED] - Execute JavaScript 'arguments[0].click();' successfully&#xD;
&#xD;
2019-08-22 09:39:28 - [MESSAGE][PASSED] - Object 'Object Repository/PartyOnboarding/Personal/PartyRequiredDocument/New Row' is visible&#xD;
&#xD;
2019-08-22 09:39:28 - [MESSAGE][PASSED] - Execute JavaScript 'arguments[0].click();' successfully&#xD;
&#xD;
2019-08-22 09:39:28 - [MESSAGE][PASSED] - Object 'Object Repository/PartyOnboarding/Personal/PartyRequiredDocument/DocumentCategory' is visible&#xD;
&#xD;
2019-08-22 09:39:28 - [MESSAGE][PASSED] - Keys 'TAB + PT-FILING HISTORY' sent to object: 'Object Repository/PartyOnboarding/Personal/PartyRequiredDocument/DocumentCategory'&#xD;
&#xD;
2019-08-22 09:39:29 - [MESSAGE][PASSED] - Delayed 1 second(s)&#xD;
&#xD;
2019-08-22 09:39:30 - [MESSAGE][PASSED] - Object 'Object Repository/PartyOnboarding/Personal/PartyRequiredDocument/Document Type' is visible&#xD;
&#xD;
2019-08-22 09:39:30 - [MESSAGE][PASSED] - Keys 'TAB + FILING HISTORY' sent to object: 'Object Repository/PartyOnboarding/Personal/PartyRequiredDocument/Document Type'&#xD;
&#xD;
2019-08-22 09:39:31 - [MESSAGE][PASSED] - Delayed 1 second(s)&#xD;
&#xD;
2019-08-22 09:39:31 - [MESSAGE][PASSED] - Object 'Object Repository/PartyOnboarding/Personal/PartyRequiredDocument/Issuing Country' is visible&#xD;
&#xD;
2019-08-22 09:39:32 - [MESSAGE][PASSED] - Keys 'Myanmar' sent to object: 'Object Repository/PartyOnboarding/Personal/PartyRequiredDocument/Issuing Country'&#xD;
&#xD;
2019-08-22 09:39:33 - [MESSAGE][PASSED] - Delayed 1 second(s)&#xD;
&#xD;
2019-08-22 09:39:33 - [MESSAGE][PASSED] - Object 'Object Repository/PartyOnboarding/Personal/PartyRequiredDocument/Document Verified' is visible&#xD;
&#xD;
2019-08-22 09:39:33 - [MESSAGE][PASSED] - Keys 'TAB + TRUE' sent to object: 'Object Repository/PartyOnboarding/Personal/PartyRequiredDocument/Document Verified'&#xD;
&#xD;
2019-08-22 09:39:33 - [MESSAGE][PASSED] - Object 'Object Repository/PartyOnboarding/Personal/PartyRequiredDocument/Save Row' is visible&#xD;
&#xD;
2019-08-22 09:39:33 - [MESSAGE][PASSED] - Execute JavaScript 'arguments[0].click();' successfully&#xD;
&#xD;
2019-08-22 09:39:33 - [MESSAGE][PASSED] - Object 'Object Repository/PartyOnboarding/Personal/PartyRequiredDocument/New Row' is visible&#xD;
&#xD;
2019-08-22 09:39:33 - [MESSAGE][PASSED] - Execute JavaScript 'arguments[0].click();' successfully&#xD;
&#xD;
2019-08-22 09:39:33 - [MESSAGE][PASSED] - Object 'Object Repository/PartyOnboarding/Personal/PartyRequiredDocument/DocumentCategory' is visible&#xD;
&#xD;
2019-08-22 09:39:34 - [MESSAGE][PASSED] - Keys 'TAB + PT-FORM QA 22(FOREIGNER)' sent to object: 'Object Repository/PartyOnboarding/Personal/PartyRequiredDocument/DocumentCategory'&#xD;
&#xD;
2019-08-22 09:39:35 - [MESSAGE][PASSED] - Delayed 1 second(s)&#xD;
&#xD;
2019-08-22 09:39:35 - [MESSAGE][PASSED] - Object 'Object Repository/PartyOnboarding/Personal/PartyRequiredDocument/Document Type' is visible&#xD;
&#xD;
2019-08-22 09:39:36 - [MESSAGE][PASSED] - Keys 'TAB + FORM QA 22(FOREIGNER)' sent to object: 'Object Repository/PartyOnboarding/Personal/PartyRequiredDocument/Document Type'&#xD;
&#xD;
2019-08-22 09:39:37 - [MESSAGE][PASSED] - Delayed 1 second(s)&#xD;
&#xD;
2019-08-22 09:39:37 - [MESSAGE][PASSED] - Object 'Object Repository/PartyOnboarding/Personal/PartyRequiredDocument/Issuing Country' is visible&#xD;
&#xD;
2019-08-22 09:39:38 - [MESSAGE][PASSED] - Keys 'Myanmar' sent to object: 'Object Repository/PartyOnboarding/Personal/PartyRequiredDocument/Issuing Country'&#xD;
&#xD;
2019-08-22 09:39:39 - [MESSAGE][PASSED] - Delayed 1 second(s)&#xD;
&#xD;
2019-08-22 09:39:39 - [MESSAGE][PASSED] - Object 'Object Repository/PartyOnboarding/Personal/PartyRequiredDocument/Document Verified' is visible&#xD;
&#xD;
2019-08-22 09:39:39 - [MESSAGE][PASSED] - Keys 'TAB + TRUE' sent to object: 'Object Repository/PartyOnboarding/Personal/PartyRequiredDocument/Document Verified'&#xD;
&#xD;
2019-08-22 09:39:39 - [MESSAGE][PASSED] - Object 'Object Repository/PartyOnboarding/Personal/PartyRequiredDocument/Save Row' is visible&#xD;
&#xD;
2019-08-22 09:39:39 - [MESSAGE][PASSED] - Execute JavaScript 'arguments[0].click();' successfully&#xD;
&#xD;
2019-08-22 09:39:39 - [MESSAGE][PASSED] - Object 'Object Repository/PartyOnboarding/Personal/PartyRequiredDocument/New Row' is visible&#xD;
&#xD;
2019-08-22 09:39:39 - [MESSAGE][PASSED] - Execute JavaScript 'arguments[0].click();' successfully&#xD;
&#xD;
2019-08-22 09:39:39 - [MESSAGE][PASSED] - Object 'Object Repository/PartyOnboarding/Personal/PartyRequiredDocument/DocumentCategory' is visible&#xD;
&#xD;
2019-08-22 09:39:41 - [MESSAGE][PASSED] - Keys 'TAB + PT-LIST OF DIRECTORS AND MEMBER DETAILS' sent to object: 'Object Repository/PartyOnboarding/Personal/PartyRequiredDocument/DocumentCategory'&#xD;
&#xD;
2019-08-22 09:39:42 - [MESSAGE][PASSED] - Delayed 1 second(s)&#xD;
&#xD;
2019-08-22 09:39:42 - [MESSAGE][PASSED] - Object 'Object Repository/PartyOnboarding/Personal/PartyRequiredDocument/Document Type' is visible&#xD;
&#xD;
2019-08-22 09:39:44 - [MESSAGE][PASSED] - Keys 'TAB + LIST OF DIRECTORS AND MEMBER DETAILS' sent to object: 'Object Repository/PartyOnboarding/Personal/PartyRequiredDocument/Document Type'&#xD;
&#xD;
2019-08-22 09:39:45 - [MESSAGE][PASSED] - Delayed 1 second(s)&#xD;
&#xD;
2019-08-22 09:39:45 - [MESSAGE][PASSED] - Object 'Object Repository/PartyOnboarding/Personal/PartyRequiredDocument/Issuing Country' is visible&#xD;
&#xD;
2019-08-22 09:39:45 - [MESSAGE][PASSED] - Keys 'Myanmar' sent to object: 'Object Repository/PartyOnboarding/Personal/PartyRequiredDocument/Issuing Country'&#xD;
&#xD;
2019-08-22 09:39:46 - [MESSAGE][PASSED] - Delayed 1 second(s)&#xD;
&#xD;
2019-08-22 09:39:46 - [MESSAGE][PASSED] - Object 'Object Repository/PartyOnboarding/Personal/PartyRequiredDocument/Document Verified' is visible&#xD;
&#xD;
2019-08-22 09:39:46 - [MESSAGE][PASSED] - Keys 'TAB + TRUE' sent to object: 'Object Repository/PartyOnboarding/Personal/PartyRequiredDocument/Document Verified'&#xD;
&#xD;
2019-08-22 09:39:46 - [MESSAGE][PASSED] - Object 'Object Repository/PartyOnboarding/Personal/PartyRequiredDocument/Save Row' is visible&#xD;
&#xD;
2019-08-22 09:39:46 - [MESSAGE][PASSED] - Execute JavaScript 'arguments[0].click();' successfully&#xD;
&#xD;
2019-08-22 09:39:46 - [MESSAGE][PASSED] - Object 'Object Repository/PartyOnboarding/Personal/PartyRequiredDocument/New Row' is visible&#xD;
&#xD;
2019-08-22 09:39:47 - [MESSAGE][PASSED] - Execute JavaScript 'arguments[0].click();' successfully&#xD;
&#xD;
2019-08-22 09:39:47 - [MESSAGE][PASSED] - Object 'Object Repository/PartyOnboarding/Personal/PartyRequiredDocument/DocumentCategory' is visible&#xD;
&#xD;
2019-08-22 09:39:48 - [MESSAGE][PASSED] - Keys 'TAB + PT-LIST OF SHAREHOLDERS AND MEMBER DETAILS' sent to object: 'Object Repository/PartyOnboarding/Personal/PartyRequiredDocument/DocumentCategory'&#xD;
&#xD;
2019-08-22 09:39:49 - [MESSAGE][PASSED] - Delayed 1 second(s)&#xD;
&#xD;
2019-08-22 09:39:50 - [MESSAGE][PASSED] - Object 'Object Repository/PartyOnboarding/Personal/PartyRequiredDocument/Document Type' is visible&#xD;
&#xD;
2019-08-22 09:39:51 - [MESSAGE][PASSED] - Keys 'TAB + LIST OF SHAREHOLDERS AND MEMBER DETAILS' sent to object: 'Object Repository/PartyOnboarding/Personal/PartyRequiredDocument/Document Type'&#xD;
&#xD;
2019-08-22 09:39:52 - [MESSAGE][PASSED] - Delayed 1 second(s)&#xD;
&#xD;
2019-08-22 09:39:52 - [MESSAGE][PASSED] - Object 'Object Repository/PartyOnboarding/Personal/PartyRequiredDocument/Issuing Country' is visible&#xD;
&#xD;
2019-08-22 09:39:53 - [MESSAGE][PASSED] - Keys 'Myanmar' sent to object: 'Object Repository/PartyOnboarding/Personal/PartyRequiredDocument/Issuing Country'&#xD;
&#xD;
2019-08-22 09:39:54 - [MESSAGE][PASSED] - Delayed 1 second(s)&#xD;
&#xD;
2019-08-22 09:39:54 - [MESSAGE][PASSED] - Object 'Object Repository/PartyOnboarding/Personal/PartyRequiredDocument/Document Verified' is visible&#xD;
&#xD;
2019-08-22 09:39:54 - [MESSAGE][PASSED] - Keys 'TAB + TRUE' sent to object: 'Object Repository/PartyOnboarding/Personal/PartyRequiredDocument/Document Verified'&#xD;
&#xD;
2019-08-22 09:39:54 - [MESSAGE][PASSED] - Object 'Object Repository/PartyOnboarding/Personal/PartyRequiredDocument/Save Row' is visible&#xD;
&#xD;
2019-08-22 09:39:54 - [MESSAGE][PASSED] - Execute JavaScript 'arguments[0].click();' successfully&#xD;
&#xD;
2019-08-22 09:39:54 - [MESSAGE][PASSED] - Object 'Object Repository/PartyOnboarding/Personal/PartyRequiredDocument/New Row' is visible&#xD;
&#xD;
2019-08-22 09:39:54 - [MESSAGE][PASSED] - Execute JavaScript 'arguments[0].click();' successfully&#xD;
&#xD;
2019-08-22 09:39:54 - [MESSAGE][PASSED] - Object 'Object Repository/PartyOnboarding/Personal/PartyRequiredDocument/DocumentCategory' is visible&#xD;
&#xD;
2019-08-22 09:39:56 - [MESSAGE][PASSED] - Keys 'TAB + PT-NRC/PASSPORT COPY OF AUTHORIZED SIGNATORY' sent to object: 'Object Repository/PartyOnboarding/Personal/PartyRequiredDocument/DocumentCategory'&#xD;
&#xD;
2019-08-22 09:39:57 - [MESSAGE][PASSED] - Delayed 1 second(s)&#xD;
&#xD;
2019-08-22 09:39:57 - [MESSAGE][PASSED] - Object 'Object Repository/PartyOnboarding/Personal/PartyRequiredDocument/Document Type' is visible&#xD;
&#xD;
2019-08-22 09:39:59 - [MESSAGE][PASSED] - Keys 'TAB + NRC/PASSPORT COPY OF AUTHORIZED SIGNATORY' sent to object: 'Object Repository/PartyOnboarding/Personal/PartyRequiredDocument/Document Type'&#xD;
&#xD;
2019-08-22 09:40:00 - [MESSAGE][PASSED] - Delayed 1 second(s)&#xD;
&#xD;
2019-08-22 09:40:00 - [MESSAGE][PASSED] - Object 'Object Repository/PartyOnboarding/Personal/PartyRequiredDocument/Issuing Country' is visible&#xD;
&#xD;
2019-08-22 09:40:01 - [MESSAGE][PASSED] - Keys 'Myanmar' sent to object: 'Object Repository/PartyOnboarding/Personal/PartyRequiredDocument/Issuing Country'&#xD;
&#xD;
2019-08-22 09:40:02 - [MESSAGE][PASSED] - Delayed 1 second(s)&#xD;
&#xD;
2019-08-22 09:40:02 - [MESSAGE][PASSED] - Object 'Object Repository/PartyOnboarding/Personal/PartyRequiredDocument/Document Verified' is visible&#xD;
&#xD;
2019-08-22 09:40:02 - [MESSAGE][PASSED] - Keys 'TAB + TRUE' sent to object: 'Object Repository/PartyOnboarding/Personal/PartyRequiredDocument/Document Verified'&#xD;
&#xD;
2019-08-22 09:40:02 - [MESSAGE][PASSED] - Object 'Object Repository/PartyOnboarding/Personal/PartyRequiredDocument/Save Row' is visible&#xD;
&#xD;
2019-08-22 09:40:02 - [MESSAGE][PASSED] - Execute JavaScript 'arguments[0].click();' successfully&#xD;
&#xD;
2019-08-22 09:40:02 - [MESSAGE][PASSED] - Object 'Object Repository/PartyOnboarding/Personal/PartyRequiredDocument/New Row' is visible&#xD;
&#xD;
2019-08-22 09:40:02 - [MESSAGE][PASSED] - Execute JavaScript 'arguments[0].click();' successfully&#xD;
&#xD;
2019-08-22 09:40:02 - [MESSAGE][PASSED] - Object 'Object Repository/PartyOnboarding/Personal/PartyRequiredDocument/DocumentCategory' is visible&#xD;
&#xD;
2019-08-22 09:40:04 - [MESSAGE][PASSED] - Keys 'TAB + PT-NRC/PASSPORT COPY OF SHAREHOLDERS' sent to object: 'Object Repository/PartyOnboarding/Personal/PartyRequiredDocument/DocumentCategory'&#xD;
&#xD;
2019-08-22 09:40:05 - [MESSAGE][PASSED] - Delayed 1 second(s)&#xD;
&#xD;
2019-08-22 09:40:05 - [MESSAGE][PASSED] - Object 'Object Repository/PartyOnboarding/Personal/PartyRequiredDocument/Document Type' is visible&#xD;
&#xD;
2019-08-22 09:40:07 - [MESSAGE][PASSED] - Keys 'TAB + NRC/PASSPORT COPY OF SHAREHOLDERS' sent to object: 'Object Repository/PartyOnboarding/Personal/PartyRequiredDocument/Document Type'&#xD;
&#xD;
2019-08-22 09:40:08 - [MESSAGE][PASSED] - Delayed 1 second(s)&#xD;
&#xD;
2019-08-22 09:40:08 - [MESSAGE][PASSED] - Object 'Object Repository/PartyOnboarding/Personal/PartyRequiredDocument/Issuing Country' is visible&#xD;
&#xD;
2019-08-22 09:40:08 - [MESSAGE][PASSED] - Keys 'Myanmar' sent to object: 'Object Repository/PartyOnboarding/Personal/PartyRequiredDocument/Issuing Country'&#xD;
&#xD;
2019-08-22 09:40:09 - [MESSAGE][PASSED] - Delayed 1 second(s)&#xD;
&#xD;
2019-08-22 09:40:09 - [MESSAGE][PASSED] - Object 'Object Repository/PartyOnboarding/Personal/PartyRequiredDocument/Document Verified' is visible&#xD;
&#xD;
2019-08-22 09:40:09 - [MESSAGE][PASSED] - Keys 'TAB + TRUE' sent to object: 'Object Repository/PartyOnboarding/Personal/PartyRequiredDocument/Document Verified'&#xD;
&#xD;
2019-08-22 09:40:09 - [MESSAGE][PASSED] - Object 'Object Repository/PartyOnboarding/Personal/PartyRequiredDocument/Save Row' is visible&#xD;
&#xD;
2019-08-22 09:40:09 - [MESSAGE][PASSED] - Execute JavaScript 'arguments[0].click();' successfully&#xD;
&#xD;
2019-08-22 09:40:09 - [MESSAGE][PASSED] - Object 'Object Repository/PartyOnboarding/Personal/PartyRequiredDocument/New Row' is visible&#xD;
&#xD;
2019-08-22 09:40:09 - [MESSAGE][PASSED] - Execute JavaScript 'arguments[0].click();' successfully&#xD;
&#xD;
2019-08-22 09:40:09 - [MESSAGE][PASSED] - Object 'Object Repository/PartyOnboarding/Personal/PartyRequiredDocument/DocumentCategory' is visible&#xD;
&#xD;
2019-08-22 09:40:11 - [MESSAGE][PASSED] - Keys 'TAB + PT-REGISTERED COMPANY ADDRESS' sent to object: 'Object Repository/PartyOnboarding/Personal/PartyRequiredDocument/DocumentCategory'&#xD;
&#xD;
2019-08-22 09:40:12 - [MESSAGE][PASSED] - Delayed 1 second(s)&#xD;
&#xD;
2019-08-22 09:40:12 - [MESSAGE][PASSED] - Object 'Object Repository/PartyOnboarding/Personal/PartyRequiredDocument/Document Type' is visible&#xD;
&#xD;
2019-08-22 09:40:13 - [MESSAGE][PASSED] - Keys 'TAB + REGISTERED COMPANY ADDRESS' sent to object: 'Object Repository/PartyOnboarding/Personal/PartyRequiredDocument/Document Type'&#xD;
&#xD;
2019-08-22 09:40:14 - [MESSAGE][PASSED] - Delayed 1 second(s)&#xD;
&#xD;
2019-08-22 09:40:14 - [MESSAGE][PASSED] - Object 'Object Repository/PartyOnboarding/Personal/PartyRequiredDocument/Issuing Country' is visible&#xD;
&#xD;
2019-08-22 09:40:15 - [MESSAGE][PASSED] - Keys 'Myanmar' sent to object: 'Object Repository/PartyOnboarding/Personal/PartyRequiredDocument/Issuing Country'&#xD;
&#xD;
2019-08-22 09:40:16 - [MESSAGE][PASSED] - Delayed 1 second(s)&#xD;
&#xD;
2019-08-22 09:40:16 - [MESSAGE][PASSED] - Object 'Object Repository/PartyOnboarding/Personal/PartyRequiredDocument/Document Verified' is visible&#xD;
&#xD;
2019-08-22 09:40:16 - [MESSAGE][PASSED] - Keys 'TAB + TRUE' sent to object: 'Object Repository/PartyOnboarding/Personal/PartyRequiredDocument/Document Verified'&#xD;
&#xD;
2019-08-22 09:40:16 - [MESSAGE][PASSED] - Object 'Object Repository/PartyOnboarding/Personal/PartyRequiredDocument/Save Row' is visible&#xD;
&#xD;
2019-08-22 09:40:16 - [MESSAGE][PASSED] - Execute JavaScript 'arguments[0].click();' successfully&#xD;
&#xD;
2019-08-22 09:40:16 - [MESSAGE][PASSED] - Object 'Object Repository/PartyOnboarding/Personal/PartyRequiredDocument/New Row' is visible&#xD;
&#xD;
2019-08-22 09:40:16 - [MESSAGE][PASSED] - Execute JavaScript 'arguments[0].click();' successfully&#xD;
&#xD;
2019-08-22 09:40:16 - [MESSAGE][PASSED] - Object 'Object Repository/PartyOnboarding/Personal/PartyRequiredDocument/DocumentCategory' is visible&#xD;
&#xD;
2019-08-22 09:40:18 - [MESSAGE][PASSED] - Keys 'TAB + PT-VALID VISA COPY OF AUTH. SIGNATORY(FOREIGNER)' sent to object: 'Object Repository/PartyOnboarding/Personal/PartyRequiredDocument/DocumentCategory'&#xD;
&#xD;
2019-08-22 09:40:19 - [MESSAGE][PASSED] - Delayed 1 second(s)&#xD;
&#xD;
2019-08-22 09:40:20 - [MESSAGE][PASSED] - Object 'Object Repository/PartyOnboarding/Personal/PartyRequiredDocument/Document Type' is visible&#xD;
&#xD;
2019-08-22 09:40:22 - [MESSAGE][PASSED] - Keys 'TAB + VALID VISA COPY OF AUTH. SIGNATORY(FOREIGNER)' sent to object: 'Object Repository/PartyOnboarding/Personal/PartyRequiredDocument/Document Type'&#xD;
&#xD;
2019-08-22 09:40:23 - [MESSAGE][PASSED] - Delayed 1 second(s)&#xD;
&#xD;
2019-08-22 09:40:23 - [MESSAGE][PASSED] - Object 'Object Repository/PartyOnboarding/Personal/PartyRequiredDocument/Issuing Country' is visible&#xD;
&#xD;
2019-08-22 09:40:23 - [MESSAGE][PASSED] - Keys 'Myanmar' sent to object: 'Object Repository/PartyOnboarding/Personal/PartyRequiredDocument/Issuing Country'&#xD;
&#xD;
2019-08-22 09:40:24 - [MESSAGE][PASSED] - Delayed 1 second(s)&#xD;
&#xD;
2019-08-22 09:40:24 - [MESSAGE][PASSED] - Object 'Object Repository/PartyOnboarding/Personal/PartyRequiredDocument/Document Verified' is visible&#xD;
&#xD;
2019-08-22 09:40:24 - [MESSAGE][PASSED] - Keys 'TAB + TRUE' sent to object: 'Object Repository/PartyOnboarding/Personal/PartyRequiredDocument/Document Verified'&#xD;
&#xD;
2019-08-22 09:40:24 - [MESSAGE][PASSED] - Object 'Object Repository/PartyOnboarding/Personal/PartyRequiredDocument/Save Row' is visible&#xD;
&#xD;
2019-08-22 09:40:24 - [MESSAGE][PASSED] - Execute JavaScript 'arguments[0].click();' successfully&#xD;
&#xD;
2019-08-22 09:40:24 - [MESSAGE][PASSED] - Object 'Object Repository/PartyOnboarding/Personal/PartyRequiredDocument/ddl_DocumentsCollectionStatus' is visible&#xD;
&#xD;
2019-08-22 09:40:26 - [MESSAGE][PASSED] - Keys 'Documents collected and validated centrally' sent to object: 'Object Repository/PartyOnboarding/Personal/PartyRequiredDocument/ddl_DocumentsCollectionStatus'&#xD;
&#xD;
2019-08-22 09:40:26 - [TEST_STEP][PASSED] - partyOnboardingEnterprise.clickNextbutton(): Object: 'Object Repository/PartyOnboarding/btn_Next' is clicked on&#xD;
&#xD;
2019-08-22 09:40:26 - [MESSAGE][PASSED] - Object 'Object Repository/PartyOnboarding/btn_Next' is visible&#xD;
&#xD;
2019-08-22 09:40:26 - [MESSAGE][PASSED] - Object: 'Object Repository/PartyOnboarding/btn_Next' is clicked on&#xD;
&#xD;
2019-08-22 09:40:26 - [TEST_STEP][PASSED] - delay(1): Delayed 1 second(s)&#xD;
&#xD;
2019-08-22 09:40:27 - [MESSAGE][PASSED] - Delayed 1 second(s)&#xD;
&#xD;
2019-08-22 09:40:27 - [TEST_STEP][PASSED] - log.logInfo("--- " + " Click Next button ---"): ---  Click Next button ---&#xD;
&#xD;
2019-08-22 09:40:27 - [MESSAGE][INFO] - ---  Click Next button ---&#xD;
&#xD;
2019-08-22 09:40:27 - [TEST_STEP][PASSED] - partyOnboardingEnterprise.clickNextbutton(): Object: 'Object Repository/PartyOnboarding/btn_Next' is clicked on&#xD;
&#xD;
2019-08-22 09:40:27 - [MESSAGE][PASSED] - Object 'Object Repository/PartyOnboarding/btn_Next' is visible&#xD;
&#xD;
2019-08-22 09:40:28 - [MESSAGE][PASSED] - Object: 'Object Repository/PartyOnboarding/btn_Next' is clicked on&#xD;
&#xD;
2019-08-22 09:40:28 - [TEST_STEP][PASSED] - log.logInfo("--- " + " Click Next button ---"): ---  Click Next button ---&#xD;
&#xD;
2019-08-22 09:40:28 - [MESSAGE][INFO] - ---  Click Next button ---&#xD;
&#xD;
2019-08-22 09:40:28 - [TEST_STEP][PASSED] - delay(1): Delayed 1 second(s)&#xD;
&#xD;
2019-08-22 09:40:29 - [MESSAGE][PASSED] - Delayed 1 second(s)&#xD;
&#xD;
2019-08-22 09:40:29 - [TEST_STEP][PASSED] - partyOnboardingEnterprise.clickNextbutton(): Object: 'Object Repository/PartyOnboarding/btn_Next' is clicked on&#xD;
&#xD;
2019-08-22 09:40:29 - [MESSAGE][PASSED] - Object 'Object Repository/PartyOnboarding/btn_Next' is visible&#xD;
&#xD;
2019-08-22 09:40:29 - [MESSAGE][PASSED] - Object: 'Object Repository/PartyOnboarding/btn_Next' is clicked on&#xD;
&#xD;
2019-08-22 09:40:29 - [TEST_STEP][PASSED] - log.logInfo("--- " + " Click Process on Warning box ---"): ---  Click Process on Warning box ---&#xD;
&#xD;
2019-08-22 09:40:29 - [MESSAGE][INFO] - ---  Click Process on Warning box ---&#xD;
&#xD;
2019-08-22 09:40:29 - [TEST_STEP][PASSED] - partyOnboardingEnterprise.clickAskForApprovalbutton(): Object: 'Object Repository/PartyOnboarding/RequestToApproval/AskForApproval_btn' is clicked on&#xD;
&#xD;
2019-08-22 09:40:29 - [MESSAGE][PASSED] - Object 'Object Repository/PartyOnboarding/RequestToApproval/AskForApproval_btn' is visible&#xD;
&#xD;
2019-08-22 09:40:29 - [MESSAGE][PASSED] - Object: 'Object Repository/PartyOnboarding/RequestToApproval/AskForApproval_btn' is clicked on</system-out>
            <system-err></system-err>
        </testcase>
        <testcase name="Test Cases/DataPreparation/PartyOnboardingEnterprise" classname="Test Cases/DataPreparation/PartyOnboardingEnterprise" status="PASSED">
            <system-out>2019-08-22 09:40:29 - [TEST_CASE][PASSED] - Test Cases/DataPreparation/PartyOnboardingEnterprise: Test Cases/DataPreparation/PartyOnboardingEnterprise&#xD;
&#xD;
2019-08-22 09:40:29 - [TEST_STEP][PASSED] - Start listener action : sampleBeforeTestCase: null&#xD;
&#xD;
2019-08-22 09:40:29 - [TEST_STEP][PASSED] - testCaseID = testCaseContext.getTestCaseId(): null&#xD;
&#xD;
2019-08-22 09:40:29 - [TEST_STEP][PASSED] - log = new com.kms.katalon.core.util.KeywordUtil(): null&#xD;
&#xD;
2019-08-22 09:40:29 - [TEST_STEP][PASSED] - partyOnboardingEnterprise = new pageObjects.PartyOnboarding(): null&#xD;
&#xD;
2019-08-22 09:40:30 - [TEST_STEP][PASSED] - delay(3): Delayed 3 second(s)&#xD;
&#xD;
2019-08-22 09:40:33 - [MESSAGE][PASSED] - Delayed 3 second(s)&#xD;
&#xD;
2019-08-22 09:40:33 - [TEST_STEP][PASSED] - log.logInfo("--- Open Party Onboarding in Menu Search ---"): --- Open Party Onboarding in Menu Search ---&#xD;
&#xD;
2019-08-22 09:40:33 - [MESSAGE][INFO] - --- Open Party Onboarding in Menu Search ---&#xD;
&#xD;
2019-08-22 09:40:33 - [TEST_STEP][PASSED] - partyOnboardingEnterprise.inputPartyOnboardingMenuSearch(): Object 'menuSearch_txt' is present&#xD;
&#xD;
2019-08-22 09:40:33 - [MESSAGE][PASSED] - Object 'Object Repository/Menu_Search' is visible&#xD;
&#xD;
2019-08-22 09:40:33 - [MESSAGE][PASSED] - Keys 'ENTER + Party Onboarding' sent to object: 'Object Repository/Menu_Search'&#xD;
&#xD;
2019-08-22 09:40:33 - [MESSAGE][PASSED] - Object 'menuSearch_txt' is present&#xD;
&#xD;
2019-08-22 09:40:33 - [TEST_STEP][PASSED] - log.logInfo("/---------------Party Onboarding---------------/"): /---------------Party Onboarding---------------/&#xD;
&#xD;
2019-08-22 09:40:33 - [MESSAGE][INFO] - /---------------Party Onboarding---------------/&#xD;
&#xD;
2019-08-22 09:40:33 - [TEST_STEP][PASSED] - log.logInfo("--- Input Local Global ---"): --- Input Local Global ---&#xD;
&#xD;
2019-08-22 09:40:33 - [MESSAGE][INFO] - --- Input Local Global ---&#xD;
&#xD;
2019-08-22 09:40:33 - [TEST_STEP][PASSED] - partyOnboardingEnterprise.inputLocalGlobal(s01_localglobal): Keys 'Local Private' sent to object: 'Object Repository/PartyOnboarding/PartyOnboarding/Local Global'&#xD;
&#xD;
2019-08-22 09:40:34 - [MESSAGE][PASSED] - Text of object 'Object Repository/PartyOnboarding/PartyOnboarding/Local Global' is cleared&#xD;
&#xD;
2019-08-22 09:40:34 - [MESSAGE][PASSED] - Object 'Object Repository/PartyOnboarding/PartyOnboarding/Local Global' is visible&#xD;
&#xD;
2019-08-22 09:40:34 - [MESSAGE][PASSED] - Object 'Object Repository/PartyOnboarding/PartyOnboarding/Local Global' is visible&#xD;
&#xD;
2019-08-22 09:40:35 - [MESSAGE][PASSED] - Keys 'Local Private' sent to object: 'Object Repository/PartyOnboarding/PartyOnboarding/Local Global'&#xD;
&#xD;
2019-08-22 09:40:35 - [TEST_STEP][PASSED] - log.logInfo("--- Input Party Type ---"): --- Input Party Type ---&#xD;
&#xD;
2019-08-22 09:40:35 - [MESSAGE][INFO] - --- Input Party Type ---&#xD;
&#xD;
2019-08-22 09:40:35 - [TEST_STEP][PASSED] - partyOnboardingEnterprise.inputPartyType(s01_partytype): Keys 'TAB + Enterprise' sent to object: 'Object Repository/PartyOnboarding/PartyOnboarding/Party Type'&#xD;
&#xD;
2019-08-22 09:40:35 - [MESSAGE][PASSED] - Object 'Object Repository/PartyOnboarding/PartyOnboarding/Party Type' is visible&#xD;
&#xD;
2019-08-22 09:40:35 - [MESSAGE][PASSED] - Keys 'TAB + Enterprise' sent to object: 'Object Repository/PartyOnboarding/PartyOnboarding/Party Type'&#xD;
&#xD;
2019-08-22 09:40:35 - [TEST_STEP][PASSED] - log.logInfo("--- Input Party Sub Type ---"): --- Input Party Sub Type ---&#xD;
&#xD;
2019-08-22 09:40:35 - [MESSAGE][INFO] - --- Input Party Sub Type ---&#xD;
&#xD;
2019-08-22 09:40:35 - [TEST_STEP][PASSED] - partyOnboardingEnterprise.inputPartySubType(s01_partysubtype): Keys 'PRIVATE/PUBLIC/PUBLIC LISTED COMPANY (MYANMAR)' sent to object: 'Object Repository/PartyOnboarding/PartyOnboarding/Party Sub-Type'&#xD;
&#xD;
2019-08-22 09:40:36 - [MESSAGE][PASSED] - Delayed 1 second(s)&#xD;
&#xD;
2019-08-22 09:40:36 - [MESSAGE][PASSED] - Object 'Object Repository/PartyOnboarding/PartyOnboarding/Party Type' is visible&#xD;
&#xD;
2019-08-22 09:40:37 - [MESSAGE][PASSED] - Keys 'PRIVATE/PUBLIC/PUBLIC LISTED COMPANY (MYANMAR)' sent to object: 'Object Repository/PartyOnboarding/PartyOnboarding/Party Sub-Type'&#xD;
&#xD;
2019-08-22 09:40:37 - [TEST_STEP][PASSED] - log.logInfo("--- Input Party Category ---"): --- Input Party Category ---&#xD;
&#xD;
2019-08-22 09:40:37 - [MESSAGE][INFO] - --- Input Party Category ---&#xD;
&#xD;
2019-08-22 09:40:37 - [TEST_STEP][PASSED] - partyOnboardingEnterprise.inputPartyCategory(s01_partycategory): Keys 'Full' sent to object: 'Object Repository/PartyOnboarding/PartyOnboarding/Party Category'&#xD;
&#xD;
2019-08-22 09:40:37 - [MESSAGE][PASSED] - Object 'Object Repository/PartyOnboarding/PartyOnboarding/Party Category' is visible&#xD;
&#xD;
2019-08-22 09:40:37 - [MESSAGE][PASSED] - Keys 'Full' sent to object: 'Object Repository/PartyOnboarding/PartyOnboarding/Party Category'&#xD;
&#xD;
2019-08-22 09:40:37 - [TEST_STEP][PASSED] - log.logInfo("--- Check Line of Business ---"): --- Check Line of Business ---&#xD;
&#xD;
2019-08-22 09:40:37 - [MESSAGE][INFO] - --- Check Line of Business ---&#xD;
&#xD;
2019-08-22 09:40:37 - [TEST_STEP][PASSED] - partyOnboardingEnterprise.clickLineofBusiness(s01_lineofbusiness, findTestObject("PartyOnboarding/PartyOnboarding/div_Core Banking")): Object 'Object Repository/PartyOnboarding/PartyOnboarding/LineofBusiness_List' is checked&#xD;
&#xD;
2019-08-22 09:40:37 - [MESSAGE][PASSED] - Object 'Object Repository/PartyOnboarding/PartyOnboarding/div_Core Banking' is visible&#xD;
&#xD;
2019-08-22 09:40:37 - [MESSAGE][PASSED] - Attribute 'aria-checked' of object 'Object Repository/PartyOnboarding/PartyOnboarding/div_Core Banking' is: 'true'&#xD;
&#xD;
2019-08-22 09:40:37 - [MESSAGE][PASSED] - Object 'Object Repository/PartyOnboarding/PartyOnboarding/chk_SelectAllLineOfBusiness' is visible&#xD;
&#xD;
2019-08-22 09:40:37 - [MESSAGE][PASSED] - Attribute 'aria-checked' of object 'Object Repository/PartyOnboarding/PartyOnboarding/chk_SelectAllLineOfBusiness' is: 'true'&#xD;
&#xD;
2019-08-22 09:40:37 - [MESSAGE][PASSED] - Object 'Object Repository/PartyOnboarding/PartyOnboarding/LineofBusiness_List' is visible&#xD;
&#xD;
2019-08-22 09:40:37 - [MESSAGE][PASSED] - Attribute 'aria-checked' of object 'Object Repository/PartyOnboarding/PartyOnboarding/LineofBusiness_List' is: 'true'&#xD;
&#xD;
2019-08-22 09:40:37 - [MESSAGE][PASSED] - Object 'Object Repository/PartyOnboarding/PartyOnboarding/LineofBusiness_List' is visible&#xD;
&#xD;
2019-08-22 09:40:37 - [MESSAGE][PASSED] - Attribute 'aria-checked' of object 'Object Repository/PartyOnboarding/PartyOnboarding/LineofBusiness_List' is: 'true'&#xD;
&#xD;
2019-08-22 09:40:38 - [MESSAGE][PASSED] - Object 'Object Repository/PartyOnboarding/PartyOnboarding/chk_SelectAllLineOfBusiness' is visible&#xD;
&#xD;
2019-08-22 09:40:38 - [MESSAGE][PASSED] - Attribute 'aria-checked' of object 'Object Repository/PartyOnboarding/PartyOnboarding/chk_SelectAllLineOfBusiness' is: 'true'&#xD;
&#xD;
2019-08-22 09:40:38 - [MESSAGE][PASSED] - Object 'Object Repository/PartyOnboarding/PartyOnboarding/chk_SelectAllLineOfBusiness' is checked&#xD;
&#xD;
2019-08-22 09:40:38 - [MESSAGE][PASSED] - Object 'Object Repository/PartyOnboarding/PartyOnboarding/div_Core Banking' is visible&#xD;
&#xD;
2019-08-22 09:40:38 - [MESSAGE][PASSED] - Attribute 'aria-checked' of object 'Object Repository/PartyOnboarding/PartyOnboarding/div_Core Banking' is: 'false'&#xD;
&#xD;
2019-08-22 09:40:38 - [MESSAGE][PASSED] - Object 'Object Repository/PartyOnboarding/PartyOnboarding/div_Core Banking' is checked&#xD;
&#xD;
2019-08-22 09:40:38 - [MESSAGE][PASSED] - Object 'Object Repository/PartyOnboarding/PartyOnboarding/LineofBusiness_List' is visible&#xD;
&#xD;
2019-08-22 09:40:38 - [MESSAGE][PASSED] - Attribute 'aria-checked' of object 'Object Repository/PartyOnboarding/PartyOnboarding/LineofBusiness_List' is: 'false'&#xD;
&#xD;
2019-08-22 09:40:38 - [MESSAGE][PASSED] - Object 'Object Repository/PartyOnboarding/PartyOnboarding/LineofBusiness_List' is checked&#xD;
&#xD;
2019-08-22 09:40:38 - [TEST_STEP][PASSED] - log.logInfo("--- Click Next to Party Check List  ---"): --- Click Next to Party Check List  ---&#xD;
&#xD;
2019-08-22 09:40:38 - [MESSAGE][INFO] - --- Click Next to Party Check List  ---&#xD;
&#xD;
2019-08-22 09:40:38 - [TEST_STEP][PASSED] - partyOnboardingEnterprise.clickNextbutton(): Object: 'Object Repository/PartyOnboarding/btn_Next' is clicked on&#xD;
&#xD;
2019-08-22 09:40:38 - [MESSAGE][PASSED] - Object 'Object Repository/PartyOnboarding/btn_Next' is visible&#xD;
&#xD;
2019-08-22 09:40:38 - [MESSAGE][PASSED] - Object: 'Object Repository/PartyOnboarding/btn_Next' is clicked on&#xD;
&#xD;
2019-08-22 09:40:38 - [TEST_STEP][PASSED] - delay(1): Delayed 1 second(s)&#xD;
&#xD;
2019-08-22 09:40:39 - [MESSAGE][PASSED] - Delayed 1 second(s)&#xD;
&#xD;
2019-08-22 09:40:39 - [TEST_STEP][PASSED] - partyOnboardingEnterprise.clickNextbutton(): Object: 'Object Repository/PartyOnboarding/btn_Next' is clicked on&#xD;
&#xD;
2019-08-22 09:40:39 - [MESSAGE][PASSED] - Object 'Object Repository/PartyOnboarding/btn_Next' is visible&#xD;
&#xD;
2019-08-22 09:40:39 - [MESSAGE][PASSED] - Object: 'Object Repository/PartyOnboarding/btn_Next' is clicked on&#xD;
&#xD;
2019-08-22 09:40:39 - [TEST_STEP][PASSED] - log.logInfo("/---------------Pre-Existence Check---------------/"): /---------------Pre-Existence Check---------------/&#xD;
&#xD;
2019-08-22 09:40:39 - [MESSAGE][INFO] - /---------------Pre-Existence Check---------------/&#xD;
&#xD;
2019-08-22 09:40:39 - [TEST_STEP][PASSED] - partyOnboardingEnterprise.inputEnterpriseName(s02_enterpriseName): Keys 'Enterprise 0000003' sent to object: 'Object Repository/PartyOnboarding/Enterprise/PreExistenceCheck/txt_EnterpriseName'&#xD;
&#xD;
2019-08-22 09:40:40 - [MESSAGE][PASSED] - Object 'Object Repository/PartyOnboarding/Enterprise/PreExistenceCheck/txt_EnterpriseName' is visible&#xD;
&#xD;
2019-08-22 09:40:40 - [MESSAGE][PASSED] - Keys 'Enterprise 0000003' sent to object: 'Object Repository/PartyOnboarding/Enterprise/PreExistenceCheck/txt_EnterpriseName'&#xD;
&#xD;
2019-08-22 09:40:40 - [TEST_STEP][PASSED] - partyOnboardingEnterprise.inputRegistration(): Keys '2MsUqm7Q' sent to object: 'Object Repository/PartyOnboarding/Enterprise/PreExistenceCheck/txt_Registration'&#xD;
&#xD;
2019-08-22 09:40:40 - [MESSAGE][PASSED] - Object 'Object Repository/PartyOnboarding/Enterprise/PreExistenceCheck/txt_Registration' is visible&#xD;
&#xD;
2019-08-22 09:40:40 - [MESSAGE][PASSED] - Keys '2MsUqm7Q' sent to object: 'Object Repository/PartyOnboarding/Enterprise/PreExistenceCheck/txt_Registration'&#xD;
&#xD;
2019-08-22 09:40:40 - [TEST_STEP][PASSED] - partyOnboardingEnterprise.clickNextbutton(): Object: 'Object Repository/PartyOnboarding/btn_Next' is clicked on&#xD;
&#xD;
2019-08-22 09:40:40 - [MESSAGE][PASSED] - Object 'Object Repository/PartyOnboarding/btn_Next' is visible&#xD;
&#xD;
2019-08-22 09:40:40 - [MESSAGE][PASSED] - Object: 'Object Repository/PartyOnboarding/btn_Next' is clicked on&#xD;
&#xD;
2019-08-22 09:40:40 - [TEST_STEP][PASSED] - log.logInfo("/--------------- Party Onboarding---------------/"): /--------------- Party Onboarding---------------/&#xD;
&#xD;
2019-08-22 09:40:40 - [MESSAGE][INFO] - /--------------- Party Onboarding---------------/&#xD;
&#xD;
2019-08-22 09:40:40 - [TEST_STEP][PASSED] - partyOnboardingEnterprise.inputPartyId(): Web element with id: 'Object Repository/PartyOnboarding/Personal/PersonalParty/Message/pop_ErrorDuplicatePartyID' located by 'By.xpath: //textarea[@name='03messages']' not found&#xD;
&#xD;
2019-08-22 09:40:41 - [MESSAGE][PASSED] - Object 'Object Repository/PartyOnboarding/Personal/PersonalParty/txt_PartyID' is visible&#xD;
&#xD;
2019-08-22 09:40:41 - [MESSAGE][PASSED] - Object 'Object Repository/PartyOnboarding/Personal/PersonalParty/txt_PartyID' is visible&#xD;
&#xD;
2019-08-22 09:40:42 - [MESSAGE][PASSED] - Keys 'TAB + Mobxc9G9' sent to object: 'Object Repository/PartyOnboarding/Personal/PersonalParty/txt_PartyID'&#xD;
&#xD;
2019-08-22 09:41:13 - [MESSAGE][INFO] - Unable to find the element located by 'By.xpath: //textarea[@name='03messages']'. Please recheck the objects properties to make sure the desired element is located. &#xD;
&#xD;
2019-08-22 09:41:13 - [MESSAGE][WARNING] - Web element with id: 'Object Repository/PartyOnboarding/Personal/PersonalParty/Message/pop_ErrorDuplicatePartyID' located by 'By.xpath: //textarea[@name='03messages']' not found&#xD;
&#xD;
2019-08-22 09:41:13 - [TEST_STEP][PASSED] - partyOnboardingEnterprise.inputShortNameEnterprise(s03_shortName): Keys 'TAB + Enterprise' sent to object: 'Object Repository/PartyOnboarding/Enterprise/EnterpriseParty/Short Name_txt'&#xD;
&#xD;
2019-08-22 09:41:13 - [MESSAGE][PASSED] - Object 'Object Repository/PartyOnboarding/Enterprise/EnterpriseParty/Short Name_txt' is visible&#xD;
&#xD;
2019-08-22 09:41:13 - [MESSAGE][PASSED] - Keys 'TAB + Enterprise' sent to object: 'Object Repository/PartyOnboarding/Enterprise/EnterpriseParty/Short Name_txt'&#xD;
&#xD;
2019-08-22 09:41:13 - [TEST_STEP][PASSED] - partyOnboardingEnterprise.clickNextbutton(): Object: 'Object Repository/PartyOnboarding/btn_Next' is clicked on&#xD;
&#xD;
2019-08-22 09:41:13 - [MESSAGE][PASSED] - Object 'Object Repository/PartyOnboarding/btn_Next' is visible&#xD;
&#xD;
2019-08-22 09:41:13 - [MESSAGE][PASSED] - Object: 'Object Repository/PartyOnboarding/btn_Next' is clicked on&#xD;
&#xD;
2019-08-22 09:41:13 - [TEST_STEP][PASSED] - partyOnboardingEnterprise.clickProcessInWarningBox(): Object: 'Object Repository/PartyOnboarding/Personal/PersonalParty/btn_Warnings_Proceed_NotCapture' is clicked on&#xD;
&#xD;
2019-08-22 09:41:14 - [MESSAGE][PASSED] - Object 'Object Repository/PartyOnboarding/Personal/PersonalParty/btn_Warnings_Proceed_NotCapture' is visible&#xD;
&#xD;
2019-08-22 09:41:14 - [MESSAGE][PASSED] - Object: 'Object Repository/PartyOnboarding/Personal/PersonalParty/btn_Warnings_Proceed_NotCapture' is clicked on&#xD;
&#xD;
2019-08-22 09:41:14 - [TEST_STEP][PASSED] - log.logInfo("/--------------- Party Onboarding - Address---------------/"): /--------------- Party Onboarding - Address---------------/&#xD;
&#xD;
2019-08-22 09:41:14 - [MESSAGE][INFO] - /--------------- Party Onboarding - Address---------------/&#xD;
&#xD;
2019-08-22 09:41:14 - [TEST_STEP][PASSED] - partyOnboardingEnterprise.inputRDataForAddressParty(s04_addressType, s04_userForCommunication, s04_validFrom): Execute JavaScript 'arguments[0].click();' successfully&#xD;
&#xD;
2019-08-22 09:41:15 - [MESSAGE][PASSED] - Object 'Object Repository/PartyOnboarding/Personal/PartyAddress/button_New Row_PartyAddress' is visible&#xD;
&#xD;
2019-08-22 09:41:15 - [MESSAGE][PASSED] - Execute JavaScript 'arguments[0].click();' successfully&#xD;
&#xD;
2019-08-22 09:41:15 - [MESSAGE][PASSED] - Object 'Object Repository/PartyOnboarding/Personal/PartyAddress/Address Type' is visible&#xD;
&#xD;
2019-08-22 09:41:16 - [MESSAGE][PASSED] - Keys 'TAB + Home Address' sent to object: 'Object Repository/PartyOnboarding/Personal/PartyAddress/Address Type'&#xD;
&#xD;
2019-08-22 09:41:16 - [MESSAGE][PASSED] - Object 'Object Repository/PartyOnboarding/Personal/PartyAddress/Valid From' is visible&#xD;
&#xD;
2019-08-22 09:41:16 - [MESSAGE][PASSED] - Text of object 'Object Repository/PartyOnboarding/Personal/PartyAddress/Valid From' is cleared&#xD;
&#xD;
2019-08-22 09:41:16 - [MESSAGE][PASSED] - Object 'Object Repository/PartyOnboarding/Personal/PartyAddress/Valid From' is visible&#xD;
&#xD;
2019-08-22 09:41:17 - [MESSAGE][PASSED] - Keys '2018-01-14' sent to object: 'Object Repository/PartyOnboarding/Personal/PartyAddress/Valid From'&#xD;
&#xD;
2019-08-22 09:41:17 - [MESSAGE][PASSED] - Object 'Object Repository/PartyOnboarding/Personal/PartyAddress/chk_Use  for Communication' is present&#xD;
&#xD;
2019-08-22 09:41:17 - [MESSAGE][PASSED] - Attribute 'aria-checked' of object 'Object Repository/PartyOnboarding/Personal/PartyAddress/chk_Use  for Communication' is: 'false'&#xD;
&#xD;
2019-08-22 09:41:17 - [MESSAGE][PASSED] - Object 'Object Repository/PartyOnboarding/Personal/PartyAddress/chk_Use  for Communication' is checked&#xD;
&#xD;
2019-08-22 09:41:17 - [MESSAGE][PASSED] - Object 'Object Repository/PartyOnboarding/Personal/PartyAddress/SaveRow' is visible&#xD;
&#xD;
2019-08-22 09:41:17 - [MESSAGE][PASSED] - Execute JavaScript 'arguments[0].click();' successfully&#xD;
&#xD;
2019-08-22 09:41:17 - [MESSAGE][PASSED] - Object 'Object Repository/PartyOnboarding/Personal/PartyAddress/button_New Row_PartyAddress' is visible&#xD;
&#xD;
2019-08-22 09:41:17 - [MESSAGE][PASSED] - Execute JavaScript 'arguments[0].click();' successfully&#xD;
&#xD;
2019-08-22 09:41:17 - [MESSAGE][PASSED] - Object 'Object Repository/PartyOnboarding/Personal/PartyAddress/Address Type' is visible&#xD;
&#xD;
2019-08-22 09:41:18 - [MESSAGE][PASSED] - Keys 'TAB + Current Address' sent to object: 'Object Repository/PartyOnboarding/Personal/PartyAddress/Address Type'&#xD;
&#xD;
2019-08-22 09:41:18 - [MESSAGE][PASSED] - Object 'Object Repository/PartyOnboarding/Personal/PartyAddress/Valid From' is visible&#xD;
&#xD;
2019-08-22 09:41:18 - [MESSAGE][PASSED] - Text of object 'Object Repository/PartyOnboarding/Personal/PartyAddress/Valid From' is cleared&#xD;
&#xD;
2019-08-22 09:41:18 - [MESSAGE][PASSED] - Object 'Object Repository/PartyOnboarding/Personal/PartyAddress/Valid From' is visible&#xD;
&#xD;
2019-08-22 09:41:18 - [MESSAGE][PASSED] - Keys '2018-01-17' sent to object: 'Object Repository/PartyOnboarding/Personal/PartyAddress/Valid From'&#xD;
&#xD;
2019-08-22 09:41:18 - [MESSAGE][PASSED] - Object 'Object Repository/PartyOnboarding/Personal/PartyAddress/SaveRow' is visible&#xD;
&#xD;
2019-08-22 09:41:18 - [MESSAGE][PASSED] - Execute JavaScript 'arguments[0].click();' successfully&#xD;
&#xD;
2019-08-22 09:41:18 - [MESSAGE][PASSED] - Object 'Object Repository/PartyOnboarding/Personal/PartyAddress/button_New Row_PartyAddress' is visible&#xD;
&#xD;
2019-08-22 09:41:18 - [MESSAGE][PASSED] - Execute JavaScript 'arguments[0].click();' successfully&#xD;
&#xD;
2019-08-22 09:41:18 - [MESSAGE][PASSED] - Object 'Object Repository/PartyOnboarding/Personal/PartyAddress/Address Type' is visible&#xD;
&#xD;
2019-08-22 09:41:19 - [MESSAGE][PASSED] - Keys 'TAB + Office Address' sent to object: 'Object Repository/PartyOnboarding/Personal/PartyAddress/Address Type'&#xD;
&#xD;
2019-08-22 09:41:19 - [MESSAGE][PASSED] - Object 'Object Repository/PartyOnboarding/Personal/PartyAddress/Valid From' is visible&#xD;
&#xD;
2019-08-22 09:41:19 - [MESSAGE][PASSED] - Text of object 'Object Repository/PartyOnboarding/Personal/PartyAddress/Valid From' is cleared&#xD;
&#xD;
2019-08-22 09:41:19 - [MESSAGE][PASSED] - Object 'Object Repository/PartyOnboarding/Personal/PartyAddress/Valid From' is visible&#xD;
&#xD;
2019-08-22 09:41:19 - [MESSAGE][PASSED] - Keys '2017-01-17' sent to object: 'Object Repository/PartyOnboarding/Personal/PartyAddress/Valid From'&#xD;
&#xD;
2019-08-22 09:41:19 - [MESSAGE][PASSED] - Object 'Object Repository/PartyOnboarding/Personal/PartyAddress/SaveRow' is visible&#xD;
&#xD;
2019-08-22 09:41:20 - [MESSAGE][PASSED] - Execute JavaScript 'arguments[0].click();' successfully&#xD;
&#xD;
2019-08-22 09:41:20 - [TEST_STEP][PASSED] - partyOnboardingEnterprise.clickNextbutton(): Object: 'Object Repository/PartyOnboarding/btn_Next' is clicked on&#xD;
&#xD;
2019-08-22 09:41:20 - [MESSAGE][PASSED] - Object 'Object Repository/PartyOnboarding/btn_Next' is visible&#xD;
&#xD;
2019-08-22 09:41:20 - [MESSAGE][PASSED] - Object: 'Object Repository/PartyOnboarding/btn_Next' is clicked on&#xD;
&#xD;
2019-08-22 09:41:20 - [TEST_STEP][PASSED] - partyOnboardingEnterprise.inputDataForPartyContacts(s05_contactMethod, s05_contactTypeLocation, s05_contactCountryCode, s05_contactAreaCode, s05_contactNumber, s05_contactEmail, s05_confirmEmail, s05_validFrom): Execute JavaScript 'arguments[0].click();' successfully&#xD;
&#xD;
2019-08-22 09:41:20 - [MESSAGE][PASSED] - Object 'Object Repository/PartyOnboarding/Personal/PartyContacts/New Row' is visible&#xD;
&#xD;
2019-08-22 09:41:20 - [MESSAGE][PASSED] - Execute JavaScript 'arguments[0].click();' successfully&#xD;
&#xD;
2019-08-22 09:41:21 - [MESSAGE][PASSED] - Delayed 1 second(s)&#xD;
&#xD;
2019-08-22 09:41:22 - [MESSAGE][PASSED] - Object 'Object Repository/PartyOnboarding/Personal/PartyContacts/Contact Method' is visible&#xD;
&#xD;
2019-08-22 09:41:22 - [MESSAGE][PASSED] - Keys 'TAB + Telephone' sent to object: 'Object Repository/PartyOnboarding/Personal/PartyContacts/Contact Method'&#xD;
&#xD;
2019-08-22 09:41:23 - [MESSAGE][PASSED] - Delayed 1 second(s)&#xD;
&#xD;
2019-08-22 09:41:23 - [MESSAGE][PASSED] - Object 'Object Repository/PartyOnboarding/Personal/PartyContacts/Contact Type  Location' is visible&#xD;
&#xD;
2019-08-22 09:41:23 - [MESSAGE][PASSED] - Keys 'TAB + Personal' sent to object: 'Object Repository/PartyOnboarding/Personal/PartyContacts/Contact Type  Location'&#xD;
&#xD;
2019-08-22 09:41:23 - [MESSAGE][PASSED] - Object 'Object Repository/PartyOnboarding/Personal/PartyContacts/Contact Email' is visible&#xD;
&#xD;
2019-08-22 09:41:23 - [MESSAGE][PASSED] - Object 'Object Repository/PartyOnboarding/Personal/PartyContacts/Contact Email' has attribute 'readonly'&#xD;
&#xD;
2019-08-22 09:41:23 - [MESSAGE][PASSED] - Object 'Object Repository/PartyOnboarding/Personal/PartyContacts/Contact Number_03_Code' is visible&#xD;
&#xD;
2019-08-22 09:41:23 - [MESSAGE][PASSED] - Text of object 'Object Repository/PartyOnboarding/Personal/PartyContacts/Contact Number_03_Code' is cleared&#xD;
&#xD;
2019-08-22 09:41:23 - [MESSAGE][PASSED] - Object 'Object Repository/PartyOnboarding/Personal/PartyContacts/Contact Number_03_Code' is visible&#xD;
&#xD;
2019-08-22 09:41:24 - [MESSAGE][PASSED] - Keys '+95' sent to object: 'Object Repository/PartyOnboarding/Personal/PartyContacts/Contact Number_03_Code'&#xD;
&#xD;
2019-08-22 09:41:24 - [MESSAGE][PASSED] - Object 'Object Repository/PartyOnboarding/Personal/PartyContacts/Contact Number_AreaCode' is visible&#xD;
&#xD;
2019-08-22 09:41:24 - [MESSAGE][PASSED] - Keys '' sent to object: 'Object Repository/PartyOnboarding/Personal/PartyContacts/Contact Number_AreaCode'&#xD;
&#xD;
2019-08-22 09:41:24 - [MESSAGE][PASSED] - Object 'Object Repository/PartyOnboarding/Personal/PartyContacts/Contact Number_Number' is visible&#xD;
&#xD;
2019-08-22 09:41:24 - [MESSAGE][PASSED] - Keys '9697989903' sent to object: 'Object Repository/PartyOnboarding/Personal/PartyContacts/Contact Number_Number'&#xD;
&#xD;
2019-08-22 09:41:24 - [MESSAGE][PASSED] - Object 'Object Repository/PartyOnboarding/Personal/PartyContacts/Contact Number_03_Code' is visible&#xD;
&#xD;
2019-08-22 09:41:24 - [MESSAGE][WARNING] - Object 'Object Repository/PartyOnboarding/Personal/PartyContacts/Contact Number_03_Code' does not have attribute 'readonly' (Root cause: com.kms.katalon.core.exception.StepFailedException: Object 'Object Repository/PartyOnboarding/Personal/PartyContacts/Contact Number_03_Code' does not have attribute 'readonly'&#xD;
	at com.kms.katalon.core.webui.keyword.internal.WebUIKeywordMain.stepFailed(WebUIKeywordMain.groovy:64)&#xD;
	at com.kms.katalon.core.webui.keyword.builtin.VerifyElementHasAttributeKeyword$_verifyElementHasAttribute_closure1.doCall(VerifyElementHasAttributeKeyword.groovy:89)&#xD;
	at com.kms.katalon.core.webui.keyword.builtin.VerifyElementHasAttributeKeyword$_verifyElementHasAttribute_closure1.call(VerifyElementHasAttributeKeyword.groovy)&#xD;
	at com.kms.katalon.core.webui.keyword.internal.WebUIKeywordMain.runKeyword(WebUIKeywordMain.groovy:20)&#xD;
	at com.kms.katalon.core.webui.keyword.builtin.VerifyElementHasAttributeKeyword.verifyElementHasAttribute(VerifyElementHasAttributeKeyword.groovy:100)&#xD;
	at com.kms.katalon.core.webui.keyword.builtin.VerifyElementHasAttributeKeyword.execute(VerifyElementHasAttributeKeyword.groovy:69)&#xD;
	at com.kms.katalon.core.keyword.internal.KeywordExecutor.executeKeywordForPlatform(KeywordExecutor.groovy:56)&#xD;
	at com.kms.katalon.core.webui.keyword.WebUiBuiltInKeywords.verifyElementHasAttribute(WebUiBuiltInKeywords.groovy:3166)&#xD;
	at com.kms.katalon.core.webui.keyword.WebUiBuiltInKeywords$verifyElementHasAttribute$11.call(Unknown Source)&#xD;
	at pageObjects.PartyOnboarding.inputDataForPartyContacts(PartyOnboarding.groovy:736)&#xD;
	at PartyOnboardingEnterprise.run(PartyOnboardingEnterprise:61)&#xD;
	at com.kms.katalon.core.main.ScriptEngine.run(ScriptEngine.java:194)&#xD;
	at com.kms.katalon.core.main.ScriptEngine.runScriptAsRawText(ScriptEngine.java:119)&#xD;
	at com.kms.katalon.core.main.TestCaseExecutor.runScript(TestCaseExecutor.java:337)&#xD;
	at com.kms.katalon.core.main.TestCaseExecutor.doExecute(TestCaseExecutor.java:328)&#xD;
	at com.kms.katalon.core.main.TestCaseExecutor.processExecutionPhase(TestCaseExecutor.java:307)&#xD;
	at com.kms.katalon.core.main.TestCaseExecutor.accessMainPhase(TestCaseExecutor.java:299)&#xD;
	at com.kms.katalon.core.main.TestCaseExecutor.execute(TestCaseExecutor.java:233)&#xD;
	at com.kms.katalon.core.main.TestSuiteExecutor.accessTestCaseMainPhase(TestSuiteExecutor.java:133)&#xD;
	at com.kms.katalon.core.main.TestSuiteExecutor.accessTestSuiteMainPhase(TestSuiteExecutor.java:116)&#xD;
	at com.kms.katalon.core.main.TestSuiteExecutor.execute(TestSuiteExecutor.java:83)&#xD;
	at com.kms.katalon.core.main.TestCaseMain.startTestSuite(TestCaseMain.java:157)&#xD;
	at com.kms.katalon.core.main.TestCaseMain$startTestSuite$0.call(Unknown Source)&#xD;
	at TempTestSuite1566441935163.run(TempTestSuite1566441935163.groovy:35)&#xD;
)&#xD;
[[ATTACHMENT|C:\\ML\\JITS\\AYA\\Automation\\FBE\\FBE\\Reports\\DataPreparation\\PartyOnboardingPersonal\\20190822_091535\\1566443484580.png]]&#xD;
&#xD;
2019-08-22 09:41:24 - [MESSAGE][PASSED] - Object 'Object Repository/PartyOnboarding/Personal/PartyContacts/Valid From' is visible&#xD;
&#xD;
2019-08-22 09:41:25 - [MESSAGE][PASSED] - Text of object 'Object Repository/PartyOnboarding/Personal/PartyContacts/Valid From' is cleared&#xD;
&#xD;
2019-08-22 09:41:25 - [MESSAGE][PASSED] - Object 'Object Repository/PartyOnboarding/Personal/PartyContacts/Valid From' is visible&#xD;
&#xD;
2019-08-22 09:41:25 - [MESSAGE][PASSED] - Keys '2018-12-20' sent to object: 'Object Repository/PartyOnboarding/Personal/PartyContacts/Valid From'&#xD;
&#xD;
2019-08-22 09:41:25 - [MESSAGE][PASSED] - Object 'Object Repository/PartyOnboarding/Personal/PartyContacts/Save Row' is visible&#xD;
&#xD;
2019-08-22 09:41:25 - [MESSAGE][PASSED] - Execute JavaScript 'arguments[0].click();' successfully&#xD;
&#xD;
2019-08-22 09:41:25 - [MESSAGE][PASSED] - Object 'Object Repository/PartyOnboarding/Personal/PartyContacts/New Row' is visible&#xD;
&#xD;
2019-08-22 09:41:25 - [MESSAGE][PASSED] - Execute JavaScript 'arguments[0].click();' successfully&#xD;
&#xD;
2019-08-22 09:41:26 - [MESSAGE][PASSED] - Delayed 1 second(s)&#xD;
&#xD;
2019-08-22 09:41:26 - [MESSAGE][PASSED] - Object 'Object Repository/PartyOnboarding/Personal/PartyContacts/Contact Method' is visible&#xD;
&#xD;
2019-08-22 09:41:26 - [MESSAGE][PASSED] - Keys 'TAB + Mobile' sent to object: 'Object Repository/PartyOnboarding/Personal/PartyContacts/Contact Method'&#xD;
&#xD;
2019-08-22 09:41:27 - [MESSAGE][PASSED] - Delayed 1 second(s)&#xD;
&#xD;
2019-08-22 09:41:27 - [MESSAGE][PASSED] - Object 'Object Repository/PartyOnboarding/Personal/PartyContacts/Contact Type  Location' is visible&#xD;
&#xD;
2019-08-22 09:41:28 - [MESSAGE][PASSED] - Keys 'TAB + Work' sent to object: 'Object Repository/PartyOnboarding/Personal/PartyContacts/Contact Type  Location'&#xD;
&#xD;
2019-08-22 09:41:28 - [MESSAGE][PASSED] - Object 'Object Repository/PartyOnboarding/Personal/PartyContacts/Contact Email' is visible&#xD;
&#xD;
2019-08-22 09:41:28 - [MESSAGE][PASSED] - Object 'Object Repository/PartyOnboarding/Personal/PartyContacts/Contact Email' has attribute 'readonly'&#xD;
&#xD;
2019-08-22 09:41:28 - [MESSAGE][PASSED] - Object 'Object Repository/PartyOnboarding/Personal/PartyContacts/Contact Number_03_Code' is visible&#xD;
&#xD;
2019-08-22 09:41:28 - [MESSAGE][PASSED] - Text of object 'Object Repository/PartyOnboarding/Personal/PartyContacts/Contact Number_03_Code' is cleared&#xD;
&#xD;
2019-08-22 09:41:28 - [MESSAGE][PASSED] - Object 'Object Repository/PartyOnboarding/Personal/PartyContacts/Contact Number_03_Code' is visible&#xD;
&#xD;
2019-08-22 09:41:28 - [MESSAGE][PASSED] - Keys '+1' sent to object: 'Object Repository/PartyOnboarding/Personal/PartyContacts/Contact Number_03_Code'&#xD;
&#xD;
2019-08-22 09:41:28 - [MESSAGE][PASSED] - Object 'Object Repository/PartyOnboarding/Personal/PartyContacts/Contact Number_AreaCode' is visible&#xD;
&#xD;
2019-08-22 09:41:28 - [MESSAGE][PASSED] - Keys '' sent to object: 'Object Repository/PartyOnboarding/Personal/PartyContacts/Contact Number_AreaCode'&#xD;
&#xD;
2019-08-22 09:41:28 - [MESSAGE][PASSED] - Object 'Object Repository/PartyOnboarding/Personal/PartyContacts/Contact Number_Number' is visible&#xD;
&#xD;
2019-08-22 09:41:28 - [MESSAGE][PASSED] - Keys '9697989901' sent to object: 'Object Repository/PartyOnboarding/Personal/PartyContacts/Contact Number_Number'&#xD;
&#xD;
2019-08-22 09:41:28 - [MESSAGE][PASSED] - Object 'Object Repository/PartyOnboarding/Personal/PartyContacts/Contact Number_03_Code' is visible&#xD;
&#xD;
2019-08-22 09:41:29 - [MESSAGE][WARNING] - Object 'Object Repository/PartyOnboarding/Personal/PartyContacts/Contact Number_03_Code' does not have attribute 'readonly' (Root cause: com.kms.katalon.core.exception.StepFailedException: Object 'Object Repository/PartyOnboarding/Personal/PartyContacts/Contact Number_03_Code' does not have attribute 'readonly'&#xD;
	at com.kms.katalon.core.webui.keyword.internal.WebUIKeywordMain.stepFailed(WebUIKeywordMain.groovy:64)&#xD;
	at com.kms.katalon.core.webui.keyword.builtin.VerifyElementHasAttributeKeyword$_verifyElementHasAttribute_closure1.doCall(VerifyElementHasAttributeKeyword.groovy:89)&#xD;
	at com.kms.katalon.core.webui.keyword.builtin.VerifyElementHasAttributeKeyword$_verifyElementHasAttribute_closure1.call(VerifyElementHasAttributeKeyword.groovy)&#xD;
	at com.kms.katalon.core.webui.keyword.internal.WebUIKeywordMain.runKeyword(WebUIKeywordMain.groovy:20)&#xD;
	at com.kms.katalon.core.webui.keyword.builtin.VerifyElementHasAttributeKeyword.verifyElementHasAttribute(VerifyElementHasAttributeKeyword.groovy:100)&#xD;
	at com.kms.katalon.core.webui.keyword.builtin.VerifyElementHasAttributeKeyword.execute(VerifyElementHasAttributeKeyword.groovy:69)&#xD;
	at com.kms.katalon.core.keyword.internal.KeywordExecutor.executeKeywordForPlatform(KeywordExecutor.groovy:56)&#xD;
	at com.kms.katalon.core.webui.keyword.WebUiBuiltInKeywords.verifyElementHasAttribute(WebUiBuiltInKeywords.groovy:3166)&#xD;
	at com.kms.katalon.core.webui.keyword.WebUiBuiltInKeywords$verifyElementHasAttribute$11.call(Unknown Source)&#xD;
	at pageObjects.PartyOnboarding.inputDataForPartyContacts(PartyOnboarding.groovy:736)&#xD;
	at PartyOnboardingEnterprise.run(PartyOnboardingEnterprise:61)&#xD;
	at com.kms.katalon.core.main.ScriptEngine.run(ScriptEngine.java:194)&#xD;
	at com.kms.katalon.core.main.ScriptEngine.runScriptAsRawText(ScriptEngine.java:119)&#xD;
	at com.kms.katalon.core.main.TestCaseExecutor.runScript(TestCaseExecutor.java:337)&#xD;
	at com.kms.katalon.core.main.TestCaseExecutor.doExecute(TestCaseExecutor.java:328)&#xD;
	at com.kms.katalon.core.main.TestCaseExecutor.processExecutionPhase(TestCaseExecutor.java:307)&#xD;
	at com.kms.katalon.core.main.TestCaseExecutor.accessMainPhase(TestCaseExecutor.java:299)&#xD;
	at com.kms.katalon.core.main.TestCaseExecutor.execute(TestCaseExecutor.java:233)&#xD;
	at com.kms.katalon.core.main.TestSuiteExecutor.accessTestCaseMainPhase(TestSuiteExecutor.java:133)&#xD;
	at com.kms.katalon.core.main.TestSuiteExecutor.accessTestSuiteMainPhase(TestSuiteExecutor.java:116)&#xD;
	at com.kms.katalon.core.main.TestSuiteExecutor.execute(TestSuiteExecutor.java:83)&#xD;
	at com.kms.katalon.core.main.TestCaseMain.startTestSuite(TestCaseMain.java:157)&#xD;
	at com.kms.katalon.core.main.TestCaseMain$startTestSuite$0.call(Unknown Source)&#xD;
	at TempTestSuite1566441935163.run(TempTestSuite1566441935163.groovy:35)&#xD;
)&#xD;
[[ATTACHMENT|C:\\ML\\JITS\\AYA\\Automation\\FBE\\FBE\\Reports\\DataPreparation\\PartyOnboardingPersonal\\20190822_091535\\1566443488892.png]]&#xD;
&#xD;
2019-08-22 09:41:29 - [MESSAGE][PASSED] - Object 'Object Repository/PartyOnboarding/Personal/PartyContacts/Valid From' is visible&#xD;
&#xD;
2019-08-22 09:41:29 - [MESSAGE][PASSED] - Text of object 'Object Repository/PartyOnboarding/Personal/PartyContacts/Valid From' is cleared&#xD;
&#xD;
2019-08-22 09:41:29 - [MESSAGE][PASSED] - Object 'Object Repository/PartyOnboarding/Personal/PartyContacts/Valid From' is visible&#xD;
&#xD;
2019-08-22 09:41:29 - [MESSAGE][PASSED] - Keys '2018-01-24' sent to object: 'Object Repository/PartyOnboarding/Personal/PartyContacts/Valid From'&#xD;
&#xD;
2019-08-22 09:41:29 - [MESSAGE][PASSED] - Object 'Object Repository/PartyOnboarding/Personal/PartyContacts/Save Row' is visible&#xD;
&#xD;
2019-08-22 09:41:29 - [MESSAGE][PASSED] - Execute JavaScript 'arguments[0].click();' successfully&#xD;
&#xD;
2019-08-22 09:41:29 - [MESSAGE][PASSED] - Object 'Object Repository/PartyOnboarding/Personal/PartyContacts/New Row' is visible&#xD;
&#xD;
2019-08-22 09:41:29 - [MESSAGE][PASSED] - Execute JavaScript 'arguments[0].click();' successfully&#xD;
&#xD;
2019-08-22 09:41:30 - [MESSAGE][PASSED] - Delayed 1 second(s)&#xD;
&#xD;
2019-08-22 09:41:30 - [MESSAGE][PASSED] - Object 'Object Repository/PartyOnboarding/Personal/PartyContacts/Contact Method' is visible&#xD;
&#xD;
2019-08-22 09:41:31 - [MESSAGE][PASSED] - Keys 'TAB + Email' sent to object: 'Object Repository/PartyOnboarding/Personal/PartyContacts/Contact Method'&#xD;
&#xD;
2019-08-22 09:41:32 - [MESSAGE][PASSED] - Delayed 1 second(s)&#xD;
&#xD;
2019-08-22 09:41:32 - [MESSAGE][PASSED] - Object 'Object Repository/PartyOnboarding/Personal/PartyContacts/Contact Type  Location' is visible&#xD;
&#xD;
2019-08-22 09:41:32 - [MESSAGE][PASSED] - Keys 'TAB + Personal' sent to object: 'Object Repository/PartyOnboarding/Personal/PartyContacts/Contact Type  Location'&#xD;
&#xD;
2019-08-22 09:41:32 - [MESSAGE][PASSED] - Object 'Object Repository/PartyOnboarding/Personal/PartyContacts/Contact Email' is visible&#xD;
&#xD;
2019-08-22 09:41:32 - [MESSAGE][WARNING] - Object 'Object Repository/PartyOnboarding/Personal/PartyContacts/Contact Email' does not have attribute 'readonly' (Root cause: com.kms.katalon.core.exception.StepFailedException: Object 'Object Repository/PartyOnboarding/Personal/PartyContacts/Contact Email' does not have attribute 'readonly'&#xD;
	at com.kms.katalon.core.webui.keyword.internal.WebUIKeywordMain.stepFailed(WebUIKeywordMain.groovy:64)&#xD;
	at com.kms.katalon.core.webui.keyword.builtin.VerifyElementHasAttributeKeyword$_verifyElementHasAttribute_closure1.doCall(VerifyElementHasAttributeKeyword.groovy:89)&#xD;
	at com.kms.katalon.core.webui.keyword.builtin.VerifyElementHasAttributeKeyword$_verifyElementHasAttribute_closure1.call(VerifyElementHasAttributeKeyword.groovy)&#xD;
	at com.kms.katalon.core.webui.keyword.internal.WebUIKeywordMain.runKeyword(WebUIKeywordMain.groovy:20)&#xD;
	at com.kms.katalon.core.webui.keyword.builtin.VerifyElementHasAttributeKeyword.verifyElementHasAttribute(VerifyElementHasAttributeKeyword.groovy:100)&#xD;
	at com.kms.katalon.core.webui.keyword.builtin.VerifyElementHasAttributeKeyword.execute(VerifyElementHasAttributeKeyword.groovy:69)&#xD;
	at com.kms.katalon.core.keyword.internal.KeywordExecutor.executeKeywordForPlatform(KeywordExecutor.groovy:56)&#xD;
	at com.kms.katalon.core.webui.keyword.WebUiBuiltInKeywords.verifyElementHasAttribute(WebUiBuiltInKeywords.groovy:3166)&#xD;
	at com.kms.katalon.core.webui.keyword.WebUiBuiltInKeywords$verifyElementHasAttribute$11.call(Unknown Source)&#xD;
	at pageObjects.PartyOnboarding.inputDataForPartyContacts(PartyOnboarding.groovy:721)&#xD;
	at PartyOnboardingEnterprise.run(PartyOnboardingEnterprise:61)&#xD;
	at com.kms.katalon.core.main.ScriptEngine.run(ScriptEngine.java:194)&#xD;
	at com.kms.katalon.core.main.ScriptEngine.runScriptAsRawText(ScriptEngine.java:119)&#xD;
	at com.kms.katalon.core.main.TestCaseExecutor.runScript(TestCaseExecutor.java:337)&#xD;
	at com.kms.katalon.core.main.TestCaseExecutor.doExecute(TestCaseExecutor.java:328)&#xD;
	at com.kms.katalon.core.main.TestCaseExecutor.processExecutionPhase(TestCaseExecutor.java:307)&#xD;
	at com.kms.katalon.core.main.TestCaseExecutor.accessMainPhase(TestCaseExecutor.java:299)&#xD;
	at com.kms.katalon.core.main.TestCaseExecutor.execute(TestCaseExecutor.java:233)&#xD;
	at com.kms.katalon.core.main.TestSuiteExecutor.accessTestCaseMainPhase(TestSuiteExecutor.java:133)&#xD;
	at com.kms.katalon.core.main.TestSuiteExecutor.accessTestSuiteMainPhase(TestSuiteExecutor.java:116)&#xD;
	at com.kms.katalon.core.main.TestSuiteExecutor.execute(TestSuiteExecutor.java:83)&#xD;
	at com.kms.katalon.core.main.TestCaseMain.startTestSuite(TestCaseMain.java:157)&#xD;
	at com.kms.katalon.core.main.TestCaseMain$startTestSuite$0.call(Unknown Source)&#xD;
	at TempTestSuite1566441935163.run(TempTestSuite1566441935163.groovy:35)&#xD;
)&#xD;
[[ATTACHMENT|C:\\ML\\JITS\\AYA\\Automation\\FBE\\FBE\\Reports\\DataPreparation\\PartyOnboardingPersonal\\20190822_091535\\1566443492456.png]]&#xD;
&#xD;
2019-08-22 09:41:32 - [MESSAGE][PASSED] - Object 'Object Repository/PartyOnboarding/Personal/PartyContacts/Contact Number_03_Code' is visible&#xD;
&#xD;
2019-08-22 09:41:32 - [MESSAGE][PASSED] - Object 'Object Repository/PartyOnboarding/Personal/PartyContacts/Contact Number_03_Code' has attribute 'readonly'&#xD;
&#xD;
2019-08-22 09:41:32 - [MESSAGE][PASSED] - Object 'Object Repository/PartyOnboarding/Personal/PartyContacts/Contact Email' is visible&#xD;
&#xD;
2019-08-22 09:41:33 - [MESSAGE][PASSED] - Keys 'nguyenthimyle@gmail.com' sent to object: 'Object Repository/PartyOnboarding/Personal/PartyContacts/Contact Email'&#xD;
&#xD;
2019-08-22 09:41:33 - [MESSAGE][PASSED] - Object 'Object Repository/PartyOnboarding/Personal/PartyContacts/Confirm Email' is visible&#xD;
&#xD;
2019-08-22 09:41:34 - [MESSAGE][PASSED] - Keys 'nguyenthimyle@gmail.com' sent to object: 'Object Repository/PartyOnboarding/Personal/PartyContacts/Confirm Email'&#xD;
&#xD;
2019-08-22 09:41:34 - [MESSAGE][PASSED] - Object 'Object Repository/PartyOnboarding/Personal/PartyContacts/Valid From' is visible&#xD;
&#xD;
2019-08-22 09:41:34 - [MESSAGE][PASSED] - Text of object 'Object Repository/PartyOnboarding/Personal/PartyContacts/Valid From' is cleared&#xD;
&#xD;
2019-08-22 09:41:34 - [MESSAGE][PASSED] - Object 'Object Repository/PartyOnboarding/Personal/PartyContacts/Valid From' is visible&#xD;
&#xD;
2019-08-22 09:41:34 - [MESSAGE][PASSED] - Keys '2017-01-24' sent to object: 'Object Repository/PartyOnboarding/Personal/PartyContacts/Valid From'&#xD;
&#xD;
2019-08-22 09:41:35 - [MESSAGE][PASSED] - Object 'Object Repository/PartyOnboarding/Personal/PartyContacts/Save Row' is visible&#xD;
&#xD;
2019-08-22 09:41:35 - [MESSAGE][PASSED] - Execute JavaScript 'arguments[0].click();' successfully&#xD;
&#xD;
2019-08-22 09:41:35 - [TEST_STEP][PASSED] - partyOnboardingEnterprise.clickNextbutton(): Object: 'Object Repository/PartyOnboarding/btn_Next' is clicked on&#xD;
&#xD;
2019-08-22 09:41:35 - [MESSAGE][PASSED] - Object 'Object Repository/PartyOnboarding/btn_Next' is visible&#xD;
&#xD;
2019-08-22 09:41:35 - [MESSAGE][PASSED] - Object: 'Object Repository/PartyOnboarding/btn_Next' is clicked on&#xD;
&#xD;
2019-08-22 09:41:35 - [TEST_STEP][PASSED] - partyOnboardingEnterprise.inputDataForPartyRequiredDocuments(s06_documentCategory, s06_kycExpired, s06_documentType, s06_validFrom, s06_validTo, s06_referenceNumber, s06_issuingAuthority, s06_issuingCountry, s06_documentVerified, s06_image, s06_documentCollectionStatus): Keys 'Documents collected and validated centrally' sent to object: 'Object Repository/PartyOnboarding/Personal/PartyRequiredDocument/ddl_DocumentsCollectionStatus'&#xD;
&#xD;
2019-08-22 09:41:36 - [MESSAGE][PASSED] - Delayed 1 second(s)&#xD;
&#xD;
2019-08-22 09:41:36 - [MESSAGE][PASSED] - Object 'Object Repository/PartyOnboarding/Personal/PartyRequiredDocument/New Row' is visible&#xD;
&#xD;
2019-08-22 09:41:36 - [MESSAGE][PASSED] - Execute JavaScript 'arguments[0].click();' successfully&#xD;
&#xD;
2019-08-22 09:41:36 - [MESSAGE][PASSED] - Object 'Object Repository/PartyOnboarding/Personal/PartyRequiredDocument/DocumentCategory' is visible&#xD;
&#xD;
2019-08-22 09:41:37 - [MESSAGE][PASSED] - Keys 'TAB + PT-AUTHORIZED MYCO USER' sent to object: 'Object Repository/PartyOnboarding/Personal/PartyRequiredDocument/DocumentCategory'&#xD;
&#xD;
2019-08-22 09:41:38 - [MESSAGE][PASSED] - Delayed 1 second(s)&#xD;
&#xD;
2019-08-22 09:41:38 - [MESSAGE][PASSED] - Object 'Object Repository/PartyOnboarding/Personal/PartyRequiredDocument/Document Type' is visible&#xD;
&#xD;
2019-08-22 09:41:39 - [MESSAGE][PASSED] - Keys 'TAB + AUTHORIZED MYCO USER' sent to object: 'Object Repository/PartyOnboarding/Personal/PartyRequiredDocument/Document Type'&#xD;
&#xD;
2019-08-22 09:41:40 - [MESSAGE][PASSED] - Delayed 1 second(s)&#xD;
&#xD;
2019-08-22 09:41:40 - [MESSAGE][PASSED] - Object 'Object Repository/PartyOnboarding/Personal/PartyRequiredDocument/Issuing Country' is visible&#xD;
&#xD;
2019-08-22 09:41:41 - [MESSAGE][PASSED] - Keys 'Myanmar' sent to object: 'Object Repository/PartyOnboarding/Personal/PartyRequiredDocument/Issuing Country'&#xD;
&#xD;
2019-08-22 09:41:42 - [MESSAGE][PASSED] - Delayed 1 second(s)&#xD;
&#xD;
2019-08-22 09:41:42 - [MESSAGE][PASSED] - Object 'Object Repository/PartyOnboarding/Personal/PartyRequiredDocument/Document Verified' is visible&#xD;
&#xD;
2019-08-22 09:41:42 - [MESSAGE][PASSED] - Keys 'TAB + TRUE' sent to object: 'Object Repository/PartyOnboarding/Personal/PartyRequiredDocument/Document Verified'&#xD;
&#xD;
2019-08-22 09:41:42 - [MESSAGE][PASSED] - Object 'Object Repository/PartyOnboarding/Personal/PartyRequiredDocument/Save Row' is visible&#xD;
&#xD;
2019-08-22 09:41:42 - [MESSAGE][PASSED] - Execute JavaScript 'arguments[0].click();' successfully&#xD;
&#xD;
2019-08-22 09:41:42 - [MESSAGE][PASSED] - Object 'Object Repository/PartyOnboarding/Personal/PartyRequiredDocument/New Row' is visible&#xD;
&#xD;
2019-08-22 09:41:42 - [MESSAGE][PASSED] - Execute JavaScript 'arguments[0].click();' successfully&#xD;
&#xD;
2019-08-22 09:41:42 - [MESSAGE][PASSED] - Object 'Object Repository/PartyOnboarding/Personal/PartyRequiredDocument/DocumentCategory' is visible&#xD;
&#xD;
2019-08-22 09:41:44 - [MESSAGE][PASSED] - Keys 'TAB + PT-BOARD OF DIRECTORS RESOLUTION' sent to object: 'Object Repository/PartyOnboarding/Personal/PartyRequiredDocument/DocumentCategory'&#xD;
&#xD;
2019-08-22 09:41:45 - [MESSAGE][PASSED] - Delayed 1 second(s)&#xD;
&#xD;
2019-08-22 09:41:45 - [MESSAGE][PASSED] - Object 'Object Repository/PartyOnboarding/Personal/PartyRequiredDocument/Document Type' is visible&#xD;
&#xD;
2019-08-22 09:41:47 - [MESSAGE][PASSED] - Keys 'TAB + BOARD OF DIRECTORS RESOLUTION' sent to object: 'Object Repository/PartyOnboarding/Personal/PartyRequiredDocument/Document Type'&#xD;
&#xD;
2019-08-22 09:41:48 - [MESSAGE][PASSED] - Delayed 1 second(s)&#xD;
&#xD;
2019-08-22 09:41:48 - [MESSAGE][PASSED] - Object 'Object Repository/PartyOnboarding/Personal/PartyRequiredDocument/Issuing Country' is visible&#xD;
&#xD;
2019-08-22 09:41:48 - [MESSAGE][PASSED] - Keys 'Myanmar' sent to object: 'Object Repository/PartyOnboarding/Personal/PartyRequiredDocument/Issuing Country'&#xD;
&#xD;
2019-08-22 09:41:49 - [MESSAGE][PASSED] - Delayed 1 second(s)&#xD;
&#xD;
2019-08-22 09:41:49 - [MESSAGE][PASSED] - Object 'Object Repository/PartyOnboarding/Personal/PartyRequiredDocument/Document Verified' is visible&#xD;
&#xD;
2019-08-22 09:41:50 - [MESSAGE][PASSED] - Keys 'TAB + TRUE' sent to object: 'Object Repository/PartyOnboarding/Personal/PartyRequiredDocument/Document Verified'&#xD;
&#xD;
2019-08-22 09:41:50 - [MESSAGE][PASSED] - Object 'Object Repository/PartyOnboarding/Personal/PartyRequiredDocument/Save Row' is visible&#xD;
&#xD;
2019-08-22 09:41:50 - [MESSAGE][PASSED] - Execute JavaScript 'arguments[0].click();' successfully&#xD;
&#xD;
2019-08-22 09:41:50 - [MESSAGE][PASSED] - Object 'Object Repository/PartyOnboarding/Personal/PartyRequiredDocument/New Row' is visible&#xD;
&#xD;
2019-08-22 09:41:50 - [MESSAGE][PASSED] - Execute JavaScript 'arguments[0].click();' successfully&#xD;
&#xD;
2019-08-22 09:41:50 - [MESSAGE][PASSED] - Object 'Object Repository/PartyOnboarding/Personal/PartyRequiredDocument/DocumentCategory' is visible&#xD;
&#xD;
2019-08-22 09:41:52 - [MESSAGE][PASSED] - Keys 'TAB + PT-CERTIFICATE OF INCORPORATION' sent to object: 'Object Repository/PartyOnboarding/Personal/PartyRequiredDocument/DocumentCategory'&#xD;
&#xD;
2019-08-22 09:41:53 - [MESSAGE][PASSED] - Delayed 1 second(s)&#xD;
&#xD;
2019-08-22 09:41:53 - [MESSAGE][PASSED] - Object 'Object Repository/PartyOnboarding/Personal/PartyRequiredDocument/Document Type' is visible&#xD;
&#xD;
2019-08-22 09:41:54 - [MESSAGE][PASSED] - Keys 'TAB + CERTIFICATE OF INCORPORATION' sent to object: 'Object Repository/PartyOnboarding/Personal/PartyRequiredDocument/Document Type'&#xD;
&#xD;
2019-08-22 09:41:55 - [MESSAGE][PASSED] - Delayed 1 second(s)&#xD;
&#xD;
2019-08-22 09:41:55 - [MESSAGE][PASSED] - Object 'Object Repository/PartyOnboarding/Personal/PartyRequiredDocument/Issuing Country' is visible&#xD;
&#xD;
2019-08-22 09:41:56 - [MESSAGE][PASSED] - Keys 'Myanmar' sent to object: 'Object Repository/PartyOnboarding/Personal/PartyRequiredDocument/Issuing Country'&#xD;
&#xD;
2019-08-22 09:41:57 - [MESSAGE][PASSED] - Delayed 1 second(s)&#xD;
&#xD;
2019-08-22 09:41:57 - [MESSAGE][PASSED] - Object 'Object Repository/PartyOnboarding/Personal/PartyRequiredDocument/Document Verified' is visible&#xD;
&#xD;
2019-08-22 09:41:57 - [MESSAGE][PASSED] - Keys 'TAB + TRUE' sent to object: 'Object Repository/PartyOnboarding/Personal/PartyRequiredDocument/Document Verified'&#xD;
&#xD;
2019-08-22 09:41:57 - [MESSAGE][PASSED] - Object 'Object Repository/PartyOnboarding/Personal/PartyRequiredDocument/Save Row' is visible&#xD;
&#xD;
2019-08-22 09:41:57 - [MESSAGE][PASSED] - Execute JavaScript 'arguments[0].click();' successfully&#xD;
&#xD;
2019-08-22 09:41:57 - [MESSAGE][PASSED] - Object 'Object Repository/PartyOnboarding/Personal/PartyRequiredDocument/New Row' is visible&#xD;
&#xD;
2019-08-22 09:41:57 - [MESSAGE][PASSED] - Execute JavaScript 'arguments[0].click();' successfully&#xD;
&#xD;
2019-08-22 09:41:57 - [MESSAGE][PASSED] - Object 'Object Repository/PartyOnboarding/Personal/PartyRequiredDocument/DocumentCategory' is visible&#xD;
&#xD;
2019-08-22 09:41:58 - [MESSAGE][PASSED] - Keys 'TAB + PT-FILING HISTORY' sent to object: 'Object Repository/PartyOnboarding/Personal/PartyRequiredDocument/DocumentCategory'&#xD;
&#xD;
2019-08-22 09:41:59 - [MESSAGE][PASSED] - Delayed 1 second(s)&#xD;
&#xD;
2019-08-22 09:41:59 - [MESSAGE][PASSED] - Object 'Object Repository/PartyOnboarding/Personal/PartyRequiredDocument/Document Type' is visible&#xD;
&#xD;
2019-08-22 09:42:00 - [MESSAGE][PASSED] - Keys 'TAB + FILING HISTORY' sent to object: 'Object Repository/PartyOnboarding/Personal/PartyRequiredDocument/Document Type'&#xD;
&#xD;
2019-08-22 09:42:01 - [MESSAGE][PASSED] - Delayed 1 second(s)&#xD;
&#xD;
2019-08-22 09:42:01 - [MESSAGE][PASSED] - Object 'Object Repository/PartyOnboarding/Personal/PartyRequiredDocument/Issuing Country' is visible&#xD;
&#xD;
2019-08-22 09:42:01 - [MESSAGE][PASSED] - Keys 'Myanmar' sent to object: 'Object Repository/PartyOnboarding/Personal/PartyRequiredDocument/Issuing Country'&#xD;
&#xD;
2019-08-22 09:42:02 - [MESSAGE][PASSED] - Delayed 1 second(s)&#xD;
&#xD;
2019-08-22 09:42:02 - [MESSAGE][PASSED] - Object 'Object Repository/PartyOnboarding/Personal/PartyRequiredDocument/Document Verified' is visible&#xD;
&#xD;
2019-08-22 09:42:03 - [MESSAGE][PASSED] - Keys 'TAB + TRUE' sent to object: 'Object Repository/PartyOnboarding/Personal/PartyRequiredDocument/Document Verified'&#xD;
&#xD;
2019-08-22 09:42:03 - [MESSAGE][PASSED] - Object 'Object Repository/PartyOnboarding/Personal/PartyRequiredDocument/Save Row' is visible&#xD;
&#xD;
2019-08-22 09:42:03 - [MESSAGE][PASSED] - Execute JavaScript 'arguments[0].click();' successfully&#xD;
&#xD;
2019-08-22 09:42:03 - [MESSAGE][PASSED] - Object 'Object Repository/PartyOnboarding/Personal/PartyRequiredDocument/New Row' is visible&#xD;
&#xD;
2019-08-22 09:42:03 - [MESSAGE][PASSED] - Execute JavaScript 'arguments[0].click();' successfully&#xD;
&#xD;
2019-08-22 09:42:03 - [MESSAGE][PASSED] - Object 'Object Repository/PartyOnboarding/Personal/PartyRequiredDocument/DocumentCategory' is visible&#xD;
&#xD;
2019-08-22 09:42:04 - [MESSAGE][PASSED] - Keys 'TAB + PT-FORM QA 22(FOREIGNER)' sent to object: 'Object Repository/PartyOnboarding/Personal/PartyRequiredDocument/DocumentCategory'&#xD;
&#xD;
2019-08-22 09:42:05 - [MESSAGE][PASSED] - Delayed 1 second(s)&#xD;
&#xD;
2019-08-22 09:42:05 - [MESSAGE][PASSED] - Object 'Object Repository/PartyOnboarding/Personal/PartyRequiredDocument/Document Type' is visible&#xD;
&#xD;
2019-08-22 09:42:06 - [MESSAGE][PASSED] - Keys 'TAB + FORM QA 22(FOREIGNER)' sent to object: 'Object Repository/PartyOnboarding/Personal/PartyRequiredDocument/Document Type'&#xD;
&#xD;
2019-08-22 09:42:07 - [MESSAGE][PASSED] - Delayed 1 second(s)&#xD;
&#xD;
2019-08-22 09:42:07 - [MESSAGE][PASSED] - Object 'Object Repository/PartyOnboarding/Personal/PartyRequiredDocument/Issuing Country' is visible&#xD;
&#xD;
2019-08-22 09:42:08 - [MESSAGE][PASSED] - Keys 'Myanmar' sent to object: 'Object Repository/PartyOnboarding/Personal/PartyRequiredDocument/Issuing Country'&#xD;
&#xD;
2019-08-22 09:42:09 - [MESSAGE][PASSED] - Delayed 1 second(s)&#xD;
&#xD;
2019-08-22 09:42:09 - [MESSAGE][PASSED] - Object 'Object Repository/PartyOnboarding/Personal/PartyRequiredDocument/Document Verified' is visible&#xD;
&#xD;
2019-08-22 09:42:09 - [MESSAGE][PASSED] - Keys 'TAB + TRUE' sent to object: 'Object Repository/PartyOnboarding/Personal/PartyRequiredDocument/Document Verified'&#xD;
&#xD;
2019-08-22 09:42:09 - [MESSAGE][PASSED] - Object 'Object Repository/PartyOnboarding/Personal/PartyRequiredDocument/Save Row' is visible&#xD;
&#xD;
2019-08-22 09:42:09 - [MESSAGE][PASSED] - Execute JavaScript 'arguments[0].click();' successfully&#xD;
&#xD;
2019-08-22 09:42:09 - [MESSAGE][PASSED] - Object 'Object Repository/PartyOnboarding/Personal/PartyRequiredDocument/New Row' is visible&#xD;
&#xD;
2019-08-22 09:42:09 - [MESSAGE][PASSED] - Execute JavaScript 'arguments[0].click();' successfully&#xD;
&#xD;
2019-08-22 09:42:09 - [MESSAGE][PASSED] - Object 'Object Repository/PartyOnboarding/Personal/PartyRequiredDocument/DocumentCategory' is visible&#xD;
&#xD;
2019-08-22 09:42:12 - [MESSAGE][PASSED] - Keys 'TAB + PT-LIST OF DIRECTORS AND MEMBER DETAILS' sent to object: 'Object Repository/PartyOnboarding/Personal/PartyRequiredDocument/DocumentCategory'&#xD;
&#xD;
2019-08-22 09:42:13 - [MESSAGE][PASSED] - Delayed 1 second(s)&#xD;
&#xD;
2019-08-22 09:42:13 - [MESSAGE][PASSED] - Object 'Object Repository/PartyOnboarding/Personal/PartyRequiredDocument/Document Type' is visible&#xD;
&#xD;
2019-08-22 09:42:14 - [MESSAGE][PASSED] - Keys 'TAB + LIST OF DIRECTORS AND MEMBER DETAILS' sent to object: 'Object Repository/PartyOnboarding/Personal/PartyRequiredDocument/Document Type'&#xD;
&#xD;
2019-08-22 09:42:15 - [MESSAGE][PASSED] - Delayed 1 second(s)&#xD;
&#xD;
2019-08-22 09:42:16 - [MESSAGE][PASSED] - Object 'Object Repository/PartyOnboarding/Personal/PartyRequiredDocument/Issuing Country' is visible&#xD;
&#xD;
2019-08-22 09:42:16 - [MESSAGE][PASSED] - Keys 'Myanmar' sent to object: 'Object Repository/PartyOnboarding/Personal/PartyRequiredDocument/Issuing Country'&#xD;
&#xD;
2019-08-22 09:42:17 - [MESSAGE][PASSED] - Delayed 1 second(s)&#xD;
&#xD;
2019-08-22 09:42:17 - [MESSAGE][PASSED] - Object 'Object Repository/PartyOnboarding/Personal/PartyRequiredDocument/Document Verified' is visible&#xD;
&#xD;
2019-08-22 09:42:17 - [MESSAGE][PASSED] - Keys 'TAB + TRUE' sent to object: 'Object Repository/PartyOnboarding/Personal/PartyRequiredDocument/Document Verified'&#xD;
&#xD;
2019-08-22 09:42:17 - [MESSAGE][PASSED] - Object 'Object Repository/PartyOnboarding/Personal/PartyRequiredDocument/Save Row' is visible&#xD;
&#xD;
2019-08-22 09:42:17 - [MESSAGE][PASSED] - Execute JavaScript 'arguments[0].click();' successfully&#xD;
&#xD;
2019-08-22 09:42:17 - [MESSAGE][PASSED] - Object 'Object Repository/PartyOnboarding/Personal/PartyRequiredDocument/New Row' is visible&#xD;
&#xD;
2019-08-22 09:42:17 - [MESSAGE][PASSED] - Execute JavaScript 'arguments[0].click();' successfully&#xD;
&#xD;
2019-08-22 09:42:17 - [MESSAGE][PASSED] - Object 'Object Repository/PartyOnboarding/Personal/PartyRequiredDocument/DocumentCategory' is visible&#xD;
&#xD;
2019-08-22 09:42:20 - [MESSAGE][PASSED] - Keys 'TAB + PT-LIST OF SHAREHOLDERS AND MEMBER DETAILS' sent to object: 'Object Repository/PartyOnboarding/Personal/PartyRequiredDocument/DocumentCategory'&#xD;
&#xD;
2019-08-22 09:42:21 - [MESSAGE][PASSED] - Delayed 1 second(s)&#xD;
&#xD;
2019-08-22 09:42:21 - [MESSAGE][PASSED] - Object 'Object Repository/PartyOnboarding/Personal/PartyRequiredDocument/Document Type' is visible&#xD;
&#xD;
2019-08-22 09:42:23 - [MESSAGE][PASSED] - Keys 'TAB + LIST OF SHAREHOLDERS AND MEMBER DETAILS' sent to object: 'Object Repository/PartyOnboarding/Personal/PartyRequiredDocument/Document Type'&#xD;
&#xD;
2019-08-22 09:42:24 - [MESSAGE][PASSED] - Delayed 1 second(s)&#xD;
&#xD;
2019-08-22 09:42:24 - [MESSAGE][PASSED] - Object 'Object Repository/PartyOnboarding/Personal/PartyRequiredDocument/Issuing Country' is visible&#xD;
&#xD;
2019-08-22 09:42:25 - [MESSAGE][PASSED] - Keys 'Myanmar' sent to object: 'Object Repository/PartyOnboarding/Personal/PartyRequiredDocument/Issuing Country'&#xD;
&#xD;
2019-08-22 09:42:26 - [MESSAGE][PASSED] - Delayed 1 second(s)&#xD;
&#xD;
2019-08-22 09:42:26 - [MESSAGE][PASSED] - Object 'Object Repository/PartyOnboarding/Personal/PartyRequiredDocument/Document Verified' is visible&#xD;
&#xD;
2019-08-22 09:42:26 - [MESSAGE][PASSED] - Keys 'TAB + TRUE' sent to object: 'Object Repository/PartyOnboarding/Personal/PartyRequiredDocument/Document Verified'&#xD;
&#xD;
2019-08-22 09:42:26 - [MESSAGE][PASSED] - Object 'Object Repository/PartyOnboarding/Personal/PartyRequiredDocument/Save Row' is visible&#xD;
&#xD;
2019-08-22 09:42:26 - [MESSAGE][PASSED] - Execute JavaScript 'arguments[0].click();' successfully&#xD;
&#xD;
2019-08-22 09:42:26 - [MESSAGE][PASSED] - Object 'Object Repository/PartyOnboarding/Personal/PartyRequiredDocument/New Row' is visible&#xD;
&#xD;
2019-08-22 09:42:26 - [MESSAGE][PASSED] - Execute JavaScript 'arguments[0].click();' successfully&#xD;
&#xD;
2019-08-22 09:42:27 - [MESSAGE][PASSED] - Object 'Object Repository/PartyOnboarding/Personal/PartyRequiredDocument/DocumentCategory' is visible&#xD;
&#xD;
2019-08-22 09:42:29 - [MESSAGE][PASSED] - Keys 'TAB + PT-NRC/PASSPORT COPY OF AUTHORIZED SIGNATORY' sent to object: 'Object Repository/PartyOnboarding/Personal/PartyRequiredDocument/DocumentCategory'&#xD;
&#xD;
2019-08-22 09:42:30 - [MESSAGE][PASSED] - Delayed 1 second(s)&#xD;
&#xD;
2019-08-22 09:42:30 - [MESSAGE][PASSED] - Object 'Object Repository/PartyOnboarding/Personal/PartyRequiredDocument/Document Type' is visible&#xD;
&#xD;
2019-08-22 09:42:32 - [MESSAGE][PASSED] - Keys 'TAB + NRC/PASSPORT COPY OF AUTHORIZED SIGNATORY' sent to object: 'Object Repository/PartyOnboarding/Personal/PartyRequiredDocument/Document Type'&#xD;
&#xD;
2019-08-22 09:42:33 - [MESSAGE][PASSED] - Delayed 1 second(s)&#xD;
&#xD;
2019-08-22 09:42:33 - [MESSAGE][PASSED] - Object 'Object Repository/PartyOnboarding/Personal/PartyRequiredDocument/Issuing Country' is visible&#xD;
&#xD;
2019-08-22 09:42:34 - [MESSAGE][PASSED] - Keys 'Myanmar' sent to object: 'Object Repository/PartyOnboarding/Personal/PartyRequiredDocument/Issuing Country'&#xD;
&#xD;
2019-08-22 09:42:35 - [MESSAGE][PASSED] - Delayed 1 second(s)&#xD;
&#xD;
2019-08-22 09:42:35 - [MESSAGE][PASSED] - Object 'Object Repository/PartyOnboarding/Personal/PartyRequiredDocument/Document Verified' is visible&#xD;
&#xD;
2019-08-22 09:42:35 - [MESSAGE][PASSED] - Keys 'TAB + TRUE' sent to object: 'Object Repository/PartyOnboarding/Personal/PartyRequiredDocument/Document Verified'&#xD;
&#xD;
2019-08-22 09:42:35 - [MESSAGE][PASSED] - Object 'Object Repository/PartyOnboarding/Personal/PartyRequiredDocument/Save Row' is visible&#xD;
&#xD;
2019-08-22 09:42:35 - [MESSAGE][PASSED] - Execute JavaScript 'arguments[0].click();' successfully&#xD;
&#xD;
2019-08-22 09:42:35 - [MESSAGE][PASSED] - Object 'Object Repository/PartyOnboarding/Personal/PartyRequiredDocument/New Row' is visible&#xD;
&#xD;
2019-08-22 09:42:35 - [MESSAGE][PASSED] - Execute JavaScript 'arguments[0].click();' successfully&#xD;
&#xD;
2019-08-22 09:42:35 - [MESSAGE][PASSED] - Object 'Object Repository/PartyOnboarding/Personal/PartyRequiredDocument/DocumentCategory' is visible&#xD;
&#xD;
2019-08-22 09:42:37 - [MESSAGE][PASSED] - Keys 'TAB + PT-NRC/PASSPORT COPY OF SHAREHOLDERS' sent to object: 'Object Repository/PartyOnboarding/Personal/PartyRequiredDocument/DocumentCategory'&#xD;
&#xD;
2019-08-22 09:42:38 - [MESSAGE][PASSED] - Delayed 1 second(s)&#xD;
&#xD;
2019-08-22 09:42:38 - [MESSAGE][PASSED] - Object 'Object Repository/PartyOnboarding/Personal/PartyRequiredDocument/Document Type' is visible&#xD;
&#xD;
2019-08-22 09:42:40 - [MESSAGE][PASSED] - Keys 'TAB + NRC/PASSPORT COPY OF SHAREHOLDERS' sent to object: 'Object Repository/PartyOnboarding/Personal/PartyRequiredDocument/Document Type'&#xD;
&#xD;
2019-08-22 09:42:41 - [MESSAGE][PASSED] - Delayed 1 second(s)&#xD;
&#xD;
2019-08-22 09:42:41 - [MESSAGE][PASSED] - Object 'Object Repository/PartyOnboarding/Personal/PartyRequiredDocument/Issuing Country' is visible&#xD;
&#xD;
2019-08-22 09:42:42 - [MESSAGE][PASSED] - Keys 'Myanmar' sent to object: 'Object Repository/PartyOnboarding/Personal/PartyRequiredDocument/Issuing Country'&#xD;
&#xD;
2019-08-22 09:42:43 - [MESSAGE][PASSED] - Delayed 1 second(s)&#xD;
&#xD;
2019-08-22 09:42:43 - [MESSAGE][PASSED] - Object 'Object Repository/PartyOnboarding/Personal/PartyRequiredDocument/Document Verified' is visible&#xD;
&#xD;
2019-08-22 09:42:43 - [MESSAGE][PASSED] - Keys 'TAB + TRUE' sent to object: 'Object Repository/PartyOnboarding/Personal/PartyRequiredDocument/Document Verified'&#xD;
&#xD;
2019-08-22 09:42:43 - [MESSAGE][PASSED] - Object 'Object Repository/PartyOnboarding/Personal/PartyRequiredDocument/Save Row' is visible&#xD;
&#xD;
2019-08-22 09:42:43 - [MESSAGE][PASSED] - Execute JavaScript 'arguments[0].click();' successfully&#xD;
&#xD;
2019-08-22 09:42:43 - [MESSAGE][PASSED] - Object 'Object Repository/PartyOnboarding/Personal/PartyRequiredDocument/New Row' is visible&#xD;
&#xD;
2019-08-22 09:42:43 - [MESSAGE][PASSED] - Execute JavaScript 'arguments[0].click();' successfully&#xD;
&#xD;
2019-08-22 09:42:43 - [MESSAGE][PASSED] - Object 'Object Repository/PartyOnboarding/Personal/PartyRequiredDocument/DocumentCategory' is visible&#xD;
&#xD;
2019-08-22 09:42:45 - [MESSAGE][PASSED] - Keys 'TAB + PT-REGISTERED COMPANY ADDRESS' sent to object: 'Object Repository/PartyOnboarding/Personal/PartyRequiredDocument/DocumentCategory'&#xD;
&#xD;
2019-08-22 09:42:46 - [MESSAGE][PASSED] - Delayed 1 second(s)&#xD;
&#xD;
2019-08-22 09:42:46 - [MESSAGE][PASSED] - Object 'Object Repository/PartyOnboarding/Personal/PartyRequiredDocument/Document Type' is visible&#xD;
&#xD;
2019-08-22 09:42:47 - [MESSAGE][PASSED] - Keys 'TAB + REGISTERED COMPANY ADDRESS' sent to object: 'Object Repository/PartyOnboarding/Personal/PartyRequiredDocument/Document Type'&#xD;
&#xD;
2019-08-22 09:42:48 - [MESSAGE][PASSED] - Delayed 1 second(s)&#xD;
&#xD;
2019-08-22 09:42:48 - [MESSAGE][PASSED] - Object 'Object Repository/PartyOnboarding/Personal/PartyRequiredDocument/Issuing Country' is visible&#xD;
&#xD;
2019-08-22 09:42:48 - [MESSAGE][PASSED] - Keys 'Myanmar' sent to object: 'Object Repository/PartyOnboarding/Personal/PartyRequiredDocument/Issuing Country'&#xD;
&#xD;
2019-08-22 09:42:49 - [MESSAGE][PASSED] - Delayed 1 second(s)&#xD;
&#xD;
2019-08-22 09:42:49 - [MESSAGE][PASSED] - Object 'Object Repository/PartyOnboarding/Personal/PartyRequiredDocument/Document Verified' is visible&#xD;
&#xD;
2019-08-22 09:42:50 - [MESSAGE][PASSED] - Keys 'TAB + TRUE' sent to object: 'Object Repository/PartyOnboarding/Personal/PartyRequiredDocument/Document Verified'&#xD;
&#xD;
2019-08-22 09:42:50 - [MESSAGE][PASSED] - Object 'Object Repository/PartyOnboarding/Personal/PartyRequiredDocument/Save Row' is visible&#xD;
&#xD;
2019-08-22 09:42:50 - [MESSAGE][PASSED] - Execute JavaScript 'arguments[0].click();' successfully&#xD;
&#xD;
2019-08-22 09:42:50 - [MESSAGE][PASSED] - Object 'Object Repository/PartyOnboarding/Personal/PartyRequiredDocument/New Row' is visible&#xD;
&#xD;
2019-08-22 09:42:50 - [MESSAGE][PASSED] - Execute JavaScript 'arguments[0].click();' successfully&#xD;
&#xD;
2019-08-22 09:42:50 - [MESSAGE][PASSED] - Object 'Object Repository/PartyOnboarding/Personal/PartyRequiredDocument/DocumentCategory' is visible&#xD;
&#xD;
2019-08-22 09:42:52 - [MESSAGE][PASSED] - Keys 'TAB + PT-VALID VISA COPY OF AUTH. SIGNATORY(FOREIGNER)' sent to object: 'Object Repository/PartyOnboarding/Personal/PartyRequiredDocument/DocumentCategory'&#xD;
&#xD;
2019-08-22 09:42:53 - [MESSAGE][PASSED] - Delayed 1 second(s)&#xD;
&#xD;
2019-08-22 09:42:53 - [MESSAGE][PASSED] - Object 'Object Repository/PartyOnboarding/Personal/PartyRequiredDocument/Document Type' is visible&#xD;
&#xD;
2019-08-22 09:42:55 - [MESSAGE][PASSED] - Keys 'TAB + VALID VISA COPY OF AUTH. SIGNATORY(FOREIGNER)' sent to object: 'Object Repository/PartyOnboarding/Personal/PartyRequiredDocument/Document Type'&#xD;
&#xD;
2019-08-22 09:42:56 - [MESSAGE][PASSED] - Delayed 1 second(s)&#xD;
&#xD;
2019-08-22 09:42:56 - [MESSAGE][PASSED] - Object 'Object Repository/PartyOnboarding/Personal/PartyRequiredDocument/Issuing Country' is visible&#xD;
&#xD;
2019-08-22 09:42:57 - [MESSAGE][PASSED] - Keys 'Myanmar' sent to object: 'Object Repository/PartyOnboarding/Personal/PartyRequiredDocument/Issuing Country'&#xD;
&#xD;
2019-08-22 09:42:58 - [MESSAGE][PASSED] - Delayed 1 second(s)&#xD;
&#xD;
2019-08-22 09:42:58 - [MESSAGE][PASSED] - Object 'Object Repository/PartyOnboarding/Personal/PartyRequiredDocument/Document Verified' is visible&#xD;
&#xD;
2019-08-22 09:42:58 - [MESSAGE][PASSED] - Keys 'TAB + TRUE' sent to object: 'Object Repository/PartyOnboarding/Personal/PartyRequiredDocument/Document Verified'&#xD;
&#xD;
2019-08-22 09:42:58 - [MESSAGE][PASSED] - Object 'Object Repository/PartyOnboarding/Personal/PartyRequiredDocument/Save Row' is visible&#xD;
&#xD;
2019-08-22 09:42:58 - [MESSAGE][PASSED] - Execute JavaScript 'arguments[0].click();' successfully&#xD;
&#xD;
2019-08-22 09:42:58 - [MESSAGE][PASSED] - Object 'Object Repository/PartyOnboarding/Personal/PartyRequiredDocument/ddl_DocumentsCollectionStatus' is visible&#xD;
&#xD;
2019-08-22 09:43:00 - [MESSAGE][PASSED] - Keys 'Documents collected and validated centrally' sent to object: 'Object Repository/PartyOnboarding/Personal/PartyRequiredDocument/ddl_DocumentsCollectionStatus'&#xD;
&#xD;
2019-08-22 09:43:00 - [TEST_STEP][PASSED] - partyOnboardingEnterprise.clickNextbutton(): Object: 'Object Repository/PartyOnboarding/btn_Next' is clicked on&#xD;
&#xD;
2019-08-22 09:43:00 - [MESSAGE][PASSED] - Object 'Object Repository/PartyOnboarding/btn_Next' is visible&#xD;
&#xD;
2019-08-22 09:43:00 - [MESSAGE][PASSED] - Object: 'Object Repository/PartyOnboarding/btn_Next' is clicked on&#xD;
&#xD;
2019-08-22 09:43:00 - [TEST_STEP][PASSED] - delay(1): Delayed 1 second(s)&#xD;
&#xD;
2019-08-22 09:43:01 - [MESSAGE][PASSED] - Delayed 1 second(s)&#xD;
&#xD;
2019-08-22 09:43:01 - [TEST_STEP][PASSED] - log.logInfo("--- " + " Click Next button ---"): ---  Click Next button ---&#xD;
&#xD;
2019-08-22 09:43:01 - [MESSAGE][INFO] - ---  Click Next button ---&#xD;
&#xD;
2019-08-22 09:43:01 - [TEST_STEP][PASSED] - partyOnboardingEnterprise.clickNextbutton(): Object: 'Object Repository/PartyOnboarding/btn_Next' is clicked on&#xD;
&#xD;
2019-08-22 09:43:01 - [MESSAGE][PASSED] - Object 'Object Repository/PartyOnboarding/btn_Next' is visible&#xD;
&#xD;
2019-08-22 09:43:01 - [MESSAGE][PASSED] - Object: 'Object Repository/PartyOnboarding/btn_Next' is clicked on&#xD;
&#xD;
2019-08-22 09:43:01 - [TEST_STEP][PASSED] - log.logInfo("--- " + " Click Next button ---"): ---  Click Next button ---&#xD;
&#xD;
2019-08-22 09:43:01 - [MESSAGE][INFO] - ---  Click Next button ---&#xD;
&#xD;
2019-08-22 09:43:01 - [TEST_STEP][PASSED] - delay(1): Delayed 1 second(s)&#xD;
&#xD;
2019-08-22 09:43:02 - [MESSAGE][PASSED] - Delayed 1 second(s)&#xD;
&#xD;
2019-08-22 09:43:02 - [TEST_STEP][PASSED] - partyOnboardingEnterprise.clickNextbutton(): Object: 'Object Repository/PartyOnboarding/btn_Next' is clicked on&#xD;
&#xD;
2019-08-22 09:43:02 - [MESSAGE][PASSED] - Object 'Object Repository/PartyOnboarding/btn_Next' is visible&#xD;
&#xD;
2019-08-22 09:43:02 - [MESSAGE][PASSED] - Object: 'Object Repository/PartyOnboarding/btn_Next' is clicked on&#xD;
&#xD;
2019-08-22 09:43:02 - [TEST_STEP][PASSED] - log.logInfo("--- " + " Click Process on Warning box ---"): ---  Click Process on Warning box ---&#xD;
&#xD;
2019-08-22 09:43:02 - [MESSAGE][INFO] - ---  Click Process on Warning box ---&#xD;
&#xD;
2019-08-22 09:43:02 - [TEST_STEP][PASSED] - partyOnboardingEnterprise.clickAskForApprovalbutton(): Object: 'Object Repository/PartyOnboarding/RequestToApproval/AskForApproval_btn' is clicked on&#xD;
&#xD;
2019-08-22 09:43:03 - [MESSAGE][PASSED] - Object 'Object Repository/PartyOnboarding/RequestToApproval/AskForApproval_btn' is visible&#xD;
&#xD;
2019-08-22 09:43:03 - [MESSAGE][PASSED] - Object: 'Object Repository/PartyOnboarding/RequestToApproval/AskForApproval_btn' is clicked on</system-out>
            <system-err></system-err>
        </testcase>
        <testcase name="Test Cases/DataPreparation/PartyOnboardingEnterprise" classname="Test Cases/DataPreparation/PartyOnboardingEnterprise" status="PASSED">
            <system-out>2019-08-22 09:43:03 - [TEST_CASE][PASSED] - Test Cases/DataPreparation/PartyOnboardingEnterprise: Test Cases/DataPreparation/PartyOnboardingEnterprise&#xD;
&#xD;
2019-08-22 09:43:03 - [TEST_STEP][PASSED] - Start listener action : sampleBeforeTestCase: null&#xD;
&#xD;
2019-08-22 09:43:03 - [TEST_STEP][PASSED] - testCaseID = testCaseContext.getTestCaseId(): null&#xD;
&#xD;
2019-08-22 09:43:03 - [TEST_STEP][PASSED] - log = new com.kms.katalon.core.util.KeywordUtil(): null&#xD;
&#xD;
2019-08-22 09:43:03 - [TEST_STEP][PASSED] - partyOnboardingEnterprise = new pageObjects.PartyOnboarding(): null&#xD;
&#xD;
2019-08-22 09:43:03 - [TEST_STEP][PASSED] - delay(3): Delayed 3 second(s)&#xD;
&#xD;
2019-08-22 09:43:06 - [MESSAGE][PASSED] - Delayed 3 second(s)&#xD;
&#xD;
2019-08-22 09:43:06 - [TEST_STEP][PASSED] - log.logInfo("--- Open Party Onboarding in Menu Search ---"): --- Open Party Onboarding in Menu Search ---&#xD;
&#xD;
2019-08-22 09:43:06 - [MESSAGE][INFO] - --- Open Party Onboarding in Menu Search ---&#xD;
&#xD;
2019-08-22 09:43:06 - [TEST_STEP][PASSED] - partyOnboardingEnterprise.inputPartyOnboardingMenuSearch(): Object 'menuSearch_txt' is present&#xD;
&#xD;
2019-08-22 09:43:06 - [MESSAGE][PASSED] - Object 'Object Repository/Menu_Search' is visible&#xD;
&#xD;
2019-08-22 09:43:07 - [MESSAGE][PASSED] - Keys 'ENTER + Party Onboarding' sent to object: 'Object Repository/Menu_Search'&#xD;
&#xD;
2019-08-22 09:43:07 - [MESSAGE][PASSED] - Object 'menuSearch_txt' is present&#xD;
&#xD;
2019-08-22 09:43:07 - [TEST_STEP][PASSED] - log.logInfo("/---------------Party Onboarding---------------/"): /---------------Party Onboarding---------------/&#xD;
&#xD;
2019-08-22 09:43:07 - [MESSAGE][INFO] - /---------------Party Onboarding---------------/&#xD;
&#xD;
2019-08-22 09:43:07 - [TEST_STEP][PASSED] - log.logInfo("--- Input Local Global ---"): --- Input Local Global ---&#xD;
&#xD;
2019-08-22 09:43:07 - [MESSAGE][INFO] - --- Input Local Global ---&#xD;
&#xD;
2019-08-22 09:43:07 - [TEST_STEP][PASSED] - partyOnboardingEnterprise.inputLocalGlobal(s01_localglobal): Keys 'Local Private' sent to object: 'Object Repository/PartyOnboarding/PartyOnboarding/Local Global'&#xD;
&#xD;
2019-08-22 09:43:08 - [MESSAGE][PASSED] - Text of object 'Object Repository/PartyOnboarding/PartyOnboarding/Local Global' is cleared&#xD;
&#xD;
2019-08-22 09:43:08 - [MESSAGE][PASSED] - Object 'Object Repository/PartyOnboarding/PartyOnboarding/Local Global' is visible&#xD;
&#xD;
2019-08-22 09:43:08 - [MESSAGE][PASSED] - Object 'Object Repository/PartyOnboarding/PartyOnboarding/Local Global' is visible&#xD;
&#xD;
2019-08-22 09:43:08 - [MESSAGE][PASSED] - Keys 'Local Private' sent to object: 'Object Repository/PartyOnboarding/PartyOnboarding/Local Global'&#xD;
&#xD;
2019-08-22 09:43:08 - [TEST_STEP][PASSED] - log.logInfo("--- Input Party Type ---"): --- Input Party Type ---&#xD;
&#xD;
2019-08-22 09:43:08 - [MESSAGE][INFO] - --- Input Party Type ---&#xD;
&#xD;
2019-08-22 09:43:08 - [TEST_STEP][PASSED] - partyOnboardingEnterprise.inputPartyType(s01_partytype): Keys 'TAB + Enterprise' sent to object: 'Object Repository/PartyOnboarding/PartyOnboarding/Party Type'&#xD;
&#xD;
2019-08-22 09:43:08 - [MESSAGE][PASSED] - Object 'Object Repository/PartyOnboarding/PartyOnboarding/Party Type' is visible&#xD;
&#xD;
2019-08-22 09:43:08 - [MESSAGE][PASSED] - Keys 'TAB + Enterprise' sent to object: 'Object Repository/PartyOnboarding/PartyOnboarding/Party Type'&#xD;
&#xD;
2019-08-22 09:43:08 - [TEST_STEP][PASSED] - log.logInfo("--- Input Party Sub Type ---"): --- Input Party Sub Type ---&#xD;
&#xD;
2019-08-22 09:43:08 - [MESSAGE][INFO] - --- Input Party Sub Type ---&#xD;
&#xD;
2019-08-22 09:43:08 - [TEST_STEP][PASSED] - partyOnboardingEnterprise.inputPartySubType(s01_partysubtype): Keys 'PRIVATE/PUBLIC/PUBLIC LISTED COMPANY (MYANMAR)' sent to object: 'Object Repository/PartyOnboarding/PartyOnboarding/Party Sub-Type'&#xD;
&#xD;
2019-08-22 09:43:09 - [MESSAGE][PASSED] - Delayed 1 second(s)&#xD;
&#xD;
2019-08-22 09:43:09 - [MESSAGE][PASSED] - Object 'Object Repository/PartyOnboarding/PartyOnboarding/Party Type' is visible&#xD;
&#xD;
2019-08-22 09:43:11 - [MESSAGE][PASSED] - Keys 'PRIVATE/PUBLIC/PUBLIC LISTED COMPANY (MYANMAR)' sent to object: 'Object Repository/PartyOnboarding/PartyOnboarding/Party Sub-Type'&#xD;
&#xD;
2019-08-22 09:43:11 - [TEST_STEP][PASSED] - log.logInfo("--- Input Party Category ---"): --- Input Party Category ---&#xD;
&#xD;
2019-08-22 09:43:11 - [MESSAGE][INFO] - --- Input Party Category ---&#xD;
&#xD;
2019-08-22 09:43:11 - [TEST_STEP][PASSED] - partyOnboardingEnterprise.inputPartyCategory(s01_partycategory): Keys 'Full' sent to object: 'Object Repository/PartyOnboarding/PartyOnboarding/Party Category'&#xD;
&#xD;
2019-08-22 09:43:11 - [MESSAGE][PASSED] - Object 'Object Repository/PartyOnboarding/PartyOnboarding/Party Category' is visible&#xD;
&#xD;
2019-08-22 09:43:11 - [MESSAGE][PASSED] - Keys 'Full' sent to object: 'Object Repository/PartyOnboarding/PartyOnboarding/Party Category'&#xD;
&#xD;
2019-08-22 09:43:11 - [TEST_STEP][PASSED] - log.logInfo("--- Check Line of Business ---"): --- Check Line of Business ---&#xD;
&#xD;
2019-08-22 09:43:11 - [MESSAGE][INFO] - --- Check Line of Business ---&#xD;
&#xD;
2019-08-22 09:43:11 - [TEST_STEP][PASSED] - partyOnboardingEnterprise.clickLineofBusiness(s01_lineofbusiness, findTestObject("PartyOnboarding/PartyOnboarding/div_Core Banking")): Object 'Object Repository/PartyOnboarding/PartyOnboarding/LineofBusiness_List' is checked&#xD;
&#xD;
2019-08-22 09:43:11 - [MESSAGE][PASSED] - Object 'Object Repository/PartyOnboarding/PartyOnboarding/div_Core Banking' is visible&#xD;
&#xD;
2019-08-22 09:43:11 - [MESSAGE][PASSED] - Attribute 'aria-checked' of object 'Object Repository/PartyOnboarding/PartyOnboarding/div_Core Banking' is: 'true'&#xD;
&#xD;
2019-08-22 09:43:11 - [MESSAGE][PASSED] - Object 'Object Repository/PartyOnboarding/PartyOnboarding/chk_SelectAllLineOfBusiness' is visible&#xD;
&#xD;
2019-08-22 09:43:11 - [MESSAGE][PASSED] - Attribute 'aria-checked' of object 'Object Repository/PartyOnboarding/PartyOnboarding/chk_SelectAllLineOfBusiness' is: 'true'&#xD;
&#xD;
2019-08-22 09:43:11 - [MESSAGE][PASSED] - Object 'Object Repository/PartyOnboarding/PartyOnboarding/LineofBusiness_List' is visible&#xD;
&#xD;
2019-08-22 09:43:11 - [MESSAGE][PASSED] - Attribute 'aria-checked' of object 'Object Repository/PartyOnboarding/PartyOnboarding/LineofBusiness_List' is: 'true'&#xD;
&#xD;
2019-08-22 09:43:11 - [MESSAGE][PASSED] - Object 'Object Repository/PartyOnboarding/PartyOnboarding/LineofBusiness_List' is visible&#xD;
&#xD;
2019-08-22 09:43:11 - [MESSAGE][PASSED] - Attribute 'aria-checked' of object 'Object Repository/PartyOnboarding/PartyOnboarding/LineofBusiness_List' is: 'true'&#xD;
&#xD;
2019-08-22 09:43:11 - [MESSAGE][PASSED] - Object 'Object Repository/PartyOnboarding/PartyOnboarding/chk_SelectAllLineOfBusiness' is visible&#xD;
&#xD;
2019-08-22 09:43:11 - [MESSAGE][PASSED] - Attribute 'aria-checked' of object 'Object Repository/PartyOnboarding/PartyOnboarding/chk_SelectAllLineOfBusiness' is: 'true'&#xD;
&#xD;
2019-08-22 09:43:11 - [MESSAGE][PASSED] - Object 'Object Repository/PartyOnboarding/PartyOnboarding/chk_SelectAllLineOfBusiness' is checked&#xD;
&#xD;
2019-08-22 09:43:11 - [MESSAGE][PASSED] - Object 'Object Repository/PartyOnboarding/PartyOnboarding/div_Core Banking' is visible&#xD;
&#xD;
2019-08-22 09:43:11 - [MESSAGE][PASSED] - Attribute 'aria-checked' of object 'Object Repository/PartyOnboarding/PartyOnboarding/div_Core Banking' is: 'false'&#xD;
&#xD;
2019-08-22 09:43:11 - [MESSAGE][PASSED] - Object 'Object Repository/PartyOnboarding/PartyOnboarding/div_Core Banking' is checked&#xD;
&#xD;
2019-08-22 09:43:12 - [MESSAGE][PASSED] - Object 'Object Repository/PartyOnboarding/PartyOnboarding/LineofBusiness_List' is visible&#xD;
&#xD;
2019-08-22 09:43:12 - [MESSAGE][PASSED] - Attribute 'aria-checked' of object 'Object Repository/PartyOnboarding/PartyOnboarding/LineofBusiness_List' is: 'false'&#xD;
&#xD;
2019-08-22 09:43:12 - [MESSAGE][PASSED] - Object 'Object Repository/PartyOnboarding/PartyOnboarding/LineofBusiness_List' is checked&#xD;
&#xD;
2019-08-22 09:43:12 - [TEST_STEP][PASSED] - log.logInfo("--- Click Next to Party Check List  ---"): --- Click Next to Party Check List  ---&#xD;
&#xD;
2019-08-22 09:43:12 - [MESSAGE][INFO] - --- Click Next to Party Check List  ---&#xD;
&#xD;
2019-08-22 09:43:12 - [TEST_STEP][PASSED] - partyOnboardingEnterprise.clickNextbutton(): Object: 'Object Repository/PartyOnboarding/btn_Next' is clicked on&#xD;
&#xD;
2019-08-22 09:43:12 - [MESSAGE][PASSED] - Object 'Object Repository/PartyOnboarding/btn_Next' is visible&#xD;
&#xD;
2019-08-22 09:43:12 - [MESSAGE][PASSED] - Object: 'Object Repository/PartyOnboarding/btn_Next' is clicked on&#xD;
&#xD;
2019-08-22 09:43:12 - [TEST_STEP][PASSED] - delay(1): Delayed 1 second(s)&#xD;
&#xD;
2019-08-22 09:43:13 - [MESSAGE][PASSED] - Delayed 1 second(s)&#xD;
&#xD;
2019-08-22 09:43:13 - [TEST_STEP][PASSED] - partyOnboardingEnterprise.clickNextbutton(): Object: 'Object Repository/PartyOnboarding/btn_Next' is clicked on&#xD;
&#xD;
2019-08-22 09:43:13 - [MESSAGE][PASSED] - Object 'Object Repository/PartyOnboarding/btn_Next' is visible&#xD;
&#xD;
2019-08-22 09:43:13 - [MESSAGE][PASSED] - Object: 'Object Repository/PartyOnboarding/btn_Next' is clicked on&#xD;
&#xD;
2019-08-22 09:43:13 - [TEST_STEP][PASSED] - log.logInfo("/---------------Pre-Existence Check---------------/"): /---------------Pre-Existence Check---------------/&#xD;
&#xD;
2019-08-22 09:43:13 - [MESSAGE][INFO] - /---------------Pre-Existence Check---------------/&#xD;
&#xD;
2019-08-22 09:43:13 - [TEST_STEP][PASSED] - partyOnboardingEnterprise.inputEnterpriseName(s02_enterpriseName): Keys 'Enterprise 0000004' sent to object: 'Object Repository/PartyOnboarding/Enterprise/PreExistenceCheck/txt_EnterpriseName'&#xD;
&#xD;
2019-08-22 09:43:13 - [MESSAGE][PASSED] - Object 'Object Repository/PartyOnboarding/Enterprise/PreExistenceCheck/txt_EnterpriseName' is visible&#xD;
&#xD;
2019-08-22 09:43:14 - [MESSAGE][PASSED] - Keys 'Enterprise 0000004' sent to object: 'Object Repository/PartyOnboarding/Enterprise/PreExistenceCheck/txt_EnterpriseName'&#xD;
&#xD;
2019-08-22 09:43:14 - [TEST_STEP][PASSED] - partyOnboardingEnterprise.inputRegistration(): Keys 'ebsA0pmo' sent to object: 'Object Repository/PartyOnboarding/Enterprise/PreExistenceCheck/txt_Registration'&#xD;
&#xD;
2019-08-22 09:43:14 - [MESSAGE][PASSED] - Object 'Object Repository/PartyOnboarding/Enterprise/PreExistenceCheck/txt_Registration' is visible&#xD;
&#xD;
2019-08-22 09:43:14 - [MESSAGE][PASSED] - Keys 'ebsA0pmo' sent to object: 'Object Repository/PartyOnboarding/Enterprise/PreExistenceCheck/txt_Registration'&#xD;
&#xD;
2019-08-22 09:43:14 - [TEST_STEP][PASSED] - partyOnboardingEnterprise.clickNextbutton(): Object: 'Object Repository/PartyOnboarding/btn_Next' is clicked on&#xD;
&#xD;
2019-08-22 09:43:14 - [MESSAGE][PASSED] - Object 'Object Repository/PartyOnboarding/btn_Next' is visible&#xD;
&#xD;
2019-08-22 09:43:14 - [MESSAGE][PASSED] - Object: 'Object Repository/PartyOnboarding/btn_Next' is clicked on&#xD;
&#xD;
2019-08-22 09:43:14 - [TEST_STEP][PASSED] - log.logInfo("/--------------- Party Onboarding---------------/"): /--------------- Party Onboarding---------------/&#xD;
&#xD;
2019-08-22 09:43:14 - [MESSAGE][INFO] - /--------------- Party Onboarding---------------/&#xD;
&#xD;
2019-08-22 09:43:14 - [TEST_STEP][PASSED] - partyOnboardingEnterprise.inputPartyId(): Web element with id: 'Object Repository/PartyOnboarding/Personal/PersonalParty/Message/pop_ErrorDuplicatePartyID' located by 'By.xpath: //textarea[@name='03messages']' not found&#xD;
&#xD;
2019-08-22 09:43:15 - [MESSAGE][PASSED] - Object 'Object Repository/PartyOnboarding/Personal/PersonalParty/txt_PartyID' is visible&#xD;
&#xD;
2019-08-22 09:43:15 - [MESSAGE][PASSED] - Object 'Object Repository/PartyOnboarding/Personal/PersonalParty/txt_PartyID' is visible&#xD;
&#xD;
2019-08-22 09:43:16 - [MESSAGE][PASSED] - Keys 'TAB + QtphKbtQ' sent to object: 'Object Repository/PartyOnboarding/Personal/PersonalParty/txt_PartyID'&#xD;
&#xD;
2019-08-22 09:43:47 - [MESSAGE][INFO] - Unable to find the element located by 'By.xpath: //textarea[@name='03messages']'. Please recheck the objects properties to make sure the desired element is located. &#xD;
&#xD;
2019-08-22 09:43:47 - [MESSAGE][WARNING] - Web element with id: 'Object Repository/PartyOnboarding/Personal/PersonalParty/Message/pop_ErrorDuplicatePartyID' located by 'By.xpath: //textarea[@name='03messages']' not found&#xD;
&#xD;
2019-08-22 09:43:47 - [TEST_STEP][PASSED] - partyOnboardingEnterprise.inputShortNameEnterprise(s03_shortName): Keys 'TAB + Enterprise' sent to object: 'Object Repository/PartyOnboarding/Enterprise/EnterpriseParty/Short Name_txt'&#xD;
&#xD;
2019-08-22 09:43:47 - [MESSAGE][PASSED] - Object 'Object Repository/PartyOnboarding/Enterprise/EnterpriseParty/Short Name_txt' is visible&#xD;
&#xD;
2019-08-22 09:43:47 - [MESSAGE][PASSED] - Keys 'TAB + Enterprise' sent to object: 'Object Repository/PartyOnboarding/Enterprise/EnterpriseParty/Short Name_txt'&#xD;
&#xD;
2019-08-22 09:43:47 - [TEST_STEP][PASSED] - partyOnboardingEnterprise.clickNextbutton(): Object: 'Object Repository/PartyOnboarding/btn_Next' is clicked on&#xD;
&#xD;
2019-08-22 09:43:47 - [MESSAGE][PASSED] - Object 'Object Repository/PartyOnboarding/btn_Next' is visible&#xD;
&#xD;
2019-08-22 09:43:47 - [MESSAGE][PASSED] - Object: 'Object Repository/PartyOnboarding/btn_Next' is clicked on&#xD;
&#xD;
2019-08-22 09:43:47 - [TEST_STEP][PASSED] - partyOnboardingEnterprise.clickProcessInWarningBox(): Object: 'Object Repository/PartyOnboarding/Personal/PersonalParty/btn_Warnings_Proceed_NotCapture' is clicked on&#xD;
&#xD;
2019-08-22 09:43:48 - [MESSAGE][PASSED] - Object 'Object Repository/PartyOnboarding/Personal/PersonalParty/btn_Warnings_Proceed_NotCapture' is visible&#xD;
&#xD;
2019-08-22 09:43:48 - [MESSAGE][PASSED] - Object: 'Object Repository/PartyOnboarding/Personal/PersonalParty/btn_Warnings_Proceed_NotCapture' is clicked on&#xD;
&#xD;
2019-08-22 09:43:48 - [TEST_STEP][PASSED] - log.logInfo("/--------------- Party Onboarding - Address---------------/"): /--------------- Party Onboarding - Address---------------/&#xD;
&#xD;
2019-08-22 09:43:48 - [MESSAGE][INFO] - /--------------- Party Onboarding - Address---------------/&#xD;
&#xD;
2019-08-22 09:43:48 - [TEST_STEP][PASSED] - partyOnboardingEnterprise.inputRDataForAddressParty(s04_addressType, s04_userForCommunication, s04_validFrom): Execute JavaScript 'arguments[0].click();' successfully&#xD;
&#xD;
2019-08-22 09:43:49 - [MESSAGE][PASSED] - Object 'Object Repository/PartyOnboarding/Personal/PartyAddress/button_New Row_PartyAddress' is visible&#xD;
&#xD;
2019-08-22 09:43:49 - [MESSAGE][PASSED] - Execute JavaScript 'arguments[0].click();' successfully&#xD;
&#xD;
2019-08-22 09:43:49 - [MESSAGE][PASSED] - Object 'Object Repository/PartyOnboarding/Personal/PartyAddress/Address Type' is visible&#xD;
&#xD;
2019-08-22 09:43:50 - [MESSAGE][PASSED] - Keys 'TAB + Home Address' sent to object: 'Object Repository/PartyOnboarding/Personal/PartyAddress/Address Type'&#xD;
&#xD;
2019-08-22 09:43:50 - [MESSAGE][PASSED] - Object 'Object Repository/PartyOnboarding/Personal/PartyAddress/Valid From' is visible&#xD;
&#xD;
2019-08-22 09:43:50 - [MESSAGE][PASSED] - Text of object 'Object Repository/PartyOnboarding/Personal/PartyAddress/Valid From' is cleared&#xD;
&#xD;
2019-08-22 09:43:50 - [MESSAGE][PASSED] - Object 'Object Repository/PartyOnboarding/Personal/PartyAddress/Valid From' is visible&#xD;
&#xD;
2019-08-22 09:43:50 - [MESSAGE][PASSED] - Keys '2018-01-14' sent to object: 'Object Repository/PartyOnboarding/Personal/PartyAddress/Valid From'&#xD;
&#xD;
2019-08-22 09:43:50 - [MESSAGE][PASSED] - Object 'Object Repository/PartyOnboarding/Personal/PartyAddress/chk_Use  for Communication' is present&#xD;
&#xD;
2019-08-22 09:43:50 - [MESSAGE][PASSED] - Attribute 'aria-checked' of object 'Object Repository/PartyOnboarding/Personal/PartyAddress/chk_Use  for Communication' is: 'false'&#xD;
&#xD;
2019-08-22 09:43:50 - [MESSAGE][PASSED] - Object 'Object Repository/PartyOnboarding/Personal/PartyAddress/chk_Use  for Communication' is checked&#xD;
&#xD;
2019-08-22 09:43:51 - [MESSAGE][PASSED] - Object 'Object Repository/PartyOnboarding/Personal/PartyAddress/SaveRow' is visible&#xD;
&#xD;
2019-08-22 09:43:51 - [MESSAGE][PASSED] - Execute JavaScript 'arguments[0].click();' successfully&#xD;
&#xD;
2019-08-22 09:43:51 - [MESSAGE][PASSED] - Object 'Object Repository/PartyOnboarding/Personal/PartyAddress/button_New Row_PartyAddress' is visible&#xD;
&#xD;
2019-08-22 09:43:51 - [MESSAGE][PASSED] - Execute JavaScript 'arguments[0].click();' successfully&#xD;
&#xD;
2019-08-22 09:43:51 - [MESSAGE][PASSED] - Object 'Object Repository/PartyOnboarding/Personal/PartyAddress/Address Type' is visible&#xD;
&#xD;
2019-08-22 09:43:51 - [MESSAGE][PASSED] - Keys 'TAB + Current Address' sent to object: 'Object Repository/PartyOnboarding/Personal/PartyAddress/Address Type'&#xD;
&#xD;
2019-08-22 09:43:51 - [MESSAGE][PASSED] - Object 'Object Repository/PartyOnboarding/Personal/PartyAddress/Valid From' is visible&#xD;
&#xD;
2019-08-22 09:43:51 - [MESSAGE][PASSED] - Text of object 'Object Repository/PartyOnboarding/Personal/PartyAddress/Valid From' is cleared&#xD;
&#xD;
2019-08-22 09:43:51 - [MESSAGE][PASSED] - Object 'Object Repository/PartyOnboarding/Personal/PartyAddress/Valid From' is visible&#xD;
&#xD;
2019-08-22 09:43:52 - [MESSAGE][PASSED] - Keys '2018-01-17' sent to object: 'Object Repository/PartyOnboarding/Personal/PartyAddress/Valid From'&#xD;
&#xD;
2019-08-22 09:43:52 - [MESSAGE][PASSED] - Object 'Object Repository/PartyOnboarding/Personal/PartyAddress/SaveRow' is visible&#xD;
&#xD;
2019-08-22 09:43:52 - [MESSAGE][PASSED] - Execute JavaScript 'arguments[0].click();' successfully&#xD;
&#xD;
2019-08-22 09:43:52 - [MESSAGE][PASSED] - Object 'Object Repository/PartyOnboarding/Personal/PartyAddress/button_New Row_PartyAddress' is visible&#xD;
&#xD;
2019-08-22 09:43:52 - [MESSAGE][PASSED] - Execute JavaScript 'arguments[0].click();' successfully&#xD;
&#xD;
2019-08-22 09:43:52 - [MESSAGE][PASSED] - Object 'Object Repository/PartyOnboarding/Personal/PartyAddress/Address Type' is visible&#xD;
&#xD;
2019-08-22 09:43:53 - [MESSAGE][PASSED] - Keys 'TAB + Office Address' sent to object: 'Object Repository/PartyOnboarding/Personal/PartyAddress/Address Type'&#xD;
&#xD;
2019-08-22 09:43:53 - [MESSAGE][PASSED] - Object 'Object Repository/PartyOnboarding/Personal/PartyAddress/Valid From' is visible&#xD;
&#xD;
2019-08-22 09:43:53 - [MESSAGE][PASSED] - Text of object 'Object Repository/PartyOnboarding/Personal/PartyAddress/Valid From' is cleared&#xD;
&#xD;
2019-08-22 09:43:53 - [MESSAGE][PASSED] - Object 'Object Repository/PartyOnboarding/Personal/PartyAddress/Valid From' is visible&#xD;
&#xD;
2019-08-22 09:43:53 - [MESSAGE][PASSED] - Keys '2017-01-17' sent to object: 'Object Repository/PartyOnboarding/Personal/PartyAddress/Valid From'&#xD;
&#xD;
2019-08-22 09:43:53 - [MESSAGE][PASSED] - Object 'Object Repository/PartyOnboarding/Personal/PartyAddress/SaveRow' is visible&#xD;
&#xD;
2019-08-22 09:43:53 - [MESSAGE][PASSED] - Execute JavaScript 'arguments[0].click();' successfully&#xD;
&#xD;
2019-08-22 09:43:53 - [TEST_STEP][PASSED] - partyOnboardingEnterprise.clickNextbutton(): Object: 'Object Repository/PartyOnboarding/btn_Next' is clicked on&#xD;
&#xD;
2019-08-22 09:43:53 - [MESSAGE][PASSED] - Object 'Object Repository/PartyOnboarding/btn_Next' is visible&#xD;
&#xD;
2019-08-22 09:43:53 - [MESSAGE][PASSED] - Object: 'Object Repository/PartyOnboarding/btn_Next' is clicked on&#xD;
&#xD;
2019-08-22 09:43:53 - [TEST_STEP][PASSED] - partyOnboardingEnterprise.inputDataForPartyContacts(s05_contactMethod, s05_contactTypeLocation, s05_contactCountryCode, s05_contactAreaCode, s05_contactNumber, s05_contactEmail, s05_confirmEmail, s05_validFrom): Execute JavaScript 'arguments[0].click();' successfully&#xD;
&#xD;
2019-08-22 09:43:54 - [MESSAGE][PASSED] - Object 'Object Repository/PartyOnboarding/Personal/PartyContacts/New Row' is visible&#xD;
&#xD;
2019-08-22 09:43:54 - [MESSAGE][PASSED] - Execute JavaScript 'arguments[0].click();' successfully&#xD;
&#xD;
2019-08-22 09:43:55 - [MESSAGE][PASSED] - Delayed 1 second(s)&#xD;
&#xD;
2019-08-22 09:43:55 - [MESSAGE][PASSED] - Object 'Object Repository/PartyOnboarding/Personal/PartyContacts/Contact Method' is visible&#xD;
&#xD;
2019-08-22 09:43:55 - [MESSAGE][PASSED] - Keys 'TAB + Telephone' sent to object: 'Object Repository/PartyOnboarding/Personal/PartyContacts/Contact Method'&#xD;
&#xD;
2019-08-22 09:43:56 - [MESSAGE][PASSED] - Delayed 1 second(s)&#xD;
&#xD;
2019-08-22 09:43:57 - [MESSAGE][PASSED] - Object 'Object Repository/PartyOnboarding/Personal/PartyContacts/Contact Type  Location' is visible&#xD;
&#xD;
2019-08-22 09:43:57 - [MESSAGE][PASSED] - Keys 'TAB + Personal' sent to object: 'Object Repository/PartyOnboarding/Personal/PartyContacts/Contact Type  Location'&#xD;
&#xD;
2019-08-22 09:43:57 - [MESSAGE][PASSED] - Object 'Object Repository/PartyOnboarding/Personal/PartyContacts/Contact Email' is visible&#xD;
&#xD;
2019-08-22 09:43:57 - [MESSAGE][PASSED] - Object 'Object Repository/PartyOnboarding/Personal/PartyContacts/Contact Email' has attribute 'readonly'&#xD;
&#xD;
2019-08-22 09:43:57 - [MESSAGE][PASSED] - Object 'Object Repository/PartyOnboarding/Personal/PartyContacts/Contact Number_03_Code' is visible&#xD;
&#xD;
2019-08-22 09:43:57 - [MESSAGE][PASSED] - Text of object 'Object Repository/PartyOnboarding/Personal/PartyContacts/Contact Number_03_Code' is cleared&#xD;
&#xD;
2019-08-22 09:43:57 - [MESSAGE][PASSED] - Object 'Object Repository/PartyOnboarding/Personal/PartyContacts/Contact Number_03_Code' is visible&#xD;
&#xD;
2019-08-22 09:43:57 - [MESSAGE][PASSED] - Keys '+95' sent to object: 'Object Repository/PartyOnboarding/Personal/PartyContacts/Contact Number_03_Code'&#xD;
&#xD;
2019-08-22 09:43:57 - [MESSAGE][PASSED] - Object 'Object Repository/PartyOnboarding/Personal/PartyContacts/Contact Number_AreaCode' is visible&#xD;
&#xD;
2019-08-22 09:43:57 - [MESSAGE][PASSED] - Keys '' sent to object: 'Object Repository/PartyOnboarding/Personal/PartyContacts/Contact Number_AreaCode'&#xD;
&#xD;
2019-08-22 09:43:57 - [MESSAGE][PASSED] - Object 'Object Repository/PartyOnboarding/Personal/PartyContacts/Contact Number_Number' is visible&#xD;
&#xD;
2019-08-22 09:43:58 - [MESSAGE][PASSED] - Keys '9697989904' sent to object: 'Object Repository/PartyOnboarding/Personal/PartyContacts/Contact Number_Number'&#xD;
&#xD;
2019-08-22 09:43:58 - [MESSAGE][PASSED] - Object 'Object Repository/PartyOnboarding/Personal/PartyContacts/Contact Number_03_Code' is visible&#xD;
&#xD;
2019-08-22 09:43:58 - [MESSAGE][WARNING] - Object 'Object Repository/PartyOnboarding/Personal/PartyContacts/Contact Number_03_Code' does not have attribute 'readonly' (Root cause: com.kms.katalon.core.exception.StepFailedException: Object 'Object Repository/PartyOnboarding/Personal/PartyContacts/Contact Number_03_Code' does not have attribute 'readonly'&#xD;
	at com.kms.katalon.core.webui.keyword.internal.WebUIKeywordMain.stepFailed(WebUIKeywordMain.groovy:64)&#xD;
	at com.kms.katalon.core.webui.keyword.builtin.VerifyElementHasAttributeKeyword$_verifyElementHasAttribute_closure1.doCall(VerifyElementHasAttributeKeyword.groovy:89)&#xD;
	at com.kms.katalon.core.webui.keyword.builtin.VerifyElementHasAttributeKeyword$_verifyElementHasAttribute_closure1.call(VerifyElementHasAttributeKeyword.groovy)&#xD;
	at com.kms.katalon.core.webui.keyword.internal.WebUIKeywordMain.runKeyword(WebUIKeywordMain.groovy:20)&#xD;
	at com.kms.katalon.core.webui.keyword.builtin.VerifyElementHasAttributeKeyword.verifyElementHasAttribute(VerifyElementHasAttributeKeyword.groovy:100)&#xD;
	at com.kms.katalon.core.webui.keyword.builtin.VerifyElementHasAttributeKeyword.execute(VerifyElementHasAttributeKeyword.groovy:69)&#xD;
	at com.kms.katalon.core.keyword.internal.KeywordExecutor.executeKeywordForPlatform(KeywordExecutor.groovy:56)&#xD;
	at com.kms.katalon.core.webui.keyword.WebUiBuiltInKeywords.verifyElementHasAttribute(WebUiBuiltInKeywords.groovy:3166)&#xD;
	at com.kms.katalon.core.webui.keyword.WebUiBuiltInKeywords$verifyElementHasAttribute$11.call(Unknown Source)&#xD;
	at pageObjects.PartyOnboarding.inputDataForPartyContacts(PartyOnboarding.groovy:736)&#xD;
	at PartyOnboardingEnterprise.run(PartyOnboardingEnterprise:61)&#xD;
	at com.kms.katalon.core.main.ScriptEngine.run(ScriptEngine.java:194)&#xD;
	at com.kms.katalon.core.main.ScriptEngine.runScriptAsRawText(ScriptEngine.java:119)&#xD;
	at com.kms.katalon.core.main.TestCaseExecutor.runScript(TestCaseExecutor.java:337)&#xD;
	at com.kms.katalon.core.main.TestCaseExecutor.doExecute(TestCaseExecutor.java:328)&#xD;
	at com.kms.katalon.core.main.TestCaseExecutor.processExecutionPhase(TestCaseExecutor.java:307)&#xD;
	at com.kms.katalon.core.main.TestCaseExecutor.accessMainPhase(TestCaseExecutor.java:299)&#xD;
	at com.kms.katalon.core.main.TestCaseExecutor.execute(TestCaseExecutor.java:233)&#xD;
	at com.kms.katalon.core.main.TestSuiteExecutor.accessTestCaseMainPhase(TestSuiteExecutor.java:133)&#xD;
	at com.kms.katalon.core.main.TestSuiteExecutor.accessTestSuiteMainPhase(TestSuiteExecutor.java:116)&#xD;
	at com.kms.katalon.core.main.TestSuiteExecutor.execute(TestSuiteExecutor.java:83)&#xD;
	at com.kms.katalon.core.main.TestCaseMain.startTestSuite(TestCaseMain.java:157)&#xD;
	at com.kms.katalon.core.main.TestCaseMain$startTestSuite$0.call(Unknown Source)&#xD;
	at TempTestSuite1566441935163.run(TempTestSuite1566441935163.groovy:35)&#xD;
)&#xD;
[[ATTACHMENT|C:\\ML\\JITS\\AYA\\Automation\\FBE\\FBE\\Reports\\DataPreparation\\PartyOnboardingPersonal\\20190822_091535\\1566443638221.png]]&#xD;
&#xD;
2019-08-22 09:43:58 - [MESSAGE][PASSED] - Object 'Object Repository/PartyOnboarding/Personal/PartyContacts/Valid From' is visible&#xD;
&#xD;
2019-08-22 09:43:58 - [MESSAGE][PASSED] - Text of object 'Object Repository/PartyOnboarding/Personal/PartyContacts/Valid From' is cleared&#xD;
&#xD;
2019-08-22 09:43:58 - [MESSAGE][PASSED] - Object 'Object Repository/PartyOnboarding/Personal/PartyContacts/Valid From' is visible&#xD;
&#xD;
2019-08-22 09:43:59 - [MESSAGE][PASSED] - Keys '2018-12-20' sent to object: 'Object Repository/PartyOnboarding/Personal/PartyContacts/Valid From'&#xD;
&#xD;
2019-08-22 09:43:59 - [MESSAGE][PASSED] - Object 'Object Repository/PartyOnboarding/Personal/PartyContacts/Save Row' is visible&#xD;
&#xD;
2019-08-22 09:43:59 - [MESSAGE][PASSED] - Execute JavaScript 'arguments[0].click();' successfully&#xD;
&#xD;
2019-08-22 09:43:59 - [MESSAGE][PASSED] - Object 'Object Repository/PartyOnboarding/Personal/PartyContacts/New Row' is visible&#xD;
&#xD;
2019-08-22 09:43:59 - [MESSAGE][PASSED] - Execute JavaScript 'arguments[0].click();' successfully&#xD;
&#xD;
2019-08-22 09:44:00 - [MESSAGE][PASSED] - Delayed 1 second(s)&#xD;
&#xD;
2019-08-22 09:44:00 - [MESSAGE][PASSED] - Object 'Object Repository/PartyOnboarding/Personal/PartyContacts/Contact Method' is visible&#xD;
&#xD;
2019-08-22 09:44:00 - [MESSAGE][PASSED] - Keys 'TAB + Mobile' sent to object: 'Object Repository/PartyOnboarding/Personal/PartyContacts/Contact Method'&#xD;
&#xD;
2019-08-22 09:44:01 - [MESSAGE][PASSED] - Delayed 1 second(s)&#xD;
&#xD;
2019-08-22 09:44:01 - [MESSAGE][PASSED] - Object 'Object Repository/PartyOnboarding/Personal/PartyContacts/Contact Type  Location' is visible&#xD;
&#xD;
2019-08-22 09:44:01 - [MESSAGE][PASSED] - Keys 'TAB + Work' sent to object: 'Object Repository/PartyOnboarding/Personal/PartyContacts/Contact Type  Location'&#xD;
&#xD;
2019-08-22 09:44:01 - [MESSAGE][PASSED] - Object 'Object Repository/PartyOnboarding/Personal/PartyContacts/Contact Email' is visible&#xD;
&#xD;
2019-08-22 09:44:01 - [MESSAGE][PASSED] - Object 'Object Repository/PartyOnboarding/Personal/PartyContacts/Contact Email' has attribute 'readonly'&#xD;
&#xD;
2019-08-22 09:44:01 - [MESSAGE][PASSED] - Object 'Object Repository/PartyOnboarding/Personal/PartyContacts/Contact Number_03_Code' is visible&#xD;
&#xD;
2019-08-22 09:44:01 - [MESSAGE][PASSED] - Text of object 'Object Repository/PartyOnboarding/Personal/PartyContacts/Contact Number_03_Code' is cleared&#xD;
&#xD;
2019-08-22 09:44:01 - [MESSAGE][PASSED] - Object 'Object Repository/PartyOnboarding/Personal/PartyContacts/Contact Number_03_Code' is visible&#xD;
&#xD;
2019-08-22 09:44:02 - [MESSAGE][PASSED] - Keys '+1' sent to object: 'Object Repository/PartyOnboarding/Personal/PartyContacts/Contact Number_03_Code'&#xD;
&#xD;
2019-08-22 09:44:02 - [MESSAGE][PASSED] - Object 'Object Repository/PartyOnboarding/Personal/PartyContacts/Contact Number_AreaCode' is visible&#xD;
&#xD;
2019-08-22 09:44:02 - [MESSAGE][PASSED] - Keys '' sent to object: 'Object Repository/PartyOnboarding/Personal/PartyContacts/Contact Number_AreaCode'&#xD;
&#xD;
2019-08-22 09:44:02 - [MESSAGE][PASSED] - Object 'Object Repository/PartyOnboarding/Personal/PartyContacts/Contact Number_Number' is visible&#xD;
&#xD;
2019-08-22 09:44:02 - [MESSAGE][PASSED] - Keys '9697989901' sent to object: 'Object Repository/PartyOnboarding/Personal/PartyContacts/Contact Number_Number'&#xD;
&#xD;
2019-08-22 09:44:02 - [MESSAGE][PASSED] - Object 'Object Repository/PartyOnboarding/Personal/PartyContacts/Contact Number_03_Code' is visible&#xD;
&#xD;
2019-08-22 09:44:02 - [MESSAGE][WARNING] - Object 'Object Repository/PartyOnboarding/Personal/PartyContacts/Contact Number_03_Code' does not have attribute 'readonly' (Root cause: com.kms.katalon.core.exception.StepFailedException: Object 'Object Repository/PartyOnboarding/Personal/PartyContacts/Contact Number_03_Code' does not have attribute 'readonly'&#xD;
	at com.kms.katalon.core.webui.keyword.internal.WebUIKeywordMain.stepFailed(WebUIKeywordMain.groovy:64)&#xD;
	at com.kms.katalon.core.webui.keyword.builtin.VerifyElementHasAttributeKeyword$_verifyElementHasAttribute_closure1.doCall(VerifyElementHasAttributeKeyword.groovy:89)&#xD;
	at com.kms.katalon.core.webui.keyword.builtin.VerifyElementHasAttributeKeyword$_verifyElementHasAttribute_closure1.call(VerifyElementHasAttributeKeyword.groovy)&#xD;
	at com.kms.katalon.core.webui.keyword.internal.WebUIKeywordMain.runKeyword(WebUIKeywordMain.groovy:20)&#xD;
	at com.kms.katalon.core.webui.keyword.builtin.VerifyElementHasAttributeKeyword.verifyElementHasAttribute(VerifyElementHasAttributeKeyword.groovy:100)&#xD;
	at com.kms.katalon.core.webui.keyword.builtin.VerifyElementHasAttributeKeyword.execute(VerifyElementHasAttributeKeyword.groovy:69)&#xD;
	at com.kms.katalon.core.keyword.internal.KeywordExecutor.executeKeywordForPlatform(KeywordExecutor.groovy:56)&#xD;
	at com.kms.katalon.core.webui.keyword.WebUiBuiltInKeywords.verifyElementHasAttribute(WebUiBuiltInKeywords.groovy:3166)&#xD;
	at com.kms.katalon.core.webui.keyword.WebUiBuiltInKeywords$verifyElementHasAttribute$11.call(Unknown Source)&#xD;
	at pageObjects.PartyOnboarding.inputDataForPartyContacts(PartyOnboarding.groovy:736)&#xD;
	at PartyOnboardingEnterprise.run(PartyOnboardingEnterprise:61)&#xD;
	at com.kms.katalon.core.main.ScriptEngine.run(ScriptEngine.java:194)&#xD;
	at com.kms.katalon.core.main.ScriptEngine.runScriptAsRawText(ScriptEngine.java:119)&#xD;
	at com.kms.katalon.core.main.TestCaseExecutor.runScript(TestCaseExecutor.java:337)&#xD;
	at com.kms.katalon.core.main.TestCaseExecutor.doExecute(TestCaseExecutor.java:328)&#xD;
	at com.kms.katalon.core.main.TestCaseExecutor.processExecutionPhase(TestCaseExecutor.java:307)&#xD;
	at com.kms.katalon.core.main.TestCaseExecutor.accessMainPhase(TestCaseExecutor.java:299)&#xD;
	at com.kms.katalon.core.main.TestCaseExecutor.execute(TestCaseExecutor.java:233)&#xD;
	at com.kms.katalon.core.main.TestSuiteExecutor.accessTestCaseMainPhase(TestSuiteExecutor.java:133)&#xD;
	at com.kms.katalon.core.main.TestSuiteExecutor.accessTestSuiteMainPhase(TestSuiteExecutor.java:116)&#xD;
	at com.kms.katalon.core.main.TestSuiteExecutor.execute(TestSuiteExecutor.java:83)&#xD;
	at com.kms.katalon.core.main.TestCaseMain.startTestSuite(TestCaseMain.java:157)&#xD;
	at com.kms.katalon.core.main.TestCaseMain$startTestSuite$0.call(Unknown Source)&#xD;
	at TempTestSuite1566441935163.run(TempTestSuite1566441935163.groovy:35)&#xD;
)&#xD;
[[ATTACHMENT|C:\\ML\\JITS\\AYA\\Automation\\FBE\\FBE\\Reports\\DataPreparation\\PartyOnboardingPersonal\\20190822_091535\\1566443642491.png]]&#xD;
&#xD;
2019-08-22 09:44:02 - [MESSAGE][PASSED] - Object 'Object Repository/PartyOnboarding/Personal/PartyContacts/Valid From' is visible&#xD;
&#xD;
2019-08-22 09:44:02 - [MESSAGE][PASSED] - Text of object 'Object Repository/PartyOnboarding/Personal/PartyContacts/Valid From' is cleared&#xD;
&#xD;
2019-08-22 09:44:03 - [MESSAGE][PASSED] - Object 'Object Repository/PartyOnboarding/Personal/PartyContacts/Valid From' is visible&#xD;
&#xD;
2019-08-22 09:44:03 - [MESSAGE][PASSED] - Keys '2018-01-24' sent to object: 'Object Repository/PartyOnboarding/Personal/PartyContacts/Valid From'&#xD;
&#xD;
2019-08-22 09:44:03 - [MESSAGE][PASSED] - Object 'Object Repository/PartyOnboarding/Personal/PartyContacts/Save Row' is visible&#xD;
&#xD;
2019-08-22 09:44:03 - [MESSAGE][PASSED] - Execute JavaScript 'arguments[0].click();' successfully&#xD;
&#xD;
2019-08-22 09:44:03 - [MESSAGE][PASSED] - Object 'Object Repository/PartyOnboarding/Personal/PartyContacts/New Row' is visible&#xD;
&#xD;
2019-08-22 09:44:03 - [MESSAGE][PASSED] - Execute JavaScript 'arguments[0].click();' successfully&#xD;
&#xD;
2019-08-22 09:44:04 - [MESSAGE][PASSED] - Delayed 1 second(s)&#xD;
&#xD;
2019-08-22 09:44:04 - [MESSAGE][PASSED] - Object 'Object Repository/PartyOnboarding/Personal/PartyContacts/Contact Method' is visible&#xD;
&#xD;
2019-08-22 09:44:05 - [MESSAGE][PASSED] - Keys 'TAB + Email' sent to object: 'Object Repository/PartyOnboarding/Personal/PartyContacts/Contact Method'&#xD;
&#xD;
2019-08-22 09:44:06 - [MESSAGE][PASSED] - Delayed 1 second(s)&#xD;
&#xD;
2019-08-22 09:44:06 - [MESSAGE][PASSED] - Object 'Object Repository/PartyOnboarding/Personal/PartyContacts/Contact Type  Location' is visible&#xD;
&#xD;
2019-08-22 09:44:06 - [MESSAGE][PASSED] - Keys 'TAB + Personal' sent to object: 'Object Repository/PartyOnboarding/Personal/PartyContacts/Contact Type  Location'&#xD;
&#xD;
2019-08-22 09:44:06 - [MESSAGE][PASSED] - Object 'Object Repository/PartyOnboarding/Personal/PartyContacts/Contact Email' is visible&#xD;
&#xD;
2019-08-22 09:44:06 - [MESSAGE][WARNING] - Object 'Object Repository/PartyOnboarding/Personal/PartyContacts/Contact Email' does not have attribute 'readonly' (Root cause: com.kms.katalon.core.exception.StepFailedException: Object 'Object Repository/PartyOnboarding/Personal/PartyContacts/Contact Email' does not have attribute 'readonly'&#xD;
	at com.kms.katalon.core.webui.keyword.internal.WebUIKeywordMain.stepFailed(WebUIKeywordMain.groovy:64)&#xD;
	at com.kms.katalon.core.webui.keyword.builtin.VerifyElementHasAttributeKeyword$_verifyElementHasAttribute_closure1.doCall(VerifyElementHasAttributeKeyword.groovy:89)&#xD;
	at com.kms.katalon.core.webui.keyword.builtin.VerifyElementHasAttributeKeyword$_verifyElementHasAttribute_closure1.call(VerifyElementHasAttributeKeyword.groovy)&#xD;
	at com.kms.katalon.core.webui.keyword.internal.WebUIKeywordMain.runKeyword(WebUIKeywordMain.groovy:20)&#xD;
	at com.kms.katalon.core.webui.keyword.builtin.VerifyElementHasAttributeKeyword.verifyElementHasAttribute(VerifyElementHasAttributeKeyword.groovy:100)&#xD;
	at com.kms.katalon.core.webui.keyword.builtin.VerifyElementHasAttributeKeyword.execute(VerifyElementHasAttributeKeyword.groovy:69)&#xD;
	at com.kms.katalon.core.keyword.internal.KeywordExecutor.executeKeywordForPlatform(KeywordExecutor.groovy:56)&#xD;
	at com.kms.katalon.core.webui.keyword.WebUiBuiltInKeywords.verifyElementHasAttribute(WebUiBuiltInKeywords.groovy:3166)&#xD;
	at com.kms.katalon.core.webui.keyword.WebUiBuiltInKeywords$verifyElementHasAttribute$11.call(Unknown Source)&#xD;
	at pageObjects.PartyOnboarding.inputDataForPartyContacts(PartyOnboarding.groovy:721)&#xD;
	at PartyOnboardingEnterprise.run(PartyOnboardingEnterprise:61)&#xD;
	at com.kms.katalon.core.main.ScriptEngine.run(ScriptEngine.java:194)&#xD;
	at com.kms.katalon.core.main.ScriptEngine.runScriptAsRawText(ScriptEngine.java:119)&#xD;
	at com.kms.katalon.core.main.TestCaseExecutor.runScript(TestCaseExecutor.java:337)&#xD;
	at com.kms.katalon.core.main.TestCaseExecutor.doExecute(TestCaseExecutor.java:328)&#xD;
	at com.kms.katalon.core.main.TestCaseExecutor.processExecutionPhase(TestCaseExecutor.java:307)&#xD;
	at com.kms.katalon.core.main.TestCaseExecutor.accessMainPhase(TestCaseExecutor.java:299)&#xD;
	at com.kms.katalon.core.main.TestCaseExecutor.execute(TestCaseExecutor.java:233)&#xD;
	at com.kms.katalon.core.main.TestSuiteExecutor.accessTestCaseMainPhase(TestSuiteExecutor.java:133)&#xD;
	at com.kms.katalon.core.main.TestSuiteExecutor.accessTestSuiteMainPhase(TestSuiteExecutor.java:116)&#xD;
	at com.kms.katalon.core.main.TestSuiteExecutor.execute(TestSuiteExecutor.java:83)&#xD;
	at com.kms.katalon.core.main.TestCaseMain.startTestSuite(TestCaseMain.java:157)&#xD;
	at com.kms.katalon.core.main.TestCaseMain$startTestSuite$0.call(Unknown Source)&#xD;
	at TempTestSuite1566441935163.run(TempTestSuite1566441935163.groovy:35)&#xD;
)&#xD;
[[ATTACHMENT|C:\\ML\\JITS\\AYA\\Automation\\FBE\\FBE\\Reports\\DataPreparation\\PartyOnboardingPersonal\\20190822_091535\\1566443646415.png]]&#xD;
&#xD;
2019-08-22 09:44:06 - [MESSAGE][PASSED] - Object 'Object Repository/PartyOnboarding/Personal/PartyContacts/Contact Number_03_Code' is visible&#xD;
&#xD;
2019-08-22 09:44:06 - [MESSAGE][PASSED] - Object 'Object Repository/PartyOnboarding/Personal/PartyContacts/Contact Number_03_Code' has attribute 'readonly'&#xD;
&#xD;
2019-08-22 09:44:06 - [MESSAGE][PASSED] - Object 'Object Repository/PartyOnboarding/Personal/PartyContacts/Contact Email' is visible&#xD;
&#xD;
2019-08-22 09:44:07 - [MESSAGE][PASSED] - Keys 'nguyenthimyle@gmail.com' sent to object: 'Object Repository/PartyOnboarding/Personal/PartyContacts/Contact Email'&#xD;
&#xD;
2019-08-22 09:44:07 - [MESSAGE][PASSED] - Object 'Object Repository/PartyOnboarding/Personal/PartyContacts/Confirm Email' is visible&#xD;
&#xD;
2019-08-22 09:44:08 - [MESSAGE][PASSED] - Keys 'nguyenthimyle@gmail.com' sent to object: 'Object Repository/PartyOnboarding/Personal/PartyContacts/Confirm Email'&#xD;
&#xD;
2019-08-22 09:44:08 - [MESSAGE][PASSED] - Object 'Object Repository/PartyOnboarding/Personal/PartyContacts/Valid From' is visible&#xD;
&#xD;
2019-08-22 09:44:08 - [MESSAGE][PASSED] - Text of object 'Object Repository/PartyOnboarding/Personal/PartyContacts/Valid From' is cleared&#xD;
&#xD;
2019-08-22 09:44:08 - [MESSAGE][PASSED] - Object 'Object Repository/PartyOnboarding/Personal/PartyContacts/Valid From' is visible&#xD;
&#xD;
2019-08-22 09:44:09 - [MESSAGE][PASSED] - Keys '2017-01-24' sent to object: 'Object Repository/PartyOnboarding/Personal/PartyContacts/Valid From'&#xD;
&#xD;
2019-08-22 09:44:09 - [MESSAGE][PASSED] - Object 'Object Repository/PartyOnboarding/Personal/PartyContacts/Save Row' is visible&#xD;
&#xD;
2019-08-22 09:44:09 - [MESSAGE][PASSED] - Execute JavaScript 'arguments[0].click();' successfully&#xD;
&#xD;
2019-08-22 09:44:09 - [TEST_STEP][PASSED] - partyOnboardingEnterprise.clickNextbutton(): Object: 'Object Repository/PartyOnboarding/btn_Next' is clicked on&#xD;
&#xD;
2019-08-22 09:44:09 - [MESSAGE][PASSED] - Object 'Object Repository/PartyOnboarding/btn_Next' is visible&#xD;
&#xD;
2019-08-22 09:44:09 - [MESSAGE][PASSED] - Object: 'Object Repository/PartyOnboarding/btn_Next' is clicked on&#xD;
&#xD;
2019-08-22 09:44:09 - [TEST_STEP][PASSED] - partyOnboardingEnterprise.inputDataForPartyRequiredDocuments(s06_documentCategory, s06_kycExpired, s06_documentType, s06_validFrom, s06_validTo, s06_referenceNumber, s06_issuingAuthority, s06_issuingCountry, s06_documentVerified, s06_image, s06_documentCollectionStatus): Keys 'Documents collected and validated centrally' sent to object: 'Object Repository/PartyOnboarding/Personal/PartyRequiredDocument/ddl_DocumentsCollectionStatus'&#xD;
&#xD;
2019-08-22 09:44:10 - [MESSAGE][PASSED] - Delayed 1 second(s)&#xD;
&#xD;
2019-08-22 09:44:10 - [MESSAGE][PASSED] - Object 'Object Repository/PartyOnboarding/Personal/PartyRequiredDocument/New Row' is visible&#xD;
&#xD;
2019-08-22 09:44:10 - [MESSAGE][PASSED] - Execute JavaScript 'arguments[0].click();' successfully&#xD;
&#xD;
2019-08-22 09:44:10 - [MESSAGE][PASSED] - Object 'Object Repository/PartyOnboarding/Personal/PartyRequiredDocument/DocumentCategory' is visible&#xD;
&#xD;
2019-08-22 09:44:12 - [MESSAGE][PASSED] - Keys 'TAB + PT-AUTHORIZED MYCO USER' sent to object: 'Object Repository/PartyOnboarding/Personal/PartyRequiredDocument/DocumentCategory'&#xD;
&#xD;
2019-08-22 09:44:13 - [MESSAGE][PASSED] - Delayed 1 second(s)&#xD;
&#xD;
2019-08-22 09:44:13 - [MESSAGE][PASSED] - Object 'Object Repository/PartyOnboarding/Personal/PartyRequiredDocument/Document Type' is visible&#xD;
&#xD;
2019-08-22 09:44:15 - [MESSAGE][PASSED] - Keys 'TAB + AUTHORIZED MYCO USER' sent to object: 'Object Repository/PartyOnboarding/Personal/PartyRequiredDocument/Document Type'&#xD;
&#xD;
2019-08-22 09:44:16 - [MESSAGE][PASSED] - Delayed 1 second(s)&#xD;
&#xD;
2019-08-22 09:44:16 - [MESSAGE][PASSED] - Object 'Object Repository/PartyOnboarding/Personal/PartyRequiredDocument/Issuing Country' is visible&#xD;
&#xD;
2019-08-22 09:44:16 - [MESSAGE][PASSED] - Keys 'Myanmar' sent to object: 'Object Repository/PartyOnboarding/Personal/PartyRequiredDocument/Issuing Country'&#xD;
&#xD;
2019-08-22 09:44:17 - [MESSAGE][PASSED] - Delayed 1 second(s)&#xD;
&#xD;
2019-08-22 09:44:17 - [MESSAGE][PASSED] - Object 'Object Repository/PartyOnboarding/Personal/PartyRequiredDocument/Document Verified' is visible&#xD;
&#xD;
2019-08-22 09:44:18 - [MESSAGE][PASSED] - Keys 'TAB + TRUE' sent to object: 'Object Repository/PartyOnboarding/Personal/PartyRequiredDocument/Document Verified'&#xD;
&#xD;
2019-08-22 09:44:18 - [MESSAGE][PASSED] - Object 'Object Repository/PartyOnboarding/Personal/PartyRequiredDocument/Save Row' is visible&#xD;
&#xD;
2019-08-22 09:44:18 - [MESSAGE][PASSED] - Execute JavaScript 'arguments[0].click();' successfully&#xD;
&#xD;
2019-08-22 09:44:18 - [MESSAGE][PASSED] - Object 'Object Repository/PartyOnboarding/Personal/PartyRequiredDocument/New Row' is visible&#xD;
&#xD;
2019-08-22 09:44:18 - [MESSAGE][PASSED] - Execute JavaScript 'arguments[0].click();' successfully&#xD;
&#xD;
2019-08-22 09:44:18 - [MESSAGE][PASSED] - Object 'Object Repository/PartyOnboarding/Personal/PartyRequiredDocument/DocumentCategory' is visible&#xD;
&#xD;
2019-08-22 09:44:20 - [MESSAGE][PASSED] - Keys 'TAB + PT-BOARD OF DIRECTORS RESOLUTION' sent to object: 'Object Repository/PartyOnboarding/Personal/PartyRequiredDocument/DocumentCategory'&#xD;
&#xD;
2019-08-22 09:44:21 - [MESSAGE][PASSED] - Delayed 1 second(s)&#xD;
&#xD;
2019-08-22 09:44:21 - [MESSAGE][PASSED] - Object 'Object Repository/PartyOnboarding/Personal/PartyRequiredDocument/Document Type' is visible&#xD;
&#xD;
2019-08-22 09:44:22 - [MESSAGE][PASSED] - Keys 'TAB + BOARD OF DIRECTORS RESOLUTION' sent to object: 'Object Repository/PartyOnboarding/Personal/PartyRequiredDocument/Document Type'&#xD;
&#xD;
2019-08-22 09:44:23 - [MESSAGE][PASSED] - Delayed 1 second(s)&#xD;
&#xD;
2019-08-22 09:44:23 - [MESSAGE][PASSED] - Object 'Object Repository/PartyOnboarding/Personal/PartyRequiredDocument/Issuing Country' is visible&#xD;
&#xD;
2019-08-22 09:44:23 - [MESSAGE][PASSED] - Keys 'Myanmar' sent to object: 'Object Repository/PartyOnboarding/Personal/PartyRequiredDocument/Issuing Country'&#xD;
&#xD;
2019-08-22 09:44:25 - [MESSAGE][PASSED] - Delayed 1 second(s)&#xD;
&#xD;
2019-08-22 09:44:25 - [MESSAGE][PASSED] - Object 'Object Repository/PartyOnboarding/Personal/PartyRequiredDocument/Document Verified' is visible&#xD;
&#xD;
2019-08-22 09:44:25 - [MESSAGE][PASSED] - Keys 'TAB + TRUE' sent to object: 'Object Repository/PartyOnboarding/Personal/PartyRequiredDocument/Document Verified'&#xD;
&#xD;
2019-08-22 09:44:25 - [MESSAGE][PASSED] - Object 'Object Repository/PartyOnboarding/Personal/PartyRequiredDocument/Save Row' is visible&#xD;
&#xD;
2019-08-22 09:44:25 - [MESSAGE][PASSED] - Execute JavaScript 'arguments[0].click();' successfully&#xD;
&#xD;
2019-08-22 09:44:25 - [MESSAGE][PASSED] - Object 'Object Repository/PartyOnboarding/Personal/PartyRequiredDocument/New Row' is visible&#xD;
&#xD;
2019-08-22 09:44:25 - [MESSAGE][PASSED] - Execute JavaScript 'arguments[0].click();' successfully&#xD;
&#xD;
2019-08-22 09:44:25 - [MESSAGE][PASSED] - Object 'Object Repository/PartyOnboarding/Personal/PartyRequiredDocument/DocumentCategory' is visible&#xD;
&#xD;
2019-08-22 09:44:27 - [MESSAGE][PASSED] - Keys 'TAB + PT-CERTIFICATE OF INCORPORATION' sent to object: 'Object Repository/PartyOnboarding/Personal/PartyRequiredDocument/DocumentCategory'&#xD;
&#xD;
2019-08-22 09:44:28 - [MESSAGE][PASSED] - Delayed 1 second(s)&#xD;
&#xD;
2019-08-22 09:44:28 - [MESSAGE][PASSED] - Object 'Object Repository/PartyOnboarding/Personal/PartyRequiredDocument/Document Type' is visible&#xD;
&#xD;
2019-08-22 09:44:29 - [MESSAGE][PASSED] - Keys 'TAB + CERTIFICATE OF INCORPORATION' sent to object: 'Object Repository/PartyOnboarding/Personal/PartyRequiredDocument/Document Type'&#xD;
&#xD;
2019-08-22 09:44:30 - [MESSAGE][PASSED] - Delayed 1 second(s)&#xD;
&#xD;
2019-08-22 09:44:30 - [MESSAGE][PASSED] - Object 'Object Repository/PartyOnboarding/Personal/PartyRequiredDocument/Issuing Country' is visible&#xD;
&#xD;
2019-08-22 09:44:30 - [MESSAGE][PASSED] - Keys 'Myanmar' sent to object: 'Object Repository/PartyOnboarding/Personal/PartyRequiredDocument/Issuing Country'&#xD;
&#xD;
2019-08-22 09:44:31 - [MESSAGE][PASSED] - Delayed 1 second(s)&#xD;
&#xD;
2019-08-22 09:44:32 - [MESSAGE][PASSED] - Object 'Object Repository/PartyOnboarding/Personal/PartyRequiredDocument/Document Verified' is visible&#xD;
&#xD;
2019-08-22 09:44:32 - [MESSAGE][PASSED] - Keys 'TAB + TRUE' sent to object: 'Object Repository/PartyOnboarding/Personal/PartyRequiredDocument/Document Verified'&#xD;
&#xD;
2019-08-22 09:44:32 - [MESSAGE][PASSED] - Object 'Object Repository/PartyOnboarding/Personal/PartyRequiredDocument/Save Row' is visible&#xD;
&#xD;
2019-08-22 09:44:32 - [MESSAGE][PASSED] - Execute JavaScript 'arguments[0].click();' successfully&#xD;
&#xD;
2019-08-22 09:44:32 - [MESSAGE][PASSED] - Object 'Object Repository/PartyOnboarding/Personal/PartyRequiredDocument/New Row' is visible&#xD;
&#xD;
2019-08-22 09:44:32 - [MESSAGE][PASSED] - Execute JavaScript 'arguments[0].click();' successfully&#xD;
&#xD;
2019-08-22 09:44:32 - [MESSAGE][PASSED] - Object 'Object Repository/PartyOnboarding/Personal/PartyRequiredDocument/DocumentCategory' is visible&#xD;
&#xD;
2019-08-22 09:44:33 - [MESSAGE][PASSED] - Keys 'TAB + PT-FILING HISTORY' sent to object: 'Object Repository/PartyOnboarding/Personal/PartyRequiredDocument/DocumentCategory'&#xD;
&#xD;
2019-08-22 09:44:34 - [MESSAGE][PASSED] - Delayed 1 second(s)&#xD;
&#xD;
2019-08-22 09:44:34 - [MESSAGE][PASSED] - Object 'Object Repository/PartyOnboarding/Personal/PartyRequiredDocument/Document Type' is visible&#xD;
&#xD;
2019-08-22 09:44:35 - [MESSAGE][PASSED] - Keys 'TAB + FILING HISTORY' sent to object: 'Object Repository/PartyOnboarding/Personal/PartyRequiredDocument/Document Type'&#xD;
&#xD;
2019-08-22 09:44:36 - [MESSAGE][PASSED] - Delayed 1 second(s)&#xD;
&#xD;
2019-08-22 09:44:36 - [MESSAGE][PASSED] - Object 'Object Repository/PartyOnboarding/Personal/PartyRequiredDocument/Issuing Country' is visible&#xD;
&#xD;
2019-08-22 09:44:36 - [MESSAGE][PASSED] - Keys 'Myanmar' sent to object: 'Object Repository/PartyOnboarding/Personal/PartyRequiredDocument/Issuing Country'&#xD;
&#xD;
2019-08-22 09:44:37 - [MESSAGE][PASSED] - Delayed 1 second(s)&#xD;
&#xD;
2019-08-22 09:44:37 - [MESSAGE][PASSED] - Object 'Object Repository/PartyOnboarding/Personal/PartyRequiredDocument/Document Verified' is visible&#xD;
&#xD;
2019-08-22 09:44:37 - [MESSAGE][PASSED] - Keys 'TAB + TRUE' sent to object: 'Object Repository/PartyOnboarding/Personal/PartyRequiredDocument/Document Verified'&#xD;
&#xD;
2019-08-22 09:44:37 - [MESSAGE][PASSED] - Object 'Object Repository/PartyOnboarding/Personal/PartyRequiredDocument/Save Row' is visible&#xD;
&#xD;
2019-08-22 09:44:37 - [MESSAGE][PASSED] - Execute JavaScript 'arguments[0].click();' successfully&#xD;
&#xD;
2019-08-22 09:44:37 - [MESSAGE][PASSED] - Object 'Object Repository/PartyOnboarding/Personal/PartyRequiredDocument/New Row' is visible&#xD;
&#xD;
2019-08-22 09:44:38 - [MESSAGE][PASSED] - Execute JavaScript 'arguments[0].click();' successfully&#xD;
&#xD;
2019-08-22 09:44:38 - [MESSAGE][PASSED] - Object 'Object Repository/PartyOnboarding/Personal/PartyRequiredDocument/DocumentCategory' is visible&#xD;
&#xD;
2019-08-22 09:44:39 - [MESSAGE][PASSED] - Keys 'TAB + PT-FORM QA 22(FOREIGNER)' sent to object: 'Object Repository/PartyOnboarding/Personal/PartyRequiredDocument/DocumentCategory'&#xD;
&#xD;
2019-08-22 09:44:40 - [MESSAGE][PASSED] - Delayed 1 second(s)&#xD;
&#xD;
2019-08-22 09:44:40 - [MESSAGE][PASSED] - Object 'Object Repository/PartyOnboarding/Personal/PartyRequiredDocument/Document Type' is visible&#xD;
&#xD;
2019-08-22 09:44:41 - [MESSAGE][PASSED] - Keys 'TAB + FORM QA 22(FOREIGNER)' sent to object: 'Object Repository/PartyOnboarding/Personal/PartyRequiredDocument/Document Type'&#xD;
&#xD;
2019-08-22 09:44:42 - [MESSAGE][PASSED] - Delayed 1 second(s)&#xD;
&#xD;
2019-08-22 09:44:42 - [MESSAGE][PASSED] - Object 'Object Repository/PartyOnboarding/Personal/PartyRequiredDocument/Issuing Country' is visible&#xD;
&#xD;
2019-08-22 09:44:42 - [MESSAGE][PASSED] - Keys 'Myanmar' sent to object: 'Object Repository/PartyOnboarding/Personal/PartyRequiredDocument/Issuing Country'&#xD;
&#xD;
2019-08-22 09:44:43 - [MESSAGE][PASSED] - Delayed 1 second(s)&#xD;
&#xD;
2019-08-22 09:44:43 - [MESSAGE][PASSED] - Object 'Object Repository/PartyOnboarding/Personal/PartyRequiredDocument/Document Verified' is visible&#xD;
&#xD;
2019-08-22 09:44:43 - [MESSAGE][PASSED] - Keys 'TAB + TRUE' sent to object: 'Object Repository/PartyOnboarding/Personal/PartyRequiredDocument/Document Verified'&#xD;
&#xD;
2019-08-22 09:44:43 - [MESSAGE][PASSED] - Object 'Object Repository/PartyOnboarding/Personal/PartyRequiredDocument/Save Row' is visible&#xD;
&#xD;
2019-08-22 09:44:44 - [MESSAGE][PASSED] - Execute JavaScript 'arguments[0].click();' successfully&#xD;
&#xD;
2019-08-22 09:44:44 - [MESSAGE][PASSED] - Object 'Object Repository/PartyOnboarding/Personal/PartyRequiredDocument/New Row' is visible&#xD;
&#xD;
2019-08-22 09:44:44 - [MESSAGE][PASSED] - Execute JavaScript 'arguments[0].click();' successfully&#xD;
&#xD;
2019-08-22 09:44:44 - [MESSAGE][PASSED] - Object 'Object Repository/PartyOnboarding/Personal/PartyRequiredDocument/DocumentCategory' is visible&#xD;
&#xD;
2019-08-22 09:44:45 - [MESSAGE][PASSED] - Keys 'TAB + PT-LIST OF DIRECTORS AND MEMBER DETAILS' sent to object: 'Object Repository/PartyOnboarding/Personal/PartyRequiredDocument/DocumentCategory'&#xD;
&#xD;
2019-08-22 09:44:46 - [MESSAGE][PASSED] - Delayed 1 second(s)&#xD;
&#xD;
2019-08-22 09:44:47 - [MESSAGE][PASSED] - Object 'Object Repository/PartyOnboarding/Personal/PartyRequiredDocument/Document Type' is visible&#xD;
&#xD;
2019-08-22 09:44:48 - [MESSAGE][PASSED] - Keys 'TAB + LIST OF DIRECTORS AND MEMBER DETAILS' sent to object: 'Object Repository/PartyOnboarding/Personal/PartyRequiredDocument/Document Type'&#xD;
&#xD;
2019-08-22 09:44:49 - [MESSAGE][PASSED] - Delayed 1 second(s)&#xD;
&#xD;
2019-08-22 09:44:49 - [MESSAGE][PASSED] - Object 'Object Repository/PartyOnboarding/Personal/PartyRequiredDocument/Issuing Country' is visible&#xD;
&#xD;
2019-08-22 09:44:49 - [MESSAGE][PASSED] - Keys 'Myanmar' sent to object: 'Object Repository/PartyOnboarding/Personal/PartyRequiredDocument/Issuing Country'&#xD;
&#xD;
2019-08-22 09:44:50 - [MESSAGE][PASSED] - Delayed 1 second(s)&#xD;
&#xD;
2019-08-22 09:44:51 - [MESSAGE][PASSED] - Object 'Object Repository/PartyOnboarding/Personal/PartyRequiredDocument/Document Verified' is visible&#xD;
&#xD;
2019-08-22 09:44:51 - [MESSAGE][PASSED] - Keys 'TAB + TRUE' sent to object: 'Object Repository/PartyOnboarding/Personal/PartyRequiredDocument/Document Verified'&#xD;
&#xD;
2019-08-22 09:44:51 - [MESSAGE][PASSED] - Object 'Object Repository/PartyOnboarding/Personal/PartyRequiredDocument/Save Row' is visible&#xD;
&#xD;
2019-08-22 09:44:51 - [MESSAGE][PASSED] - Execute JavaScript 'arguments[0].click();' successfully&#xD;
&#xD;
2019-08-22 09:44:51 - [MESSAGE][PASSED] - Object 'Object Repository/PartyOnboarding/Personal/PartyRequiredDocument/New Row' is visible&#xD;
&#xD;
2019-08-22 09:44:51 - [MESSAGE][PASSED] - Execute JavaScript 'arguments[0].click();' successfully&#xD;
&#xD;
2019-08-22 09:44:51 - [MESSAGE][PASSED] - Object 'Object Repository/PartyOnboarding/Personal/PartyRequiredDocument/DocumentCategory' is visible&#xD;
&#xD;
2019-08-22 09:44:53 - [MESSAGE][PASSED] - Keys 'TAB + PT-LIST OF SHAREHOLDERS AND MEMBER DETAILS' sent to object: 'Object Repository/PartyOnboarding/Personal/PartyRequiredDocument/DocumentCategory'&#xD;
&#xD;
2019-08-22 09:44:54 - [MESSAGE][PASSED] - Delayed 1 second(s)&#xD;
&#xD;
2019-08-22 09:44:54 - [MESSAGE][PASSED] - Object 'Object Repository/PartyOnboarding/Personal/PartyRequiredDocument/Document Type' is visible&#xD;
&#xD;
2019-08-22 09:44:56 - [MESSAGE][PASSED] - Keys 'TAB + LIST OF SHAREHOLDERS AND MEMBER DETAILS' sent to object: 'Object Repository/PartyOnboarding/Personal/PartyRequiredDocument/Document Type'&#xD;
&#xD;
2019-08-22 09:44:57 - [MESSAGE][PASSED] - Delayed 1 second(s)&#xD;
&#xD;
2019-08-22 09:44:57 - [MESSAGE][PASSED] - Object 'Object Repository/PartyOnboarding/Personal/PartyRequiredDocument/Issuing Country' is visible&#xD;
&#xD;
2019-08-22 09:44:58 - [MESSAGE][PASSED] - Keys 'Myanmar' sent to object: 'Object Repository/PartyOnboarding/Personal/PartyRequiredDocument/Issuing Country'&#xD;
&#xD;
2019-08-22 09:44:59 - [MESSAGE][PASSED] - Delayed 1 second(s)&#xD;
&#xD;
2019-08-22 09:44:59 - [MESSAGE][PASSED] - Object 'Object Repository/PartyOnboarding/Personal/PartyRequiredDocument/Document Verified' is visible&#xD;
&#xD;
2019-08-22 09:44:59 - [MESSAGE][PASSED] - Keys 'TAB + TRUE' sent to object: 'Object Repository/PartyOnboarding/Personal/PartyRequiredDocument/Document Verified'&#xD;
&#xD;
2019-08-22 09:44:59 - [MESSAGE][PASSED] - Object 'Object Repository/PartyOnboarding/Personal/PartyRequiredDocument/Save Row' is visible&#xD;
&#xD;
2019-08-22 09:44:59 - [MESSAGE][PASSED] - Execute JavaScript 'arguments[0].click();' successfully&#xD;
&#xD;
2019-08-22 09:44:59 - [MESSAGE][PASSED] - Object 'Object Repository/PartyOnboarding/Personal/PartyRequiredDocument/New Row' is visible&#xD;
&#xD;
2019-08-22 09:45:00 - [MESSAGE][PASSED] - Execute JavaScript 'arguments[0].click();' successfully&#xD;
&#xD;
2019-08-22 09:45:00 - [MESSAGE][PASSED] - Object 'Object Repository/PartyOnboarding/Personal/PartyRequiredDocument/DocumentCategory' is visible&#xD;
&#xD;
2019-08-22 09:45:02 - [MESSAGE][PASSED] - Keys 'TAB + PT-NRC/PASSPORT COPY OF AUTHORIZED SIGNATORY' sent to object: 'Object Repository/PartyOnboarding/Personal/PartyRequiredDocument/DocumentCategory'&#xD;
&#xD;
2019-08-22 09:45:03 - [MESSAGE][PASSED] - Delayed 1 second(s)&#xD;
&#xD;
2019-08-22 09:45:03 - [MESSAGE][PASSED] - Object 'Object Repository/PartyOnboarding/Personal/PartyRequiredDocument/Document Type' is visible&#xD;
&#xD;
2019-08-22 09:45:05 - [MESSAGE][PASSED] - Keys 'TAB + NRC/PASSPORT COPY OF AUTHORIZED SIGNATORY' sent to object: 'Object Repository/PartyOnboarding/Personal/PartyRequiredDocument/Document Type'&#xD;
&#xD;
2019-08-22 09:45:06 - [MESSAGE][PASSED] - Delayed 1 second(s)&#xD;
&#xD;
2019-08-22 09:45:06 - [MESSAGE][PASSED] - Object 'Object Repository/PartyOnboarding/Personal/PartyRequiredDocument/Issuing Country' is visible&#xD;
&#xD;
2019-08-22 09:45:06 - [MESSAGE][PASSED] - Keys 'Myanmar' sent to object: 'Object Repository/PartyOnboarding/Personal/PartyRequiredDocument/Issuing Country'&#xD;
&#xD;
2019-08-22 09:45:07 - [MESSAGE][PASSED] - Delayed 1 second(s)&#xD;
&#xD;
2019-08-22 09:45:08 - [MESSAGE][PASSED] - Object 'Object Repository/PartyOnboarding/Personal/PartyRequiredDocument/Document Verified' is visible&#xD;
&#xD;
2019-08-22 09:45:08 - [MESSAGE][PASSED] - Keys 'TAB + TRUE' sent to object: 'Object Repository/PartyOnboarding/Personal/PartyRequiredDocument/Document Verified'&#xD;
&#xD;
2019-08-22 09:45:08 - [MESSAGE][PASSED] - Object 'Object Repository/PartyOnboarding/Personal/PartyRequiredDocument/Save Row' is visible&#xD;
&#xD;
2019-08-22 09:45:08 - [MESSAGE][PASSED] - Execute JavaScript 'arguments[0].click();' successfully&#xD;
&#xD;
2019-08-22 09:45:08 - [MESSAGE][PASSED] - Object 'Object Repository/PartyOnboarding/Personal/PartyRequiredDocument/New Row' is visible&#xD;
&#xD;
2019-08-22 09:45:08 - [MESSAGE][PASSED] - Execute JavaScript 'arguments[0].click();' successfully&#xD;
&#xD;
2019-08-22 09:45:08 - [MESSAGE][PASSED] - Object 'Object Repository/PartyOnboarding/Personal/PartyRequiredDocument/DocumentCategory' is visible&#xD;
&#xD;
2019-08-22 09:45:10 - [MESSAGE][PASSED] - Keys 'TAB + PT-NRC/PASSPORT COPY OF SHAREHOLDERS' sent to object: 'Object Repository/PartyOnboarding/Personal/PartyRequiredDocument/DocumentCategory'&#xD;
&#xD;
2019-08-22 09:45:11 - [MESSAGE][PASSED] - Delayed 1 second(s)&#xD;
&#xD;
2019-08-22 09:45:11 - [MESSAGE][PASSED] - Object 'Object Repository/PartyOnboarding/Personal/PartyRequiredDocument/Document Type' is visible&#xD;
&#xD;
2019-08-22 09:45:12 - [MESSAGE][PASSED] - Keys 'TAB + NRC/PASSPORT COPY OF SHAREHOLDERS' sent to object: 'Object Repository/PartyOnboarding/Personal/PartyRequiredDocument/Document Type'&#xD;
&#xD;
2019-08-22 09:45:13 - [MESSAGE][PASSED] - Delayed 1 second(s)&#xD;
&#xD;
2019-08-22 09:45:13 - [MESSAGE][PASSED] - Object 'Object Repository/PartyOnboarding/Personal/PartyRequiredDocument/Issuing Country' is visible&#xD;
&#xD;
2019-08-22 09:45:14 - [MESSAGE][PASSED] - Keys 'Myanmar' sent to object: 'Object Repository/PartyOnboarding/Personal/PartyRequiredDocument/Issuing Country'&#xD;
&#xD;
2019-08-22 09:45:15 - [MESSAGE][PASSED] - Delayed 1 second(s)&#xD;
&#xD;
2019-08-22 09:45:15 - [MESSAGE][PASSED] - Object 'Object Repository/PartyOnboarding/Personal/PartyRequiredDocument/Document Verified' is visible&#xD;
&#xD;
2019-08-22 09:45:15 - [MESSAGE][PASSED] - Keys 'TAB + TRUE' sent to object: 'Object Repository/PartyOnboarding/Personal/PartyRequiredDocument/Document Verified'&#xD;
&#xD;
2019-08-22 09:45:15 - [MESSAGE][PASSED] - Object 'Object Repository/PartyOnboarding/Personal/PartyRequiredDocument/Save Row' is visible&#xD;
&#xD;
2019-08-22 09:45:15 - [MESSAGE][PASSED] - Execute JavaScript 'arguments[0].click();' successfully&#xD;
&#xD;
2019-08-22 09:45:15 - [MESSAGE][PASSED] - Object 'Object Repository/PartyOnboarding/Personal/PartyRequiredDocument/New Row' is visible&#xD;
&#xD;
2019-08-22 09:45:15 - [MESSAGE][PASSED] - Execute JavaScript 'arguments[0].click();' successfully&#xD;
&#xD;
2019-08-22 09:45:15 - [MESSAGE][PASSED] - Object 'Object Repository/PartyOnboarding/Personal/PartyRequiredDocument/DocumentCategory' is visible&#xD;
&#xD;
2019-08-22 09:45:17 - [MESSAGE][PASSED] - Keys 'TAB + PT-REGISTERED COMPANY ADDRESS' sent to object: 'Object Repository/PartyOnboarding/Personal/PartyRequiredDocument/DocumentCategory'&#xD;
&#xD;
2019-08-22 09:45:18 - [MESSAGE][PASSED] - Delayed 1 second(s)&#xD;
&#xD;
2019-08-22 09:45:18 - [MESSAGE][PASSED] - Object 'Object Repository/PartyOnboarding/Personal/PartyRequiredDocument/Document Type' is visible&#xD;
&#xD;
2019-08-22 09:45:19 - [MESSAGE][PASSED] - Keys 'TAB + REGISTERED COMPANY ADDRESS' sent to object: 'Object Repository/PartyOnboarding/Personal/PartyRequiredDocument/Document Type'&#xD;
&#xD;
2019-08-22 09:45:20 - [MESSAGE][PASSED] - Delayed 1 second(s)&#xD;
&#xD;
2019-08-22 09:45:20 - [MESSAGE][PASSED] - Object 'Object Repository/PartyOnboarding/Personal/PartyRequiredDocument/Issuing Country' is visible&#xD;
&#xD;
2019-08-22 09:45:20 - [MESSAGE][PASSED] - Keys 'Myanmar' sent to object: 'Object Repository/PartyOnboarding/Personal/PartyRequiredDocument/Issuing Country'&#xD;
&#xD;
2019-08-22 09:45:21 - [MESSAGE][PASSED] - Delayed 1 second(s)&#xD;
&#xD;
2019-08-22 09:45:21 - [MESSAGE][PASSED] - Object 'Object Repository/PartyOnboarding/Personal/PartyRequiredDocument/Document Verified' is visible&#xD;
&#xD;
2019-08-22 09:45:21 - [MESSAGE][PASSED] - Keys 'TAB + TRUE' sent to object: 'Object Repository/PartyOnboarding/Personal/PartyRequiredDocument/Document Verified'&#xD;
&#xD;
2019-08-22 09:45:22 - [MESSAGE][PASSED] - Object 'Object Repository/PartyOnboarding/Personal/PartyRequiredDocument/Save Row' is visible&#xD;
&#xD;
2019-08-22 09:45:22 - [MESSAGE][PASSED] - Execute JavaScript 'arguments[0].click();' successfully&#xD;
&#xD;
2019-08-22 09:45:22 - [MESSAGE][PASSED] - Object 'Object Repository/PartyOnboarding/Personal/PartyRequiredDocument/New Row' is visible&#xD;
&#xD;
2019-08-22 09:45:22 - [MESSAGE][PASSED] - Execute JavaScript 'arguments[0].click();' successfully&#xD;
&#xD;
2019-08-22 09:45:22 - [MESSAGE][PASSED] - Object 'Object Repository/PartyOnboarding/Personal/PartyRequiredDocument/DocumentCategory' is visible&#xD;
&#xD;
2019-08-22 09:45:24 - [MESSAGE][PASSED] - Keys 'TAB + PT-VALID VISA COPY OF AUTH. SIGNATORY(FOREIGNER)' sent to object: 'Object Repository/PartyOnboarding/Personal/PartyRequiredDocument/DocumentCategory'&#xD;
&#xD;
2019-08-22 09:45:25 - [MESSAGE][PASSED] - Delayed 1 second(s)&#xD;
&#xD;
2019-08-22 09:45:25 - [MESSAGE][PASSED] - Object 'Object Repository/PartyOnboarding/Personal/PartyRequiredDocument/Document Type' is visible&#xD;
&#xD;
2019-08-22 09:45:27 - [MESSAGE][PASSED] - Keys 'TAB + VALID VISA COPY OF AUTH. SIGNATORY(FOREIGNER)' sent to object: 'Object Repository/PartyOnboarding/Personal/PartyRequiredDocument/Document Type'&#xD;
&#xD;
2019-08-22 09:45:28 - [MESSAGE][PASSED] - Delayed 1 second(s)&#xD;
&#xD;
2019-08-22 09:45:28 - [MESSAGE][PASSED] - Object 'Object Repository/PartyOnboarding/Personal/PartyRequiredDocument/Issuing Country' is visible&#xD;
&#xD;
2019-08-22 09:45:29 - [MESSAGE][PASSED] - Keys 'Myanmar' sent to object: 'Object Repository/PartyOnboarding/Personal/PartyRequiredDocument/Issuing Country'&#xD;
&#xD;
2019-08-22 09:45:30 - [MESSAGE][PASSED] - Delayed 1 second(s)&#xD;
&#xD;
2019-08-22 09:45:30 - [MESSAGE][PASSED] - Object 'Object Repository/PartyOnboarding/Personal/PartyRequiredDocument/Document Verified' is visible&#xD;
&#xD;
2019-08-22 09:45:30 - [MESSAGE][PASSED] - Keys 'TAB + TRUE' sent to object: 'Object Repository/PartyOnboarding/Personal/PartyRequiredDocument/Document Verified'&#xD;
&#xD;
2019-08-22 09:45:30 - [MESSAGE][PASSED] - Object 'Object Repository/PartyOnboarding/Personal/PartyRequiredDocument/Save Row' is visible&#xD;
&#xD;
2019-08-22 09:45:30 - [MESSAGE][PASSED] - Execute JavaScript 'arguments[0].click();' successfully&#xD;
&#xD;
2019-08-22 09:45:30 - [MESSAGE][PASSED] - Object 'Object Repository/PartyOnboarding/Personal/PartyRequiredDocument/ddl_DocumentsCollectionStatus' is visible&#xD;
&#xD;
2019-08-22 09:45:32 - [MESSAGE][PASSED] - Keys 'Documents collected and validated centrally' sent to object: 'Object Repository/PartyOnboarding/Personal/PartyRequiredDocument/ddl_DocumentsCollectionStatus'&#xD;
&#xD;
2019-08-22 09:45:32 - [TEST_STEP][PASSED] - partyOnboardingEnterprise.clickNextbutton(): Object: 'Object Repository/PartyOnboarding/btn_Next' is clicked on&#xD;
&#xD;
2019-08-22 09:45:32 - [MESSAGE][PASSED] - Object 'Object Repository/PartyOnboarding/btn_Next' is visible&#xD;
&#xD;
2019-08-22 09:45:32 - [MESSAGE][PASSED] - Object: 'Object Repository/PartyOnboarding/btn_Next' is clicked on&#xD;
&#xD;
2019-08-22 09:45:32 - [TEST_STEP][PASSED] - delay(1): Delayed 1 second(s)&#xD;
&#xD;
2019-08-22 09:45:33 - [MESSAGE][PASSED] - Delayed 1 second(s)&#xD;
&#xD;
2019-08-22 09:45:33 - [TEST_STEP][PASSED] - log.logInfo("--- " + " Click Next button ---"): ---  Click Next button ---&#xD;
&#xD;
2019-08-22 09:45:33 - [MESSAGE][INFO] - ---  Click Next button ---&#xD;
&#xD;
2019-08-22 09:45:33 - [TEST_STEP][PASSED] - partyOnboardingEnterprise.clickNextbutton(): Object: 'Object Repository/PartyOnboarding/btn_Next' is clicked on&#xD;
&#xD;
2019-08-22 09:45:33 - [MESSAGE][PASSED] - Object 'Object Repository/PartyOnboarding/btn_Next' is visible&#xD;
&#xD;
2019-08-22 09:45:33 - [MESSAGE][PASSED] - Object: 'Object Repository/PartyOnboarding/btn_Next' is clicked on&#xD;
&#xD;
2019-08-22 09:45:33 - [TEST_STEP][PASSED] - log.logInfo("--- " + " Click Next button ---"): ---  Click Next button ---&#xD;
&#xD;
2019-08-22 09:45:33 - [MESSAGE][INFO] - ---  Click Next button ---&#xD;
&#xD;
2019-08-22 09:45:33 - [TEST_STEP][PASSED] - delay(1): Delayed 1 second(s)&#xD;
&#xD;
2019-08-22 09:45:34 - [MESSAGE][PASSED] - Delayed 1 second(s)&#xD;
&#xD;
2019-08-22 09:45:34 - [TEST_STEP][PASSED] - partyOnboardingEnterprise.clickNextbutton(): Object: 'Object Repository/PartyOnboarding/btn_Next' is clicked on&#xD;
&#xD;
2019-08-22 09:45:34 - [MESSAGE][PASSED] - Object 'Object Repository/PartyOnboarding/btn_Next' is visible&#xD;
&#xD;
2019-08-22 09:45:34 - [MESSAGE][PASSED] - Object: 'Object Repository/PartyOnboarding/btn_Next' is clicked on&#xD;
&#xD;
2019-08-22 09:45:34 - [TEST_STEP][PASSED] - log.logInfo("--- " + " Click Process on Warning box ---"): ---  Click Process on Warning box ---&#xD;
&#xD;
2019-08-22 09:45:34 - [MESSAGE][INFO] - ---  Click Process on Warning box ---&#xD;
&#xD;
2019-08-22 09:45:34 - [TEST_STEP][PASSED] - partyOnboardingEnterprise.clickAskForApprovalbutton(): Object: 'Object Repository/PartyOnboarding/RequestToApproval/AskForApproval_btn' is clicked on&#xD;
&#xD;
2019-08-22 09:45:35 - [MESSAGE][PASSED] - Object 'Object Repository/PartyOnboarding/RequestToApproval/AskForApproval_btn' is visible&#xD;
&#xD;
2019-08-22 09:45:35 - [MESSAGE][PASSED] - Object: 'Object Repository/PartyOnboarding/RequestToApproval/AskForApproval_btn' is clicked on</system-out>
            <system-err></system-err>
        </testcase>
        <testcase name="Test Cases/DataPreparation/PartyOnboardingEnterprise" classname="Test Cases/DataPreparation/PartyOnboardingEnterprise" status="PASSED">
            <system-out>2019-08-22 09:45:35 - [TEST_CASE][PASSED] - Test Cases/DataPreparation/PartyOnboardingEnterprise: Test Cases/DataPreparation/PartyOnboardingEnterprise&#xD;
&#xD;
2019-08-22 09:45:35 - [TEST_STEP][PASSED] - Start listener action : sampleBeforeTestCase: null&#xD;
&#xD;
2019-08-22 09:45:35 - [TEST_STEP][PASSED] - testCaseID = testCaseContext.getTestCaseId(): null&#xD;
&#xD;
2019-08-22 09:45:35 - [TEST_STEP][PASSED] - log = new com.kms.katalon.core.util.KeywordUtil(): null&#xD;
&#xD;
2019-08-22 09:45:35 - [TEST_STEP][PASSED] - partyOnboardingEnterprise = new pageObjects.PartyOnboarding(): null&#xD;
&#xD;
2019-08-22 09:45:35 - [TEST_STEP][PASSED] - delay(3): Delayed 3 second(s)&#xD;
&#xD;
2019-08-22 09:45:38 - [MESSAGE][PASSED] - Delayed 3 second(s)&#xD;
&#xD;
2019-08-22 09:45:38 - [TEST_STEP][PASSED] - log.logInfo("--- Open Party Onboarding in Menu Search ---"): --- Open Party Onboarding in Menu Search ---&#xD;
&#xD;
2019-08-22 09:45:38 - [MESSAGE][INFO] - --- Open Party Onboarding in Menu Search ---&#xD;
&#xD;
2019-08-22 09:45:38 - [TEST_STEP][PASSED] - partyOnboardingEnterprise.inputPartyOnboardingMenuSearch(): Object 'menuSearch_txt' is present&#xD;
&#xD;
2019-08-22 09:45:38 - [MESSAGE][PASSED] - Object 'Object Repository/Menu_Search' is visible&#xD;
&#xD;
2019-08-22 09:45:39 - [MESSAGE][PASSED] - Keys 'ENTER + Party Onboarding' sent to object: 'Object Repository/Menu_Search'&#xD;
&#xD;
2019-08-22 09:45:39 - [MESSAGE][PASSED] - Object 'menuSearch_txt' is present&#xD;
&#xD;
2019-08-22 09:45:39 - [TEST_STEP][PASSED] - log.logInfo("/---------------Party Onboarding---------------/"): /---------------Party Onboarding---------------/&#xD;
&#xD;
2019-08-22 09:45:39 - [MESSAGE][INFO] - /---------------Party Onboarding---------------/&#xD;
&#xD;
2019-08-22 09:45:39 - [TEST_STEP][PASSED] - log.logInfo("--- Input Local Global ---"): --- Input Local Global ---&#xD;
&#xD;
2019-08-22 09:45:39 - [MESSAGE][INFO] - --- Input Local Global ---&#xD;
&#xD;
2019-08-22 09:45:39 - [TEST_STEP][PASSED] - partyOnboardingEnterprise.inputLocalGlobal(s01_localglobal): Keys 'Local Private' sent to object: 'Object Repository/PartyOnboarding/PartyOnboarding/Local Global'&#xD;
&#xD;
2019-08-22 09:45:40 - [MESSAGE][PASSED] - Text of object 'Object Repository/PartyOnboarding/PartyOnboarding/Local Global' is cleared&#xD;
&#xD;
2019-08-22 09:45:40 - [MESSAGE][PASSED] - Object 'Object Repository/PartyOnboarding/PartyOnboarding/Local Global' is visible&#xD;
&#xD;
2019-08-22 09:45:40 - [MESSAGE][PASSED] - Object 'Object Repository/PartyOnboarding/PartyOnboarding/Local Global' is visible&#xD;
&#xD;
2019-08-22 09:45:40 - [MESSAGE][PASSED] - Keys 'Local Private' sent to object: 'Object Repository/PartyOnboarding/PartyOnboarding/Local Global'&#xD;
&#xD;
2019-08-22 09:45:40 - [TEST_STEP][PASSED] - log.logInfo("--- Input Party Type ---"): --- Input Party Type ---&#xD;
&#xD;
2019-08-22 09:45:40 - [MESSAGE][INFO] - --- Input Party Type ---&#xD;
&#xD;
2019-08-22 09:45:40 - [TEST_STEP][PASSED] - partyOnboardingEnterprise.inputPartyType(s01_partytype): Keys 'TAB + Enterprise' sent to object: 'Object Repository/PartyOnboarding/PartyOnboarding/Party Type'&#xD;
&#xD;
2019-08-22 09:45:40 - [MESSAGE][PASSED] - Object 'Object Repository/PartyOnboarding/PartyOnboarding/Party Type' is visible&#xD;
&#xD;
2019-08-22 09:45:41 - [MESSAGE][PASSED] - Keys 'TAB + Enterprise' sent to object: 'Object Repository/PartyOnboarding/PartyOnboarding/Party Type'&#xD;
&#xD;
2019-08-22 09:45:41 - [TEST_STEP][PASSED] - log.logInfo("--- Input Party Sub Type ---"): --- Input Party Sub Type ---&#xD;
&#xD;
2019-08-22 09:45:41 - [MESSAGE][INFO] - --- Input Party Sub Type ---&#xD;
&#xD;
2019-08-22 09:45:41 - [TEST_STEP][PASSED] - partyOnboardingEnterprise.inputPartySubType(s01_partysubtype): Keys 'PRIVATE/PUBLIC/PUBLIC LISTED COMPANY (MYANMAR)' sent to object: 'Object Repository/PartyOnboarding/PartyOnboarding/Party Sub-Type'&#xD;
&#xD;
2019-08-22 09:45:42 - [MESSAGE][PASSED] - Delayed 1 second(s)&#xD;
&#xD;
2019-08-22 09:45:42 - [MESSAGE][PASSED] - Object 'Object Repository/PartyOnboarding/PartyOnboarding/Party Type' is visible&#xD;
&#xD;
2019-08-22 09:45:43 - [MESSAGE][PASSED] - Keys 'PRIVATE/PUBLIC/PUBLIC LISTED COMPANY (MYANMAR)' sent to object: 'Object Repository/PartyOnboarding/PartyOnboarding/Party Sub-Type'&#xD;
&#xD;
2019-08-22 09:45:43 - [TEST_STEP][PASSED] - log.logInfo("--- Input Party Category ---"): --- Input Party Category ---&#xD;
&#xD;
2019-08-22 09:45:43 - [MESSAGE][INFO] - --- Input Party Category ---&#xD;
&#xD;
2019-08-22 09:45:43 - [TEST_STEP][PASSED] - partyOnboardingEnterprise.inputPartyCategory(s01_partycategory): Keys 'Full' sent to object: 'Object Repository/PartyOnboarding/PartyOnboarding/Party Category'&#xD;
&#xD;
2019-08-22 09:45:43 - [MESSAGE][PASSED] - Object 'Object Repository/PartyOnboarding/PartyOnboarding/Party Category' is visible&#xD;
&#xD;
2019-08-22 09:45:43 - [MESSAGE][PASSED] - Keys 'Full' sent to object: 'Object Repository/PartyOnboarding/PartyOnboarding/Party Category'&#xD;
&#xD;
2019-08-22 09:45:43 - [TEST_STEP][PASSED] - log.logInfo("--- Check Line of Business ---"): --- Check Line of Business ---&#xD;
&#xD;
2019-08-22 09:45:43 - [MESSAGE][INFO] - --- Check Line of Business ---&#xD;
&#xD;
2019-08-22 09:45:43 - [TEST_STEP][PASSED] - partyOnboardingEnterprise.clickLineofBusiness(s01_lineofbusiness, findTestObject("PartyOnboarding/PartyOnboarding/div_Core Banking")): Object 'Object Repository/PartyOnboarding/PartyOnboarding/LineofBusiness_List' is checked&#xD;
&#xD;
2019-08-22 09:45:43 - [MESSAGE][PASSED] - Object 'Object Repository/PartyOnboarding/PartyOnboarding/div_Core Banking' is visible&#xD;
&#xD;
2019-08-22 09:45:43 - [MESSAGE][PASSED] - Attribute 'aria-checked' of object 'Object Repository/PartyOnboarding/PartyOnboarding/div_Core Banking' is: 'true'&#xD;
&#xD;
2019-08-22 09:45:43 - [MESSAGE][PASSED] - Object 'Object Repository/PartyOnboarding/PartyOnboarding/chk_SelectAllLineOfBusiness' is visible&#xD;
&#xD;
2019-08-22 09:45:43 - [MESSAGE][PASSED] - Attribute 'aria-checked' of object 'Object Repository/PartyOnboarding/PartyOnboarding/chk_SelectAllLineOfBusiness' is: 'true'&#xD;
&#xD;
2019-08-22 09:45:43 - [MESSAGE][PASSED] - Object 'Object Repository/PartyOnboarding/PartyOnboarding/LineofBusiness_List' is visible&#xD;
&#xD;
2019-08-22 09:45:43 - [MESSAGE][PASSED] - Attribute 'aria-checked' of object 'Object Repository/PartyOnboarding/PartyOnboarding/LineofBusiness_List' is: 'true'&#xD;
&#xD;
2019-08-22 09:45:43 - [MESSAGE][PASSED] - Object 'Object Repository/PartyOnboarding/PartyOnboarding/LineofBusiness_List' is visible&#xD;
&#xD;
2019-08-22 09:45:43 - [MESSAGE][PASSED] - Attribute 'aria-checked' of object 'Object Repository/PartyOnboarding/PartyOnboarding/LineofBusiness_List' is: 'true'&#xD;
&#xD;
2019-08-22 09:45:43 - [MESSAGE][PASSED] - Object 'Object Repository/PartyOnboarding/PartyOnboarding/chk_SelectAllLineOfBusiness' is visible&#xD;
&#xD;
2019-08-22 09:45:43 - [MESSAGE][PASSED] - Attribute 'aria-checked' of object 'Object Repository/PartyOnboarding/PartyOnboarding/chk_SelectAllLineOfBusiness' is: 'true'&#xD;
&#xD;
2019-08-22 09:45:43 - [MESSAGE][PASSED] - Object 'Object Repository/PartyOnboarding/PartyOnboarding/chk_SelectAllLineOfBusiness' is checked&#xD;
&#xD;
2019-08-22 09:45:43 - [MESSAGE][PASSED] - Object 'Object Repository/PartyOnboarding/PartyOnboarding/div_Core Banking' is visible&#xD;
&#xD;
2019-08-22 09:45:44 - [MESSAGE][PASSED] - Attribute 'aria-checked' of object 'Object Repository/PartyOnboarding/PartyOnboarding/div_Core Banking' is: 'false'&#xD;
&#xD;
2019-08-22 09:45:44 - [MESSAGE][PASSED] - Object 'Object Repository/PartyOnboarding/PartyOnboarding/div_Core Banking' is checked&#xD;
&#xD;
2019-08-22 09:45:44 - [MESSAGE][PASSED] - Object 'Object Repository/PartyOnboarding/PartyOnboarding/LineofBusiness_List' is visible&#xD;
&#xD;
2019-08-22 09:45:44 - [MESSAGE][PASSED] - Attribute 'aria-checked' of object 'Object Repository/PartyOnboarding/PartyOnboarding/LineofBusiness_List' is: 'false'&#xD;
&#xD;
2019-08-22 09:45:44 - [MESSAGE][PASSED] - Object 'Object Repository/PartyOnboarding/PartyOnboarding/LineofBusiness_List' is checked&#xD;
&#xD;
2019-08-22 09:45:44 - [TEST_STEP][PASSED] - log.logInfo("--- Click Next to Party Check List  ---"): --- Click Next to Party Check List  ---&#xD;
&#xD;
2019-08-22 09:45:44 - [MESSAGE][INFO] - --- Click Next to Party Check List  ---&#xD;
&#xD;
2019-08-22 09:45:44 - [TEST_STEP][PASSED] - partyOnboardingEnterprise.clickNextbutton(): Object: 'Object Repository/PartyOnboarding/btn_Next' is clicked on&#xD;
&#xD;
2019-08-22 09:45:44 - [MESSAGE][PASSED] - Object 'Object Repository/PartyOnboarding/btn_Next' is visible&#xD;
&#xD;
2019-08-22 09:45:44 - [MESSAGE][PASSED] - Object: 'Object Repository/PartyOnboarding/btn_Next' is clicked on&#xD;
&#xD;
2019-08-22 09:45:44 - [TEST_STEP][PASSED] - delay(1): Delayed 1 second(s)&#xD;
&#xD;
2019-08-22 09:45:45 - [MESSAGE][PASSED] - Delayed 1 second(s)&#xD;
&#xD;
2019-08-22 09:45:45 - [TEST_STEP][PASSED] - partyOnboardingEnterprise.clickNextbutton(): Object: 'Object Repository/PartyOnboarding/btn_Next' is clicked on&#xD;
&#xD;
2019-08-22 09:45:45 - [MESSAGE][PASSED] - Object 'Object Repository/PartyOnboarding/btn_Next' is visible&#xD;
&#xD;
2019-08-22 09:45:45 - [MESSAGE][PASSED] - Object: 'Object Repository/PartyOnboarding/btn_Next' is clicked on&#xD;
&#xD;
2019-08-22 09:45:45 - [TEST_STEP][PASSED] - log.logInfo("/---------------Pre-Existence Check---------------/"): /---------------Pre-Existence Check---------------/&#xD;
&#xD;
2019-08-22 09:45:45 - [MESSAGE][INFO] - /---------------Pre-Existence Check---------------/&#xD;
&#xD;
2019-08-22 09:45:45 - [TEST_STEP][PASSED] - partyOnboardingEnterprise.inputEnterpriseName(s02_enterpriseName): Keys 'Enterprise 0000001' sent to object: 'Object Repository/PartyOnboarding/Enterprise/PreExistenceCheck/txt_EnterpriseName'&#xD;
&#xD;
2019-08-22 09:45:46 - [MESSAGE][PASSED] - Object 'Object Repository/PartyOnboarding/Enterprise/PreExistenceCheck/txt_EnterpriseName' is visible&#xD;
&#xD;
2019-08-22 09:45:46 - [MESSAGE][PASSED] - Keys 'Enterprise 0000001' sent to object: 'Object Repository/PartyOnboarding/Enterprise/PreExistenceCheck/txt_EnterpriseName'&#xD;
&#xD;
2019-08-22 09:45:46 - [TEST_STEP][PASSED] - partyOnboardingEnterprise.inputRegistration(): Keys 'QVrejeEU' sent to object: 'Object Repository/PartyOnboarding/Enterprise/PreExistenceCheck/txt_Registration'&#xD;
&#xD;
2019-08-22 09:45:46 - [MESSAGE][PASSED] - Object 'Object Repository/PartyOnboarding/Enterprise/PreExistenceCheck/txt_Registration' is visible&#xD;
&#xD;
2019-08-22 09:45:46 - [MESSAGE][PASSED] - Keys 'QVrejeEU' sent to object: 'Object Repository/PartyOnboarding/Enterprise/PreExistenceCheck/txt_Registration'&#xD;
&#xD;
2019-08-22 09:45:46 - [TEST_STEP][PASSED] - partyOnboardingEnterprise.clickNextbutton(): Object: 'Object Repository/PartyOnboarding/btn_Next' is clicked on&#xD;
&#xD;
2019-08-22 09:45:46 - [MESSAGE][PASSED] - Object 'Object Repository/PartyOnboarding/btn_Next' is visible&#xD;
&#xD;
2019-08-22 09:45:46 - [MESSAGE][PASSED] - Object: 'Object Repository/PartyOnboarding/btn_Next' is clicked on&#xD;
&#xD;
2019-08-22 09:45:46 - [TEST_STEP][PASSED] - log.logInfo("/--------------- Party Onboarding---------------/"): /--------------- Party Onboarding---------------/&#xD;
&#xD;
2019-08-22 09:45:46 - [MESSAGE][INFO] - /--------------- Party Onboarding---------------/&#xD;
&#xD;
2019-08-22 09:45:46 - [TEST_STEP][PASSED] - partyOnboardingEnterprise.inputPartyId(): Web element with id: 'Object Repository/PartyOnboarding/Personal/PersonalParty/Message/pop_ErrorDuplicatePartyID' located by 'By.xpath: //textarea[@name='03messages']' not found&#xD;
&#xD;
2019-08-22 09:45:48 - [MESSAGE][PASSED] - Object 'Object Repository/PartyOnboarding/Personal/PersonalParty/txt_PartyID' is visible&#xD;
&#xD;
2019-08-22 09:45:48 - [MESSAGE][PASSED] - Object 'Object Repository/PartyOnboarding/Personal/PersonalParty/txt_PartyID' is visible&#xD;
&#xD;
2019-08-22 09:45:48 - [MESSAGE][PASSED] - Keys 'TAB + Ve0FY6rA' sent to object: 'Object Repository/PartyOnboarding/Personal/PersonalParty/txt_PartyID'&#xD;
&#xD;
2019-08-22 09:46:19 - [MESSAGE][INFO] - Unable to find the element located by 'By.xpath: //textarea[@name='03messages']'. Please recheck the objects properties to make sure the desired element is located. &#xD;
&#xD;
2019-08-22 09:46:19 - [MESSAGE][WARNING] - Web element with id: 'Object Repository/PartyOnboarding/Personal/PersonalParty/Message/pop_ErrorDuplicatePartyID' located by 'By.xpath: //textarea[@name='03messages']' not found&#xD;
&#xD;
2019-08-22 09:46:19 - [TEST_STEP][PASSED] - partyOnboardingEnterprise.inputShortNameEnterprise(s03_shortName): Keys 'TAB + Enterprise' sent to object: 'Object Repository/PartyOnboarding/Enterprise/EnterpriseParty/Short Name_txt'&#xD;
&#xD;
2019-08-22 09:46:19 - [MESSAGE][PASSED] - Object 'Object Repository/PartyOnboarding/Enterprise/EnterpriseParty/Short Name_txt' is visible&#xD;
&#xD;
2019-08-22 09:46:19 - [MESSAGE][PASSED] - Keys 'TAB + Enterprise' sent to object: 'Object Repository/PartyOnboarding/Enterprise/EnterpriseParty/Short Name_txt'&#xD;
&#xD;
2019-08-22 09:46:19 - [TEST_STEP][PASSED] - partyOnboardingEnterprise.clickNextbutton(): Object: 'Object Repository/PartyOnboarding/btn_Next' is clicked on&#xD;
&#xD;
2019-08-22 09:46:19 - [MESSAGE][PASSED] - Object 'Object Repository/PartyOnboarding/btn_Next' is visible&#xD;
&#xD;
2019-08-22 09:46:20 - [MESSAGE][PASSED] - Object: 'Object Repository/PartyOnboarding/btn_Next' is clicked on&#xD;
&#xD;
2019-08-22 09:46:20 - [TEST_STEP][PASSED] - partyOnboardingEnterprise.clickProcessInWarningBox(): Object: 'Object Repository/PartyOnboarding/Personal/PersonalParty/btn_Warnings_Proceed_NotCapture' is clicked on&#xD;
&#xD;
2019-08-22 09:46:20 - [MESSAGE][PASSED] - Object 'Object Repository/PartyOnboarding/Personal/PersonalParty/btn_Warnings_Proceed_NotCapture' is visible&#xD;
&#xD;
2019-08-22 09:46:20 - [MESSAGE][PASSED] - Object: 'Object Repository/PartyOnboarding/Personal/PersonalParty/btn_Warnings_Proceed_NotCapture' is clicked on&#xD;
&#xD;
2019-08-22 09:46:20 - [TEST_STEP][PASSED] - log.logInfo("/--------------- Party Onboarding - Address---------------/"): /--------------- Party Onboarding - Address---------------/&#xD;
&#xD;
2019-08-22 09:46:20 - [MESSAGE][INFO] - /--------------- Party Onboarding - Address---------------/&#xD;
&#xD;
2019-08-22 09:46:20 - [TEST_STEP][PASSED] - partyOnboardingEnterprise.inputRDataForAddressParty(s04_addressType, s04_userForCommunication, s04_validFrom): Execute JavaScript 'arguments[0].click();' successfully&#xD;
&#xD;
2019-08-22 09:46:21 - [MESSAGE][PASSED] - Object 'Object Repository/PartyOnboarding/Personal/PartyAddress/button_New Row_PartyAddress' is visible&#xD;
&#xD;
2019-08-22 09:46:21 - [MESSAGE][PASSED] - Execute JavaScript 'arguments[0].click();' successfully&#xD;
&#xD;
2019-08-22 09:46:21 - [MESSAGE][PASSED] - Object 'Object Repository/PartyOnboarding/Personal/PartyAddress/Address Type' is visible&#xD;
&#xD;
2019-08-22 09:46:22 - [MESSAGE][PASSED] - Keys 'TAB + Home Address' sent to object: 'Object Repository/PartyOnboarding/Personal/PartyAddress/Address Type'&#xD;
&#xD;
2019-08-22 09:46:22 - [MESSAGE][PASSED] - Object 'Object Repository/PartyOnboarding/Personal/PartyAddress/Valid From' is visible&#xD;
&#xD;
2019-08-22 09:46:22 - [MESSAGE][PASSED] - Text of object 'Object Repository/PartyOnboarding/Personal/PartyAddress/Valid From' is cleared&#xD;
&#xD;
2019-08-22 09:46:22 - [MESSAGE][PASSED] - Object 'Object Repository/PartyOnboarding/Personal/PartyAddress/Valid From' is visible&#xD;
&#xD;
2019-08-22 09:46:23 - [MESSAGE][PASSED] - Keys '2018-01-14' sent to object: 'Object Repository/PartyOnboarding/Personal/PartyAddress/Valid From'&#xD;
&#xD;
2019-08-22 09:46:23 - [MESSAGE][PASSED] - Object 'Object Repository/PartyOnboarding/Personal/PartyAddress/chk_Use  for Communication' is present&#xD;
&#xD;
2019-08-22 09:46:23 - [MESSAGE][PASSED] - Attribute 'aria-checked' of object 'Object Repository/PartyOnboarding/Personal/PartyAddress/chk_Use  for Communication' is: 'false'&#xD;
&#xD;
2019-08-22 09:46:23 - [MESSAGE][PASSED] - Object 'Object Repository/PartyOnboarding/Personal/PartyAddress/chk_Use  for Communication' is checked&#xD;
&#xD;
2019-08-22 09:46:23 - [MESSAGE][PASSED] - Object 'Object Repository/PartyOnboarding/Personal/PartyAddress/SaveRow' is visible&#xD;
&#xD;
2019-08-22 09:46:23 - [MESSAGE][PASSED] - Execute JavaScript 'arguments[0].click();' successfully&#xD;
&#xD;
2019-08-22 09:46:23 - [MESSAGE][PASSED] - Object 'Object Repository/PartyOnboarding/Personal/PartyAddress/button_New Row_PartyAddress' is visible&#xD;
&#xD;
2019-08-22 09:46:23 - [MESSAGE][PASSED] - Execute JavaScript 'arguments[0].click();' successfully&#xD;
&#xD;
2019-08-22 09:46:23 - [MESSAGE][PASSED] - Object 'Object Repository/PartyOnboarding/Personal/PartyAddress/Address Type' is visible&#xD;
&#xD;
2019-08-22 09:46:24 - [MESSAGE][PASSED] - Keys 'TAB + Current Address' sent to object: 'Object Repository/PartyOnboarding/Personal/PartyAddress/Address Type'&#xD;
&#xD;
2019-08-22 09:46:24 - [MESSAGE][PASSED] - Object 'Object Repository/PartyOnboarding/Personal/PartyAddress/Valid From' is visible&#xD;
&#xD;
2019-08-22 09:46:24 - [MESSAGE][PASSED] - Text of object 'Object Repository/PartyOnboarding/Personal/PartyAddress/Valid From' is cleared&#xD;
&#xD;
2019-08-22 09:46:24 - [MESSAGE][PASSED] - Object 'Object Repository/PartyOnboarding/Personal/PartyAddress/Valid From' is visible&#xD;
&#xD;
2019-08-22 09:46:24 - [MESSAGE][PASSED] - Keys '2018-01-17' sent to object: 'Object Repository/PartyOnboarding/Personal/PartyAddress/Valid From'&#xD;
&#xD;
2019-08-22 09:46:24 - [MESSAGE][PASSED] - Object 'Object Repository/PartyOnboarding/Personal/PartyAddress/SaveRow' is visible&#xD;
&#xD;
2019-08-22 09:46:24 - [MESSAGE][PASSED] - Execute JavaScript 'arguments[0].click();' successfully&#xD;
&#xD;
2019-08-22 09:46:24 - [MESSAGE][PASSED] - Object 'Object Repository/PartyOnboarding/Personal/PartyAddress/button_New Row_PartyAddress' is visible&#xD;
&#xD;
2019-08-22 09:46:24 - [MESSAGE][PASSED] - Execute JavaScript 'arguments[0].click();' successfully&#xD;
&#xD;
2019-08-22 09:46:24 - [MESSAGE][PASSED] - Object 'Object Repository/PartyOnboarding/Personal/PartyAddress/Address Type' is visible&#xD;
&#xD;
2019-08-22 09:46:25 - [MESSAGE][PASSED] - Keys 'TAB + Office Address' sent to object: 'Object Repository/PartyOnboarding/Personal/PartyAddress/Address Type'&#xD;
&#xD;
2019-08-22 09:46:25 - [MESSAGE][PASSED] - Object 'Object Repository/PartyOnboarding/Personal/PartyAddress/Valid From' is visible&#xD;
&#xD;
2019-08-22 09:46:25 - [MESSAGE][PASSED] - Text of object 'Object Repository/PartyOnboarding/Personal/PartyAddress/Valid From' is cleared&#xD;
&#xD;
2019-08-22 09:46:25 - [MESSAGE][PASSED] - Object 'Object Repository/PartyOnboarding/Personal/PartyAddress/Valid From' is visible&#xD;
&#xD;
2019-08-22 09:46:25 - [MESSAGE][PASSED] - Keys '2017-01-17' sent to object: 'Object Repository/PartyOnboarding/Personal/PartyAddress/Valid From'&#xD;
&#xD;
2019-08-22 09:46:25 - [MESSAGE][PASSED] - Object 'Object Repository/PartyOnboarding/Personal/PartyAddress/SaveRow' is visible&#xD;
&#xD;
2019-08-22 09:46:25 - [MESSAGE][PASSED] - Execute JavaScript 'arguments[0].click();' successfully&#xD;
&#xD;
2019-08-22 09:46:25 - [TEST_STEP][PASSED] - partyOnboardingEnterprise.clickNextbutton(): Object: 'Object Repository/PartyOnboarding/btn_Next' is clicked on&#xD;
&#xD;
2019-08-22 09:46:25 - [MESSAGE][PASSED] - Object 'Object Repository/PartyOnboarding/btn_Next' is visible&#xD;
&#xD;
2019-08-22 09:46:26 - [MESSAGE][PASSED] - Object: 'Object Repository/PartyOnboarding/btn_Next' is clicked on&#xD;
&#xD;
2019-08-22 09:46:26 - [TEST_STEP][PASSED] - partyOnboardingEnterprise.inputDataForPartyContacts(s05_contactMethod, s05_contactTypeLocation, s05_contactCountryCode, s05_contactAreaCode, s05_contactNumber, s05_contactEmail, s05_confirmEmail, s05_validFrom): Execute JavaScript 'arguments[0].click();' successfully&#xD;
&#xD;
2019-08-22 09:46:26 - [MESSAGE][PASSED] - Object 'Object Repository/PartyOnboarding/Personal/PartyContacts/New Row' is visible&#xD;
&#xD;
2019-08-22 09:46:26 - [MESSAGE][PASSED] - Execute JavaScript 'arguments[0].click();' successfully&#xD;
&#xD;
2019-08-22 09:46:27 - [MESSAGE][PASSED] - Delayed 1 second(s)&#xD;
&#xD;
2019-08-22 09:46:27 - [MESSAGE][PASSED] - Object 'Object Repository/PartyOnboarding/Personal/PartyContacts/Contact Method' is visible&#xD;
&#xD;
2019-08-22 09:46:28 - [MESSAGE][PASSED] - Keys 'TAB + Telephone' sent to object: 'Object Repository/PartyOnboarding/Personal/PartyContacts/Contact Method'&#xD;
&#xD;
2019-08-22 09:46:29 - [MESSAGE][PASSED] - Delayed 1 second(s)&#xD;
&#xD;
2019-08-22 09:46:29 - [MESSAGE][PASSED] - Object 'Object Repository/PartyOnboarding/Personal/PartyContacts/Contact Type  Location' is visible&#xD;
&#xD;
2019-08-22 09:46:29 - [MESSAGE][PASSED] - Keys 'TAB + Personal' sent to object: 'Object Repository/PartyOnboarding/Personal/PartyContacts/Contact Type  Location'&#xD;
&#xD;
2019-08-22 09:46:29 - [MESSAGE][PASSED] - Object 'Object Repository/PartyOnboarding/Personal/PartyContacts/Contact Email' is visible&#xD;
&#xD;
2019-08-22 09:46:29 - [MESSAGE][PASSED] - Object 'Object Repository/PartyOnboarding/Personal/PartyContacts/Contact Email' has attribute 'readonly'&#xD;
&#xD;
2019-08-22 09:46:29 - [MESSAGE][PASSED] - Object 'Object Repository/PartyOnboarding/Personal/PartyContacts/Contact Number_03_Code' is visible&#xD;
&#xD;
2019-08-22 09:46:29 - [MESSAGE][PASSED] - Text of object 'Object Repository/PartyOnboarding/Personal/PartyContacts/Contact Number_03_Code' is cleared&#xD;
&#xD;
2019-08-22 09:46:29 - [MESSAGE][PASSED] - Object 'Object Repository/PartyOnboarding/Personal/PartyContacts/Contact Number_03_Code' is visible&#xD;
&#xD;
2019-08-22 09:46:29 - [MESSAGE][PASSED] - Keys '+95' sent to object: 'Object Repository/PartyOnboarding/Personal/PartyContacts/Contact Number_03_Code'&#xD;
&#xD;
2019-08-22 09:46:29 - [MESSAGE][PASSED] - Object 'Object Repository/PartyOnboarding/Personal/PartyContacts/Contact Number_AreaCode' is visible&#xD;
&#xD;
2019-08-22 09:46:30 - [MESSAGE][PASSED] - Keys '' sent to object: 'Object Repository/PartyOnboarding/Personal/PartyContacts/Contact Number_AreaCode'&#xD;
&#xD;
2019-08-22 09:46:30 - [MESSAGE][PASSED] - Object 'Object Repository/PartyOnboarding/Personal/PartyContacts/Contact Number_Number' is visible&#xD;
&#xD;
2019-08-22 09:46:30 - [MESSAGE][PASSED] - Keys '9697989901' sent to object: 'Object Repository/PartyOnboarding/Personal/PartyContacts/Contact Number_Number'&#xD;
&#xD;
2019-08-22 09:46:30 - [MESSAGE][PASSED] - Object 'Object Repository/PartyOnboarding/Personal/PartyContacts/Contact Number_03_Code' is visible&#xD;
&#xD;
2019-08-22 09:46:30 - [MESSAGE][WARNING] - Object 'Object Repository/PartyOnboarding/Personal/PartyContacts/Contact Number_03_Code' does not have attribute 'readonly' (Root cause: com.kms.katalon.core.exception.StepFailedException: Object 'Object Repository/PartyOnboarding/Personal/PartyContacts/Contact Number_03_Code' does not have attribute 'readonly'&#xD;
	at com.kms.katalon.core.webui.keyword.internal.WebUIKeywordMain.stepFailed(WebUIKeywordMain.groovy:64)&#xD;
	at com.kms.katalon.core.webui.keyword.builtin.VerifyElementHasAttributeKeyword$_verifyElementHasAttribute_closure1.doCall(VerifyElementHasAttributeKeyword.groovy:89)&#xD;
	at com.kms.katalon.core.webui.keyword.builtin.VerifyElementHasAttributeKeyword$_verifyElementHasAttribute_closure1.call(VerifyElementHasAttributeKeyword.groovy)&#xD;
	at com.kms.katalon.core.webui.keyword.internal.WebUIKeywordMain.runKeyword(WebUIKeywordMain.groovy:20)&#xD;
	at com.kms.katalon.core.webui.keyword.builtin.VerifyElementHasAttributeKeyword.verifyElementHasAttribute(VerifyElementHasAttributeKeyword.groovy:100)&#xD;
	at com.kms.katalon.core.webui.keyword.builtin.VerifyElementHasAttributeKeyword.execute(VerifyElementHasAttributeKeyword.groovy:69)&#xD;
	at com.kms.katalon.core.keyword.internal.KeywordExecutor.executeKeywordForPlatform(KeywordExecutor.groovy:56)&#xD;
	at com.kms.katalon.core.webui.keyword.WebUiBuiltInKeywords.verifyElementHasAttribute(WebUiBuiltInKeywords.groovy:3166)&#xD;
	at com.kms.katalon.core.webui.keyword.WebUiBuiltInKeywords$verifyElementHasAttribute$11.call(Unknown Source)&#xD;
	at pageObjects.PartyOnboarding.inputDataForPartyContacts(PartyOnboarding.groovy:736)&#xD;
	at PartyOnboardingEnterprise.run(PartyOnboardingEnterprise:61)&#xD;
	at com.kms.katalon.core.main.ScriptEngine.run(ScriptEngine.java:194)&#xD;
	at com.kms.katalon.core.main.ScriptEngine.runScriptAsRawText(ScriptEngine.java:119)&#xD;
	at com.kms.katalon.core.main.TestCaseExecutor.runScript(TestCaseExecutor.java:337)&#xD;
	at com.kms.katalon.core.main.TestCaseExecutor.doExecute(TestCaseExecutor.java:328)&#xD;
	at com.kms.katalon.core.main.TestCaseExecutor.processExecutionPhase(TestCaseExecutor.java:307)&#xD;
	at com.kms.katalon.core.main.TestCaseExecutor.accessMainPhase(TestCaseExecutor.java:299)&#xD;
	at com.kms.katalon.core.main.TestCaseExecutor.execute(TestCaseExecutor.java:233)&#xD;
	at com.kms.katalon.core.main.TestSuiteExecutor.accessTestCaseMainPhase(TestSuiteExecutor.java:133)&#xD;
	at com.kms.katalon.core.main.TestSuiteExecutor.accessTestSuiteMainPhase(TestSuiteExecutor.java:116)&#xD;
	at com.kms.katalon.core.main.TestSuiteExecutor.execute(TestSuiteExecutor.java:83)&#xD;
	at com.kms.katalon.core.main.TestCaseMain.startTestSuite(TestCaseMain.java:157)&#xD;
	at com.kms.katalon.core.main.TestCaseMain$startTestSuite$0.call(Unknown Source)&#xD;
	at TempTestSuite1566441935163.run(TempTestSuite1566441935163.groovy:35)&#xD;
)&#xD;
[[ATTACHMENT|C:\\ML\\JITS\\AYA\\Automation\\FBE\\FBE\\Reports\\DataPreparation\\PartyOnboardingPersonal\\20190822_091535\\1566443790484.png]]&#xD;
&#xD;
2019-08-22 09:46:30 - [MESSAGE][PASSED] - Object 'Object Repository/PartyOnboarding/Personal/PartyContacts/Valid From' is visible&#xD;
&#xD;
2019-08-22 09:46:30 - [MESSAGE][PASSED] - Text of object 'Object Repository/PartyOnboarding/Personal/PartyContacts/Valid From' is cleared&#xD;
&#xD;
2019-08-22 09:46:30 - [MESSAGE][PASSED] - Object 'Object Repository/PartyOnboarding/Personal/PartyContacts/Valid From' is visible&#xD;
&#xD;
2019-08-22 09:46:31 - [MESSAGE][PASSED] - Keys '2018-12-20' sent to object: 'Object Repository/PartyOnboarding/Personal/PartyContacts/Valid From'&#xD;
&#xD;
2019-08-22 09:46:31 - [MESSAGE][PASSED] - Object 'Object Repository/PartyOnboarding/Personal/PartyContacts/Save Row' is visible&#xD;
&#xD;
2019-08-22 09:46:31 - [MESSAGE][PASSED] - Execute JavaScript 'arguments[0].click();' successfully&#xD;
&#xD;
2019-08-22 09:46:31 - [MESSAGE][PASSED] - Object 'Object Repository/PartyOnboarding/Personal/PartyContacts/New Row' is visible&#xD;
&#xD;
2019-08-22 09:46:31 - [MESSAGE][PASSED] - Execute JavaScript 'arguments[0].click();' successfully&#xD;
&#xD;
2019-08-22 09:46:32 - [MESSAGE][PASSED] - Delayed 1 second(s)&#xD;
&#xD;
2019-08-22 09:46:32 - [MESSAGE][PASSED] - Object 'Object Repository/PartyOnboarding/Personal/PartyContacts/Contact Method' is visible&#xD;
&#xD;
2019-08-22 09:46:32 - [MESSAGE][PASSED] - Keys 'TAB + Mobile' sent to object: 'Object Repository/PartyOnboarding/Personal/PartyContacts/Contact Method'&#xD;
&#xD;
2019-08-22 09:46:33 - [MESSAGE][PASSED] - Delayed 1 second(s)&#xD;
&#xD;
2019-08-22 09:46:33 - [MESSAGE][PASSED] - Object 'Object Repository/PartyOnboarding/Personal/PartyContacts/Contact Type  Location' is visible&#xD;
&#xD;
2019-08-22 09:46:33 - [MESSAGE][PASSED] - Keys 'TAB + Work' sent to object: 'Object Repository/PartyOnboarding/Personal/PartyContacts/Contact Type  Location'&#xD;
&#xD;
2019-08-22 09:46:34 - [MESSAGE][PASSED] - Object 'Object Repository/PartyOnboarding/Personal/PartyContacts/Contact Email' is visible&#xD;
&#xD;
2019-08-22 09:46:34 - [MESSAGE][PASSED] - Object 'Object Repository/PartyOnboarding/Personal/PartyContacts/Contact Email' has attribute 'readonly'&#xD;
&#xD;
2019-08-22 09:46:34 - [MESSAGE][PASSED] - Object 'Object Repository/PartyOnboarding/Personal/PartyContacts/Contact Number_03_Code' is visible&#xD;
&#xD;
2019-08-22 09:46:34 - [MESSAGE][PASSED] - Text of object 'Object Repository/PartyOnboarding/Personal/PartyContacts/Contact Number_03_Code' is cleared&#xD;
&#xD;
2019-08-22 09:46:34 - [MESSAGE][PASSED] - Object 'Object Repository/PartyOnboarding/Personal/PartyContacts/Contact Number_03_Code' is visible&#xD;
&#xD;
2019-08-22 09:46:34 - [MESSAGE][PASSED] - Keys '+1' sent to object: 'Object Repository/PartyOnboarding/Personal/PartyContacts/Contact Number_03_Code'&#xD;
&#xD;
2019-08-22 09:46:34 - [MESSAGE][PASSED] - Object 'Object Repository/PartyOnboarding/Personal/PartyContacts/Contact Number_AreaCode' is visible&#xD;
&#xD;
2019-08-22 09:46:34 - [MESSAGE][PASSED] - Keys '' sent to object: 'Object Repository/PartyOnboarding/Personal/PartyContacts/Contact Number_AreaCode'&#xD;
&#xD;
2019-08-22 09:46:34 - [MESSAGE][PASSED] - Object 'Object Repository/PartyOnboarding/Personal/PartyContacts/Contact Number_Number' is visible&#xD;
&#xD;
2019-08-22 09:46:34 - [MESSAGE][PASSED] - Keys '9697989901' sent to object: 'Object Repository/PartyOnboarding/Personal/PartyContacts/Contact Number_Number'&#xD;
&#xD;
2019-08-22 09:46:34 - [MESSAGE][PASSED] - Object 'Object Repository/PartyOnboarding/Personal/PartyContacts/Contact Number_03_Code' is visible&#xD;
&#xD;
2019-08-22 09:46:35 - [MESSAGE][WARNING] - Object 'Object Repository/PartyOnboarding/Personal/PartyContacts/Contact Number_03_Code' does not have attribute 'readonly' (Root cause: com.kms.katalon.core.exception.StepFailedException: Object 'Object Repository/PartyOnboarding/Personal/PartyContacts/Contact Number_03_Code' does not have attribute 'readonly'&#xD;
	at com.kms.katalon.core.webui.keyword.internal.WebUIKeywordMain.stepFailed(WebUIKeywordMain.groovy:64)&#xD;
	at com.kms.katalon.core.webui.keyword.builtin.VerifyElementHasAttributeKeyword$_verifyElementHasAttribute_closure1.doCall(VerifyElementHasAttributeKeyword.groovy:89)&#xD;
	at com.kms.katalon.core.webui.keyword.builtin.VerifyElementHasAttributeKeyword$_verifyElementHasAttribute_closure1.call(VerifyElementHasAttributeKeyword.groovy)&#xD;
	at com.kms.katalon.core.webui.keyword.internal.WebUIKeywordMain.runKeyword(WebUIKeywordMain.groovy:20)&#xD;
	at com.kms.katalon.core.webui.keyword.builtin.VerifyElementHasAttributeKeyword.verifyElementHasAttribute(VerifyElementHasAttributeKeyword.groovy:100)&#xD;
	at com.kms.katalon.core.webui.keyword.builtin.VerifyElementHasAttributeKeyword.execute(VerifyElementHasAttributeKeyword.groovy:69)&#xD;
	at com.kms.katalon.core.keyword.internal.KeywordExecutor.executeKeywordForPlatform(KeywordExecutor.groovy:56)&#xD;
	at com.kms.katalon.core.webui.keyword.WebUiBuiltInKeywords.verifyElementHasAttribute(WebUiBuiltInKeywords.groovy:3166)&#xD;
	at com.kms.katalon.core.webui.keyword.WebUiBuiltInKeywords$verifyElementHasAttribute$11.call(Unknown Source)&#xD;
	at pageObjects.PartyOnboarding.inputDataForPartyContacts(PartyOnboarding.groovy:736)&#xD;
	at PartyOnboardingEnterprise.run(PartyOnboardingEnterprise:61)&#xD;
	at com.kms.katalon.core.main.ScriptEngine.run(ScriptEngine.java:194)&#xD;
	at com.kms.katalon.core.main.ScriptEngine.runScriptAsRawText(ScriptEngine.java:119)&#xD;
	at com.kms.katalon.core.main.TestCaseExecutor.runScript(TestCaseExecutor.java:337)&#xD;
	at com.kms.katalon.core.main.TestCaseExecutor.doExecute(TestCaseExecutor.java:328)&#xD;
	at com.kms.katalon.core.main.TestCaseExecutor.processExecutionPhase(TestCaseExecutor.java:307)&#xD;
	at com.kms.katalon.core.main.TestCaseExecutor.accessMainPhase(TestCaseExecutor.java:299)&#xD;
	at com.kms.katalon.core.main.TestCaseExecutor.execute(TestCaseExecutor.java:233)&#xD;
	at com.kms.katalon.core.main.TestSuiteExecutor.accessTestCaseMainPhase(TestSuiteExecutor.java:133)&#xD;
	at com.kms.katalon.core.main.TestSuiteExecutor.accessTestSuiteMainPhase(TestSuiteExecutor.java:116)&#xD;
	at com.kms.katalon.core.main.TestSuiteExecutor.execute(TestSuiteExecutor.java:83)&#xD;
	at com.kms.katalon.core.main.TestCaseMain.startTestSuite(TestCaseMain.java:157)&#xD;
	at com.kms.katalon.core.main.TestCaseMain$startTestSuite$0.call(Unknown Source)&#xD;
	at TempTestSuite1566441935163.run(TempTestSuite1566441935163.groovy:35)&#xD;
)&#xD;
[[ATTACHMENT|C:\\ML\\JITS\\AYA\\Automation\\FBE\\FBE\\Reports\\DataPreparation\\PartyOnboardingPersonal\\20190822_091535\\1566443794743.png]]&#xD;
&#xD;
2019-08-22 09:46:35 - [MESSAGE][PASSED] - Object 'Object Repository/PartyOnboarding/Personal/PartyContacts/Valid From' is visible&#xD;
&#xD;
2019-08-22 09:46:35 - [MESSAGE][PASSED] - Text of object 'Object Repository/PartyOnboarding/Personal/PartyContacts/Valid From' is cleared&#xD;
&#xD;
2019-08-22 09:46:35 - [MESSAGE][PASSED] - Object 'Object Repository/PartyOnboarding/Personal/PartyContacts/Valid From' is visible&#xD;
&#xD;
2019-08-22 09:46:35 - [MESSAGE][PASSED] - Keys '2018-01-24' sent to object: 'Object Repository/PartyOnboarding/Personal/PartyContacts/Valid From'&#xD;
&#xD;
2019-08-22 09:46:35 - [MESSAGE][PASSED] - Object 'Object Repository/PartyOnboarding/Personal/PartyContacts/Save Row' is visible&#xD;
&#xD;
2019-08-22 09:46:35 - [MESSAGE][PASSED] - Execute JavaScript 'arguments[0].click();' successfully&#xD;
&#xD;
2019-08-22 09:46:35 - [MESSAGE][PASSED] - Object 'Object Repository/PartyOnboarding/Personal/PartyContacts/New Row' is visible&#xD;
&#xD;
2019-08-22 09:46:35 - [MESSAGE][PASSED] - Execute JavaScript 'arguments[0].click();' successfully&#xD;
&#xD;
2019-08-22 09:46:36 - [MESSAGE][PASSED] - Delayed 1 second(s)&#xD;
&#xD;
2019-08-22 09:46:36 - [MESSAGE][PASSED] - Object 'Object Repository/PartyOnboarding/Personal/PartyContacts/Contact Method' is visible&#xD;
&#xD;
2019-08-22 09:46:36 - [MESSAGE][PASSED] - Keys 'TAB + Email' sent to object: 'Object Repository/PartyOnboarding/Personal/PartyContacts/Contact Method'&#xD;
&#xD;
2019-08-22 09:46:37 - [MESSAGE][PASSED] - Delayed 1 second(s)&#xD;
&#xD;
2019-08-22 09:46:37 - [MESSAGE][PASSED] - Object 'Object Repository/PartyOnboarding/Personal/PartyContacts/Contact Type  Location' is visible&#xD;
&#xD;
2019-08-22 09:46:38 - [MESSAGE][PASSED] - Keys 'TAB + Personal' sent to object: 'Object Repository/PartyOnboarding/Personal/PartyContacts/Contact Type  Location'&#xD;
&#xD;
2019-08-22 09:46:38 - [MESSAGE][PASSED] - Object 'Object Repository/PartyOnboarding/Personal/PartyContacts/Contact Email' is visible&#xD;
&#xD;
2019-08-22 09:46:38 - [MESSAGE][WARNING] - Object 'Object Repository/PartyOnboarding/Personal/PartyContacts/Contact Email' does not have attribute 'readonly' (Root cause: com.kms.katalon.core.exception.StepFailedException: Object 'Object Repository/PartyOnboarding/Personal/PartyContacts/Contact Email' does not have attribute 'readonly'&#xD;
	at com.kms.katalon.core.webui.keyword.internal.WebUIKeywordMain.stepFailed(WebUIKeywordMain.groovy:64)&#xD;
	at com.kms.katalon.core.webui.keyword.builtin.VerifyElementHasAttributeKeyword$_verifyElementHasAttribute_closure1.doCall(VerifyElementHasAttributeKeyword.groovy:89)&#xD;
	at com.kms.katalon.core.webui.keyword.builtin.VerifyElementHasAttributeKeyword$_verifyElementHasAttribute_closure1.call(VerifyElementHasAttributeKeyword.groovy)&#xD;
	at com.kms.katalon.core.webui.keyword.internal.WebUIKeywordMain.runKeyword(WebUIKeywordMain.groovy:20)&#xD;
	at com.kms.katalon.core.webui.keyword.builtin.VerifyElementHasAttributeKeyword.verifyElementHasAttribute(VerifyElementHasAttributeKeyword.groovy:100)&#xD;
	at com.kms.katalon.core.webui.keyword.builtin.VerifyElementHasAttributeKeyword.execute(VerifyElementHasAttributeKeyword.groovy:69)&#xD;
	at com.kms.katalon.core.keyword.internal.KeywordExecutor.executeKeywordForPlatform(KeywordExecutor.groovy:56)&#xD;
	at com.kms.katalon.core.webui.keyword.WebUiBuiltInKeywords.verifyElementHasAttribute(WebUiBuiltInKeywords.groovy:3166)&#xD;
	at com.kms.katalon.core.webui.keyword.WebUiBuiltInKeywords$verifyElementHasAttribute$11.call(Unknown Source)&#xD;
	at pageObjects.PartyOnboarding.inputDataForPartyContacts(PartyOnboarding.groovy:721)&#xD;
	at PartyOnboardingEnterprise.run(PartyOnboardingEnterprise:61)&#xD;
	at com.kms.katalon.core.main.ScriptEngine.run(ScriptEngine.java:194)&#xD;
	at com.kms.katalon.core.main.ScriptEngine.runScriptAsRawText(ScriptEngine.java:119)&#xD;
	at com.kms.katalon.core.main.TestCaseExecutor.runScript(TestCaseExecutor.java:337)&#xD;
	at com.kms.katalon.core.main.TestCaseExecutor.doExecute(TestCaseExecutor.java:328)&#xD;
	at com.kms.katalon.core.main.TestCaseExecutor.processExecutionPhase(TestCaseExecutor.java:307)&#xD;
	at com.kms.katalon.core.main.TestCaseExecutor.accessMainPhase(TestCaseExecutor.java:299)&#xD;
	at com.kms.katalon.core.main.TestCaseExecutor.execute(TestCaseExecutor.java:233)&#xD;
	at com.kms.katalon.core.main.TestSuiteExecutor.accessTestCaseMainPhase(TestSuiteExecutor.java:133)&#xD;
	at com.kms.katalon.core.main.TestSuiteExecutor.accessTestSuiteMainPhase(TestSuiteExecutor.java:116)&#xD;
	at com.kms.katalon.core.main.TestSuiteExecutor.execute(TestSuiteExecutor.java:83)&#xD;
	at com.kms.katalon.core.main.TestCaseMain.startTestSuite(TestCaseMain.java:157)&#xD;
	at com.kms.katalon.core.main.TestCaseMain$startTestSuite$0.call(Unknown Source)&#xD;
	at TempTestSuite1566441935163.run(TempTestSuite1566441935163.groovy:35)&#xD;
)&#xD;
[[ATTACHMENT|C:\\ML\\JITS\\AYA\\Automation\\FBE\\FBE\\Reports\\DataPreparation\\PartyOnboardingPersonal\\20190822_091535\\1566443798358.png]]&#xD;
&#xD;
2019-08-22 09:46:38 - [MESSAGE][PASSED] - Object 'Object Repository/PartyOnboarding/Personal/PartyContacts/Contact Number_03_Code' is visible&#xD;
&#xD;
2019-08-22 09:46:38 - [MESSAGE][PASSED] - Object 'Object Repository/PartyOnboarding/Personal/PartyContacts/Contact Number_03_Code' has attribute 'readonly'&#xD;
&#xD;
2019-08-22 09:46:38 - [MESSAGE][PASSED] - Object 'Object Repository/PartyOnboarding/Personal/PartyContacts/Contact Email' is visible&#xD;
&#xD;
2019-08-22 09:46:39 - [MESSAGE][PASSED] - Keys 'nguyenthimyle@gmail.com' sent to object: 'Object Repository/PartyOnboarding/Personal/PartyContacts/Contact Email'&#xD;
&#xD;
2019-08-22 09:46:39 - [MESSAGE][PASSED] - Object 'Object Repository/PartyOnboarding/Personal/PartyContacts/Confirm Email' is visible&#xD;
&#xD;
2019-08-22 09:46:40 - [MESSAGE][PASSED] - Keys 'nguyenthimyle@gmail.com' sent to object: 'Object Repository/PartyOnboarding/Personal/PartyContacts/Confirm Email'&#xD;
&#xD;
2019-08-22 09:46:40 - [MESSAGE][PASSED] - Object 'Object Repository/PartyOnboarding/Personal/PartyContacts/Valid From' is visible&#xD;
&#xD;
2019-08-22 09:46:40 - [MESSAGE][PASSED] - Text of object 'Object Repository/PartyOnboarding/Personal/PartyContacts/Valid From' is cleared&#xD;
&#xD;
2019-08-22 09:46:40 - [MESSAGE][PASSED] - Object 'Object Repository/PartyOnboarding/Personal/PartyContacts/Valid From' is visible&#xD;
&#xD;
2019-08-22 09:46:40 - [MESSAGE][PASSED] - Keys '2017-01-24' sent to object: 'Object Repository/PartyOnboarding/Personal/PartyContacts/Valid From'&#xD;
&#xD;
2019-08-22 09:46:40 - [MESSAGE][PASSED] - Object 'Object Repository/PartyOnboarding/Personal/PartyContacts/Save Row' is visible&#xD;
&#xD;
2019-08-22 09:46:40 - [MESSAGE][PASSED] - Execute JavaScript 'arguments[0].click();' successfully&#xD;
&#xD;
2019-08-22 09:46:40 - [TEST_STEP][PASSED] - partyOnboardingEnterprise.clickNextbutton(): Object: 'Object Repository/PartyOnboarding/btn_Next' is clicked on&#xD;
&#xD;
2019-08-22 09:46:40 - [MESSAGE][PASSED] - Object 'Object Repository/PartyOnboarding/btn_Next' is visible&#xD;
&#xD;
2019-08-22 09:46:41 - [MESSAGE][PASSED] - Object: 'Object Repository/PartyOnboarding/btn_Next' is clicked on&#xD;
&#xD;
2019-08-22 09:46:41 - [TEST_STEP][PASSED] - partyOnboardingEnterprise.inputDataForPartyRequiredDocuments(s06_documentCategory, s06_kycExpired, s06_documentType, s06_validFrom, s06_validTo, s06_referenceNumber, s06_issuingAuthority, s06_issuingCountry, s06_documentVerified, s06_image, s06_documentCollectionStatus): Keys 'Documents collected and validated centrally' sent to object: 'Object Repository/PartyOnboarding/Personal/PartyRequiredDocument/ddl_DocumentsCollectionStatus'&#xD;
&#xD;
2019-08-22 09:46:42 - [MESSAGE][PASSED] - Delayed 1 second(s)&#xD;
&#xD;
2019-08-22 09:46:42 - [MESSAGE][PASSED] - Object 'Object Repository/PartyOnboarding/Personal/PartyRequiredDocument/New Row' is visible&#xD;
&#xD;
2019-08-22 09:46:42 - [MESSAGE][PASSED] - Execute JavaScript 'arguments[0].click();' successfully&#xD;
&#xD;
2019-08-22 09:46:42 - [MESSAGE][PASSED] - Object 'Object Repository/PartyOnboarding/Personal/PartyRequiredDocument/DocumentCategory' is visible&#xD;
&#xD;
2019-08-22 09:46:43 - [MESSAGE][PASSED] - Keys 'TAB + PT-AUTHORIZED MYCO USER' sent to object: 'Object Repository/PartyOnboarding/Personal/PartyRequiredDocument/DocumentCategory'&#xD;
&#xD;
2019-08-22 09:46:44 - [MESSAGE][PASSED] - Delayed 1 second(s)&#xD;
&#xD;
2019-08-22 09:46:44 - [MESSAGE][PASSED] - Object 'Object Repository/PartyOnboarding/Personal/PartyRequiredDocument/Document Type' is visible&#xD;
&#xD;
2019-08-22 09:46:45 - [MESSAGE][PASSED] - Keys 'TAB + AUTHORIZED MYCO USER' sent to object: 'Object Repository/PartyOnboarding/Personal/PartyRequiredDocument/Document Type'&#xD;
&#xD;
2019-08-22 09:46:46 - [MESSAGE][PASSED] - Delayed 1 second(s)&#xD;
&#xD;
2019-08-22 09:46:46 - [MESSAGE][PASSED] - Object 'Object Repository/PartyOnboarding/Personal/PartyRequiredDocument/Issuing Country' is visible&#xD;
&#xD;
2019-08-22 09:46:46 - [MESSAGE][PASSED] - Keys 'Myanmar' sent to object: 'Object Repository/PartyOnboarding/Personal/PartyRequiredDocument/Issuing Country'&#xD;
&#xD;
2019-08-22 09:46:47 - [MESSAGE][PASSED] - Delayed 1 second(s)&#xD;
&#xD;
2019-08-22 09:46:47 - [MESSAGE][PASSED] - Object 'Object Repository/PartyOnboarding/Personal/PartyRequiredDocument/Document Verified' is visible&#xD;
&#xD;
2019-08-22 09:46:47 - [MESSAGE][PASSED] - Keys 'TAB + TRUE' sent to object: 'Object Repository/PartyOnboarding/Personal/PartyRequiredDocument/Document Verified'&#xD;
&#xD;
2019-08-22 09:46:48 - [MESSAGE][PASSED] - Object 'Object Repository/PartyOnboarding/Personal/PartyRequiredDocument/Save Row' is visible&#xD;
&#xD;
2019-08-22 09:46:48 - [MESSAGE][PASSED] - Execute JavaScript 'arguments[0].click();' successfully&#xD;
&#xD;
2019-08-22 09:46:48 - [MESSAGE][PASSED] - Object 'Object Repository/PartyOnboarding/Personal/PartyRequiredDocument/New Row' is visible&#xD;
&#xD;
2019-08-22 09:46:48 - [MESSAGE][PASSED] - Execute JavaScript 'arguments[0].click();' successfully&#xD;
&#xD;
2019-08-22 09:46:48 - [MESSAGE][PASSED] - Object 'Object Repository/PartyOnboarding/Personal/PartyRequiredDocument/DocumentCategory' is visible&#xD;
&#xD;
2019-08-22 09:46:49 - [MESSAGE][PASSED] - Keys 'TAB + PT-BOARD OF DIRECTORS RESOLUTION' sent to object: 'Object Repository/PartyOnboarding/Personal/PartyRequiredDocument/DocumentCategory'&#xD;
&#xD;
2019-08-22 09:46:50 - [MESSAGE][PASSED] - Delayed 1 second(s)&#xD;
&#xD;
2019-08-22 09:46:50 - [MESSAGE][PASSED] - Object 'Object Repository/PartyOnboarding/Personal/PartyRequiredDocument/Document Type' is visible&#xD;
&#xD;
2019-08-22 09:46:52 - [MESSAGE][PASSED] - Keys 'TAB + BOARD OF DIRECTORS RESOLUTION' sent to object: 'Object Repository/PartyOnboarding/Personal/PartyRequiredDocument/Document Type'&#xD;
&#xD;
2019-08-22 09:46:53 - [MESSAGE][PASSED] - Delayed 1 second(s)&#xD;
&#xD;
2019-08-22 09:46:53 - [MESSAGE][PASSED] - Object 'Object Repository/PartyOnboarding/Personal/PartyRequiredDocument/Issuing Country' is visible&#xD;
&#xD;
2019-08-22 09:46:53 - [MESSAGE][PASSED] - Keys 'Myanmar' sent to object: 'Object Repository/PartyOnboarding/Personal/PartyRequiredDocument/Issuing Country'&#xD;
&#xD;
2019-08-22 09:46:54 - [MESSAGE][PASSED] - Delayed 1 second(s)&#xD;
&#xD;
2019-08-22 09:46:54 - [MESSAGE][PASSED] - Object 'Object Repository/PartyOnboarding/Personal/PartyRequiredDocument/Document Verified' is visible&#xD;
&#xD;
2019-08-22 09:46:54 - [MESSAGE][PASSED] - Keys 'TAB + TRUE' sent to object: 'Object Repository/PartyOnboarding/Personal/PartyRequiredDocument/Document Verified'&#xD;
&#xD;
2019-08-22 09:46:54 - [MESSAGE][PASSED] - Object 'Object Repository/PartyOnboarding/Personal/PartyRequiredDocument/Save Row' is visible&#xD;
&#xD;
2019-08-22 09:46:54 - [MESSAGE][PASSED] - Execute JavaScript 'arguments[0].click();' successfully&#xD;
&#xD;
2019-08-22 09:46:54 - [MESSAGE][PASSED] - Object 'Object Repository/PartyOnboarding/Personal/PartyRequiredDocument/New Row' is visible&#xD;
&#xD;
2019-08-22 09:46:55 - [MESSAGE][PASSED] - Execute JavaScript 'arguments[0].click();' successfully&#xD;
&#xD;
2019-08-22 09:46:55 - [MESSAGE][PASSED] - Object 'Object Repository/PartyOnboarding/Personal/PartyRequiredDocument/DocumentCategory' is visible&#xD;
&#xD;
2019-08-22 09:46:56 - [MESSAGE][PASSED] - Keys 'TAB + PT-CERTIFICATE OF INCORPORATION' sent to object: 'Object Repository/PartyOnboarding/Personal/PartyRequiredDocument/DocumentCategory'&#xD;
&#xD;
2019-08-22 09:46:57 - [MESSAGE][PASSED] - Delayed 1 second(s)&#xD;
&#xD;
2019-08-22 09:46:57 - [MESSAGE][PASSED] - Object 'Object Repository/PartyOnboarding/Personal/PartyRequiredDocument/Document Type' is visible&#xD;
&#xD;
2019-08-22 09:46:58 - [MESSAGE][PASSED] - Keys 'TAB + CERTIFICATE OF INCORPORATION' sent to object: 'Object Repository/PartyOnboarding/Personal/PartyRequiredDocument/Document Type'&#xD;
&#xD;
2019-08-22 09:46:59 - [MESSAGE][PASSED] - Delayed 1 second(s)&#xD;
&#xD;
2019-08-22 09:46:59 - [MESSAGE][PASSED] - Object 'Object Repository/PartyOnboarding/Personal/PartyRequiredDocument/Issuing Country' is visible&#xD;
&#xD;
2019-08-22 09:47:00 - [MESSAGE][PASSED] - Keys 'Myanmar' sent to object: 'Object Repository/PartyOnboarding/Personal/PartyRequiredDocument/Issuing Country'&#xD;
&#xD;
2019-08-22 09:47:01 - [MESSAGE][PASSED] - Delayed 1 second(s)&#xD;
&#xD;
2019-08-22 09:47:01 - [MESSAGE][PASSED] - Object 'Object Repository/PartyOnboarding/Personal/PartyRequiredDocument/Document Verified' is visible&#xD;
&#xD;
2019-08-22 09:47:01 - [MESSAGE][PASSED] - Keys 'TAB + TRUE' sent to object: 'Object Repository/PartyOnboarding/Personal/PartyRequiredDocument/Document Verified'&#xD;
&#xD;
2019-08-22 09:47:01 - [MESSAGE][PASSED] - Object 'Object Repository/PartyOnboarding/Personal/PartyRequiredDocument/Save Row' is visible&#xD;
&#xD;
2019-08-22 09:47:01 - [MESSAGE][PASSED] - Execute JavaScript 'arguments[0].click();' successfully&#xD;
&#xD;
2019-08-22 09:47:01 - [MESSAGE][PASSED] - Object 'Object Repository/PartyOnboarding/Personal/PartyRequiredDocument/New Row' is visible&#xD;
&#xD;
2019-08-22 09:47:01 - [MESSAGE][PASSED] - Execute JavaScript 'arguments[0].click();' successfully&#xD;
&#xD;
2019-08-22 09:47:01 - [MESSAGE][PASSED] - Object 'Object Repository/PartyOnboarding/Personal/PartyRequiredDocument/DocumentCategory' is visible&#xD;
&#xD;
2019-08-22 09:47:02 - [MESSAGE][PASSED] - Keys 'TAB + PT-FILING HISTORY' sent to object: 'Object Repository/PartyOnboarding/Personal/PartyRequiredDocument/DocumentCategory'&#xD;
&#xD;
2019-08-22 09:47:03 - [MESSAGE][PASSED] - Delayed 1 second(s)&#xD;
&#xD;
2019-08-22 09:47:03 - [MESSAGE][PASSED] - Object 'Object Repository/PartyOnboarding/Personal/PartyRequiredDocument/Document Type' is visible&#xD;
&#xD;
2019-08-22 09:47:04 - [MESSAGE][PASSED] - Keys 'TAB + FILING HISTORY' sent to object: 'Object Repository/PartyOnboarding/Personal/PartyRequiredDocument/Document Type'&#xD;
&#xD;
2019-08-22 09:47:05 - [MESSAGE][PASSED] - Delayed 1 second(s)&#xD;
&#xD;
2019-08-22 09:47:05 - [MESSAGE][PASSED] - Object 'Object Repository/PartyOnboarding/Personal/PartyRequiredDocument/Issuing Country' is visible&#xD;
&#xD;
2019-08-22 09:47:05 - [MESSAGE][PASSED] - Keys 'Myanmar' sent to object: 'Object Repository/PartyOnboarding/Personal/PartyRequiredDocument/Issuing Country'&#xD;
&#xD;
2019-08-22 09:47:06 - [MESSAGE][PASSED] - Delayed 1 second(s)&#xD;
&#xD;
2019-08-22 09:47:06 - [MESSAGE][PASSED] - Object 'Object Repository/PartyOnboarding/Personal/PartyRequiredDocument/Document Verified' is visible&#xD;
&#xD;
2019-08-22 09:47:06 - [MESSAGE][PASSED] - Keys 'TAB + TRUE' sent to object: 'Object Repository/PartyOnboarding/Personal/PartyRequiredDocument/Document Verified'&#xD;
&#xD;
2019-08-22 09:47:06 - [MESSAGE][PASSED] - Object 'Object Repository/PartyOnboarding/Personal/PartyRequiredDocument/Save Row' is visible&#xD;
&#xD;
2019-08-22 09:47:07 - [MESSAGE][PASSED] - Execute JavaScript 'arguments[0].click();' successfully&#xD;
&#xD;
2019-08-22 09:47:07 - [MESSAGE][PASSED] - Object 'Object Repository/PartyOnboarding/Personal/PartyRequiredDocument/New Row' is visible&#xD;
&#xD;
2019-08-22 09:47:07 - [MESSAGE][PASSED] - Execute JavaScript 'arguments[0].click();' successfully&#xD;
&#xD;
2019-08-22 09:47:07 - [MESSAGE][PASSED] - Object 'Object Repository/PartyOnboarding/Personal/PartyRequiredDocument/DocumentCategory' is visible&#xD;
&#xD;
2019-08-22 09:47:08 - [MESSAGE][PASSED] - Keys 'TAB + PT-FORM QA 22(FOREIGNER)' sent to object: 'Object Repository/PartyOnboarding/Personal/PartyRequiredDocument/DocumentCategory'&#xD;
&#xD;
2019-08-22 09:47:09 - [MESSAGE][PASSED] - Delayed 1 second(s)&#xD;
&#xD;
2019-08-22 09:47:09 - [MESSAGE][PASSED] - Object 'Object Repository/PartyOnboarding/Personal/PartyRequiredDocument/Document Type' is visible&#xD;
&#xD;
2019-08-22 09:47:10 - [MESSAGE][PASSED] - Keys 'TAB + FORM QA 22(FOREIGNER)' sent to object: 'Object Repository/PartyOnboarding/Personal/PartyRequiredDocument/Document Type'&#xD;
&#xD;
2019-08-22 09:47:11 - [MESSAGE][PASSED] - Delayed 1 second(s)&#xD;
&#xD;
2019-08-22 09:47:11 - [MESSAGE][PASSED] - Object 'Object Repository/PartyOnboarding/Personal/PartyRequiredDocument/Issuing Country' is visible&#xD;
&#xD;
2019-08-22 09:47:11 - [MESSAGE][PASSED] - Keys 'Myanmar' sent to object: 'Object Repository/PartyOnboarding/Personal/PartyRequiredDocument/Issuing Country'&#xD;
&#xD;
2019-08-22 09:47:12 - [MESSAGE][PASSED] - Delayed 1 second(s)&#xD;
&#xD;
2019-08-22 09:47:12 - [MESSAGE][PASSED] - Object 'Object Repository/PartyOnboarding/Personal/PartyRequiredDocument/Document Verified' is visible&#xD;
&#xD;
2019-08-22 09:47:12 - [MESSAGE][PASSED] - Keys 'TAB + TRUE' sent to object: 'Object Repository/PartyOnboarding/Personal/PartyRequiredDocument/Document Verified'&#xD;
&#xD;
2019-08-22 09:47:12 - [MESSAGE][PASSED] - Object 'Object Repository/PartyOnboarding/Personal/PartyRequiredDocument/Save Row' is visible&#xD;
&#xD;
2019-08-22 09:47:13 - [MESSAGE][PASSED] - Execute JavaScript 'arguments[0].click();' successfully&#xD;
&#xD;
2019-08-22 09:47:13 - [MESSAGE][PASSED] - Object 'Object Repository/PartyOnboarding/Personal/PartyRequiredDocument/New Row' is visible&#xD;
&#xD;
2019-08-22 09:47:13 - [MESSAGE][PASSED] - Execute JavaScript 'arguments[0].click();' successfully&#xD;
&#xD;
2019-08-22 09:47:13 - [MESSAGE][PASSED] - Object 'Object Repository/PartyOnboarding/Personal/PartyRequiredDocument/DocumentCategory' is visible&#xD;
&#xD;
2019-08-22 09:47:15 - [MESSAGE][PASSED] - Keys 'TAB + PT-LIST OF DIRECTORS AND MEMBER DETAILS' sent to object: 'Object Repository/PartyOnboarding/Personal/PartyRequiredDocument/DocumentCategory'&#xD;
&#xD;
2019-08-22 09:47:16 - [MESSAGE][PASSED] - Delayed 1 second(s)&#xD;
&#xD;
2019-08-22 09:47:16 - [MESSAGE][PASSED] - Object 'Object Repository/PartyOnboarding/Personal/PartyRequiredDocument/Document Type' is visible&#xD;
&#xD;
2019-08-22 09:47:17 - [MESSAGE][PASSED] - Keys 'TAB + LIST OF DIRECTORS AND MEMBER DETAILS' sent to object: 'Object Repository/PartyOnboarding/Personal/PartyRequiredDocument/Document Type'&#xD;
&#xD;
2019-08-22 09:47:18 - [MESSAGE][PASSED] - Delayed 1 second(s)&#xD;
&#xD;
2019-08-22 09:47:18 - [MESSAGE][PASSED] - Object 'Object Repository/PartyOnboarding/Personal/PartyRequiredDocument/Issuing Country' is visible&#xD;
&#xD;
2019-08-22 09:47:19 - [MESSAGE][PASSED] - Keys 'Myanmar' sent to object: 'Object Repository/PartyOnboarding/Personal/PartyRequiredDocument/Issuing Country'&#xD;
&#xD;
2019-08-22 09:47:20 - [MESSAGE][PASSED] - Delayed 1 second(s)&#xD;
&#xD;
2019-08-22 09:47:20 - [MESSAGE][PASSED] - Object 'Object Repository/PartyOnboarding/Personal/PartyRequiredDocument/Document Verified' is visible&#xD;
&#xD;
2019-08-22 09:47:20 - [MESSAGE][PASSED] - Keys 'TAB + TRUE' sent to object: 'Object Repository/PartyOnboarding/Personal/PartyRequiredDocument/Document Verified'&#xD;
&#xD;
2019-08-22 09:47:20 - [MESSAGE][PASSED] - Object 'Object Repository/PartyOnboarding/Personal/PartyRequiredDocument/Save Row' is visible&#xD;
&#xD;
2019-08-22 09:47:20 - [MESSAGE][PASSED] - Execute JavaScript 'arguments[0].click();' successfully&#xD;
&#xD;
2019-08-22 09:47:20 - [MESSAGE][PASSED] - Object 'Object Repository/PartyOnboarding/Personal/PartyRequiredDocument/New Row' is visible&#xD;
&#xD;
2019-08-22 09:47:20 - [MESSAGE][PASSED] - Execute JavaScript 'arguments[0].click();' successfully&#xD;
&#xD;
2019-08-22 09:47:20 - [MESSAGE][PASSED] - Object 'Object Repository/PartyOnboarding/Personal/PartyRequiredDocument/DocumentCategory' is visible&#xD;
&#xD;
2019-08-22 09:47:22 - [MESSAGE][PASSED] - Keys 'TAB + PT-LIST OF SHAREHOLDERS AND MEMBER DETAILS' sent to object: 'Object Repository/PartyOnboarding/Personal/PartyRequiredDocument/DocumentCategory'&#xD;
&#xD;
2019-08-22 09:47:23 - [MESSAGE][PASSED] - Delayed 1 second(s)&#xD;
&#xD;
2019-08-22 09:47:23 - [MESSAGE][PASSED] - Object 'Object Repository/PartyOnboarding/Personal/PartyRequiredDocument/Document Type' is visible&#xD;
&#xD;
2019-08-22 09:47:25 - [MESSAGE][PASSED] - Keys 'TAB + LIST OF SHAREHOLDERS AND MEMBER DETAILS' sent to object: 'Object Repository/PartyOnboarding/Personal/PartyRequiredDocument/Document Type'&#xD;
&#xD;
2019-08-22 09:47:26 - [MESSAGE][PASSED] - Delayed 1 second(s)&#xD;
&#xD;
2019-08-22 09:47:26 - [MESSAGE][PASSED] - Object 'Object Repository/PartyOnboarding/Personal/PartyRequiredDocument/Issuing Country' is visible&#xD;
&#xD;
2019-08-22 09:47:26 - [MESSAGE][PASSED] - Keys 'Myanmar' sent to object: 'Object Repository/PartyOnboarding/Personal/PartyRequiredDocument/Issuing Country'&#xD;
&#xD;
2019-08-22 09:47:27 - [MESSAGE][PASSED] - Delayed 1 second(s)&#xD;
&#xD;
2019-08-22 09:47:27 - [MESSAGE][PASSED] - Object 'Object Repository/PartyOnboarding/Personal/PartyRequiredDocument/Document Verified' is visible&#xD;
&#xD;
2019-08-22 09:47:28 - [MESSAGE][PASSED] - Keys 'TAB + TRUE' sent to object: 'Object Repository/PartyOnboarding/Personal/PartyRequiredDocument/Document Verified'&#xD;
&#xD;
2019-08-22 09:47:28 - [MESSAGE][PASSED] - Object 'Object Repository/PartyOnboarding/Personal/PartyRequiredDocument/Save Row' is visible&#xD;
&#xD;
2019-08-22 09:47:28 - [MESSAGE][PASSED] - Execute JavaScript 'arguments[0].click();' successfully&#xD;
&#xD;
2019-08-22 09:47:28 - [MESSAGE][PASSED] - Object 'Object Repository/PartyOnboarding/Personal/PartyRequiredDocument/New Row' is visible&#xD;
&#xD;
2019-08-22 09:47:28 - [MESSAGE][PASSED] - Execute JavaScript 'arguments[0].click();' successfully&#xD;
&#xD;
2019-08-22 09:47:28 - [MESSAGE][PASSED] - Object 'Object Repository/PartyOnboarding/Personal/PartyRequiredDocument/DocumentCategory' is visible&#xD;
&#xD;
2019-08-22 09:47:30 - [MESSAGE][PASSED] - Keys 'TAB + PT-NRC/PASSPORT COPY OF AUTHORIZED SIGNATORY' sent to object: 'Object Repository/PartyOnboarding/Personal/PartyRequiredDocument/DocumentCategory'&#xD;
&#xD;
2019-08-22 09:47:31 - [MESSAGE][PASSED] - Delayed 1 second(s)&#xD;
&#xD;
2019-08-22 09:47:31 - [MESSAGE][PASSED] - Object 'Object Repository/PartyOnboarding/Personal/PartyRequiredDocument/Document Type' is visible&#xD;
&#xD;
2019-08-22 09:47:33 - [MESSAGE][PASSED] - Keys 'TAB + NRC/PASSPORT COPY OF AUTHORIZED SIGNATORY' sent to object: 'Object Repository/PartyOnboarding/Personal/PartyRequiredDocument/Document Type'&#xD;
&#xD;
2019-08-22 09:47:34 - [MESSAGE][PASSED] - Delayed 1 second(s)&#xD;
&#xD;
2019-08-22 09:47:34 - [MESSAGE][PASSED] - Object 'Object Repository/PartyOnboarding/Personal/PartyRequiredDocument/Issuing Country' is visible&#xD;
&#xD;
2019-08-22 09:47:34 - [MESSAGE][PASSED] - Keys 'Myanmar' sent to object: 'Object Repository/PartyOnboarding/Personal/PartyRequiredDocument/Issuing Country'&#xD;
&#xD;
2019-08-22 09:47:35 - [MESSAGE][PASSED] - Delayed 1 second(s)&#xD;
&#xD;
2019-08-22 09:47:35 - [MESSAGE][PASSED] - Object 'Object Repository/PartyOnboarding/Personal/PartyRequiredDocument/Document Verified' is visible&#xD;
&#xD;
2019-08-22 09:47:35 - [MESSAGE][PASSED] - Keys 'TAB + TRUE' sent to object: 'Object Repository/PartyOnboarding/Personal/PartyRequiredDocument/Document Verified'&#xD;
&#xD;
2019-08-22 09:47:36 - [MESSAGE][PASSED] - Object 'Object Repository/PartyOnboarding/Personal/PartyRequiredDocument/Save Row' is visible&#xD;
&#xD;
2019-08-22 09:47:36 - [MESSAGE][PASSED] - Execute JavaScript 'arguments[0].click();' successfully&#xD;
&#xD;
2019-08-22 09:47:36 - [MESSAGE][PASSED] - Object 'Object Repository/PartyOnboarding/Personal/PartyRequiredDocument/New Row' is visible&#xD;
&#xD;
2019-08-22 09:47:36 - [MESSAGE][PASSED] - Execute JavaScript 'arguments[0].click();' successfully&#xD;
&#xD;
2019-08-22 09:47:36 - [MESSAGE][PASSED] - Object 'Object Repository/PartyOnboarding/Personal/PartyRequiredDocument/DocumentCategory' is visible&#xD;
&#xD;
2019-08-22 09:47:37 - [MESSAGE][PASSED] - Keys 'TAB + PT-NRC/PASSPORT COPY OF SHAREHOLDERS' sent to object: 'Object Repository/PartyOnboarding/Personal/PartyRequiredDocument/DocumentCategory'&#xD;
&#xD;
2019-08-22 09:47:38 - [MESSAGE][PASSED] - Delayed 1 second(s)&#xD;
&#xD;
2019-08-22 09:47:39 - [MESSAGE][PASSED] - Object 'Object Repository/PartyOnboarding/Personal/PartyRequiredDocument/Document Type' is visible&#xD;
&#xD;
2019-08-22 09:47:40 - [MESSAGE][PASSED] - Keys 'TAB + NRC/PASSPORT COPY OF SHAREHOLDERS' sent to object: 'Object Repository/PartyOnboarding/Personal/PartyRequiredDocument/Document Type'&#xD;
&#xD;
2019-08-22 09:47:41 - [MESSAGE][PASSED] - Delayed 1 second(s)&#xD;
&#xD;
2019-08-22 09:47:41 - [MESSAGE][PASSED] - Object 'Object Repository/PartyOnboarding/Personal/PartyRequiredDocument/Issuing Country' is visible&#xD;
&#xD;
2019-08-22 09:47:41 - [MESSAGE][PASSED] - Keys 'Myanmar' sent to object: 'Object Repository/PartyOnboarding/Personal/PartyRequiredDocument/Issuing Country'&#xD;
&#xD;
2019-08-22 09:47:42 - [MESSAGE][PASSED] - Delayed 1 second(s)&#xD;
&#xD;
2019-08-22 09:47:42 - [MESSAGE][PASSED] - Object 'Object Repository/PartyOnboarding/Personal/PartyRequiredDocument/Document Verified' is visible&#xD;
&#xD;
2019-08-22 09:47:43 - [MESSAGE][PASSED] - Keys 'TAB + TRUE' sent to object: 'Object Repository/PartyOnboarding/Personal/PartyRequiredDocument/Document Verified'&#xD;
&#xD;
2019-08-22 09:47:43 - [MESSAGE][PASSED] - Object 'Object Repository/PartyOnboarding/Personal/PartyRequiredDocument/Save Row' is visible&#xD;
&#xD;
2019-08-22 09:47:43 - [MESSAGE][PASSED] - Execute JavaScript 'arguments[0].click();' successfully&#xD;
&#xD;
2019-08-22 09:47:43 - [MESSAGE][PASSED] - Object 'Object Repository/PartyOnboarding/Personal/PartyRequiredDocument/New Row' is visible&#xD;
&#xD;
2019-08-22 09:47:43 - [MESSAGE][PASSED] - Execute JavaScript 'arguments[0].click();' successfully&#xD;
&#xD;
2019-08-22 09:47:43 - [MESSAGE][PASSED] - Object 'Object Repository/PartyOnboarding/Personal/PartyRequiredDocument/DocumentCategory' is visible&#xD;
&#xD;
2019-08-22 09:47:44 - [MESSAGE][PASSED] - Keys 'TAB + PT-REGISTERED COMPANY ADDRESS' sent to object: 'Object Repository/PartyOnboarding/Personal/PartyRequiredDocument/DocumentCategory'&#xD;
&#xD;
2019-08-22 09:47:45 - [MESSAGE][PASSED] - Delayed 1 second(s)&#xD;
&#xD;
2019-08-22 09:47:45 - [MESSAGE][PASSED] - Object 'Object Repository/PartyOnboarding/Personal/PartyRequiredDocument/Document Type' is visible&#xD;
&#xD;
2019-08-22 09:47:47 - [MESSAGE][PASSED] - Keys 'TAB + REGISTERED COMPANY ADDRESS' sent to object: 'Object Repository/PartyOnboarding/Personal/PartyRequiredDocument/Document Type'&#xD;
&#xD;
2019-08-22 09:47:48 - [MESSAGE][PASSED] - Delayed 1 second(s)&#xD;
&#xD;
2019-08-22 09:47:48 - [MESSAGE][PASSED] - Object 'Object Repository/PartyOnboarding/Personal/PartyRequiredDocument/Issuing Country' is visible&#xD;
&#xD;
2019-08-22 09:47:48 - [MESSAGE][PASSED] - Keys 'Myanmar' sent to object: 'Object Repository/PartyOnboarding/Personal/PartyRequiredDocument/Issuing Country'&#xD;
&#xD;
2019-08-22 09:47:49 - [MESSAGE][PASSED] - Delayed 1 second(s)&#xD;
&#xD;
2019-08-22 09:47:49 - [MESSAGE][PASSED] - Object 'Object Repository/PartyOnboarding/Personal/PartyRequiredDocument/Document Verified' is visible&#xD;
&#xD;
2019-08-22 09:47:49 - [MESSAGE][PASSED] - Keys 'TAB + TRUE' sent to object: 'Object Repository/PartyOnboarding/Personal/PartyRequiredDocument/Document Verified'&#xD;
&#xD;
2019-08-22 09:47:49 - [MESSAGE][PASSED] - Object 'Object Repository/PartyOnboarding/Personal/PartyRequiredDocument/Save Row' is visible&#xD;
&#xD;
2019-08-22 09:47:49 - [MESSAGE][PASSED] - Execute JavaScript 'arguments[0].click();' successfully&#xD;
&#xD;
2019-08-22 09:47:49 - [MESSAGE][PASSED] - Object 'Object Repository/PartyOnboarding/Personal/PartyRequiredDocument/New Row' is visible&#xD;
&#xD;
2019-08-22 09:47:50 - [MESSAGE][PASSED] - Execute JavaScript 'arguments[0].click();' successfully&#xD;
&#xD;
2019-08-22 09:47:50 - [MESSAGE][PASSED] - Object 'Object Repository/PartyOnboarding/Personal/PartyRequiredDocument/DocumentCategory' is visible&#xD;
&#xD;
2019-08-22 09:47:52 - [MESSAGE][PASSED] - Keys 'TAB + PT-VALID VISA COPY OF AUTH. SIGNATORY(FOREIGNER)' sent to object: 'Object Repository/PartyOnboarding/Personal/PartyRequiredDocument/DocumentCategory'&#xD;
&#xD;
2019-08-22 09:47:53 - [MESSAGE][PASSED] - Delayed 1 second(s)&#xD;
&#xD;
2019-08-22 09:47:53 - [MESSAGE][PASSED] - Object 'Object Repository/PartyOnboarding/Personal/PartyRequiredDocument/Document Type' is visible&#xD;
&#xD;
2019-08-22 09:47:55 - [MESSAGE][PASSED] - Keys 'TAB + VALID VISA COPY OF AUTH. SIGNATORY(FOREIGNER)' sent to object: 'Object Repository/PartyOnboarding/Personal/PartyRequiredDocument/Document Type'&#xD;
&#xD;
2019-08-22 09:47:56 - [MESSAGE][PASSED] - Delayed 1 second(s)&#xD;
&#xD;
2019-08-22 09:47:56 - [MESSAGE][PASSED] - Object 'Object Repository/PartyOnboarding/Personal/PartyRequiredDocument/Issuing Country' is visible&#xD;
&#xD;
2019-08-22 09:47:57 - [MESSAGE][PASSED] - Keys 'Myanmar' sent to object: 'Object Repository/PartyOnboarding/Personal/PartyRequiredDocument/Issuing Country'&#xD;
&#xD;
2019-08-22 09:47:58 - [MESSAGE][PASSED] - Delayed 1 second(s)&#xD;
&#xD;
2019-08-22 09:47:58 - [MESSAGE][PASSED] - Object 'Object Repository/PartyOnboarding/Personal/PartyRequiredDocument/Document Verified' is visible&#xD;
&#xD;
2019-08-22 09:47:58 - [MESSAGE][PASSED] - Keys 'TAB + TRUE' sent to object: 'Object Repository/PartyOnboarding/Personal/PartyRequiredDocument/Document Verified'&#xD;
&#xD;
2019-08-22 09:47:58 - [MESSAGE][PASSED] - Object 'Object Repository/PartyOnboarding/Personal/PartyRequiredDocument/Save Row' is visible&#xD;
&#xD;
2019-08-22 09:47:58 - [MESSAGE][PASSED] - Execute JavaScript 'arguments[0].click();' successfully&#xD;
&#xD;
2019-08-22 09:47:58 - [MESSAGE][PASSED] - Object 'Object Repository/PartyOnboarding/Personal/PartyRequiredDocument/ddl_DocumentsCollectionStatus' is visible&#xD;
&#xD;
2019-08-22 09:48:00 - [MESSAGE][PASSED] - Keys 'Documents collected and validated centrally' sent to object: 'Object Repository/PartyOnboarding/Personal/PartyRequiredDocument/ddl_DocumentsCollectionStatus'&#xD;
&#xD;
2019-08-22 09:48:00 - [TEST_STEP][PASSED] - partyOnboardingEnterprise.clickNextbutton(): Object: 'Object Repository/PartyOnboarding/btn_Next' is clicked on&#xD;
&#xD;
2019-08-22 09:48:00 - [MESSAGE][PASSED] - Object 'Object Repository/PartyOnboarding/btn_Next' is visible&#xD;
&#xD;
2019-08-22 09:48:00 - [MESSAGE][PASSED] - Object: 'Object Repository/PartyOnboarding/btn_Next' is clicked on&#xD;
&#xD;
2019-08-22 09:48:00 - [TEST_STEP][PASSED] - delay(1): Delayed 1 second(s)&#xD;
&#xD;
2019-08-22 09:48:01 - [MESSAGE][PASSED] - Delayed 1 second(s)&#xD;
&#xD;
2019-08-22 09:48:01 - [TEST_STEP][PASSED] - log.logInfo("--- " + " Click Next button ---"): ---  Click Next button ---&#xD;
&#xD;
2019-08-22 09:48:01 - [MESSAGE][INFO] - ---  Click Next button ---&#xD;
&#xD;
2019-08-22 09:48:01 - [TEST_STEP][PASSED] - partyOnboardingEnterprise.clickNextbutton(): Object: 'Object Repository/PartyOnboarding/btn_Next' is clicked on&#xD;
&#xD;
2019-08-22 09:48:01 - [MESSAGE][PASSED] - Object 'Object Repository/PartyOnboarding/btn_Next' is visible&#xD;
&#xD;
2019-08-22 09:48:01 - [MESSAGE][PASSED] - Object: 'Object Repository/PartyOnboarding/btn_Next' is clicked on&#xD;
&#xD;
2019-08-22 09:48:01 - [TEST_STEP][PASSED] - log.logInfo("--- " + " Click Next button ---"): ---  Click Next button ---&#xD;
&#xD;
2019-08-22 09:48:01 - [MESSAGE][INFO] - ---  Click Next button ---&#xD;
&#xD;
2019-08-22 09:48:01 - [TEST_STEP][PASSED] - delay(1): Delayed 1 second(s)&#xD;
&#xD;
2019-08-22 09:48:02 - [MESSAGE][PASSED] - Delayed 1 second(s)&#xD;
&#xD;
2019-08-22 09:48:02 - [TEST_STEP][PASSED] - partyOnboardingEnterprise.clickNextbutton(): Object: 'Object Repository/PartyOnboarding/btn_Next' is clicked on&#xD;
&#xD;
2019-08-22 09:48:02 - [MESSAGE][PASSED] - Object 'Object Repository/PartyOnboarding/btn_Next' is visible&#xD;
&#xD;
2019-08-22 09:48:02 - [MESSAGE][PASSED] - Object: 'Object Repository/PartyOnboarding/btn_Next' is clicked on&#xD;
&#xD;
2019-08-22 09:48:02 - [TEST_STEP][PASSED] - log.logInfo("--- " + " Click Process on Warning box ---"): ---  Click Process on Warning box ---&#xD;
&#xD;
2019-08-22 09:48:02 - [MESSAGE][INFO] - ---  Click Process on Warning box ---&#xD;
&#xD;
2019-08-22 09:48:02 - [TEST_STEP][PASSED] - partyOnboardingEnterprise.clickAskForApprovalbutton(): Object: 'Object Repository/PartyOnboarding/RequestToApproval/AskForApproval_btn' is clicked on&#xD;
&#xD;
2019-08-22 09:48:03 - [MESSAGE][PASSED] - Object 'Object Repository/PartyOnboarding/RequestToApproval/AskForApproval_btn' is visible&#xD;
&#xD;
2019-08-22 09:48:03 - [MESSAGE][PASSED] - Object: 'Object Repository/PartyOnboarding/RequestToApproval/AskForApproval_btn' is clicked on</system-out>
            <system-err></system-err>
        </testcase>
        <testcase name="Test Cases/DataPreparation/PartyOnboardingEnterprise" classname="Test Cases/DataPreparation/PartyOnboardingEnterprise" status="PASSED">
            <system-out>2019-08-22 09:48:03 - [TEST_CASE][PASSED] - Test Cases/DataPreparation/PartyOnboardingEnterprise: Test Cases/DataPreparation/PartyOnboardingEnterprise&#xD;
&#xD;
2019-08-22 09:48:03 - [TEST_STEP][PASSED] - Start listener action : sampleBeforeTestCase: null&#xD;
&#xD;
2019-08-22 09:48:03 - [TEST_STEP][PASSED] - testCaseID = testCaseContext.getTestCaseId(): null&#xD;
&#xD;
2019-08-22 09:48:03 - [TEST_STEP][PASSED] - log = new com.kms.katalon.core.util.KeywordUtil(): null&#xD;
&#xD;
2019-08-22 09:48:03 - [TEST_STEP][PASSED] - partyOnboardingEnterprise = new pageObjects.PartyOnboarding(): null&#xD;
&#xD;
2019-08-22 09:48:03 - [TEST_STEP][PASSED] - delay(3): Delayed 3 second(s)&#xD;
&#xD;
2019-08-22 09:48:06 - [MESSAGE][PASSED] - Delayed 3 second(s)&#xD;
&#xD;
2019-08-22 09:48:06 - [TEST_STEP][PASSED] - log.logInfo("--- Open Party Onboarding in Menu Search ---"): --- Open Party Onboarding in Menu Search ---&#xD;
&#xD;
2019-08-22 09:48:06 - [MESSAGE][INFO] - --- Open Party Onboarding in Menu Search ---&#xD;
&#xD;
2019-08-22 09:48:06 - [TEST_STEP][PASSED] - partyOnboardingEnterprise.inputPartyOnboardingMenuSearch(): Object 'menuSearch_txt' is present&#xD;
&#xD;
2019-08-22 09:48:06 - [MESSAGE][PASSED] - Object 'Object Repository/Menu_Search' is visible&#xD;
&#xD;
2019-08-22 09:48:06 - [MESSAGE][PASSED] - Keys 'ENTER + Party Onboarding' sent to object: 'Object Repository/Menu_Search'&#xD;
&#xD;
2019-08-22 09:48:06 - [MESSAGE][PASSED] - Object 'menuSearch_txt' is present&#xD;
&#xD;
2019-08-22 09:48:06 - [TEST_STEP][PASSED] - log.logInfo("/---------------Party Onboarding---------------/"): /---------------Party Onboarding---------------/&#xD;
&#xD;
2019-08-22 09:48:06 - [MESSAGE][INFO] - /---------------Party Onboarding---------------/&#xD;
&#xD;
2019-08-22 09:48:06 - [TEST_STEP][PASSED] - log.logInfo("--- Input Local Global ---"): --- Input Local Global ---&#xD;
&#xD;
2019-08-22 09:48:06 - [MESSAGE][INFO] - --- Input Local Global ---&#xD;
&#xD;
2019-08-22 09:48:06 - [TEST_STEP][PASSED] - partyOnboardingEnterprise.inputLocalGlobal(s01_localglobal): Keys 'Local Private' sent to object: 'Object Repository/PartyOnboarding/PartyOnboarding/Local Global'&#xD;
&#xD;
2019-08-22 09:48:08 - [MESSAGE][PASSED] - Text of object 'Object Repository/PartyOnboarding/PartyOnboarding/Local Global' is cleared&#xD;
&#xD;
2019-08-22 09:48:08 - [MESSAGE][PASSED] - Object 'Object Repository/PartyOnboarding/PartyOnboarding/Local Global' is visible&#xD;
&#xD;
2019-08-22 09:48:08 - [MESSAGE][PASSED] - Object 'Object Repository/PartyOnboarding/PartyOnboarding/Local Global' is visible&#xD;
&#xD;
2019-08-22 09:48:08 - [MESSAGE][PASSED] - Keys 'Local Private' sent to object: 'Object Repository/PartyOnboarding/PartyOnboarding/Local Global'&#xD;
&#xD;
2019-08-22 09:48:08 - [TEST_STEP][PASSED] - log.logInfo("--- Input Party Type ---"): --- Input Party Type ---&#xD;
&#xD;
2019-08-22 09:48:08 - [MESSAGE][INFO] - --- Input Party Type ---&#xD;
&#xD;
2019-08-22 09:48:08 - [TEST_STEP][PASSED] - partyOnboardingEnterprise.inputPartyType(s01_partytype): Keys 'TAB + Enterprise' sent to object: 'Object Repository/PartyOnboarding/PartyOnboarding/Party Type'&#xD;
&#xD;
2019-08-22 09:48:08 - [MESSAGE][PASSED] - Object 'Object Repository/PartyOnboarding/PartyOnboarding/Party Type' is visible&#xD;
&#xD;
2019-08-22 09:48:08 - [MESSAGE][PASSED] - Keys 'TAB + Enterprise' sent to object: 'Object Repository/PartyOnboarding/PartyOnboarding/Party Type'&#xD;
&#xD;
2019-08-22 09:48:08 - [TEST_STEP][PASSED] - log.logInfo("--- Input Party Sub Type ---"): --- Input Party Sub Type ---&#xD;
&#xD;
2019-08-22 09:48:08 - [MESSAGE][INFO] - --- Input Party Sub Type ---&#xD;
&#xD;
2019-08-22 09:48:08 - [TEST_STEP][PASSED] - partyOnboardingEnterprise.inputPartySubType(s01_partysubtype): Keys 'PRIVATE/PUBLIC/PUBLIC LISTED COMPANY (MYANMAR)' sent to object: 'Object Repository/PartyOnboarding/PartyOnboarding/Party Sub-Type'&#xD;
&#xD;
2019-08-22 09:48:09 - [MESSAGE][PASSED] - Delayed 1 second(s)&#xD;
&#xD;
2019-08-22 09:48:09 - [MESSAGE][PASSED] - Object 'Object Repository/PartyOnboarding/PartyOnboarding/Party Type' is visible&#xD;
&#xD;
2019-08-22 09:48:11 - [MESSAGE][PASSED] - Keys 'PRIVATE/PUBLIC/PUBLIC LISTED COMPANY (MYANMAR)' sent to object: 'Object Repository/PartyOnboarding/PartyOnboarding/Party Sub-Type'&#xD;
&#xD;
2019-08-22 09:48:11 - [TEST_STEP][PASSED] - log.logInfo("--- Input Party Category ---"): --- Input Party Category ---&#xD;
&#xD;
2019-08-22 09:48:11 - [MESSAGE][INFO] - --- Input Party Category ---&#xD;
&#xD;
2019-08-22 09:48:11 - [TEST_STEP][PASSED] - partyOnboardingEnterprise.inputPartyCategory(s01_partycategory): Keys 'Full' sent to object: 'Object Repository/PartyOnboarding/PartyOnboarding/Party Category'&#xD;
&#xD;
2019-08-22 09:48:11 - [MESSAGE][PASSED] - Object 'Object Repository/PartyOnboarding/PartyOnboarding/Party Category' is visible&#xD;
&#xD;
2019-08-22 09:48:11 - [MESSAGE][PASSED] - Keys 'Full' sent to object: 'Object Repository/PartyOnboarding/PartyOnboarding/Party Category'&#xD;
&#xD;
2019-08-22 09:48:11 - [TEST_STEP][PASSED] - log.logInfo("--- Check Line of Business ---"): --- Check Line of Business ---&#xD;
&#xD;
2019-08-22 09:48:11 - [MESSAGE][INFO] - --- Check Line of Business ---&#xD;
&#xD;
2019-08-22 09:48:11 - [TEST_STEP][PASSED] - partyOnboardingEnterprise.clickLineofBusiness(s01_lineofbusiness, findTestObject("PartyOnboarding/PartyOnboarding/div_Core Banking")): Object 'Object Repository/PartyOnboarding/PartyOnboarding/LineofBusiness_List' is checked&#xD;
&#xD;
2019-08-22 09:48:11 - [MESSAGE][PASSED] - Object 'Object Repository/PartyOnboarding/PartyOnboarding/div_Core Banking' is visible&#xD;
&#xD;
2019-08-22 09:48:11 - [MESSAGE][PASSED] - Attribute 'aria-checked' of object 'Object Repository/PartyOnboarding/PartyOnboarding/div_Core Banking' is: 'true'&#xD;
&#xD;
2019-08-22 09:48:11 - [MESSAGE][PASSED] - Object 'Object Repository/PartyOnboarding/PartyOnboarding/chk_SelectAllLineOfBusiness' is visible&#xD;
&#xD;
2019-08-22 09:48:11 - [MESSAGE][PASSED] - Attribute 'aria-checked' of object 'Object Repository/PartyOnboarding/PartyOnboarding/chk_SelectAllLineOfBusiness' is: 'true'&#xD;
&#xD;
2019-08-22 09:48:11 - [MESSAGE][PASSED] - Object 'Object Repository/PartyOnboarding/PartyOnboarding/LineofBusiness_List' is visible&#xD;
&#xD;
2019-08-22 09:48:11 - [MESSAGE][PASSED] - Attribute 'aria-checked' of object 'Object Repository/PartyOnboarding/PartyOnboarding/LineofBusiness_List' is: 'true'&#xD;
&#xD;
2019-08-22 09:48:11 - [MESSAGE][PASSED] - Object 'Object Repository/PartyOnboarding/PartyOnboarding/LineofBusiness_List' is visible&#xD;
&#xD;
2019-08-22 09:48:11 - [MESSAGE][PASSED] - Attribute 'aria-checked' of object 'Object Repository/PartyOnboarding/PartyOnboarding/LineofBusiness_List' is: 'true'&#xD;
&#xD;
2019-08-22 09:48:11 - [MESSAGE][PASSED] - Object 'Object Repository/PartyOnboarding/PartyOnboarding/chk_SelectAllLineOfBusiness' is visible&#xD;
&#xD;
2019-08-22 09:48:11 - [MESSAGE][PASSED] - Attribute 'aria-checked' of object 'Object Repository/PartyOnboarding/PartyOnboarding/chk_SelectAllLineOfBusiness' is: 'true'&#xD;
&#xD;
2019-08-22 09:48:11 - [MESSAGE][PASSED] - Object 'Object Repository/PartyOnboarding/PartyOnboarding/chk_SelectAllLineOfBusiness' is checked&#xD;
&#xD;
2019-08-22 09:48:11 - [MESSAGE][PASSED] - Object 'Object Repository/PartyOnboarding/PartyOnboarding/div_Core Banking' is visible&#xD;
&#xD;
2019-08-22 09:48:11 - [MESSAGE][PASSED] - Attribute 'aria-checked' of object 'Object Repository/PartyOnboarding/PartyOnboarding/div_Core Banking' is: 'false'&#xD;
&#xD;
2019-08-22 09:48:11 - [MESSAGE][PASSED] - Object 'Object Repository/PartyOnboarding/PartyOnboarding/div_Core Banking' is checked&#xD;
&#xD;
2019-08-22 09:48:11 - [MESSAGE][PASSED] - Object 'Object Repository/PartyOnboarding/PartyOnboarding/LineofBusiness_List' is visible&#xD;
&#xD;
2019-08-22 09:48:11 - [MESSAGE][PASSED] - Attribute 'aria-checked' of object 'Object Repository/PartyOnboarding/PartyOnboarding/LineofBusiness_List' is: 'false'&#xD;
&#xD;
2019-08-22 09:48:11 - [MESSAGE][PASSED] - Object 'Object Repository/PartyOnboarding/PartyOnboarding/LineofBusiness_List' is checked&#xD;
&#xD;
2019-08-22 09:48:11 - [TEST_STEP][PASSED] - log.logInfo("--- Click Next to Party Check List  ---"): --- Click Next to Party Check List  ---&#xD;
&#xD;
2019-08-22 09:48:11 - [MESSAGE][INFO] - --- Click Next to Party Check List  ---&#xD;
&#xD;
2019-08-22 09:48:11 - [TEST_STEP][PASSED] - partyOnboardingEnterprise.clickNextbutton(): Object: 'Object Repository/PartyOnboarding/btn_Next' is clicked on&#xD;
&#xD;
2019-08-22 09:48:11 - [MESSAGE][PASSED] - Object 'Object Repository/PartyOnboarding/btn_Next' is visible&#xD;
&#xD;
2019-08-22 09:48:12 - [MESSAGE][PASSED] - Object: 'Object Repository/PartyOnboarding/btn_Next' is clicked on&#xD;
&#xD;
2019-08-22 09:48:12 - [TEST_STEP][PASSED] - delay(1): Delayed 1 second(s)&#xD;
&#xD;
2019-08-22 09:48:13 - [MESSAGE][PASSED] - Delayed 1 second(s)&#xD;
&#xD;
2019-08-22 09:48:13 - [TEST_STEP][PASSED] - partyOnboardingEnterprise.clickNextbutton(): Object: 'Object Repository/PartyOnboarding/btn_Next' is clicked on&#xD;
&#xD;
2019-08-22 09:48:13 - [MESSAGE][PASSED] - Object 'Object Repository/PartyOnboarding/btn_Next' is visible&#xD;
&#xD;
2019-08-22 09:48:13 - [MESSAGE][PASSED] - Object: 'Object Repository/PartyOnboarding/btn_Next' is clicked on&#xD;
&#xD;
2019-08-22 09:48:13 - [TEST_STEP][PASSED] - log.logInfo("/---------------Pre-Existence Check---------------/"): /---------------Pre-Existence Check---------------/&#xD;
&#xD;
2019-08-22 09:48:13 - [MESSAGE][INFO] - /---------------Pre-Existence Check---------------/&#xD;
&#xD;
2019-08-22 09:48:13 - [TEST_STEP][PASSED] - partyOnboardingEnterprise.inputEnterpriseName(s02_enterpriseName): Keys 'Enterprise 0000002' sent to object: 'Object Repository/PartyOnboarding/Enterprise/PreExistenceCheck/txt_EnterpriseName'&#xD;
&#xD;
2019-08-22 09:48:13 - [MESSAGE][PASSED] - Object 'Object Repository/PartyOnboarding/Enterprise/PreExistenceCheck/txt_EnterpriseName' is visible&#xD;
&#xD;
2019-08-22 09:48:14 - [MESSAGE][PASSED] - Keys 'Enterprise 0000002' sent to object: 'Object Repository/PartyOnboarding/Enterprise/PreExistenceCheck/txt_EnterpriseName'&#xD;
&#xD;
2019-08-22 09:48:14 - [TEST_STEP][PASSED] - partyOnboardingEnterprise.inputRegistration(): Keys 'T5hnFkQJ' sent to object: 'Object Repository/PartyOnboarding/Enterprise/PreExistenceCheck/txt_Registration'&#xD;
&#xD;
2019-08-22 09:48:14 - [MESSAGE][PASSED] - Object 'Object Repository/PartyOnboarding/Enterprise/PreExistenceCheck/txt_Registration' is visible&#xD;
&#xD;
2019-08-22 09:48:14 - [MESSAGE][PASSED] - Keys 'T5hnFkQJ' sent to object: 'Object Repository/PartyOnboarding/Enterprise/PreExistenceCheck/txt_Registration'&#xD;
&#xD;
2019-08-22 09:48:14 - [TEST_STEP][PASSED] - partyOnboardingEnterprise.clickNextbutton(): Object: 'Object Repository/PartyOnboarding/btn_Next' is clicked on&#xD;
&#xD;
2019-08-22 09:48:14 - [MESSAGE][PASSED] - Object 'Object Repository/PartyOnboarding/btn_Next' is visible&#xD;
&#xD;
2019-08-22 09:48:14 - [MESSAGE][PASSED] - Object: 'Object Repository/PartyOnboarding/btn_Next' is clicked on&#xD;
&#xD;
2019-08-22 09:48:14 - [TEST_STEP][PASSED] - log.logInfo("/--------------- Party Onboarding---------------/"): /--------------- Party Onboarding---------------/&#xD;
&#xD;
2019-08-22 09:48:14 - [MESSAGE][INFO] - /--------------- Party Onboarding---------------/&#xD;
&#xD;
2019-08-22 09:48:14 - [TEST_STEP][PASSED] - partyOnboardingEnterprise.inputPartyId(): Web element with id: 'Object Repository/PartyOnboarding/Personal/PersonalParty/Message/pop_ErrorDuplicatePartyID' located by 'By.xpath: //textarea[@name='03messages']' not found&#xD;
&#xD;
2019-08-22 09:48:15 - [MESSAGE][PASSED] - Object 'Object Repository/PartyOnboarding/Personal/PersonalParty/txt_PartyID' is visible&#xD;
&#xD;
2019-08-22 09:48:15 - [MESSAGE][PASSED] - Object 'Object Repository/PartyOnboarding/Personal/PersonalParty/txt_PartyID' is visible&#xD;
&#xD;
2019-08-22 09:48:15 - [MESSAGE][PASSED] - Keys 'TAB + oZVy90ho' sent to object: 'Object Repository/PartyOnboarding/Personal/PersonalParty/txt_PartyID'&#xD;
&#xD;
2019-08-22 09:48:47 - [MESSAGE][INFO] - Unable to find the element located by 'By.xpath: //textarea[@name='03messages']'. Please recheck the objects properties to make sure the desired element is located. &#xD;
&#xD;
2019-08-22 09:48:47 - [MESSAGE][WARNING] - Web element with id: 'Object Repository/PartyOnboarding/Personal/PersonalParty/Message/pop_ErrorDuplicatePartyID' located by 'By.xpath: //textarea[@name='03messages']' not found&#xD;
&#xD;
2019-08-22 09:48:47 - [TEST_STEP][PASSED] - partyOnboardingEnterprise.inputShortNameEnterprise(s03_shortName): Keys 'TAB + Enterprise' sent to object: 'Object Repository/PartyOnboarding/Enterprise/EnterpriseParty/Short Name_txt'&#xD;
&#xD;
2019-08-22 09:48:47 - [MESSAGE][PASSED] - Object 'Object Repository/PartyOnboarding/Enterprise/EnterpriseParty/Short Name_txt' is visible&#xD;
&#xD;
2019-08-22 09:48:47 - [MESSAGE][PASSED] - Keys 'TAB + Enterprise' sent to object: 'Object Repository/PartyOnboarding/Enterprise/EnterpriseParty/Short Name_txt'&#xD;
&#xD;
2019-08-22 09:48:47 - [TEST_STEP][PASSED] - partyOnboardingEnterprise.clickNextbutton(): Object: 'Object Repository/PartyOnboarding/btn_Next' is clicked on&#xD;
&#xD;
2019-08-22 09:48:47 - [MESSAGE][PASSED] - Object 'Object Repository/PartyOnboarding/btn_Next' is visible&#xD;
&#xD;
2019-08-22 09:48:47 - [MESSAGE][PASSED] - Object: 'Object Repository/PartyOnboarding/btn_Next' is clicked on&#xD;
&#xD;
2019-08-22 09:48:47 - [TEST_STEP][PASSED] - partyOnboardingEnterprise.clickProcessInWarningBox(): Object: 'Object Repository/PartyOnboarding/Personal/PersonalParty/btn_Warnings_Proceed_NotCapture' is clicked on&#xD;
&#xD;
2019-08-22 09:48:48 - [MESSAGE][PASSED] - Object 'Object Repository/PartyOnboarding/Personal/PersonalParty/btn_Warnings_Proceed_NotCapture' is visible&#xD;
&#xD;
2019-08-22 09:48:48 - [MESSAGE][PASSED] - Object: 'Object Repository/PartyOnboarding/Personal/PersonalParty/btn_Warnings_Proceed_NotCapture' is clicked on&#xD;
&#xD;
2019-08-22 09:48:48 - [TEST_STEP][PASSED] - log.logInfo("/--------------- Party Onboarding - Address---------------/"): /--------------- Party Onboarding - Address---------------/&#xD;
&#xD;
2019-08-22 09:48:48 - [MESSAGE][INFO] - /--------------- Party Onboarding - Address---------------/&#xD;
&#xD;
2019-08-22 09:48:48 - [TEST_STEP][PASSED] - partyOnboardingEnterprise.inputRDataForAddressParty(s04_addressType, s04_userForCommunication, s04_validFrom): Execute JavaScript 'arguments[0].click();' successfully&#xD;
&#xD;
2019-08-22 09:48:49 - [MESSAGE][PASSED] - Object 'Object Repository/PartyOnboarding/Personal/PartyAddress/button_New Row_PartyAddress' is visible&#xD;
&#xD;
2019-08-22 09:48:49 - [MESSAGE][PASSED] - Execute JavaScript 'arguments[0].click();' successfully&#xD;
&#xD;
2019-08-22 09:48:49 - [MESSAGE][PASSED] - Object 'Object Repository/PartyOnboarding/Personal/PartyAddress/Address Type' is visible&#xD;
&#xD;
2019-08-22 09:48:50 - [MESSAGE][PASSED] - Keys 'TAB + Home Address' sent to object: 'Object Repository/PartyOnboarding/Personal/PartyAddress/Address Type'&#xD;
&#xD;
2019-08-22 09:48:50 - [MESSAGE][PASSED] - Object 'Object Repository/PartyOnboarding/Personal/PartyAddress/Valid From' is visible&#xD;
&#xD;
2019-08-22 09:48:50 - [MESSAGE][PASSED] - Text of object 'Object Repository/PartyOnboarding/Personal/PartyAddress/Valid From' is cleared&#xD;
&#xD;
2019-08-22 09:48:50 - [MESSAGE][PASSED] - Object 'Object Repository/PartyOnboarding/Personal/PartyAddress/Valid From' is visible&#xD;
&#xD;
2019-08-22 09:48:50 - [MESSAGE][PASSED] - Keys '2018-01-14' sent to object: 'Object Repository/PartyOnboarding/Personal/PartyAddress/Valid From'&#xD;
&#xD;
2019-08-22 09:48:50 - [MESSAGE][PASSED] - Object 'Object Repository/PartyOnboarding/Personal/PartyAddress/chk_Use  for Communication' is present&#xD;
&#xD;
2019-08-22 09:48:50 - [MESSAGE][PASSED] - Attribute 'aria-checked' of object 'Object Repository/PartyOnboarding/Personal/PartyAddress/chk_Use  for Communication' is: 'false'&#xD;
&#xD;
2019-08-22 09:48:50 - [MESSAGE][PASSED] - Object 'Object Repository/PartyOnboarding/Personal/PartyAddress/chk_Use  for Communication' is checked&#xD;
&#xD;
2019-08-22 09:48:50 - [MESSAGE][PASSED] - Object 'Object Repository/PartyOnboarding/Personal/PartyAddress/SaveRow' is visible&#xD;
&#xD;
2019-08-22 09:48:51 - [MESSAGE][PASSED] - Execute JavaScript 'arguments[0].click();' successfully&#xD;
&#xD;
2019-08-22 09:48:51 - [MESSAGE][PASSED] - Object 'Object Repository/PartyOnboarding/Personal/PartyAddress/button_New Row_PartyAddress' is visible&#xD;
&#xD;
2019-08-22 09:48:51 - [MESSAGE][PASSED] - Execute JavaScript 'arguments[0].click();' successfully&#xD;
&#xD;
2019-08-22 09:48:51 - [MESSAGE][PASSED] - Object 'Object Repository/PartyOnboarding/Personal/PartyAddress/Address Type' is visible&#xD;
&#xD;
2019-08-22 09:48:51 - [MESSAGE][PASSED] - Keys 'TAB + Current Address' sent to object: 'Object Repository/PartyOnboarding/Personal/PartyAddress/Address Type'&#xD;
&#xD;
2019-08-22 09:48:51 - [MESSAGE][PASSED] - Object 'Object Repository/PartyOnboarding/Personal/PartyAddress/Valid From' is visible&#xD;
&#xD;
2019-08-22 09:48:51 - [MESSAGE][PASSED] - Text of object 'Object Repository/PartyOnboarding/Personal/PartyAddress/Valid From' is cleared&#xD;
&#xD;
2019-08-22 09:48:51 - [MESSAGE][PASSED] - Object 'Object Repository/PartyOnboarding/Personal/PartyAddress/Valid From' is visible&#xD;
&#xD;
2019-08-22 09:48:52 - [MESSAGE][PASSED] - Keys '2018-01-17' sent to object: 'Object Repository/PartyOnboarding/Personal/PartyAddress/Valid From'&#xD;
&#xD;
2019-08-22 09:48:52 - [MESSAGE][PASSED] - Object 'Object Repository/PartyOnboarding/Personal/PartyAddress/SaveRow' is visible&#xD;
&#xD;
2019-08-22 09:48:52 - [MESSAGE][PASSED] - Execute JavaScript 'arguments[0].click();' successfully&#xD;
&#xD;
2019-08-22 09:48:52 - [MESSAGE][PASSED] - Object 'Object Repository/PartyOnboarding/Personal/PartyAddress/button_New Row_PartyAddress' is visible&#xD;
&#xD;
2019-08-22 09:48:52 - [MESSAGE][PASSED] - Execute JavaScript 'arguments[0].click();' successfully&#xD;
&#xD;
2019-08-22 09:48:52 - [MESSAGE][PASSED] - Object 'Object Repository/PartyOnboarding/Personal/PartyAddress/Address Type' is visible&#xD;
&#xD;
2019-08-22 09:48:53 - [MESSAGE][PASSED] - Keys 'TAB + Office Address' sent to object: 'Object Repository/PartyOnboarding/Personal/PartyAddress/Address Type'&#xD;
&#xD;
2019-08-22 09:48:53 - [MESSAGE][PASSED] - Object 'Object Repository/PartyOnboarding/Personal/PartyAddress/Valid From' is visible&#xD;
&#xD;
2019-08-22 09:48:53 - [MESSAGE][PASSED] - Text of object 'Object Repository/PartyOnboarding/Personal/PartyAddress/Valid From' is cleared&#xD;
&#xD;
2019-08-22 09:48:53 - [MESSAGE][PASSED] - Object 'Object Repository/PartyOnboarding/Personal/PartyAddress/Valid From' is visible&#xD;
&#xD;
2019-08-22 09:48:53 - [MESSAGE][PASSED] - Keys '2017-01-17' sent to object: 'Object Repository/PartyOnboarding/Personal/PartyAddress/Valid From'&#xD;
&#xD;
2019-08-22 09:48:53 - [MESSAGE][PASSED] - Object 'Object Repository/PartyOnboarding/Personal/PartyAddress/SaveRow' is visible&#xD;
&#xD;
2019-08-22 09:48:53 - [MESSAGE][PASSED] - Execute JavaScript 'arguments[0].click();' successfully&#xD;
&#xD;
2019-08-22 09:48:53 - [TEST_STEP][PASSED] - partyOnboardingEnterprise.clickNextbutton(): Object: 'Object Repository/PartyOnboarding/btn_Next' is clicked on&#xD;
&#xD;
2019-08-22 09:48:53 - [MESSAGE][PASSED] - Object 'Object Repository/PartyOnboarding/btn_Next' is visible&#xD;
&#xD;
2019-08-22 09:48:53 - [MESSAGE][PASSED] - Object: 'Object Repository/PartyOnboarding/btn_Next' is clicked on&#xD;
&#xD;
2019-08-22 09:48:53 - [TEST_STEP][PASSED] - partyOnboardingEnterprise.inputDataForPartyContacts(s05_contactMethod, s05_contactTypeLocation, s05_contactCountryCode, s05_contactAreaCode, s05_contactNumber, s05_contactEmail, s05_confirmEmail, s05_validFrom): Execute JavaScript 'arguments[0].click();' successfully&#xD;
&#xD;
2019-08-22 09:48:54 - [MESSAGE][PASSED] - Object 'Object Repository/PartyOnboarding/Personal/PartyContacts/New Row' is visible&#xD;
&#xD;
2019-08-22 09:48:54 - [MESSAGE][PASSED] - Execute JavaScript 'arguments[0].click();' successfully&#xD;
&#xD;
2019-08-22 09:48:55 - [MESSAGE][PASSED] - Delayed 1 second(s)&#xD;
&#xD;
2019-08-22 09:48:55 - [MESSAGE][PASSED] - Object 'Object Repository/PartyOnboarding/Personal/PartyContacts/Contact Method' is visible&#xD;
&#xD;
2019-08-22 09:48:56 - [MESSAGE][PASSED] - Keys 'TAB + Telephone' sent to object: 'Object Repository/PartyOnboarding/Personal/PartyContacts/Contact Method'&#xD;
&#xD;
2019-08-22 09:48:57 - [MESSAGE][PASSED] - Delayed 1 second(s)&#xD;
&#xD;
2019-08-22 09:48:57 - [MESSAGE][PASSED] - Object 'Object Repository/PartyOnboarding/Personal/PartyContacts/Contact Type  Location' is visible&#xD;
&#xD;
2019-08-22 09:48:57 - [MESSAGE][PASSED] - Keys 'TAB + Personal' sent to object: 'Object Repository/PartyOnboarding/Personal/PartyContacts/Contact Type  Location'&#xD;
&#xD;
2019-08-22 09:48:57 - [MESSAGE][PASSED] - Object 'Object Repository/PartyOnboarding/Personal/PartyContacts/Contact Email' is visible&#xD;
&#xD;
2019-08-22 09:48:57 - [MESSAGE][PASSED] - Object 'Object Repository/PartyOnboarding/Personal/PartyContacts/Contact Email' has attribute 'readonly'&#xD;
&#xD;
2019-08-22 09:48:57 - [MESSAGE][PASSED] - Object 'Object Repository/PartyOnboarding/Personal/PartyContacts/Contact Number_03_Code' is visible&#xD;
&#xD;
2019-08-22 09:48:57 - [MESSAGE][PASSED] - Text of object 'Object Repository/PartyOnboarding/Personal/PartyContacts/Contact Number_03_Code' is cleared&#xD;
&#xD;
2019-08-22 09:48:57 - [MESSAGE][PASSED] - Object 'Object Repository/PartyOnboarding/Personal/PartyContacts/Contact Number_03_Code' is visible&#xD;
&#xD;
2019-08-22 09:48:58 - [MESSAGE][PASSED] - Keys '+95' sent to object: 'Object Repository/PartyOnboarding/Personal/PartyContacts/Contact Number_03_Code'&#xD;
&#xD;
2019-08-22 09:48:58 - [MESSAGE][PASSED] - Object 'Object Repository/PartyOnboarding/Personal/PartyContacts/Contact Number_AreaCode' is visible&#xD;
&#xD;
2019-08-22 09:48:58 - [MESSAGE][PASSED] - Keys '' sent to object: 'Object Repository/PartyOnboarding/Personal/PartyContacts/Contact Number_AreaCode'&#xD;
&#xD;
2019-08-22 09:48:58 - [MESSAGE][PASSED] - Object 'Object Repository/PartyOnboarding/Personal/PartyContacts/Contact Number_Number' is visible&#xD;
&#xD;
2019-08-22 09:48:58 - [MESSAGE][PASSED] - Keys '9697989902' sent to object: 'Object Repository/PartyOnboarding/Personal/PartyContacts/Contact Number_Number'&#xD;
&#xD;
2019-08-22 09:48:58 - [MESSAGE][PASSED] - Object 'Object Repository/PartyOnboarding/Personal/PartyContacts/Contact Number_03_Code' is visible&#xD;
&#xD;
2019-08-22 09:48:59 - [MESSAGE][WARNING] - Object 'Object Repository/PartyOnboarding/Personal/PartyContacts/Contact Number_03_Code' does not have attribute 'readonly' (Root cause: com.kms.katalon.core.exception.StepFailedException: Object 'Object Repository/PartyOnboarding/Personal/PartyContacts/Contact Number_03_Code' does not have attribute 'readonly'&#xD;
	at com.kms.katalon.core.webui.keyword.internal.WebUIKeywordMain.stepFailed(WebUIKeywordMain.groovy:64)&#xD;
	at com.kms.katalon.core.webui.keyword.builtin.VerifyElementHasAttributeKeyword$_verifyElementHasAttribute_closure1.doCall(VerifyElementHasAttributeKeyword.groovy:89)&#xD;
	at com.kms.katalon.core.webui.keyword.builtin.VerifyElementHasAttributeKeyword$_verifyElementHasAttribute_closure1.call(VerifyElementHasAttributeKeyword.groovy)&#xD;
	at com.kms.katalon.core.webui.keyword.internal.WebUIKeywordMain.runKeyword(WebUIKeywordMain.groovy:20)&#xD;
	at com.kms.katalon.core.webui.keyword.builtin.VerifyElementHasAttributeKeyword.verifyElementHasAttribute(VerifyElementHasAttributeKeyword.groovy:100)&#xD;
	at com.kms.katalon.core.webui.keyword.builtin.VerifyElementHasAttributeKeyword.execute(VerifyElementHasAttributeKeyword.groovy:69)&#xD;
	at com.kms.katalon.core.keyword.internal.KeywordExecutor.executeKeywordForPlatform(KeywordExecutor.groovy:56)&#xD;
	at com.kms.katalon.core.webui.keyword.WebUiBuiltInKeywords.verifyElementHasAttribute(WebUiBuiltInKeywords.groovy:3166)&#xD;
	at com.kms.katalon.core.webui.keyword.WebUiBuiltInKeywords$verifyElementHasAttribute$11.call(Unknown Source)&#xD;
	at pageObjects.PartyOnboarding.inputDataForPartyContacts(PartyOnboarding.groovy:736)&#xD;
	at PartyOnboardingEnterprise.run(PartyOnboardingEnterprise:61)&#xD;
	at com.kms.katalon.core.main.ScriptEngine.run(ScriptEngine.java:194)&#xD;
	at com.kms.katalon.core.main.ScriptEngine.runScriptAsRawText(ScriptEngine.java:119)&#xD;
	at com.kms.katalon.core.main.TestCaseExecutor.runScript(TestCaseExecutor.java:337)&#xD;
	at com.kms.katalon.core.main.TestCaseExecutor.doExecute(TestCaseExecutor.java:328)&#xD;
	at com.kms.katalon.core.main.TestCaseExecutor.processExecutionPhase(TestCaseExecutor.java:307)&#xD;
	at com.kms.katalon.core.main.TestCaseExecutor.accessMainPhase(TestCaseExecutor.java:299)&#xD;
	at com.kms.katalon.core.main.TestCaseExecutor.execute(TestCaseExecutor.java:233)&#xD;
	at com.kms.katalon.core.main.TestSuiteExecutor.accessTestCaseMainPhase(TestSuiteExecutor.java:133)&#xD;
	at com.kms.katalon.core.main.TestSuiteExecutor.accessTestSuiteMainPhase(TestSuiteExecutor.java:116)&#xD;
	at com.kms.katalon.core.main.TestSuiteExecutor.execute(TestSuiteExecutor.java:83)&#xD;
	at com.kms.katalon.core.main.TestCaseMain.startTestSuite(TestCaseMain.java:157)&#xD;
	at com.kms.katalon.core.main.TestCaseMain$startTestSuite$0.call(Unknown Source)&#xD;
	at TempTestSuite1566441935163.run(TempTestSuite1566441935163.groovy:35)&#xD;
)&#xD;
[[ATTACHMENT|C:\\ML\\JITS\\AYA\\Automation\\FBE\\FBE\\Reports\\DataPreparation\\PartyOnboardingPersonal\\20190822_091535\\1566443938667.png]]&#xD;
&#xD;
2019-08-22 09:48:59 - [MESSAGE][PASSED] - Object 'Object Repository/PartyOnboarding/Personal/PartyContacts/Valid From' is visible&#xD;
&#xD;
2019-08-22 09:48:59 - [MESSAGE][PASSED] - Text of object 'Object Repository/PartyOnboarding/Personal/PartyContacts/Valid From' is cleared&#xD;
&#xD;
2019-08-22 09:48:59 - [MESSAGE][PASSED] - Object 'Object Repository/PartyOnboarding/Personal/PartyContacts/Valid From' is visible&#xD;
&#xD;
2019-08-22 09:48:59 - [MESSAGE][PASSED] - Keys '2018-12-20' sent to object: 'Object Repository/PartyOnboarding/Personal/PartyContacts/Valid From'&#xD;
&#xD;
2019-08-22 09:48:59 - [MESSAGE][PASSED] - Object 'Object Repository/PartyOnboarding/Personal/PartyContacts/Save Row' is visible&#xD;
&#xD;
2019-08-22 09:48:59 - [MESSAGE][PASSED] - Execute JavaScript 'arguments[0].click();' successfully&#xD;
&#xD;
2019-08-22 09:48:59 - [MESSAGE][PASSED] - Object 'Object Repository/PartyOnboarding/Personal/PartyContacts/New Row' is visible&#xD;
&#xD;
2019-08-22 09:48:59 - [MESSAGE][PASSED] - Execute JavaScript 'arguments[0].click();' successfully&#xD;
&#xD;
2019-08-22 09:49:00 - [MESSAGE][PASSED] - Delayed 1 second(s)&#xD;
&#xD;
2019-08-22 09:49:00 - [MESSAGE][PASSED] - Object 'Object Repository/PartyOnboarding/Personal/PartyContacts/Contact Method' is visible&#xD;
&#xD;
2019-08-22 09:49:00 - [MESSAGE][PASSED] - Keys 'TAB + Mobile' sent to object: 'Object Repository/PartyOnboarding/Personal/PartyContacts/Contact Method'&#xD;
&#xD;
2019-08-22 09:49:01 - [MESSAGE][PASSED] - Delayed 1 second(s)&#xD;
&#xD;
2019-08-22 09:49:02 - [MESSAGE][PASSED] - Object 'Object Repository/PartyOnboarding/Personal/PartyContacts/Contact Type  Location' is visible&#xD;
&#xD;
2019-08-22 09:49:02 - [MESSAGE][PASSED] - Keys 'TAB + Work' sent to object: 'Object Repository/PartyOnboarding/Personal/PartyContacts/Contact Type  Location'&#xD;
&#xD;
2019-08-22 09:49:02 - [MESSAGE][PASSED] - Object 'Object Repository/PartyOnboarding/Personal/PartyContacts/Contact Email' is visible&#xD;
&#xD;
2019-08-22 09:49:02 - [MESSAGE][PASSED] - Object 'Object Repository/PartyOnboarding/Personal/PartyContacts/Contact Email' has attribute 'readonly'&#xD;
&#xD;
2019-08-22 09:49:02 - [MESSAGE][PASSED] - Object 'Object Repository/PartyOnboarding/Personal/PartyContacts/Contact Number_03_Code' is visible&#xD;
&#xD;
2019-08-22 09:49:02 - [MESSAGE][PASSED] - Text of object 'Object Repository/PartyOnboarding/Personal/PartyContacts/Contact Number_03_Code' is cleared&#xD;
&#xD;
2019-08-22 09:49:02 - [MESSAGE][PASSED] - Object 'Object Repository/PartyOnboarding/Personal/PartyContacts/Contact Number_03_Code' is visible&#xD;
&#xD;
2019-08-22 09:49:02 - [MESSAGE][PASSED] - Keys '+1' sent to object: 'Object Repository/PartyOnboarding/Personal/PartyContacts/Contact Number_03_Code'&#xD;
&#xD;
2019-08-22 09:49:02 - [MESSAGE][PASSED] - Object 'Object Repository/PartyOnboarding/Personal/PartyContacts/Contact Number_AreaCode' is visible&#xD;
&#xD;
2019-08-22 09:49:02 - [MESSAGE][PASSED] - Keys '' sent to object: 'Object Repository/PartyOnboarding/Personal/PartyContacts/Contact Number_AreaCode'&#xD;
&#xD;
2019-08-22 09:49:02 - [MESSAGE][PASSED] - Object 'Object Repository/PartyOnboarding/Personal/PartyContacts/Contact Number_Number' is visible&#xD;
&#xD;
2019-08-22 09:49:02 - [MESSAGE][PASSED] - Keys '9697989901' sent to object: 'Object Repository/PartyOnboarding/Personal/PartyContacts/Contact Number_Number'&#xD;
&#xD;
2019-08-22 09:49:02 - [MESSAGE][PASSED] - Object 'Object Repository/PartyOnboarding/Personal/PartyContacts/Contact Number_03_Code' is visible&#xD;
&#xD;
2019-08-22 09:49:03 - [MESSAGE][WARNING] - Object 'Object Repository/PartyOnboarding/Personal/PartyContacts/Contact Number_03_Code' does not have attribute 'readonly' (Root cause: com.kms.katalon.core.exception.StepFailedException: Object 'Object Repository/PartyOnboarding/Personal/PartyContacts/Contact Number_03_Code' does not have attribute 'readonly'&#xD;
	at com.kms.katalon.core.webui.keyword.internal.WebUIKeywordMain.stepFailed(WebUIKeywordMain.groovy:64)&#xD;
	at com.kms.katalon.core.webui.keyword.builtin.VerifyElementHasAttributeKeyword$_verifyElementHasAttribute_closure1.doCall(VerifyElementHasAttributeKeyword.groovy:89)&#xD;
	at com.kms.katalon.core.webui.keyword.builtin.VerifyElementHasAttributeKeyword$_verifyElementHasAttribute_closure1.call(VerifyElementHasAttributeKeyword.groovy)&#xD;
	at com.kms.katalon.core.webui.keyword.internal.WebUIKeywordMain.runKeyword(WebUIKeywordMain.groovy:20)&#xD;
	at com.kms.katalon.core.webui.keyword.builtin.VerifyElementHasAttributeKeyword.verifyElementHasAttribute(VerifyElementHasAttributeKeyword.groovy:100)&#xD;
	at com.kms.katalon.core.webui.keyword.builtin.VerifyElementHasAttributeKeyword.execute(VerifyElementHasAttributeKeyword.groovy:69)&#xD;
	at com.kms.katalon.core.keyword.internal.KeywordExecutor.executeKeywordForPlatform(KeywordExecutor.groovy:56)&#xD;
	at com.kms.katalon.core.webui.keyword.WebUiBuiltInKeywords.verifyElementHasAttribute(WebUiBuiltInKeywords.groovy:3166)&#xD;
	at com.kms.katalon.core.webui.keyword.WebUiBuiltInKeywords$verifyElementHasAttribute$11.call(Unknown Source)&#xD;
	at pageObjects.PartyOnboarding.inputDataForPartyContacts(PartyOnboarding.groovy:736)&#xD;
	at PartyOnboardingEnterprise.run(PartyOnboardingEnterprise:61)&#xD;
	at com.kms.katalon.core.main.ScriptEngine.run(ScriptEngine.java:194)&#xD;
	at com.kms.katalon.core.main.ScriptEngine.runScriptAsRawText(ScriptEngine.java:119)&#xD;
	at com.kms.katalon.core.main.TestCaseExecutor.runScript(TestCaseExecutor.java:337)&#xD;
	at com.kms.katalon.core.main.TestCaseExecutor.doExecute(TestCaseExecutor.java:328)&#xD;
	at com.kms.katalon.core.main.TestCaseExecutor.processExecutionPhase(TestCaseExecutor.java:307)&#xD;
	at com.kms.katalon.core.main.TestCaseExecutor.accessMainPhase(TestCaseExecutor.java:299)&#xD;
	at com.kms.katalon.core.main.TestCaseExecutor.execute(TestCaseExecutor.java:233)&#xD;
	at com.kms.katalon.core.main.TestSuiteExecutor.accessTestCaseMainPhase(TestSuiteExecutor.java:133)&#xD;
	at com.kms.katalon.core.main.TestSuiteExecutor.accessTestSuiteMainPhase(TestSuiteExecutor.java:116)&#xD;
	at com.kms.katalon.core.main.TestSuiteExecutor.execute(TestSuiteExecutor.java:83)&#xD;
	at com.kms.katalon.core.main.TestCaseMain.startTestSuite(TestCaseMain.java:157)&#xD;
	at com.kms.katalon.core.main.TestCaseMain$startTestSuite$0.call(Unknown Source)&#xD;
	at TempTestSuite1566441935163.run(TempTestSuite1566441935163.groovy:35)&#xD;
)&#xD;
[[ATTACHMENT|C:\\ML\\JITS\\AYA\\Automation\\FBE\\FBE\\Reports\\DataPreparation\\PartyOnboardingPersonal\\20190822_091535\\1566443942956.png]]&#xD;
&#xD;
2019-08-22 09:49:03 - [MESSAGE][PASSED] - Object 'Object Repository/PartyOnboarding/Personal/PartyContacts/Valid From' is visible&#xD;
&#xD;
2019-08-22 09:49:03 - [MESSAGE][PASSED] - Text of object 'Object Repository/PartyOnboarding/Personal/PartyContacts/Valid From' is cleared&#xD;
&#xD;
2019-08-22 09:49:03 - [MESSAGE][PASSED] - Object 'Object Repository/PartyOnboarding/Personal/PartyContacts/Valid From' is visible&#xD;
&#xD;
2019-08-22 09:49:03 - [MESSAGE][PASSED] - Keys '2018-01-24' sent to object: 'Object Repository/PartyOnboarding/Personal/PartyContacts/Valid From'&#xD;
&#xD;
2019-08-22 09:49:03 - [MESSAGE][PASSED] - Object 'Object Repository/PartyOnboarding/Personal/PartyContacts/Save Row' is visible&#xD;
&#xD;
2019-08-22 09:49:03 - [MESSAGE][PASSED] - Execute JavaScript 'arguments[0].click();' successfully&#xD;
&#xD;
2019-08-22 09:49:03 - [MESSAGE][PASSED] - Object 'Object Repository/PartyOnboarding/Personal/PartyContacts/New Row' is visible&#xD;
&#xD;
2019-08-22 09:49:03 - [MESSAGE][PASSED] - Execute JavaScript 'arguments[0].click();' successfully&#xD;
&#xD;
2019-08-22 09:49:04 - [MESSAGE][PASSED] - Delayed 1 second(s)&#xD;
&#xD;
2019-08-22 09:49:04 - [MESSAGE][PASSED] - Object 'Object Repository/PartyOnboarding/Personal/PartyContacts/Contact Method' is visible&#xD;
&#xD;
2019-08-22 09:49:05 - [MESSAGE][PASSED] - Keys 'TAB + Email' sent to object: 'Object Repository/PartyOnboarding/Personal/PartyContacts/Contact Method'&#xD;
&#xD;
2019-08-22 09:49:06 - [MESSAGE][PASSED] - Delayed 1 second(s)&#xD;
&#xD;
2019-08-22 09:49:06 - [MESSAGE][PASSED] - Object 'Object Repository/PartyOnboarding/Personal/PartyContacts/Contact Type  Location' is visible&#xD;
&#xD;
2019-08-22 09:49:06 - [MESSAGE][PASSED] - Keys 'TAB + Personal' sent to object: 'Object Repository/PartyOnboarding/Personal/PartyContacts/Contact Type  Location'&#xD;
&#xD;
2019-08-22 09:49:06 - [MESSAGE][PASSED] - Object 'Object Repository/PartyOnboarding/Personal/PartyContacts/Contact Email' is visible&#xD;
&#xD;
2019-08-22 09:49:06 - [MESSAGE][WARNING] - Object 'Object Repository/PartyOnboarding/Personal/PartyContacts/Contact Email' does not have attribute 'readonly' (Root cause: com.kms.katalon.core.exception.StepFailedException: Object 'Object Repository/PartyOnboarding/Personal/PartyContacts/Contact Email' does not have attribute 'readonly'&#xD;
	at com.kms.katalon.core.webui.keyword.internal.WebUIKeywordMain.stepFailed(WebUIKeywordMain.groovy:64)&#xD;
	at com.kms.katalon.core.webui.keyword.builtin.VerifyElementHasAttributeKeyword$_verifyElementHasAttribute_closure1.doCall(VerifyElementHasAttributeKeyword.groovy:89)&#xD;
	at com.kms.katalon.core.webui.keyword.builtin.VerifyElementHasAttributeKeyword$_verifyElementHasAttribute_closure1.call(VerifyElementHasAttributeKeyword.groovy)&#xD;
	at com.kms.katalon.core.webui.keyword.internal.WebUIKeywordMain.runKeyword(WebUIKeywordMain.groovy:20)&#xD;
	at com.kms.katalon.core.webui.keyword.builtin.VerifyElementHasAttributeKeyword.verifyElementHasAttribute(VerifyElementHasAttributeKeyword.groovy:100)&#xD;
	at com.kms.katalon.core.webui.keyword.builtin.VerifyElementHasAttributeKeyword.execute(VerifyElementHasAttributeKeyword.groovy:69)&#xD;
	at com.kms.katalon.core.keyword.internal.KeywordExecutor.executeKeywordForPlatform(KeywordExecutor.groovy:56)&#xD;
	at com.kms.katalon.core.webui.keyword.WebUiBuiltInKeywords.verifyElementHasAttribute(WebUiBuiltInKeywords.groovy:3166)&#xD;
	at com.kms.katalon.core.webui.keyword.WebUiBuiltInKeywords$verifyElementHasAttribute$11.call(Unknown Source)&#xD;
	at pageObjects.PartyOnboarding.inputDataForPartyContacts(PartyOnboarding.groovy:721)&#xD;
	at PartyOnboardingEnterprise.run(PartyOnboardingEnterprise:61)&#xD;
	at com.kms.katalon.core.main.ScriptEngine.run(ScriptEngine.java:194)&#xD;
	at com.kms.katalon.core.main.ScriptEngine.runScriptAsRawText(ScriptEngine.java:119)&#xD;
	at com.kms.katalon.core.main.TestCaseExecutor.runScript(TestCaseExecutor.java:337)&#xD;
	at com.kms.katalon.core.main.TestCaseExecutor.doExecute(TestCaseExecutor.java:328)&#xD;
	at com.kms.katalon.core.main.TestCaseExecutor.processExecutionPhase(TestCaseExecutor.java:307)&#xD;
	at com.kms.katalon.core.main.TestCaseExecutor.accessMainPhase(TestCaseExecutor.java:299)&#xD;
	at com.kms.katalon.core.main.TestCaseExecutor.execute(TestCaseExecutor.java:233)&#xD;
	at com.kms.katalon.core.main.TestSuiteExecutor.accessTestCaseMainPhase(TestSuiteExecutor.java:133)&#xD;
	at com.kms.katalon.core.main.TestSuiteExecutor.accessTestSuiteMainPhase(TestSuiteExecutor.java:116)&#xD;
	at com.kms.katalon.core.main.TestSuiteExecutor.execute(TestSuiteExecutor.java:83)&#xD;
	at com.kms.katalon.core.main.TestCaseMain.startTestSuite(TestCaseMain.java:157)&#xD;
	at com.kms.katalon.core.main.TestCaseMain$startTestSuite$0.call(Unknown Source)&#xD;
	at TempTestSuite1566441935163.run(TempTestSuite1566441935163.groovy:35)&#xD;
)&#xD;
[[ATTACHMENT|C:\\ML\\JITS\\AYA\\Automation\\FBE\\FBE\\Reports\\DataPreparation\\PartyOnboardingPersonal\\20190822_091535\\1566443946622.png]]&#xD;
&#xD;
2019-08-22 09:49:07 - [MESSAGE][PASSED] - Object 'Object Repository/PartyOnboarding/Personal/PartyContacts/Contact Number_03_Code' is visible&#xD;
&#xD;
2019-08-22 09:49:07 - [MESSAGE][PASSED] - Object 'Object Repository/PartyOnboarding/Personal/PartyContacts/Contact Number_03_Code' has attribute 'readonly'&#xD;
&#xD;
2019-08-22 09:49:07 - [MESSAGE][PASSED] - Object 'Object Repository/PartyOnboarding/Personal/PartyContacts/Contact Email' is visible&#xD;
&#xD;
2019-08-22 09:49:07 - [MESSAGE][PASSED] - Keys 'nguyenthimyle@gmail.com' sent to object: 'Object Repository/PartyOnboarding/Personal/PartyContacts/Contact Email'&#xD;
&#xD;
2019-08-22 09:49:07 - [MESSAGE][PASSED] - Object 'Object Repository/PartyOnboarding/Personal/PartyContacts/Confirm Email' is visible&#xD;
&#xD;
2019-08-22 09:49:08 - [MESSAGE][PASSED] - Keys 'nguyenthimyle@gmail.com' sent to object: 'Object Repository/PartyOnboarding/Personal/PartyContacts/Confirm Email'&#xD;
&#xD;
2019-08-22 09:49:08 - [MESSAGE][PASSED] - Object 'Object Repository/PartyOnboarding/Personal/PartyContacts/Valid From' is visible&#xD;
&#xD;
2019-08-22 09:49:08 - [MESSAGE][PASSED] - Text of object 'Object Repository/PartyOnboarding/Personal/PartyContacts/Valid From' is cleared&#xD;
&#xD;
2019-08-22 09:49:08 - [MESSAGE][PASSED] - Object 'Object Repository/PartyOnboarding/Personal/PartyContacts/Valid From' is visible&#xD;
&#xD;
2019-08-22 09:49:09 - [MESSAGE][PASSED] - Keys '2017-01-24' sent to object: 'Object Repository/PartyOnboarding/Personal/PartyContacts/Valid From'&#xD;
&#xD;
2019-08-22 09:49:09 - [MESSAGE][PASSED] - Object 'Object Repository/PartyOnboarding/Personal/PartyContacts/Save Row' is visible&#xD;
&#xD;
2019-08-22 09:49:09 - [MESSAGE][PASSED] - Execute JavaScript 'arguments[0].click();' successfully&#xD;
&#xD;
2019-08-22 09:49:09 - [TEST_STEP][PASSED] - partyOnboardingEnterprise.clickNextbutton(): Object: 'Object Repository/PartyOnboarding/btn_Next' is clicked on&#xD;
&#xD;
2019-08-22 09:49:09 - [MESSAGE][PASSED] - Object 'Object Repository/PartyOnboarding/btn_Next' is visible&#xD;
&#xD;
2019-08-22 09:49:09 - [MESSAGE][PASSED] - Object: 'Object Repository/PartyOnboarding/btn_Next' is clicked on&#xD;
&#xD;
2019-08-22 09:49:09 - [TEST_STEP][PASSED] - partyOnboardingEnterprise.inputDataForPartyRequiredDocuments(s06_documentCategory, s06_kycExpired, s06_documentType, s06_validFrom, s06_validTo, s06_referenceNumber, s06_issuingAuthority, s06_issuingCountry, s06_documentVerified, s06_image, s06_documentCollectionStatus): Keys 'Documents collected and validated centrally' sent to object: 'Object Repository/PartyOnboarding/Personal/PartyRequiredDocument/ddl_DocumentsCollectionStatus'&#xD;
&#xD;
2019-08-22 09:49:10 - [MESSAGE][PASSED] - Delayed 1 second(s)&#xD;
&#xD;
2019-08-22 09:49:10 - [MESSAGE][PASSED] - Object 'Object Repository/PartyOnboarding/Personal/PartyRequiredDocument/New Row' is visible&#xD;
&#xD;
2019-08-22 09:49:10 - [MESSAGE][PASSED] - Execute JavaScript 'arguments[0].click();' successfully&#xD;
&#xD;
2019-08-22 09:49:10 - [MESSAGE][PASSED] - Object 'Object Repository/PartyOnboarding/Personal/PartyRequiredDocument/DocumentCategory' is visible&#xD;
&#xD;
2019-08-22 09:49:11 - [MESSAGE][PASSED] - Keys 'TAB + PT-AUTHORIZED MYCO USER' sent to object: 'Object Repository/PartyOnboarding/Personal/PartyRequiredDocument/DocumentCategory'&#xD;
&#xD;
2019-08-22 09:49:12 - [MESSAGE][PASSED] - Delayed 1 second(s)&#xD;
&#xD;
2019-08-22 09:49:12 - [MESSAGE][PASSED] - Object 'Object Repository/PartyOnboarding/Personal/PartyRequiredDocument/Document Type' is visible&#xD;
&#xD;
2019-08-22 09:49:13 - [MESSAGE][PASSED] - Keys 'TAB + AUTHORIZED MYCO USER' sent to object: 'Object Repository/PartyOnboarding/Personal/PartyRequiredDocument/Document Type'&#xD;
&#xD;
2019-08-22 09:49:14 - [MESSAGE][PASSED] - Delayed 1 second(s)&#xD;
&#xD;
2019-08-22 09:49:14 - [MESSAGE][PASSED] - Object 'Object Repository/PartyOnboarding/Personal/PartyRequiredDocument/Issuing Country' is visible&#xD;
&#xD;
2019-08-22 09:49:15 - [MESSAGE][PASSED] - Keys 'Myanmar' sent to object: 'Object Repository/PartyOnboarding/Personal/PartyRequiredDocument/Issuing Country'&#xD;
&#xD;
2019-08-22 09:49:16 - [MESSAGE][PASSED] - Delayed 1 second(s)&#xD;
&#xD;
2019-08-22 09:49:16 - [MESSAGE][PASSED] - Object 'Object Repository/PartyOnboarding/Personal/PartyRequiredDocument/Document Verified' is visible&#xD;
&#xD;
2019-08-22 09:49:16 - [MESSAGE][PASSED] - Keys 'TAB + TRUE' sent to object: 'Object Repository/PartyOnboarding/Personal/PartyRequiredDocument/Document Verified'&#xD;
&#xD;
2019-08-22 09:49:16 - [MESSAGE][PASSED] - Object 'Object Repository/PartyOnboarding/Personal/PartyRequiredDocument/Save Row' is visible&#xD;
&#xD;
2019-08-22 09:49:16 - [MESSAGE][PASSED] - Execute JavaScript 'arguments[0].click();' successfully&#xD;
&#xD;
2019-08-22 09:49:16 - [MESSAGE][PASSED] - Object 'Object Repository/PartyOnboarding/Personal/PartyRequiredDocument/New Row' is visible&#xD;
&#xD;
2019-08-22 09:49:16 - [MESSAGE][PASSED] - Execute JavaScript 'arguments[0].click();' successfully&#xD;
&#xD;
2019-08-22 09:49:16 - [MESSAGE][PASSED] - Object 'Object Repository/PartyOnboarding/Personal/PartyRequiredDocument/DocumentCategory' is visible&#xD;
&#xD;
2019-08-22 09:49:18 - [MESSAGE][PASSED] - Keys 'TAB + PT-BOARD OF DIRECTORS RESOLUTION' sent to object: 'Object Repository/PartyOnboarding/Personal/PartyRequiredDocument/DocumentCategory'&#xD;
&#xD;
2019-08-22 09:49:19 - [MESSAGE][PASSED] - Delayed 1 second(s)&#xD;
&#xD;
2019-08-22 09:49:19 - [MESSAGE][PASSED] - Object 'Object Repository/PartyOnboarding/Personal/PartyRequiredDocument/Document Type' is visible&#xD;
&#xD;
2019-08-22 09:49:20 - [MESSAGE][PASSED] - Keys 'TAB + BOARD OF DIRECTORS RESOLUTION' sent to object: 'Object Repository/PartyOnboarding/Personal/PartyRequiredDocument/Document Type'&#xD;
&#xD;
2019-08-22 09:49:21 - [MESSAGE][PASSED] - Delayed 1 second(s)&#xD;
&#xD;
2019-08-22 09:49:21 - [MESSAGE][PASSED] - Object 'Object Repository/PartyOnboarding/Personal/PartyRequiredDocument/Issuing Country' is visible&#xD;
&#xD;
2019-08-22 09:49:21 - [MESSAGE][PASSED] - Keys 'Myanmar' sent to object: 'Object Repository/PartyOnboarding/Personal/PartyRequiredDocument/Issuing Country'&#xD;
&#xD;
2019-08-22 09:49:22 - [MESSAGE][PASSED] - Delayed 1 second(s)&#xD;
&#xD;
2019-08-22 09:49:22 - [MESSAGE][PASSED] - Object 'Object Repository/PartyOnboarding/Personal/PartyRequiredDocument/Document Verified' is visible&#xD;
&#xD;
2019-08-22 09:49:23 - [MESSAGE][PASSED] - Keys 'TAB + TRUE' sent to object: 'Object Repository/PartyOnboarding/Personal/PartyRequiredDocument/Document Verified'&#xD;
&#xD;
2019-08-22 09:49:23 - [MESSAGE][PASSED] - Object 'Object Repository/PartyOnboarding/Personal/PartyRequiredDocument/Save Row' is visible&#xD;
&#xD;
2019-08-22 09:49:23 - [MESSAGE][PASSED] - Execute JavaScript 'arguments[0].click();' successfully&#xD;
&#xD;
2019-08-22 09:49:23 - [MESSAGE][PASSED] - Object 'Object Repository/PartyOnboarding/Personal/PartyRequiredDocument/New Row' is visible&#xD;
&#xD;
2019-08-22 09:49:23 - [MESSAGE][PASSED] - Execute JavaScript 'arguments[0].click();' successfully&#xD;
&#xD;
2019-08-22 09:49:23 - [MESSAGE][PASSED] - Object 'Object Repository/PartyOnboarding/Personal/PartyRequiredDocument/DocumentCategory' is visible&#xD;
&#xD;
2019-08-22 09:49:24 - [MESSAGE][PASSED] - Keys 'TAB + PT-CERTIFICATE OF INCORPORATION' sent to object: 'Object Repository/PartyOnboarding/Personal/PartyRequiredDocument/DocumentCategory'&#xD;
&#xD;
2019-08-22 09:49:25 - [MESSAGE][PASSED] - Delayed 1 second(s)&#xD;
&#xD;
2019-08-22 09:49:25 - [MESSAGE][PASSED] - Object 'Object Repository/PartyOnboarding/Personal/PartyRequiredDocument/Document Type' is visible&#xD;
&#xD;
2019-08-22 09:49:27 - [MESSAGE][PASSED] - Keys 'TAB + CERTIFICATE OF INCORPORATION' sent to object: 'Object Repository/PartyOnboarding/Personal/PartyRequiredDocument/Document Type'&#xD;
&#xD;
2019-08-22 09:49:28 - [MESSAGE][PASSED] - Delayed 1 second(s)&#xD;
&#xD;
2019-08-22 09:49:28 - [MESSAGE][PASSED] - Object 'Object Repository/PartyOnboarding/Personal/PartyRequiredDocument/Issuing Country' is visible&#xD;
&#xD;
2019-08-22 09:49:28 - [MESSAGE][PASSED] - Keys 'Myanmar' sent to object: 'Object Repository/PartyOnboarding/Personal/PartyRequiredDocument/Issuing Country'&#xD;
&#xD;
2019-08-22 09:49:29 - [MESSAGE][PASSED] - Delayed 1 second(s)&#xD;
&#xD;
2019-08-22 09:49:29 - [MESSAGE][PASSED] - Object 'Object Repository/PartyOnboarding/Personal/PartyRequiredDocument/Document Verified' is visible&#xD;
&#xD;
2019-08-22 09:49:30 - [MESSAGE][PASSED] - Keys 'TAB + TRUE' sent to object: 'Object Repository/PartyOnboarding/Personal/PartyRequiredDocument/Document Verified'&#xD;
&#xD;
2019-08-22 09:49:30 - [MESSAGE][PASSED] - Object 'Object Repository/PartyOnboarding/Personal/PartyRequiredDocument/Save Row' is visible&#xD;
&#xD;
2019-08-22 09:49:30 - [MESSAGE][PASSED] - Execute JavaScript 'arguments[0].click();' successfully&#xD;
&#xD;
2019-08-22 09:49:30 - [MESSAGE][PASSED] - Object 'Object Repository/PartyOnboarding/Personal/PartyRequiredDocument/New Row' is visible&#xD;
&#xD;
2019-08-22 09:49:30 - [MESSAGE][PASSED] - Execute JavaScript 'arguments[0].click();' successfully&#xD;
&#xD;
2019-08-22 09:49:30 - [MESSAGE][PASSED] - Object 'Object Repository/PartyOnboarding/Personal/PartyRequiredDocument/DocumentCategory' is visible&#xD;
&#xD;
2019-08-22 09:49:31 - [MESSAGE][PASSED] - Keys 'TAB + PT-FILING HISTORY' sent to object: 'Object Repository/PartyOnboarding/Personal/PartyRequiredDocument/DocumentCategory'&#xD;
&#xD;
2019-08-22 09:49:32 - [MESSAGE][PASSED] - Delayed 1 second(s)&#xD;
&#xD;
2019-08-22 09:49:32 - [MESSAGE][PASSED] - Object 'Object Repository/PartyOnboarding/Personal/PartyRequiredDocument/Document Type' is visible&#xD;
&#xD;
2019-08-22 09:49:32 - [MESSAGE][PASSED] - Keys 'TAB + FILING HISTORY' sent to object: 'Object Repository/PartyOnboarding/Personal/PartyRequiredDocument/Document Type'&#xD;
&#xD;
2019-08-22 09:49:33 - [MESSAGE][PASSED] - Delayed 1 second(s)&#xD;
&#xD;
2019-08-22 09:49:33 - [MESSAGE][PASSED] - Object 'Object Repository/PartyOnboarding/Personal/PartyRequiredDocument/Issuing Country' is visible&#xD;
&#xD;
2019-08-22 09:49:34 - [MESSAGE][PASSED] - Keys 'Myanmar' sent to object: 'Object Repository/PartyOnboarding/Personal/PartyRequiredDocument/Issuing Country'&#xD;
&#xD;
2019-08-22 09:49:35 - [MESSAGE][PASSED] - Delayed 1 second(s)&#xD;
&#xD;
2019-08-22 09:49:35 - [MESSAGE][PASSED] - Object 'Object Repository/PartyOnboarding/Personal/PartyRequiredDocument/Document Verified' is visible&#xD;
&#xD;
2019-08-22 09:49:35 - [MESSAGE][PASSED] - Keys 'TAB + TRUE' sent to object: 'Object Repository/PartyOnboarding/Personal/PartyRequiredDocument/Document Verified'&#xD;
&#xD;
2019-08-22 09:49:35 - [MESSAGE][PASSED] - Object 'Object Repository/PartyOnboarding/Personal/PartyRequiredDocument/Save Row' is visible&#xD;
&#xD;
2019-08-22 09:49:35 - [MESSAGE][PASSED] - Execute JavaScript 'arguments[0].click();' successfully&#xD;
&#xD;
2019-08-22 09:49:35 - [MESSAGE][PASSED] - Object 'Object Repository/PartyOnboarding/Personal/PartyRequiredDocument/New Row' is visible&#xD;
&#xD;
2019-08-22 09:49:35 - [MESSAGE][PASSED] - Execute JavaScript 'arguments[0].click();' successfully&#xD;
&#xD;
2019-08-22 09:49:35 - [MESSAGE][PASSED] - Object 'Object Repository/PartyOnboarding/Personal/PartyRequiredDocument/DocumentCategory' is visible&#xD;
&#xD;
2019-08-22 09:49:36 - [MESSAGE][PASSED] - Keys 'TAB + PT-FORM QA 22(FOREIGNER)' sent to object: 'Object Repository/PartyOnboarding/Personal/PartyRequiredDocument/DocumentCategory'&#xD;
&#xD;
2019-08-22 09:49:37 - [MESSAGE][PASSED] - Delayed 1 second(s)&#xD;
&#xD;
2019-08-22 09:49:37 - [MESSAGE][PASSED] - Object 'Object Repository/PartyOnboarding/Personal/PartyRequiredDocument/Document Type' is visible&#xD;
&#xD;
2019-08-22 09:49:38 - [MESSAGE][PASSED] - Keys 'TAB + FORM QA 22(FOREIGNER)' sent to object: 'Object Repository/PartyOnboarding/Personal/PartyRequiredDocument/Document Type'&#xD;
&#xD;
2019-08-22 09:49:39 - [MESSAGE][PASSED] - Delayed 1 second(s)&#xD;
&#xD;
2019-08-22 09:49:39 - [MESSAGE][PASSED] - Object 'Object Repository/PartyOnboarding/Personal/PartyRequiredDocument/Issuing Country' is visible&#xD;
&#xD;
2019-08-22 09:49:40 - [MESSAGE][PASSED] - Keys 'Myanmar' sent to object: 'Object Repository/PartyOnboarding/Personal/PartyRequiredDocument/Issuing Country'&#xD;
&#xD;
2019-08-22 09:49:41 - [MESSAGE][PASSED] - Delayed 1 second(s)&#xD;
&#xD;
2019-08-22 09:49:41 - [MESSAGE][PASSED] - Object 'Object Repository/PartyOnboarding/Personal/PartyRequiredDocument/Document Verified' is visible&#xD;
&#xD;
2019-08-22 09:49:41 - [MESSAGE][PASSED] - Keys 'TAB + TRUE' sent to object: 'Object Repository/PartyOnboarding/Personal/PartyRequiredDocument/Document Verified'&#xD;
&#xD;
2019-08-22 09:49:41 - [MESSAGE][PASSED] - Object 'Object Repository/PartyOnboarding/Personal/PartyRequiredDocument/Save Row' is visible&#xD;
&#xD;
2019-08-22 09:49:41 - [MESSAGE][PASSED] - Execute JavaScript 'arguments[0].click();' successfully&#xD;
&#xD;
2019-08-22 09:49:41 - [MESSAGE][PASSED] - Object 'Object Repository/PartyOnboarding/Personal/PartyRequiredDocument/New Row' is visible&#xD;
&#xD;
2019-08-22 09:49:41 - [MESSAGE][PASSED] - Execute JavaScript 'arguments[0].click();' successfully&#xD;
&#xD;
2019-08-22 09:49:41 - [MESSAGE][PASSED] - Object 'Object Repository/PartyOnboarding/Personal/PartyRequiredDocument/DocumentCategory' is visible&#xD;
&#xD;
2019-08-22 09:49:43 - [MESSAGE][PASSED] - Keys 'TAB + PT-LIST OF DIRECTORS AND MEMBER DETAILS' sent to object: 'Object Repository/PartyOnboarding/Personal/PartyRequiredDocument/DocumentCategory'&#xD;
&#xD;
2019-08-22 09:49:44 - [MESSAGE][PASSED] - Delayed 1 second(s)&#xD;
&#xD;
2019-08-22 09:49:44 - [MESSAGE][PASSED] - Object 'Object Repository/PartyOnboarding/Personal/PartyRequiredDocument/Document Type' is visible&#xD;
&#xD;
2019-08-22 09:49:46 - [MESSAGE][PASSED] - Keys 'TAB + LIST OF DIRECTORS AND MEMBER DETAILS' sent to object: 'Object Repository/PartyOnboarding/Personal/PartyRequiredDocument/Document Type'&#xD;
&#xD;
2019-08-22 09:49:47 - [MESSAGE][PASSED] - Delayed 1 second(s)&#xD;
&#xD;
2019-08-22 09:49:47 - [MESSAGE][PASSED] - Object 'Object Repository/PartyOnboarding/Personal/PartyRequiredDocument/Issuing Country' is visible&#xD;
&#xD;
2019-08-22 09:49:47 - [MESSAGE][PASSED] - Keys 'Myanmar' sent to object: 'Object Repository/PartyOnboarding/Personal/PartyRequiredDocument/Issuing Country'&#xD;
&#xD;
2019-08-22 09:49:48 - [MESSAGE][PASSED] - Delayed 1 second(s)&#xD;
&#xD;
2019-08-22 09:49:48 - [MESSAGE][PASSED] - Object 'Object Repository/PartyOnboarding/Personal/PartyRequiredDocument/Document Verified' is visible&#xD;
&#xD;
2019-08-22 09:49:48 - [MESSAGE][PASSED] - Keys 'TAB + TRUE' sent to object: 'Object Repository/PartyOnboarding/Personal/PartyRequiredDocument/Document Verified'&#xD;
&#xD;
2019-08-22 09:49:48 - [MESSAGE][PASSED] - Object 'Object Repository/PartyOnboarding/Personal/PartyRequiredDocument/Save Row' is visible&#xD;
&#xD;
2019-08-22 09:49:49 - [MESSAGE][PASSED] - Execute JavaScript 'arguments[0].click();' successfully&#xD;
&#xD;
2019-08-22 09:49:49 - [MESSAGE][PASSED] - Object 'Object Repository/PartyOnboarding/Personal/PartyRequiredDocument/New Row' is visible&#xD;
&#xD;
2019-08-22 09:49:49 - [MESSAGE][PASSED] - Execute JavaScript 'arguments[0].click();' successfully&#xD;
&#xD;
2019-08-22 09:49:49 - [MESSAGE][PASSED] - Object 'Object Repository/PartyOnboarding/Personal/PartyRequiredDocument/DocumentCategory' is visible&#xD;
&#xD;
2019-08-22 09:49:51 - [MESSAGE][PASSED] - Keys 'TAB + PT-LIST OF SHAREHOLDERS AND MEMBER DETAILS' sent to object: 'Object Repository/PartyOnboarding/Personal/PartyRequiredDocument/DocumentCategory'&#xD;
&#xD;
2019-08-22 09:49:52 - [MESSAGE][PASSED] - Delayed 1 second(s)&#xD;
&#xD;
2019-08-22 09:49:52 - [MESSAGE][PASSED] - Object 'Object Repository/PartyOnboarding/Personal/PartyRequiredDocument/Document Type' is visible&#xD;
&#xD;
2019-08-22 09:49:54 - [MESSAGE][PASSED] - Keys 'TAB + LIST OF SHAREHOLDERS AND MEMBER DETAILS' sent to object: 'Object Repository/PartyOnboarding/Personal/PartyRequiredDocument/Document Type'&#xD;
&#xD;
2019-08-22 09:49:55 - [MESSAGE][PASSED] - Delayed 1 second(s)&#xD;
&#xD;
2019-08-22 09:49:55 - [MESSAGE][PASSED] - Object 'Object Repository/PartyOnboarding/Personal/PartyRequiredDocument/Issuing Country' is visible&#xD;
&#xD;
2019-08-22 09:49:55 - [MESSAGE][PASSED] - Keys 'Myanmar' sent to object: 'Object Repository/PartyOnboarding/Personal/PartyRequiredDocument/Issuing Country'&#xD;
&#xD;
2019-08-22 09:49:56 - [MESSAGE][PASSED] - Delayed 1 second(s)&#xD;
&#xD;
2019-08-22 09:49:56 - [MESSAGE][PASSED] - Object 'Object Repository/PartyOnboarding/Personal/PartyRequiredDocument/Document Verified' is visible&#xD;
&#xD;
2019-08-22 09:49:56 - [MESSAGE][PASSED] - Keys 'TAB + TRUE' sent to object: 'Object Repository/PartyOnboarding/Personal/PartyRequiredDocument/Document Verified'&#xD;
&#xD;
2019-08-22 09:49:56 - [MESSAGE][PASSED] - Object 'Object Repository/PartyOnboarding/Personal/PartyRequiredDocument/Save Row' is visible&#xD;
&#xD;
2019-08-22 09:49:56 - [MESSAGE][PASSED] - Execute JavaScript 'arguments[0].click();' successfully&#xD;
&#xD;
2019-08-22 09:49:56 - [MESSAGE][PASSED] - Object 'Object Repository/PartyOnboarding/Personal/PartyRequiredDocument/New Row' is visible&#xD;
&#xD;
2019-08-22 09:49:56 - [MESSAGE][PASSED] - Execute JavaScript 'arguments[0].click();' successfully&#xD;
&#xD;
2019-08-22 09:49:57 - [MESSAGE][PASSED] - Object 'Object Repository/PartyOnboarding/Personal/PartyRequiredDocument/DocumentCategory' is visible&#xD;
&#xD;
2019-08-22 09:49:59 - [MESSAGE][PASSED] - Keys 'TAB + PT-NRC/PASSPORT COPY OF AUTHORIZED SIGNATORY' sent to object: 'Object Repository/PartyOnboarding/Personal/PartyRequiredDocument/DocumentCategory'&#xD;
&#xD;
2019-08-22 09:50:00 - [MESSAGE][PASSED] - Delayed 1 second(s)&#xD;
&#xD;
2019-08-22 09:50:00 - [MESSAGE][PASSED] - Object 'Object Repository/PartyOnboarding/Personal/PartyRequiredDocument/Document Type' is visible&#xD;
&#xD;
2019-08-22 09:50:01 - [MESSAGE][PASSED] - Keys 'TAB + NRC/PASSPORT COPY OF AUTHORIZED SIGNATORY' sent to object: 'Object Repository/PartyOnboarding/Personal/PartyRequiredDocument/Document Type'&#xD;
&#xD;
2019-08-22 09:50:02 - [MESSAGE][PASSED] - Delayed 1 second(s)&#xD;
&#xD;
2019-08-22 09:50:03 - [MESSAGE][PASSED] - Object 'Object Repository/PartyOnboarding/Personal/PartyRequiredDocument/Issuing Country' is visible&#xD;
&#xD;
2019-08-22 09:50:03 - [MESSAGE][PASSED] - Keys 'Myanmar' sent to object: 'Object Repository/PartyOnboarding/Personal/PartyRequiredDocument/Issuing Country'&#xD;
&#xD;
2019-08-22 09:50:04 - [MESSAGE][PASSED] - Delayed 1 second(s)&#xD;
&#xD;
2019-08-22 09:50:04 - [MESSAGE][PASSED] - Object 'Object Repository/PartyOnboarding/Personal/PartyRequiredDocument/Document Verified' is visible&#xD;
&#xD;
2019-08-22 09:50:04 - [MESSAGE][PASSED] - Keys 'TAB + TRUE' sent to object: 'Object Repository/PartyOnboarding/Personal/PartyRequiredDocument/Document Verified'&#xD;
&#xD;
2019-08-22 09:50:04 - [MESSAGE][PASSED] - Object 'Object Repository/PartyOnboarding/Personal/PartyRequiredDocument/Save Row' is visible&#xD;
&#xD;
2019-08-22 09:50:04 - [MESSAGE][PASSED] - Execute JavaScript 'arguments[0].click();' successfully&#xD;
&#xD;
2019-08-22 09:50:04 - [MESSAGE][PASSED] - Object 'Object Repository/PartyOnboarding/Personal/PartyRequiredDocument/New Row' is visible&#xD;
&#xD;
2019-08-22 09:50:04 - [MESSAGE][PASSED] - Execute JavaScript 'arguments[0].click();' successfully&#xD;
&#xD;
2019-08-22 09:50:04 - [MESSAGE][PASSED] - Object 'Object Repository/PartyOnboarding/Personal/PartyRequiredDocument/DocumentCategory' is visible&#xD;
&#xD;
2019-08-22 09:50:06 - [MESSAGE][PASSED] - Keys 'TAB + PT-NRC/PASSPORT COPY OF SHAREHOLDERS' sent to object: 'Object Repository/PartyOnboarding/Personal/PartyRequiredDocument/DocumentCategory'&#xD;
&#xD;
2019-08-22 09:50:07 - [MESSAGE][PASSED] - Delayed 1 second(s)&#xD;
&#xD;
2019-08-22 09:50:07 - [MESSAGE][PASSED] - Object 'Object Repository/PartyOnboarding/Personal/PartyRequiredDocument/Document Type' is visible&#xD;
&#xD;
2019-08-22 09:50:09 - [MESSAGE][PASSED] - Keys 'TAB + NRC/PASSPORT COPY OF SHAREHOLDERS' sent to object: 'Object Repository/PartyOnboarding/Personal/PartyRequiredDocument/Document Type'&#xD;
&#xD;
2019-08-22 09:50:10 - [MESSAGE][PASSED] - Delayed 1 second(s)&#xD;
&#xD;
2019-08-22 09:50:10 - [MESSAGE][PASSED] - Object 'Object Repository/PartyOnboarding/Personal/PartyRequiredDocument/Issuing Country' is visible&#xD;
&#xD;
2019-08-22 09:50:10 - [MESSAGE][PASSED] - Keys 'Myanmar' sent to object: 'Object Repository/PartyOnboarding/Personal/PartyRequiredDocument/Issuing Country'&#xD;
&#xD;
2019-08-22 09:50:11 - [MESSAGE][PASSED] - Delayed 1 second(s)&#xD;
&#xD;
2019-08-22 09:50:11 - [MESSAGE][PASSED] - Object 'Object Repository/PartyOnboarding/Personal/PartyRequiredDocument/Document Verified' is visible&#xD;
&#xD;
2019-08-22 09:50:12 - [MESSAGE][PASSED] - Keys 'TAB + TRUE' sent to object: 'Object Repository/PartyOnboarding/Personal/PartyRequiredDocument/Document Verified'&#xD;
&#xD;
2019-08-22 09:50:12 - [MESSAGE][PASSED] - Object 'Object Repository/PartyOnboarding/Personal/PartyRequiredDocument/Save Row' is visible&#xD;
&#xD;
2019-08-22 09:50:12 - [MESSAGE][PASSED] - Execute JavaScript 'arguments[0].click();' successfully&#xD;
&#xD;
2019-08-22 09:50:12 - [MESSAGE][PASSED] - Object 'Object Repository/PartyOnboarding/Personal/PartyRequiredDocument/New Row' is visible&#xD;
&#xD;
2019-08-22 09:50:12 - [MESSAGE][PASSED] - Execute JavaScript 'arguments[0].click();' successfully&#xD;
&#xD;
2019-08-22 09:50:12 - [MESSAGE][PASSED] - Object 'Object Repository/PartyOnboarding/Personal/PartyRequiredDocument/DocumentCategory' is visible&#xD;
&#xD;
2019-08-22 09:50:13 - [MESSAGE][PASSED] - Keys 'TAB + PT-REGISTERED COMPANY ADDRESS' sent to object: 'Object Repository/PartyOnboarding/Personal/PartyRequiredDocument/DocumentCategory'&#xD;
&#xD;
2019-08-22 09:50:14 - [MESSAGE][PASSED] - Delayed 1 second(s)&#xD;
&#xD;
2019-08-22 09:50:14 - [MESSAGE][PASSED] - Object 'Object Repository/PartyOnboarding/Personal/PartyRequiredDocument/Document Type' is visible&#xD;
&#xD;
2019-08-22 09:50:15 - [MESSAGE][PASSED] - Keys 'TAB + REGISTERED COMPANY ADDRESS' sent to object: 'Object Repository/PartyOnboarding/Personal/PartyRequiredDocument/Document Type'&#xD;
&#xD;
2019-08-22 09:50:16 - [MESSAGE][PASSED] - Delayed 1 second(s)&#xD;
&#xD;
2019-08-22 09:50:16 - [MESSAGE][PASSED] - Object 'Object Repository/PartyOnboarding/Personal/PartyRequiredDocument/Issuing Country' is visible&#xD;
&#xD;
2019-08-22 09:50:17 - [MESSAGE][PASSED] - Keys 'Myanmar' sent to object: 'Object Repository/PartyOnboarding/Personal/PartyRequiredDocument/Issuing Country'&#xD;
&#xD;
2019-08-22 09:50:18 - [MESSAGE][PASSED] - Delayed 1 second(s)&#xD;
&#xD;
2019-08-22 09:50:18 - [MESSAGE][PASSED] - Object 'Object Repository/PartyOnboarding/Personal/PartyRequiredDocument/Document Verified' is visible&#xD;
&#xD;
2019-08-22 09:50:18 - [MESSAGE][PASSED] - Keys 'TAB + TRUE' sent to object: 'Object Repository/PartyOnboarding/Personal/PartyRequiredDocument/Document Verified'&#xD;
&#xD;
2019-08-22 09:50:18 - [MESSAGE][PASSED] - Object 'Object Repository/PartyOnboarding/Personal/PartyRequiredDocument/Save Row' is visible&#xD;
&#xD;
2019-08-22 09:50:18 - [MESSAGE][PASSED] - Execute JavaScript 'arguments[0].click();' successfully&#xD;
&#xD;
2019-08-22 09:50:18 - [MESSAGE][PASSED] - Object 'Object Repository/PartyOnboarding/Personal/PartyRequiredDocument/New Row' is visible&#xD;
&#xD;
2019-08-22 09:50:18 - [MESSAGE][PASSED] - Execute JavaScript 'arguments[0].click();' successfully&#xD;
&#xD;
2019-08-22 09:50:18 - [MESSAGE][PASSED] - Object 'Object Repository/PartyOnboarding/Personal/PartyRequiredDocument/DocumentCategory' is visible&#xD;
&#xD;
2019-08-22 09:50:21 - [MESSAGE][PASSED] - Keys 'TAB + PT-VALID VISA COPY OF AUTH. SIGNATORY(FOREIGNER)' sent to object: 'Object Repository/PartyOnboarding/Personal/PartyRequiredDocument/DocumentCategory'&#xD;
&#xD;
2019-08-22 09:50:22 - [MESSAGE][PASSED] - Delayed 1 second(s)&#xD;
&#xD;
2019-08-22 09:50:22 - [MESSAGE][PASSED] - Object 'Object Repository/PartyOnboarding/Personal/PartyRequiredDocument/Document Type' is visible&#xD;
&#xD;
2019-08-22 09:50:24 - [MESSAGE][PASSED] - Keys 'TAB + VALID VISA COPY OF AUTH. SIGNATORY(FOREIGNER)' sent to object: 'Object Repository/PartyOnboarding/Personal/PartyRequiredDocument/Document Type'&#xD;
&#xD;
2019-08-22 09:50:25 - [MESSAGE][PASSED] - Delayed 1 second(s)&#xD;
&#xD;
2019-08-22 09:50:25 - [MESSAGE][PASSED] - Object 'Object Repository/PartyOnboarding/Personal/PartyRequiredDocument/Issuing Country' is visible&#xD;
&#xD;
2019-08-22 09:50:25 - [MESSAGE][PASSED] - Keys 'Myanmar' sent to object: 'Object Repository/PartyOnboarding/Personal/PartyRequiredDocument/Issuing Country'&#xD;
&#xD;
2019-08-22 09:50:26 - [MESSAGE][PASSED] - Delayed 1 second(s)&#xD;
&#xD;
2019-08-22 09:50:26 - [MESSAGE][PASSED] - Object 'Object Repository/PartyOnboarding/Personal/PartyRequiredDocument/Document Verified' is visible&#xD;
&#xD;
2019-08-22 09:50:26 - [MESSAGE][PASSED] - Keys 'TAB + TRUE' sent to object: 'Object Repository/PartyOnboarding/Personal/PartyRequiredDocument/Document Verified'&#xD;
&#xD;
2019-08-22 09:50:26 - [MESSAGE][PASSED] - Object 'Object Repository/PartyOnboarding/Personal/PartyRequiredDocument/Save Row' is visible&#xD;
&#xD;
2019-08-22 09:50:26 - [MESSAGE][PASSED] - Execute JavaScript 'arguments[0].click();' successfully&#xD;
&#xD;
2019-08-22 09:50:27 - [MESSAGE][PASSED] - Object 'Object Repository/PartyOnboarding/Personal/PartyRequiredDocument/ddl_DocumentsCollectionStatus' is visible&#xD;
&#xD;
2019-08-22 09:50:28 - [MESSAGE][PASSED] - Keys 'Documents collected and validated centrally' sent to object: 'Object Repository/PartyOnboarding/Personal/PartyRequiredDocument/ddl_DocumentsCollectionStatus'&#xD;
&#xD;
2019-08-22 09:50:28 - [TEST_STEP][PASSED] - partyOnboardingEnterprise.clickNextbutton(): Object: 'Object Repository/PartyOnboarding/btn_Next' is clicked on&#xD;
&#xD;
2019-08-22 09:50:28 - [MESSAGE][PASSED] - Object 'Object Repository/PartyOnboarding/btn_Next' is visible&#xD;
&#xD;
2019-08-22 09:50:28 - [MESSAGE][PASSED] - Object: 'Object Repository/PartyOnboarding/btn_Next' is clicked on&#xD;
&#xD;
2019-08-22 09:50:28 - [TEST_STEP][PASSED] - delay(1): Delayed 1 second(s)&#xD;
&#xD;
2019-08-22 09:50:29 - [MESSAGE][PASSED] - Delayed 1 second(s)&#xD;
&#xD;
2019-08-22 09:50:29 - [TEST_STEP][PASSED] - log.logInfo("--- " + " Click Next button ---"): ---  Click Next button ---&#xD;
&#xD;
2019-08-22 09:50:29 - [MESSAGE][INFO] - ---  Click Next button ---&#xD;
&#xD;
2019-08-22 09:50:29 - [TEST_STEP][PASSED] - partyOnboardingEnterprise.clickNextbutton(): Object: 'Object Repository/PartyOnboarding/btn_Next' is clicked on&#xD;
&#xD;
2019-08-22 09:50:30 - [MESSAGE][PASSED] - Object 'Object Repository/PartyOnboarding/btn_Next' is visible&#xD;
&#xD;
2019-08-22 09:50:30 - [MESSAGE][PASSED] - Object: 'Object Repository/PartyOnboarding/btn_Next' is clicked on&#xD;
&#xD;
2019-08-22 09:50:30 - [TEST_STEP][PASSED] - log.logInfo("--- " + " Click Next button ---"): ---  Click Next button ---&#xD;
&#xD;
2019-08-22 09:50:30 - [MESSAGE][INFO] - ---  Click Next button ---&#xD;
&#xD;
2019-08-22 09:50:30 - [TEST_STEP][PASSED] - delay(1): Delayed 1 second(s)&#xD;
&#xD;
2019-08-22 09:50:31 - [MESSAGE][PASSED] - Delayed 1 second(s)&#xD;
&#xD;
2019-08-22 09:50:31 - [TEST_STEP][PASSED] - partyOnboardingEnterprise.clickNextbutton(): Object: 'Object Repository/PartyOnboarding/btn_Next' is clicked on&#xD;
&#xD;
2019-08-22 09:50:31 - [MESSAGE][PASSED] - Object 'Object Repository/PartyOnboarding/btn_Next' is visible&#xD;
&#xD;
2019-08-22 09:50:31 - [MESSAGE][PASSED] - Object: 'Object Repository/PartyOnboarding/btn_Next' is clicked on&#xD;
&#xD;
2019-08-22 09:50:31 - [TEST_STEP][PASSED] - log.logInfo("--- " + " Click Process on Warning box ---"): ---  Click Process on Warning box ---&#xD;
&#xD;
2019-08-22 09:50:31 - [MESSAGE][INFO] - ---  Click Process on Warning box ---&#xD;
&#xD;
2019-08-22 09:50:31 - [TEST_STEP][PASSED] - partyOnboardingEnterprise.clickAskForApprovalbutton(): Object: 'Object Repository/PartyOnboarding/RequestToApproval/AskForApproval_btn' is clicked on&#xD;
&#xD;
2019-08-22 09:50:31 - [MESSAGE][PASSED] - Object 'Object Repository/PartyOnboarding/RequestToApproval/AskForApproval_btn' is visible&#xD;
&#xD;
2019-08-22 09:50:31 - [MESSAGE][PASSED] - Object: 'Object Repository/PartyOnboarding/RequestToApproval/AskForApproval_btn' is clicked on</system-out>
            <system-err></system-err>
        </testcase>
        <testcase name="Test Cases/DataPreparation/PartyOnboardingEnterprise" classname="Test Cases/DataPreparation/PartyOnboardingEnterprise" status="PASSED">
            <system-out>2019-08-22 09:50:32 - [TEST_CASE][PASSED] - Test Cases/DataPreparation/PartyOnboardingEnterprise: Test Cases/DataPreparation/PartyOnboardingEnterprise&#xD;
&#xD;
2019-08-22 09:50:32 - [TEST_STEP][PASSED] - Start listener action : sampleBeforeTestCase: null&#xD;
&#xD;
2019-08-22 09:50:32 - [TEST_STEP][PASSED] - testCaseID = testCaseContext.getTestCaseId(): null&#xD;
&#xD;
2019-08-22 09:50:32 - [TEST_STEP][PASSED] - log = new com.kms.katalon.core.util.KeywordUtil(): null&#xD;
&#xD;
2019-08-22 09:50:32 - [TEST_STEP][PASSED] - partyOnboardingEnterprise = new pageObjects.PartyOnboarding(): null&#xD;
&#xD;
2019-08-22 09:50:32 - [TEST_STEP][PASSED] - delay(3): Delayed 3 second(s)&#xD;
&#xD;
2019-08-22 09:50:35 - [MESSAGE][PASSED] - Delayed 3 second(s)&#xD;
&#xD;
2019-08-22 09:50:35 - [TEST_STEP][PASSED] - log.logInfo("--- Open Party Onboarding in Menu Search ---"): --- Open Party Onboarding in Menu Search ---&#xD;
&#xD;
2019-08-22 09:50:35 - [MESSAGE][INFO] - --- Open Party Onboarding in Menu Search ---&#xD;
&#xD;
2019-08-22 09:50:35 - [TEST_STEP][PASSED] - partyOnboardingEnterprise.inputPartyOnboardingMenuSearch(): Object 'menuSearch_txt' is present&#xD;
&#xD;
2019-08-22 09:50:35 - [MESSAGE][PASSED] - Object 'Object Repository/Menu_Search' is visible&#xD;
&#xD;
2019-08-22 09:50:35 - [MESSAGE][PASSED] - Keys 'ENTER + Party Onboarding' sent to object: 'Object Repository/Menu_Search'&#xD;
&#xD;
2019-08-22 09:50:35 - [MESSAGE][PASSED] - Object 'menuSearch_txt' is present&#xD;
&#xD;
2019-08-22 09:50:35 - [TEST_STEP][PASSED] - log.logInfo("/---------------Party Onboarding---------------/"): /---------------Party Onboarding---------------/&#xD;
&#xD;
2019-08-22 09:50:35 - [MESSAGE][INFO] - /---------------Party Onboarding---------------/&#xD;
&#xD;
2019-08-22 09:50:35 - [TEST_STEP][PASSED] - log.logInfo("--- Input Local Global ---"): --- Input Local Global ---&#xD;
&#xD;
2019-08-22 09:50:35 - [MESSAGE][INFO] - --- Input Local Global ---&#xD;
&#xD;
2019-08-22 09:50:35 - [TEST_STEP][PASSED] - partyOnboardingEnterprise.inputLocalGlobal(s01_localglobal): Keys 'Local Private' sent to object: 'Object Repository/PartyOnboarding/PartyOnboarding/Local Global'&#xD;
&#xD;
2019-08-22 09:50:36 - [MESSAGE][PASSED] - Text of object 'Object Repository/PartyOnboarding/PartyOnboarding/Local Global' is cleared&#xD;
&#xD;
2019-08-22 09:50:36 - [MESSAGE][PASSED] - Object 'Object Repository/PartyOnboarding/PartyOnboarding/Local Global' is visible&#xD;
&#xD;
2019-08-22 09:50:36 - [MESSAGE][PASSED] - Object 'Object Repository/PartyOnboarding/PartyOnboarding/Local Global' is visible&#xD;
&#xD;
2019-08-22 09:50:37 - [MESSAGE][PASSED] - Keys 'Local Private' sent to object: 'Object Repository/PartyOnboarding/PartyOnboarding/Local Global'&#xD;
&#xD;
2019-08-22 09:50:37 - [TEST_STEP][PASSED] - log.logInfo("--- Input Party Type ---"): --- Input Party Type ---&#xD;
&#xD;
2019-08-22 09:50:37 - [MESSAGE][INFO] - --- Input Party Type ---&#xD;
&#xD;
2019-08-22 09:50:37 - [TEST_STEP][PASSED] - partyOnboardingEnterprise.inputPartyType(s01_partytype): Keys 'TAB + Enterprise' sent to object: 'Object Repository/PartyOnboarding/PartyOnboarding/Party Type'&#xD;
&#xD;
2019-08-22 09:50:37 - [MESSAGE][PASSED] - Object 'Object Repository/PartyOnboarding/PartyOnboarding/Party Type' is visible&#xD;
&#xD;
2019-08-22 09:50:37 - [MESSAGE][PASSED] - Keys 'TAB + Enterprise' sent to object: 'Object Repository/PartyOnboarding/PartyOnboarding/Party Type'&#xD;
&#xD;
2019-08-22 09:50:37 - [TEST_STEP][PASSED] - log.logInfo("--- Input Party Sub Type ---"): --- Input Party Sub Type ---&#xD;
&#xD;
2019-08-22 09:50:37 - [MESSAGE][INFO] - --- Input Party Sub Type ---&#xD;
&#xD;
2019-08-22 09:50:37 - [TEST_STEP][PASSED] - partyOnboardingEnterprise.inputPartySubType(s01_partysubtype): Keys 'PRIVATE/PUBLIC/PUBLIC LISTED COMPANY (MYANMAR)' sent to object: 'Object Repository/PartyOnboarding/PartyOnboarding/Party Sub-Type'&#xD;
&#xD;
2019-08-22 09:50:38 - [MESSAGE][PASSED] - Delayed 1 second(s)&#xD;
&#xD;
2019-08-22 09:50:38 - [MESSAGE][PASSED] - Object 'Object Repository/PartyOnboarding/PartyOnboarding/Party Type' is visible&#xD;
&#xD;
2019-08-22 09:50:39 - [MESSAGE][PASSED] - Keys 'PRIVATE/PUBLIC/PUBLIC LISTED COMPANY (MYANMAR)' sent to object: 'Object Repository/PartyOnboarding/PartyOnboarding/Party Sub-Type'&#xD;
&#xD;
2019-08-22 09:50:39 - [TEST_STEP][PASSED] - log.logInfo("--- Input Party Category ---"): --- Input Party Category ---&#xD;
&#xD;
2019-08-22 09:50:39 - [MESSAGE][INFO] - --- Input Party Category ---&#xD;
&#xD;
2019-08-22 09:50:39 - [TEST_STEP][PASSED] - partyOnboardingEnterprise.inputPartyCategory(s01_partycategory): Keys 'Full' sent to object: 'Object Repository/PartyOnboarding/PartyOnboarding/Party Category'&#xD;
&#xD;
2019-08-22 09:50:39 - [MESSAGE][PASSED] - Object 'Object Repository/PartyOnboarding/PartyOnboarding/Party Category' is visible&#xD;
&#xD;
2019-08-22 09:50:39 - [MESSAGE][PASSED] - Keys 'Full' sent to object: 'Object Repository/PartyOnboarding/PartyOnboarding/Party Category'&#xD;
&#xD;
2019-08-22 09:50:39 - [TEST_STEP][PASSED] - log.logInfo("--- Check Line of Business ---"): --- Check Line of Business ---&#xD;
&#xD;
2019-08-22 09:50:39 - [MESSAGE][INFO] - --- Check Line of Business ---&#xD;
&#xD;
2019-08-22 09:50:39 - [TEST_STEP][PASSED] - partyOnboardingEnterprise.clickLineofBusiness(s01_lineofbusiness, findTestObject("PartyOnboarding/PartyOnboarding/div_Core Banking")): Object 'Object Repository/PartyOnboarding/PartyOnboarding/LineofBusiness_List' is checked&#xD;
&#xD;
2019-08-22 09:50:39 - [MESSAGE][PASSED] - Object 'Object Repository/PartyOnboarding/PartyOnboarding/div_Core Banking' is visible&#xD;
&#xD;
2019-08-22 09:50:39 - [MESSAGE][PASSED] - Attribute 'aria-checked' of object 'Object Repository/PartyOnboarding/PartyOnboarding/div_Core Banking' is: 'true'&#xD;
&#xD;
2019-08-22 09:50:40 - [MESSAGE][PASSED] - Object 'Object Repository/PartyOnboarding/PartyOnboarding/chk_SelectAllLineOfBusiness' is visible&#xD;
&#xD;
2019-08-22 09:50:40 - [MESSAGE][PASSED] - Attribute 'aria-checked' of object 'Object Repository/PartyOnboarding/PartyOnboarding/chk_SelectAllLineOfBusiness' is: 'true'&#xD;
&#xD;
2019-08-22 09:50:40 - [MESSAGE][PASSED] - Object 'Object Repository/PartyOnboarding/PartyOnboarding/LineofBusiness_List' is visible&#xD;
&#xD;
2019-08-22 09:50:40 - [MESSAGE][PASSED] - Attribute 'aria-checked' of object 'Object Repository/PartyOnboarding/PartyOnboarding/LineofBusiness_List' is: 'true'&#xD;
&#xD;
2019-08-22 09:50:40 - [MESSAGE][PASSED] - Object 'Object Repository/PartyOnboarding/PartyOnboarding/LineofBusiness_List' is visible&#xD;
&#xD;
2019-08-22 09:50:40 - [MESSAGE][PASSED] - Attribute 'aria-checked' of object 'Object Repository/PartyOnboarding/PartyOnboarding/LineofBusiness_List' is: 'true'&#xD;
&#xD;
2019-08-22 09:50:40 - [MESSAGE][PASSED] - Object 'Object Repository/PartyOnboarding/PartyOnboarding/chk_SelectAllLineOfBusiness' is visible&#xD;
&#xD;
2019-08-22 09:50:40 - [MESSAGE][PASSED] - Attribute 'aria-checked' of object 'Object Repository/PartyOnboarding/PartyOnboarding/chk_SelectAllLineOfBusiness' is: 'true'&#xD;
&#xD;
2019-08-22 09:50:40 - [MESSAGE][PASSED] - Object 'Object Repository/PartyOnboarding/PartyOnboarding/chk_SelectAllLineOfBusiness' is checked&#xD;
&#xD;
2019-08-22 09:50:40 - [MESSAGE][PASSED] - Object 'Object Repository/PartyOnboarding/PartyOnboarding/div_Core Banking' is visible&#xD;
&#xD;
2019-08-22 09:50:40 - [MESSAGE][PASSED] - Attribute 'aria-checked' of object 'Object Repository/PartyOnboarding/PartyOnboarding/div_Core Banking' is: 'false'&#xD;
&#xD;
2019-08-22 09:50:40 - [MESSAGE][PASSED] - Object 'Object Repository/PartyOnboarding/PartyOnboarding/div_Core Banking' is checked&#xD;
&#xD;
2019-08-22 09:50:40 - [MESSAGE][PASSED] - Object 'Object Repository/PartyOnboarding/PartyOnboarding/LineofBusiness_List' is visible&#xD;
&#xD;
2019-08-22 09:50:40 - [MESSAGE][PASSED] - Attribute 'aria-checked' of object 'Object Repository/PartyOnboarding/PartyOnboarding/LineofBusiness_List' is: 'false'&#xD;
&#xD;
2019-08-22 09:50:40 - [MESSAGE][PASSED] - Object 'Object Repository/PartyOnboarding/PartyOnboarding/LineofBusiness_List' is checked&#xD;
&#xD;
2019-08-22 09:50:40 - [TEST_STEP][PASSED] - log.logInfo("--- Click Next to Party Check List  ---"): --- Click Next to Party Check List  ---&#xD;
&#xD;
2019-08-22 09:50:40 - [MESSAGE][INFO] - --- Click Next to Party Check List  ---&#xD;
&#xD;
2019-08-22 09:50:40 - [TEST_STEP][PASSED] - partyOnboardingEnterprise.clickNextbutton(): Object: 'Object Repository/PartyOnboarding/btn_Next' is clicked on&#xD;
&#xD;
2019-08-22 09:50:40 - [MESSAGE][PASSED] - Object 'Object Repository/PartyOnboarding/btn_Next' is visible&#xD;
&#xD;
2019-08-22 09:50:40 - [MESSAGE][PASSED] - Object: 'Object Repository/PartyOnboarding/btn_Next' is clicked on&#xD;
&#xD;
2019-08-22 09:50:40 - [TEST_STEP][PASSED] - delay(1): Delayed 1 second(s)&#xD;
&#xD;
2019-08-22 09:50:41 - [MESSAGE][PASSED] - Delayed 1 second(s)&#xD;
&#xD;
2019-08-22 09:50:41 - [TEST_STEP][PASSED] - partyOnboardingEnterprise.clickNextbutton(): Object: 'Object Repository/PartyOnboarding/btn_Next' is clicked on&#xD;
&#xD;
2019-08-22 09:50:41 - [MESSAGE][PASSED] - Object 'Object Repository/PartyOnboarding/btn_Next' is visible&#xD;
&#xD;
2019-08-22 09:50:41 - [MESSAGE][PASSED] - Object: 'Object Repository/PartyOnboarding/btn_Next' is clicked on&#xD;
&#xD;
2019-08-22 09:50:41 - [TEST_STEP][PASSED] - log.logInfo("/---------------Pre-Existence Check---------------/"): /---------------Pre-Existence Check---------------/&#xD;
&#xD;
2019-08-22 09:50:41 - [MESSAGE][INFO] - /---------------Pre-Existence Check---------------/&#xD;
&#xD;
2019-08-22 09:50:41 - [TEST_STEP][PASSED] - partyOnboardingEnterprise.inputEnterpriseName(s02_enterpriseName): Keys 'Enterprise 0000003' sent to object: 'Object Repository/PartyOnboarding/Enterprise/PreExistenceCheck/txt_EnterpriseName'&#xD;
&#xD;
2019-08-22 09:50:42 - [MESSAGE][PASSED] - Object 'Object Repository/PartyOnboarding/Enterprise/PreExistenceCheck/txt_EnterpriseName' is visible&#xD;
&#xD;
2019-08-22 09:50:42 - [MESSAGE][PASSED] - Keys 'Enterprise 0000003' sent to object: 'Object Repository/PartyOnboarding/Enterprise/PreExistenceCheck/txt_EnterpriseName'&#xD;
&#xD;
2019-08-22 09:50:42 - [TEST_STEP][PASSED] - partyOnboardingEnterprise.inputRegistration(): Keys 'eiF72OFt' sent to object: 'Object Repository/PartyOnboarding/Enterprise/PreExistenceCheck/txt_Registration'&#xD;
&#xD;
2019-08-22 09:50:42 - [MESSAGE][PASSED] - Object 'Object Repository/PartyOnboarding/Enterprise/PreExistenceCheck/txt_Registration' is visible&#xD;
&#xD;
2019-08-22 09:50:42 - [MESSAGE][PASSED] - Keys 'eiF72OFt' sent to object: 'Object Repository/PartyOnboarding/Enterprise/PreExistenceCheck/txt_Registration'&#xD;
&#xD;
2019-08-22 09:50:42 - [TEST_STEP][PASSED] - partyOnboardingEnterprise.clickNextbutton(): Object: 'Object Repository/PartyOnboarding/btn_Next' is clicked on&#xD;
&#xD;
2019-08-22 09:50:42 - [MESSAGE][PASSED] - Object 'Object Repository/PartyOnboarding/btn_Next' is visible&#xD;
&#xD;
2019-08-22 09:50:43 - [MESSAGE][PASSED] - Object: 'Object Repository/PartyOnboarding/btn_Next' is clicked on&#xD;
&#xD;
2019-08-22 09:50:43 - [TEST_STEP][PASSED] - log.logInfo("/--------------- Party Onboarding---------------/"): /--------------- Party Onboarding---------------/&#xD;
&#xD;
2019-08-22 09:50:43 - [MESSAGE][INFO] - /--------------- Party Onboarding---------------/&#xD;
&#xD;
2019-08-22 09:50:43 - [TEST_STEP][PASSED] - partyOnboardingEnterprise.inputPartyId(): Web element with id: 'Object Repository/PartyOnboarding/Personal/PersonalParty/Message/pop_ErrorDuplicatePartyID' located by 'By.xpath: //textarea[@name='03messages']' not found&#xD;
&#xD;
2019-08-22 09:50:44 - [MESSAGE][PASSED] - Object 'Object Repository/PartyOnboarding/Personal/PersonalParty/txt_PartyID' is visible&#xD;
&#xD;
2019-08-22 09:50:44 - [MESSAGE][PASSED] - Object 'Object Repository/PartyOnboarding/Personal/PersonalParty/txt_PartyID' is visible&#xD;
&#xD;
2019-08-22 09:50:44 - [MESSAGE][PASSED] - Keys 'TAB + TEkJ11v9' sent to object: 'Object Repository/PartyOnboarding/Personal/PersonalParty/txt_PartyID'&#xD;
&#xD;
2019-08-22 09:51:15 - [MESSAGE][INFO] - Unable to find the element located by 'By.xpath: //textarea[@name='03messages']'. Please recheck the objects properties to make sure the desired element is located. &#xD;
&#xD;
2019-08-22 09:51:15 - [MESSAGE][WARNING] - Web element with id: 'Object Repository/PartyOnboarding/Personal/PersonalParty/Message/pop_ErrorDuplicatePartyID' located by 'By.xpath: //textarea[@name='03messages']' not found&#xD;
&#xD;
2019-08-22 09:51:15 - [TEST_STEP][PASSED] - partyOnboardingEnterprise.inputShortNameEnterprise(s03_shortName): Keys 'TAB + Enterprise' sent to object: 'Object Repository/PartyOnboarding/Enterprise/EnterpriseParty/Short Name_txt'&#xD;
&#xD;
2019-08-22 09:51:15 - [MESSAGE][PASSED] - Object 'Object Repository/PartyOnboarding/Enterprise/EnterpriseParty/Short Name_txt' is visible&#xD;
&#xD;
2019-08-22 09:51:16 - [MESSAGE][PASSED] - Keys 'TAB + Enterprise' sent to object: 'Object Repository/PartyOnboarding/Enterprise/EnterpriseParty/Short Name_txt'&#xD;
&#xD;
2019-08-22 09:51:16 - [TEST_STEP][PASSED] - partyOnboardingEnterprise.clickNextbutton(): Object: 'Object Repository/PartyOnboarding/btn_Next' is clicked on&#xD;
&#xD;
2019-08-22 09:51:16 - [MESSAGE][PASSED] - Object 'Object Repository/PartyOnboarding/btn_Next' is visible&#xD;
&#xD;
2019-08-22 09:51:16 - [MESSAGE][PASSED] - Object: 'Object Repository/PartyOnboarding/btn_Next' is clicked on&#xD;
&#xD;
2019-08-22 09:51:16 - [TEST_STEP][PASSED] - partyOnboardingEnterprise.clickProcessInWarningBox(): Object: 'Object Repository/PartyOnboarding/Personal/PersonalParty/btn_Warnings_Proceed_NotCapture' is clicked on&#xD;
&#xD;
2019-08-22 09:51:16 - [MESSAGE][PASSED] - Object 'Object Repository/PartyOnboarding/Personal/PersonalParty/btn_Warnings_Proceed_NotCapture' is visible&#xD;
&#xD;
2019-08-22 09:51:17 - [MESSAGE][PASSED] - Object: 'Object Repository/PartyOnboarding/Personal/PersonalParty/btn_Warnings_Proceed_NotCapture' is clicked on&#xD;
&#xD;
2019-08-22 09:51:17 - [TEST_STEP][PASSED] - log.logInfo("/--------------- Party Onboarding - Address---------------/"): /--------------- Party Onboarding - Address---------------/&#xD;
&#xD;
2019-08-22 09:51:17 - [MESSAGE][INFO] - /--------------- Party Onboarding - Address---------------/&#xD;
&#xD;
2019-08-22 09:51:17 - [TEST_STEP][PASSED] - partyOnboardingEnterprise.inputRDataForAddressParty(s04_addressType, s04_userForCommunication, s04_validFrom): Execute JavaScript 'arguments[0].click();' successfully&#xD;
&#xD;
2019-08-22 09:51:18 - [MESSAGE][PASSED] - Object 'Object Repository/PartyOnboarding/Personal/PartyAddress/button_New Row_PartyAddress' is visible&#xD;
&#xD;
2019-08-22 09:51:18 - [MESSAGE][PASSED] - Execute JavaScript 'arguments[0].click();' successfully&#xD;
&#xD;
2019-08-22 09:51:18 - [MESSAGE][PASSED] - Object 'Object Repository/PartyOnboarding/Personal/PartyAddress/Address Type' is visible&#xD;
&#xD;
2019-08-22 09:51:18 - [MESSAGE][PASSED] - Keys 'TAB + Home Address' sent to object: 'Object Repository/PartyOnboarding/Personal/PartyAddress/Address Type'&#xD;
&#xD;
2019-08-22 09:51:18 - [MESSAGE][PASSED] - Object 'Object Repository/PartyOnboarding/Personal/PartyAddress/Valid From' is visible&#xD;
&#xD;
2019-08-22 09:51:19 - [MESSAGE][PASSED] - Text of object 'Object Repository/PartyOnboarding/Personal/PartyAddress/Valid From' is cleared&#xD;
&#xD;
2019-08-22 09:51:19 - [MESSAGE][PASSED] - Object 'Object Repository/PartyOnboarding/Personal/PartyAddress/Valid From' is visible&#xD;
&#xD;
2019-08-22 09:51:19 - [MESSAGE][PASSED] - Keys '2018-01-14' sent to object: 'Object Repository/PartyOnboarding/Personal/PartyAddress/Valid From'&#xD;
&#xD;
2019-08-22 09:51:19 - [MESSAGE][PASSED] - Object 'Object Repository/PartyOnboarding/Personal/PartyAddress/chk_Use  for Communication' is present&#xD;
&#xD;
2019-08-22 09:51:19 - [MESSAGE][PASSED] - Attribute 'aria-checked' of object 'Object Repository/PartyOnboarding/Personal/PartyAddress/chk_Use  for Communication' is: 'false'&#xD;
&#xD;
2019-08-22 09:51:19 - [MESSAGE][PASSED] - Object 'Object Repository/PartyOnboarding/Personal/PartyAddress/chk_Use  for Communication' is checked&#xD;
&#xD;
2019-08-22 09:51:19 - [MESSAGE][PASSED] - Object 'Object Repository/PartyOnboarding/Personal/PartyAddress/SaveRow' is visible&#xD;
&#xD;
2019-08-22 09:51:19 - [MESSAGE][PASSED] - Execute JavaScript 'arguments[0].click();' successfully&#xD;
&#xD;
2019-08-22 09:51:19 - [MESSAGE][PASSED] - Object 'Object Repository/PartyOnboarding/Personal/PartyAddress/button_New Row_PartyAddress' is visible&#xD;
&#xD;
2019-08-22 09:51:19 - [MESSAGE][PASSED] - Execute JavaScript 'arguments[0].click();' successfully&#xD;
&#xD;
2019-08-22 09:51:19 - [MESSAGE][PASSED] - Object 'Object Repository/PartyOnboarding/Personal/PartyAddress/Address Type' is visible&#xD;
&#xD;
2019-08-22 09:51:20 - [MESSAGE][PASSED] - Keys 'TAB + Current Address' sent to object: 'Object Repository/PartyOnboarding/Personal/PartyAddress/Address Type'&#xD;
&#xD;
2019-08-22 09:51:20 - [MESSAGE][PASSED] - Object 'Object Repository/PartyOnboarding/Personal/PartyAddress/Valid From' is visible&#xD;
&#xD;
2019-08-22 09:51:20 - [MESSAGE][PASSED] - Text of object 'Object Repository/PartyOnboarding/Personal/PartyAddress/Valid From' is cleared&#xD;
&#xD;
2019-08-22 09:51:20 - [MESSAGE][PASSED] - Object 'Object Repository/PartyOnboarding/Personal/PartyAddress/Valid From' is visible&#xD;
&#xD;
2019-08-22 09:51:20 - [MESSAGE][PASSED] - Keys '2018-01-17' sent to object: 'Object Repository/PartyOnboarding/Personal/PartyAddress/Valid From'&#xD;
&#xD;
2019-08-22 09:51:20 - [MESSAGE][PASSED] - Object 'Object Repository/PartyOnboarding/Personal/PartyAddress/SaveRow' is visible&#xD;
&#xD;
2019-08-22 09:51:20 - [MESSAGE][PASSED] - Execute JavaScript 'arguments[0].click();' successfully&#xD;
&#xD;
2019-08-22 09:51:21 - [MESSAGE][PASSED] - Object 'Object Repository/PartyOnboarding/Personal/PartyAddress/button_New Row_PartyAddress' is visible&#xD;
&#xD;
2019-08-22 09:51:21 - [MESSAGE][PASSED] - Execute JavaScript 'arguments[0].click();' successfully&#xD;
&#xD;
2019-08-22 09:51:21 - [MESSAGE][PASSED] - Object 'Object Repository/PartyOnboarding/Personal/PartyAddress/Address Type' is visible&#xD;
&#xD;
2019-08-22 09:51:21 - [MESSAGE][PASSED] - Keys 'TAB + Office Address' sent to object: 'Object Repository/PartyOnboarding/Personal/PartyAddress/Address Type'&#xD;
&#xD;
2019-08-22 09:51:21 - [MESSAGE][PASSED] - Object 'Object Repository/PartyOnboarding/Personal/PartyAddress/Valid From' is visible&#xD;
&#xD;
2019-08-22 09:51:21 - [MESSAGE][PASSED] - Text of object 'Object Repository/PartyOnboarding/Personal/PartyAddress/Valid From' is cleared&#xD;
&#xD;
2019-08-22 09:51:21 - [MESSAGE][PASSED] - Object 'Object Repository/PartyOnboarding/Personal/PartyAddress/Valid From' is visible&#xD;
&#xD;
2019-08-22 09:51:22 - [MESSAGE][PASSED] - Keys '2017-01-17' sent to object: 'Object Repository/PartyOnboarding/Personal/PartyAddress/Valid From'&#xD;
&#xD;
2019-08-22 09:51:22 - [MESSAGE][PASSED] - Object 'Object Repository/PartyOnboarding/Personal/PartyAddress/SaveRow' is visible&#xD;
&#xD;
2019-08-22 09:51:22 - [MESSAGE][PASSED] - Execute JavaScript 'arguments[0].click();' successfully&#xD;
&#xD;
2019-08-22 09:51:22 - [TEST_STEP][PASSED] - partyOnboardingEnterprise.clickNextbutton(): Object: 'Object Repository/PartyOnboarding/btn_Next' is clicked on&#xD;
&#xD;
2019-08-22 09:51:22 - [MESSAGE][PASSED] - Object 'Object Repository/PartyOnboarding/btn_Next' is visible&#xD;
&#xD;
2019-08-22 09:51:22 - [MESSAGE][PASSED] - Object: 'Object Repository/PartyOnboarding/btn_Next' is clicked on&#xD;
&#xD;
2019-08-22 09:51:22 - [TEST_STEP][PASSED] - partyOnboardingEnterprise.inputDataForPartyContacts(s05_contactMethod, s05_contactTypeLocation, s05_contactCountryCode, s05_contactAreaCode, s05_contactNumber, s05_contactEmail, s05_confirmEmail, s05_validFrom): Execute JavaScript 'arguments[0].click();' successfully&#xD;
&#xD;
2019-08-22 09:51:23 - [MESSAGE][PASSED] - Object 'Object Repository/PartyOnboarding/Personal/PartyContacts/New Row' is visible&#xD;
&#xD;
2019-08-22 09:51:23 - [MESSAGE][PASSED] - Execute JavaScript 'arguments[0].click();' successfully&#xD;
&#xD;
2019-08-22 09:51:24 - [MESSAGE][PASSED] - Delayed 1 second(s)&#xD;
&#xD;
2019-08-22 09:51:24 - [MESSAGE][PASSED] - Object 'Object Repository/PartyOnboarding/Personal/PartyContacts/Contact Method' is visible&#xD;
&#xD;
2019-08-22 09:51:24 - [MESSAGE][PASSED] - Keys 'TAB + Telephone' sent to object: 'Object Repository/PartyOnboarding/Personal/PartyContacts/Contact Method'&#xD;
&#xD;
2019-08-22 09:51:25 - [MESSAGE][PASSED] - Delayed 1 second(s)&#xD;
&#xD;
2019-08-22 09:51:25 - [MESSAGE][PASSED] - Object 'Object Repository/PartyOnboarding/Personal/PartyContacts/Contact Type  Location' is visible&#xD;
&#xD;
2019-08-22 09:51:25 - [MESSAGE][PASSED] - Keys 'TAB + Personal' sent to object: 'Object Repository/PartyOnboarding/Personal/PartyContacts/Contact Type  Location'&#xD;
&#xD;
2019-08-22 09:51:26 - [MESSAGE][PASSED] - Object 'Object Repository/PartyOnboarding/Personal/PartyContacts/Contact Email' is visible&#xD;
&#xD;
2019-08-22 09:51:26 - [MESSAGE][PASSED] - Object 'Object Repository/PartyOnboarding/Personal/PartyContacts/Contact Email' has attribute 'readonly'&#xD;
&#xD;
2019-08-22 09:51:26 - [MESSAGE][PASSED] - Object 'Object Repository/PartyOnboarding/Personal/PartyContacts/Contact Number_03_Code' is visible&#xD;
&#xD;
2019-08-22 09:51:26 - [MESSAGE][PASSED] - Text of object 'Object Repository/PartyOnboarding/Personal/PartyContacts/Contact Number_03_Code' is cleared&#xD;
&#xD;
2019-08-22 09:51:26 - [MESSAGE][PASSED] - Object 'Object Repository/PartyOnboarding/Personal/PartyContacts/Contact Number_03_Code' is visible&#xD;
&#xD;
2019-08-22 09:51:26 - [MESSAGE][PASSED] - Keys '+95' sent to object: 'Object Repository/PartyOnboarding/Personal/PartyContacts/Contact Number_03_Code'&#xD;
&#xD;
2019-08-22 09:51:26 - [MESSAGE][PASSED] - Object 'Object Repository/PartyOnboarding/Personal/PartyContacts/Contact Number_AreaCode' is visible&#xD;
&#xD;
2019-08-22 09:51:26 - [MESSAGE][PASSED] - Keys '' sent to object: 'Object Repository/PartyOnboarding/Personal/PartyContacts/Contact Number_AreaCode'&#xD;
&#xD;
2019-08-22 09:51:26 - [MESSAGE][PASSED] - Object 'Object Repository/PartyOnboarding/Personal/PartyContacts/Contact Number_Number' is visible&#xD;
&#xD;
2019-08-22 09:51:26 - [MESSAGE][PASSED] - Keys '9697989903' sent to object: 'Object Repository/PartyOnboarding/Personal/PartyContacts/Contact Number_Number'&#xD;
&#xD;
2019-08-22 09:51:26 - [MESSAGE][PASSED] - Object 'Object Repository/PartyOnboarding/Personal/PartyContacts/Contact Number_03_Code' is visible&#xD;
&#xD;
2019-08-22 09:51:27 - [MESSAGE][WARNING] - Object 'Object Repository/PartyOnboarding/Personal/PartyContacts/Contact Number_03_Code' does not have attribute 'readonly' (Root cause: com.kms.katalon.core.exception.StepFailedException: Object 'Object Repository/PartyOnboarding/Personal/PartyContacts/Contact Number_03_Code' does not have attribute 'readonly'&#xD;
	at com.kms.katalon.core.webui.keyword.internal.WebUIKeywordMain.stepFailed(WebUIKeywordMain.groovy:64)&#xD;
	at com.kms.katalon.core.webui.keyword.builtin.VerifyElementHasAttributeKeyword$_verifyElementHasAttribute_closure1.doCall(VerifyElementHasAttributeKeyword.groovy:89)&#xD;
	at com.kms.katalon.core.webui.keyword.builtin.VerifyElementHasAttributeKeyword$_verifyElementHasAttribute_closure1.call(VerifyElementHasAttributeKeyword.groovy)&#xD;
	at com.kms.katalon.core.webui.keyword.internal.WebUIKeywordMain.runKeyword(WebUIKeywordMain.groovy:20)&#xD;
	at com.kms.katalon.core.webui.keyword.builtin.VerifyElementHasAttributeKeyword.verifyElementHasAttribute(VerifyElementHasAttributeKeyword.groovy:100)&#xD;
	at com.kms.katalon.core.webui.keyword.builtin.VerifyElementHasAttributeKeyword.execute(VerifyElementHasAttributeKeyword.groovy:69)&#xD;
	at com.kms.katalon.core.keyword.internal.KeywordExecutor.executeKeywordForPlatform(KeywordExecutor.groovy:56)&#xD;
	at com.kms.katalon.core.webui.keyword.WebUiBuiltInKeywords.verifyElementHasAttribute(WebUiBuiltInKeywords.groovy:3166)&#xD;
	at com.kms.katalon.core.webui.keyword.WebUiBuiltInKeywords$verifyElementHasAttribute$11.call(Unknown Source)&#xD;
	at pageObjects.PartyOnboarding.inputDataForPartyContacts(PartyOnboarding.groovy:736)&#xD;
	at PartyOnboardingEnterprise.run(PartyOnboardingEnterprise:61)&#xD;
	at com.kms.katalon.core.main.ScriptEngine.run(ScriptEngine.java:194)&#xD;
	at com.kms.katalon.core.main.ScriptEngine.runScriptAsRawText(ScriptEngine.java:119)&#xD;
	at com.kms.katalon.core.main.TestCaseExecutor.runScript(TestCaseExecutor.java:337)&#xD;
	at com.kms.katalon.core.main.TestCaseExecutor.doExecute(TestCaseExecutor.java:328)&#xD;
	at com.kms.katalon.core.main.TestCaseExecutor.processExecutionPhase(TestCaseExecutor.java:307)&#xD;
	at com.kms.katalon.core.main.TestCaseExecutor.accessMainPhase(TestCaseExecutor.java:299)&#xD;
	at com.kms.katalon.core.main.TestCaseExecutor.execute(TestCaseExecutor.java:233)&#xD;
	at com.kms.katalon.core.main.TestSuiteExecutor.accessTestCaseMainPhase(TestSuiteExecutor.java:133)&#xD;
	at com.kms.katalon.core.main.TestSuiteExecutor.accessTestSuiteMainPhase(TestSuiteExecutor.java:116)&#xD;
	at com.kms.katalon.core.main.TestSuiteExecutor.execute(TestSuiteExecutor.java:83)&#xD;
	at com.kms.katalon.core.main.TestCaseMain.startTestSuite(TestCaseMain.java:157)&#xD;
	at com.kms.katalon.core.main.TestCaseMain$startTestSuite$0.call(Unknown Source)&#xD;
	at TempTestSuite1566441935163.run(TempTestSuite1566441935163.groovy:35)&#xD;
)&#xD;
[[ATTACHMENT|C:\\ML\\JITS\\AYA\\Automation\\FBE\\FBE\\Reports\\DataPreparation\\PartyOnboardingPersonal\\20190822_091535\\1566444086888.png]]&#xD;
&#xD;
2019-08-22 09:51:27 - [MESSAGE][PASSED] - Object 'Object Repository/PartyOnboarding/Personal/PartyContacts/Valid From' is visible&#xD;
&#xD;
2019-08-22 09:51:27 - [MESSAGE][PASSED] - Text of object 'Object Repository/PartyOnboarding/Personal/PartyContacts/Valid From' is cleared&#xD;
&#xD;
2019-08-22 09:51:27 - [MESSAGE][PASSED] - Object 'Object Repository/PartyOnboarding/Personal/PartyContacts/Valid From' is visible&#xD;
&#xD;
2019-08-22 09:51:27 - [MESSAGE][PASSED] - Keys '2018-12-20' sent to object: 'Object Repository/PartyOnboarding/Personal/PartyContacts/Valid From'&#xD;
&#xD;
2019-08-22 09:51:27 - [MESSAGE][PASSED] - Object 'Object Repository/PartyOnboarding/Personal/PartyContacts/Save Row' is visible&#xD;
&#xD;
2019-08-22 09:51:27 - [MESSAGE][PASSED] - Execute JavaScript 'arguments[0].click();' successfully&#xD;
&#xD;
2019-08-22 09:51:27 - [MESSAGE][PASSED] - Object 'Object Repository/PartyOnboarding/Personal/PartyContacts/New Row' is visible&#xD;
&#xD;
2019-08-22 09:51:27 - [MESSAGE][PASSED] - Execute JavaScript 'arguments[0].click();' successfully&#xD;
&#xD;
2019-08-22 09:51:28 - [MESSAGE][PASSED] - Delayed 1 second(s)&#xD;
&#xD;
2019-08-22 09:51:28 - [MESSAGE][PASSED] - Object 'Object Repository/PartyOnboarding/Personal/PartyContacts/Contact Method' is visible&#xD;
&#xD;
2019-08-22 09:51:29 - [MESSAGE][PASSED] - Keys 'TAB + Mobile' sent to object: 'Object Repository/PartyOnboarding/Personal/PartyContacts/Contact Method'&#xD;
&#xD;
2019-08-22 09:51:30 - [MESSAGE][PASSED] - Delayed 1 second(s)&#xD;
&#xD;
2019-08-22 09:51:30 - [MESSAGE][PASSED] - Object 'Object Repository/PartyOnboarding/Personal/PartyContacts/Contact Type  Location' is visible&#xD;
&#xD;
2019-08-22 09:51:30 - [MESSAGE][PASSED] - Keys 'TAB + Work' sent to object: 'Object Repository/PartyOnboarding/Personal/PartyContacts/Contact Type  Location'&#xD;
&#xD;
2019-08-22 09:51:30 - [MESSAGE][PASSED] - Object 'Object Repository/PartyOnboarding/Personal/PartyContacts/Contact Email' is visible&#xD;
&#xD;
2019-08-22 09:51:30 - [MESSAGE][PASSED] - Object 'Object Repository/PartyOnboarding/Personal/PartyContacts/Contact Email' has attribute 'readonly'&#xD;
&#xD;
2019-08-22 09:51:30 - [MESSAGE][PASSED] - Object 'Object Repository/PartyOnboarding/Personal/PartyContacts/Contact Number_03_Code' is visible&#xD;
&#xD;
2019-08-22 09:51:30 - [MESSAGE][PASSED] - Text of object 'Object Repository/PartyOnboarding/Personal/PartyContacts/Contact Number_03_Code' is cleared&#xD;
&#xD;
2019-08-22 09:51:30 - [MESSAGE][PASSED] - Object 'Object Repository/PartyOnboarding/Personal/PartyContacts/Contact Number_03_Code' is visible&#xD;
&#xD;
2019-08-22 09:51:30 - [MESSAGE][PASSED] - Keys '+1' sent to object: 'Object Repository/PartyOnboarding/Personal/PartyContacts/Contact Number_03_Code'&#xD;
&#xD;
2019-08-22 09:51:30 - [MESSAGE][PASSED] - Object 'Object Repository/PartyOnboarding/Personal/PartyContacts/Contact Number_AreaCode' is visible&#xD;
&#xD;
2019-08-22 09:51:30 - [MESSAGE][PASSED] - Keys '' sent to object: 'Object Repository/PartyOnboarding/Personal/PartyContacts/Contact Number_AreaCode'&#xD;
&#xD;
2019-08-22 09:51:30 - [MESSAGE][PASSED] - Object 'Object Repository/PartyOnboarding/Personal/PartyContacts/Contact Number_Number' is visible&#xD;
&#xD;
2019-08-22 09:51:31 - [MESSAGE][PASSED] - Keys '9697989901' sent to object: 'Object Repository/PartyOnboarding/Personal/PartyContacts/Contact Number_Number'&#xD;
&#xD;
2019-08-22 09:51:31 - [MESSAGE][PASSED] - Object 'Object Repository/PartyOnboarding/Personal/PartyContacts/Contact Number_03_Code' is visible&#xD;
&#xD;
2019-08-22 09:51:31 - [MESSAGE][WARNING] - Object 'Object Repository/PartyOnboarding/Personal/PartyContacts/Contact Number_03_Code' does not have attribute 'readonly' (Root cause: com.kms.katalon.core.exception.StepFailedException: Object 'Object Repository/PartyOnboarding/Personal/PartyContacts/Contact Number_03_Code' does not have attribute 'readonly'&#xD;
	at com.kms.katalon.core.webui.keyword.internal.WebUIKeywordMain.stepFailed(WebUIKeywordMain.groovy:64)&#xD;
	at com.kms.katalon.core.webui.keyword.builtin.VerifyElementHasAttributeKeyword$_verifyElementHasAttribute_closure1.doCall(VerifyElementHasAttributeKeyword.groovy:89)&#xD;
	at com.kms.katalon.core.webui.keyword.builtin.VerifyElementHasAttributeKeyword$_verifyElementHasAttribute_closure1.call(VerifyElementHasAttributeKeyword.groovy)&#xD;
	at com.kms.katalon.core.webui.keyword.internal.WebUIKeywordMain.runKeyword(WebUIKeywordMain.groovy:20)&#xD;
	at com.kms.katalon.core.webui.keyword.builtin.VerifyElementHasAttributeKeyword.verifyElementHasAttribute(VerifyElementHasAttributeKeyword.groovy:100)&#xD;
	at com.kms.katalon.core.webui.keyword.builtin.VerifyElementHasAttributeKeyword.execute(VerifyElementHasAttributeKeyword.groovy:69)&#xD;
	at com.kms.katalon.core.keyword.internal.KeywordExecutor.executeKeywordForPlatform(KeywordExecutor.groovy:56)&#xD;
	at com.kms.katalon.core.webui.keyword.WebUiBuiltInKeywords.verifyElementHasAttribute(WebUiBuiltInKeywords.groovy:3166)&#xD;
	at com.kms.katalon.core.webui.keyword.WebUiBuiltInKeywords$verifyElementHasAttribute$11.call(Unknown Source)&#xD;
	at pageObjects.PartyOnboarding.inputDataForPartyContacts(PartyOnboarding.groovy:736)&#xD;
	at PartyOnboardingEnterprise.run(PartyOnboardingEnterprise:61)&#xD;
	at com.kms.katalon.core.main.ScriptEngine.run(ScriptEngine.java:194)&#xD;
	at com.kms.katalon.core.main.ScriptEngine.runScriptAsRawText(ScriptEngine.java:119)&#xD;
	at com.kms.katalon.core.main.TestCaseExecutor.runScript(TestCaseExecutor.java:337)&#xD;
	at com.kms.katalon.core.main.TestCaseExecutor.doExecute(TestCaseExecutor.java:328)&#xD;
	at com.kms.katalon.core.main.TestCaseExecutor.processExecutionPhase(TestCaseExecutor.java:307)&#xD;
	at com.kms.katalon.core.main.TestCaseExecutor.accessMainPhase(TestCaseExecutor.java:299)&#xD;
	at com.kms.katalon.core.main.TestCaseExecutor.execute(TestCaseExecutor.java:233)&#xD;
	at com.kms.katalon.core.main.TestSuiteExecutor.accessTestCaseMainPhase(TestSuiteExecutor.java:133)&#xD;
	at com.kms.katalon.core.main.TestSuiteExecutor.accessTestSuiteMainPhase(TestSuiteExecutor.java:116)&#xD;
	at com.kms.katalon.core.main.TestSuiteExecutor.execute(TestSuiteExecutor.java:83)&#xD;
	at com.kms.katalon.core.main.TestCaseMain.startTestSuite(TestCaseMain.java:157)&#xD;
	at com.kms.katalon.core.main.TestCaseMain$startTestSuite$0.call(Unknown Source)&#xD;
	at TempTestSuite1566441935163.run(TempTestSuite1566441935163.groovy:35)&#xD;
)&#xD;
[[ATTACHMENT|C:\\ML\\JITS\\AYA\\Automation\\FBE\\FBE\\Reports\\DataPreparation\\PartyOnboardingPersonal\\20190822_091535\\1566444091163.png]]&#xD;
&#xD;
2019-08-22 09:51:31 - [MESSAGE][PASSED] - Object 'Object Repository/PartyOnboarding/Personal/PartyContacts/Valid From' is visible&#xD;
&#xD;
2019-08-22 09:51:31 - [MESSAGE][PASSED] - Text of object 'Object Repository/PartyOnboarding/Personal/PartyContacts/Valid From' is cleared&#xD;
&#xD;
2019-08-22 09:51:31 - [MESSAGE][PASSED] - Object 'Object Repository/PartyOnboarding/Personal/PartyContacts/Valid From' is visible&#xD;
&#xD;
2019-08-22 09:51:31 - [MESSAGE][PASSED] - Keys '2018-01-24' sent to object: 'Object Repository/PartyOnboarding/Personal/PartyContacts/Valid From'&#xD;
&#xD;
2019-08-22 09:51:31 - [MESSAGE][PASSED] - Object 'Object Repository/PartyOnboarding/Personal/PartyContacts/Save Row' is visible&#xD;
&#xD;
2019-08-22 09:51:32 - [MESSAGE][PASSED] - Execute JavaScript 'arguments[0].click();' successfully&#xD;
&#xD;
2019-08-22 09:51:32 - [MESSAGE][PASSED] - Object 'Object Repository/PartyOnboarding/Personal/PartyContacts/New Row' is visible&#xD;
&#xD;
2019-08-22 09:51:32 - [MESSAGE][PASSED] - Execute JavaScript 'arguments[0].click();' successfully&#xD;
&#xD;
2019-08-22 09:51:33 - [MESSAGE][PASSED] - Delayed 1 second(s)&#xD;
&#xD;
2019-08-22 09:51:33 - [MESSAGE][PASSED] - Object 'Object Repository/PartyOnboarding/Personal/PartyContacts/Contact Method' is visible&#xD;
&#xD;
2019-08-22 09:51:33 - [MESSAGE][PASSED] - Keys 'TAB + Email' sent to object: 'Object Repository/PartyOnboarding/Personal/PartyContacts/Contact Method'&#xD;
&#xD;
2019-08-22 09:51:34 - [MESSAGE][PASSED] - Delayed 1 second(s)&#xD;
&#xD;
2019-08-22 09:51:34 - [MESSAGE][PASSED] - Object 'Object Repository/PartyOnboarding/Personal/PartyContacts/Contact Type  Location' is visible&#xD;
&#xD;
2019-08-22 09:51:34 - [MESSAGE][PASSED] - Keys 'TAB + Personal' sent to object: 'Object Repository/PartyOnboarding/Personal/PartyContacts/Contact Type  Location'&#xD;
&#xD;
2019-08-22 09:51:34 - [MESSAGE][PASSED] - Object 'Object Repository/PartyOnboarding/Personal/PartyContacts/Contact Email' is visible&#xD;
&#xD;
2019-08-22 09:51:35 - [MESSAGE][WARNING] - Object 'Object Repository/PartyOnboarding/Personal/PartyContacts/Contact Email' does not have attribute 'readonly' (Root cause: com.kms.katalon.core.exception.StepFailedException: Object 'Object Repository/PartyOnboarding/Personal/PartyContacts/Contact Email' does not have attribute 'readonly'&#xD;
	at com.kms.katalon.core.webui.keyword.internal.WebUIKeywordMain.stepFailed(WebUIKeywordMain.groovy:64)&#xD;
	at com.kms.katalon.core.webui.keyword.builtin.VerifyElementHasAttributeKeyword$_verifyElementHasAttribute_closure1.doCall(VerifyElementHasAttributeKeyword.groovy:89)&#xD;
	at com.kms.katalon.core.webui.keyword.builtin.VerifyElementHasAttributeKeyword$_verifyElementHasAttribute_closure1.call(VerifyElementHasAttributeKeyword.groovy)&#xD;
	at com.kms.katalon.core.webui.keyword.internal.WebUIKeywordMain.runKeyword(WebUIKeywordMain.groovy:20)&#xD;
	at com.kms.katalon.core.webui.keyword.builtin.VerifyElementHasAttributeKeyword.verifyElementHasAttribute(VerifyElementHasAttributeKeyword.groovy:100)&#xD;
	at com.kms.katalon.core.webui.keyword.builtin.VerifyElementHasAttributeKeyword.execute(VerifyElementHasAttributeKeyword.groovy:69)&#xD;
	at com.kms.katalon.core.keyword.internal.KeywordExecutor.executeKeywordForPlatform(KeywordExecutor.groovy:56)&#xD;
	at com.kms.katalon.core.webui.keyword.WebUiBuiltInKeywords.verifyElementHasAttribute(WebUiBuiltInKeywords.groovy:3166)&#xD;
	at com.kms.katalon.core.webui.keyword.WebUiBuiltInKeywords$verifyElementHasAttribute$11.call(Unknown Source)&#xD;
	at pageObjects.PartyOnboarding.inputDataForPartyContacts(PartyOnboarding.groovy:721)&#xD;
	at PartyOnboardingEnterprise.run(PartyOnboardingEnterprise:61)&#xD;
	at com.kms.katalon.core.main.ScriptEngine.run(ScriptEngine.java:194)&#xD;
	at com.kms.katalon.core.main.ScriptEngine.runScriptAsRawText(ScriptEngine.java:119)&#xD;
	at com.kms.katalon.core.main.TestCaseExecutor.runScript(TestCaseExecutor.java:337)&#xD;
	at com.kms.katalon.core.main.TestCaseExecutor.doExecute(TestCaseExecutor.java:328)&#xD;
	at com.kms.katalon.core.main.TestCaseExecutor.processExecutionPhase(TestCaseExecutor.java:307)&#xD;
	at com.kms.katalon.core.main.TestCaseExecutor.accessMainPhase(TestCaseExecutor.java:299)&#xD;
	at com.kms.katalon.core.main.TestCaseExecutor.execute(TestCaseExecutor.java:233)&#xD;
	at com.kms.katalon.core.main.TestSuiteExecutor.accessTestCaseMainPhase(TestSuiteExecutor.java:133)&#xD;
	at com.kms.katalon.core.main.TestSuiteExecutor.accessTestSuiteMainPhase(TestSuiteExecutor.java:116)&#xD;
	at com.kms.katalon.core.main.TestSuiteExecutor.execute(TestSuiteExecutor.java:83)&#xD;
	at com.kms.katalon.core.main.TestCaseMain.startTestSuite(TestCaseMain.java:157)&#xD;
	at com.kms.katalon.core.main.TestCaseMain$startTestSuite$0.call(Unknown Source)&#xD;
	at TempTestSuite1566441935163.run(TempTestSuite1566441935163.groovy:35)&#xD;
)&#xD;
[[ATTACHMENT|C:\\ML\\JITS\\AYA\\Automation\\FBE\\FBE\\Reports\\DataPreparation\\PartyOnboardingPersonal\\20190822_091535\\1566444094810.png]]&#xD;
&#xD;
2019-08-22 09:51:35 - [MESSAGE][PASSED] - Object 'Object Repository/PartyOnboarding/Personal/PartyContacts/Contact Number_03_Code' is visible&#xD;
&#xD;
2019-08-22 09:51:35 - [MESSAGE][PASSED] - Object 'Object Repository/PartyOnboarding/Personal/PartyContacts/Contact Number_03_Code' has attribute 'readonly'&#xD;
&#xD;
2019-08-22 09:51:35 - [MESSAGE][PASSED] - Object 'Object Repository/PartyOnboarding/Personal/PartyContacts/Contact Email' is visible&#xD;
&#xD;
2019-08-22 09:51:35 - [MESSAGE][PASSED] - Keys 'nguyenthimyle@gmail.com' sent to object: 'Object Repository/PartyOnboarding/Personal/PartyContacts/Contact Email'&#xD;
&#xD;
2019-08-22 09:51:36 - [MESSAGE][PASSED] - Object 'Object Repository/PartyOnboarding/Personal/PartyContacts/Confirm Email' is visible&#xD;
&#xD;
2019-08-22 09:51:36 - [MESSAGE][PASSED] - Keys 'nguyenthimyle@gmail.com' sent to object: 'Object Repository/PartyOnboarding/Personal/PartyContacts/Confirm Email'&#xD;
&#xD;
2019-08-22 09:51:36 - [MESSAGE][PASSED] - Object 'Object Repository/PartyOnboarding/Personal/PartyContacts/Valid From' is visible&#xD;
&#xD;
2019-08-22 09:51:36 - [MESSAGE][PASSED] - Text of object 'Object Repository/PartyOnboarding/Personal/PartyContacts/Valid From' is cleared&#xD;
&#xD;
2019-08-22 09:51:36 - [MESSAGE][PASSED] - Object 'Object Repository/PartyOnboarding/Personal/PartyContacts/Valid From' is visible&#xD;
&#xD;
2019-08-22 09:51:37 - [MESSAGE][PASSED] - Keys '2017-01-24' sent to object: 'Object Repository/PartyOnboarding/Personal/PartyContacts/Valid From'&#xD;
&#xD;
2019-08-22 09:51:37 - [MESSAGE][PASSED] - Object 'Object Repository/PartyOnboarding/Personal/PartyContacts/Save Row' is visible&#xD;
&#xD;
2019-08-22 09:51:37 - [MESSAGE][PASSED] - Execute JavaScript 'arguments[0].click();' successfully&#xD;
&#xD;
2019-08-22 09:51:37 - [TEST_STEP][PASSED] - partyOnboardingEnterprise.clickNextbutton(): Object: 'Object Repository/PartyOnboarding/btn_Next' is clicked on&#xD;
&#xD;
2019-08-22 09:51:37 - [MESSAGE][PASSED] - Object 'Object Repository/PartyOnboarding/btn_Next' is visible&#xD;
&#xD;
2019-08-22 09:51:37 - [MESSAGE][PASSED] - Object: 'Object Repository/PartyOnboarding/btn_Next' is clicked on&#xD;
&#xD;
2019-08-22 09:51:37 - [TEST_STEP][PASSED] - partyOnboardingEnterprise.inputDataForPartyRequiredDocuments(s06_documentCategory, s06_kycExpired, s06_documentType, s06_validFrom, s06_validTo, s06_referenceNumber, s06_issuingAuthority, s06_issuingCountry, s06_documentVerified, s06_image, s06_documentCollectionStatus): Keys 'Documents collected and validated centrally' sent to object: 'Object Repository/PartyOnboarding/Personal/PartyRequiredDocument/ddl_DocumentsCollectionStatus'&#xD;
&#xD;
2019-08-22 09:51:38 - [MESSAGE][PASSED] - Delayed 1 second(s)&#xD;
&#xD;
2019-08-22 09:51:38 - [MESSAGE][PASSED] - Object 'Object Repository/PartyOnboarding/Personal/PartyRequiredDocument/New Row' is visible&#xD;
&#xD;
2019-08-22 09:51:38 - [MESSAGE][PASSED] - Execute JavaScript 'arguments[0].click();' successfully&#xD;
&#xD;
2019-08-22 09:51:38 - [MESSAGE][PASSED] - Object 'Object Repository/PartyOnboarding/Personal/PartyRequiredDocument/DocumentCategory' is visible&#xD;
&#xD;
2019-08-22 09:51:39 - [MESSAGE][PASSED] - Keys 'TAB + PT-AUTHORIZED MYCO USER' sent to object: 'Object Repository/PartyOnboarding/Personal/PartyRequiredDocument/DocumentCategory'&#xD;
&#xD;
2019-08-22 09:51:40 - [MESSAGE][PASSED] - Delayed 1 second(s)&#xD;
&#xD;
2019-08-22 09:51:40 - [MESSAGE][PASSED] - Object 'Object Repository/PartyOnboarding/Personal/PartyRequiredDocument/Document Type' is visible&#xD;
&#xD;
2019-08-22 09:51:41 - [MESSAGE][PASSED] - Keys 'TAB + AUTHORIZED MYCO USER' sent to object: 'Object Repository/PartyOnboarding/Personal/PartyRequiredDocument/Document Type'&#xD;
&#xD;
2019-08-22 09:51:42 - [MESSAGE][PASSED] - Delayed 1 second(s)&#xD;
&#xD;
2019-08-22 09:51:42 - [MESSAGE][PASSED] - Object 'Object Repository/PartyOnboarding/Personal/PartyRequiredDocument/Issuing Country' is visible&#xD;
&#xD;
2019-08-22 09:51:43 - [MESSAGE][PASSED] - Keys 'Myanmar' sent to object: 'Object Repository/PartyOnboarding/Personal/PartyRequiredDocument/Issuing Country'&#xD;
&#xD;
2019-08-22 09:51:44 - [MESSAGE][PASSED] - Delayed 1 second(s)&#xD;
&#xD;
2019-08-22 09:51:44 - [MESSAGE][PASSED] - Object 'Object Repository/PartyOnboarding/Personal/PartyRequiredDocument/Document Verified' is visible&#xD;
&#xD;
2019-08-22 09:51:44 - [MESSAGE][PASSED] - Keys 'TAB + TRUE' sent to object: 'Object Repository/PartyOnboarding/Personal/PartyRequiredDocument/Document Verified'&#xD;
&#xD;
2019-08-22 09:51:44 - [MESSAGE][PASSED] - Object 'Object Repository/PartyOnboarding/Personal/PartyRequiredDocument/Save Row' is visible&#xD;
&#xD;
2019-08-22 09:51:44 - [MESSAGE][PASSED] - Execute JavaScript 'arguments[0].click();' successfully&#xD;
&#xD;
2019-08-22 09:51:44 - [MESSAGE][PASSED] - Object 'Object Repository/PartyOnboarding/Personal/PartyRequiredDocument/New Row' is visible&#xD;
&#xD;
2019-08-22 09:51:44 - [MESSAGE][PASSED] - Execute JavaScript 'arguments[0].click();' successfully&#xD;
&#xD;
2019-08-22 09:51:44 - [MESSAGE][PASSED] - Object 'Object Repository/PartyOnboarding/Personal/PartyRequiredDocument/DocumentCategory' is visible&#xD;
&#xD;
2019-08-22 09:51:46 - [MESSAGE][PASSED] - Keys 'TAB + PT-BOARD OF DIRECTORS RESOLUTION' sent to object: 'Object Repository/PartyOnboarding/Personal/PartyRequiredDocument/DocumentCategory'&#xD;
&#xD;
2019-08-22 09:51:47 - [MESSAGE][PASSED] - Delayed 1 second(s)&#xD;
&#xD;
2019-08-22 09:51:47 - [MESSAGE][PASSED] - Object 'Object Repository/PartyOnboarding/Personal/PartyRequiredDocument/Document Type' is visible&#xD;
&#xD;
2019-08-22 09:51:48 - [MESSAGE][PASSED] - Keys 'TAB + BOARD OF DIRECTORS RESOLUTION' sent to object: 'Object Repository/PartyOnboarding/Personal/PartyRequiredDocument/Document Type'&#xD;
&#xD;
2019-08-22 09:51:49 - [MESSAGE][PASSED] - Delayed 1 second(s)&#xD;
&#xD;
2019-08-22 09:51:49 - [MESSAGE][PASSED] - Object 'Object Repository/PartyOnboarding/Personal/PartyRequiredDocument/Issuing Country' is visible&#xD;
&#xD;
2019-08-22 09:51:50 - [MESSAGE][PASSED] - Keys 'Myanmar' sent to object: 'Object Repository/PartyOnboarding/Personal/PartyRequiredDocument/Issuing Country'&#xD;
&#xD;
2019-08-22 09:51:51 - [MESSAGE][PASSED] - Delayed 1 second(s)&#xD;
&#xD;
2019-08-22 09:51:51 - [MESSAGE][PASSED] - Object 'Object Repository/PartyOnboarding/Personal/PartyRequiredDocument/Document Verified' is visible&#xD;
&#xD;
2019-08-22 09:51:51 - [MESSAGE][PASSED] - Keys 'TAB + TRUE' sent to object: 'Object Repository/PartyOnboarding/Personal/PartyRequiredDocument/Document Verified'&#xD;
&#xD;
2019-08-22 09:51:51 - [MESSAGE][PASSED] - Object 'Object Repository/PartyOnboarding/Personal/PartyRequiredDocument/Save Row' is visible&#xD;
&#xD;
2019-08-22 09:51:51 - [MESSAGE][PASSED] - Execute JavaScript 'arguments[0].click();' successfully&#xD;
&#xD;
2019-08-22 09:51:51 - [MESSAGE][PASSED] - Object 'Object Repository/PartyOnboarding/Personal/PartyRequiredDocument/New Row' is visible&#xD;
&#xD;
2019-08-22 09:51:51 - [MESSAGE][PASSED] - Execute JavaScript 'arguments[0].click();' successfully&#xD;
&#xD;
2019-08-22 09:51:51 - [MESSAGE][PASSED] - Object 'Object Repository/PartyOnboarding/Personal/PartyRequiredDocument/DocumentCategory' is visible&#xD;
&#xD;
2019-08-22 09:51:53 - [MESSAGE][PASSED] - Keys 'TAB + PT-CERTIFICATE OF INCORPORATION' sent to object: 'Object Repository/PartyOnboarding/Personal/PartyRequiredDocument/DocumentCategory'&#xD;
&#xD;
2019-08-22 09:51:54 - [MESSAGE][PASSED] - Delayed 1 second(s)&#xD;
&#xD;
2019-08-22 09:51:54 - [MESSAGE][PASSED] - Object 'Object Repository/PartyOnboarding/Personal/PartyRequiredDocument/Document Type' is visible&#xD;
&#xD;
2019-08-22 09:51:55 - [MESSAGE][PASSED] - Keys 'TAB + CERTIFICATE OF INCORPORATION' sent to object: 'Object Repository/PartyOnboarding/Personal/PartyRequiredDocument/Document Type'&#xD;
&#xD;
2019-08-22 09:51:56 - [MESSAGE][PASSED] - Delayed 1 second(s)&#xD;
&#xD;
2019-08-22 09:51:56 - [MESSAGE][PASSED] - Object 'Object Repository/PartyOnboarding/Personal/PartyRequiredDocument/Issuing Country' is visible&#xD;
&#xD;
2019-08-22 09:51:57 - [MESSAGE][PASSED] - Keys 'Myanmar' sent to object: 'Object Repository/PartyOnboarding/Personal/PartyRequiredDocument/Issuing Country'&#xD;
&#xD;
2019-08-22 09:51:58 - [MESSAGE][PASSED] - Delayed 1 second(s)&#xD;
&#xD;
2019-08-22 09:51:58 - [MESSAGE][PASSED] - Object 'Object Repository/PartyOnboarding/Personal/PartyRequiredDocument/Document Verified' is visible&#xD;
&#xD;
2019-08-22 09:51:58 - [MESSAGE][PASSED] - Keys 'TAB + TRUE' sent to object: 'Object Repository/PartyOnboarding/Personal/PartyRequiredDocument/Document Verified'&#xD;
&#xD;
2019-08-22 09:51:58 - [MESSAGE][PASSED] - Object 'Object Repository/PartyOnboarding/Personal/PartyRequiredDocument/Save Row' is visible&#xD;
&#xD;
2019-08-22 09:51:58 - [MESSAGE][PASSED] - Execute JavaScript 'arguments[0].click();' successfully&#xD;
&#xD;
2019-08-22 09:51:58 - [MESSAGE][PASSED] - Object 'Object Repository/PartyOnboarding/Personal/PartyRequiredDocument/New Row' is visible&#xD;
&#xD;
2019-08-22 09:51:58 - [MESSAGE][PASSED] - Execute JavaScript 'arguments[0].click();' successfully&#xD;
&#xD;
2019-08-22 09:51:58 - [MESSAGE][PASSED] - Object 'Object Repository/PartyOnboarding/Personal/PartyRequiredDocument/DocumentCategory' is visible&#xD;
&#xD;
2019-08-22 09:51:59 - [MESSAGE][PASSED] - Keys 'TAB + PT-FILING HISTORY' sent to object: 'Object Repository/PartyOnboarding/Personal/PartyRequiredDocument/DocumentCategory'&#xD;
&#xD;
2019-08-22 09:52:00 - [MESSAGE][PASSED] - Delayed 1 second(s)&#xD;
&#xD;
2019-08-22 09:52:00 - [MESSAGE][PASSED] - Object 'Object Repository/PartyOnboarding/Personal/PartyRequiredDocument/Document Type' is visible&#xD;
&#xD;
2019-08-22 09:52:01 - [MESSAGE][PASSED] - Keys 'TAB + FILING HISTORY' sent to object: 'Object Repository/PartyOnboarding/Personal/PartyRequiredDocument/Document Type'&#xD;
&#xD;
2019-08-22 09:52:02 - [MESSAGE][PASSED] - Delayed 1 second(s)&#xD;
&#xD;
2019-08-22 09:52:02 - [MESSAGE][PASSED] - Object 'Object Repository/PartyOnboarding/Personal/PartyRequiredDocument/Issuing Country' is visible&#xD;
&#xD;
2019-08-22 09:52:02 - [MESSAGE][PASSED] - Keys 'Myanmar' sent to object: 'Object Repository/PartyOnboarding/Personal/PartyRequiredDocument/Issuing Country'&#xD;
&#xD;
2019-08-22 09:52:03 - [MESSAGE][PASSED] - Delayed 1 second(s)&#xD;
&#xD;
2019-08-22 09:52:03 - [MESSAGE][PASSED] - Object 'Object Repository/PartyOnboarding/Personal/PartyRequiredDocument/Document Verified' is visible&#xD;
&#xD;
2019-08-22 09:52:03 - [MESSAGE][PASSED] - Keys 'TAB + TRUE' sent to object: 'Object Repository/PartyOnboarding/Personal/PartyRequiredDocument/Document Verified'&#xD;
&#xD;
2019-08-22 09:52:03 - [MESSAGE][PASSED] - Object 'Object Repository/PartyOnboarding/Personal/PartyRequiredDocument/Save Row' is visible&#xD;
&#xD;
2019-08-22 09:52:03 - [MESSAGE][PASSED] - Execute JavaScript 'arguments[0].click();' successfully&#xD;
&#xD;
2019-08-22 09:52:03 - [MESSAGE][PASSED] - Object 'Object Repository/PartyOnboarding/Personal/PartyRequiredDocument/New Row' is visible&#xD;
&#xD;
2019-08-22 09:52:04 - [MESSAGE][PASSED] - Execute JavaScript 'arguments[0].click();' successfully&#xD;
&#xD;
2019-08-22 09:52:04 - [MESSAGE][PASSED] - Object 'Object Repository/PartyOnboarding/Personal/PartyRequiredDocument/DocumentCategory' is visible&#xD;
&#xD;
2019-08-22 09:52:05 - [MESSAGE][PASSED] - Keys 'TAB + PT-FORM QA 22(FOREIGNER)' sent to object: 'Object Repository/PartyOnboarding/Personal/PartyRequiredDocument/DocumentCategory'&#xD;
&#xD;
2019-08-22 09:52:06 - [MESSAGE][PASSED] - Delayed 1 second(s)&#xD;
&#xD;
2019-08-22 09:52:06 - [MESSAGE][PASSED] - Object 'Object Repository/PartyOnboarding/Personal/PartyRequiredDocument/Document Type' is visible&#xD;
&#xD;
2019-08-22 09:52:07 - [MESSAGE][PASSED] - Keys 'TAB + FORM QA 22(FOREIGNER)' sent to object: 'Object Repository/PartyOnboarding/Personal/PartyRequiredDocument/Document Type'&#xD;
&#xD;
2019-08-22 09:52:08 - [MESSAGE][PASSED] - Delayed 1 second(s)&#xD;
&#xD;
2019-08-22 09:52:08 - [MESSAGE][PASSED] - Object 'Object Repository/PartyOnboarding/Personal/PartyRequiredDocument/Issuing Country' is visible&#xD;
&#xD;
2019-08-22 09:52:08 - [MESSAGE][PASSED] - Keys 'Myanmar' sent to object: 'Object Repository/PartyOnboarding/Personal/PartyRequiredDocument/Issuing Country'&#xD;
&#xD;
2019-08-22 09:52:09 - [MESSAGE][PASSED] - Delayed 1 second(s)&#xD;
&#xD;
2019-08-22 09:52:09 - [MESSAGE][PASSED] - Object 'Object Repository/PartyOnboarding/Personal/PartyRequiredDocument/Document Verified' is visible&#xD;
&#xD;
2019-08-22 09:52:09 - [MESSAGE][PASSED] - Keys 'TAB + TRUE' sent to object: 'Object Repository/PartyOnboarding/Personal/PartyRequiredDocument/Document Verified'&#xD;
&#xD;
2019-08-22 09:52:09 - [MESSAGE][PASSED] - Object 'Object Repository/PartyOnboarding/Personal/PartyRequiredDocument/Save Row' is visible&#xD;
&#xD;
2019-08-22 09:52:09 - [MESSAGE][PASSED] - Execute JavaScript 'arguments[0].click();' successfully&#xD;
&#xD;
2019-08-22 09:52:10 - [MESSAGE][PASSED] - Object 'Object Repository/PartyOnboarding/Personal/PartyRequiredDocument/New Row' is visible&#xD;
&#xD;
2019-08-22 09:52:10 - [MESSAGE][PASSED] - Execute JavaScript 'arguments[0].click();' successfully&#xD;
&#xD;
2019-08-22 09:52:10 - [MESSAGE][PASSED] - Object 'Object Repository/PartyOnboarding/Personal/PartyRequiredDocument/DocumentCategory' is visible&#xD;
&#xD;
2019-08-22 09:52:12 - [MESSAGE][PASSED] - Keys 'TAB + PT-LIST OF DIRECTORS AND MEMBER DETAILS' sent to object: 'Object Repository/PartyOnboarding/Personal/PartyRequiredDocument/DocumentCategory'&#xD;
&#xD;
2019-08-22 09:52:13 - [MESSAGE][PASSED] - Delayed 1 second(s)&#xD;
&#xD;
2019-08-22 09:52:13 - [MESSAGE][PASSED] - Object 'Object Repository/PartyOnboarding/Personal/PartyRequiredDocument/Document Type' is visible&#xD;
&#xD;
2019-08-22 09:52:14 - [MESSAGE][PASSED] - Keys 'TAB + LIST OF DIRECTORS AND MEMBER DETAILS' sent to object: 'Object Repository/PartyOnboarding/Personal/PartyRequiredDocument/Document Type'&#xD;
&#xD;
2019-08-22 09:52:15 - [MESSAGE][PASSED] - Delayed 1 second(s)&#xD;
&#xD;
2019-08-22 09:52:15 - [MESSAGE][PASSED] - Object 'Object Repository/PartyOnboarding/Personal/PartyRequiredDocument/Issuing Country' is visible&#xD;
&#xD;
2019-08-22 09:52:16 - [MESSAGE][PASSED] - Keys 'Myanmar' sent to object: 'Object Repository/PartyOnboarding/Personal/PartyRequiredDocument/Issuing Country'&#xD;
&#xD;
2019-08-22 09:52:17 - [MESSAGE][PASSED] - Delayed 1 second(s)&#xD;
&#xD;
2019-08-22 09:52:17 - [MESSAGE][PASSED] - Object 'Object Repository/PartyOnboarding/Personal/PartyRequiredDocument/Document Verified' is visible&#xD;
&#xD;
2019-08-22 09:52:17 - [MESSAGE][PASSED] - Keys 'TAB + TRUE' sent to object: 'Object Repository/PartyOnboarding/Personal/PartyRequiredDocument/Document Verified'&#xD;
&#xD;
2019-08-22 09:52:17 - [MESSAGE][PASSED] - Object 'Object Repository/PartyOnboarding/Personal/PartyRequiredDocument/Save Row' is visible&#xD;
&#xD;
2019-08-22 09:52:17 - [MESSAGE][PASSED] - Execute JavaScript 'arguments[0].click();' successfully&#xD;
&#xD;
2019-08-22 09:52:17 - [MESSAGE][PASSED] - Object 'Object Repository/PartyOnboarding/Personal/PartyRequiredDocument/New Row' is visible&#xD;
&#xD;
2019-08-22 09:52:17 - [MESSAGE][PASSED] - Execute JavaScript 'arguments[0].click();' successfully&#xD;
&#xD;
2019-08-22 09:52:17 - [MESSAGE][PASSED] - Object 'Object Repository/PartyOnboarding/Personal/PartyRequiredDocument/DocumentCategory' is visible&#xD;
&#xD;
2019-08-22 09:52:19 - [MESSAGE][PASSED] - Keys 'TAB + PT-LIST OF SHAREHOLDERS AND MEMBER DETAILS' sent to object: 'Object Repository/PartyOnboarding/Personal/PartyRequiredDocument/DocumentCategory'&#xD;
&#xD;
2019-08-22 09:52:20 - [MESSAGE][PASSED] - Delayed 1 second(s)&#xD;
&#xD;
2019-08-22 09:52:20 - [MESSAGE][PASSED] - Object 'Object Repository/PartyOnboarding/Personal/PartyRequiredDocument/Document Type' is visible&#xD;
&#xD;
2019-08-22 09:52:22 - [MESSAGE][PASSED] - Keys 'TAB + LIST OF SHAREHOLDERS AND MEMBER DETAILS' sent to object: 'Object Repository/PartyOnboarding/Personal/PartyRequiredDocument/Document Type'&#xD;
&#xD;
2019-08-22 09:52:23 - [MESSAGE][PASSED] - Delayed 1 second(s)&#xD;
&#xD;
2019-08-22 09:52:23 - [MESSAGE][PASSED] - Object 'Object Repository/PartyOnboarding/Personal/PartyRequiredDocument/Issuing Country' is visible&#xD;
&#xD;
2019-08-22 09:52:23 - [MESSAGE][PASSED] - Keys 'Myanmar' sent to object: 'Object Repository/PartyOnboarding/Personal/PartyRequiredDocument/Issuing Country'&#xD;
&#xD;
2019-08-22 09:52:24 - [MESSAGE][PASSED] - Delayed 1 second(s)&#xD;
&#xD;
2019-08-22 09:52:24 - [MESSAGE][PASSED] - Object 'Object Repository/PartyOnboarding/Personal/PartyRequiredDocument/Document Verified' is visible&#xD;
&#xD;
2019-08-22 09:52:25 - [MESSAGE][PASSED] - Keys 'TAB + TRUE' sent to object: 'Object Repository/PartyOnboarding/Personal/PartyRequiredDocument/Document Verified'&#xD;
&#xD;
2019-08-22 09:52:25 - [MESSAGE][PASSED] - Object 'Object Repository/PartyOnboarding/Personal/PartyRequiredDocument/Save Row' is visible&#xD;
&#xD;
2019-08-22 09:52:25 - [MESSAGE][PASSED] - Execute JavaScript 'arguments[0].click();' successfully&#xD;
&#xD;
2019-08-22 09:52:25 - [MESSAGE][PASSED] - Object 'Object Repository/PartyOnboarding/Personal/PartyRequiredDocument/New Row' is visible&#xD;
&#xD;
2019-08-22 09:52:25 - [MESSAGE][PASSED] - Execute JavaScript 'arguments[0].click();' successfully&#xD;
&#xD;
2019-08-22 09:52:25 - [MESSAGE][PASSED] - Object 'Object Repository/PartyOnboarding/Personal/PartyRequiredDocument/DocumentCategory' is visible&#xD;
&#xD;
2019-08-22 09:52:27 - [MESSAGE][PASSED] - Keys 'TAB + PT-NRC/PASSPORT COPY OF AUTHORIZED SIGNATORY' sent to object: 'Object Repository/PartyOnboarding/Personal/PartyRequiredDocument/DocumentCategory'&#xD;
&#xD;
2019-08-22 09:52:28 - [MESSAGE][PASSED] - Delayed 1 second(s)&#xD;
&#xD;
2019-08-22 09:52:28 - [MESSAGE][PASSED] - Object 'Object Repository/PartyOnboarding/Personal/PartyRequiredDocument/Document Type' is visible&#xD;
&#xD;
2019-08-22 09:52:30 - [MESSAGE][PASSED] - Keys 'TAB + NRC/PASSPORT COPY OF AUTHORIZED SIGNATORY' sent to object: 'Object Repository/PartyOnboarding/Personal/PartyRequiredDocument/Document Type'&#xD;
&#xD;
2019-08-22 09:52:31 - [MESSAGE][PASSED] - Delayed 1 second(s)&#xD;
&#xD;
2019-08-22 09:52:31 - [MESSAGE][PASSED] - Object 'Object Repository/PartyOnboarding/Personal/PartyRequiredDocument/Issuing Country' is visible&#xD;
&#xD;
2019-08-22 09:52:31 - [MESSAGE][PASSED] - Keys 'Myanmar' sent to object: 'Object Repository/PartyOnboarding/Personal/PartyRequiredDocument/Issuing Country'&#xD;
&#xD;
2019-08-22 09:52:32 - [MESSAGE][PASSED] - Delayed 1 second(s)&#xD;
&#xD;
2019-08-22 09:52:32 - [MESSAGE][PASSED] - Object 'Object Repository/PartyOnboarding/Personal/PartyRequiredDocument/Document Verified' is visible&#xD;
&#xD;
2019-08-22 09:52:33 - [MESSAGE][PASSED] - Keys 'TAB + TRUE' sent to object: 'Object Repository/PartyOnboarding/Personal/PartyRequiredDocument/Document Verified'&#xD;
&#xD;
2019-08-22 09:52:33 - [MESSAGE][PASSED] - Object 'Object Repository/PartyOnboarding/Personal/PartyRequiredDocument/Save Row' is visible&#xD;
&#xD;
2019-08-22 09:52:33 - [MESSAGE][PASSED] - Execute JavaScript 'arguments[0].click();' successfully&#xD;
&#xD;
2019-08-22 09:52:33 - [MESSAGE][PASSED] - Object 'Object Repository/PartyOnboarding/Personal/PartyRequiredDocument/New Row' is visible&#xD;
&#xD;
2019-08-22 09:52:33 - [MESSAGE][PASSED] - Execute JavaScript 'arguments[0].click();' successfully&#xD;
&#xD;
2019-08-22 09:52:33 - [MESSAGE][PASSED] - Object 'Object Repository/PartyOnboarding/Personal/PartyRequiredDocument/DocumentCategory' is visible&#xD;
&#xD;
2019-08-22 09:52:35 - [MESSAGE][PASSED] - Keys 'TAB + PT-NRC/PASSPORT COPY OF SHAREHOLDERS' sent to object: 'Object Repository/PartyOnboarding/Personal/PartyRequiredDocument/DocumentCategory'&#xD;
&#xD;
2019-08-22 09:52:36 - [MESSAGE][PASSED] - Delayed 1 second(s)&#xD;
&#xD;
2019-08-22 09:52:36 - [MESSAGE][PASSED] - Object 'Object Repository/PartyOnboarding/Personal/PartyRequiredDocument/Document Type' is visible&#xD;
&#xD;
2019-08-22 09:52:37 - [MESSAGE][PASSED] - Keys 'TAB + NRC/PASSPORT COPY OF SHAREHOLDERS' sent to object: 'Object Repository/PartyOnboarding/Personal/PartyRequiredDocument/Document Type'&#xD;
&#xD;
2019-08-22 09:52:38 - [MESSAGE][PASSED] - Delayed 1 second(s)&#xD;
&#xD;
2019-08-22 09:52:38 - [MESSAGE][PASSED] - Object 'Object Repository/PartyOnboarding/Personal/PartyRequiredDocument/Issuing Country' is visible&#xD;
&#xD;
2019-08-22 09:52:38 - [MESSAGE][PASSED] - Keys 'Myanmar' sent to object: 'Object Repository/PartyOnboarding/Personal/PartyRequiredDocument/Issuing Country'&#xD;
&#xD;
2019-08-22 09:52:39 - [MESSAGE][PASSED] - Delayed 1 second(s)&#xD;
&#xD;
2019-08-22 09:52:40 - [MESSAGE][PASSED] - Object 'Object Repository/PartyOnboarding/Personal/PartyRequiredDocument/Document Verified' is visible&#xD;
&#xD;
2019-08-22 09:52:40 - [MESSAGE][PASSED] - Keys 'TAB + TRUE' sent to object: 'Object Repository/PartyOnboarding/Personal/PartyRequiredDocument/Document Verified'&#xD;
&#xD;
2019-08-22 09:52:40 - [MESSAGE][PASSED] - Object 'Object Repository/PartyOnboarding/Personal/PartyRequiredDocument/Save Row' is visible&#xD;
&#xD;
2019-08-22 09:52:40 - [MESSAGE][PASSED] - Execute JavaScript 'arguments[0].click();' successfully&#xD;
&#xD;
2019-08-22 09:52:40 - [MESSAGE][PASSED] - Object 'Object Repository/PartyOnboarding/Personal/PartyRequiredDocument/New Row' is visible&#xD;
&#xD;
2019-08-22 09:52:40 - [MESSAGE][PASSED] - Execute JavaScript 'arguments[0].click();' successfully&#xD;
&#xD;
2019-08-22 09:52:40 - [MESSAGE][PASSED] - Object 'Object Repository/PartyOnboarding/Personal/PartyRequiredDocument/DocumentCategory' is visible&#xD;
&#xD;
2019-08-22 09:52:41 - [MESSAGE][PASSED] - Keys 'TAB + PT-REGISTERED COMPANY ADDRESS' sent to object: 'Object Repository/PartyOnboarding/Personal/PartyRequiredDocument/DocumentCategory'&#xD;
&#xD;
2019-08-22 09:52:42 - [MESSAGE][PASSED] - Delayed 1 second(s)&#xD;
&#xD;
2019-08-22 09:52:42 - [MESSAGE][PASSED] - Object 'Object Repository/PartyOnboarding/Personal/PartyRequiredDocument/Document Type' is visible&#xD;
&#xD;
2019-08-22 09:52:44 - [MESSAGE][PASSED] - Keys 'TAB + REGISTERED COMPANY ADDRESS' sent to object: 'Object Repository/PartyOnboarding/Personal/PartyRequiredDocument/Document Type'&#xD;
&#xD;
2019-08-22 09:52:45 - [MESSAGE][PASSED] - Delayed 1 second(s)&#xD;
&#xD;
2019-08-22 09:52:45 - [MESSAGE][PASSED] - Object 'Object Repository/PartyOnboarding/Personal/PartyRequiredDocument/Issuing Country' is visible&#xD;
&#xD;
2019-08-22 09:52:45 - [MESSAGE][PASSED] - Keys 'Myanmar' sent to object: 'Object Repository/PartyOnboarding/Personal/PartyRequiredDocument/Issuing Country'&#xD;
&#xD;
2019-08-22 09:52:46 - [MESSAGE][PASSED] - Delayed 1 second(s)&#xD;
&#xD;
2019-08-22 09:52:46 - [MESSAGE][PASSED] - Object 'Object Repository/PartyOnboarding/Personal/PartyRequiredDocument/Document Verified' is visible&#xD;
&#xD;
2019-08-22 09:52:46 - [MESSAGE][PASSED] - Keys 'TAB + TRUE' sent to object: 'Object Repository/PartyOnboarding/Personal/PartyRequiredDocument/Document Verified'&#xD;
&#xD;
2019-08-22 09:52:46 - [MESSAGE][PASSED] - Object 'Object Repository/PartyOnboarding/Personal/PartyRequiredDocument/Save Row' is visible&#xD;
&#xD;
2019-08-22 09:52:46 - [MESSAGE][PASSED] - Execute JavaScript 'arguments[0].click();' successfully&#xD;
&#xD;
2019-08-22 09:52:46 - [MESSAGE][PASSED] - Object 'Object Repository/PartyOnboarding/Personal/PartyRequiredDocument/New Row' is visible&#xD;
&#xD;
2019-08-22 09:52:47 - [MESSAGE][PASSED] - Execute JavaScript 'arguments[0].click();' successfully&#xD;
&#xD;
2019-08-22 09:52:47 - [MESSAGE][PASSED] - Object 'Object Repository/PartyOnboarding/Personal/PartyRequiredDocument/DocumentCategory' is visible&#xD;
&#xD;
2019-08-22 09:52:49 - [MESSAGE][PASSED] - Keys 'TAB + PT-VALID VISA COPY OF AUTH. SIGNATORY(FOREIGNER)' sent to object: 'Object Repository/PartyOnboarding/Personal/PartyRequiredDocument/DocumentCategory'&#xD;
&#xD;
2019-08-22 09:52:50 - [MESSAGE][PASSED] - Delayed 1 second(s)&#xD;
&#xD;
2019-08-22 09:52:50 - [MESSAGE][PASSED] - Object 'Object Repository/PartyOnboarding/Personal/PartyRequiredDocument/Document Type' is visible&#xD;
&#xD;
2019-08-22 09:52:52 - [MESSAGE][PASSED] - Keys 'TAB + VALID VISA COPY OF AUTH. SIGNATORY(FOREIGNER)' sent to object: 'Object Repository/PartyOnboarding/Personal/PartyRequiredDocument/Document Type'&#xD;
&#xD;
2019-08-22 09:52:53 - [MESSAGE][PASSED] - Delayed 1 second(s)&#xD;
&#xD;
2019-08-22 09:52:53 - [MESSAGE][PASSED] - Object 'Object Repository/PartyOnboarding/Personal/PartyRequiredDocument/Issuing Country' is visible&#xD;
&#xD;
2019-08-22 09:52:53 - [MESSAGE][PASSED] - Keys 'Myanmar' sent to object: 'Object Repository/PartyOnboarding/Personal/PartyRequiredDocument/Issuing Country'&#xD;
&#xD;
2019-08-22 09:52:54 - [MESSAGE][PASSED] - Delayed 1 second(s)&#xD;
&#xD;
2019-08-22 09:52:55 - [MESSAGE][PASSED] - Object 'Object Repository/PartyOnboarding/Personal/PartyRequiredDocument/Document Verified' is visible&#xD;
&#xD;
2019-08-22 09:52:55 - [MESSAGE][PASSED] - Keys 'TAB + TRUE' sent to object: 'Object Repository/PartyOnboarding/Personal/PartyRequiredDocument/Document Verified'&#xD;
&#xD;
2019-08-22 09:52:55 - [MESSAGE][PASSED] - Object 'Object Repository/PartyOnboarding/Personal/PartyRequiredDocument/Save Row' is visible&#xD;
&#xD;
2019-08-22 09:52:55 - [MESSAGE][PASSED] - Execute JavaScript 'arguments[0].click();' successfully&#xD;
&#xD;
2019-08-22 09:52:55 - [MESSAGE][PASSED] - Object 'Object Repository/PartyOnboarding/Personal/PartyRequiredDocument/ddl_DocumentsCollectionStatus' is visible&#xD;
&#xD;
2019-08-22 09:52:57 - [MESSAGE][PASSED] - Keys 'Documents collected and validated centrally' sent to object: 'Object Repository/PartyOnboarding/Personal/PartyRequiredDocument/ddl_DocumentsCollectionStatus'&#xD;
&#xD;
2019-08-22 09:52:57 - [TEST_STEP][PASSED] - partyOnboardingEnterprise.clickNextbutton(): Object: 'Object Repository/PartyOnboarding/btn_Next' is clicked on&#xD;
&#xD;
2019-08-22 09:52:57 - [MESSAGE][PASSED] - Object 'Object Repository/PartyOnboarding/btn_Next' is visible&#xD;
&#xD;
2019-08-22 09:52:57 - [MESSAGE][PASSED] - Object: 'Object Repository/PartyOnboarding/btn_Next' is clicked on&#xD;
&#xD;
2019-08-22 09:52:57 - [TEST_STEP][PASSED] - delay(1): Delayed 1 second(s)&#xD;
&#xD;
2019-08-22 09:52:58 - [MESSAGE][PASSED] - Delayed 1 second(s)&#xD;
&#xD;
2019-08-22 09:52:58 - [TEST_STEP][PASSED] - log.logInfo("--- " + " Click Next button ---"): ---  Click Next button ---&#xD;
&#xD;
2019-08-22 09:52:58 - [MESSAGE][INFO] - ---  Click Next button ---&#xD;
&#xD;
2019-08-22 09:52:58 - [TEST_STEP][PASSED] - partyOnboardingEnterprise.clickNextbutton(): Object: 'Object Repository/PartyOnboarding/btn_Next' is clicked on&#xD;
&#xD;
2019-08-22 09:52:58 - [MESSAGE][PASSED] - Object 'Object Repository/PartyOnboarding/btn_Next' is visible&#xD;
&#xD;
2019-08-22 09:52:58 - [MESSAGE][PASSED] - Object: 'Object Repository/PartyOnboarding/btn_Next' is clicked on&#xD;
&#xD;
2019-08-22 09:52:58 - [TEST_STEP][PASSED] - log.logInfo("--- " + " Click Next button ---"): ---  Click Next button ---&#xD;
&#xD;
2019-08-22 09:52:58 - [MESSAGE][INFO] - ---  Click Next button ---&#xD;
&#xD;
2019-08-22 09:52:58 - [TEST_STEP][PASSED] - delay(1): Delayed 1 second(s)&#xD;
&#xD;
2019-08-22 09:52:59 - [MESSAGE][PASSED] - Delayed 1 second(s)&#xD;
&#xD;
2019-08-22 09:52:59 - [TEST_STEP][PASSED] - partyOnboardingEnterprise.clickNextbutton(): Object: 'Object Repository/PartyOnboarding/btn_Next' is clicked on&#xD;
&#xD;
2019-08-22 09:52:59 - [MESSAGE][PASSED] - Object 'Object Repository/PartyOnboarding/btn_Next' is visible&#xD;
&#xD;
2019-08-22 09:52:59 - [MESSAGE][PASSED] - Object: 'Object Repository/PartyOnboarding/btn_Next' is clicked on&#xD;
&#xD;
2019-08-22 09:52:59 - [TEST_STEP][PASSED] - log.logInfo("--- " + " Click Process on Warning box ---"): ---  Click Process on Warning box ---&#xD;
&#xD;
2019-08-22 09:52:59 - [MESSAGE][INFO] - ---  Click Process on Warning box ---&#xD;
&#xD;
2019-08-22 09:52:59 - [TEST_STEP][PASSED] - partyOnboardingEnterprise.clickAskForApprovalbutton(): Object: 'Object Repository/PartyOnboarding/RequestToApproval/AskForApproval_btn' is clicked on&#xD;
&#xD;
2019-08-22 09:53:00 - [MESSAGE][PASSED] - Object 'Object Repository/PartyOnboarding/RequestToApproval/AskForApproval_btn' is visible&#xD;
&#xD;
2019-08-22 09:53:00 - [MESSAGE][PASSED] - Object: 'Object Repository/PartyOnboarding/RequestToApproval/AskForApproval_btn' is clicked on</system-out>
            <system-err></system-err>
        </testcase>
        <testcase name="Test Cases/DataPreparation/PartyOnboardingEnterprise" classname="Test Cases/DataPreparation/PartyOnboardingEnterprise" status="PASSED">
            <system-out>2019-08-22 09:53:00 - [TEST_CASE][PASSED] - Test Cases/DataPreparation/PartyOnboardingEnterprise: Test Cases/DataPreparation/PartyOnboardingEnterprise&#xD;
&#xD;
2019-08-22 09:53:00 - [TEST_STEP][PASSED] - Start listener action : sampleBeforeTestCase: null&#xD;
&#xD;
2019-08-22 09:53:00 - [TEST_STEP][PASSED] - testCaseID = testCaseContext.getTestCaseId(): null&#xD;
&#xD;
2019-08-22 09:53:00 - [TEST_STEP][PASSED] - log = new com.kms.katalon.core.util.KeywordUtil(): null&#xD;
&#xD;
2019-08-22 09:53:00 - [TEST_STEP][PASSED] - partyOnboardingEnterprise = new pageObjects.PartyOnboarding(): null&#xD;
&#xD;
2019-08-22 09:53:00 - [TEST_STEP][PASSED] - delay(3): Delayed 3 second(s)&#xD;
&#xD;
2019-08-22 09:53:03 - [MESSAGE][PASSED] - Delayed 3 second(s)&#xD;
&#xD;
2019-08-22 09:53:03 - [TEST_STEP][PASSED] - log.logInfo("--- Open Party Onboarding in Menu Search ---"): --- Open Party Onboarding in Menu Search ---&#xD;
&#xD;
2019-08-22 09:53:03 - [MESSAGE][INFO] - --- Open Party Onboarding in Menu Search ---&#xD;
&#xD;
2019-08-22 09:53:03 - [TEST_STEP][PASSED] - partyOnboardingEnterprise.inputPartyOnboardingMenuSearch(): Object 'menuSearch_txt' is present&#xD;
&#xD;
2019-08-22 09:53:03 - [MESSAGE][PASSED] - Object 'Object Repository/Menu_Search' is visible&#xD;
&#xD;
2019-08-22 09:53:04 - [MESSAGE][PASSED] - Keys 'ENTER + Party Onboarding' sent to object: 'Object Repository/Menu_Search'&#xD;
&#xD;
2019-08-22 09:53:04 - [MESSAGE][PASSED] - Object 'menuSearch_txt' is present&#xD;
&#xD;
2019-08-22 09:53:04 - [TEST_STEP][PASSED] - log.logInfo("/---------------Party Onboarding---------------/"): /---------------Party Onboarding---------------/&#xD;
&#xD;
2019-08-22 09:53:04 - [MESSAGE][INFO] - /---------------Party Onboarding---------------/&#xD;
&#xD;
2019-08-22 09:53:04 - [TEST_STEP][PASSED] - log.logInfo("--- Input Local Global ---"): --- Input Local Global ---&#xD;
&#xD;
2019-08-22 09:53:04 - [MESSAGE][INFO] - --- Input Local Global ---&#xD;
&#xD;
2019-08-22 09:53:04 - [TEST_STEP][PASSED] - partyOnboardingEnterprise.inputLocalGlobal(s01_localglobal): Keys 'Local Private' sent to object: 'Object Repository/PartyOnboarding/PartyOnboarding/Local Global'&#xD;
&#xD;
2019-08-22 09:53:05 - [MESSAGE][PASSED] - Text of object 'Object Repository/PartyOnboarding/PartyOnboarding/Local Global' is cleared&#xD;
&#xD;
2019-08-22 09:53:05 - [MESSAGE][PASSED] - Object 'Object Repository/PartyOnboarding/PartyOnboarding/Local Global' is visible&#xD;
&#xD;
2019-08-22 09:53:05 - [MESSAGE][PASSED] - Object 'Object Repository/PartyOnboarding/PartyOnboarding/Local Global' is visible&#xD;
&#xD;
2019-08-22 09:53:05 - [MESSAGE][PASSED] - Keys 'Local Private' sent to object: 'Object Repository/PartyOnboarding/PartyOnboarding/Local Global'&#xD;
&#xD;
2019-08-22 09:53:05 - [TEST_STEP][PASSED] - log.logInfo("--- Input Party Type ---"): --- Input Party Type ---&#xD;
&#xD;
2019-08-22 09:53:05 - [MESSAGE][INFO] - --- Input Party Type ---&#xD;
&#xD;
2019-08-22 09:53:05 - [TEST_STEP][PASSED] - partyOnboardingEnterprise.inputPartyType(s01_partytype): Keys 'TAB + Enterprise' sent to object: 'Object Repository/PartyOnboarding/PartyOnboarding/Party Type'&#xD;
&#xD;
2019-08-22 09:53:05 - [MESSAGE][PASSED] - Object 'Object Repository/PartyOnboarding/PartyOnboarding/Party Type' is visible&#xD;
&#xD;
2019-08-22 09:53:06 - [MESSAGE][PASSED] - Keys 'TAB + Enterprise' sent to object: 'Object Repository/PartyOnboarding/PartyOnboarding/Party Type'&#xD;
&#xD;
2019-08-22 09:53:06 - [TEST_STEP][PASSED] - log.logInfo("--- Input Party Sub Type ---"): --- Input Party Sub Type ---&#xD;
&#xD;
2019-08-22 09:53:06 - [MESSAGE][INFO] - --- Input Party Sub Type ---&#xD;
&#xD;
2019-08-22 09:53:06 - [TEST_STEP][PASSED] - partyOnboardingEnterprise.inputPartySubType(s01_partysubtype): Keys 'PRIVATE/PUBLIC/PUBLIC LISTED COMPANY (MYANMAR)' sent to object: 'Object Repository/PartyOnboarding/PartyOnboarding/Party Sub-Type'&#xD;
&#xD;
2019-08-22 09:53:07 - [MESSAGE][PASSED] - Delayed 1 second(s)&#xD;
&#xD;
2019-08-22 09:53:07 - [MESSAGE][PASSED] - Object 'Object Repository/PartyOnboarding/PartyOnboarding/Party Type' is visible&#xD;
&#xD;
2019-08-22 09:53:08 - [MESSAGE][PASSED] - Keys 'PRIVATE/PUBLIC/PUBLIC LISTED COMPANY (MYANMAR)' sent to object: 'Object Repository/PartyOnboarding/PartyOnboarding/Party Sub-Type'&#xD;
&#xD;
2019-08-22 09:53:08 - [TEST_STEP][PASSED] - log.logInfo("--- Input Party Category ---"): --- Input Party Category ---&#xD;
&#xD;
2019-08-22 09:53:08 - [MESSAGE][INFO] - --- Input Party Category ---&#xD;
&#xD;
2019-08-22 09:53:08 - [TEST_STEP][PASSED] - partyOnboardingEnterprise.inputPartyCategory(s01_partycategory): Keys 'Full' sent to object: 'Object Repository/PartyOnboarding/PartyOnboarding/Party Category'&#xD;
&#xD;
2019-08-22 09:53:08 - [MESSAGE][PASSED] - Object 'Object Repository/PartyOnboarding/PartyOnboarding/Party Category' is visible&#xD;
&#xD;
2019-08-22 09:53:08 - [MESSAGE][PASSED] - Keys 'Full' sent to object: 'Object Repository/PartyOnboarding/PartyOnboarding/Party Category'&#xD;
&#xD;
2019-08-22 09:53:08 - [TEST_STEP][PASSED] - log.logInfo("--- Check Line of Business ---"): --- Check Line of Business ---&#xD;
&#xD;
2019-08-22 09:53:08 - [MESSAGE][INFO] - --- Check Line of Business ---&#xD;
&#xD;
2019-08-22 09:53:08 - [TEST_STEP][PASSED] - partyOnboardingEnterprise.clickLineofBusiness(s01_lineofbusiness, findTestObject("PartyOnboarding/PartyOnboarding/div_Core Banking")): Object 'Object Repository/PartyOnboarding/PartyOnboarding/LineofBusiness_List' is checked&#xD;
&#xD;
2019-08-22 09:53:08 - [MESSAGE][PASSED] - Object 'Object Repository/PartyOnboarding/PartyOnboarding/div_Core Banking' is visible&#xD;
&#xD;
2019-08-22 09:53:08 - [MESSAGE][PASSED] - Attribute 'aria-checked' of object 'Object Repository/PartyOnboarding/PartyOnboarding/div_Core Banking' is: 'true'&#xD;
&#xD;
2019-08-22 09:53:08 - [MESSAGE][PASSED] - Object 'Object Repository/PartyOnboarding/PartyOnboarding/chk_SelectAllLineOfBusiness' is visible&#xD;
&#xD;
2019-08-22 09:53:08 - [MESSAGE][PASSED] - Attribute 'aria-checked' of object 'Object Repository/PartyOnboarding/PartyOnboarding/chk_SelectAllLineOfBusiness' is: 'true'&#xD;
&#xD;
2019-08-22 09:53:08 - [MESSAGE][PASSED] - Object 'Object Repository/PartyOnboarding/PartyOnboarding/LineofBusiness_List' is visible&#xD;
&#xD;
2019-08-22 09:53:08 - [MESSAGE][PASSED] - Attribute 'aria-checked' of object 'Object Repository/PartyOnboarding/PartyOnboarding/LineofBusiness_List' is: 'true'&#xD;
&#xD;
2019-08-22 09:53:08 - [MESSAGE][PASSED] - Object 'Object Repository/PartyOnboarding/PartyOnboarding/LineofBusiness_List' is visible&#xD;
&#xD;
2019-08-22 09:53:08 - [MESSAGE][PASSED] - Attribute 'aria-checked' of object 'Object Repository/PartyOnboarding/PartyOnboarding/LineofBusiness_List' is: 'true'&#xD;
&#xD;
2019-08-22 09:53:08 - [MESSAGE][PASSED] - Object 'Object Repository/PartyOnboarding/PartyOnboarding/chk_SelectAllLineOfBusiness' is visible&#xD;
&#xD;
2019-08-22 09:53:08 - [MESSAGE][PASSED] - Attribute 'aria-checked' of object 'Object Repository/PartyOnboarding/PartyOnboarding/chk_SelectAllLineOfBusiness' is: 'true'&#xD;
&#xD;
2019-08-22 09:53:08 - [MESSAGE][PASSED] - Object 'Object Repository/PartyOnboarding/PartyOnboarding/chk_SelectAllLineOfBusiness' is checked&#xD;
&#xD;
2019-08-22 09:53:08 - [MESSAGE][PASSED] - Object 'Object Repository/PartyOnboarding/PartyOnboarding/div_Core Banking' is visible&#xD;
&#xD;
2019-08-22 09:53:08 - [MESSAGE][PASSED] - Attribute 'aria-checked' of object 'Object Repository/PartyOnboarding/PartyOnboarding/div_Core Banking' is: 'false'&#xD;
&#xD;
2019-08-22 09:53:08 - [MESSAGE][PASSED] - Object 'Object Repository/PartyOnboarding/PartyOnboarding/div_Core Banking' is checked&#xD;
&#xD;
2019-08-22 09:53:08 - [MESSAGE][PASSED] - Object 'Object Repository/PartyOnboarding/PartyOnboarding/LineofBusiness_List' is visible&#xD;
&#xD;
2019-08-22 09:53:08 - [MESSAGE][PASSED] - Attribute 'aria-checked' of object 'Object Repository/PartyOnboarding/PartyOnboarding/LineofBusiness_List' is: 'false'&#xD;
&#xD;
2019-08-22 09:53:09 - [MESSAGE][PASSED] - Object 'Object Repository/PartyOnboarding/PartyOnboarding/LineofBusiness_List' is checked&#xD;
&#xD;
2019-08-22 09:53:09 - [TEST_STEP][PASSED] - log.logInfo("--- Click Next to Party Check List  ---"): --- Click Next to Party Check List  ---&#xD;
&#xD;
2019-08-22 09:53:09 - [MESSAGE][INFO] - --- Click Next to Party Check List  ---&#xD;
&#xD;
2019-08-22 09:53:09 - [TEST_STEP][PASSED] - partyOnboardingEnterprise.clickNextbutton(): Object: 'Object Repository/PartyOnboarding/btn_Next' is clicked on&#xD;
&#xD;
2019-08-22 09:53:09 - [MESSAGE][PASSED] - Object 'Object Repository/PartyOnboarding/btn_Next' is visible&#xD;
&#xD;
2019-08-22 09:53:09 - [MESSAGE][PASSED] - Object: 'Object Repository/PartyOnboarding/btn_Next' is clicked on&#xD;
&#xD;
2019-08-22 09:53:09 - [TEST_STEP][PASSED] - delay(1): Delayed 1 second(s)&#xD;
&#xD;
2019-08-22 09:53:10 - [MESSAGE][PASSED] - Delayed 1 second(s)&#xD;
&#xD;
2019-08-22 09:53:10 - [TEST_STEP][PASSED] - partyOnboardingEnterprise.clickNextbutton(): Object: 'Object Repository/PartyOnboarding/btn_Next' is clicked on&#xD;
&#xD;
2019-08-22 09:53:10 - [MESSAGE][PASSED] - Object 'Object Repository/PartyOnboarding/btn_Next' is visible&#xD;
&#xD;
2019-08-22 09:53:10 - [MESSAGE][PASSED] - Object: 'Object Repository/PartyOnboarding/btn_Next' is clicked on&#xD;
&#xD;
2019-08-22 09:53:10 - [TEST_STEP][PASSED] - log.logInfo("/---------------Pre-Existence Check---------------/"): /---------------Pre-Existence Check---------------/&#xD;
&#xD;
2019-08-22 09:53:10 - [MESSAGE][INFO] - /---------------Pre-Existence Check---------------/&#xD;
&#xD;
2019-08-22 09:53:10 - [TEST_STEP][PASSED] - partyOnboardingEnterprise.inputEnterpriseName(s02_enterpriseName): Keys 'Enterprise 0000004' sent to object: 'Object Repository/PartyOnboarding/Enterprise/PreExistenceCheck/txt_EnterpriseName'&#xD;
&#xD;
2019-08-22 09:53:10 - [MESSAGE][PASSED] - Object 'Object Repository/PartyOnboarding/Enterprise/PreExistenceCheck/txt_EnterpriseName' is visible&#xD;
&#xD;
2019-08-22 09:53:11 - [MESSAGE][PASSED] - Keys 'Enterprise 0000004' sent to object: 'Object Repository/PartyOnboarding/Enterprise/PreExistenceCheck/txt_EnterpriseName'&#xD;
&#xD;
2019-08-22 09:53:11 - [TEST_STEP][PASSED] - partyOnboardingEnterprise.inputRegistration(): Keys 'tyxu5m71' sent to object: 'Object Repository/PartyOnboarding/Enterprise/PreExistenceCheck/txt_Registration'&#xD;
&#xD;
2019-08-22 09:53:11 - [MESSAGE][PASSED] - Object 'Object Repository/PartyOnboarding/Enterprise/PreExistenceCheck/txt_Registration' is visible&#xD;
&#xD;
2019-08-22 09:53:11 - [MESSAGE][PASSED] - Keys 'tyxu5m71' sent to object: 'Object Repository/PartyOnboarding/Enterprise/PreExistenceCheck/txt_Registration'&#xD;
&#xD;
2019-08-22 09:53:11 - [TEST_STEP][PASSED] - partyOnboardingEnterprise.clickNextbutton(): Object: 'Object Repository/PartyOnboarding/btn_Next' is clicked on&#xD;
&#xD;
2019-08-22 09:53:11 - [MESSAGE][PASSED] - Object 'Object Repository/PartyOnboarding/btn_Next' is visible&#xD;
&#xD;
2019-08-22 09:53:11 - [MESSAGE][PASSED] - Object: 'Object Repository/PartyOnboarding/btn_Next' is clicked on&#xD;
&#xD;
2019-08-22 09:53:11 - [TEST_STEP][PASSED] - log.logInfo("/--------------- Party Onboarding---------------/"): /--------------- Party Onboarding---------------/&#xD;
&#xD;
2019-08-22 09:53:11 - [MESSAGE][INFO] - /--------------- Party Onboarding---------------/&#xD;
&#xD;
2019-08-22 09:53:11 - [TEST_STEP][PASSED] - partyOnboardingEnterprise.inputPartyId(): Web element with id: 'Object Repository/PartyOnboarding/Personal/PersonalParty/Message/pop_ErrorDuplicatePartyID' located by 'By.xpath: //textarea[@name='03messages']' not found&#xD;
&#xD;
2019-08-22 09:53:12 - [MESSAGE][PASSED] - Object 'Object Repository/PartyOnboarding/Personal/PersonalParty/txt_PartyID' is visible&#xD;
&#xD;
2019-08-22 09:53:12 - [MESSAGE][PASSED] - Object 'Object Repository/PartyOnboarding/Personal/PersonalParty/txt_PartyID' is visible&#xD;
&#xD;
2019-08-22 09:53:12 - [MESSAGE][PASSED] - Keys 'TAB + 2U3NfAr3' sent to object: 'Object Repository/PartyOnboarding/Personal/PersonalParty/txt_PartyID'&#xD;
&#xD;
2019-08-22 09:53:44 - [MESSAGE][INFO] - Unable to find the element located by 'By.xpath: //textarea[@name='03messages']'. Please recheck the objects properties to make sure the desired element is located. &#xD;
&#xD;
2019-08-22 09:53:44 - [MESSAGE][WARNING] - Web element with id: 'Object Repository/PartyOnboarding/Personal/PersonalParty/Message/pop_ErrorDuplicatePartyID' located by 'By.xpath: //textarea[@name='03messages']' not found&#xD;
&#xD;
2019-08-22 09:53:44 - [TEST_STEP][PASSED] - partyOnboardingEnterprise.inputShortNameEnterprise(s03_shortName): Keys 'TAB + Enterprise' sent to object: 'Object Repository/PartyOnboarding/Enterprise/EnterpriseParty/Short Name_txt'&#xD;
&#xD;
2019-08-22 09:53:44 - [MESSAGE][PASSED] - Object 'Object Repository/PartyOnboarding/Enterprise/EnterpriseParty/Short Name_txt' is visible&#xD;
&#xD;
2019-08-22 09:53:44 - [MESSAGE][PASSED] - Keys 'TAB + Enterprise' sent to object: 'Object Repository/PartyOnboarding/Enterprise/EnterpriseParty/Short Name_txt'&#xD;
&#xD;
2019-08-22 09:53:44 - [TEST_STEP][PASSED] - partyOnboardingEnterprise.clickNextbutton(): Object: 'Object Repository/PartyOnboarding/btn_Next' is clicked on&#xD;
&#xD;
2019-08-22 09:53:44 - [MESSAGE][PASSED] - Object 'Object Repository/PartyOnboarding/btn_Next' is visible&#xD;
&#xD;
2019-08-22 09:53:44 - [MESSAGE][PASSED] - Object: 'Object Repository/PartyOnboarding/btn_Next' is clicked on&#xD;
&#xD;
2019-08-22 09:53:44 - [TEST_STEP][PASSED] - partyOnboardingEnterprise.clickProcessInWarningBox(): Object: 'Object Repository/PartyOnboarding/Personal/PersonalParty/btn_Warnings_Proceed_NotCapture' is clicked on&#xD;
&#xD;
2019-08-22 09:53:45 - [MESSAGE][PASSED] - Object 'Object Repository/PartyOnboarding/Personal/PersonalParty/btn_Warnings_Proceed_NotCapture' is visible&#xD;
&#xD;
2019-08-22 09:53:45 - [MESSAGE][PASSED] - Object: 'Object Repository/PartyOnboarding/Personal/PersonalParty/btn_Warnings_Proceed_NotCapture' is clicked on&#xD;
&#xD;
2019-08-22 09:53:45 - [TEST_STEP][PASSED] - log.logInfo("/--------------- Party Onboarding - Address---------------/"): /--------------- Party Onboarding - Address---------------/&#xD;
&#xD;
2019-08-22 09:53:45 - [MESSAGE][INFO] - /--------------- Party Onboarding - Address---------------/&#xD;
&#xD;
2019-08-22 09:53:45 - [TEST_STEP][PASSED] - partyOnboardingEnterprise.inputRDataForAddressParty(s04_addressType, s04_userForCommunication, s04_validFrom): Execute JavaScript 'arguments[0].click();' successfully&#xD;
&#xD;
2019-08-22 09:53:46 - [MESSAGE][PASSED] - Object 'Object Repository/PartyOnboarding/Personal/PartyAddress/button_New Row_PartyAddress' is visible&#xD;
&#xD;
2019-08-22 09:53:46 - [MESSAGE][PASSED] - Execute JavaScript 'arguments[0].click();' successfully&#xD;
&#xD;
2019-08-22 09:53:46 - [MESSAGE][PASSED] - Object 'Object Repository/PartyOnboarding/Personal/PartyAddress/Address Type' is visible&#xD;
&#xD;
2019-08-22 09:53:47 - [MESSAGE][PASSED] - Keys 'TAB + Home Address' sent to object: 'Object Repository/PartyOnboarding/Personal/PartyAddress/Address Type'&#xD;
&#xD;
2019-08-22 09:53:47 - [MESSAGE][PASSED] - Object 'Object Repository/PartyOnboarding/Personal/PartyAddress/Valid From' is visible&#xD;
&#xD;
2019-08-22 09:53:47 - [MESSAGE][PASSED] - Text of object 'Object Repository/PartyOnboarding/Personal/PartyAddress/Valid From' is cleared&#xD;
&#xD;
2019-08-22 09:53:47 - [MESSAGE][PASSED] - Object 'Object Repository/PartyOnboarding/Personal/PartyAddress/Valid From' is visible&#xD;
&#xD;
2019-08-22 09:53:47 - [MESSAGE][PASSED] - Keys '2018-01-14' sent to object: 'Object Repository/PartyOnboarding/Personal/PartyAddress/Valid From'&#xD;
&#xD;
2019-08-22 09:53:47 - [MESSAGE][PASSED] - Object 'Object Repository/PartyOnboarding/Personal/PartyAddress/chk_Use  for Communication' is present&#xD;
&#xD;
2019-08-22 09:53:47 - [MESSAGE][PASSED] - Attribute 'aria-checked' of object 'Object Repository/PartyOnboarding/Personal/PartyAddress/chk_Use  for Communication' is: 'false'&#xD;
&#xD;
2019-08-22 09:53:47 - [MESSAGE][PASSED] - Object 'Object Repository/PartyOnboarding/Personal/PartyAddress/chk_Use  for Communication' is checked&#xD;
&#xD;
2019-08-22 09:53:47 - [MESSAGE][PASSED] - Object 'Object Repository/PartyOnboarding/Personal/PartyAddress/SaveRow' is visible&#xD;
&#xD;
2019-08-22 09:53:47 - [MESSAGE][PASSED] - Execute JavaScript 'arguments[0].click();' successfully&#xD;
&#xD;
2019-08-22 09:53:47 - [MESSAGE][PASSED] - Object 'Object Repository/PartyOnboarding/Personal/PartyAddress/button_New Row_PartyAddress' is visible&#xD;
&#xD;
2019-08-22 09:53:48 - [MESSAGE][PASSED] - Execute JavaScript 'arguments[0].click();' successfully&#xD;
&#xD;
2019-08-22 09:53:48 - [MESSAGE][PASSED] - Object 'Object Repository/PartyOnboarding/Personal/PartyAddress/Address Type' is visible&#xD;
&#xD;
2019-08-22 09:53:48 - [MESSAGE][PASSED] - Keys 'TAB + Current Address' sent to object: 'Object Repository/PartyOnboarding/Personal/PartyAddress/Address Type'&#xD;
&#xD;
2019-08-22 09:53:48 - [MESSAGE][PASSED] - Object 'Object Repository/PartyOnboarding/Personal/PartyAddress/Valid From' is visible&#xD;
&#xD;
2019-08-22 09:53:48 - [MESSAGE][PASSED] - Text of object 'Object Repository/PartyOnboarding/Personal/PartyAddress/Valid From' is cleared&#xD;
&#xD;
2019-08-22 09:53:48 - [MESSAGE][PASSED] - Object 'Object Repository/PartyOnboarding/Personal/PartyAddress/Valid From' is visible&#xD;
&#xD;
2019-08-22 09:53:49 - [MESSAGE][PASSED] - Keys '2018-01-17' sent to object: 'Object Repository/PartyOnboarding/Personal/PartyAddress/Valid From'&#xD;
&#xD;
2019-08-22 09:53:49 - [MESSAGE][PASSED] - Object 'Object Repository/PartyOnboarding/Personal/PartyAddress/SaveRow' is visible&#xD;
&#xD;
2019-08-22 09:53:49 - [MESSAGE][PASSED] - Execute JavaScript 'arguments[0].click();' successfully&#xD;
&#xD;
2019-08-22 09:53:49 - [MESSAGE][PASSED] - Object 'Object Repository/PartyOnboarding/Personal/PartyAddress/button_New Row_PartyAddress' is visible&#xD;
&#xD;
2019-08-22 09:53:49 - [MESSAGE][PASSED] - Execute JavaScript 'arguments[0].click();' successfully&#xD;
&#xD;
2019-08-22 09:53:49 - [MESSAGE][PASSED] - Object 'Object Repository/PartyOnboarding/Personal/PartyAddress/Address Type' is visible&#xD;
&#xD;
2019-08-22 09:53:49 - [MESSAGE][PASSED] - Keys 'TAB + Office Address' sent to object: 'Object Repository/PartyOnboarding/Personal/PartyAddress/Address Type'&#xD;
&#xD;
2019-08-22 09:53:50 - [MESSAGE][PASSED] - Object 'Object Repository/PartyOnboarding/Personal/PartyAddress/Valid From' is visible&#xD;
&#xD;
2019-08-22 09:53:50 - [MESSAGE][PASSED] - Text of object 'Object Repository/PartyOnboarding/Personal/PartyAddress/Valid From' is cleared&#xD;
&#xD;
2019-08-22 09:53:50 - [MESSAGE][PASSED] - Object 'Object Repository/PartyOnboarding/Personal/PartyAddress/Valid From' is visible&#xD;
&#xD;
2019-08-22 09:53:50 - [MESSAGE][PASSED] - Keys '2017-01-17' sent to object: 'Object Repository/PartyOnboarding/Personal/PartyAddress/Valid From'&#xD;
&#xD;
2019-08-22 09:53:50 - [MESSAGE][PASSED] - Object 'Object Repository/PartyOnboarding/Personal/PartyAddress/SaveRow' is visible&#xD;
&#xD;
2019-08-22 09:53:50 - [MESSAGE][PASSED] - Execute JavaScript 'arguments[0].click();' successfully&#xD;
&#xD;
2019-08-22 09:53:50 - [TEST_STEP][PASSED] - partyOnboardingEnterprise.clickNextbutton(): Object: 'Object Repository/PartyOnboarding/btn_Next' is clicked on&#xD;
&#xD;
2019-08-22 09:53:50 - [MESSAGE][PASSED] - Object 'Object Repository/PartyOnboarding/btn_Next' is visible&#xD;
&#xD;
2019-08-22 09:53:50 - [MESSAGE][PASSED] - Object: 'Object Repository/PartyOnboarding/btn_Next' is clicked on&#xD;
&#xD;
2019-08-22 09:53:50 - [TEST_STEP][PASSED] - partyOnboardingEnterprise.inputDataForPartyContacts(s05_contactMethod, s05_contactTypeLocation, s05_contactCountryCode, s05_contactAreaCode, s05_contactNumber, s05_contactEmail, s05_confirmEmail, s05_validFrom): Execute JavaScript 'arguments[0].click();' successfully&#xD;
&#xD;
2019-08-22 09:53:51 - [MESSAGE][PASSED] - Object 'Object Repository/PartyOnboarding/Personal/PartyContacts/New Row' is visible&#xD;
&#xD;
2019-08-22 09:53:51 - [MESSAGE][PASSED] - Execute JavaScript 'arguments[0].click();' successfully&#xD;
&#xD;
2019-08-22 09:53:52 - [MESSAGE][PASSED] - Delayed 1 second(s)&#xD;
&#xD;
2019-08-22 09:53:52 - [MESSAGE][PASSED] - Object 'Object Repository/PartyOnboarding/Personal/PartyContacts/Contact Method' is visible&#xD;
&#xD;
2019-08-22 09:53:52 - [MESSAGE][PASSED] - Keys 'TAB + Telephone' sent to object: 'Object Repository/PartyOnboarding/Personal/PartyContacts/Contact Method'&#xD;
&#xD;
2019-08-22 09:53:53 - [MESSAGE][PASSED] - Delayed 1 second(s)&#xD;
&#xD;
2019-08-22 09:53:53 - [MESSAGE][PASSED] - Object 'Object Repository/PartyOnboarding/Personal/PartyContacts/Contact Type  Location' is visible&#xD;
&#xD;
2019-08-22 09:53:54 - [MESSAGE][PASSED] - Keys 'TAB + Personal' sent to object: 'Object Repository/PartyOnboarding/Personal/PartyContacts/Contact Type  Location'&#xD;
&#xD;
2019-08-22 09:53:54 - [MESSAGE][PASSED] - Object 'Object Repository/PartyOnboarding/Personal/PartyContacts/Contact Email' is visible&#xD;
&#xD;
2019-08-22 09:53:54 - [MESSAGE][PASSED] - Object 'Object Repository/PartyOnboarding/Personal/PartyContacts/Contact Email' has attribute 'readonly'&#xD;
&#xD;
2019-08-22 09:53:54 - [MESSAGE][PASSED] - Object 'Object Repository/PartyOnboarding/Personal/PartyContacts/Contact Number_03_Code' is visible&#xD;
&#xD;
2019-08-22 09:53:54 - [MESSAGE][PASSED] - Text of object 'Object Repository/PartyOnboarding/Personal/PartyContacts/Contact Number_03_Code' is cleared&#xD;
&#xD;
2019-08-22 09:53:54 - [MESSAGE][PASSED] - Object 'Object Repository/PartyOnboarding/Personal/PartyContacts/Contact Number_03_Code' is visible&#xD;
&#xD;
2019-08-22 09:53:54 - [MESSAGE][PASSED] - Keys '+95' sent to object: 'Object Repository/PartyOnboarding/Personal/PartyContacts/Contact Number_03_Code'&#xD;
&#xD;
2019-08-22 09:53:54 - [MESSAGE][PASSED] - Object 'Object Repository/PartyOnboarding/Personal/PartyContacts/Contact Number_AreaCode' is visible&#xD;
&#xD;
2019-08-22 09:53:54 - [MESSAGE][PASSED] - Keys '' sent to object: 'Object Repository/PartyOnboarding/Personal/PartyContacts/Contact Number_AreaCode'&#xD;
&#xD;
2019-08-22 09:53:54 - [MESSAGE][PASSED] - Object 'Object Repository/PartyOnboarding/Personal/PartyContacts/Contact Number_Number' is visible&#xD;
&#xD;
2019-08-22 09:53:55 - [MESSAGE][PASSED] - Keys '9697989904' sent to object: 'Object Repository/PartyOnboarding/Personal/PartyContacts/Contact Number_Number'&#xD;
&#xD;
2019-08-22 09:53:55 - [MESSAGE][PASSED] - Object 'Object Repository/PartyOnboarding/Personal/PartyContacts/Contact Number_03_Code' is visible&#xD;
&#xD;
2019-08-22 09:53:55 - [MESSAGE][WARNING] - Object 'Object Repository/PartyOnboarding/Personal/PartyContacts/Contact Number_03_Code' does not have attribute 'readonly' (Root cause: com.kms.katalon.core.exception.StepFailedException: Object 'Object Repository/PartyOnboarding/Personal/PartyContacts/Contact Number_03_Code' does not have attribute 'readonly'&#xD;
	at com.kms.katalon.core.webui.keyword.internal.WebUIKeywordMain.stepFailed(WebUIKeywordMain.groovy:64)&#xD;
	at com.kms.katalon.core.webui.keyword.builtin.VerifyElementHasAttributeKeyword$_verifyElementHasAttribute_closure1.doCall(VerifyElementHasAttributeKeyword.groovy:89)&#xD;
	at com.kms.katalon.core.webui.keyword.builtin.VerifyElementHasAttributeKeyword$_verifyElementHasAttribute_closure1.call(VerifyElementHasAttributeKeyword.groovy)&#xD;
	at com.kms.katalon.core.webui.keyword.internal.WebUIKeywordMain.runKeyword(WebUIKeywordMain.groovy:20)&#xD;
	at com.kms.katalon.core.webui.keyword.builtin.VerifyElementHasAttributeKeyword.verifyElementHasAttribute(VerifyElementHasAttributeKeyword.groovy:100)&#xD;
	at com.kms.katalon.core.webui.keyword.builtin.VerifyElementHasAttributeKeyword.execute(VerifyElementHasAttributeKeyword.groovy:69)&#xD;
	at com.kms.katalon.core.keyword.internal.KeywordExecutor.executeKeywordForPlatform(KeywordExecutor.groovy:56)&#xD;
	at com.kms.katalon.core.webui.keyword.WebUiBuiltInKeywords.verifyElementHasAttribute(WebUiBuiltInKeywords.groovy:3166)&#xD;
	at com.kms.katalon.core.webui.keyword.WebUiBuiltInKeywords$verifyElementHasAttribute$11.call(Unknown Source)&#xD;
	at pageObjects.PartyOnboarding.inputDataForPartyContacts(PartyOnboarding.groovy:736)&#xD;
	at PartyOnboardingEnterprise.run(PartyOnboardingEnterprise:61)&#xD;
	at com.kms.katalon.core.main.ScriptEngine.run(ScriptEngine.java:194)&#xD;
	at com.kms.katalon.core.main.ScriptEngine.runScriptAsRawText(ScriptEngine.java:119)&#xD;
	at com.kms.katalon.core.main.TestCaseExecutor.runScript(TestCaseExecutor.java:337)&#xD;
	at com.kms.katalon.core.main.TestCaseExecutor.doExecute(TestCaseExecutor.java:328)&#xD;
	at com.kms.katalon.core.main.TestCaseExecutor.processExecutionPhase(TestCaseExecutor.java:307)&#xD;
	at com.kms.katalon.core.main.TestCaseExecutor.accessMainPhase(TestCaseExecutor.java:299)&#xD;
	at com.kms.katalon.core.main.TestCaseExecutor.execute(TestCaseExecutor.java:233)&#xD;
	at com.kms.katalon.core.main.TestSuiteExecutor.accessTestCaseMainPhase(TestSuiteExecutor.java:133)&#xD;
	at com.kms.katalon.core.main.TestSuiteExecutor.accessTestSuiteMainPhase(TestSuiteExecutor.java:116)&#xD;
	at com.kms.katalon.core.main.TestSuiteExecutor.execute(TestSuiteExecutor.java:83)&#xD;
	at com.kms.katalon.core.main.TestCaseMain.startTestSuite(TestCaseMain.java:157)&#xD;
	at com.kms.katalon.core.main.TestCaseMain$startTestSuite$0.call(Unknown Source)&#xD;
	at TempTestSuite1566441935163.run(TempTestSuite1566441935163.groovy:35)&#xD;
)&#xD;
[[ATTACHMENT|C:\\ML\\JITS\\AYA\\Automation\\FBE\\FBE\\Reports\\DataPreparation\\PartyOnboardingPersonal\\20190822_091535\\1566444235234.png]]&#xD;
&#xD;
2019-08-22 09:53:55 - [MESSAGE][PASSED] - Object 'Object Repository/PartyOnboarding/Personal/PartyContacts/Valid From' is visible&#xD;
&#xD;
2019-08-22 09:53:55 - [MESSAGE][PASSED] - Text of object 'Object Repository/PartyOnboarding/Personal/PartyContacts/Valid From' is cleared&#xD;
&#xD;
2019-08-22 09:53:55 - [MESSAGE][PASSED] - Object 'Object Repository/PartyOnboarding/Personal/PartyContacts/Valid From' is visible&#xD;
&#xD;
2019-08-22 09:53:56 - [MESSAGE][PASSED] - Keys '2018-12-20' sent to object: 'Object Repository/PartyOnboarding/Personal/PartyContacts/Valid From'&#xD;
&#xD;
2019-08-22 09:53:56 - [MESSAGE][PASSED] - Object 'Object Repository/PartyOnboarding/Personal/PartyContacts/Save Row' is visible&#xD;
&#xD;
2019-08-22 09:53:56 - [MESSAGE][PASSED] - Execute JavaScript 'arguments[0].click();' successfully&#xD;
&#xD;
2019-08-22 09:53:56 - [MESSAGE][PASSED] - Object 'Object Repository/PartyOnboarding/Personal/PartyContacts/New Row' is visible&#xD;
&#xD;
2019-08-22 09:53:56 - [MESSAGE][PASSED] - Execute JavaScript 'arguments[0].click();' successfully&#xD;
&#xD;
2019-08-22 09:53:57 - [MESSAGE][PASSED] - Delayed 1 second(s)&#xD;
&#xD;
2019-08-22 09:53:57 - [MESSAGE][PASSED] - Object 'Object Repository/PartyOnboarding/Personal/PartyContacts/Contact Method' is visible&#xD;
&#xD;
2019-08-22 09:53:57 - [MESSAGE][PASSED] - Keys 'TAB + Mobile' sent to object: 'Object Repository/PartyOnboarding/Personal/PartyContacts/Contact Method'&#xD;
&#xD;
2019-08-22 09:53:58 - [MESSAGE][PASSED] - Delayed 1 second(s)&#xD;
&#xD;
2019-08-22 09:53:58 - [MESSAGE][PASSED] - Object 'Object Repository/PartyOnboarding/Personal/PartyContacts/Contact Type  Location' is visible&#xD;
&#xD;
2019-08-22 09:53:58 - [MESSAGE][PASSED] - Keys 'TAB + Work' sent to object: 'Object Repository/PartyOnboarding/Personal/PartyContacts/Contact Type  Location'&#xD;
&#xD;
2019-08-22 09:53:58 - [MESSAGE][PASSED] - Object 'Object Repository/PartyOnboarding/Personal/PartyContacts/Contact Email' is visible&#xD;
&#xD;
2019-08-22 09:53:58 - [MESSAGE][PASSED] - Object 'Object Repository/PartyOnboarding/Personal/PartyContacts/Contact Email' has attribute 'readonly'&#xD;
&#xD;
2019-08-22 09:53:58 - [MESSAGE][PASSED] - Object 'Object Repository/PartyOnboarding/Personal/PartyContacts/Contact Number_03_Code' is visible&#xD;
&#xD;
2019-08-22 09:53:58 - [MESSAGE][PASSED] - Text of object 'Object Repository/PartyOnboarding/Personal/PartyContacts/Contact Number_03_Code' is cleared&#xD;
&#xD;
2019-08-22 09:53:58 - [MESSAGE][PASSED] - Object 'Object Repository/PartyOnboarding/Personal/PartyContacts/Contact Number_03_Code' is visible&#xD;
&#xD;
2019-08-22 09:53:59 - [MESSAGE][PASSED] - Keys '+1' sent to object: 'Object Repository/PartyOnboarding/Personal/PartyContacts/Contact Number_03_Code'&#xD;
&#xD;
2019-08-22 09:53:59 - [MESSAGE][PASSED] - Object 'Object Repository/PartyOnboarding/Personal/PartyContacts/Contact Number_AreaCode' is visible&#xD;
&#xD;
2019-08-22 09:53:59 - [MESSAGE][PASSED] - Keys '' sent to object: 'Object Repository/PartyOnboarding/Personal/PartyContacts/Contact Number_AreaCode'&#xD;
&#xD;
2019-08-22 09:53:59 - [MESSAGE][PASSED] - Object 'Object Repository/PartyOnboarding/Personal/PartyContacts/Contact Number_Number' is visible&#xD;
&#xD;
2019-08-22 09:53:59 - [MESSAGE][PASSED] - Keys '9697989901' sent to object: 'Object Repository/PartyOnboarding/Personal/PartyContacts/Contact Number_Number'&#xD;
&#xD;
2019-08-22 09:53:59 - [MESSAGE][PASSED] - Object 'Object Repository/PartyOnboarding/Personal/PartyContacts/Contact Number_03_Code' is visible&#xD;
&#xD;
2019-08-22 09:53:59 - [MESSAGE][WARNING] - Object 'Object Repository/PartyOnboarding/Personal/PartyContacts/Contact Number_03_Code' does not have attribute 'readonly' (Root cause: com.kms.katalon.core.exception.StepFailedException: Object 'Object Repository/PartyOnboarding/Personal/PartyContacts/Contact Number_03_Code' does not have attribute 'readonly'&#xD;
	at com.kms.katalon.core.webui.keyword.internal.WebUIKeywordMain.stepFailed(WebUIKeywordMain.groovy:64)&#xD;
	at com.kms.katalon.core.webui.keyword.builtin.VerifyElementHasAttributeKeyword$_verifyElementHasAttribute_closure1.doCall(VerifyElementHasAttributeKeyword.groovy:89)&#xD;
	at com.kms.katalon.core.webui.keyword.builtin.VerifyElementHasAttributeKeyword$_verifyElementHasAttribute_closure1.call(VerifyElementHasAttributeKeyword.groovy)&#xD;
	at com.kms.katalon.core.webui.keyword.internal.WebUIKeywordMain.runKeyword(WebUIKeywordMain.groovy:20)&#xD;
	at com.kms.katalon.core.webui.keyword.builtin.VerifyElementHasAttributeKeyword.verifyElementHasAttribute(VerifyElementHasAttributeKeyword.groovy:100)&#xD;
	at com.kms.katalon.core.webui.keyword.builtin.VerifyElementHasAttributeKeyword.execute(VerifyElementHasAttributeKeyword.groovy:69)&#xD;
	at com.kms.katalon.core.keyword.internal.KeywordExecutor.executeKeywordForPlatform(KeywordExecutor.groovy:56)&#xD;
	at com.kms.katalon.core.webui.keyword.WebUiBuiltInKeywords.verifyElementHasAttribute(WebUiBuiltInKeywords.groovy:3166)&#xD;
	at com.kms.katalon.core.webui.keyword.WebUiBuiltInKeywords$verifyElementHasAttribute$11.call(Unknown Source)&#xD;
	at pageObjects.PartyOnboarding.inputDataForPartyContacts(PartyOnboarding.groovy:736)&#xD;
	at PartyOnboardingEnterprise.run(PartyOnboardingEnterprise:61)&#xD;
	at com.kms.katalon.core.main.ScriptEngine.run(ScriptEngine.java:194)&#xD;
	at com.kms.katalon.core.main.ScriptEngine.runScriptAsRawText(ScriptEngine.java:119)&#xD;
	at com.kms.katalon.core.main.TestCaseExecutor.runScript(TestCaseExecutor.java:337)&#xD;
	at com.kms.katalon.core.main.TestCaseExecutor.doExecute(TestCaseExecutor.java:328)&#xD;
	at com.kms.katalon.core.main.TestCaseExecutor.processExecutionPhase(TestCaseExecutor.java:307)&#xD;
	at com.kms.katalon.core.main.TestCaseExecutor.accessMainPhase(TestCaseExecutor.java:299)&#xD;
	at com.kms.katalon.core.main.TestCaseExecutor.execute(TestCaseExecutor.java:233)&#xD;
	at com.kms.katalon.core.main.TestSuiteExecutor.accessTestCaseMainPhase(TestSuiteExecutor.java:133)&#xD;
	at com.kms.katalon.core.main.TestSuiteExecutor.accessTestSuiteMainPhase(TestSuiteExecutor.java:116)&#xD;
	at com.kms.katalon.core.main.TestSuiteExecutor.execute(TestSuiteExecutor.java:83)&#xD;
	at com.kms.katalon.core.main.TestCaseMain.startTestSuite(TestCaseMain.java:157)&#xD;
	at com.kms.katalon.core.main.TestCaseMain$startTestSuite$0.call(Unknown Source)&#xD;
	at TempTestSuite1566441935163.run(TempTestSuite1566441935163.groovy:35)&#xD;
)&#xD;
[[ATTACHMENT|C:\\ML\\JITS\\AYA\\Automation\\FBE\\FBE\\Reports\\DataPreparation\\PartyOnboardingPersonal\\20190822_091535\\1566444239572.png]]&#xD;
&#xD;
2019-08-22 09:53:59 - [MESSAGE][PASSED] - Object 'Object Repository/PartyOnboarding/Personal/PartyContacts/Valid From' is visible&#xD;
&#xD;
2019-08-22 09:53:59 - [MESSAGE][PASSED] - Text of object 'Object Repository/PartyOnboarding/Personal/PartyContacts/Valid From' is cleared&#xD;
&#xD;
2019-08-22 09:54:00 - [MESSAGE][PASSED] - Object 'Object Repository/PartyOnboarding/Personal/PartyContacts/Valid From' is visible&#xD;
&#xD;
2019-08-22 09:54:00 - [MESSAGE][PASSED] - Keys '2018-01-24' sent to object: 'Object Repository/PartyOnboarding/Personal/PartyContacts/Valid From'&#xD;
&#xD;
2019-08-22 09:54:00 - [MESSAGE][PASSED] - Object 'Object Repository/PartyOnboarding/Personal/PartyContacts/Save Row' is visible&#xD;
&#xD;
2019-08-22 09:54:00 - [MESSAGE][PASSED] - Execute JavaScript 'arguments[0].click();' successfully&#xD;
&#xD;
2019-08-22 09:54:00 - [MESSAGE][PASSED] - Object 'Object Repository/PartyOnboarding/Personal/PartyContacts/New Row' is visible&#xD;
&#xD;
2019-08-22 09:54:00 - [MESSAGE][PASSED] - Execute JavaScript 'arguments[0].click();' successfully&#xD;
&#xD;
2019-08-22 09:54:01 - [MESSAGE][PASSED] - Delayed 1 second(s)&#xD;
&#xD;
2019-08-22 09:54:01 - [MESSAGE][PASSED] - Object 'Object Repository/PartyOnboarding/Personal/PartyContacts/Contact Method' is visible&#xD;
&#xD;
2019-08-22 09:54:01 - [MESSAGE][PASSED] - Keys 'TAB + Email' sent to object: 'Object Repository/PartyOnboarding/Personal/PartyContacts/Contact Method'&#xD;
&#xD;
2019-08-22 09:54:02 - [MESSAGE][PASSED] - Delayed 1 second(s)&#xD;
&#xD;
2019-08-22 09:54:02 - [MESSAGE][PASSED] - Object 'Object Repository/PartyOnboarding/Personal/PartyContacts/Contact Type  Location' is visible&#xD;
&#xD;
2019-08-22 09:54:03 - [MESSAGE][PASSED] - Keys 'TAB + Personal' sent to object: 'Object Repository/PartyOnboarding/Personal/PartyContacts/Contact Type  Location'&#xD;
&#xD;
2019-08-22 09:54:03 - [MESSAGE][PASSED] - Object 'Object Repository/PartyOnboarding/Personal/PartyContacts/Contact Email' is visible&#xD;
&#xD;
2019-08-22 09:54:03 - [MESSAGE][WARNING] - Object 'Object Repository/PartyOnboarding/Personal/PartyContacts/Contact Email' does not have attribute 'readonly' (Root cause: com.kms.katalon.core.exception.StepFailedException: Object 'Object Repository/PartyOnboarding/Personal/PartyContacts/Contact Email' does not have attribute 'readonly'&#xD;
	at com.kms.katalon.core.webui.keyword.internal.WebUIKeywordMain.stepFailed(WebUIKeywordMain.groovy:64)&#xD;
	at com.kms.katalon.core.webui.keyword.builtin.VerifyElementHasAttributeKeyword$_verifyElementHasAttribute_closure1.doCall(VerifyElementHasAttributeKeyword.groovy:89)&#xD;
	at com.kms.katalon.core.webui.keyword.builtin.VerifyElementHasAttributeKeyword$_verifyElementHasAttribute_closure1.call(VerifyElementHasAttributeKeyword.groovy)&#xD;
	at com.kms.katalon.core.webui.keyword.internal.WebUIKeywordMain.runKeyword(WebUIKeywordMain.groovy:20)&#xD;
	at com.kms.katalon.core.webui.keyword.builtin.VerifyElementHasAttributeKeyword.verifyElementHasAttribute(VerifyElementHasAttributeKeyword.groovy:100)&#xD;
	at com.kms.katalon.core.webui.keyword.builtin.VerifyElementHasAttributeKeyword.execute(VerifyElementHasAttributeKeyword.groovy:69)&#xD;
	at com.kms.katalon.core.keyword.internal.KeywordExecutor.executeKeywordForPlatform(KeywordExecutor.groovy:56)&#xD;
	at com.kms.katalon.core.webui.keyword.WebUiBuiltInKeywords.verifyElementHasAttribute(WebUiBuiltInKeywords.groovy:3166)&#xD;
	at com.kms.katalon.core.webui.keyword.WebUiBuiltInKeywords$verifyElementHasAttribute$11.call(Unknown Source)&#xD;
	at pageObjects.PartyOnboarding.inputDataForPartyContacts(PartyOnboarding.groovy:721)&#xD;
	at PartyOnboardingEnterprise.run(PartyOnboardingEnterprise:61)&#xD;
	at com.kms.katalon.core.main.ScriptEngine.run(ScriptEngine.java:194)&#xD;
	at com.kms.katalon.core.main.ScriptEngine.runScriptAsRawText(ScriptEngine.java:119)&#xD;
	at com.kms.katalon.core.main.TestCaseExecutor.runScript(TestCaseExecutor.java:337)&#xD;
	at com.kms.katalon.core.main.TestCaseExecutor.doExecute(TestCaseExecutor.java:328)&#xD;
	at com.kms.katalon.core.main.TestCaseExecutor.processExecutionPhase(TestCaseExecutor.java:307)&#xD;
	at com.kms.katalon.core.main.TestCaseExecutor.accessMainPhase(TestCaseExecutor.java:299)&#xD;
	at com.kms.katalon.core.main.TestCaseExecutor.execute(TestCaseExecutor.java:233)&#xD;
	at com.kms.katalon.core.main.TestSuiteExecutor.accessTestCaseMainPhase(TestSuiteExecutor.java:133)&#xD;
	at com.kms.katalon.core.main.TestSuiteExecutor.accessTestSuiteMainPhase(TestSuiteExecutor.java:116)&#xD;
	at com.kms.katalon.core.main.TestSuiteExecutor.execute(TestSuiteExecutor.java:83)&#xD;
	at com.kms.katalon.core.main.TestCaseMain.startTestSuite(TestCaseMain.java:157)&#xD;
	at com.kms.katalon.core.main.TestCaseMain$startTestSuite$0.call(Unknown Source)&#xD;
	at TempTestSuite1566441935163.run(TempTestSuite1566441935163.groovy:35)&#xD;
)&#xD;
[[ATTACHMENT|C:\\ML\\JITS\\AYA\\Automation\\FBE\\FBE\\Reports\\DataPreparation\\PartyOnboardingPersonal\\20190822_091535\\1566444243175.png]]&#xD;
&#xD;
2019-08-22 09:54:03 - [MESSAGE][PASSED] - Object 'Object Repository/PartyOnboarding/Personal/PartyContacts/Contact Number_03_Code' is visible&#xD;
&#xD;
2019-08-22 09:54:03 - [MESSAGE][PASSED] - Object 'Object Repository/PartyOnboarding/Personal/PartyContacts/Contact Number_03_Code' has attribute 'readonly'&#xD;
&#xD;
2019-08-22 09:54:03 - [MESSAGE][PASSED] - Object 'Object Repository/PartyOnboarding/Personal/PartyContacts/Contact Email' is visible&#xD;
&#xD;
2019-08-22 09:54:04 - [MESSAGE][PASSED] - Keys 'nguyenthimyle@gmail.com' sent to object: 'Object Repository/PartyOnboarding/Personal/PartyContacts/Contact Email'&#xD;
&#xD;
2019-08-22 09:54:04 - [MESSAGE][PASSED] - Object 'Object Repository/PartyOnboarding/Personal/PartyContacts/Confirm Email' is visible&#xD;
&#xD;
2019-08-22 09:54:05 - [MESSAGE][PASSED] - Keys 'nguyenthimyle@gmail.com' sent to object: 'Object Repository/PartyOnboarding/Personal/PartyContacts/Confirm Email'&#xD;
&#xD;
2019-08-22 09:54:05 - [MESSAGE][PASSED] - Object 'Object Repository/PartyOnboarding/Personal/PartyContacts/Valid From' is visible&#xD;
&#xD;
2019-08-22 09:54:05 - [MESSAGE][PASSED] - Text of object 'Object Repository/PartyOnboarding/Personal/PartyContacts/Valid From' is cleared&#xD;
&#xD;
2019-08-22 09:54:05 - [MESSAGE][PASSED] - Object 'Object Repository/PartyOnboarding/Personal/PartyContacts/Valid From' is visible&#xD;
&#xD;
2019-08-22 09:54:05 - [MESSAGE][PASSED] - Keys '2017-01-24' sent to object: 'Object Repository/PartyOnboarding/Personal/PartyContacts/Valid From'&#xD;
&#xD;
2019-08-22 09:54:05 - [MESSAGE][PASSED] - Object 'Object Repository/PartyOnboarding/Personal/PartyContacts/Save Row' is visible&#xD;
&#xD;
2019-08-22 09:54:05 - [MESSAGE][PASSED] - Execute JavaScript 'arguments[0].click();' successfully&#xD;
&#xD;
2019-08-22 09:54:05 - [TEST_STEP][PASSED] - partyOnboardingEnterprise.clickNextbutton(): Object: 'Object Repository/PartyOnboarding/btn_Next' is clicked on&#xD;
&#xD;
2019-08-22 09:54:05 - [MESSAGE][PASSED] - Object 'Object Repository/PartyOnboarding/btn_Next' is visible&#xD;
&#xD;
2019-08-22 09:54:06 - [MESSAGE][PASSED] - Object: 'Object Repository/PartyOnboarding/btn_Next' is clicked on&#xD;
&#xD;
2019-08-22 09:54:06 - [TEST_STEP][PASSED] - partyOnboardingEnterprise.inputDataForPartyRequiredDocuments(s06_documentCategory, s06_kycExpired, s06_documentType, s06_validFrom, s06_validTo, s06_referenceNumber, s06_issuingAuthority, s06_issuingCountry, s06_documentVerified, s06_image, s06_documentCollectionStatus): Keys 'Documents collected and validated centrally' sent to object: 'Object Repository/PartyOnboarding/Personal/PartyRequiredDocument/ddl_DocumentsCollectionStatus'&#xD;
&#xD;
2019-08-22 09:54:07 - [MESSAGE][PASSED] - Delayed 1 second(s)&#xD;
&#xD;
2019-08-22 09:54:07 - [MESSAGE][PASSED] - Object 'Object Repository/PartyOnboarding/Personal/PartyRequiredDocument/New Row' is visible&#xD;
&#xD;
2019-08-22 09:54:07 - [MESSAGE][PASSED] - Execute JavaScript 'arguments[0].click();' successfully&#xD;
&#xD;
2019-08-22 09:54:07 - [MESSAGE][PASSED] - Object 'Object Repository/PartyOnboarding/Personal/PartyRequiredDocument/DocumentCategory' is visible&#xD;
&#xD;
2019-08-22 09:54:08 - [MESSAGE][PASSED] - Keys 'TAB + PT-AUTHORIZED MYCO USER' sent to object: 'Object Repository/PartyOnboarding/Personal/PartyRequiredDocument/DocumentCategory'&#xD;
&#xD;
2019-08-22 09:54:09 - [MESSAGE][PASSED] - Delayed 1 second(s)&#xD;
&#xD;
2019-08-22 09:54:09 - [MESSAGE][PASSED] - Object 'Object Repository/PartyOnboarding/Personal/PartyRequiredDocument/Document Type' is visible&#xD;
&#xD;
2019-08-22 09:54:10 - [MESSAGE][PASSED] - Keys 'TAB + AUTHORIZED MYCO USER' sent to object: 'Object Repository/PartyOnboarding/Personal/PartyRequiredDocument/Document Type'&#xD;
&#xD;
2019-08-22 09:54:11 - [MESSAGE][PASSED] - Delayed 1 second(s)&#xD;
&#xD;
2019-08-22 09:54:11 - [MESSAGE][PASSED] - Object 'Object Repository/PartyOnboarding/Personal/PartyRequiredDocument/Issuing Country' is visible&#xD;
&#xD;
2019-08-22 09:54:11 - [MESSAGE][PASSED] - Keys 'Myanmar' sent to object: 'Object Repository/PartyOnboarding/Personal/PartyRequiredDocument/Issuing Country'&#xD;
&#xD;
2019-08-22 09:54:12 - [MESSAGE][PASSED] - Delayed 1 second(s)&#xD;
&#xD;
2019-08-22 09:54:12 - [MESSAGE][PASSED] - Object 'Object Repository/PartyOnboarding/Personal/PartyRequiredDocument/Document Verified' is visible&#xD;
&#xD;
2019-08-22 09:54:13 - [MESSAGE][PASSED] - Keys 'TAB + TRUE' sent to object: 'Object Repository/PartyOnboarding/Personal/PartyRequiredDocument/Document Verified'&#xD;
&#xD;
2019-08-22 09:54:13 - [MESSAGE][PASSED] - Object 'Object Repository/PartyOnboarding/Personal/PartyRequiredDocument/Save Row' is visible&#xD;
&#xD;
2019-08-22 09:54:13 - [MESSAGE][PASSED] - Execute JavaScript 'arguments[0].click();' successfully&#xD;
&#xD;
2019-08-22 09:54:13 - [MESSAGE][PASSED] - Object 'Object Repository/PartyOnboarding/Personal/PartyRequiredDocument/New Row' is visible&#xD;
&#xD;
2019-08-22 09:54:13 - [MESSAGE][PASSED] - Execute JavaScript 'arguments[0].click();' successfully&#xD;
&#xD;
2019-08-22 09:54:13 - [MESSAGE][PASSED] - Object 'Object Repository/PartyOnboarding/Personal/PartyRequiredDocument/DocumentCategory' is visible&#xD;
&#xD;
2019-08-22 09:54:14 - [MESSAGE][PASSED] - Keys 'TAB + PT-BOARD OF DIRECTORS RESOLUTION' sent to object: 'Object Repository/PartyOnboarding/Personal/PartyRequiredDocument/DocumentCategory'&#xD;
&#xD;
2019-08-22 09:54:15 - [MESSAGE][PASSED] - Delayed 1 second(s)&#xD;
&#xD;
2019-08-22 09:54:15 - [MESSAGE][PASSED] - Object 'Object Repository/PartyOnboarding/Personal/PartyRequiredDocument/Document Type' is visible&#xD;
&#xD;
2019-08-22 09:54:17 - [MESSAGE][PASSED] - Keys 'TAB + BOARD OF DIRECTORS RESOLUTION' sent to object: 'Object Repository/PartyOnboarding/Personal/PartyRequiredDocument/Document Type'&#xD;
&#xD;
2019-08-22 09:54:18 - [MESSAGE][PASSED] - Delayed 1 second(s)&#xD;
&#xD;
2019-08-22 09:54:18 - [MESSAGE][PASSED] - Object 'Object Repository/PartyOnboarding/Personal/PartyRequiredDocument/Issuing Country' is visible&#xD;
&#xD;
2019-08-22 09:54:18 - [MESSAGE][PASSED] - Keys 'Myanmar' sent to object: 'Object Repository/PartyOnboarding/Personal/PartyRequiredDocument/Issuing Country'&#xD;
&#xD;
2019-08-22 09:54:19 - [MESSAGE][PASSED] - Delayed 1 second(s)&#xD;
&#xD;
2019-08-22 09:54:19 - [MESSAGE][PASSED] - Object 'Object Repository/PartyOnboarding/Personal/PartyRequiredDocument/Document Verified' is visible&#xD;
&#xD;
2019-08-22 09:54:19 - [MESSAGE][PASSED] - Keys 'TAB + TRUE' sent to object: 'Object Repository/PartyOnboarding/Personal/PartyRequiredDocument/Document Verified'&#xD;
&#xD;
2019-08-22 09:54:19 - [MESSAGE][PASSED] - Object 'Object Repository/PartyOnboarding/Personal/PartyRequiredDocument/Save Row' is visible&#xD;
&#xD;
2019-08-22 09:54:19 - [MESSAGE][PASSED] - Execute JavaScript 'arguments[0].click();' successfully&#xD;
&#xD;
2019-08-22 09:54:19 - [MESSAGE][PASSED] - Object 'Object Repository/PartyOnboarding/Personal/PartyRequiredDocument/New Row' is visible&#xD;
&#xD;
2019-08-22 09:54:20 - [MESSAGE][PASSED] - Execute JavaScript 'arguments[0].click();' successfully&#xD;
&#xD;
2019-08-22 09:54:20 - [MESSAGE][PASSED] - Object 'Object Repository/PartyOnboarding/Personal/PartyRequiredDocument/DocumentCategory' is visible&#xD;
&#xD;
2019-08-22 09:54:21 - [MESSAGE][PASSED] - Keys 'TAB + PT-CERTIFICATE OF INCORPORATION' sent to object: 'Object Repository/PartyOnboarding/Personal/PartyRequiredDocument/DocumentCategory'&#xD;
&#xD;
2019-08-22 09:54:22 - [MESSAGE][PASSED] - Delayed 1 second(s)&#xD;
&#xD;
2019-08-22 09:54:22 - [MESSAGE][PASSED] - Object 'Object Repository/PartyOnboarding/Personal/PartyRequiredDocument/Document Type' is visible&#xD;
&#xD;
2019-08-22 09:54:23 - [MESSAGE][PASSED] - Keys 'TAB + CERTIFICATE OF INCORPORATION' sent to object: 'Object Repository/PartyOnboarding/Personal/PartyRequiredDocument/Document Type'&#xD;
&#xD;
2019-08-22 09:54:24 - [MESSAGE][PASSED] - Delayed 1 second(s)&#xD;
&#xD;
2019-08-22 09:54:25 - [MESSAGE][PASSED] - Object 'Object Repository/PartyOnboarding/Personal/PartyRequiredDocument/Issuing Country' is visible&#xD;
&#xD;
2019-08-22 09:54:25 - [MESSAGE][PASSED] - Keys 'Myanmar' sent to object: 'Object Repository/PartyOnboarding/Personal/PartyRequiredDocument/Issuing Country'&#xD;
&#xD;
2019-08-22 09:54:26 - [MESSAGE][PASSED] - Delayed 1 second(s)&#xD;
&#xD;
2019-08-22 09:54:26 - [MESSAGE][PASSED] - Object 'Object Repository/PartyOnboarding/Personal/PartyRequiredDocument/Document Verified' is visible&#xD;
&#xD;
2019-08-22 09:54:26 - [MESSAGE][PASSED] - Keys 'TAB + TRUE' sent to object: 'Object Repository/PartyOnboarding/Personal/PartyRequiredDocument/Document Verified'&#xD;
&#xD;
2019-08-22 09:54:26 - [MESSAGE][PASSED] - Object 'Object Repository/PartyOnboarding/Personal/PartyRequiredDocument/Save Row' is visible&#xD;
&#xD;
2019-08-22 09:54:26 - [MESSAGE][PASSED] - Execute JavaScript 'arguments[0].click();' successfully&#xD;
&#xD;
2019-08-22 09:54:26 - [MESSAGE][PASSED] - Object 'Object Repository/PartyOnboarding/Personal/PartyRequiredDocument/New Row' is visible&#xD;
&#xD;
2019-08-22 09:54:26 - [MESSAGE][PASSED] - Execute JavaScript 'arguments[0].click();' successfully&#xD;
&#xD;
2019-08-22 09:54:27 - [MESSAGE][PASSED] - Object 'Object Repository/PartyOnboarding/Personal/PartyRequiredDocument/DocumentCategory' is visible&#xD;
&#xD;
2019-08-22 09:54:27 - [MESSAGE][PASSED] - Keys 'TAB + PT-FILING HISTORY' sent to object: 'Object Repository/PartyOnboarding/Personal/PartyRequiredDocument/DocumentCategory'&#xD;
&#xD;
2019-08-22 09:54:28 - [MESSAGE][PASSED] - Delayed 1 second(s)&#xD;
&#xD;
2019-08-22 09:54:28 - [MESSAGE][PASSED] - Object 'Object Repository/PartyOnboarding/Personal/PartyRequiredDocument/Document Type' is visible&#xD;
&#xD;
2019-08-22 09:54:29 - [MESSAGE][PASSED] - Keys 'TAB + FILING HISTORY' sent to object: 'Object Repository/PartyOnboarding/Personal/PartyRequiredDocument/Document Type'&#xD;
&#xD;
2019-08-22 09:54:30 - [MESSAGE][PASSED] - Delayed 1 second(s)&#xD;
&#xD;
2019-08-22 09:54:30 - [MESSAGE][PASSED] - Object 'Object Repository/PartyOnboarding/Personal/PartyRequiredDocument/Issuing Country' is visible&#xD;
&#xD;
2019-08-22 09:54:31 - [MESSAGE][PASSED] - Keys 'Myanmar' sent to object: 'Object Repository/PartyOnboarding/Personal/PartyRequiredDocument/Issuing Country'&#xD;
&#xD;
2019-08-22 09:54:32 - [MESSAGE][PASSED] - Delayed 1 second(s)&#xD;
&#xD;
2019-08-22 09:54:32 - [MESSAGE][PASSED] - Object 'Object Repository/PartyOnboarding/Personal/PartyRequiredDocument/Document Verified' is visible&#xD;
&#xD;
2019-08-22 09:54:32 - [MESSAGE][PASSED] - Keys 'TAB + TRUE' sent to object: 'Object Repository/PartyOnboarding/Personal/PartyRequiredDocument/Document Verified'&#xD;
&#xD;
2019-08-22 09:54:32 - [MESSAGE][PASSED] - Object 'Object Repository/PartyOnboarding/Personal/PartyRequiredDocument/Save Row' is visible&#xD;
&#xD;
2019-08-22 09:54:32 - [MESSAGE][PASSED] - Execute JavaScript 'arguments[0].click();' successfully&#xD;
&#xD;
2019-08-22 09:54:32 - [MESSAGE][PASSED] - Object 'Object Repository/PartyOnboarding/Personal/PartyRequiredDocument/New Row' is visible&#xD;
&#xD;
2019-08-22 09:54:32 - [MESSAGE][PASSED] - Execute JavaScript 'arguments[0].click();' successfully&#xD;
&#xD;
2019-08-22 09:54:32 - [MESSAGE][PASSED] - Object 'Object Repository/PartyOnboarding/Personal/PartyRequiredDocument/DocumentCategory' is visible&#xD;
&#xD;
2019-08-22 09:54:33 - [MESSAGE][PASSED] - Keys 'TAB + PT-FORM QA 22(FOREIGNER)' sent to object: 'Object Repository/PartyOnboarding/Personal/PartyRequiredDocument/DocumentCategory'&#xD;
&#xD;
2019-08-22 09:54:34 - [MESSAGE][PASSED] - Delayed 1 second(s)&#xD;
&#xD;
2019-08-22 09:54:34 - [MESSAGE][PASSED] - Object 'Object Repository/PartyOnboarding/Personal/PartyRequiredDocument/Document Type' is visible&#xD;
&#xD;
2019-08-22 09:54:35 - [MESSAGE][PASSED] - Keys 'TAB + FORM QA 22(FOREIGNER)' sent to object: 'Object Repository/PartyOnboarding/Personal/PartyRequiredDocument/Document Type'&#xD;
&#xD;
2019-08-22 09:54:36 - [MESSAGE][PASSED] - Delayed 1 second(s)&#xD;
&#xD;
2019-08-22 09:54:36 - [MESSAGE][PASSED] - Object 'Object Repository/PartyOnboarding/Personal/PartyRequiredDocument/Issuing Country' is visible&#xD;
&#xD;
2019-08-22 09:54:37 - [MESSAGE][PASSED] - Keys 'Myanmar' sent to object: 'Object Repository/PartyOnboarding/Personal/PartyRequiredDocument/Issuing Country'&#xD;
&#xD;
2019-08-22 09:54:38 - [MESSAGE][PASSED] - Delayed 1 second(s)&#xD;
&#xD;
2019-08-22 09:54:38 - [MESSAGE][PASSED] - Object 'Object Repository/PartyOnboarding/Personal/PartyRequiredDocument/Document Verified' is visible&#xD;
&#xD;
2019-08-22 09:54:38 - [MESSAGE][PASSED] - Keys 'TAB + TRUE' sent to object: 'Object Repository/PartyOnboarding/Personal/PartyRequiredDocument/Document Verified'&#xD;
&#xD;
2019-08-22 09:54:38 - [MESSAGE][PASSED] - Object 'Object Repository/PartyOnboarding/Personal/PartyRequiredDocument/Save Row' is visible&#xD;
&#xD;
2019-08-22 09:54:38 - [MESSAGE][PASSED] - Execute JavaScript 'arguments[0].click();' successfully&#xD;
&#xD;
2019-08-22 09:54:38 - [MESSAGE][PASSED] - Object 'Object Repository/PartyOnboarding/Personal/PartyRequiredDocument/New Row' is visible&#xD;
&#xD;
2019-08-22 09:54:38 - [MESSAGE][PASSED] - Execute JavaScript 'arguments[0].click();' successfully&#xD;
&#xD;
2019-08-22 09:54:38 - [MESSAGE][PASSED] - Object 'Object Repository/PartyOnboarding/Personal/PartyRequiredDocument/DocumentCategory' is visible&#xD;
&#xD;
2019-08-22 09:54:40 - [MESSAGE][PASSED] - Keys 'TAB + PT-LIST OF DIRECTORS AND MEMBER DETAILS' sent to object: 'Object Repository/PartyOnboarding/Personal/PartyRequiredDocument/DocumentCategory'&#xD;
&#xD;
2019-08-22 09:54:41 - [MESSAGE][PASSED] - Delayed 1 second(s)&#xD;
&#xD;
2019-08-22 09:54:41 - [MESSAGE][PASSED] - Object 'Object Repository/PartyOnboarding/Personal/PartyRequiredDocument/Document Type' is visible&#xD;
&#xD;
2019-08-22 09:54:43 - [MESSAGE][PASSED] - Keys 'TAB + LIST OF DIRECTORS AND MEMBER DETAILS' sent to object: 'Object Repository/PartyOnboarding/Personal/PartyRequiredDocument/Document Type'&#xD;
&#xD;
2019-08-22 09:54:44 - [MESSAGE][PASSED] - Delayed 1 second(s)&#xD;
&#xD;
2019-08-22 09:54:44 - [MESSAGE][PASSED] - Object 'Object Repository/PartyOnboarding/Personal/PartyRequiredDocument/Issuing Country' is visible&#xD;
&#xD;
2019-08-22 09:54:44 - [MESSAGE][PASSED] - Keys 'Myanmar' sent to object: 'Object Repository/PartyOnboarding/Personal/PartyRequiredDocument/Issuing Country'&#xD;
&#xD;
2019-08-22 09:54:45 - [MESSAGE][PASSED] - Delayed 1 second(s)&#xD;
&#xD;
2019-08-22 09:54:45 - [MESSAGE][PASSED] - Object 'Object Repository/PartyOnboarding/Personal/PartyRequiredDocument/Document Verified' is visible&#xD;
&#xD;
2019-08-22 09:54:46 - [MESSAGE][PASSED] - Keys 'TAB + TRUE' sent to object: 'Object Repository/PartyOnboarding/Personal/PartyRequiredDocument/Document Verified'&#xD;
&#xD;
2019-08-22 09:54:46 - [MESSAGE][PASSED] - Object 'Object Repository/PartyOnboarding/Personal/PartyRequiredDocument/Save Row' is visible&#xD;
&#xD;
2019-08-22 09:54:46 - [MESSAGE][PASSED] - Execute JavaScript 'arguments[0].click();' successfully&#xD;
&#xD;
2019-08-22 09:54:46 - [MESSAGE][PASSED] - Object 'Object Repository/PartyOnboarding/Personal/PartyRequiredDocument/New Row' is visible&#xD;
&#xD;
2019-08-22 09:54:46 - [MESSAGE][PASSED] - Execute JavaScript 'arguments[0].click();' successfully&#xD;
&#xD;
2019-08-22 09:54:46 - [MESSAGE][PASSED] - Object 'Object Repository/PartyOnboarding/Personal/PartyRequiredDocument/DocumentCategory' is visible&#xD;
&#xD;
2019-08-22 09:54:48 - [MESSAGE][PASSED] - Keys 'TAB + PT-LIST OF SHAREHOLDERS AND MEMBER DETAILS' sent to object: 'Object Repository/PartyOnboarding/Personal/PartyRequiredDocument/DocumentCategory'&#xD;
&#xD;
2019-08-22 09:54:49 - [MESSAGE][PASSED] - Delayed 1 second(s)&#xD;
&#xD;
2019-08-22 09:54:49 - [MESSAGE][PASSED] - Object 'Object Repository/PartyOnboarding/Personal/PartyRequiredDocument/Document Type' is visible&#xD;
&#xD;
2019-08-22 09:54:51 - [MESSAGE][PASSED] - Keys 'TAB + LIST OF SHAREHOLDERS AND MEMBER DETAILS' sent to object: 'Object Repository/PartyOnboarding/Personal/PartyRequiredDocument/Document Type'&#xD;
&#xD;
2019-08-22 09:54:52 - [MESSAGE][PASSED] - Delayed 1 second(s)&#xD;
&#xD;
2019-08-22 09:54:52 - [MESSAGE][PASSED] - Object 'Object Repository/PartyOnboarding/Personal/PartyRequiredDocument/Issuing Country' is visible&#xD;
&#xD;
2019-08-22 09:54:52 - [MESSAGE][PASSED] - Keys 'Myanmar' sent to object: 'Object Repository/PartyOnboarding/Personal/PartyRequiredDocument/Issuing Country'&#xD;
&#xD;
2019-08-22 09:54:53 - [MESSAGE][PASSED] - Delayed 1 second(s)&#xD;
&#xD;
2019-08-22 09:54:53 - [MESSAGE][PASSED] - Object 'Object Repository/PartyOnboarding/Personal/PartyRequiredDocument/Document Verified' is visible&#xD;
&#xD;
2019-08-22 09:54:53 - [MESSAGE][PASSED] - Keys 'TAB + TRUE' sent to object: 'Object Repository/PartyOnboarding/Personal/PartyRequiredDocument/Document Verified'&#xD;
&#xD;
2019-08-22 09:54:53 - [MESSAGE][PASSED] - Object 'Object Repository/PartyOnboarding/Personal/PartyRequiredDocument/Save Row' is visible&#xD;
&#xD;
2019-08-22 09:54:54 - [MESSAGE][PASSED] - Execute JavaScript 'arguments[0].click();' successfully&#xD;
&#xD;
2019-08-22 09:54:54 - [MESSAGE][PASSED] - Object 'Object Repository/PartyOnboarding/Personal/PartyRequiredDocument/New Row' is visible&#xD;
&#xD;
2019-08-22 09:54:54 - [MESSAGE][PASSED] - Execute JavaScript 'arguments[0].click();' successfully&#xD;
&#xD;
2019-08-22 09:54:54 - [MESSAGE][PASSED] - Object 'Object Repository/PartyOnboarding/Personal/PartyRequiredDocument/DocumentCategory' is visible&#xD;
&#xD;
2019-08-22 09:54:56 - [MESSAGE][PASSED] - Keys 'TAB + PT-NRC/PASSPORT COPY OF AUTHORIZED SIGNATORY' sent to object: 'Object Repository/PartyOnboarding/Personal/PartyRequiredDocument/DocumentCategory'&#xD;
&#xD;
2019-08-22 09:54:57 - [MESSAGE][PASSED] - Delayed 1 second(s)&#xD;
&#xD;
2019-08-22 09:54:57 - [MESSAGE][PASSED] - Object 'Object Repository/PartyOnboarding/Personal/PartyRequiredDocument/Document Type' is visible&#xD;
&#xD;
2019-08-22 09:54:59 - [MESSAGE][PASSED] - Keys 'TAB + NRC/PASSPORT COPY OF AUTHORIZED SIGNATORY' sent to object: 'Object Repository/PartyOnboarding/Personal/PartyRequiredDocument/Document Type'&#xD;
&#xD;
2019-08-22 09:55:00 - [MESSAGE][PASSED] - Delayed 1 second(s)&#xD;
&#xD;
2019-08-22 09:55:00 - [MESSAGE][PASSED] - Object 'Object Repository/PartyOnboarding/Personal/PartyRequiredDocument/Issuing Country' is visible&#xD;
&#xD;
2019-08-22 09:55:00 - [MESSAGE][PASSED] - Keys 'Myanmar' sent to object: 'Object Repository/PartyOnboarding/Personal/PartyRequiredDocument/Issuing Country'&#xD;
&#xD;
2019-08-22 09:55:01 - [MESSAGE][PASSED] - Delayed 1 second(s)&#xD;
&#xD;
2019-08-22 09:55:01 - [MESSAGE][PASSED] - Object 'Object Repository/PartyOnboarding/Personal/PartyRequiredDocument/Document Verified' is visible&#xD;
&#xD;
2019-08-22 09:55:01 - [MESSAGE][PASSED] - Keys 'TAB + TRUE' sent to object: 'Object Repository/PartyOnboarding/Personal/PartyRequiredDocument/Document Verified'&#xD;
&#xD;
2019-08-22 09:55:01 - [MESSAGE][PASSED] - Object 'Object Repository/PartyOnboarding/Personal/PartyRequiredDocument/Save Row' is visible&#xD;
&#xD;
2019-08-22 09:55:02 - [MESSAGE][PASSED] - Execute JavaScript 'arguments[0].click();' successfully&#xD;
&#xD;
2019-08-22 09:55:02 - [MESSAGE][PASSED] - Object 'Object Repository/PartyOnboarding/Personal/PartyRequiredDocument/New Row' is visible&#xD;
&#xD;
2019-08-22 09:55:02 - [MESSAGE][PASSED] - Execute JavaScript 'arguments[0].click();' successfully&#xD;
&#xD;
2019-08-22 09:55:02 - [MESSAGE][PASSED] - Object 'Object Repository/PartyOnboarding/Personal/PartyRequiredDocument/DocumentCategory' is visible&#xD;
&#xD;
2019-08-22 09:55:03 - [MESSAGE][PASSED] - Keys 'TAB + PT-NRC/PASSPORT COPY OF SHAREHOLDERS' sent to object: 'Object Repository/PartyOnboarding/Personal/PartyRequiredDocument/DocumentCategory'&#xD;
&#xD;
2019-08-22 09:55:04 - [MESSAGE][PASSED] - Delayed 1 second(s)&#xD;
&#xD;
2019-08-22 09:55:04 - [MESSAGE][PASSED] - Object 'Object Repository/PartyOnboarding/Personal/PartyRequiredDocument/Document Type' is visible&#xD;
&#xD;
2019-08-22 09:55:06 - [MESSAGE][PASSED] - Keys 'TAB + NRC/PASSPORT COPY OF SHAREHOLDERS' sent to object: 'Object Repository/PartyOnboarding/Personal/PartyRequiredDocument/Document Type'&#xD;
&#xD;
2019-08-22 09:55:07 - [MESSAGE][PASSED] - Delayed 1 second(s)&#xD;
&#xD;
2019-08-22 09:55:07 - [MESSAGE][PASSED] - Object 'Object Repository/PartyOnboarding/Personal/PartyRequiredDocument/Issuing Country' is visible&#xD;
&#xD;
2019-08-22 09:55:07 - [MESSAGE][PASSED] - Keys 'Myanmar' sent to object: 'Object Repository/PartyOnboarding/Personal/PartyRequiredDocument/Issuing Country'&#xD;
&#xD;
2019-08-22 09:55:08 - [MESSAGE][PASSED] - Delayed 1 second(s)&#xD;
&#xD;
2019-08-22 09:55:08 - [MESSAGE][PASSED] - Object 'Object Repository/PartyOnboarding/Personal/PartyRequiredDocument/Document Verified' is visible&#xD;
&#xD;
2019-08-22 09:55:09 - [MESSAGE][PASSED] - Keys 'TAB + TRUE' sent to object: 'Object Repository/PartyOnboarding/Personal/PartyRequiredDocument/Document Verified'&#xD;
&#xD;
2019-08-22 09:55:09 - [MESSAGE][PASSED] - Object 'Object Repository/PartyOnboarding/Personal/PartyRequiredDocument/Save Row' is visible&#xD;
&#xD;
2019-08-22 09:55:09 - [MESSAGE][PASSED] - Execute JavaScript 'arguments[0].click();' successfully&#xD;
&#xD;
2019-08-22 09:55:09 - [MESSAGE][PASSED] - Object 'Object Repository/PartyOnboarding/Personal/PartyRequiredDocument/New Row' is visible&#xD;
&#xD;
2019-08-22 09:55:09 - [MESSAGE][PASSED] - Execute JavaScript 'arguments[0].click();' successfully&#xD;
&#xD;
2019-08-22 09:55:09 - [MESSAGE][PASSED] - Object 'Object Repository/PartyOnboarding/Personal/PartyRequiredDocument/DocumentCategory' is visible&#xD;
&#xD;
2019-08-22 09:55:10 - [MESSAGE][PASSED] - Keys 'TAB + PT-REGISTERED COMPANY ADDRESS' sent to object: 'Object Repository/PartyOnboarding/Personal/PartyRequiredDocument/DocumentCategory'&#xD;
&#xD;
2019-08-22 09:55:11 - [MESSAGE][PASSED] - Delayed 1 second(s)&#xD;
&#xD;
2019-08-22 09:55:11 - [MESSAGE][PASSED] - Object 'Object Repository/PartyOnboarding/Personal/PartyRequiredDocument/Document Type' is visible&#xD;
&#xD;
2019-08-22 09:55:13 - [MESSAGE][PASSED] - Keys 'TAB + REGISTERED COMPANY ADDRESS' sent to object: 'Object Repository/PartyOnboarding/Personal/PartyRequiredDocument/Document Type'&#xD;
&#xD;
2019-08-22 09:55:14 - [MESSAGE][PASSED] - Delayed 1 second(s)&#xD;
&#xD;
2019-08-22 09:55:14 - [MESSAGE][PASSED] - Object 'Object Repository/PartyOnboarding/Personal/PartyRequiredDocument/Issuing Country' is visible&#xD;
&#xD;
2019-08-22 09:55:14 - [MESSAGE][PASSED] - Keys 'Myanmar' sent to object: 'Object Repository/PartyOnboarding/Personal/PartyRequiredDocument/Issuing Country'&#xD;
&#xD;
2019-08-22 09:55:15 - [MESSAGE][PASSED] - Delayed 1 second(s)&#xD;
&#xD;
2019-08-22 09:55:15 - [MESSAGE][PASSED] - Object 'Object Repository/PartyOnboarding/Personal/PartyRequiredDocument/Document Verified' is visible&#xD;
&#xD;
2019-08-22 09:55:15 - [MESSAGE][PASSED] - Keys 'TAB + TRUE' sent to object: 'Object Repository/PartyOnboarding/Personal/PartyRequiredDocument/Document Verified'&#xD;
&#xD;
2019-08-22 09:55:15 - [MESSAGE][PASSED] - Object 'Object Repository/PartyOnboarding/Personal/PartyRequiredDocument/Save Row' is visible&#xD;
&#xD;
2019-08-22 09:55:15 - [MESSAGE][PASSED] - Execute JavaScript 'arguments[0].click();' successfully&#xD;
&#xD;
2019-08-22 09:55:15 - [MESSAGE][PASSED] - Object 'Object Repository/PartyOnboarding/Personal/PartyRequiredDocument/New Row' is visible&#xD;
&#xD;
2019-08-22 09:55:15 - [MESSAGE][PASSED] - Execute JavaScript 'arguments[0].click();' successfully&#xD;
&#xD;
2019-08-22 09:55:16 - [MESSAGE][PASSED] - Object 'Object Repository/PartyOnboarding/Personal/PartyRequiredDocument/DocumentCategory' is visible&#xD;
&#xD;
2019-08-22 09:55:18 - [MESSAGE][PASSED] - Keys 'TAB + PT-VALID VISA COPY OF AUTH. SIGNATORY(FOREIGNER)' sent to object: 'Object Repository/PartyOnboarding/Personal/PartyRequiredDocument/DocumentCategory'&#xD;
&#xD;
2019-08-22 09:55:19 - [MESSAGE][PASSED] - Delayed 1 second(s)&#xD;
&#xD;
2019-08-22 09:55:19 - [MESSAGE][PASSED] - Object 'Object Repository/PartyOnboarding/Personal/PartyRequiredDocument/Document Type' is visible&#xD;
&#xD;
2019-08-22 09:55:21 - [MESSAGE][PASSED] - Keys 'TAB + VALID VISA COPY OF AUTH. SIGNATORY(FOREIGNER)' sent to object: 'Object Repository/PartyOnboarding/Personal/PartyRequiredDocument/Document Type'&#xD;
&#xD;
2019-08-22 09:55:22 - [MESSAGE][PASSED] - Delayed 1 second(s)&#xD;
&#xD;
2019-08-22 09:55:22 - [MESSAGE][PASSED] - Object 'Object Repository/PartyOnboarding/Personal/PartyRequiredDocument/Issuing Country' is visible&#xD;
&#xD;
2019-08-22 09:55:22 - [MESSAGE][PASSED] - Keys 'Myanmar' sent to object: 'Object Repository/PartyOnboarding/Personal/PartyRequiredDocument/Issuing Country'&#xD;
&#xD;
2019-08-22 09:55:23 - [MESSAGE][PASSED] - Delayed 1 second(s)&#xD;
&#xD;
2019-08-22 09:55:23 - [MESSAGE][PASSED] - Object 'Object Repository/PartyOnboarding/Personal/PartyRequiredDocument/Document Verified' is visible&#xD;
&#xD;
2019-08-22 09:55:24 - [MESSAGE][PASSED] - Keys 'TAB + TRUE' sent to object: 'Object Repository/PartyOnboarding/Personal/PartyRequiredDocument/Document Verified'&#xD;
&#xD;
2019-08-22 09:55:24 - [MESSAGE][PASSED] - Object 'Object Repository/PartyOnboarding/Personal/PartyRequiredDocument/Save Row' is visible&#xD;
&#xD;
2019-08-22 09:55:24 - [MESSAGE][PASSED] - Execute JavaScript 'arguments[0].click();' successfully&#xD;
&#xD;
2019-08-22 09:55:24 - [MESSAGE][PASSED] - Object 'Object Repository/PartyOnboarding/Personal/PartyRequiredDocument/ddl_DocumentsCollectionStatus' is visible&#xD;
&#xD;
2019-08-22 09:55:26 - [MESSAGE][PASSED] - Keys 'Documents collected and validated centrally' sent to object: 'Object Repository/PartyOnboarding/Personal/PartyRequiredDocument/ddl_DocumentsCollectionStatus'&#xD;
&#xD;
2019-08-22 09:55:26 - [TEST_STEP][PASSED] - partyOnboardingEnterprise.clickNextbutton(): Object: 'Object Repository/PartyOnboarding/btn_Next' is clicked on&#xD;
&#xD;
2019-08-22 09:55:26 - [MESSAGE][PASSED] - Object 'Object Repository/PartyOnboarding/btn_Next' is visible&#xD;
&#xD;
2019-08-22 09:55:26 - [MESSAGE][PASSED] - Object: 'Object Repository/PartyOnboarding/btn_Next' is clicked on&#xD;
&#xD;
2019-08-22 09:55:26 - [TEST_STEP][PASSED] - delay(1): Delayed 1 second(s)&#xD;
&#xD;
2019-08-22 09:55:27 - [MESSAGE][PASSED] - Delayed 1 second(s)&#xD;
&#xD;
2019-08-22 09:55:27 - [TEST_STEP][PASSED] - log.logInfo("--- " + " Click Next button ---"): ---  Click Next button ---&#xD;
&#xD;
2019-08-22 09:55:27 - [MESSAGE][INFO] - ---  Click Next button ---&#xD;
&#xD;
2019-08-22 09:55:27 - [TEST_STEP][PASSED] - partyOnboardingEnterprise.clickNextbutton(): Object: 'Object Repository/PartyOnboarding/btn_Next' is clicked on&#xD;
&#xD;
2019-08-22 09:55:27 - [MESSAGE][PASSED] - Object 'Object Repository/PartyOnboarding/btn_Next' is visible&#xD;
&#xD;
2019-08-22 09:55:27 - [MESSAGE][PASSED] - Object: 'Object Repository/PartyOnboarding/btn_Next' is clicked on&#xD;
&#xD;
2019-08-22 09:55:27 - [TEST_STEP][PASSED] - log.logInfo("--- " + " Click Next button ---"): ---  Click Next button ---&#xD;
&#xD;
2019-08-22 09:55:27 - [MESSAGE][INFO] - ---  Click Next button ---&#xD;
&#xD;
2019-08-22 09:55:27 - [TEST_STEP][PASSED] - delay(1): Delayed 1 second(s)&#xD;
&#xD;
2019-08-22 09:55:28 - [MESSAGE][PASSED] - Delayed 1 second(s)&#xD;
&#xD;
2019-08-22 09:55:28 - [TEST_STEP][PASSED] - partyOnboardingEnterprise.clickNextbutton(): Object: 'Object Repository/PartyOnboarding/btn_Next' is clicked on&#xD;
&#xD;
2019-08-22 09:55:28 - [MESSAGE][PASSED] - Object 'Object Repository/PartyOnboarding/btn_Next' is visible&#xD;
&#xD;
2019-08-22 09:55:28 - [MESSAGE][PASSED] - Object: 'Object Repository/PartyOnboarding/btn_Next' is clicked on&#xD;
&#xD;
2019-08-22 09:55:28 - [TEST_STEP][PASSED] - log.logInfo("--- " + " Click Process on Warning box ---"): ---  Click Process on Warning box ---&#xD;
&#xD;
2019-08-22 09:55:28 - [MESSAGE][INFO] - ---  Click Process on Warning box ---&#xD;
&#xD;
2019-08-22 09:55:28 - [TEST_STEP][PASSED] - partyOnboardingEnterprise.clickAskForApprovalbutton(): Object: 'Object Repository/PartyOnboarding/RequestToApproval/AskForApproval_btn' is clicked on&#xD;
&#xD;
2019-08-22 09:55:29 - [MESSAGE][PASSED] - Object 'Object Repository/PartyOnboarding/RequestToApproval/AskForApproval_btn' is visible&#xD;
&#xD;
2019-08-22 09:55:29 - [MESSAGE][PASSED] - Object: 'Object Repository/PartyOnboarding/RequestToApproval/AskForApproval_btn' is clicked on</system-out>
            <system-err></system-err>
        </testcase>
        <system-out>2019-08-22 09:15:38 - [TEST_SUITE][INCOMPLETE] - PartyOnboardingPersonal: null</system-out>
        <system-err>2019-08-22 09:15:38 - [TEST_SUITE][INCOMPLETE] - PartyOnboardingPersonal: null</system-err>
    </testsuite>
</testsuites>
