<?xml version="1.0" encoding="UTF-8" standalone="yes"?>
<testsuites name="PartyOnboardingPersonal" time="891" tests="9" failures="0" errors="0">
    <testsuite name="PartyOnboardingPersonal" tests="9" failures="0" errors="0" time="891" timestamp="2019-08-21 20:38:45" hostname="HP - CNU406BFVL" id="Test Suites/DataPreparation/PartyOnboardingPersonal">
        <properties>
            <property name="deviceName" value=""/>
            <property name="devicePlatform" value=""/>
            <property name="logFolder" value="C:\\ML\\JITS\\AYA\\Automation\\FBE\\FBE\\Reports\\DataPreparation\\PartyOnboardingPersonal\\20190821_203842"/>
            <property name="logFiles" value="C:\\ML\\JITS\\AYA\\Automation\\FBE\\FBE\\Reports\\DataPreparation\\PartyOnboardingPersonal\\20190821_203842\\execution0.log"/>
            <property name="attachments" value="C:\\ML\\JITS\\AYA\\Automation\\FBE\\FBE\\Reports\\DataPreparation\\PartyOnboardingPersonal\\20190821_203842\\1566396591815.png, C:\\ML\\JITS\\AYA\\Automation\\FBE\\FBE\\Reports\\DataPreparation\\PartyOnboardingPersonal\\20190821_203842\\1566396596135.png, C:\\ML\\JITS\\AYA\\Automation\\FBE\\FBE\\Reports\\DataPreparation\\PartyOnboardingPersonal\\20190821_203842\\1566396599818.png, C:\\ML\\JITS\\AYA\\Automation\\FBE\\FBE\\Reports\\DataPreparation\\PartyOnboardingPersonal\\20190821_203842\\1566396738066.png, C:\\ML\\JITS\\AYA\\Automation\\FBE\\FBE\\Reports\\DataPreparation\\PartyOnboardingPersonal\\20190821_203842\\1566396742305.png, C:\\ML\\JITS\\AYA\\Automation\\FBE\\FBE\\Reports\\DataPreparation\\PartyOnboardingPersonal\\20190821_203842\\1566396745850.png, C:\\ML\\JITS\\AYA\\Automation\\FBE\\FBE\\Reports\\DataPreparation\\PartyOnboardingPersonal\\20190821_203842\\1566396880192.png, C:\\ML\\JITS\\AYA\\Automation\\FBE\\FBE\\Reports\\DataPreparation\\PartyOnboardingPersonal\\20190821_203842\\1566396884384.png, C:\\ML\\JITS\\AYA\\Automation\\FBE\\FBE\\Reports\\DataPreparation\\PartyOnboardingPersonal\\20190821_203842\\1566396887915.png, C:\\ML\\JITS\\AYA\\Automation\\FBE\\FBE\\Reports\\DataPreparation\\PartyOnboardingPersonal\\20190821_203842\\1566397022946.png, C:\\ML\\JITS\\AYA\\Automation\\FBE\\FBE\\Reports\\DataPreparation\\PartyOnboardingPersonal\\20190821_203842\\1566397027121.png, C:\\ML\\JITS\\AYA\\Automation\\FBE\\FBE\\Reports\\DataPreparation\\PartyOnboardingPersonal\\20190821_203842\\1566397030658.png, C:\\ML\\JITS\\AYA\\Automation\\FBE\\FBE\\Reports\\DataPreparation\\PartyOnboardingPersonal\\20190821_203842\\1566397167415.png, C:\\ML\\JITS\\AYA\\Automation\\FBE\\FBE\\Reports\\DataPreparation\\PartyOnboardingPersonal\\20190821_203842\\1566397171520.png, C:\\ML\\JITS\\AYA\\Automation\\FBE\\FBE\\Reports\\DataPreparation\\PartyOnboardingPersonal\\20190821_203842\\1566397175048.png, C:\\ML\\JITS\\AYA\\Automation\\FBE\\FBE\\Reports\\DataPreparation\\PartyOnboardingPersonal\\20190821_203842\\1566397245328.png, C:\\ML\\JITS\\AYA\\Automation\\FBE\\FBE\\Reports\\DataPreparation\\PartyOnboardingPersonal\\20190821_203842\\1566397249533.png, C:\\ML\\JITS\\AYA\\Automation\\FBE\\FBE\\Reports\\DataPreparation\\PartyOnboardingPersonal\\20190821_203842\\1566397253091.png, C:\\ML\\JITS\\AYA\\Automation\\FBE\\FBE\\Reports\\DataPreparation\\PartyOnboardingPersonal\\20190821_203842\\1566397320368.png, C:\\ML\\JITS\\AYA\\Automation\\FBE\\FBE\\Reports\\DataPreparation\\PartyOnboardingPersonal\\20190821_203842\\1566397324488.png, C:\\ML\\JITS\\AYA\\Automation\\FBE\\FBE\\Reports\\DataPreparation\\PartyOnboardingPersonal\\20190821_203842\\1566397328157.png, C:\\ML\\JITS\\AYA\\Automation\\FBE\\FBE\\Reports\\DataPreparation\\PartyOnboardingPersonal\\20190821_203842\\1566397396560.png, C:\\ML\\JITS\\AYA\\Automation\\FBE\\FBE\\Reports\\DataPreparation\\PartyOnboardingPersonal\\20190821_203842\\1566397400738.png, C:\\ML\\JITS\\AYA\\Automation\\FBE\\FBE\\Reports\\DataPreparation\\PartyOnboardingPersonal\\20190821_203842\\1566397404299.png"/>
            <property name="hostName" value="HP - CNU406BFVL"/>
            <property name="os" value="Windows 7 64bit"/>
            <property name="katalonVersion" value="6.2.2.4"/>
            <property name="browser" value="Chrome 76.0.3809.100"/>
            <property name="hostAddress" value="172.24.175.11"/>
            <property name="sessionId" value="88453a7adac1b9f6b3b65441b87cb0bc"/>
            <property name="seleniumVersion" value="3.141.59"/>
            <property name="proxyInformation" value="ProxyInformation{proxyOption=NO_PROXY, proxyServerType=HTTP, password=, proxyServerAddress=, proxyServerPort=0}"/>
            <property name="platform" value="Windows 7"/>
        </properties>
        <testcase name="Test Cases/Login" classname="Test Cases/Login" status="PASSED">
            <system-out>2019-08-21 20:38:45 - [TEST_CASE][PASSED] - Test Cases/Login: Test Cases/Login&#xD;
&#xD;
2019-08-21 20:38:45 - [TEST_STEP][PASSED] - Start listener action : sampleBeforeTestCase: null&#xD;
&#xD;
2019-08-21 20:38:45 - [TEST_STEP][PASSED] - testCaseID = testCaseContext.getTestCaseId(): null&#xD;
&#xD;
2019-08-21 20:38:46 - [TEST_STEP][PASSED] - logger = new com.kms.katalon.core.util.KeywordUtil(): null&#xD;
&#xD;
2019-08-21 20:38:46 - [TEST_STEP][PASSED] - loginPage = new pageObjects.LoginPage(): null&#xD;
&#xD;
2019-08-21 20:38:46 - [TEST_STEP][PASSED] - logger.logInfo("Login - Step01 - Open browser"): Login - Step01 - Open browser&#xD;
&#xD;
2019-08-21 20:38:46 - [MESSAGE][INFO] - Login - Step01 - Open browser&#xD;
&#xD;
2019-08-21 20:38:46 - [TEST_STEP][PASSED] - loginPage.openBrowser(url, active): Current window maximized&#xD;
&#xD;
2019-08-21 20:38:46 - [MESSAGE][INFO] - Starting 'Chrome' driver&#xD;
&#xD;
2019-08-21 20:38:46 - [MESSAGE][INFO] - Action delay is set to 0 seconds&#xD;
&#xD;
2019-08-21 20:38:53 - [MESSAGE][PASSED] - Browser is opened with url: 'http://172.24.192.30:9080/uxp/rt/html/layout.html?locale=en-gb'&#xD;
&#xD;
2019-08-21 20:38:54 - [MESSAGE][PASSED] - Current window maximized&#xD;
&#xD;
2019-08-21 20:38:54 - [TEST_STEP][PASSED] - logger.logInfo("Login - Step02 - Input Username"): Login - Step02 - Input Username&#xD;
&#xD;
2019-08-21 20:38:54 - [MESSAGE][INFO] - Login - Step02 - Input Username&#xD;
&#xD;
2019-08-21 20:38:54 - [TEST_STEP][PASSED] - loginPage.inputUsername(username, active): Keys 'br1user006' sent to object: 'Object Repository/LogIn/input_Username_user'&#xD;
&#xD;
2019-08-21 20:38:55 - [MESSAGE][PASSED] - Object 'Object Repository/LogIn/input_Username_user' is present&#xD;
&#xD;
2019-08-21 20:38:55 - [MESSAGE][PASSED] - Keys 'br1user006' sent to object: 'Object Repository/LogIn/input_Username_user'&#xD;
&#xD;
2019-08-21 20:38:55 - [TEST_STEP][PASSED] - logger.logInfo("Login - Step03 - Input Password"): Login - Step03 - Input Password&#xD;
&#xD;
2019-08-21 20:38:55 - [MESSAGE][INFO] - Login - Step03 - Input Password&#xD;
&#xD;
2019-08-21 20:38:55 - [TEST_STEP][PASSED] - loginPage.inputPassword(password, active): Keys 'User006!@#' sent to object: 'Object Repository/LogIn/input_Password_pwd'&#xD;
&#xD;
2019-08-21 20:38:55 - [MESSAGE][PASSED] - Object 'Object Repository/LogIn/input_Password_pwd' is present&#xD;
&#xD;
2019-08-21 20:38:55 - [MESSAGE][PASSED] - Keys 'User006!@#' sent to object: 'Object Repository/LogIn/input_Password_pwd'&#xD;
&#xD;
2019-08-21 20:38:55 - [TEST_STEP][PASSED] - logger.logInfo("Login - Step04 - Click Sign In button"): Login - Step04 - Click Sign In button&#xD;
&#xD;
2019-08-21 20:38:55 - [MESSAGE][INFO] - Login - Step04 - Click Sign In button&#xD;
&#xD;
2019-08-21 20:38:55 - [TEST_STEP][PASSED] - loginPage.clickSingin(active): Object: 'Object Repository/LogIn/input_Password_login' is clicked on&#xD;
&#xD;
2019-08-21 20:38:55 - [MESSAGE][PASSED] - Object 'Object Repository/LogIn/input_Password_login' is present&#xD;
&#xD;
2019-08-21 20:38:56 - [MESSAGE][PASSED] - Object: 'Object Repository/LogIn/input_Password_login' is clicked on&#xD;
&#xD;
2019-08-21 20:38:56 - [TEST_STEP][PASSED] - logger.logInfo("Login - wait load page"): Login - wait load page&#xD;
&#xD;
2019-08-21 20:38:56 - [MESSAGE][INFO] - Login - wait load page&#xD;
&#xD;
2019-08-21 20:38:56 - [TEST_STEP][PASSED] - loginPage.waitLoadPage(active): Wait for page load successfully&#xD;
&#xD;
2019-08-21 20:38:56 - [MESSAGE][PASSED] - Wait for page load successfully</system-out>
            <system-err></system-err>
        </testcase>
        <testcase name="Test Cases/DataPreparation/PartyOnboardingEnterprise" classname="Test Cases/DataPreparation/PartyOnboardingEnterprise" status="PASSED">
            <system-out>2019-08-21 20:38:56 - [TEST_CASE][PASSED] - Test Cases/DataPreparation/PartyOnboardingEnterprise: Test Cases/DataPreparation/PartyOnboardingEnterprise&#xD;
&#xD;
2019-08-21 20:38:56 - [TEST_STEP][PASSED] - Start listener action : sampleBeforeTestCase: null&#xD;
&#xD;
2019-08-21 20:38:56 - [TEST_STEP][PASSED] - testCaseID = testCaseContext.getTestCaseId(): null&#xD;
&#xD;
2019-08-21 20:38:57 - [TEST_STEP][PASSED] - log = new com.kms.katalon.core.util.KeywordUtil(): null&#xD;
&#xD;
2019-08-21 20:38:57 - [TEST_STEP][PASSED] - partyOnboardingEnterprise = new pageObjects.PartyOnboarding(): null&#xD;
&#xD;
2019-08-21 20:38:57 - [TEST_STEP][PASSED] - delay(3): Delayed 3 second(s)&#xD;
&#xD;
2019-08-21 20:39:00 - [MESSAGE][PASSED] - Delayed 3 second(s)&#xD;
&#xD;
2019-08-21 20:39:00 - [TEST_STEP][PASSED] - log.logInfo("--- Open Party Onboarding in Menu Search ---"): --- Open Party Onboarding in Menu Search ---&#xD;
&#xD;
2019-08-21 20:39:00 - [MESSAGE][INFO] - --- Open Party Onboarding in Menu Search ---&#xD;
&#xD;
2019-08-21 20:39:00 - [TEST_STEP][PASSED] - partyOnboardingEnterprise.inputPartyOnboardingMenuSearch(): Object 'menuSearch_txt' is present&#xD;
&#xD;
2019-08-21 20:39:00 - [MESSAGE][PASSED] - Object 'Object Repository/Menu_Search' is visible&#xD;
&#xD;
2019-08-21 20:39:00 - [MESSAGE][PASSED] - Keys 'ENTER + Party Onboarding' sent to object: 'Object Repository/Menu_Search'&#xD;
&#xD;
2019-08-21 20:39:00 - [MESSAGE][PASSED] - Object 'menuSearch_txt' is present&#xD;
&#xD;
2019-08-21 20:39:00 - [TEST_STEP][PASSED] - log.logInfo("/---------------Party Onboarding---------------/"): /---------------Party Onboarding---------------/&#xD;
&#xD;
2019-08-21 20:39:00 - [MESSAGE][INFO] - /---------------Party Onboarding---------------/&#xD;
&#xD;
2019-08-21 20:39:00 - [TEST_STEP][PASSED] - log.logInfo("--- Input Local Global ---"): --- Input Local Global ---&#xD;
&#xD;
2019-08-21 20:39:00 - [MESSAGE][INFO] - --- Input Local Global ---&#xD;
&#xD;
2019-08-21 20:39:00 - [TEST_STEP][PASSED] - partyOnboardingEnterprise.inputLocalGlobal(s01_localglobal): Keys 'Local Private' sent to object: 'Object Repository/PartyOnboarding/PartyOnboarding/Local Global'&#xD;
&#xD;
2019-08-21 20:39:01 - [MESSAGE][PASSED] - Text of object 'Object Repository/PartyOnboarding/PartyOnboarding/Local Global' is cleared&#xD;
&#xD;
2019-08-21 20:39:02 - [MESSAGE][PASSED] - Object 'Object Repository/PartyOnboarding/PartyOnboarding/Local Global' is visible&#xD;
&#xD;
2019-08-21 20:39:02 - [MESSAGE][PASSED] - Object 'Object Repository/PartyOnboarding/PartyOnboarding/Local Global' is visible&#xD;
&#xD;
2019-08-21 20:39:02 - [MESSAGE][PASSED] - Keys 'Local Private' sent to object: 'Object Repository/PartyOnboarding/PartyOnboarding/Local Global'&#xD;
&#xD;
2019-08-21 20:39:02 - [TEST_STEP][PASSED] - log.logInfo("--- Input Party Type ---"): --- Input Party Type ---&#xD;
&#xD;
2019-08-21 20:39:02 - [MESSAGE][INFO] - --- Input Party Type ---&#xD;
&#xD;
2019-08-21 20:39:02 - [TEST_STEP][PASSED] - partyOnboardingEnterprise.inputPartyType(s01_partytype): Keys 'TAB + Enterprise' sent to object: 'Object Repository/PartyOnboarding/PartyOnboarding/Party Type'&#xD;
&#xD;
2019-08-21 20:39:02 - [MESSAGE][PASSED] - Object 'Object Repository/PartyOnboarding/PartyOnboarding/Party Type' is visible&#xD;
&#xD;
2019-08-21 20:39:02 - [MESSAGE][PASSED] - Keys 'TAB + Enterprise' sent to object: 'Object Repository/PartyOnboarding/PartyOnboarding/Party Type'&#xD;
&#xD;
2019-08-21 20:39:02 - [TEST_STEP][PASSED] - log.logInfo("--- Input Party Sub Type ---"): --- Input Party Sub Type ---&#xD;
&#xD;
2019-08-21 20:39:02 - [MESSAGE][INFO] - --- Input Party Sub Type ---&#xD;
&#xD;
2019-08-21 20:39:02 - [TEST_STEP][PASSED] - partyOnboardingEnterprise.inputPartySubType(s01_partysubtype): Keys 'PRIVATE/PUBLIC/PUBLIC LISTED COMPANY (MYANMAR)' sent to object: 'Object Repository/PartyOnboarding/PartyOnboarding/Party Sub-Type'&#xD;
&#xD;
2019-08-21 20:39:03 - [MESSAGE][PASSED] - Delayed 1 second(s)&#xD;
&#xD;
2019-08-21 20:39:03 - [MESSAGE][PASSED] - Object 'Object Repository/PartyOnboarding/PartyOnboarding/Party Type' is visible&#xD;
&#xD;
2019-08-21 20:39:04 - [MESSAGE][PASSED] - Keys 'PRIVATE/PUBLIC/PUBLIC LISTED COMPANY (MYANMAR)' sent to object: 'Object Repository/PartyOnboarding/PartyOnboarding/Party Sub-Type'&#xD;
&#xD;
2019-08-21 20:39:04 - [TEST_STEP][PASSED] - log.logInfo("--- Input Party Category ---"): --- Input Party Category ---&#xD;
&#xD;
2019-08-21 20:39:04 - [MESSAGE][INFO] - --- Input Party Category ---&#xD;
&#xD;
2019-08-21 20:39:04 - [TEST_STEP][PASSED] - partyOnboardingEnterprise.inputPartyCategory(s01_partycategory): Keys 'Full' sent to object: 'Object Repository/PartyOnboarding/PartyOnboarding/Party Category'&#xD;
&#xD;
2019-08-21 20:39:04 - [MESSAGE][PASSED] - Object 'Object Repository/PartyOnboarding/PartyOnboarding/Party Category' is visible&#xD;
&#xD;
2019-08-21 20:39:04 - [MESSAGE][PASSED] - Keys 'Full' sent to object: 'Object Repository/PartyOnboarding/PartyOnboarding/Party Category'&#xD;
&#xD;
2019-08-21 20:39:04 - [TEST_STEP][PASSED] - log.logInfo("--- Check Line of Business ---"): --- Check Line of Business ---&#xD;
&#xD;
2019-08-21 20:39:04 - [MESSAGE][INFO] - --- Check Line of Business ---&#xD;
&#xD;
2019-08-21 20:39:04 - [TEST_STEP][PASSED] - partyOnboardingEnterprise.clickLineofBusiness(s01_lineofbusiness, findTestObject("PartyOnboarding/PartyOnboarding/div_Core Banking")): Object 'Object Repository/PartyOnboarding/PartyOnboarding/LineofBusiness_List' is checked&#xD;
&#xD;
2019-08-21 20:39:04 - [MESSAGE][PASSED] - Object 'Object Repository/PartyOnboarding/PartyOnboarding/div_Core Banking' is visible&#xD;
&#xD;
2019-08-21 20:39:05 - [MESSAGE][PASSED] - Attribute 'aria-checked' of object 'Object Repository/PartyOnboarding/PartyOnboarding/div_Core Banking' is: 'true'&#xD;
&#xD;
2019-08-21 20:39:05 - [MESSAGE][PASSED] - Object 'Object Repository/PartyOnboarding/PartyOnboarding/chk_SelectAllLineOfBusiness' is visible&#xD;
&#xD;
2019-08-21 20:39:05 - [MESSAGE][PASSED] - Attribute 'aria-checked' of object 'Object Repository/PartyOnboarding/PartyOnboarding/chk_SelectAllLineOfBusiness' is: 'true'&#xD;
&#xD;
2019-08-21 20:39:05 - [MESSAGE][PASSED] - Object 'Object Repository/PartyOnboarding/PartyOnboarding/LineofBusiness_List' is visible&#xD;
&#xD;
2019-08-21 20:39:05 - [MESSAGE][PASSED] - Attribute 'aria-checked' of object 'Object Repository/PartyOnboarding/PartyOnboarding/LineofBusiness_List' is: 'true'&#xD;
&#xD;
2019-08-21 20:39:05 - [MESSAGE][PASSED] - Object 'Object Repository/PartyOnboarding/PartyOnboarding/LineofBusiness_List' is visible&#xD;
&#xD;
2019-08-21 20:39:05 - [MESSAGE][PASSED] - Attribute 'aria-checked' of object 'Object Repository/PartyOnboarding/PartyOnboarding/LineofBusiness_List' is: 'true'&#xD;
&#xD;
2019-08-21 20:39:05 - [MESSAGE][PASSED] - Object 'Object Repository/PartyOnboarding/PartyOnboarding/chk_SelectAllLineOfBusiness' is visible&#xD;
&#xD;
2019-08-21 20:39:05 - [MESSAGE][PASSED] - Attribute 'aria-checked' of object 'Object Repository/PartyOnboarding/PartyOnboarding/chk_SelectAllLineOfBusiness' is: 'true'&#xD;
&#xD;
2019-08-21 20:39:05 - [MESSAGE][PASSED] - Object 'Object Repository/PartyOnboarding/PartyOnboarding/chk_SelectAllLineOfBusiness' is checked&#xD;
&#xD;
2019-08-21 20:39:05 - [MESSAGE][PASSED] - Object 'Object Repository/PartyOnboarding/PartyOnboarding/div_Core Banking' is visible&#xD;
&#xD;
2019-08-21 20:39:05 - [MESSAGE][PASSED] - Attribute 'aria-checked' of object 'Object Repository/PartyOnboarding/PartyOnboarding/div_Core Banking' is: 'false'&#xD;
&#xD;
2019-08-21 20:39:05 - [MESSAGE][PASSED] - Object 'Object Repository/PartyOnboarding/PartyOnboarding/div_Core Banking' is checked&#xD;
&#xD;
2019-08-21 20:39:05 - [MESSAGE][PASSED] - Object 'Object Repository/PartyOnboarding/PartyOnboarding/LineofBusiness_List' is visible&#xD;
&#xD;
2019-08-21 20:39:05 - [MESSAGE][PASSED] - Attribute 'aria-checked' of object 'Object Repository/PartyOnboarding/PartyOnboarding/LineofBusiness_List' is: 'false'&#xD;
&#xD;
2019-08-21 20:39:05 - [MESSAGE][PASSED] - Object 'Object Repository/PartyOnboarding/PartyOnboarding/LineofBusiness_List' is checked&#xD;
&#xD;
2019-08-21 20:39:05 - [TEST_STEP][PASSED] - log.logInfo("--- Click Next to Party Check List  ---"): --- Click Next to Party Check List  ---&#xD;
&#xD;
2019-08-21 20:39:05 - [MESSAGE][INFO] - --- Click Next to Party Check List  ---&#xD;
&#xD;
2019-08-21 20:39:05 - [TEST_STEP][PASSED] - partyOnboardingEnterprise.clickNextbutton(): Object: 'Object Repository/PartyOnboarding/btn_Next' is clicked on&#xD;
&#xD;
2019-08-21 20:39:05 - [MESSAGE][PASSED] - Object 'Object Repository/PartyOnboarding/btn_Next' is visible&#xD;
&#xD;
2019-08-21 20:39:05 - [MESSAGE][PASSED] - Object: 'Object Repository/PartyOnboarding/btn_Next' is clicked on&#xD;
&#xD;
2019-08-21 20:39:05 - [TEST_STEP][PASSED] - delay(1): Delayed 1 second(s)&#xD;
&#xD;
2019-08-21 20:39:06 - [MESSAGE][PASSED] - Delayed 1 second(s)&#xD;
&#xD;
2019-08-21 20:39:06 - [TEST_STEP][PASSED] - partyOnboardingEnterprise.clickNextbutton(): Object: 'Object Repository/PartyOnboarding/btn_Next' is clicked on&#xD;
&#xD;
2019-08-21 20:39:07 - [MESSAGE][PASSED] - Object 'Object Repository/PartyOnboarding/btn_Next' is visible&#xD;
&#xD;
2019-08-21 20:39:07 - [MESSAGE][PASSED] - Object: 'Object Repository/PartyOnboarding/btn_Next' is clicked on&#xD;
&#xD;
2019-08-21 20:39:07 - [TEST_STEP][PASSED] - log.logInfo("/---------------Pre-Existence Check---------------/"): /---------------Pre-Existence Check---------------/&#xD;
&#xD;
2019-08-21 20:39:07 - [MESSAGE][INFO] - /---------------Pre-Existence Check---------------/&#xD;
&#xD;
2019-08-21 20:39:07 - [TEST_STEP][PASSED] - partyOnboardingEnterprise.inputEnterpriseName(s02_enterpriseName): Keys 'Enterprise 0000001' sent to object: 'Object Repository/PartyOnboarding/Enterprise/PreExistenceCheck/txt_EnterpriseName'&#xD;
&#xD;
2019-08-21 20:39:07 - [MESSAGE][PASSED] - Object 'Object Repository/PartyOnboarding/Enterprise/PreExistenceCheck/txt_EnterpriseName' is visible&#xD;
&#xD;
2019-08-21 20:39:07 - [MESSAGE][PASSED] - Keys 'Enterprise 0000001' sent to object: 'Object Repository/PartyOnboarding/Enterprise/PreExistenceCheck/txt_EnterpriseName'&#xD;
&#xD;
2019-08-21 20:39:07 - [TEST_STEP][PASSED] - partyOnboardingEnterprise.inputRegistration(): Keys 'iVyxY32T' sent to object: 'Object Repository/PartyOnboarding/Enterprise/PreExistenceCheck/txt_Registration'&#xD;
&#xD;
2019-08-21 20:39:07 - [MESSAGE][PASSED] - Object 'Object Repository/PartyOnboarding/Enterprise/PreExistenceCheck/txt_Registration' is visible&#xD;
&#xD;
2019-08-21 20:39:08 - [MESSAGE][PASSED] - Keys 'iVyxY32T' sent to object: 'Object Repository/PartyOnboarding/Enterprise/PreExistenceCheck/txt_Registration'&#xD;
&#xD;
2019-08-21 20:39:08 - [TEST_STEP][PASSED] - partyOnboardingEnterprise.clickNextbutton(): Object: 'Object Repository/PartyOnboarding/btn_Next' is clicked on&#xD;
&#xD;
2019-08-21 20:39:08 - [MESSAGE][PASSED] - Object 'Object Repository/PartyOnboarding/btn_Next' is visible&#xD;
&#xD;
2019-08-21 20:39:08 - [MESSAGE][PASSED] - Object: 'Object Repository/PartyOnboarding/btn_Next' is clicked on&#xD;
&#xD;
2019-08-21 20:39:08 - [TEST_STEP][PASSED] - log.logInfo("/--------------- Party Onboarding---------------/"): /--------------- Party Onboarding---------------/&#xD;
&#xD;
2019-08-21 20:39:08 - [MESSAGE][INFO] - /--------------- Party Onboarding---------------/&#xD;
&#xD;
2019-08-21 20:39:08 - [TEST_STEP][PASSED] - partyOnboardingEnterprise.inputPartyId(): Web element with id: 'Object Repository/PartyOnboarding/Personal/PersonalParty/Message/pop_ErrorDuplicatePartyID' located by 'By.xpath: //textarea[@name='03messages']' not found&#xD;
&#xD;
2019-08-21 20:39:09 - [MESSAGE][PASSED] - Object 'Object Repository/PartyOnboarding/Personal/PersonalParty/txt_PartyID' is visible&#xD;
&#xD;
2019-08-21 20:39:09 - [MESSAGE][PASSED] - Object 'Object Repository/PartyOnboarding/Personal/PersonalParty/txt_PartyID' is visible&#xD;
&#xD;
2019-08-21 20:39:09 - [MESSAGE][PASSED] - Keys 'TAB + GPUEZOl2' sent to object: 'Object Repository/PartyOnboarding/Personal/PersonalParty/txt_PartyID'&#xD;
&#xD;
2019-08-21 20:39:41 - [MESSAGE][INFO] - Unable to find the element located by 'By.xpath: //textarea[@name='03messages']'. Please recheck the objects properties to make sure the desired element is located. &#xD;
&#xD;
2019-08-21 20:39:41 - [MESSAGE][WARNING] - Web element with id: 'Object Repository/PartyOnboarding/Personal/PersonalParty/Message/pop_ErrorDuplicatePartyID' located by 'By.xpath: //textarea[@name='03messages']' not found&#xD;
&#xD;
2019-08-21 20:39:41 - [TEST_STEP][PASSED] - partyOnboardingEnterprise.inputShortNameEnterprise(s03_shortName): Keys 'TAB + Enterprise' sent to object: 'Object Repository/PartyOnboarding/Enterprise/EnterpriseParty/Short Name_txt'&#xD;
&#xD;
2019-08-21 20:39:41 - [MESSAGE][PASSED] - Object 'Object Repository/PartyOnboarding/Enterprise/EnterpriseParty/Short Name_txt' is visible&#xD;
&#xD;
2019-08-21 20:39:41 - [MESSAGE][PASSED] - Keys 'TAB + Enterprise' sent to object: 'Object Repository/PartyOnboarding/Enterprise/EnterpriseParty/Short Name_txt'&#xD;
&#xD;
2019-08-21 20:39:41 - [TEST_STEP][PASSED] - partyOnboardingEnterprise.clickNextbutton(): Object: 'Object Repository/PartyOnboarding/btn_Next' is clicked on&#xD;
&#xD;
2019-08-21 20:39:41 - [MESSAGE][PASSED] - Object 'Object Repository/PartyOnboarding/btn_Next' is visible&#xD;
&#xD;
2019-08-21 20:39:41 - [MESSAGE][PASSED] - Object: 'Object Repository/PartyOnboarding/btn_Next' is clicked on&#xD;
&#xD;
2019-08-21 20:39:41 - [TEST_STEP][PASSED] - partyOnboardingEnterprise.clickProcessInWarningBox(): Object: 'Object Repository/PartyOnboarding/Personal/PersonalParty/btn_Warnings_Proceed_NotCapture' is clicked on&#xD;
&#xD;
2019-08-21 20:39:42 - [MESSAGE][PASSED] - Object 'Object Repository/PartyOnboarding/Personal/PersonalParty/btn_Warnings_Proceed_NotCapture' is visible&#xD;
&#xD;
2019-08-21 20:39:42 - [MESSAGE][PASSED] - Object: 'Object Repository/PartyOnboarding/Personal/PersonalParty/btn_Warnings_Proceed_NotCapture' is clicked on&#xD;
&#xD;
2019-08-21 20:39:42 - [TEST_STEP][PASSED] - log.logInfo("/--------------- Party Onboarding - Address---------------/"): /--------------- Party Onboarding - Address---------------/&#xD;
&#xD;
2019-08-21 20:39:42 - [MESSAGE][INFO] - /--------------- Party Onboarding - Address---------------/&#xD;
&#xD;
2019-08-21 20:39:42 - [TEST_STEP][PASSED] - partyOnboardingEnterprise.inputRDataForAddressParty(s04_addressType, s04_userForCommunication, s04_validFrom): Execute JavaScript 'arguments[0].click();' successfully&#xD;
&#xD;
2019-08-21 20:39:43 - [MESSAGE][PASSED] - Object 'Object Repository/PartyOnboarding/Personal/PartyAddress/button_New Row_PartyAddress' is visible&#xD;
&#xD;
2019-08-21 20:39:43 - [MESSAGE][PASSED] - Execute JavaScript 'arguments[0].click();' successfully&#xD;
&#xD;
2019-08-21 20:39:43 - [MESSAGE][PASSED] - Object 'Object Repository/PartyOnboarding/Personal/PartyAddress/Address Type' is visible&#xD;
&#xD;
2019-08-21 20:39:44 - [MESSAGE][PASSED] - Keys 'TAB + Home Address' sent to object: 'Object Repository/PartyOnboarding/Personal/PartyAddress/Address Type'&#xD;
&#xD;
2019-08-21 20:39:44 - [MESSAGE][PASSED] - Object 'Object Repository/PartyOnboarding/Personal/PartyAddress/Valid From' is visible&#xD;
&#xD;
2019-08-21 20:39:44 - [MESSAGE][PASSED] - Text of object 'Object Repository/PartyOnboarding/Personal/PartyAddress/Valid From' is cleared&#xD;
&#xD;
2019-08-21 20:39:44 - [MESSAGE][PASSED] - Object 'Object Repository/PartyOnboarding/Personal/PartyAddress/Valid From' is visible&#xD;
&#xD;
2019-08-21 20:39:44 - [MESSAGE][PASSED] - Keys '2018-01-14' sent to object: 'Object Repository/PartyOnboarding/Personal/PartyAddress/Valid From'&#xD;
&#xD;
2019-08-21 20:39:44 - [MESSAGE][PASSED] - Object 'Object Repository/PartyOnboarding/Personal/PartyAddress/chk_Use  for Communication' is present&#xD;
&#xD;
2019-08-21 20:39:44 - [MESSAGE][PASSED] - Attribute 'aria-checked' of object 'Object Repository/PartyOnboarding/Personal/PartyAddress/chk_Use  for Communication' is: 'false'&#xD;
&#xD;
2019-08-21 20:39:44 - [MESSAGE][PASSED] - Object 'Object Repository/PartyOnboarding/Personal/PartyAddress/chk_Use  for Communication' is checked&#xD;
&#xD;
2019-08-21 20:39:44 - [MESSAGE][PASSED] - Object 'Object Repository/PartyOnboarding/Personal/PartyAddress/SaveRow' is visible&#xD;
&#xD;
2019-08-21 20:39:44 - [MESSAGE][PASSED] - Execute JavaScript 'arguments[0].click();' successfully&#xD;
&#xD;
2019-08-21 20:39:44 - [MESSAGE][PASSED] - Object 'Object Repository/PartyOnboarding/Personal/PartyAddress/button_New Row_PartyAddress' is visible&#xD;
&#xD;
2019-08-21 20:39:44 - [MESSAGE][PASSED] - Execute JavaScript 'arguments[0].click();' successfully&#xD;
&#xD;
2019-08-21 20:39:44 - [MESSAGE][PASSED] - Object 'Object Repository/PartyOnboarding/Personal/PartyAddress/Address Type' is visible&#xD;
&#xD;
2019-08-21 20:39:45 - [MESSAGE][PASSED] - Keys 'TAB + Current Address' sent to object: 'Object Repository/PartyOnboarding/Personal/PartyAddress/Address Type'&#xD;
&#xD;
2019-08-21 20:39:45 - [MESSAGE][PASSED] - Object 'Object Repository/PartyOnboarding/Personal/PartyAddress/Valid From' is visible&#xD;
&#xD;
2019-08-21 20:39:45 - [MESSAGE][PASSED] - Text of object 'Object Repository/PartyOnboarding/Personal/PartyAddress/Valid From' is cleared&#xD;
&#xD;
2019-08-21 20:39:45 - [MESSAGE][PASSED] - Object 'Object Repository/PartyOnboarding/Personal/PartyAddress/Valid From' is visible&#xD;
&#xD;
2019-08-21 20:39:45 - [MESSAGE][PASSED] - Keys '2018-01-17' sent to object: 'Object Repository/PartyOnboarding/Personal/PartyAddress/Valid From'&#xD;
&#xD;
2019-08-21 20:39:45 - [MESSAGE][PASSED] - Object 'Object Repository/PartyOnboarding/Personal/PartyAddress/SaveRow' is visible&#xD;
&#xD;
2019-08-21 20:39:45 - [MESSAGE][PASSED] - Execute JavaScript 'arguments[0].click();' successfully&#xD;
&#xD;
2019-08-21 20:39:46 - [MESSAGE][PASSED] - Object 'Object Repository/PartyOnboarding/Personal/PartyAddress/button_New Row_PartyAddress' is visible&#xD;
&#xD;
2019-08-21 20:39:46 - [MESSAGE][PASSED] - Execute JavaScript 'arguments[0].click();' successfully&#xD;
&#xD;
2019-08-21 20:39:46 - [MESSAGE][PASSED] - Object 'Object Repository/PartyOnboarding/Personal/PartyAddress/Address Type' is visible&#xD;
&#xD;
2019-08-21 20:39:46 - [MESSAGE][PASSED] - Keys 'TAB + Office Address' sent to object: 'Object Repository/PartyOnboarding/Personal/PartyAddress/Address Type'&#xD;
&#xD;
2019-08-21 20:39:46 - [MESSAGE][PASSED] - Object 'Object Repository/PartyOnboarding/Personal/PartyAddress/Valid From' is visible&#xD;
&#xD;
2019-08-21 20:39:46 - [MESSAGE][PASSED] - Text of object 'Object Repository/PartyOnboarding/Personal/PartyAddress/Valid From' is cleared&#xD;
&#xD;
2019-08-21 20:39:46 - [MESSAGE][PASSED] - Object 'Object Repository/PartyOnboarding/Personal/PartyAddress/Valid From' is visible&#xD;
&#xD;
2019-08-21 20:39:47 - [MESSAGE][PASSED] - Keys '2017-01-17' sent to object: 'Object Repository/PartyOnboarding/Personal/PartyAddress/Valid From'&#xD;
&#xD;
2019-08-21 20:39:47 - [MESSAGE][PASSED] - Object 'Object Repository/PartyOnboarding/Personal/PartyAddress/SaveRow' is visible&#xD;
&#xD;
2019-08-21 20:39:47 - [MESSAGE][PASSED] - Execute JavaScript 'arguments[0].click();' successfully&#xD;
&#xD;
2019-08-21 20:39:47 - [TEST_STEP][PASSED] - partyOnboardingEnterprise.clickNextbutton(): Object: 'Object Repository/PartyOnboarding/btn_Next' is clicked on&#xD;
&#xD;
2019-08-21 20:39:47 - [MESSAGE][PASSED] - Object 'Object Repository/PartyOnboarding/btn_Next' is visible&#xD;
&#xD;
2019-08-21 20:39:47 - [MESSAGE][PASSED] - Object: 'Object Repository/PartyOnboarding/btn_Next' is clicked on&#xD;
&#xD;
2019-08-21 20:39:47 - [TEST_STEP][PASSED] - partyOnboardingEnterprise.inputDataForPartyContacts(s05_contactMethod, s05_contactTypeLocation, s05_contactCountryCode, s05_contactAreaCode, s05_contactNumber, s05_contactEmail, s05_confirmEmail, s05_validFrom): Execute JavaScript 'arguments[0].click();' successfully&#xD;
&#xD;
2019-08-21 20:39:48 - [MESSAGE][PASSED] - Object 'Object Repository/PartyOnboarding/Personal/PartyContacts/New Row' is visible&#xD;
&#xD;
2019-08-21 20:39:48 - [MESSAGE][PASSED] - Execute JavaScript 'arguments[0].click();' successfully&#xD;
&#xD;
2019-08-21 20:39:49 - [MESSAGE][PASSED] - Delayed 1 second(s)&#xD;
&#xD;
2019-08-21 20:39:49 - [MESSAGE][PASSED] - Object 'Object Repository/PartyOnboarding/Personal/PartyContacts/Contact Method' is visible&#xD;
&#xD;
2019-08-21 20:39:49 - [MESSAGE][PASSED] - Keys 'TAB + Telephone' sent to object: 'Object Repository/PartyOnboarding/Personal/PartyContacts/Contact Method'&#xD;
&#xD;
2019-08-21 20:39:50 - [MESSAGE][PASSED] - Delayed 1 second(s)&#xD;
&#xD;
2019-08-21 20:39:50 - [MESSAGE][PASSED] - Object 'Object Repository/PartyOnboarding/Personal/PartyContacts/Contact Type  Location' is visible&#xD;
&#xD;
2019-08-21 20:39:50 - [MESSAGE][PASSED] - Keys 'TAB + Personal' sent to object: 'Object Repository/PartyOnboarding/Personal/PartyContacts/Contact Type  Location'&#xD;
&#xD;
2019-08-21 20:39:50 - [MESSAGE][PASSED] - Object 'Object Repository/PartyOnboarding/Personal/PartyContacts/Contact Email' is visible&#xD;
&#xD;
2019-08-21 20:39:50 - [MESSAGE][PASSED] - Object 'Object Repository/PartyOnboarding/Personal/PartyContacts/Contact Email' has attribute 'readonly'&#xD;
&#xD;
2019-08-21 20:39:50 - [MESSAGE][PASSED] - Object 'Object Repository/PartyOnboarding/Personal/PartyContacts/Contact Number_03_Code' is visible&#xD;
&#xD;
2019-08-21 20:39:51 - [MESSAGE][PASSED] - Text of object 'Object Repository/PartyOnboarding/Personal/PartyContacts/Contact Number_03_Code' is cleared&#xD;
&#xD;
2019-08-21 20:39:51 - [MESSAGE][PASSED] - Object 'Object Repository/PartyOnboarding/Personal/PartyContacts/Contact Number_03_Code' is visible&#xD;
&#xD;
2019-08-21 20:39:51 - [MESSAGE][PASSED] - Keys '+95' sent to object: 'Object Repository/PartyOnboarding/Personal/PartyContacts/Contact Number_03_Code'&#xD;
&#xD;
2019-08-21 20:39:51 - [MESSAGE][PASSED] - Object 'Object Repository/PartyOnboarding/Personal/PartyContacts/Contact Number_AreaCode' is visible&#xD;
&#xD;
2019-08-21 20:39:51 - [MESSAGE][PASSED] - Keys '' sent to object: 'Object Repository/PartyOnboarding/Personal/PartyContacts/Contact Number_AreaCode'&#xD;
&#xD;
2019-08-21 20:39:51 - [MESSAGE][PASSED] - Object 'Object Repository/PartyOnboarding/Personal/PartyContacts/Contact Number_Number' is visible&#xD;
&#xD;
2019-08-21 20:39:51 - [MESSAGE][PASSED] - Keys '9697989901' sent to object: 'Object Repository/PartyOnboarding/Personal/PartyContacts/Contact Number_Number'&#xD;
&#xD;
2019-08-21 20:39:51 - [MESSAGE][PASSED] - Object 'Object Repository/PartyOnboarding/Personal/PartyContacts/Contact Number_03_Code' is visible&#xD;
&#xD;
2019-08-21 20:39:52 - [MESSAGE][WARNING] - Object 'Object Repository/PartyOnboarding/Personal/PartyContacts/Contact Number_03_Code' does not have attribute 'readonly' (Root cause: com.kms.katalon.core.exception.StepFailedException: Object 'Object Repository/PartyOnboarding/Personal/PartyContacts/Contact Number_03_Code' does not have attribute 'readonly'&#xD;
	at com.kms.katalon.core.webui.keyword.internal.WebUIKeywordMain.stepFailed(WebUIKeywordMain.groovy:64)&#xD;
	at com.kms.katalon.core.webui.keyword.builtin.VerifyElementHasAttributeKeyword$_verifyElementHasAttribute_closure1.doCall(VerifyElementHasAttributeKeyword.groovy:89)&#xD;
	at com.kms.katalon.core.webui.keyword.builtin.VerifyElementHasAttributeKeyword$_verifyElementHasAttribute_closure1.call(VerifyElementHasAttributeKeyword.groovy)&#xD;
	at com.kms.katalon.core.webui.keyword.internal.WebUIKeywordMain.runKeyword(WebUIKeywordMain.groovy:20)&#xD;
	at com.kms.katalon.core.webui.keyword.builtin.VerifyElementHasAttributeKeyword.verifyElementHasAttribute(VerifyElementHasAttributeKeyword.groovy:100)&#xD;
	at com.kms.katalon.core.webui.keyword.builtin.VerifyElementHasAttributeKeyword.execute(VerifyElementHasAttributeKeyword.groovy:69)&#xD;
	at com.kms.katalon.core.keyword.internal.KeywordExecutor.executeKeywordForPlatform(KeywordExecutor.groovy:56)&#xD;
	at com.kms.katalon.core.webui.keyword.WebUiBuiltInKeywords.verifyElementHasAttribute(WebUiBuiltInKeywords.groovy:3166)&#xD;
	at com.kms.katalon.core.webui.keyword.WebUiBuiltInKeywords$verifyElementHasAttribute$11.call(Unknown Source)&#xD;
	at pageObjects.PartyOnboarding.inputDataForPartyContacts(PartyOnboarding.groovy:736)&#xD;
	at PartyOnboardingEnterprise.run(PartyOnboardingEnterprise:61)&#xD;
	at com.kms.katalon.core.main.ScriptEngine.run(ScriptEngine.java:194)&#xD;
	at com.kms.katalon.core.main.ScriptEngine.runScriptAsRawText(ScriptEngine.java:119)&#xD;
	at com.kms.katalon.core.main.TestCaseExecutor.runScript(TestCaseExecutor.java:337)&#xD;
	at com.kms.katalon.core.main.TestCaseExecutor.doExecute(TestCaseExecutor.java:328)&#xD;
	at com.kms.katalon.core.main.TestCaseExecutor.processExecutionPhase(TestCaseExecutor.java:307)&#xD;
	at com.kms.katalon.core.main.TestCaseExecutor.accessMainPhase(TestCaseExecutor.java:299)&#xD;
	at com.kms.katalon.core.main.TestCaseExecutor.execute(TestCaseExecutor.java:233)&#xD;
	at com.kms.katalon.core.main.TestSuiteExecutor.accessTestCaseMainPhase(TestSuiteExecutor.java:133)&#xD;
	at com.kms.katalon.core.main.TestSuiteExecutor.accessTestSuiteMainPhase(TestSuiteExecutor.java:116)&#xD;
	at com.kms.katalon.core.main.TestSuiteExecutor.execute(TestSuiteExecutor.java:83)&#xD;
	at com.kms.katalon.core.main.TestCaseMain.startTestSuite(TestCaseMain.java:157)&#xD;
	at com.kms.katalon.core.main.TestCaseMain$startTestSuite$0.call(Unknown Source)&#xD;
	at TempTestSuite1566396522347.run(TempTestSuite1566396522347.groovy:35)&#xD;
)&#xD;
[[ATTACHMENT|C:\\ML\\JITS\\AYA\\Automation\\FBE\\FBE\\Reports\\DataPreparation\\PartyOnboardingPersonal\\20190821_203842\\1566396591815.png]]&#xD;
&#xD;
2019-08-21 20:39:52 - [MESSAGE][PASSED] - Object 'Object Repository/PartyOnboarding/Personal/PartyContacts/Valid From' is visible&#xD;
&#xD;
2019-08-21 20:39:52 - [MESSAGE][PASSED] - Text of object 'Object Repository/PartyOnboarding/Personal/PartyContacts/Valid From' is cleared&#xD;
&#xD;
2019-08-21 20:39:52 - [MESSAGE][PASSED] - Object 'Object Repository/PartyOnboarding/Personal/PartyContacts/Valid From' is visible&#xD;
&#xD;
2019-08-21 20:39:52 - [MESSAGE][PASSED] - Keys '2018-12-20' sent to object: 'Object Repository/PartyOnboarding/Personal/PartyContacts/Valid From'&#xD;
&#xD;
2019-08-21 20:39:52 - [MESSAGE][PASSED] - Object 'Object Repository/PartyOnboarding/Personal/PartyContacts/Save Row' is visible&#xD;
&#xD;
2019-08-21 20:39:52 - [MESSAGE][PASSED] - Execute JavaScript 'arguments[0].click();' successfully&#xD;
&#xD;
2019-08-21 20:39:52 - [MESSAGE][PASSED] - Object 'Object Repository/PartyOnboarding/Personal/PartyContacts/New Row' is visible&#xD;
&#xD;
2019-08-21 20:39:52 - [MESSAGE][PASSED] - Execute JavaScript 'arguments[0].click();' successfully&#xD;
&#xD;
2019-08-21 20:39:53 - [MESSAGE][PASSED] - Delayed 1 second(s)&#xD;
&#xD;
2019-08-21 20:39:53 - [MESSAGE][PASSED] - Object 'Object Repository/PartyOnboarding/Personal/PartyContacts/Contact Method' is visible&#xD;
&#xD;
2019-08-21 20:39:54 - [MESSAGE][PASSED] - Keys 'TAB + Mobile' sent to object: 'Object Repository/PartyOnboarding/Personal/PartyContacts/Contact Method'&#xD;
&#xD;
2019-08-21 20:39:55 - [MESSAGE][PASSED] - Delayed 1 second(s)&#xD;
&#xD;
2019-08-21 20:39:55 - [MESSAGE][PASSED] - Object 'Object Repository/PartyOnboarding/Personal/PartyContacts/Contact Type  Location' is visible&#xD;
&#xD;
2019-08-21 20:39:55 - [MESSAGE][PASSED] - Keys 'TAB + Work' sent to object: 'Object Repository/PartyOnboarding/Personal/PartyContacts/Contact Type  Location'&#xD;
&#xD;
2019-08-21 20:39:55 - [MESSAGE][PASSED] - Object 'Object Repository/PartyOnboarding/Personal/PartyContacts/Contact Email' is visible&#xD;
&#xD;
2019-08-21 20:39:55 - [MESSAGE][PASSED] - Object 'Object Repository/PartyOnboarding/Personal/PartyContacts/Contact Email' has attribute 'readonly'&#xD;
&#xD;
2019-08-21 20:39:55 - [MESSAGE][PASSED] - Object 'Object Repository/PartyOnboarding/Personal/PartyContacts/Contact Number_03_Code' is visible&#xD;
&#xD;
2019-08-21 20:39:55 - [MESSAGE][PASSED] - Text of object 'Object Repository/PartyOnboarding/Personal/PartyContacts/Contact Number_03_Code' is cleared&#xD;
&#xD;
2019-08-21 20:39:55 - [MESSAGE][PASSED] - Object 'Object Repository/PartyOnboarding/Personal/PartyContacts/Contact Number_03_Code' is visible&#xD;
&#xD;
2019-08-21 20:39:55 - [MESSAGE][PASSED] - Keys '+1' sent to object: 'Object Repository/PartyOnboarding/Personal/PartyContacts/Contact Number_03_Code'&#xD;
&#xD;
2019-08-21 20:39:55 - [MESSAGE][PASSED] - Object 'Object Repository/PartyOnboarding/Personal/PartyContacts/Contact Number_AreaCode' is visible&#xD;
&#xD;
2019-08-21 20:39:55 - [MESSAGE][PASSED] - Keys '' sent to object: 'Object Repository/PartyOnboarding/Personal/PartyContacts/Contact Number_AreaCode'&#xD;
&#xD;
2019-08-21 20:39:55 - [MESSAGE][PASSED] - Object 'Object Repository/PartyOnboarding/Personal/PartyContacts/Contact Number_Number' is visible&#xD;
&#xD;
2019-08-21 20:39:56 - [MESSAGE][PASSED] - Keys '9697989901' sent to object: 'Object Repository/PartyOnboarding/Personal/PartyContacts/Contact Number_Number'&#xD;
&#xD;
2019-08-21 20:39:56 - [MESSAGE][PASSED] - Object 'Object Repository/PartyOnboarding/Personal/PartyContacts/Contact Number_03_Code' is visible&#xD;
&#xD;
2019-08-21 20:39:56 - [MESSAGE][WARNING] - Object 'Object Repository/PartyOnboarding/Personal/PartyContacts/Contact Number_03_Code' does not have attribute 'readonly' (Root cause: com.kms.katalon.core.exception.StepFailedException: Object 'Object Repository/PartyOnboarding/Personal/PartyContacts/Contact Number_03_Code' does not have attribute 'readonly'&#xD;
	at com.kms.katalon.core.webui.keyword.internal.WebUIKeywordMain.stepFailed(WebUIKeywordMain.groovy:64)&#xD;
	at com.kms.katalon.core.webui.keyword.builtin.VerifyElementHasAttributeKeyword$_verifyElementHasAttribute_closure1.doCall(VerifyElementHasAttributeKeyword.groovy:89)&#xD;
	at com.kms.katalon.core.webui.keyword.builtin.VerifyElementHasAttributeKeyword$_verifyElementHasAttribute_closure1.call(VerifyElementHasAttributeKeyword.groovy)&#xD;
	at com.kms.katalon.core.webui.keyword.internal.WebUIKeywordMain.runKeyword(WebUIKeywordMain.groovy:20)&#xD;
	at com.kms.katalon.core.webui.keyword.builtin.VerifyElementHasAttributeKeyword.verifyElementHasAttribute(VerifyElementHasAttributeKeyword.groovy:100)&#xD;
	at com.kms.katalon.core.webui.keyword.builtin.VerifyElementHasAttributeKeyword.execute(VerifyElementHasAttributeKeyword.groovy:69)&#xD;
	at com.kms.katalon.core.keyword.internal.KeywordExecutor.executeKeywordForPlatform(KeywordExecutor.groovy:56)&#xD;
	at com.kms.katalon.core.webui.keyword.WebUiBuiltInKeywords.verifyElementHasAttribute(WebUiBuiltInKeywords.groovy:3166)&#xD;
	at com.kms.katalon.core.webui.keyword.WebUiBuiltInKeywords$verifyElementHasAttribute$11.call(Unknown Source)&#xD;
	at pageObjects.PartyOnboarding.inputDataForPartyContacts(PartyOnboarding.groovy:736)&#xD;
	at PartyOnboardingEnterprise.run(PartyOnboardingEnterprise:61)&#xD;
	at com.kms.katalon.core.main.ScriptEngine.run(ScriptEngine.java:194)&#xD;
	at com.kms.katalon.core.main.ScriptEngine.runScriptAsRawText(ScriptEngine.java:119)&#xD;
	at com.kms.katalon.core.main.TestCaseExecutor.runScript(TestCaseExecutor.java:337)&#xD;
	at com.kms.katalon.core.main.TestCaseExecutor.doExecute(TestCaseExecutor.java:328)&#xD;
	at com.kms.katalon.core.main.TestCaseExecutor.processExecutionPhase(TestCaseExecutor.java:307)&#xD;
	at com.kms.katalon.core.main.TestCaseExecutor.accessMainPhase(TestCaseExecutor.java:299)&#xD;
	at com.kms.katalon.core.main.TestCaseExecutor.execute(TestCaseExecutor.java:233)&#xD;
	at com.kms.katalon.core.main.TestSuiteExecutor.accessTestCaseMainPhase(TestSuiteExecutor.java:133)&#xD;
	at com.kms.katalon.core.main.TestSuiteExecutor.accessTestSuiteMainPhase(TestSuiteExecutor.java:116)&#xD;
	at com.kms.katalon.core.main.TestSuiteExecutor.execute(TestSuiteExecutor.java:83)&#xD;
	at com.kms.katalon.core.main.TestCaseMain.startTestSuite(TestCaseMain.java:157)&#xD;
	at com.kms.katalon.core.main.TestCaseMain$startTestSuite$0.call(Unknown Source)&#xD;
	at TempTestSuite1566396522347.run(TempTestSuite1566396522347.groovy:35)&#xD;
)&#xD;
[[ATTACHMENT|C:\\ML\\JITS\\AYA\\Automation\\FBE\\FBE\\Reports\\DataPreparation\\PartyOnboardingPersonal\\20190821_203842\\1566396596135.png]]&#xD;
&#xD;
2019-08-21 20:39:56 - [MESSAGE][PASSED] - Object 'Object Repository/PartyOnboarding/Personal/PartyContacts/Valid From' is visible&#xD;
&#xD;
2019-08-21 20:39:56 - [MESSAGE][PASSED] - Text of object 'Object Repository/PartyOnboarding/Personal/PartyContacts/Valid From' is cleared&#xD;
&#xD;
2019-08-21 20:39:56 - [MESSAGE][PASSED] - Object 'Object Repository/PartyOnboarding/Personal/PartyContacts/Valid From' is visible&#xD;
&#xD;
2019-08-21 20:39:56 - [MESSAGE][PASSED] - Keys '2018-01-24' sent to object: 'Object Repository/PartyOnboarding/Personal/PartyContacts/Valid From'&#xD;
&#xD;
2019-08-21 20:39:56 - [MESSAGE][PASSED] - Object 'Object Repository/PartyOnboarding/Personal/PartyContacts/Save Row' is visible&#xD;
&#xD;
2019-08-21 20:39:57 - [MESSAGE][PASSED] - Execute JavaScript 'arguments[0].click();' successfully&#xD;
&#xD;
2019-08-21 20:39:57 - [MESSAGE][PASSED] - Object 'Object Repository/PartyOnboarding/Personal/PartyContacts/New Row' is visible&#xD;
&#xD;
2019-08-21 20:39:57 - [MESSAGE][PASSED] - Execute JavaScript 'arguments[0].click();' successfully&#xD;
&#xD;
2019-08-21 20:39:58 - [MESSAGE][PASSED] - Delayed 1 second(s)&#xD;
&#xD;
2019-08-21 20:39:58 - [MESSAGE][PASSED] - Object 'Object Repository/PartyOnboarding/Personal/PartyContacts/Contact Method' is visible&#xD;
&#xD;
2019-08-21 20:39:58 - [MESSAGE][PASSED] - Keys 'TAB + Email' sent to object: 'Object Repository/PartyOnboarding/Personal/PartyContacts/Contact Method'&#xD;
&#xD;
2019-08-21 20:39:59 - [MESSAGE][PASSED] - Delayed 1 second(s)&#xD;
&#xD;
2019-08-21 20:39:59 - [MESSAGE][PASSED] - Object 'Object Repository/PartyOnboarding/Personal/PartyContacts/Contact Type  Location' is visible&#xD;
&#xD;
2019-08-21 20:39:59 - [MESSAGE][PASSED] - Keys 'TAB + Personal' sent to object: 'Object Repository/PartyOnboarding/Personal/PartyContacts/Contact Type  Location'&#xD;
&#xD;
2019-08-21 20:39:59 - [MESSAGE][PASSED] - Object 'Object Repository/PartyOnboarding/Personal/PartyContacts/Contact Email' is visible&#xD;
&#xD;
2019-08-21 20:40:00 - [MESSAGE][WARNING] - Object 'Object Repository/PartyOnboarding/Personal/PartyContacts/Contact Email' does not have attribute 'readonly' (Root cause: com.kms.katalon.core.exception.StepFailedException: Object 'Object Repository/PartyOnboarding/Personal/PartyContacts/Contact Email' does not have attribute 'readonly'&#xD;
	at com.kms.katalon.core.webui.keyword.internal.WebUIKeywordMain.stepFailed(WebUIKeywordMain.groovy:64)&#xD;
	at com.kms.katalon.core.webui.keyword.builtin.VerifyElementHasAttributeKeyword$_verifyElementHasAttribute_closure1.doCall(VerifyElementHasAttributeKeyword.groovy:89)&#xD;
	at com.kms.katalon.core.webui.keyword.builtin.VerifyElementHasAttributeKeyword$_verifyElementHasAttribute_closure1.call(VerifyElementHasAttributeKeyword.groovy)&#xD;
	at com.kms.katalon.core.webui.keyword.internal.WebUIKeywordMain.runKeyword(WebUIKeywordMain.groovy:20)&#xD;
	at com.kms.katalon.core.webui.keyword.builtin.VerifyElementHasAttributeKeyword.verifyElementHasAttribute(VerifyElementHasAttributeKeyword.groovy:100)&#xD;
	at com.kms.katalon.core.webui.keyword.builtin.VerifyElementHasAttributeKeyword.execute(VerifyElementHasAttributeKeyword.groovy:69)&#xD;
	at com.kms.katalon.core.keyword.internal.KeywordExecutor.executeKeywordForPlatform(KeywordExecutor.groovy:56)&#xD;
	at com.kms.katalon.core.webui.keyword.WebUiBuiltInKeywords.verifyElementHasAttribute(WebUiBuiltInKeywords.groovy:3166)&#xD;
	at com.kms.katalon.core.webui.keyword.WebUiBuiltInKeywords$verifyElementHasAttribute$11.call(Unknown Source)&#xD;
	at pageObjects.PartyOnboarding.inputDataForPartyContacts(PartyOnboarding.groovy:721)&#xD;
	at PartyOnboardingEnterprise.run(PartyOnboardingEnterprise:61)&#xD;
	at com.kms.katalon.core.main.ScriptEngine.run(ScriptEngine.java:194)&#xD;
	at com.kms.katalon.core.main.ScriptEngine.runScriptAsRawText(ScriptEngine.java:119)&#xD;
	at com.kms.katalon.core.main.TestCaseExecutor.runScript(TestCaseExecutor.java:337)&#xD;
	at com.kms.katalon.core.main.TestCaseExecutor.doExecute(TestCaseExecutor.java:328)&#xD;
	at com.kms.katalon.core.main.TestCaseExecutor.processExecutionPhase(TestCaseExecutor.java:307)&#xD;
	at com.kms.katalon.core.main.TestCaseExecutor.accessMainPhase(TestCaseExecutor.java:299)&#xD;
	at com.kms.katalon.core.main.TestCaseExecutor.execute(TestCaseExecutor.java:233)&#xD;
	at com.kms.katalon.core.main.TestSuiteExecutor.accessTestCaseMainPhase(TestSuiteExecutor.java:133)&#xD;
	at com.kms.katalon.core.main.TestSuiteExecutor.accessTestSuiteMainPhase(TestSuiteExecutor.java:116)&#xD;
	at com.kms.katalon.core.main.TestSuiteExecutor.execute(TestSuiteExecutor.java:83)&#xD;
	at com.kms.katalon.core.main.TestCaseMain.startTestSuite(TestCaseMain.java:157)&#xD;
	at com.kms.katalon.core.main.TestCaseMain$startTestSuite$0.call(Unknown Source)&#xD;
	at TempTestSuite1566396522347.run(TempTestSuite1566396522347.groovy:35)&#xD;
)&#xD;
[[ATTACHMENT|C:\\ML\\JITS\\AYA\\Automation\\FBE\\FBE\\Reports\\DataPreparation\\PartyOnboardingPersonal\\20190821_203842\\1566396599818.png]]&#xD;
&#xD;
2019-08-21 20:40:00 - [MESSAGE][PASSED] - Object 'Object Repository/PartyOnboarding/Personal/PartyContacts/Contact Number_03_Code' is visible&#xD;
&#xD;
2019-08-21 20:40:00 - [MESSAGE][PASSED] - Object 'Object Repository/PartyOnboarding/Personal/PartyContacts/Contact Number_03_Code' has attribute 'readonly'&#xD;
&#xD;
2019-08-21 20:40:00 - [MESSAGE][PASSED] - Object 'Object Repository/PartyOnboarding/Personal/PartyContacts/Contact Email' is visible&#xD;
&#xD;
2019-08-21 20:40:00 - [MESSAGE][PASSED] - Keys 'nguyenthimyle@gmail.com' sent to object: 'Object Repository/PartyOnboarding/Personal/PartyContacts/Contact Email'&#xD;
&#xD;
2019-08-21 20:40:00 - [MESSAGE][PASSED] - Object 'Object Repository/PartyOnboarding/Personal/PartyContacts/Confirm Email' is visible&#xD;
&#xD;
2019-08-21 20:40:01 - [MESSAGE][PASSED] - Keys 'nguyenthimyle@gmail.com' sent to object: 'Object Repository/PartyOnboarding/Personal/PartyContacts/Confirm Email'&#xD;
&#xD;
2019-08-21 20:40:01 - [MESSAGE][PASSED] - Object 'Object Repository/PartyOnboarding/Personal/PartyContacts/Valid From' is visible&#xD;
&#xD;
2019-08-21 20:40:01 - [MESSAGE][PASSED] - Text of object 'Object Repository/PartyOnboarding/Personal/PartyContacts/Valid From' is cleared&#xD;
&#xD;
2019-08-21 20:40:01 - [MESSAGE][PASSED] - Object 'Object Repository/PartyOnboarding/Personal/PartyContacts/Valid From' is visible&#xD;
&#xD;
2019-08-21 20:40:02 - [MESSAGE][PASSED] - Keys '2017-01-24' sent to object: 'Object Repository/PartyOnboarding/Personal/PartyContacts/Valid From'&#xD;
&#xD;
2019-08-21 20:40:02 - [MESSAGE][PASSED] - Object 'Object Repository/PartyOnboarding/Personal/PartyContacts/Save Row' is visible&#xD;
&#xD;
2019-08-21 20:40:02 - [MESSAGE][PASSED] - Execute JavaScript 'arguments[0].click();' successfully&#xD;
&#xD;
2019-08-21 20:40:02 - [TEST_STEP][PASSED] - partyOnboardingEnterprise.clickNextbutton(): Object: 'Object Repository/PartyOnboarding/btn_Next' is clicked on&#xD;
&#xD;
2019-08-21 20:40:02 - [MESSAGE][PASSED] - Object 'Object Repository/PartyOnboarding/btn_Next' is visible&#xD;
&#xD;
2019-08-21 20:40:02 - [MESSAGE][PASSED] - Object: 'Object Repository/PartyOnboarding/btn_Next' is clicked on&#xD;
&#xD;
2019-08-21 20:40:02 - [TEST_STEP][PASSED] - partyOnboardingEnterprise.inputDataForPartyRequiredDocuments(s06_documentCategory, s06_kycExpired, s06_documentType, s06_validFrom, s06_validTo, s06_referenceNumber, s06_issuingAuthority, s06_issuingCountry, s06_documentVerified, s06_image, s06_documentCollectionStatus): Keys 'Documents collected and validated centrally' sent to object: 'Object Repository/PartyOnboarding/Personal/PartyRequiredDocument/ddl_DocumentsCollectionStatus'&#xD;
&#xD;
2019-08-21 20:40:03 - [MESSAGE][PASSED] - Delayed 1 second(s)&#xD;
&#xD;
2019-08-21 20:40:03 - [MESSAGE][PASSED] - Object 'Object Repository/PartyOnboarding/Personal/PartyRequiredDocument/New Row' is visible&#xD;
&#xD;
2019-08-21 20:40:03 - [MESSAGE][PASSED] - Execute JavaScript 'arguments[0].click();' successfully&#xD;
&#xD;
2019-08-21 20:40:03 - [MESSAGE][PASSED] - Object 'Object Repository/PartyOnboarding/Personal/PartyRequiredDocument/DocumentCategory' is visible&#xD;
&#xD;
2019-08-21 20:40:04 - [MESSAGE][PASSED] - Keys 'TAB + PT-AUTHORIZED MYCO USER' sent to object: 'Object Repository/PartyOnboarding/Personal/PartyRequiredDocument/DocumentCategory'&#xD;
&#xD;
2019-08-21 20:40:05 - [MESSAGE][PASSED] - Delayed 1 second(s)&#xD;
&#xD;
2019-08-21 20:40:05 - [MESSAGE][PASSED] - Object 'Object Repository/PartyOnboarding/Personal/PartyRequiredDocument/Document Type' is visible&#xD;
&#xD;
2019-08-21 20:40:06 - [MESSAGE][PASSED] - Keys 'TAB + AUTHORIZED MYCO USER' sent to object: 'Object Repository/PartyOnboarding/Personal/PartyRequiredDocument/Document Type'&#xD;
&#xD;
2019-08-21 20:40:07 - [MESSAGE][PASSED] - Delayed 1 second(s)&#xD;
&#xD;
2019-08-21 20:40:07 - [MESSAGE][PASSED] - Object 'Object Repository/PartyOnboarding/Personal/PartyRequiredDocument/Issuing Country' is visible&#xD;
&#xD;
2019-08-21 20:40:07 - [MESSAGE][PASSED] - Keys 'Myanmar' sent to object: 'Object Repository/PartyOnboarding/Personal/PartyRequiredDocument/Issuing Country'&#xD;
&#xD;
2019-08-21 20:40:08 - [MESSAGE][PASSED] - Delayed 1 second(s)&#xD;
&#xD;
2019-08-21 20:40:08 - [MESSAGE][PASSED] - Object 'Object Repository/PartyOnboarding/Personal/PartyRequiredDocument/Document Verified' is visible&#xD;
&#xD;
2019-08-21 20:40:09 - [MESSAGE][PASSED] - Keys 'TAB + TRUE' sent to object: 'Object Repository/PartyOnboarding/Personal/PartyRequiredDocument/Document Verified'&#xD;
&#xD;
2019-08-21 20:40:09 - [MESSAGE][PASSED] - Object 'Object Repository/PartyOnboarding/Personal/PartyRequiredDocument/Save Row' is visible&#xD;
&#xD;
2019-08-21 20:40:09 - [MESSAGE][PASSED] - Execute JavaScript 'arguments[0].click();' successfully&#xD;
&#xD;
2019-08-21 20:40:09 - [MESSAGE][PASSED] - Object 'Object Repository/PartyOnboarding/Personal/PartyRequiredDocument/New Row' is visible&#xD;
&#xD;
2019-08-21 20:40:09 - [MESSAGE][PASSED] - Execute JavaScript 'arguments[0].click();' successfully&#xD;
&#xD;
2019-08-21 20:40:09 - [MESSAGE][PASSED] - Object 'Object Repository/PartyOnboarding/Personal/PartyRequiredDocument/DocumentCategory' is visible&#xD;
&#xD;
2019-08-21 20:40:10 - [MESSAGE][PASSED] - Keys 'TAB + PT-BOARD OF DIRECTORS RESOLUTION' sent to object: 'Object Repository/PartyOnboarding/Personal/PartyRequiredDocument/DocumentCategory'&#xD;
&#xD;
2019-08-21 20:40:11 - [MESSAGE][PASSED] - Delayed 1 second(s)&#xD;
&#xD;
2019-08-21 20:40:11 - [MESSAGE][PASSED] - Object 'Object Repository/PartyOnboarding/Personal/PartyRequiredDocument/Document Type' is visible&#xD;
&#xD;
2019-08-21 20:40:13 - [MESSAGE][PASSED] - Keys 'TAB + BOARD OF DIRECTORS RESOLUTION' sent to object: 'Object Repository/PartyOnboarding/Personal/PartyRequiredDocument/Document Type'&#xD;
&#xD;
2019-08-21 20:40:14 - [MESSAGE][PASSED] - Delayed 1 second(s)&#xD;
&#xD;
2019-08-21 20:40:14 - [MESSAGE][PASSED] - Object 'Object Repository/PartyOnboarding/Personal/PartyRequiredDocument/Issuing Country' is visible&#xD;
&#xD;
2019-08-21 20:40:14 - [MESSAGE][PASSED] - Keys 'Myanmar' sent to object: 'Object Repository/PartyOnboarding/Personal/PartyRequiredDocument/Issuing Country'&#xD;
&#xD;
2019-08-21 20:40:15 - [MESSAGE][PASSED] - Delayed 1 second(s)&#xD;
&#xD;
2019-08-21 20:40:15 - [MESSAGE][PASSED] - Object 'Object Repository/PartyOnboarding/Personal/PartyRequiredDocument/Document Verified' is visible&#xD;
&#xD;
2019-08-21 20:40:15 - [MESSAGE][PASSED] - Keys 'TAB + TRUE' sent to object: 'Object Repository/PartyOnboarding/Personal/PartyRequiredDocument/Document Verified'&#xD;
&#xD;
2019-08-21 20:40:15 - [MESSAGE][PASSED] - Object 'Object Repository/PartyOnboarding/Personal/PartyRequiredDocument/Save Row' is visible&#xD;
&#xD;
2019-08-21 20:40:15 - [MESSAGE][PASSED] - Execute JavaScript 'arguments[0].click();' successfully&#xD;
&#xD;
2019-08-21 20:40:15 - [MESSAGE][PASSED] - Object 'Object Repository/PartyOnboarding/Personal/PartyRequiredDocument/New Row' is visible&#xD;
&#xD;
2019-08-21 20:40:15 - [MESSAGE][PASSED] - Execute JavaScript 'arguments[0].click();' successfully&#xD;
&#xD;
2019-08-21 20:40:15 - [MESSAGE][PASSED] - Object 'Object Repository/PartyOnboarding/Personal/PartyRequiredDocument/DocumentCategory' is visible&#xD;
&#xD;
2019-08-21 20:40:17 - [MESSAGE][PASSED] - Keys 'TAB + PT-CERTIFICATE OF INCORPORATION' sent to object: 'Object Repository/PartyOnboarding/Personal/PartyRequiredDocument/DocumentCategory'&#xD;
&#xD;
2019-08-21 20:40:18 - [MESSAGE][PASSED] - Delayed 1 second(s)&#xD;
&#xD;
2019-08-21 20:40:18 - [MESSAGE][PASSED] - Object 'Object Repository/PartyOnboarding/Personal/PartyRequiredDocument/Document Type' is visible&#xD;
&#xD;
2019-08-21 20:40:19 - [MESSAGE][PASSED] - Keys 'TAB + CERTIFICATE OF INCORPORATION' sent to object: 'Object Repository/PartyOnboarding/Personal/PartyRequiredDocument/Document Type'&#xD;
&#xD;
2019-08-21 20:40:20 - [MESSAGE][PASSED] - Delayed 1 second(s)&#xD;
&#xD;
2019-08-21 20:40:20 - [MESSAGE][PASSED] - Object 'Object Repository/PartyOnboarding/Personal/PartyRequiredDocument/Issuing Country' is visible&#xD;
&#xD;
2019-08-21 20:40:20 - [MESSAGE][PASSED] - Keys 'Myanmar' sent to object: 'Object Repository/PartyOnboarding/Personal/PartyRequiredDocument/Issuing Country'&#xD;
&#xD;
2019-08-21 20:40:21 - [MESSAGE][PASSED] - Delayed 1 second(s)&#xD;
&#xD;
2019-08-21 20:40:21 - [MESSAGE][PASSED] - Object 'Object Repository/PartyOnboarding/Personal/PartyRequiredDocument/Document Verified' is visible&#xD;
&#xD;
2019-08-21 20:40:22 - [MESSAGE][PASSED] - Keys 'TAB + TRUE' sent to object: 'Object Repository/PartyOnboarding/Personal/PartyRequiredDocument/Document Verified'&#xD;
&#xD;
2019-08-21 20:40:22 - [MESSAGE][PASSED] - Object 'Object Repository/PartyOnboarding/Personal/PartyRequiredDocument/Save Row' is visible&#xD;
&#xD;
2019-08-21 20:40:22 - [MESSAGE][PASSED] - Execute JavaScript 'arguments[0].click();' successfully&#xD;
&#xD;
2019-08-21 20:40:22 - [MESSAGE][PASSED] - Object 'Object Repository/PartyOnboarding/Personal/PartyRequiredDocument/New Row' is visible&#xD;
&#xD;
2019-08-21 20:40:22 - [MESSAGE][PASSED] - Execute JavaScript 'arguments[0].click();' successfully&#xD;
&#xD;
2019-08-21 20:40:22 - [MESSAGE][PASSED] - Object 'Object Repository/PartyOnboarding/Personal/PartyRequiredDocument/DocumentCategory' is visible&#xD;
&#xD;
2019-08-21 20:40:23 - [MESSAGE][PASSED] - Keys 'TAB + PT-FILING HISTORY' sent to object: 'Object Repository/PartyOnboarding/Personal/PartyRequiredDocument/DocumentCategory'&#xD;
&#xD;
2019-08-21 20:40:24 - [MESSAGE][PASSED] - Delayed 1 second(s)&#xD;
&#xD;
2019-08-21 20:40:24 - [MESSAGE][PASSED] - Object 'Object Repository/PartyOnboarding/Personal/PartyRequiredDocument/Document Type' is visible&#xD;
&#xD;
2019-08-21 20:40:24 - [MESSAGE][PASSED] - Keys 'TAB + FILING HISTORY' sent to object: 'Object Repository/PartyOnboarding/Personal/PartyRequiredDocument/Document Type'&#xD;
&#xD;
2019-08-21 20:40:25 - [MESSAGE][PASSED] - Delayed 1 second(s)&#xD;
&#xD;
2019-08-21 20:40:25 - [MESSAGE][PASSED] - Object 'Object Repository/PartyOnboarding/Personal/PartyRequiredDocument/Issuing Country' is visible&#xD;
&#xD;
2019-08-21 20:40:26 - [MESSAGE][PASSED] - Keys 'Myanmar' sent to object: 'Object Repository/PartyOnboarding/Personal/PartyRequiredDocument/Issuing Country'&#xD;
&#xD;
2019-08-21 20:40:27 - [MESSAGE][PASSED] - Delayed 1 second(s)&#xD;
&#xD;
2019-08-21 20:40:27 - [MESSAGE][PASSED] - Object 'Object Repository/PartyOnboarding/Personal/PartyRequiredDocument/Document Verified' is visible&#xD;
&#xD;
2019-08-21 20:40:27 - [MESSAGE][PASSED] - Keys 'TAB + TRUE' sent to object: 'Object Repository/PartyOnboarding/Personal/PartyRequiredDocument/Document Verified'&#xD;
&#xD;
2019-08-21 20:40:27 - [MESSAGE][PASSED] - Object 'Object Repository/PartyOnboarding/Personal/PartyRequiredDocument/Save Row' is visible&#xD;
&#xD;
2019-08-21 20:40:27 - [MESSAGE][PASSED] - Execute JavaScript 'arguments[0].click();' successfully&#xD;
&#xD;
2019-08-21 20:40:27 - [MESSAGE][PASSED] - Object 'Object Repository/PartyOnboarding/Personal/PartyRequiredDocument/New Row' is visible&#xD;
&#xD;
2019-08-21 20:40:27 - [MESSAGE][PASSED] - Execute JavaScript 'arguments[0].click();' successfully&#xD;
&#xD;
2019-08-21 20:40:27 - [MESSAGE][PASSED] - Object 'Object Repository/PartyOnboarding/Personal/PartyRequiredDocument/DocumentCategory' is visible&#xD;
&#xD;
2019-08-21 20:40:28 - [MESSAGE][PASSED] - Keys 'TAB + PT-FORM QA 22(FOREIGNER)' sent to object: 'Object Repository/PartyOnboarding/Personal/PartyRequiredDocument/DocumentCategory'&#xD;
&#xD;
2019-08-21 20:40:29 - [MESSAGE][PASSED] - Delayed 1 second(s)&#xD;
&#xD;
2019-08-21 20:40:29 - [MESSAGE][PASSED] - Object 'Object Repository/PartyOnboarding/Personal/PartyRequiredDocument/Document Type' is visible&#xD;
&#xD;
2019-08-21 20:40:30 - [MESSAGE][PASSED] - Keys 'TAB + FORM QA 22(FOREIGNER)' sent to object: 'Object Repository/PartyOnboarding/Personal/PartyRequiredDocument/Document Type'&#xD;
&#xD;
2019-08-21 20:40:31 - [MESSAGE][PASSED] - Delayed 1 second(s)&#xD;
&#xD;
2019-08-21 20:40:31 - [MESSAGE][PASSED] - Object 'Object Repository/PartyOnboarding/Personal/PartyRequiredDocument/Issuing Country' is visible&#xD;
&#xD;
2019-08-21 20:40:32 - [MESSAGE][PASSED] - Keys 'Myanmar' sent to object: 'Object Repository/PartyOnboarding/Personal/PartyRequiredDocument/Issuing Country'&#xD;
&#xD;
2019-08-21 20:40:33 - [MESSAGE][PASSED] - Delayed 1 second(s)&#xD;
&#xD;
2019-08-21 20:40:33 - [MESSAGE][PASSED] - Object 'Object Repository/PartyOnboarding/Personal/PartyRequiredDocument/Document Verified' is visible&#xD;
&#xD;
2019-08-21 20:40:34 - [MESSAGE][PASSED] - Keys 'TAB + TRUE' sent to object: 'Object Repository/PartyOnboarding/Personal/PartyRequiredDocument/Document Verified'&#xD;
&#xD;
2019-08-21 20:40:34 - [MESSAGE][PASSED] - Object 'Object Repository/PartyOnboarding/Personal/PartyRequiredDocument/Save Row' is visible&#xD;
&#xD;
2019-08-21 20:40:34 - [MESSAGE][PASSED] - Execute JavaScript 'arguments[0].click();' successfully&#xD;
&#xD;
2019-08-21 20:40:34 - [MESSAGE][PASSED] - Object 'Object Repository/PartyOnboarding/Personal/PartyRequiredDocument/New Row' is visible&#xD;
&#xD;
2019-08-21 20:40:34 - [MESSAGE][PASSED] - Execute JavaScript 'arguments[0].click();' successfully&#xD;
&#xD;
2019-08-21 20:40:34 - [MESSAGE][PASSED] - Object 'Object Repository/PartyOnboarding/Personal/PartyRequiredDocument/DocumentCategory' is visible&#xD;
&#xD;
2019-08-21 20:40:36 - [MESSAGE][PASSED] - Keys 'TAB + PT-LIST OF DIRECTORS AND MEMBER DETAILS' sent to object: 'Object Repository/PartyOnboarding/Personal/PartyRequiredDocument/DocumentCategory'&#xD;
&#xD;
2019-08-21 20:40:37 - [MESSAGE][PASSED] - Delayed 1 second(s)&#xD;
&#xD;
2019-08-21 20:40:38 - [MESSAGE][PASSED] - Object 'Object Repository/PartyOnboarding/Personal/PartyRequiredDocument/Document Type' is visible&#xD;
&#xD;
2019-08-21 20:40:39 - [MESSAGE][PASSED] - Keys 'TAB + LIST OF DIRECTORS AND MEMBER DETAILS' sent to object: 'Object Repository/PartyOnboarding/Personal/PartyRequiredDocument/Document Type'&#xD;
&#xD;
2019-08-21 20:40:40 - [MESSAGE][PASSED] - Delayed 1 second(s)&#xD;
&#xD;
2019-08-21 20:40:40 - [MESSAGE][PASSED] - Object 'Object Repository/PartyOnboarding/Personal/PartyRequiredDocument/Issuing Country' is visible&#xD;
&#xD;
2019-08-21 20:40:41 - [MESSAGE][PASSED] - Keys 'Myanmar' sent to object: 'Object Repository/PartyOnboarding/Personal/PartyRequiredDocument/Issuing Country'&#xD;
&#xD;
2019-08-21 20:40:42 - [MESSAGE][PASSED] - Delayed 1 second(s)&#xD;
&#xD;
2019-08-21 20:40:42 - [MESSAGE][PASSED] - Object 'Object Repository/PartyOnboarding/Personal/PartyRequiredDocument/Document Verified' is visible&#xD;
&#xD;
2019-08-21 20:40:42 - [MESSAGE][PASSED] - Keys 'TAB + TRUE' sent to object: 'Object Repository/PartyOnboarding/Personal/PartyRequiredDocument/Document Verified'&#xD;
&#xD;
2019-08-21 20:40:42 - [MESSAGE][PASSED] - Object 'Object Repository/PartyOnboarding/Personal/PartyRequiredDocument/Save Row' is visible&#xD;
&#xD;
2019-08-21 20:40:42 - [MESSAGE][PASSED] - Execute JavaScript 'arguments[0].click();' successfully&#xD;
&#xD;
2019-08-21 20:40:42 - [MESSAGE][PASSED] - Object 'Object Repository/PartyOnboarding/Personal/PartyRequiredDocument/New Row' is visible&#xD;
&#xD;
2019-08-21 20:40:42 - [MESSAGE][PASSED] - Execute JavaScript 'arguments[0].click();' successfully&#xD;
&#xD;
2019-08-21 20:40:42 - [MESSAGE][PASSED] - Object 'Object Repository/PartyOnboarding/Personal/PartyRequiredDocument/DocumentCategory' is visible&#xD;
&#xD;
2019-08-21 20:40:44 - [MESSAGE][PASSED] - Keys 'TAB + PT-LIST OF SHAREHOLDERS AND MEMBER DETAILS' sent to object: 'Object Repository/PartyOnboarding/Personal/PartyRequiredDocument/DocumentCategory'&#xD;
&#xD;
2019-08-21 20:40:45 - [MESSAGE][PASSED] - Delayed 1 second(s)&#xD;
&#xD;
2019-08-21 20:40:45 - [MESSAGE][PASSED] - Object 'Object Repository/PartyOnboarding/Personal/PartyRequiredDocument/Document Type' is visible&#xD;
&#xD;
2019-08-21 20:40:47 - [MESSAGE][PASSED] - Keys 'TAB + LIST OF SHAREHOLDERS AND MEMBER DETAILS' sent to object: 'Object Repository/PartyOnboarding/Personal/PartyRequiredDocument/Document Type'&#xD;
&#xD;
2019-08-21 20:40:48 - [MESSAGE][PASSED] - Delayed 1 second(s)&#xD;
&#xD;
2019-08-21 20:40:48 - [MESSAGE][PASSED] - Object 'Object Repository/PartyOnboarding/Personal/PartyRequiredDocument/Issuing Country' is visible&#xD;
&#xD;
2019-08-21 20:40:48 - [MESSAGE][PASSED] - Keys 'Myanmar' sent to object: 'Object Repository/PartyOnboarding/Personal/PartyRequiredDocument/Issuing Country'&#xD;
&#xD;
2019-08-21 20:40:49 - [MESSAGE][PASSED] - Delayed 1 second(s)&#xD;
&#xD;
2019-08-21 20:40:49 - [MESSAGE][PASSED] - Object 'Object Repository/PartyOnboarding/Personal/PartyRequiredDocument/Document Verified' is visible&#xD;
&#xD;
2019-08-21 20:40:50 - [MESSAGE][PASSED] - Keys 'TAB + TRUE' sent to object: 'Object Repository/PartyOnboarding/Personal/PartyRequiredDocument/Document Verified'&#xD;
&#xD;
2019-08-21 20:40:50 - [MESSAGE][PASSED] - Object 'Object Repository/PartyOnboarding/Personal/PartyRequiredDocument/Save Row' is visible&#xD;
&#xD;
2019-08-21 20:40:50 - [MESSAGE][PASSED] - Execute JavaScript 'arguments[0].click();' successfully&#xD;
&#xD;
2019-08-21 20:40:50 - [MESSAGE][PASSED] - Object 'Object Repository/PartyOnboarding/Personal/PartyRequiredDocument/New Row' is visible&#xD;
&#xD;
2019-08-21 20:40:50 - [MESSAGE][PASSED] - Execute JavaScript 'arguments[0].click();' successfully&#xD;
&#xD;
2019-08-21 20:40:50 - [MESSAGE][PASSED] - Object 'Object Repository/PartyOnboarding/Personal/PartyRequiredDocument/DocumentCategory' is visible&#xD;
&#xD;
2019-08-21 20:40:52 - [MESSAGE][PASSED] - Keys 'TAB + PT-NRC/PASSPORT COPY OF AUTHORIZED SIGNATORY' sent to object: 'Object Repository/PartyOnboarding/Personal/PartyRequiredDocument/DocumentCategory'&#xD;
&#xD;
2019-08-21 20:40:53 - [MESSAGE][PASSED] - Delayed 1 second(s)&#xD;
&#xD;
2019-08-21 20:40:53 - [MESSAGE][PASSED] - Object 'Object Repository/PartyOnboarding/Personal/PartyRequiredDocument/Document Type' is visible&#xD;
&#xD;
2019-08-21 20:40:55 - [MESSAGE][PASSED] - Keys 'TAB + NRC/PASSPORT COPY OF AUTHORIZED SIGNATORY' sent to object: 'Object Repository/PartyOnboarding/Personal/PartyRequiredDocument/Document Type'&#xD;
&#xD;
2019-08-21 20:40:56 - [MESSAGE][PASSED] - Delayed 1 second(s)&#xD;
&#xD;
2019-08-21 20:40:56 - [MESSAGE][PASSED] - Object 'Object Repository/PartyOnboarding/Personal/PartyRequiredDocument/Issuing Country' is visible&#xD;
&#xD;
2019-08-21 20:40:56 - [MESSAGE][PASSED] - Keys 'Myanmar' sent to object: 'Object Repository/PartyOnboarding/Personal/PartyRequiredDocument/Issuing Country'&#xD;
&#xD;
2019-08-21 20:40:57 - [MESSAGE][PASSED] - Delayed 1 second(s)&#xD;
&#xD;
2019-08-21 20:40:57 - [MESSAGE][PASSED] - Object 'Object Repository/PartyOnboarding/Personal/PartyRequiredDocument/Document Verified' is visible&#xD;
&#xD;
2019-08-21 20:40:57 - [MESSAGE][PASSED] - Keys 'TAB + TRUE' sent to object: 'Object Repository/PartyOnboarding/Personal/PartyRequiredDocument/Document Verified'&#xD;
&#xD;
2019-08-21 20:40:57 - [MESSAGE][PASSED] - Object 'Object Repository/PartyOnboarding/Personal/PartyRequiredDocument/Save Row' is visible&#xD;
&#xD;
2019-08-21 20:40:57 - [MESSAGE][PASSED] - Execute JavaScript 'arguments[0].click();' successfully&#xD;
&#xD;
2019-08-21 20:40:57 - [MESSAGE][PASSED] - Object 'Object Repository/PartyOnboarding/Personal/PartyRequiredDocument/New Row' is visible&#xD;
&#xD;
2019-08-21 20:40:58 - [MESSAGE][PASSED] - Execute JavaScript 'arguments[0].click();' successfully&#xD;
&#xD;
2019-08-21 20:40:58 - [MESSAGE][PASSED] - Object 'Object Repository/PartyOnboarding/Personal/PartyRequiredDocument/DocumentCategory' is visible&#xD;
&#xD;
2019-08-21 20:40:59 - [MESSAGE][PASSED] - Keys 'TAB + PT-NRC/PASSPORT COPY OF SHAREHOLDERS' sent to object: 'Object Repository/PartyOnboarding/Personal/PartyRequiredDocument/DocumentCategory'&#xD;
&#xD;
2019-08-21 20:41:00 - [MESSAGE][PASSED] - Delayed 1 second(s)&#xD;
&#xD;
2019-08-21 20:41:00 - [MESSAGE][PASSED] - Object 'Object Repository/PartyOnboarding/Personal/PartyRequiredDocument/Document Type' is visible&#xD;
&#xD;
2019-08-21 20:41:02 - [MESSAGE][PASSED] - Keys 'TAB + NRC/PASSPORT COPY OF SHAREHOLDERS' sent to object: 'Object Repository/PartyOnboarding/Personal/PartyRequiredDocument/Document Type'&#xD;
&#xD;
2019-08-21 20:41:03 - [MESSAGE][PASSED] - Delayed 1 second(s)&#xD;
&#xD;
2019-08-21 20:41:03 - [MESSAGE][PASSED] - Object 'Object Repository/PartyOnboarding/Personal/PartyRequiredDocument/Issuing Country' is visible&#xD;
&#xD;
2019-08-21 20:41:03 - [MESSAGE][PASSED] - Keys 'Myanmar' sent to object: 'Object Repository/PartyOnboarding/Personal/PartyRequiredDocument/Issuing Country'&#xD;
&#xD;
2019-08-21 20:41:04 - [MESSAGE][PASSED] - Delayed 1 second(s)&#xD;
&#xD;
2019-08-21 20:41:04 - [MESSAGE][PASSED] - Object 'Object Repository/PartyOnboarding/Personal/PartyRequiredDocument/Document Verified' is visible&#xD;
&#xD;
2019-08-21 20:41:04 - [MESSAGE][PASSED] - Keys 'TAB + TRUE' sent to object: 'Object Repository/PartyOnboarding/Personal/PartyRequiredDocument/Document Verified'&#xD;
&#xD;
2019-08-21 20:41:04 - [MESSAGE][PASSED] - Object 'Object Repository/PartyOnboarding/Personal/PartyRequiredDocument/Save Row' is visible&#xD;
&#xD;
2019-08-21 20:41:04 - [MESSAGE][PASSED] - Execute JavaScript 'arguments[0].click();' successfully&#xD;
&#xD;
2019-08-21 20:41:04 - [MESSAGE][PASSED] - Object 'Object Repository/PartyOnboarding/Personal/PartyRequiredDocument/New Row' is visible&#xD;
&#xD;
2019-08-21 20:41:04 - [MESSAGE][PASSED] - Execute JavaScript 'arguments[0].click();' successfully&#xD;
&#xD;
2019-08-21 20:41:05 - [MESSAGE][PASSED] - Object 'Object Repository/PartyOnboarding/Personal/PartyRequiredDocument/DocumentCategory' is visible&#xD;
&#xD;
2019-08-21 20:41:06 - [MESSAGE][PASSED] - Keys 'TAB + PT-REGISTERED COMPANY ADDRESS' sent to object: 'Object Repository/PartyOnboarding/Personal/PartyRequiredDocument/DocumentCategory'&#xD;
&#xD;
2019-08-21 20:41:07 - [MESSAGE][PASSED] - Delayed 1 second(s)&#xD;
&#xD;
2019-08-21 20:41:07 - [MESSAGE][PASSED] - Object 'Object Repository/PartyOnboarding/Personal/PartyRequiredDocument/Document Type' is visible&#xD;
&#xD;
2019-08-21 20:41:08 - [MESSAGE][PASSED] - Keys 'TAB + REGISTERED COMPANY ADDRESS' sent to object: 'Object Repository/PartyOnboarding/Personal/PartyRequiredDocument/Document Type'&#xD;
&#xD;
2019-08-21 20:41:09 - [MESSAGE][PASSED] - Delayed 1 second(s)&#xD;
&#xD;
2019-08-21 20:41:09 - [MESSAGE][PASSED] - Object 'Object Repository/PartyOnboarding/Personal/PartyRequiredDocument/Issuing Country' is visible&#xD;
&#xD;
2019-08-21 20:41:09 - [MESSAGE][PASSED] - Keys 'Myanmar' sent to object: 'Object Repository/PartyOnboarding/Personal/PartyRequiredDocument/Issuing Country'&#xD;
&#xD;
2019-08-21 20:41:10 - [MESSAGE][PASSED] - Delayed 1 second(s)&#xD;
&#xD;
2019-08-21 20:41:10 - [MESSAGE][PASSED] - Object 'Object Repository/PartyOnboarding/Personal/PartyRequiredDocument/Document Verified' is visible&#xD;
&#xD;
2019-08-21 20:41:11 - [MESSAGE][PASSED] - Keys 'TAB + TRUE' sent to object: 'Object Repository/PartyOnboarding/Personal/PartyRequiredDocument/Document Verified'&#xD;
&#xD;
2019-08-21 20:41:11 - [MESSAGE][PASSED] - Object 'Object Repository/PartyOnboarding/Personal/PartyRequiredDocument/Save Row' is visible&#xD;
&#xD;
2019-08-21 20:41:11 - [MESSAGE][PASSED] - Execute JavaScript 'arguments[0].click();' successfully&#xD;
&#xD;
2019-08-21 20:41:11 - [MESSAGE][PASSED] - Object 'Object Repository/PartyOnboarding/Personal/PartyRequiredDocument/New Row' is visible&#xD;
&#xD;
2019-08-21 20:41:11 - [MESSAGE][PASSED] - Execute JavaScript 'arguments[0].click();' successfully&#xD;
&#xD;
2019-08-21 20:41:11 - [MESSAGE][PASSED] - Object 'Object Repository/PartyOnboarding/Personal/PartyRequiredDocument/DocumentCategory' is visible&#xD;
&#xD;
2019-08-21 20:41:13 - [MESSAGE][PASSED] - Keys 'TAB + PT-VALID VISA COPY OF AUTH. SIGNATORY(FOREIGNER)' sent to object: 'Object Repository/PartyOnboarding/Personal/PartyRequiredDocument/DocumentCategory'&#xD;
&#xD;
2019-08-21 20:41:14 - [MESSAGE][PASSED] - Delayed 1 second(s)&#xD;
&#xD;
2019-08-21 20:41:14 - [MESSAGE][PASSED] - Object 'Object Repository/PartyOnboarding/Personal/PartyRequiredDocument/Document Type' is visible&#xD;
&#xD;
2019-08-21 20:41:16 - [MESSAGE][PASSED] - Keys 'TAB + VALID VISA COPY OF AUTH. SIGNATORY(FOREIGNER)' sent to object: 'Object Repository/PartyOnboarding/Personal/PartyRequiredDocument/Document Type'&#xD;
&#xD;
2019-08-21 20:41:17 - [MESSAGE][PASSED] - Delayed 1 second(s)&#xD;
&#xD;
2019-08-21 20:41:17 - [MESSAGE][PASSED] - Object 'Object Repository/PartyOnboarding/Personal/PartyRequiredDocument/Issuing Country' is visible&#xD;
&#xD;
2019-08-21 20:41:17 - [MESSAGE][PASSED] - Keys 'Myanmar' sent to object: 'Object Repository/PartyOnboarding/Personal/PartyRequiredDocument/Issuing Country'&#xD;
&#xD;
2019-08-21 20:41:18 - [MESSAGE][PASSED] - Delayed 1 second(s)&#xD;
&#xD;
2019-08-21 20:41:18 - [MESSAGE][PASSED] - Object 'Object Repository/PartyOnboarding/Personal/PartyRequiredDocument/Document Verified' is visible&#xD;
&#xD;
2019-08-21 20:41:19 - [MESSAGE][PASSED] - Keys 'TAB + TRUE' sent to object: 'Object Repository/PartyOnboarding/Personal/PartyRequiredDocument/Document Verified'&#xD;
&#xD;
2019-08-21 20:41:19 - [MESSAGE][PASSED] - Object 'Object Repository/PartyOnboarding/Personal/PartyRequiredDocument/Save Row' is visible&#xD;
&#xD;
2019-08-21 20:41:19 - [MESSAGE][PASSED] - Execute JavaScript 'arguments[0].click();' successfully&#xD;
&#xD;
2019-08-21 20:41:19 - [MESSAGE][PASSED] - Object 'Object Repository/PartyOnboarding/Personal/PartyRequiredDocument/ddl_DocumentsCollectionStatus' is visible&#xD;
&#xD;
2019-08-21 20:41:20 - [MESSAGE][PASSED] - Keys 'Documents collected and validated centrally' sent to object: 'Object Repository/PartyOnboarding/Personal/PartyRequiredDocument/ddl_DocumentsCollectionStatus'&#xD;
&#xD;
2019-08-21 20:41:20 - [TEST_STEP][PASSED] - partyOnboardingEnterprise.clickNextbutton(): Object: 'Object Repository/PartyOnboarding/btn_Next' is clicked on&#xD;
&#xD;
2019-08-21 20:41:20 - [MESSAGE][PASSED] - Object 'Object Repository/PartyOnboarding/btn_Next' is visible&#xD;
&#xD;
2019-08-21 20:41:21 - [MESSAGE][PASSED] - Object: 'Object Repository/PartyOnboarding/btn_Next' is clicked on&#xD;
&#xD;
2019-08-21 20:41:21 - [TEST_STEP][PASSED] - delay(1): Delayed 1 second(s)&#xD;
&#xD;
2019-08-21 20:41:22 - [MESSAGE][PASSED] - Delayed 1 second(s)&#xD;
&#xD;
2019-08-21 20:41:22 - [TEST_STEP][PASSED] - log.logInfo("--- " + " Click Next button ---"): ---  Click Next button ---&#xD;
&#xD;
2019-08-21 20:41:22 - [MESSAGE][INFO] - ---  Click Next button ---&#xD;
&#xD;
2019-08-21 20:41:22 - [TEST_STEP][PASSED] - partyOnboardingEnterprise.clickNextbutton(): Object: 'Object Repository/PartyOnboarding/btn_Next' is clicked on&#xD;
&#xD;
2019-08-21 20:41:22 - [MESSAGE][PASSED] - Object 'Object Repository/PartyOnboarding/btn_Next' is visible&#xD;
&#xD;
2019-08-21 20:41:22 - [MESSAGE][PASSED] - Object: 'Object Repository/PartyOnboarding/btn_Next' is clicked on&#xD;
&#xD;
2019-08-21 20:41:22 - [TEST_STEP][PASSED] - log.logInfo("--- " + " Click Next button ---"): ---  Click Next button ---&#xD;
&#xD;
2019-08-21 20:41:22 - [MESSAGE][INFO] - ---  Click Next button ---&#xD;
&#xD;
2019-08-21 20:41:22 - [TEST_STEP][PASSED] - delay(1): Delayed 1 second(s)&#xD;
&#xD;
2019-08-21 20:41:23 - [MESSAGE][PASSED] - Delayed 1 second(s)&#xD;
&#xD;
2019-08-21 20:41:23 - [TEST_STEP][PASSED] - partyOnboardingEnterprise.clickNextbutton(): Object: 'Object Repository/PartyOnboarding/btn_Next' is clicked on&#xD;
&#xD;
2019-08-21 20:41:23 - [MESSAGE][PASSED] - Object 'Object Repository/PartyOnboarding/btn_Next' is visible&#xD;
&#xD;
2019-08-21 20:41:23 - [MESSAGE][PASSED] - Object: 'Object Repository/PartyOnboarding/btn_Next' is clicked on&#xD;
&#xD;
2019-08-21 20:41:23 - [TEST_STEP][PASSED] - log.logInfo("--- " + " Click Process on Warning box ---"): ---  Click Process on Warning box ---&#xD;
&#xD;
2019-08-21 20:41:23 - [MESSAGE][INFO] - ---  Click Process on Warning box ---&#xD;
&#xD;
2019-08-21 20:41:23 - [TEST_STEP][PASSED] - partyOnboardingEnterprise.clickAskForApprovalbutton(): Object: 'Object Repository/PartyOnboarding/RequestToApproval/AskForApproval_btn' is clicked on&#xD;
&#xD;
2019-08-21 20:41:23 - [MESSAGE][PASSED] - Object 'Object Repository/PartyOnboarding/RequestToApproval/AskForApproval_btn' is visible&#xD;
&#xD;
2019-08-21 20:41:23 - [MESSAGE][PASSED] - Object: 'Object Repository/PartyOnboarding/RequestToApproval/AskForApproval_btn' is clicked on</system-out>
            <system-err></system-err>
        </testcase>
        <testcase name="Test Cases/DataPreparation/PartyOnboardingEnterprise" classname="Test Cases/DataPreparation/PartyOnboardingEnterprise" status="PASSED">
            <system-out>2019-08-21 20:41:23 - [TEST_CASE][PASSED] - Test Cases/DataPreparation/PartyOnboardingEnterprise: Test Cases/DataPreparation/PartyOnboardingEnterprise&#xD;
&#xD;
2019-08-21 20:41:24 - [TEST_STEP][PASSED] - Start listener action : sampleBeforeTestCase: null&#xD;
&#xD;
2019-08-21 20:41:24 - [TEST_STEP][PASSED] - testCaseID = testCaseContext.getTestCaseId(): null&#xD;
&#xD;
2019-08-21 20:41:24 - [TEST_STEP][PASSED] - log = new com.kms.katalon.core.util.KeywordUtil(): null&#xD;
&#xD;
2019-08-21 20:41:24 - [TEST_STEP][PASSED] - partyOnboardingEnterprise = new pageObjects.PartyOnboarding(): null&#xD;
&#xD;
2019-08-21 20:41:24 - [TEST_STEP][PASSED] - delay(3): Delayed 3 second(s)&#xD;
&#xD;
2019-08-21 20:41:27 - [MESSAGE][PASSED] - Delayed 3 second(s)&#xD;
&#xD;
2019-08-21 20:41:27 - [TEST_STEP][PASSED] - log.logInfo("--- Open Party Onboarding in Menu Search ---"): --- Open Party Onboarding in Menu Search ---&#xD;
&#xD;
2019-08-21 20:41:27 - [MESSAGE][INFO] - --- Open Party Onboarding in Menu Search ---&#xD;
&#xD;
2019-08-21 20:41:27 - [TEST_STEP][PASSED] - partyOnboardingEnterprise.inputPartyOnboardingMenuSearch(): Object 'menuSearch_txt' is present&#xD;
&#xD;
2019-08-21 20:41:27 - [MESSAGE][PASSED] - Object 'Object Repository/Menu_Search' is visible&#xD;
&#xD;
2019-08-21 20:41:27 - [MESSAGE][PASSED] - Keys 'ENTER + Party Onboarding' sent to object: 'Object Repository/Menu_Search'&#xD;
&#xD;
2019-08-21 20:41:27 - [MESSAGE][PASSED] - Object 'menuSearch_txt' is present&#xD;
&#xD;
2019-08-21 20:41:27 - [TEST_STEP][PASSED] - log.logInfo("/---------------Party Onboarding---------------/"): /---------------Party Onboarding---------------/&#xD;
&#xD;
2019-08-21 20:41:27 - [MESSAGE][INFO] - /---------------Party Onboarding---------------/&#xD;
&#xD;
2019-08-21 20:41:27 - [TEST_STEP][PASSED] - log.logInfo("--- Input Local Global ---"): --- Input Local Global ---&#xD;
&#xD;
2019-08-21 20:41:27 - [MESSAGE][INFO] - --- Input Local Global ---&#xD;
&#xD;
2019-08-21 20:41:27 - [TEST_STEP][PASSED] - partyOnboardingEnterprise.inputLocalGlobal(s01_localglobal): Keys 'Local Private' sent to object: 'Object Repository/PartyOnboarding/PartyOnboarding/Local Global'&#xD;
&#xD;
2019-08-21 20:41:28 - [MESSAGE][PASSED] - Text of object 'Object Repository/PartyOnboarding/PartyOnboarding/Local Global' is cleared&#xD;
&#xD;
2019-08-21 20:41:28 - [MESSAGE][PASSED] - Object 'Object Repository/PartyOnboarding/PartyOnboarding/Local Global' is visible&#xD;
&#xD;
2019-08-21 20:41:28 - [MESSAGE][PASSED] - Object 'Object Repository/PartyOnboarding/PartyOnboarding/Local Global' is visible&#xD;
&#xD;
2019-08-21 20:41:28 - [MESSAGE][PASSED] - Keys 'Local Private' sent to object: 'Object Repository/PartyOnboarding/PartyOnboarding/Local Global'&#xD;
&#xD;
2019-08-21 20:41:28 - [TEST_STEP][PASSED] - log.logInfo("--- Input Party Type ---"): --- Input Party Type ---&#xD;
&#xD;
2019-08-21 20:41:28 - [MESSAGE][INFO] - --- Input Party Type ---&#xD;
&#xD;
2019-08-21 20:41:28 - [TEST_STEP][PASSED] - partyOnboardingEnterprise.inputPartyType(s01_partytype): Keys 'TAB + Enterprise' sent to object: 'Object Repository/PartyOnboarding/PartyOnboarding/Party Type'&#xD;
&#xD;
2019-08-21 20:41:29 - [MESSAGE][PASSED] - Object 'Object Repository/PartyOnboarding/PartyOnboarding/Party Type' is visible&#xD;
&#xD;
2019-08-21 20:41:29 - [MESSAGE][PASSED] - Keys 'TAB + Enterprise' sent to object: 'Object Repository/PartyOnboarding/PartyOnboarding/Party Type'&#xD;
&#xD;
2019-08-21 20:41:29 - [TEST_STEP][PASSED] - log.logInfo("--- Input Party Sub Type ---"): --- Input Party Sub Type ---&#xD;
&#xD;
2019-08-21 20:41:29 - [MESSAGE][INFO] - --- Input Party Sub Type ---&#xD;
&#xD;
2019-08-21 20:41:29 - [TEST_STEP][PASSED] - partyOnboardingEnterprise.inputPartySubType(s01_partysubtype): Keys 'PRIVATE/PUBLIC/PUBLIC LISTED COMPANY (MYANMAR)' sent to object: 'Object Repository/PartyOnboarding/PartyOnboarding/Party Sub-Type'&#xD;
&#xD;
2019-08-21 20:41:30 - [MESSAGE][PASSED] - Delayed 1 second(s)&#xD;
&#xD;
2019-08-21 20:41:30 - [MESSAGE][PASSED] - Object 'Object Repository/PartyOnboarding/PartyOnboarding/Party Type' is visible&#xD;
&#xD;
2019-08-21 20:41:31 - [MESSAGE][PASSED] - Keys 'PRIVATE/PUBLIC/PUBLIC LISTED COMPANY (MYANMAR)' sent to object: 'Object Repository/PartyOnboarding/PartyOnboarding/Party Sub-Type'&#xD;
&#xD;
2019-08-21 20:41:31 - [TEST_STEP][PASSED] - log.logInfo("--- Input Party Category ---"): --- Input Party Category ---&#xD;
&#xD;
2019-08-21 20:41:31 - [MESSAGE][INFO] - --- Input Party Category ---&#xD;
&#xD;
2019-08-21 20:41:31 - [TEST_STEP][PASSED] - partyOnboardingEnterprise.inputPartyCategory(s01_partycategory): Keys 'Full' sent to object: 'Object Repository/PartyOnboarding/PartyOnboarding/Party Category'&#xD;
&#xD;
2019-08-21 20:41:31 - [MESSAGE][PASSED] - Object 'Object Repository/PartyOnboarding/PartyOnboarding/Party Category' is visible&#xD;
&#xD;
2019-08-21 20:41:31 - [MESSAGE][PASSED] - Keys 'Full' sent to object: 'Object Repository/PartyOnboarding/PartyOnboarding/Party Category'&#xD;
&#xD;
2019-08-21 20:41:31 - [TEST_STEP][PASSED] - log.logInfo("--- Check Line of Business ---"): --- Check Line of Business ---&#xD;
&#xD;
2019-08-21 20:41:31 - [MESSAGE][INFO] - --- Check Line of Business ---&#xD;
&#xD;
2019-08-21 20:41:31 - [TEST_STEP][PASSED] - partyOnboardingEnterprise.clickLineofBusiness(s01_lineofbusiness, findTestObject("PartyOnboarding/PartyOnboarding/div_Core Banking")): Object 'Object Repository/PartyOnboarding/PartyOnboarding/LineofBusiness_List' is checked&#xD;
&#xD;
2019-08-21 20:41:31 - [MESSAGE][PASSED] - Object 'Object Repository/PartyOnboarding/PartyOnboarding/div_Core Banking' is visible&#xD;
&#xD;
2019-08-21 20:41:31 - [MESSAGE][PASSED] - Attribute 'aria-checked' of object 'Object Repository/PartyOnboarding/PartyOnboarding/div_Core Banking' is: 'true'&#xD;
&#xD;
2019-08-21 20:41:31 - [MESSAGE][PASSED] - Object 'Object Repository/PartyOnboarding/PartyOnboarding/chk_SelectAllLineOfBusiness' is visible&#xD;
&#xD;
2019-08-21 20:41:31 - [MESSAGE][PASSED] - Attribute 'aria-checked' of object 'Object Repository/PartyOnboarding/PartyOnboarding/chk_SelectAllLineOfBusiness' is: 'true'&#xD;
&#xD;
2019-08-21 20:41:31 - [MESSAGE][PASSED] - Object 'Object Repository/PartyOnboarding/PartyOnboarding/LineofBusiness_List' is visible&#xD;
&#xD;
2019-08-21 20:41:31 - [MESSAGE][PASSED] - Attribute 'aria-checked' of object 'Object Repository/PartyOnboarding/PartyOnboarding/LineofBusiness_List' is: 'true'&#xD;
&#xD;
2019-08-21 20:41:31 - [MESSAGE][PASSED] - Object 'Object Repository/PartyOnboarding/PartyOnboarding/LineofBusiness_List' is visible&#xD;
&#xD;
2019-08-21 20:41:31 - [MESSAGE][PASSED] - Attribute 'aria-checked' of object 'Object Repository/PartyOnboarding/PartyOnboarding/LineofBusiness_List' is: 'true'&#xD;
&#xD;
2019-08-21 20:41:31 - [MESSAGE][PASSED] - Object 'Object Repository/PartyOnboarding/PartyOnboarding/chk_SelectAllLineOfBusiness' is visible&#xD;
&#xD;
2019-08-21 20:41:31 - [MESSAGE][PASSED] - Attribute 'aria-checked' of object 'Object Repository/PartyOnboarding/PartyOnboarding/chk_SelectAllLineOfBusiness' is: 'true'&#xD;
&#xD;
2019-08-21 20:41:31 - [MESSAGE][PASSED] - Object 'Object Repository/PartyOnboarding/PartyOnboarding/chk_SelectAllLineOfBusiness' is checked&#xD;
&#xD;
2019-08-21 20:41:31 - [MESSAGE][PASSED] - Object 'Object Repository/PartyOnboarding/PartyOnboarding/div_Core Banking' is visible&#xD;
&#xD;
2019-08-21 20:41:31 - [MESSAGE][PASSED] - Attribute 'aria-checked' of object 'Object Repository/PartyOnboarding/PartyOnboarding/div_Core Banking' is: 'false'&#xD;
&#xD;
2019-08-21 20:41:31 - [MESSAGE][PASSED] - Object 'Object Repository/PartyOnboarding/PartyOnboarding/div_Core Banking' is checked&#xD;
&#xD;
2019-08-21 20:41:31 - [MESSAGE][PASSED] - Object 'Object Repository/PartyOnboarding/PartyOnboarding/LineofBusiness_List' is visible&#xD;
&#xD;
2019-08-21 20:41:32 - [MESSAGE][PASSED] - Attribute 'aria-checked' of object 'Object Repository/PartyOnboarding/PartyOnboarding/LineofBusiness_List' is: 'false'&#xD;
&#xD;
2019-08-21 20:41:32 - [MESSAGE][PASSED] - Object 'Object Repository/PartyOnboarding/PartyOnboarding/LineofBusiness_List' is checked&#xD;
&#xD;
2019-08-21 20:41:32 - [TEST_STEP][PASSED] - log.logInfo("--- Click Next to Party Check List  ---"): --- Click Next to Party Check List  ---&#xD;
&#xD;
2019-08-21 20:41:32 - [MESSAGE][INFO] - --- Click Next to Party Check List  ---&#xD;
&#xD;
2019-08-21 20:41:32 - [TEST_STEP][PASSED] - partyOnboardingEnterprise.clickNextbutton(): Object: 'Object Repository/PartyOnboarding/btn_Next' is clicked on&#xD;
&#xD;
2019-08-21 20:41:32 - [MESSAGE][PASSED] - Object 'Object Repository/PartyOnboarding/btn_Next' is visible&#xD;
&#xD;
2019-08-21 20:41:32 - [MESSAGE][PASSED] - Object: 'Object Repository/PartyOnboarding/btn_Next' is clicked on&#xD;
&#xD;
2019-08-21 20:41:32 - [TEST_STEP][PASSED] - delay(1): Delayed 1 second(s)&#xD;
&#xD;
2019-08-21 20:41:33 - [MESSAGE][PASSED] - Delayed 1 second(s)&#xD;
&#xD;
2019-08-21 20:41:33 - [TEST_STEP][PASSED] - partyOnboardingEnterprise.clickNextbutton(): Object: 'Object Repository/PartyOnboarding/btn_Next' is clicked on&#xD;
&#xD;
2019-08-21 20:41:33 - [MESSAGE][PASSED] - Object 'Object Repository/PartyOnboarding/btn_Next' is visible&#xD;
&#xD;
2019-08-21 20:41:33 - [MESSAGE][PASSED] - Object: 'Object Repository/PartyOnboarding/btn_Next' is clicked on&#xD;
&#xD;
2019-08-21 20:41:33 - [TEST_STEP][PASSED] - log.logInfo("/---------------Pre-Existence Check---------------/"): /---------------Pre-Existence Check---------------/&#xD;
&#xD;
2019-08-21 20:41:33 - [MESSAGE][INFO] - /---------------Pre-Existence Check---------------/&#xD;
&#xD;
2019-08-21 20:41:33 - [TEST_STEP][PASSED] - partyOnboardingEnterprise.inputEnterpriseName(s02_enterpriseName): Keys 'Enterprise 0000002' sent to object: 'Object Repository/PartyOnboarding/Enterprise/PreExistenceCheck/txt_EnterpriseName'&#xD;
&#xD;
2019-08-21 20:41:33 - [MESSAGE][PASSED] - Object 'Object Repository/PartyOnboarding/Enterprise/PreExistenceCheck/txt_EnterpriseName' is visible&#xD;
&#xD;
2019-08-21 20:41:34 - [MESSAGE][PASSED] - Keys 'Enterprise 0000002' sent to object: 'Object Repository/PartyOnboarding/Enterprise/PreExistenceCheck/txt_EnterpriseName'&#xD;
&#xD;
2019-08-21 20:41:34 - [TEST_STEP][PASSED] - partyOnboardingEnterprise.inputRegistration(): Keys '1uWcCyRF' sent to object: 'Object Repository/PartyOnboarding/Enterprise/PreExistenceCheck/txt_Registration'&#xD;
&#xD;
2019-08-21 20:41:34 - [MESSAGE][PASSED] - Object 'Object Repository/PartyOnboarding/Enterprise/PreExistenceCheck/txt_Registration' is visible&#xD;
&#xD;
2019-08-21 20:41:34 - [MESSAGE][PASSED] - Keys '1uWcCyRF' sent to object: 'Object Repository/PartyOnboarding/Enterprise/PreExistenceCheck/txt_Registration'&#xD;
&#xD;
2019-08-21 20:41:34 - [TEST_STEP][PASSED] - partyOnboardingEnterprise.clickNextbutton(): Object: 'Object Repository/PartyOnboarding/btn_Next' is clicked on&#xD;
&#xD;
2019-08-21 20:41:34 - [MESSAGE][PASSED] - Object 'Object Repository/PartyOnboarding/btn_Next' is visible&#xD;
&#xD;
2019-08-21 20:41:34 - [MESSAGE][PASSED] - Object: 'Object Repository/PartyOnboarding/btn_Next' is clicked on&#xD;
&#xD;
2019-08-21 20:41:34 - [TEST_STEP][PASSED] - log.logInfo("/--------------- Party Onboarding---------------/"): /--------------- Party Onboarding---------------/&#xD;
&#xD;
2019-08-21 20:41:34 - [MESSAGE][INFO] - /--------------- Party Onboarding---------------/&#xD;
&#xD;
2019-08-21 20:41:34 - [TEST_STEP][PASSED] - partyOnboardingEnterprise.inputPartyId(): Web element with id: 'Object Repository/PartyOnboarding/Personal/PersonalParty/Message/pop_ErrorDuplicatePartyID' located by 'By.xpath: //textarea[@name='03messages']' not found&#xD;
&#xD;
2019-08-21 20:41:35 - [MESSAGE][PASSED] - Object 'Object Repository/PartyOnboarding/Personal/PersonalParty/txt_PartyID' is visible&#xD;
&#xD;
2019-08-21 20:41:35 - [MESSAGE][PASSED] - Object 'Object Repository/PartyOnboarding/Personal/PersonalParty/txt_PartyID' is visible&#xD;
&#xD;
2019-08-21 20:41:35 - [MESSAGE][PASSED] - Keys 'TAB + 6oUUJEtX' sent to object: 'Object Repository/PartyOnboarding/Personal/PersonalParty/txt_PartyID'&#xD;
&#xD;
2019-08-21 20:42:07 - [MESSAGE][INFO] - Unable to find the element located by 'By.xpath: //textarea[@name='03messages']'. Please recheck the objects properties to make sure the desired element is located. &#xD;
&#xD;
2019-08-21 20:42:07 - [MESSAGE][WARNING] - Web element with id: 'Object Repository/PartyOnboarding/Personal/PersonalParty/Message/pop_ErrorDuplicatePartyID' located by 'By.xpath: //textarea[@name='03messages']' not found&#xD;
&#xD;
2019-08-21 20:42:07 - [TEST_STEP][PASSED] - partyOnboardingEnterprise.inputShortNameEnterprise(s03_shortName): Keys 'TAB + Enterprise' sent to object: 'Object Repository/PartyOnboarding/Enterprise/EnterpriseParty/Short Name_txt'&#xD;
&#xD;
2019-08-21 20:42:07 - [MESSAGE][PASSED] - Object 'Object Repository/PartyOnboarding/Enterprise/EnterpriseParty/Short Name_txt' is visible&#xD;
&#xD;
2019-08-21 20:42:07 - [MESSAGE][PASSED] - Keys 'TAB + Enterprise' sent to object: 'Object Repository/PartyOnboarding/Enterprise/EnterpriseParty/Short Name_txt'&#xD;
&#xD;
2019-08-21 20:42:07 - [TEST_STEP][PASSED] - partyOnboardingEnterprise.clickNextbutton(): Object: 'Object Repository/PartyOnboarding/btn_Next' is clicked on&#xD;
&#xD;
2019-08-21 20:42:07 - [MESSAGE][PASSED] - Object 'Object Repository/PartyOnboarding/btn_Next' is visible&#xD;
&#xD;
2019-08-21 20:42:07 - [MESSAGE][PASSED] - Object: 'Object Repository/PartyOnboarding/btn_Next' is clicked on&#xD;
&#xD;
2019-08-21 20:42:07 - [TEST_STEP][PASSED] - partyOnboardingEnterprise.clickProcessInWarningBox(): Object: 'Object Repository/PartyOnboarding/Personal/PersonalParty/btn_Warnings_Proceed_NotCapture' is clicked on&#xD;
&#xD;
2019-08-21 20:42:08 - [MESSAGE][PASSED] - Object 'Object Repository/PartyOnboarding/Personal/PersonalParty/btn_Warnings_Proceed_NotCapture' is visible&#xD;
&#xD;
2019-08-21 20:42:08 - [MESSAGE][PASSED] - Object: 'Object Repository/PartyOnboarding/Personal/PersonalParty/btn_Warnings_Proceed_NotCapture' is clicked on&#xD;
&#xD;
2019-08-21 20:42:08 - [TEST_STEP][PASSED] - log.logInfo("/--------------- Party Onboarding - Address---------------/"): /--------------- Party Onboarding - Address---------------/&#xD;
&#xD;
2019-08-21 20:42:08 - [MESSAGE][INFO] - /--------------- Party Onboarding - Address---------------/&#xD;
&#xD;
2019-08-21 20:42:08 - [TEST_STEP][PASSED] - partyOnboardingEnterprise.inputRDataForAddressParty(s04_addressType, s04_userForCommunication, s04_validFrom): Execute JavaScript 'arguments[0].click();' successfully&#xD;
&#xD;
2019-08-21 20:42:09 - [MESSAGE][PASSED] - Object 'Object Repository/PartyOnboarding/Personal/PartyAddress/button_New Row_PartyAddress' is visible&#xD;
&#xD;
2019-08-21 20:42:09 - [MESSAGE][PASSED] - Execute JavaScript 'arguments[0].click();' successfully&#xD;
&#xD;
2019-08-21 20:42:09 - [MESSAGE][PASSED] - Object 'Object Repository/PartyOnboarding/Personal/PartyAddress/Address Type' is visible&#xD;
&#xD;
2019-08-21 20:42:09 - [MESSAGE][PASSED] - Keys 'TAB + Home Address' sent to object: 'Object Repository/PartyOnboarding/Personal/PartyAddress/Address Type'&#xD;
&#xD;
2019-08-21 20:42:10 - [MESSAGE][PASSED] - Object 'Object Repository/PartyOnboarding/Personal/PartyAddress/Valid From' is visible&#xD;
&#xD;
2019-08-21 20:42:10 - [MESSAGE][PASSED] - Text of object 'Object Repository/PartyOnboarding/Personal/PartyAddress/Valid From' is cleared&#xD;
&#xD;
2019-08-21 20:42:10 - [MESSAGE][PASSED] - Object 'Object Repository/PartyOnboarding/Personal/PartyAddress/Valid From' is visible&#xD;
&#xD;
2019-08-21 20:42:10 - [MESSAGE][PASSED] - Keys '2018-01-14' sent to object: 'Object Repository/PartyOnboarding/Personal/PartyAddress/Valid From'&#xD;
&#xD;
2019-08-21 20:42:10 - [MESSAGE][PASSED] - Object 'Object Repository/PartyOnboarding/Personal/PartyAddress/chk_Use  for Communication' is present&#xD;
&#xD;
2019-08-21 20:42:10 - [MESSAGE][PASSED] - Attribute 'aria-checked' of object 'Object Repository/PartyOnboarding/Personal/PartyAddress/chk_Use  for Communication' is: 'false'&#xD;
&#xD;
2019-08-21 20:42:10 - [MESSAGE][PASSED] - Object 'Object Repository/PartyOnboarding/Personal/PartyAddress/chk_Use  for Communication' is checked&#xD;
&#xD;
2019-08-21 20:42:10 - [MESSAGE][PASSED] - Object 'Object Repository/PartyOnboarding/Personal/PartyAddress/SaveRow' is visible&#xD;
&#xD;
2019-08-21 20:42:10 - [MESSAGE][PASSED] - Execute JavaScript 'arguments[0].click();' successfully&#xD;
&#xD;
2019-08-21 20:42:10 - [MESSAGE][PASSED] - Object 'Object Repository/PartyOnboarding/Personal/PartyAddress/button_New Row_PartyAddress' is visible&#xD;
&#xD;
2019-08-21 20:42:10 - [MESSAGE][PASSED] - Execute JavaScript 'arguments[0].click();' successfully&#xD;
&#xD;
2019-08-21 20:42:10 - [MESSAGE][PASSED] - Object 'Object Repository/PartyOnboarding/Personal/PartyAddress/Address Type' is visible&#xD;
&#xD;
2019-08-21 20:42:11 - [MESSAGE][PASSED] - Keys 'TAB + Current Address' sent to object: 'Object Repository/PartyOnboarding/Personal/PartyAddress/Address Type'&#xD;
&#xD;
2019-08-21 20:42:11 - [MESSAGE][PASSED] - Object 'Object Repository/PartyOnboarding/Personal/PartyAddress/Valid From' is visible&#xD;
&#xD;
2019-08-21 20:42:11 - [MESSAGE][PASSED] - Text of object 'Object Repository/PartyOnboarding/Personal/PartyAddress/Valid From' is cleared&#xD;
&#xD;
2019-08-21 20:42:11 - [MESSAGE][PASSED] - Object 'Object Repository/PartyOnboarding/Personal/PartyAddress/Valid From' is visible&#xD;
&#xD;
2019-08-21 20:42:11 - [MESSAGE][PASSED] - Keys '2018-01-17' sent to object: 'Object Repository/PartyOnboarding/Personal/PartyAddress/Valid From'&#xD;
&#xD;
2019-08-21 20:42:11 - [MESSAGE][PASSED] - Object 'Object Repository/PartyOnboarding/Personal/PartyAddress/SaveRow' is visible&#xD;
&#xD;
2019-08-21 20:42:11 - [MESSAGE][PASSED] - Execute JavaScript 'arguments[0].click();' successfully&#xD;
&#xD;
2019-08-21 20:42:11 - [MESSAGE][PASSED] - Object 'Object Repository/PartyOnboarding/Personal/PartyAddress/button_New Row_PartyAddress' is visible&#xD;
&#xD;
2019-08-21 20:42:11 - [MESSAGE][PASSED] - Execute JavaScript 'arguments[0].click();' successfully&#xD;
&#xD;
2019-08-21 20:42:12 - [MESSAGE][PASSED] - Object 'Object Repository/PartyOnboarding/Personal/PartyAddress/Address Type' is visible&#xD;
&#xD;
2019-08-21 20:42:12 - [MESSAGE][PASSED] - Keys 'TAB + Office Address' sent to object: 'Object Repository/PartyOnboarding/Personal/PartyAddress/Address Type'&#xD;
&#xD;
2019-08-21 20:42:12 - [MESSAGE][PASSED] - Object 'Object Repository/PartyOnboarding/Personal/PartyAddress/Valid From' is visible&#xD;
&#xD;
2019-08-21 20:42:12 - [MESSAGE][PASSED] - Text of object 'Object Repository/PartyOnboarding/Personal/PartyAddress/Valid From' is cleared&#xD;
&#xD;
2019-08-21 20:42:12 - [MESSAGE][PASSED] - Object 'Object Repository/PartyOnboarding/Personal/PartyAddress/Valid From' is visible&#xD;
&#xD;
2019-08-21 20:42:13 - [MESSAGE][PASSED] - Keys '2017-01-17' sent to object: 'Object Repository/PartyOnboarding/Personal/PartyAddress/Valid From'&#xD;
&#xD;
2019-08-21 20:42:13 - [MESSAGE][PASSED] - Object 'Object Repository/PartyOnboarding/Personal/PartyAddress/SaveRow' is visible&#xD;
&#xD;
2019-08-21 20:42:13 - [MESSAGE][PASSED] - Execute JavaScript 'arguments[0].click();' successfully&#xD;
&#xD;
2019-08-21 20:42:13 - [TEST_STEP][PASSED] - partyOnboardingEnterprise.clickNextbutton(): Object: 'Object Repository/PartyOnboarding/btn_Next' is clicked on&#xD;
&#xD;
2019-08-21 20:42:13 - [MESSAGE][PASSED] - Object 'Object Repository/PartyOnboarding/btn_Next' is visible&#xD;
&#xD;
2019-08-21 20:42:13 - [MESSAGE][PASSED] - Object: 'Object Repository/PartyOnboarding/btn_Next' is clicked on&#xD;
&#xD;
2019-08-21 20:42:13 - [TEST_STEP][PASSED] - partyOnboardingEnterprise.inputDataForPartyContacts(s05_contactMethod, s05_contactTypeLocation, s05_contactCountryCode, s05_contactAreaCode, s05_contactNumber, s05_contactEmail, s05_confirmEmail, s05_validFrom): Execute JavaScript 'arguments[0].click();' successfully&#xD;
&#xD;
2019-08-21 20:42:14 - [MESSAGE][PASSED] - Object 'Object Repository/PartyOnboarding/Personal/PartyContacts/New Row' is visible&#xD;
&#xD;
2019-08-21 20:42:14 - [MESSAGE][PASSED] - Execute JavaScript 'arguments[0].click();' successfully&#xD;
&#xD;
2019-08-21 20:42:15 - [MESSAGE][PASSED] - Delayed 1 second(s)&#xD;
&#xD;
2019-08-21 20:42:15 - [MESSAGE][PASSED] - Object 'Object Repository/PartyOnboarding/Personal/PartyContacts/Contact Method' is visible&#xD;
&#xD;
2019-08-21 20:42:15 - [MESSAGE][PASSED] - Keys 'TAB + Telephone' sent to object: 'Object Repository/PartyOnboarding/Personal/PartyContacts/Contact Method'&#xD;
&#xD;
2019-08-21 20:42:16 - [MESSAGE][PASSED] - Delayed 1 second(s)&#xD;
&#xD;
2019-08-21 20:42:16 - [MESSAGE][PASSED] - Object 'Object Repository/PartyOnboarding/Personal/PartyContacts/Contact Type  Location' is visible&#xD;
&#xD;
2019-08-21 20:42:17 - [MESSAGE][PASSED] - Keys 'TAB + Personal' sent to object: 'Object Repository/PartyOnboarding/Personal/PartyContacts/Contact Type  Location'&#xD;
&#xD;
2019-08-21 20:42:17 - [MESSAGE][PASSED] - Object 'Object Repository/PartyOnboarding/Personal/PartyContacts/Contact Email' is visible&#xD;
&#xD;
2019-08-21 20:42:17 - [MESSAGE][PASSED] - Object 'Object Repository/PartyOnboarding/Personal/PartyContacts/Contact Email' has attribute 'readonly'&#xD;
&#xD;
2019-08-21 20:42:17 - [MESSAGE][PASSED] - Object 'Object Repository/PartyOnboarding/Personal/PartyContacts/Contact Number_03_Code' is visible&#xD;
&#xD;
2019-08-21 20:42:17 - [MESSAGE][PASSED] - Text of object 'Object Repository/PartyOnboarding/Personal/PartyContacts/Contact Number_03_Code' is cleared&#xD;
&#xD;
2019-08-21 20:42:17 - [MESSAGE][PASSED] - Object 'Object Repository/PartyOnboarding/Personal/PartyContacts/Contact Number_03_Code' is visible&#xD;
&#xD;
2019-08-21 20:42:17 - [MESSAGE][PASSED] - Keys '+95' sent to object: 'Object Repository/PartyOnboarding/Personal/PartyContacts/Contact Number_03_Code'&#xD;
&#xD;
2019-08-21 20:42:17 - [MESSAGE][PASSED] - Object 'Object Repository/PartyOnboarding/Personal/PartyContacts/Contact Number_AreaCode' is visible&#xD;
&#xD;
2019-08-21 20:42:17 - [MESSAGE][PASSED] - Keys '' sent to object: 'Object Repository/PartyOnboarding/Personal/PartyContacts/Contact Number_AreaCode'&#xD;
&#xD;
2019-08-21 20:42:17 - [MESSAGE][PASSED] - Object 'Object Repository/PartyOnboarding/Personal/PartyContacts/Contact Number_Number' is visible&#xD;
&#xD;
2019-08-21 20:42:18 - [MESSAGE][PASSED] - Keys '9697989902' sent to object: 'Object Repository/PartyOnboarding/Personal/PartyContacts/Contact Number_Number'&#xD;
&#xD;
2019-08-21 20:42:18 - [MESSAGE][PASSED] - Object 'Object Repository/PartyOnboarding/Personal/PartyContacts/Contact Number_03_Code' is visible&#xD;
&#xD;
2019-08-21 20:42:18 - [MESSAGE][WARNING] - Object 'Object Repository/PartyOnboarding/Personal/PartyContacts/Contact Number_03_Code' does not have attribute 'readonly' (Root cause: com.kms.katalon.core.exception.StepFailedException: Object 'Object Repository/PartyOnboarding/Personal/PartyContacts/Contact Number_03_Code' does not have attribute 'readonly'&#xD;
	at com.kms.katalon.core.webui.keyword.internal.WebUIKeywordMain.stepFailed(WebUIKeywordMain.groovy:64)&#xD;
	at com.kms.katalon.core.webui.keyword.builtin.VerifyElementHasAttributeKeyword$_verifyElementHasAttribute_closure1.doCall(VerifyElementHasAttributeKeyword.groovy:89)&#xD;
	at com.kms.katalon.core.webui.keyword.builtin.VerifyElementHasAttributeKeyword$_verifyElementHasAttribute_closure1.call(VerifyElementHasAttributeKeyword.groovy)&#xD;
	at com.kms.katalon.core.webui.keyword.internal.WebUIKeywordMain.runKeyword(WebUIKeywordMain.groovy:20)&#xD;
	at com.kms.katalon.core.webui.keyword.builtin.VerifyElementHasAttributeKeyword.verifyElementHasAttribute(VerifyElementHasAttributeKeyword.groovy:100)&#xD;
	at com.kms.katalon.core.webui.keyword.builtin.VerifyElementHasAttributeKeyword.execute(VerifyElementHasAttributeKeyword.groovy:69)&#xD;
	at com.kms.katalon.core.keyword.internal.KeywordExecutor.executeKeywordForPlatform(KeywordExecutor.groovy:56)&#xD;
	at com.kms.katalon.core.webui.keyword.WebUiBuiltInKeywords.verifyElementHasAttribute(WebUiBuiltInKeywords.groovy:3166)&#xD;
	at com.kms.katalon.core.webui.keyword.WebUiBuiltInKeywords$verifyElementHasAttribute$11.call(Unknown Source)&#xD;
	at pageObjects.PartyOnboarding.inputDataForPartyContacts(PartyOnboarding.groovy:736)&#xD;
	at PartyOnboardingEnterprise.run(PartyOnboardingEnterprise:61)&#xD;
	at com.kms.katalon.core.main.ScriptEngine.run(ScriptEngine.java:194)&#xD;
	at com.kms.katalon.core.main.ScriptEngine.runScriptAsRawText(ScriptEngine.java:119)&#xD;
	at com.kms.katalon.core.main.TestCaseExecutor.runScript(TestCaseExecutor.java:337)&#xD;
	at com.kms.katalon.core.main.TestCaseExecutor.doExecute(TestCaseExecutor.java:328)&#xD;
	at com.kms.katalon.core.main.TestCaseExecutor.processExecutionPhase(TestCaseExecutor.java:307)&#xD;
	at com.kms.katalon.core.main.TestCaseExecutor.accessMainPhase(TestCaseExecutor.java:299)&#xD;
	at com.kms.katalon.core.main.TestCaseExecutor.execute(TestCaseExecutor.java:233)&#xD;
	at com.kms.katalon.core.main.TestSuiteExecutor.accessTestCaseMainPhase(TestSuiteExecutor.java:133)&#xD;
	at com.kms.katalon.core.main.TestSuiteExecutor.accessTestSuiteMainPhase(TestSuiteExecutor.java:116)&#xD;
	at com.kms.katalon.core.main.TestSuiteExecutor.execute(TestSuiteExecutor.java:83)&#xD;
	at com.kms.katalon.core.main.TestCaseMain.startTestSuite(TestCaseMain.java:157)&#xD;
	at com.kms.katalon.core.main.TestCaseMain$startTestSuite$0.call(Unknown Source)&#xD;
	at TempTestSuite1566396522347.run(TempTestSuite1566396522347.groovy:35)&#xD;
)&#xD;
[[ATTACHMENT|C:\\ML\\JITS\\AYA\\Automation\\FBE\\FBE\\Reports\\DataPreparation\\PartyOnboardingPersonal\\20190821_203842\\1566396738066.png]]&#xD;
&#xD;
2019-08-21 20:42:18 - [MESSAGE][PASSED] - Object 'Object Repository/PartyOnboarding/Personal/PartyContacts/Valid From' is visible&#xD;
&#xD;
2019-08-21 20:42:18 - [MESSAGE][PASSED] - Text of object 'Object Repository/PartyOnboarding/Personal/PartyContacts/Valid From' is cleared&#xD;
&#xD;
2019-08-21 20:42:18 - [MESSAGE][PASSED] - Object 'Object Repository/PartyOnboarding/Personal/PartyContacts/Valid From' is visible&#xD;
&#xD;
2019-08-21 20:42:18 - [MESSAGE][PASSED] - Keys '2018-12-20' sent to object: 'Object Repository/PartyOnboarding/Personal/PartyContacts/Valid From'&#xD;
&#xD;
2019-08-21 20:42:18 - [MESSAGE][PASSED] - Object 'Object Repository/PartyOnboarding/Personal/PartyContacts/Save Row' is visible&#xD;
&#xD;
2019-08-21 20:42:19 - [MESSAGE][PASSED] - Execute JavaScript 'arguments[0].click();' successfully&#xD;
&#xD;
2019-08-21 20:42:19 - [MESSAGE][PASSED] - Object 'Object Repository/PartyOnboarding/Personal/PartyContacts/New Row' is visible&#xD;
&#xD;
2019-08-21 20:42:19 - [MESSAGE][PASSED] - Execute JavaScript 'arguments[0].click();' successfully&#xD;
&#xD;
2019-08-21 20:42:20 - [MESSAGE][PASSED] - Delayed 1 second(s)&#xD;
&#xD;
2019-08-21 20:42:20 - [MESSAGE][PASSED] - Object 'Object Repository/PartyOnboarding/Personal/PartyContacts/Contact Method' is visible&#xD;
&#xD;
2019-08-21 20:42:20 - [MESSAGE][PASSED] - Keys 'TAB + Mobile' sent to object: 'Object Repository/PartyOnboarding/Personal/PartyContacts/Contact Method'&#xD;
&#xD;
2019-08-21 20:42:21 - [MESSAGE][PASSED] - Delayed 1 second(s)&#xD;
&#xD;
2019-08-21 20:42:21 - [MESSAGE][PASSED] - Object 'Object Repository/PartyOnboarding/Personal/PartyContacts/Contact Type  Location' is visible&#xD;
&#xD;
2019-08-21 20:42:21 - [MESSAGE][PASSED] - Keys 'TAB + Work' sent to object: 'Object Repository/PartyOnboarding/Personal/PartyContacts/Contact Type  Location'&#xD;
&#xD;
2019-08-21 20:42:21 - [MESSAGE][PASSED] - Object 'Object Repository/PartyOnboarding/Personal/PartyContacts/Contact Email' is visible&#xD;
&#xD;
2019-08-21 20:42:21 - [MESSAGE][PASSED] - Object 'Object Repository/PartyOnboarding/Personal/PartyContacts/Contact Email' has attribute 'readonly'&#xD;
&#xD;
2019-08-21 20:42:21 - [MESSAGE][PASSED] - Object 'Object Repository/PartyOnboarding/Personal/PartyContacts/Contact Number_03_Code' is visible&#xD;
&#xD;
2019-08-21 20:42:21 - [MESSAGE][PASSED] - Text of object 'Object Repository/PartyOnboarding/Personal/PartyContacts/Contact Number_03_Code' is cleared&#xD;
&#xD;
2019-08-21 20:42:21 - [MESSAGE][PASSED] - Object 'Object Repository/PartyOnboarding/Personal/PartyContacts/Contact Number_03_Code' is visible&#xD;
&#xD;
2019-08-21 20:42:21 - [MESSAGE][PASSED] - Keys '+1' sent to object: 'Object Repository/PartyOnboarding/Personal/PartyContacts/Contact Number_03_Code'&#xD;
&#xD;
2019-08-21 20:42:21 - [MESSAGE][PASSED] - Object 'Object Repository/PartyOnboarding/Personal/PartyContacts/Contact Number_AreaCode' is visible&#xD;
&#xD;
2019-08-21 20:42:21 - [MESSAGE][PASSED] - Keys '' sent to object: 'Object Repository/PartyOnboarding/Personal/PartyContacts/Contact Number_AreaCode'&#xD;
&#xD;
2019-08-21 20:42:21 - [MESSAGE][PASSED] - Object 'Object Repository/PartyOnboarding/Personal/PartyContacts/Contact Number_Number' is visible&#xD;
&#xD;
2019-08-21 20:42:22 - [MESSAGE][PASSED] - Keys '9697989901' sent to object: 'Object Repository/PartyOnboarding/Personal/PartyContacts/Contact Number_Number'&#xD;
&#xD;
2019-08-21 20:42:22 - [MESSAGE][PASSED] - Object 'Object Repository/PartyOnboarding/Personal/PartyContacts/Contact Number_03_Code' is visible&#xD;
&#xD;
2019-08-21 20:42:22 - [MESSAGE][WARNING] - Object 'Object Repository/PartyOnboarding/Personal/PartyContacts/Contact Number_03_Code' does not have attribute 'readonly' (Root cause: com.kms.katalon.core.exception.StepFailedException: Object 'Object Repository/PartyOnboarding/Personal/PartyContacts/Contact Number_03_Code' does not have attribute 'readonly'&#xD;
	at com.kms.katalon.core.webui.keyword.internal.WebUIKeywordMain.stepFailed(WebUIKeywordMain.groovy:64)&#xD;
	at com.kms.katalon.core.webui.keyword.builtin.VerifyElementHasAttributeKeyword$_verifyElementHasAttribute_closure1.doCall(VerifyElementHasAttributeKeyword.groovy:89)&#xD;
	at com.kms.katalon.core.webui.keyword.builtin.VerifyElementHasAttributeKeyword$_verifyElementHasAttribute_closure1.call(VerifyElementHasAttributeKeyword.groovy)&#xD;
	at com.kms.katalon.core.webui.keyword.internal.WebUIKeywordMain.runKeyword(WebUIKeywordMain.groovy:20)&#xD;
	at com.kms.katalon.core.webui.keyword.builtin.VerifyElementHasAttributeKeyword.verifyElementHasAttribute(VerifyElementHasAttributeKeyword.groovy:100)&#xD;
	at com.kms.katalon.core.webui.keyword.builtin.VerifyElementHasAttributeKeyword.execute(VerifyElementHasAttributeKeyword.groovy:69)&#xD;
	at com.kms.katalon.core.keyword.internal.KeywordExecutor.executeKeywordForPlatform(KeywordExecutor.groovy:56)&#xD;
	at com.kms.katalon.core.webui.keyword.WebUiBuiltInKeywords.verifyElementHasAttribute(WebUiBuiltInKeywords.groovy:3166)&#xD;
	at com.kms.katalon.core.webui.keyword.WebUiBuiltInKeywords$verifyElementHasAttribute$11.call(Unknown Source)&#xD;
	at pageObjects.PartyOnboarding.inputDataForPartyContacts(PartyOnboarding.groovy:736)&#xD;
	at PartyOnboardingEnterprise.run(PartyOnboardingEnterprise:61)&#xD;
	at com.kms.katalon.core.main.ScriptEngine.run(ScriptEngine.java:194)&#xD;
	at com.kms.katalon.core.main.ScriptEngine.runScriptAsRawText(ScriptEngine.java:119)&#xD;
	at com.kms.katalon.core.main.TestCaseExecutor.runScript(TestCaseExecutor.java:337)&#xD;
	at com.kms.katalon.core.main.TestCaseExecutor.doExecute(TestCaseExecutor.java:328)&#xD;
	at com.kms.katalon.core.main.TestCaseExecutor.processExecutionPhase(TestCaseExecutor.java:307)&#xD;
	at com.kms.katalon.core.main.TestCaseExecutor.accessMainPhase(TestCaseExecutor.java:299)&#xD;
	at com.kms.katalon.core.main.TestCaseExecutor.execute(TestCaseExecutor.java:233)&#xD;
	at com.kms.katalon.core.main.TestSuiteExecutor.accessTestCaseMainPhase(TestSuiteExecutor.java:133)&#xD;
	at com.kms.katalon.core.main.TestSuiteExecutor.accessTestSuiteMainPhase(TestSuiteExecutor.java:116)&#xD;
	at com.kms.katalon.core.main.TestSuiteExecutor.execute(TestSuiteExecutor.java:83)&#xD;
	at com.kms.katalon.core.main.TestCaseMain.startTestSuite(TestCaseMain.java:157)&#xD;
	at com.kms.katalon.core.main.TestCaseMain$startTestSuite$0.call(Unknown Source)&#xD;
	at TempTestSuite1566396522347.run(TempTestSuite1566396522347.groovy:35)&#xD;
)&#xD;
[[ATTACHMENT|C:\\ML\\JITS\\AYA\\Automation\\FBE\\FBE\\Reports\\DataPreparation\\PartyOnboardingPersonal\\20190821_203842\\1566396742305.png]]&#xD;
&#xD;
2019-08-21 20:42:22 - [MESSAGE][PASSED] - Object 'Object Repository/PartyOnboarding/Personal/PartyContacts/Valid From' is visible&#xD;
&#xD;
2019-08-21 20:42:22 - [MESSAGE][PASSED] - Text of object 'Object Repository/PartyOnboarding/Personal/PartyContacts/Valid From' is cleared&#xD;
&#xD;
2019-08-21 20:42:22 - [MESSAGE][PASSED] - Object 'Object Repository/PartyOnboarding/Personal/PartyContacts/Valid From' is visible&#xD;
&#xD;
2019-08-21 20:42:23 - [MESSAGE][PASSED] - Keys '2018-01-24' sent to object: 'Object Repository/PartyOnboarding/Personal/PartyContacts/Valid From'&#xD;
&#xD;
2019-08-21 20:42:23 - [MESSAGE][PASSED] - Object 'Object Repository/PartyOnboarding/Personal/PartyContacts/Save Row' is visible&#xD;
&#xD;
2019-08-21 20:42:23 - [MESSAGE][PASSED] - Execute JavaScript 'arguments[0].click();' successfully&#xD;
&#xD;
2019-08-21 20:42:23 - [MESSAGE][PASSED] - Object 'Object Repository/PartyOnboarding/Personal/PartyContacts/New Row' is visible&#xD;
&#xD;
2019-08-21 20:42:23 - [MESSAGE][PASSED] - Execute JavaScript 'arguments[0].click();' successfully&#xD;
&#xD;
2019-08-21 20:42:24 - [MESSAGE][PASSED] - Delayed 1 second(s)&#xD;
&#xD;
2019-08-21 20:42:24 - [MESSAGE][PASSED] - Object 'Object Repository/PartyOnboarding/Personal/PartyContacts/Contact Method' is visible&#xD;
&#xD;
2019-08-21 20:42:24 - [MESSAGE][PASSED] - Keys 'TAB + Email' sent to object: 'Object Repository/PartyOnboarding/Personal/PartyContacts/Contact Method'&#xD;
&#xD;
2019-08-21 20:42:25 - [MESSAGE][PASSED] - Delayed 1 second(s)&#xD;
&#xD;
2019-08-21 20:42:25 - [MESSAGE][PASSED] - Object 'Object Repository/PartyOnboarding/Personal/PartyContacts/Contact Type  Location' is visible&#xD;
&#xD;
2019-08-21 20:42:25 - [MESSAGE][PASSED] - Keys 'TAB + Personal' sent to object: 'Object Repository/PartyOnboarding/Personal/PartyContacts/Contact Type  Location'&#xD;
&#xD;
2019-08-21 20:42:25 - [MESSAGE][PASSED] - Object 'Object Repository/PartyOnboarding/Personal/PartyContacts/Contact Email' is visible&#xD;
&#xD;
2019-08-21 20:42:26 - [MESSAGE][WARNING] - Object 'Object Repository/PartyOnboarding/Personal/PartyContacts/Contact Email' does not have attribute 'readonly' (Root cause: com.kms.katalon.core.exception.StepFailedException: Object 'Object Repository/PartyOnboarding/Personal/PartyContacts/Contact Email' does not have attribute 'readonly'&#xD;
	at com.kms.katalon.core.webui.keyword.internal.WebUIKeywordMain.stepFailed(WebUIKeywordMain.groovy:64)&#xD;
	at com.kms.katalon.core.webui.keyword.builtin.VerifyElementHasAttributeKeyword$_verifyElementHasAttribute_closure1.doCall(VerifyElementHasAttributeKeyword.groovy:89)&#xD;
	at com.kms.katalon.core.webui.keyword.builtin.VerifyElementHasAttributeKeyword$_verifyElementHasAttribute_closure1.call(VerifyElementHasAttributeKeyword.groovy)&#xD;
	at com.kms.katalon.core.webui.keyword.internal.WebUIKeywordMain.runKeyword(WebUIKeywordMain.groovy:20)&#xD;
	at com.kms.katalon.core.webui.keyword.builtin.VerifyElementHasAttributeKeyword.verifyElementHasAttribute(VerifyElementHasAttributeKeyword.groovy:100)&#xD;
	at com.kms.katalon.core.webui.keyword.builtin.VerifyElementHasAttributeKeyword.execute(VerifyElementHasAttributeKeyword.groovy:69)&#xD;
	at com.kms.katalon.core.keyword.internal.KeywordExecutor.executeKeywordForPlatform(KeywordExecutor.groovy:56)&#xD;
	at com.kms.katalon.core.webui.keyword.WebUiBuiltInKeywords.verifyElementHasAttribute(WebUiBuiltInKeywords.groovy:3166)&#xD;
	at com.kms.katalon.core.webui.keyword.WebUiBuiltInKeywords$verifyElementHasAttribute$11.call(Unknown Source)&#xD;
	at pageObjects.PartyOnboarding.inputDataForPartyContacts(PartyOnboarding.groovy:721)&#xD;
	at PartyOnboardingEnterprise.run(PartyOnboardingEnterprise:61)&#xD;
	at com.kms.katalon.core.main.ScriptEngine.run(ScriptEngine.java:194)&#xD;
	at com.kms.katalon.core.main.ScriptEngine.runScriptAsRawText(ScriptEngine.java:119)&#xD;
	at com.kms.katalon.core.main.TestCaseExecutor.runScript(TestCaseExecutor.java:337)&#xD;
	at com.kms.katalon.core.main.TestCaseExecutor.doExecute(TestCaseExecutor.java:328)&#xD;
	at com.kms.katalon.core.main.TestCaseExecutor.processExecutionPhase(TestCaseExecutor.java:307)&#xD;
	at com.kms.katalon.core.main.TestCaseExecutor.accessMainPhase(TestCaseExecutor.java:299)&#xD;
	at com.kms.katalon.core.main.TestCaseExecutor.execute(TestCaseExecutor.java:233)&#xD;
	at com.kms.katalon.core.main.TestSuiteExecutor.accessTestCaseMainPhase(TestSuiteExecutor.java:133)&#xD;
	at com.kms.katalon.core.main.TestSuiteExecutor.accessTestSuiteMainPhase(TestSuiteExecutor.java:116)&#xD;
	at com.kms.katalon.core.main.TestSuiteExecutor.execute(TestSuiteExecutor.java:83)&#xD;
	at com.kms.katalon.core.main.TestCaseMain.startTestSuite(TestCaseMain.java:157)&#xD;
	at com.kms.katalon.core.main.TestCaseMain$startTestSuite$0.call(Unknown Source)&#xD;
	at TempTestSuite1566396522347.run(TempTestSuite1566396522347.groovy:35)&#xD;
)&#xD;
[[ATTACHMENT|C:\\ML\\JITS\\AYA\\Automation\\FBE\\FBE\\Reports\\DataPreparation\\PartyOnboardingPersonal\\20190821_203842\\1566396745850.png]]&#xD;
&#xD;
2019-08-21 20:42:26 - [MESSAGE][PASSED] - Object 'Object Repository/PartyOnboarding/Personal/PartyContacts/Contact Number_03_Code' is visible&#xD;
&#xD;
2019-08-21 20:42:26 - [MESSAGE][PASSED] - Object 'Object Repository/PartyOnboarding/Personal/PartyContacts/Contact Number_03_Code' has attribute 'readonly'&#xD;
&#xD;
2019-08-21 20:42:26 - [MESSAGE][PASSED] - Object 'Object Repository/PartyOnboarding/Personal/PartyContacts/Contact Email' is visible&#xD;
&#xD;
2019-08-21 20:42:27 - [MESSAGE][PASSED] - Keys 'nguyenthimyle@gmail.com' sent to object: 'Object Repository/PartyOnboarding/Personal/PartyContacts/Contact Email'&#xD;
&#xD;
2019-08-21 20:42:27 - [MESSAGE][PASSED] - Object 'Object Repository/PartyOnboarding/Personal/PartyContacts/Confirm Email' is visible&#xD;
&#xD;
2019-08-21 20:42:27 - [MESSAGE][PASSED] - Keys 'nguyenthimyle@gmail.com' sent to object: 'Object Repository/PartyOnboarding/Personal/PartyContacts/Confirm Email'&#xD;
&#xD;
2019-08-21 20:42:27 - [MESSAGE][PASSED] - Object 'Object Repository/PartyOnboarding/Personal/PartyContacts/Valid From' is visible&#xD;
&#xD;
2019-08-21 20:42:27 - [MESSAGE][PASSED] - Text of object 'Object Repository/PartyOnboarding/Personal/PartyContacts/Valid From' is cleared&#xD;
&#xD;
2019-08-21 20:42:27 - [MESSAGE][PASSED] - Object 'Object Repository/PartyOnboarding/Personal/PartyContacts/Valid From' is visible&#xD;
&#xD;
2019-08-21 20:42:28 - [MESSAGE][PASSED] - Keys '2017-01-24' sent to object: 'Object Repository/PartyOnboarding/Personal/PartyContacts/Valid From'&#xD;
&#xD;
2019-08-21 20:42:28 - [MESSAGE][PASSED] - Object 'Object Repository/PartyOnboarding/Personal/PartyContacts/Save Row' is visible&#xD;
&#xD;
2019-08-21 20:42:28 - [MESSAGE][PASSED] - Execute JavaScript 'arguments[0].click();' successfully&#xD;
&#xD;
2019-08-21 20:42:28 - [TEST_STEP][PASSED] - partyOnboardingEnterprise.clickNextbutton(): Object: 'Object Repository/PartyOnboarding/btn_Next' is clicked on&#xD;
&#xD;
2019-08-21 20:42:28 - [MESSAGE][PASSED] - Object 'Object Repository/PartyOnboarding/btn_Next' is visible&#xD;
&#xD;
2019-08-21 20:42:28 - [MESSAGE][PASSED] - Object: 'Object Repository/PartyOnboarding/btn_Next' is clicked on&#xD;
&#xD;
2019-08-21 20:42:28 - [TEST_STEP][PASSED] - partyOnboardingEnterprise.inputDataForPartyRequiredDocuments(s06_documentCategory, s06_kycExpired, s06_documentType, s06_validFrom, s06_validTo, s06_referenceNumber, s06_issuingAuthority, s06_issuingCountry, s06_documentVerified, s06_image, s06_documentCollectionStatus): Keys 'Documents collected and validated centrally' sent to object: 'Object Repository/PartyOnboarding/Personal/PartyRequiredDocument/ddl_DocumentsCollectionStatus'&#xD;
&#xD;
2019-08-21 20:42:29 - [MESSAGE][PASSED] - Delayed 1 second(s)&#xD;
&#xD;
2019-08-21 20:42:29 - [MESSAGE][PASSED] - Object 'Object Repository/PartyOnboarding/Personal/PartyRequiredDocument/New Row' is visible&#xD;
&#xD;
2019-08-21 20:42:29 - [MESSAGE][PASSED] - Execute JavaScript 'arguments[0].click();' successfully&#xD;
&#xD;
2019-08-21 20:42:29 - [MESSAGE][PASSED] - Object 'Object Repository/PartyOnboarding/Personal/PartyRequiredDocument/DocumentCategory' is visible&#xD;
&#xD;
2019-08-21 20:42:30 - [MESSAGE][PASSED] - Keys 'TAB + PT-AUTHORIZED MYCO USER' sent to object: 'Object Repository/PartyOnboarding/Personal/PartyRequiredDocument/DocumentCategory'&#xD;
&#xD;
2019-08-21 20:42:31 - [MESSAGE][PASSED] - Delayed 1 second(s)&#xD;
&#xD;
2019-08-21 20:42:31 - [MESSAGE][PASSED] - Object 'Object Repository/PartyOnboarding/Personal/PartyRequiredDocument/Document Type' is visible&#xD;
&#xD;
2019-08-21 20:42:32 - [MESSAGE][PASSED] - Keys 'TAB + AUTHORIZED MYCO USER' sent to object: 'Object Repository/PartyOnboarding/Personal/PartyRequiredDocument/Document Type'&#xD;
&#xD;
2019-08-21 20:42:33 - [MESSAGE][PASSED] - Delayed 1 second(s)&#xD;
&#xD;
2019-08-21 20:42:33 - [MESSAGE][PASSED] - Object 'Object Repository/PartyOnboarding/Personal/PartyRequiredDocument/Issuing Country' is visible&#xD;
&#xD;
2019-08-21 20:42:33 - [MESSAGE][PASSED] - Keys 'Myanmar' sent to object: 'Object Repository/PartyOnboarding/Personal/PartyRequiredDocument/Issuing Country'&#xD;
&#xD;
2019-08-21 20:42:34 - [MESSAGE][PASSED] - Delayed 1 second(s)&#xD;
&#xD;
2019-08-21 20:42:34 - [MESSAGE][PASSED] - Object 'Object Repository/PartyOnboarding/Personal/PartyRequiredDocument/Document Verified' is visible&#xD;
&#xD;
2019-08-21 20:42:35 - [MESSAGE][PASSED] - Keys 'TAB + TRUE' sent to object: 'Object Repository/PartyOnboarding/Personal/PartyRequiredDocument/Document Verified'&#xD;
&#xD;
2019-08-21 20:42:35 - [MESSAGE][PASSED] - Object 'Object Repository/PartyOnboarding/Personal/PartyRequiredDocument/Save Row' is visible&#xD;
&#xD;
2019-08-21 20:42:35 - [MESSAGE][PASSED] - Execute JavaScript 'arguments[0].click();' successfully&#xD;
&#xD;
2019-08-21 20:42:35 - [MESSAGE][PASSED] - Object 'Object Repository/PartyOnboarding/Personal/PartyRequiredDocument/New Row' is visible&#xD;
&#xD;
2019-08-21 20:42:35 - [MESSAGE][PASSED] - Execute JavaScript 'arguments[0].click();' successfully&#xD;
&#xD;
2019-08-21 20:42:35 - [MESSAGE][PASSED] - Object 'Object Repository/PartyOnboarding/Personal/PartyRequiredDocument/DocumentCategory' is visible&#xD;
&#xD;
2019-08-21 20:42:36 - [MESSAGE][PASSED] - Keys 'TAB + PT-BOARD OF DIRECTORS RESOLUTION' sent to object: 'Object Repository/PartyOnboarding/Personal/PartyRequiredDocument/DocumentCategory'&#xD;
&#xD;
2019-08-21 20:42:37 - [MESSAGE][PASSED] - Delayed 1 second(s)&#xD;
&#xD;
2019-08-21 20:42:37 - [MESSAGE][PASSED] - Object 'Object Repository/PartyOnboarding/Personal/PartyRequiredDocument/Document Type' is visible&#xD;
&#xD;
2019-08-21 20:42:39 - [MESSAGE][PASSED] - Keys 'TAB + BOARD OF DIRECTORS RESOLUTION' sent to object: 'Object Repository/PartyOnboarding/Personal/PartyRequiredDocument/Document Type'&#xD;
&#xD;
2019-08-21 20:42:40 - [MESSAGE][PASSED] - Delayed 1 second(s)&#xD;
&#xD;
2019-08-21 20:42:40 - [MESSAGE][PASSED] - Object 'Object Repository/PartyOnboarding/Personal/PartyRequiredDocument/Issuing Country' is visible&#xD;
&#xD;
2019-08-21 20:42:40 - [MESSAGE][PASSED] - Keys 'Myanmar' sent to object: 'Object Repository/PartyOnboarding/Personal/PartyRequiredDocument/Issuing Country'&#xD;
&#xD;
2019-08-21 20:42:41 - [MESSAGE][PASSED] - Delayed 1 second(s)&#xD;
&#xD;
2019-08-21 20:42:41 - [MESSAGE][PASSED] - Object 'Object Repository/PartyOnboarding/Personal/PartyRequiredDocument/Document Verified' is visible&#xD;
&#xD;
2019-08-21 20:42:41 - [MESSAGE][PASSED] - Keys 'TAB + TRUE' sent to object: 'Object Repository/PartyOnboarding/Personal/PartyRequiredDocument/Document Verified'&#xD;
&#xD;
2019-08-21 20:42:41 - [MESSAGE][PASSED] - Object 'Object Repository/PartyOnboarding/Personal/PartyRequiredDocument/Save Row' is visible&#xD;
&#xD;
2019-08-21 20:42:41 - [MESSAGE][PASSED] - Execute JavaScript 'arguments[0].click();' successfully&#xD;
&#xD;
2019-08-21 20:42:41 - [MESSAGE][PASSED] - Object 'Object Repository/PartyOnboarding/Personal/PartyRequiredDocument/New Row' is visible&#xD;
&#xD;
2019-08-21 20:42:41 - [MESSAGE][PASSED] - Execute JavaScript 'arguments[0].click();' successfully&#xD;
&#xD;
2019-08-21 20:42:41 - [MESSAGE][PASSED] - Object 'Object Repository/PartyOnboarding/Personal/PartyRequiredDocument/DocumentCategory' is visible&#xD;
&#xD;
2019-08-21 20:42:43 - [MESSAGE][PASSED] - Keys 'TAB + PT-CERTIFICATE OF INCORPORATION' sent to object: 'Object Repository/PartyOnboarding/Personal/PartyRequiredDocument/DocumentCategory'&#xD;
&#xD;
2019-08-21 20:42:44 - [MESSAGE][PASSED] - Delayed 1 second(s)&#xD;
&#xD;
2019-08-21 20:42:44 - [MESSAGE][PASSED] - Object 'Object Repository/PartyOnboarding/Personal/PartyRequiredDocument/Document Type' is visible&#xD;
&#xD;
2019-08-21 20:42:45 - [MESSAGE][PASSED] - Keys 'TAB + CERTIFICATE OF INCORPORATION' sent to object: 'Object Repository/PartyOnboarding/Personal/PartyRequiredDocument/Document Type'&#xD;
&#xD;
2019-08-21 20:42:46 - [MESSAGE][PASSED] - Delayed 1 second(s)&#xD;
&#xD;
2019-08-21 20:42:46 - [MESSAGE][PASSED] - Object 'Object Repository/PartyOnboarding/Personal/PartyRequiredDocument/Issuing Country' is visible&#xD;
&#xD;
2019-08-21 20:42:46 - [MESSAGE][PASSED] - Keys 'Myanmar' sent to object: 'Object Repository/PartyOnboarding/Personal/PartyRequiredDocument/Issuing Country'&#xD;
&#xD;
2019-08-21 20:42:47 - [MESSAGE][PASSED] - Delayed 1 second(s)&#xD;
&#xD;
2019-08-21 20:42:47 - [MESSAGE][PASSED] - Object 'Object Repository/PartyOnboarding/Personal/PartyRequiredDocument/Document Verified' is visible&#xD;
&#xD;
2019-08-21 20:42:48 - [MESSAGE][PASSED] - Keys 'TAB + TRUE' sent to object: 'Object Repository/PartyOnboarding/Personal/PartyRequiredDocument/Document Verified'&#xD;
&#xD;
2019-08-21 20:42:48 - [MESSAGE][PASSED] - Object 'Object Repository/PartyOnboarding/Personal/PartyRequiredDocument/Save Row' is visible&#xD;
&#xD;
2019-08-21 20:42:48 - [MESSAGE][PASSED] - Execute JavaScript 'arguments[0].click();' successfully&#xD;
&#xD;
2019-08-21 20:42:48 - [MESSAGE][PASSED] - Object 'Object Repository/PartyOnboarding/Personal/PartyRequiredDocument/New Row' is visible&#xD;
&#xD;
2019-08-21 20:42:48 - [MESSAGE][PASSED] - Execute JavaScript 'arguments[0].click();' successfully&#xD;
&#xD;
2019-08-21 20:42:48 - [MESSAGE][PASSED] - Object 'Object Repository/PartyOnboarding/Personal/PartyRequiredDocument/DocumentCategory' is visible&#xD;
&#xD;
2019-08-21 20:42:48 - [MESSAGE][PASSED] - Keys 'TAB + PT-FILING HISTORY' sent to object: 'Object Repository/PartyOnboarding/Personal/PartyRequiredDocument/DocumentCategory'&#xD;
&#xD;
2019-08-21 20:42:49 - [MESSAGE][PASSED] - Delayed 1 second(s)&#xD;
&#xD;
2019-08-21 20:42:50 - [MESSAGE][PASSED] - Object 'Object Repository/PartyOnboarding/Personal/PartyRequiredDocument/Document Type' is visible&#xD;
&#xD;
2019-08-21 20:42:50 - [MESSAGE][PASSED] - Keys 'TAB + FILING HISTORY' sent to object: 'Object Repository/PartyOnboarding/Personal/PartyRequiredDocument/Document Type'&#xD;
&#xD;
2019-08-21 20:42:51 - [MESSAGE][PASSED] - Delayed 1 second(s)&#xD;
&#xD;
2019-08-21 20:42:51 - [MESSAGE][PASSED] - Object 'Object Repository/PartyOnboarding/Personal/PartyRequiredDocument/Issuing Country' is visible&#xD;
&#xD;
2019-08-21 20:42:51 - [MESSAGE][PASSED] - Keys 'Myanmar' sent to object: 'Object Repository/PartyOnboarding/Personal/PartyRequiredDocument/Issuing Country'&#xD;
&#xD;
2019-08-21 20:42:52 - [MESSAGE][PASSED] - Delayed 1 second(s)&#xD;
&#xD;
2019-08-21 20:42:53 - [MESSAGE][PASSED] - Object 'Object Repository/PartyOnboarding/Personal/PartyRequiredDocument/Document Verified' is visible&#xD;
&#xD;
2019-08-21 20:42:53 - [MESSAGE][PASSED] - Keys 'TAB + TRUE' sent to object: 'Object Repository/PartyOnboarding/Personal/PartyRequiredDocument/Document Verified'&#xD;
&#xD;
2019-08-21 20:42:53 - [MESSAGE][PASSED] - Object 'Object Repository/PartyOnboarding/Personal/PartyRequiredDocument/Save Row' is visible&#xD;
&#xD;
2019-08-21 20:42:53 - [MESSAGE][PASSED] - Execute JavaScript 'arguments[0].click();' successfully&#xD;
&#xD;
2019-08-21 20:42:53 - [MESSAGE][PASSED] - Object 'Object Repository/PartyOnboarding/Personal/PartyRequiredDocument/New Row' is visible&#xD;
&#xD;
2019-08-21 20:42:53 - [MESSAGE][PASSED] - Execute JavaScript 'arguments[0].click();' successfully&#xD;
&#xD;
2019-08-21 20:42:53 - [MESSAGE][PASSED] - Object 'Object Repository/PartyOnboarding/Personal/PartyRequiredDocument/DocumentCategory' is visible&#xD;
&#xD;
2019-08-21 20:42:54 - [MESSAGE][PASSED] - Keys 'TAB + PT-FORM QA 22(FOREIGNER)' sent to object: 'Object Repository/PartyOnboarding/Personal/PartyRequiredDocument/DocumentCategory'&#xD;
&#xD;
2019-08-21 20:42:55 - [MESSAGE][PASSED] - Delayed 1 second(s)&#xD;
&#xD;
2019-08-21 20:42:55 - [MESSAGE][PASSED] - Object 'Object Repository/PartyOnboarding/Personal/PartyRequiredDocument/Document Type' is visible&#xD;
&#xD;
2019-08-21 20:42:56 - [MESSAGE][PASSED] - Keys 'TAB + FORM QA 22(FOREIGNER)' sent to object: 'Object Repository/PartyOnboarding/Personal/PartyRequiredDocument/Document Type'&#xD;
&#xD;
2019-08-21 20:42:57 - [MESSAGE][PASSED] - Delayed 1 second(s)&#xD;
&#xD;
2019-08-21 20:42:57 - [MESSAGE][PASSED] - Object 'Object Repository/PartyOnboarding/Personal/PartyRequiredDocument/Issuing Country' is visible&#xD;
&#xD;
2019-08-21 20:42:57 - [MESSAGE][PASSED] - Keys 'Myanmar' sent to object: 'Object Repository/PartyOnboarding/Personal/PartyRequiredDocument/Issuing Country'&#xD;
&#xD;
2019-08-21 20:42:58 - [MESSAGE][PASSED] - Delayed 1 second(s)&#xD;
&#xD;
2019-08-21 20:42:58 - [MESSAGE][PASSED] - Object 'Object Repository/PartyOnboarding/Personal/PartyRequiredDocument/Document Verified' is visible&#xD;
&#xD;
2019-08-21 20:42:59 - [MESSAGE][PASSED] - Keys 'TAB + TRUE' sent to object: 'Object Repository/PartyOnboarding/Personal/PartyRequiredDocument/Document Verified'&#xD;
&#xD;
2019-08-21 20:42:59 - [MESSAGE][PASSED] - Object 'Object Repository/PartyOnboarding/Personal/PartyRequiredDocument/Save Row' is visible&#xD;
&#xD;
2019-08-21 20:42:59 - [MESSAGE][PASSED] - Execute JavaScript 'arguments[0].click();' successfully&#xD;
&#xD;
2019-08-21 20:42:59 - [MESSAGE][PASSED] - Object 'Object Repository/PartyOnboarding/Personal/PartyRequiredDocument/New Row' is visible&#xD;
&#xD;
2019-08-21 20:42:59 - [MESSAGE][PASSED] - Execute JavaScript 'arguments[0].click();' successfully&#xD;
&#xD;
2019-08-21 20:42:59 - [MESSAGE][PASSED] - Object 'Object Repository/PartyOnboarding/Personal/PartyRequiredDocument/DocumentCategory' is visible&#xD;
&#xD;
2019-08-21 20:43:00 - [MESSAGE][PASSED] - Keys 'TAB + PT-LIST OF DIRECTORS AND MEMBER DETAILS' sent to object: 'Object Repository/PartyOnboarding/Personal/PartyRequiredDocument/DocumentCategory'&#xD;
&#xD;
2019-08-21 20:43:01 - [MESSAGE][PASSED] - Delayed 1 second(s)&#xD;
&#xD;
2019-08-21 20:43:02 - [MESSAGE][PASSED] - Object 'Object Repository/PartyOnboarding/Personal/PartyRequiredDocument/Document Type' is visible&#xD;
&#xD;
2019-08-21 20:43:03 - [MESSAGE][PASSED] - Keys 'TAB + LIST OF DIRECTORS AND MEMBER DETAILS' sent to object: 'Object Repository/PartyOnboarding/Personal/PartyRequiredDocument/Document Type'&#xD;
&#xD;
2019-08-21 20:43:04 - [MESSAGE][PASSED] - Delayed 1 second(s)&#xD;
&#xD;
2019-08-21 20:43:04 - [MESSAGE][PASSED] - Object 'Object Repository/PartyOnboarding/Personal/PartyRequiredDocument/Issuing Country' is visible&#xD;
&#xD;
2019-08-21 20:43:04 - [MESSAGE][PASSED] - Keys 'Myanmar' sent to object: 'Object Repository/PartyOnboarding/Personal/PartyRequiredDocument/Issuing Country'&#xD;
&#xD;
2019-08-21 20:43:05 - [MESSAGE][PASSED] - Delayed 1 second(s)&#xD;
&#xD;
2019-08-21 20:43:05 - [MESSAGE][PASSED] - Object 'Object Repository/PartyOnboarding/Personal/PartyRequiredDocument/Document Verified' is visible&#xD;
&#xD;
2019-08-21 20:43:06 - [MESSAGE][PASSED] - Keys 'TAB + TRUE' sent to object: 'Object Repository/PartyOnboarding/Personal/PartyRequiredDocument/Document Verified'&#xD;
&#xD;
2019-08-21 20:43:06 - [MESSAGE][PASSED] - Object 'Object Repository/PartyOnboarding/Personal/PartyRequiredDocument/Save Row' is visible&#xD;
&#xD;
2019-08-21 20:43:06 - [MESSAGE][PASSED] - Execute JavaScript 'arguments[0].click();' successfully&#xD;
&#xD;
2019-08-21 20:43:06 - [MESSAGE][PASSED] - Object 'Object Repository/PartyOnboarding/Personal/PartyRequiredDocument/New Row' is visible&#xD;
&#xD;
2019-08-21 20:43:06 - [MESSAGE][PASSED] - Execute JavaScript 'arguments[0].click();' successfully&#xD;
&#xD;
2019-08-21 20:43:06 - [MESSAGE][PASSED] - Object 'Object Repository/PartyOnboarding/Personal/PartyRequiredDocument/DocumentCategory' is visible&#xD;
&#xD;
2019-08-21 20:43:08 - [MESSAGE][PASSED] - Keys 'TAB + PT-LIST OF SHAREHOLDERS AND MEMBER DETAILS' sent to object: 'Object Repository/PartyOnboarding/Personal/PartyRequiredDocument/DocumentCategory'&#xD;
&#xD;
2019-08-21 20:43:09 - [MESSAGE][PASSED] - Delayed 1 second(s)&#xD;
&#xD;
2019-08-21 20:43:09 - [MESSAGE][PASSED] - Object 'Object Repository/PartyOnboarding/Personal/PartyRequiredDocument/Document Type' is visible&#xD;
&#xD;
2019-08-21 20:43:10 - [MESSAGE][PASSED] - Keys 'TAB + LIST OF SHAREHOLDERS AND MEMBER DETAILS' sent to object: 'Object Repository/PartyOnboarding/Personal/PartyRequiredDocument/Document Type'&#xD;
&#xD;
2019-08-21 20:43:11 - [MESSAGE][PASSED] - Delayed 1 second(s)&#xD;
&#xD;
2019-08-21 20:43:11 - [MESSAGE][PASSED] - Object 'Object Repository/PartyOnboarding/Personal/PartyRequiredDocument/Issuing Country' is visible&#xD;
&#xD;
2019-08-21 20:43:12 - [MESSAGE][PASSED] - Keys 'Myanmar' sent to object: 'Object Repository/PartyOnboarding/Personal/PartyRequiredDocument/Issuing Country'&#xD;
&#xD;
2019-08-21 20:43:13 - [MESSAGE][PASSED] - Delayed 1 second(s)&#xD;
&#xD;
2019-08-21 20:43:13 - [MESSAGE][PASSED] - Object 'Object Repository/PartyOnboarding/Personal/PartyRequiredDocument/Document Verified' is visible&#xD;
&#xD;
2019-08-21 20:43:13 - [MESSAGE][PASSED] - Keys 'TAB + TRUE' sent to object: 'Object Repository/PartyOnboarding/Personal/PartyRequiredDocument/Document Verified'&#xD;
&#xD;
2019-08-21 20:43:13 - [MESSAGE][PASSED] - Object 'Object Repository/PartyOnboarding/Personal/PartyRequiredDocument/Save Row' is visible&#xD;
&#xD;
2019-08-21 20:43:13 - [MESSAGE][PASSED] - Execute JavaScript 'arguments[0].click();' successfully&#xD;
&#xD;
2019-08-21 20:43:13 - [MESSAGE][PASSED] - Object 'Object Repository/PartyOnboarding/Personal/PartyRequiredDocument/New Row' is visible&#xD;
&#xD;
2019-08-21 20:43:13 - [MESSAGE][PASSED] - Execute JavaScript 'arguments[0].click();' successfully&#xD;
&#xD;
2019-08-21 20:43:13 - [MESSAGE][PASSED] - Object 'Object Repository/PartyOnboarding/Personal/PartyRequiredDocument/DocumentCategory' is visible&#xD;
&#xD;
2019-08-21 20:43:15 - [MESSAGE][PASSED] - Keys 'TAB + PT-NRC/PASSPORT COPY OF AUTHORIZED SIGNATORY' sent to object: 'Object Repository/PartyOnboarding/Personal/PartyRequiredDocument/DocumentCategory'&#xD;
&#xD;
2019-08-21 20:43:16 - [MESSAGE][PASSED] - Delayed 1 second(s)&#xD;
&#xD;
2019-08-21 20:43:16 - [MESSAGE][PASSED] - Object 'Object Repository/PartyOnboarding/Personal/PartyRequiredDocument/Document Type' is visible&#xD;
&#xD;
2019-08-21 20:43:18 - [MESSAGE][PASSED] - Keys 'TAB + NRC/PASSPORT COPY OF AUTHORIZED SIGNATORY' sent to object: 'Object Repository/PartyOnboarding/Personal/PartyRequiredDocument/Document Type'&#xD;
&#xD;
2019-08-21 20:43:19 - [MESSAGE][PASSED] - Delayed 1 second(s)&#xD;
&#xD;
2019-08-21 20:43:19 - [MESSAGE][PASSED] - Object 'Object Repository/PartyOnboarding/Personal/PartyRequiredDocument/Issuing Country' is visible&#xD;
&#xD;
2019-08-21 20:43:19 - [MESSAGE][PASSED] - Keys 'Myanmar' sent to object: 'Object Repository/PartyOnboarding/Personal/PartyRequiredDocument/Issuing Country'&#xD;
&#xD;
2019-08-21 20:43:20 - [MESSAGE][PASSED] - Delayed 1 second(s)&#xD;
&#xD;
2019-08-21 20:43:20 - [MESSAGE][PASSED] - Object 'Object Repository/PartyOnboarding/Personal/PartyRequiredDocument/Document Verified' is visible&#xD;
&#xD;
2019-08-21 20:43:20 - [MESSAGE][PASSED] - Keys 'TAB + TRUE' sent to object: 'Object Repository/PartyOnboarding/Personal/PartyRequiredDocument/Document Verified'&#xD;
&#xD;
2019-08-21 20:43:21 - [MESSAGE][PASSED] - Object 'Object Repository/PartyOnboarding/Personal/PartyRequiredDocument/Save Row' is visible&#xD;
&#xD;
2019-08-21 20:43:21 - [MESSAGE][PASSED] - Execute JavaScript 'arguments[0].click();' successfully&#xD;
&#xD;
2019-08-21 20:43:21 - [MESSAGE][PASSED] - Object 'Object Repository/PartyOnboarding/Personal/PartyRequiredDocument/New Row' is visible&#xD;
&#xD;
2019-08-21 20:43:21 - [MESSAGE][PASSED] - Execute JavaScript 'arguments[0].click();' successfully&#xD;
&#xD;
2019-08-21 20:43:21 - [MESSAGE][PASSED] - Object 'Object Repository/PartyOnboarding/Personal/PartyRequiredDocument/DocumentCategory' is visible&#xD;
&#xD;
2019-08-21 20:43:22 - [MESSAGE][PASSED] - Keys 'TAB + PT-NRC/PASSPORT COPY OF SHAREHOLDERS' sent to object: 'Object Repository/PartyOnboarding/Personal/PartyRequiredDocument/DocumentCategory'&#xD;
&#xD;
2019-08-21 20:43:23 - [MESSAGE][PASSED] - Delayed 1 second(s)&#xD;
&#xD;
2019-08-21 20:43:23 - [MESSAGE][PASSED] - Object 'Object Repository/PartyOnboarding/Personal/PartyRequiredDocument/Document Type' is visible&#xD;
&#xD;
2019-08-21 20:43:25 - [MESSAGE][PASSED] - Keys 'TAB + NRC/PASSPORT COPY OF SHAREHOLDERS' sent to object: 'Object Repository/PartyOnboarding/Personal/PartyRequiredDocument/Document Type'&#xD;
&#xD;
2019-08-21 20:43:26 - [MESSAGE][PASSED] - Delayed 1 second(s)&#xD;
&#xD;
2019-08-21 20:43:26 - [MESSAGE][PASSED] - Object 'Object Repository/PartyOnboarding/Personal/PartyRequiredDocument/Issuing Country' is visible&#xD;
&#xD;
2019-08-21 20:43:26 - [MESSAGE][PASSED] - Keys 'Myanmar' sent to object: 'Object Repository/PartyOnboarding/Personal/PartyRequiredDocument/Issuing Country'&#xD;
&#xD;
2019-08-21 20:43:27 - [MESSAGE][PASSED] - Delayed 1 second(s)&#xD;
&#xD;
2019-08-21 20:43:27 - [MESSAGE][PASSED] - Object 'Object Repository/PartyOnboarding/Personal/PartyRequiredDocument/Document Verified' is visible&#xD;
&#xD;
2019-08-21 20:43:27 - [MESSAGE][PASSED] - Keys 'TAB + TRUE' sent to object: 'Object Repository/PartyOnboarding/Personal/PartyRequiredDocument/Document Verified'&#xD;
&#xD;
2019-08-21 20:43:27 - [MESSAGE][PASSED] - Object 'Object Repository/PartyOnboarding/Personal/PartyRequiredDocument/Save Row' is visible&#xD;
&#xD;
2019-08-21 20:43:27 - [MESSAGE][PASSED] - Execute JavaScript 'arguments[0].click();' successfully&#xD;
&#xD;
2019-08-21 20:43:27 - [MESSAGE][PASSED] - Object 'Object Repository/PartyOnboarding/Personal/PartyRequiredDocument/New Row' is visible&#xD;
&#xD;
2019-08-21 20:43:28 - [MESSAGE][PASSED] - Execute JavaScript 'arguments[0].click();' successfully&#xD;
&#xD;
2019-08-21 20:43:28 - [MESSAGE][PASSED] - Object 'Object Repository/PartyOnboarding/Personal/PartyRequiredDocument/DocumentCategory' is visible&#xD;
&#xD;
2019-08-21 20:43:29 - [MESSAGE][PASSED] - Keys 'TAB + PT-REGISTERED COMPANY ADDRESS' sent to object: 'Object Repository/PartyOnboarding/Personal/PartyRequiredDocument/DocumentCategory'&#xD;
&#xD;
2019-08-21 20:43:30 - [MESSAGE][PASSED] - Delayed 1 second(s)&#xD;
&#xD;
2019-08-21 20:43:30 - [MESSAGE][PASSED] - Object 'Object Repository/PartyOnboarding/Personal/PartyRequiredDocument/Document Type' is visible&#xD;
&#xD;
2019-08-21 20:43:31 - [MESSAGE][PASSED] - Keys 'TAB + REGISTERED COMPANY ADDRESS' sent to object: 'Object Repository/PartyOnboarding/Personal/PartyRequiredDocument/Document Type'&#xD;
&#xD;
2019-08-21 20:43:32 - [MESSAGE][PASSED] - Delayed 1 second(s)&#xD;
&#xD;
2019-08-21 20:43:32 - [MESSAGE][PASSED] - Object 'Object Repository/PartyOnboarding/Personal/PartyRequiredDocument/Issuing Country' is visible&#xD;
&#xD;
2019-08-21 20:43:32 - [MESSAGE][PASSED] - Keys 'Myanmar' sent to object: 'Object Repository/PartyOnboarding/Personal/PartyRequiredDocument/Issuing Country'&#xD;
&#xD;
2019-08-21 20:43:33 - [MESSAGE][PASSED] - Delayed 1 second(s)&#xD;
&#xD;
2019-08-21 20:43:33 - [MESSAGE][PASSED] - Object 'Object Repository/PartyOnboarding/Personal/PartyRequiredDocument/Document Verified' is visible&#xD;
&#xD;
2019-08-21 20:43:34 - [MESSAGE][PASSED] - Keys 'TAB + TRUE' sent to object: 'Object Repository/PartyOnboarding/Personal/PartyRequiredDocument/Document Verified'&#xD;
&#xD;
2019-08-21 20:43:34 - [MESSAGE][PASSED] - Object 'Object Repository/PartyOnboarding/Personal/PartyRequiredDocument/Save Row' is visible&#xD;
&#xD;
2019-08-21 20:43:34 - [MESSAGE][PASSED] - Execute JavaScript 'arguments[0].click();' successfully&#xD;
&#xD;
2019-08-21 20:43:34 - [MESSAGE][PASSED] - Object 'Object Repository/PartyOnboarding/Personal/PartyRequiredDocument/New Row' is visible&#xD;
&#xD;
2019-08-21 20:43:34 - [MESSAGE][PASSED] - Execute JavaScript 'arguments[0].click();' successfully&#xD;
&#xD;
2019-08-21 20:43:34 - [MESSAGE][PASSED] - Object 'Object Repository/PartyOnboarding/Personal/PartyRequiredDocument/DocumentCategory' is visible&#xD;
&#xD;
2019-08-21 20:43:36 - [MESSAGE][PASSED] - Keys 'TAB + PT-VALID VISA COPY OF AUTH. SIGNATORY(FOREIGNER)' sent to object: 'Object Repository/PartyOnboarding/Personal/PartyRequiredDocument/DocumentCategory'&#xD;
&#xD;
2019-08-21 20:43:37 - [MESSAGE][PASSED] - Delayed 1 second(s)&#xD;
&#xD;
2019-08-21 20:43:37 - [MESSAGE][PASSED] - Object 'Object Repository/PartyOnboarding/Personal/PartyRequiredDocument/Document Type' is visible&#xD;
&#xD;
2019-08-21 20:43:39 - [MESSAGE][PASSED] - Keys 'TAB + VALID VISA COPY OF AUTH. SIGNATORY(FOREIGNER)' sent to object: 'Object Repository/PartyOnboarding/Personal/PartyRequiredDocument/Document Type'&#xD;
&#xD;
2019-08-21 20:43:40 - [MESSAGE][PASSED] - Delayed 1 second(s)&#xD;
&#xD;
2019-08-21 20:43:40 - [MESSAGE][PASSED] - Object 'Object Repository/PartyOnboarding/Personal/PartyRequiredDocument/Issuing Country' is visible&#xD;
&#xD;
2019-08-21 20:43:40 - [MESSAGE][PASSED] - Keys 'Myanmar' sent to object: 'Object Repository/PartyOnboarding/Personal/PartyRequiredDocument/Issuing Country'&#xD;
&#xD;
2019-08-21 20:43:41 - [MESSAGE][PASSED] - Delayed 1 second(s)&#xD;
&#xD;
2019-08-21 20:43:41 - [MESSAGE][PASSED] - Object 'Object Repository/PartyOnboarding/Personal/PartyRequiredDocument/Document Verified' is visible&#xD;
&#xD;
2019-08-21 20:43:42 - [MESSAGE][PASSED] - Keys 'TAB + TRUE' sent to object: 'Object Repository/PartyOnboarding/Personal/PartyRequiredDocument/Document Verified'&#xD;
&#xD;
2019-08-21 20:43:42 - [MESSAGE][PASSED] - Object 'Object Repository/PartyOnboarding/Personal/PartyRequiredDocument/Save Row' is visible&#xD;
&#xD;
2019-08-21 20:43:42 - [MESSAGE][PASSED] - Execute JavaScript 'arguments[0].click();' successfully&#xD;
&#xD;
2019-08-21 20:43:42 - [MESSAGE][PASSED] - Object 'Object Repository/PartyOnboarding/Personal/PartyRequiredDocument/ddl_DocumentsCollectionStatus' is visible&#xD;
&#xD;
2019-08-21 20:43:43 - [MESSAGE][PASSED] - Keys 'Documents collected and validated centrally' sent to object: 'Object Repository/PartyOnboarding/Personal/PartyRequiredDocument/ddl_DocumentsCollectionStatus'&#xD;
&#xD;
2019-08-21 20:43:43 - [TEST_STEP][PASSED] - partyOnboardingEnterprise.clickNextbutton(): Object: 'Object Repository/PartyOnboarding/btn_Next' is clicked on&#xD;
&#xD;
2019-08-21 20:43:43 - [MESSAGE][PASSED] - Object 'Object Repository/PartyOnboarding/btn_Next' is visible&#xD;
&#xD;
2019-08-21 20:43:43 - [MESSAGE][PASSED] - Object: 'Object Repository/PartyOnboarding/btn_Next' is clicked on&#xD;
&#xD;
2019-08-21 20:43:43 - [TEST_STEP][PASSED] - delay(1): Delayed 1 second(s)&#xD;
&#xD;
2019-08-21 20:43:44 - [MESSAGE][PASSED] - Delayed 1 second(s)&#xD;
&#xD;
2019-08-21 20:43:44 - [TEST_STEP][PASSED] - log.logInfo("--- " + " Click Next button ---"): ---  Click Next button ---&#xD;
&#xD;
2019-08-21 20:43:44 - [MESSAGE][INFO] - ---  Click Next button ---&#xD;
&#xD;
2019-08-21 20:43:44 - [TEST_STEP][PASSED] - partyOnboardingEnterprise.clickNextbutton(): Object: 'Object Repository/PartyOnboarding/btn_Next' is clicked on&#xD;
&#xD;
2019-08-21 20:43:45 - [MESSAGE][PASSED] - Object 'Object Repository/PartyOnboarding/btn_Next' is visible&#xD;
&#xD;
2019-08-21 20:43:45 - [MESSAGE][PASSED] - Object: 'Object Repository/PartyOnboarding/btn_Next' is clicked on&#xD;
&#xD;
2019-08-21 20:43:45 - [TEST_STEP][PASSED] - log.logInfo("--- " + " Click Next button ---"): ---  Click Next button ---&#xD;
&#xD;
2019-08-21 20:43:45 - [MESSAGE][INFO] - ---  Click Next button ---&#xD;
&#xD;
2019-08-21 20:43:45 - [TEST_STEP][PASSED] - delay(1): Delayed 1 second(s)&#xD;
&#xD;
2019-08-21 20:43:46 - [MESSAGE][PASSED] - Delayed 1 second(s)&#xD;
&#xD;
2019-08-21 20:43:46 - [TEST_STEP][PASSED] - partyOnboardingEnterprise.clickNextbutton(): Object: 'Object Repository/PartyOnboarding/btn_Next' is clicked on&#xD;
&#xD;
2019-08-21 20:43:46 - [MESSAGE][PASSED] - Object 'Object Repository/PartyOnboarding/btn_Next' is visible&#xD;
&#xD;
2019-08-21 20:43:46 - [MESSAGE][PASSED] - Object: 'Object Repository/PartyOnboarding/btn_Next' is clicked on&#xD;
&#xD;
2019-08-21 20:43:46 - [TEST_STEP][PASSED] - log.logInfo("--- " + " Click Process on Warning box ---"): ---  Click Process on Warning box ---&#xD;
&#xD;
2019-08-21 20:43:46 - [MESSAGE][INFO] - ---  Click Process on Warning box ---&#xD;
&#xD;
2019-08-21 20:43:46 - [TEST_STEP][PASSED] - partyOnboardingEnterprise.clickAskForApprovalbutton(): Object: 'Object Repository/PartyOnboarding/RequestToApproval/AskForApproval_btn' is clicked on&#xD;
&#xD;
2019-08-21 20:43:46 - [MESSAGE][PASSED] - Object 'Object Repository/PartyOnboarding/RequestToApproval/AskForApproval_btn' is visible&#xD;
&#xD;
2019-08-21 20:43:46 - [MESSAGE][PASSED] - Object: 'Object Repository/PartyOnboarding/RequestToApproval/AskForApproval_btn' is clicked on</system-out>
            <system-err></system-err>
        </testcase>
        <testcase name="Test Cases/DataPreparation/PartyOnboardingEnterprise" classname="Test Cases/DataPreparation/PartyOnboardingEnterprise" status="PASSED">
            <system-out>2019-08-21 20:43:46 - [TEST_CASE][PASSED] - Test Cases/DataPreparation/PartyOnboardingEnterprise: Test Cases/DataPreparation/PartyOnboardingEnterprise&#xD;
&#xD;
2019-08-21 20:43:46 - [TEST_STEP][PASSED] - Start listener action : sampleBeforeTestCase: null&#xD;
&#xD;
2019-08-21 20:43:46 - [TEST_STEP][PASSED] - testCaseID = testCaseContext.getTestCaseId(): null&#xD;
&#xD;
2019-08-21 20:43:46 - [TEST_STEP][PASSED] - log = new com.kms.katalon.core.util.KeywordUtil(): null&#xD;
&#xD;
2019-08-21 20:43:46 - [TEST_STEP][PASSED] - partyOnboardingEnterprise = new pageObjects.PartyOnboarding(): null&#xD;
&#xD;
2019-08-21 20:43:47 - [TEST_STEP][PASSED] - delay(3): Delayed 3 second(s)&#xD;
&#xD;
2019-08-21 20:43:50 - [MESSAGE][PASSED] - Delayed 3 second(s)&#xD;
&#xD;
2019-08-21 20:43:50 - [TEST_STEP][PASSED] - log.logInfo("--- Open Party Onboarding in Menu Search ---"): --- Open Party Onboarding in Menu Search ---&#xD;
&#xD;
2019-08-21 20:43:50 - [MESSAGE][INFO] - --- Open Party Onboarding in Menu Search ---&#xD;
&#xD;
2019-08-21 20:43:50 - [TEST_STEP][PASSED] - partyOnboardingEnterprise.inputPartyOnboardingMenuSearch(): Object 'menuSearch_txt' is present&#xD;
&#xD;
2019-08-21 20:43:50 - [MESSAGE][PASSED] - Object 'Object Repository/Menu_Search' is visible&#xD;
&#xD;
2019-08-21 20:43:50 - [MESSAGE][PASSED] - Keys 'ENTER + Party Onboarding' sent to object: 'Object Repository/Menu_Search'&#xD;
&#xD;
2019-08-21 20:43:50 - [MESSAGE][PASSED] - Object 'menuSearch_txt' is present&#xD;
&#xD;
2019-08-21 20:43:50 - [TEST_STEP][PASSED] - log.logInfo("/---------------Party Onboarding---------------/"): /---------------Party Onboarding---------------/&#xD;
&#xD;
2019-08-21 20:43:50 - [MESSAGE][INFO] - /---------------Party Onboarding---------------/&#xD;
&#xD;
2019-08-21 20:43:50 - [TEST_STEP][PASSED] - log.logInfo("--- Input Local Global ---"): --- Input Local Global ---&#xD;
&#xD;
2019-08-21 20:43:50 - [MESSAGE][INFO] - --- Input Local Global ---&#xD;
&#xD;
2019-08-21 20:43:50 - [TEST_STEP][PASSED] - partyOnboardingEnterprise.inputLocalGlobal(s01_localglobal): Keys 'Local Private' sent to object: 'Object Repository/PartyOnboarding/PartyOnboarding/Local Global'&#xD;
&#xD;
2019-08-21 20:43:51 - [MESSAGE][PASSED] - Text of object 'Object Repository/PartyOnboarding/PartyOnboarding/Local Global' is cleared&#xD;
&#xD;
2019-08-21 20:43:51 - [MESSAGE][PASSED] - Object 'Object Repository/PartyOnboarding/PartyOnboarding/Local Global' is visible&#xD;
&#xD;
2019-08-21 20:43:51 - [MESSAGE][PASSED] - Object 'Object Repository/PartyOnboarding/PartyOnboarding/Local Global' is visible&#xD;
&#xD;
2019-08-21 20:43:51 - [MESSAGE][PASSED] - Keys 'Local Private' sent to object: 'Object Repository/PartyOnboarding/PartyOnboarding/Local Global'&#xD;
&#xD;
2019-08-21 20:43:51 - [TEST_STEP][PASSED] - log.logInfo("--- Input Party Type ---"): --- Input Party Type ---&#xD;
&#xD;
2019-08-21 20:43:51 - [MESSAGE][INFO] - --- Input Party Type ---&#xD;
&#xD;
2019-08-21 20:43:51 - [TEST_STEP][PASSED] - partyOnboardingEnterprise.inputPartyType(s01_partytype): Keys 'TAB + Enterprise' sent to object: 'Object Repository/PartyOnboarding/PartyOnboarding/Party Type'&#xD;
&#xD;
2019-08-21 20:43:51 - [MESSAGE][PASSED] - Object 'Object Repository/PartyOnboarding/PartyOnboarding/Party Type' is visible&#xD;
&#xD;
2019-08-21 20:43:52 - [MESSAGE][PASSED] - Keys 'TAB + Enterprise' sent to object: 'Object Repository/PartyOnboarding/PartyOnboarding/Party Type'&#xD;
&#xD;
2019-08-21 20:43:52 - [TEST_STEP][PASSED] - log.logInfo("--- Input Party Sub Type ---"): --- Input Party Sub Type ---&#xD;
&#xD;
2019-08-21 20:43:52 - [MESSAGE][INFO] - --- Input Party Sub Type ---&#xD;
&#xD;
2019-08-21 20:43:52 - [TEST_STEP][PASSED] - partyOnboardingEnterprise.inputPartySubType(s01_partysubtype): Keys 'PRIVATE/PUBLIC/PUBLIC LISTED COMPANY (MYANMAR)' sent to object: 'Object Repository/PartyOnboarding/PartyOnboarding/Party Sub-Type'&#xD;
&#xD;
2019-08-21 20:43:53 - [MESSAGE][PASSED] - Delayed 1 second(s)&#xD;
&#xD;
2019-08-21 20:43:53 - [MESSAGE][PASSED] - Object 'Object Repository/PartyOnboarding/PartyOnboarding/Party Type' is visible&#xD;
&#xD;
2019-08-21 20:43:54 - [MESSAGE][PASSED] - Keys 'PRIVATE/PUBLIC/PUBLIC LISTED COMPANY (MYANMAR)' sent to object: 'Object Repository/PartyOnboarding/PartyOnboarding/Party Sub-Type'&#xD;
&#xD;
2019-08-21 20:43:54 - [TEST_STEP][PASSED] - log.logInfo("--- Input Party Category ---"): --- Input Party Category ---&#xD;
&#xD;
2019-08-21 20:43:54 - [MESSAGE][INFO] - --- Input Party Category ---&#xD;
&#xD;
2019-08-21 20:43:54 - [TEST_STEP][PASSED] - partyOnboardingEnterprise.inputPartyCategory(s01_partycategory): Keys 'Full' sent to object: 'Object Repository/PartyOnboarding/PartyOnboarding/Party Category'&#xD;
&#xD;
2019-08-21 20:43:54 - [MESSAGE][PASSED] - Object 'Object Repository/PartyOnboarding/PartyOnboarding/Party Category' is visible&#xD;
&#xD;
2019-08-21 20:43:54 - [MESSAGE][PASSED] - Keys 'Full' sent to object: 'Object Repository/PartyOnboarding/PartyOnboarding/Party Category'&#xD;
&#xD;
2019-08-21 20:43:54 - [TEST_STEP][PASSED] - log.logInfo("--- Check Line of Business ---"): --- Check Line of Business ---&#xD;
&#xD;
2019-08-21 20:43:54 - [MESSAGE][INFO] - --- Check Line of Business ---&#xD;
&#xD;
2019-08-21 20:43:54 - [TEST_STEP][PASSED] - partyOnboardingEnterprise.clickLineofBusiness(s01_lineofbusiness, findTestObject("PartyOnboarding/PartyOnboarding/div_Core Banking")): Object 'Object Repository/PartyOnboarding/PartyOnboarding/LineofBusiness_List' is checked&#xD;
&#xD;
2019-08-21 20:43:54 - [MESSAGE][PASSED] - Object 'Object Repository/PartyOnboarding/PartyOnboarding/div_Core Banking' is visible&#xD;
&#xD;
2019-08-21 20:43:54 - [MESSAGE][PASSED] - Attribute 'aria-checked' of object 'Object Repository/PartyOnboarding/PartyOnboarding/div_Core Banking' is: 'true'&#xD;
&#xD;
2019-08-21 20:43:54 - [MESSAGE][PASSED] - Object 'Object Repository/PartyOnboarding/PartyOnboarding/chk_SelectAllLineOfBusiness' is visible&#xD;
&#xD;
2019-08-21 20:43:54 - [MESSAGE][PASSED] - Attribute 'aria-checked' of object 'Object Repository/PartyOnboarding/PartyOnboarding/chk_SelectAllLineOfBusiness' is: 'true'&#xD;
&#xD;
2019-08-21 20:43:54 - [MESSAGE][PASSED] - Object 'Object Repository/PartyOnboarding/PartyOnboarding/LineofBusiness_List' is visible&#xD;
&#xD;
2019-08-21 20:43:54 - [MESSAGE][PASSED] - Attribute 'aria-checked' of object 'Object Repository/PartyOnboarding/PartyOnboarding/LineofBusiness_List' is: 'true'&#xD;
&#xD;
2019-08-21 20:43:54 - [MESSAGE][PASSED] - Object 'Object Repository/PartyOnboarding/PartyOnboarding/LineofBusiness_List' is visible&#xD;
&#xD;
2019-08-21 20:43:54 - [MESSAGE][PASSED] - Attribute 'aria-checked' of object 'Object Repository/PartyOnboarding/PartyOnboarding/LineofBusiness_List' is: 'true'&#xD;
&#xD;
2019-08-21 20:43:54 - [MESSAGE][PASSED] - Object 'Object Repository/PartyOnboarding/PartyOnboarding/chk_SelectAllLineOfBusiness' is visible&#xD;
&#xD;
2019-08-21 20:43:54 - [MESSAGE][PASSED] - Attribute 'aria-checked' of object 'Object Repository/PartyOnboarding/PartyOnboarding/chk_SelectAllLineOfBusiness' is: 'true'&#xD;
&#xD;
2019-08-21 20:43:54 - [MESSAGE][PASSED] - Object 'Object Repository/PartyOnboarding/PartyOnboarding/chk_SelectAllLineOfBusiness' is checked&#xD;
&#xD;
2019-08-21 20:43:54 - [MESSAGE][PASSED] - Object 'Object Repository/PartyOnboarding/PartyOnboarding/div_Core Banking' is visible&#xD;
&#xD;
2019-08-21 20:43:54 - [MESSAGE][PASSED] - Attribute 'aria-checked' of object 'Object Repository/PartyOnboarding/PartyOnboarding/div_Core Banking' is: 'false'&#xD;
&#xD;
2019-08-21 20:43:54 - [MESSAGE][PASSED] - Object 'Object Repository/PartyOnboarding/PartyOnboarding/div_Core Banking' is checked&#xD;
&#xD;
2019-08-21 20:43:54 - [MESSAGE][PASSED] - Object 'Object Repository/PartyOnboarding/PartyOnboarding/LineofBusiness_List' is visible&#xD;
&#xD;
2019-08-21 20:43:54 - [MESSAGE][PASSED] - Attribute 'aria-checked' of object 'Object Repository/PartyOnboarding/PartyOnboarding/LineofBusiness_List' is: 'false'&#xD;
&#xD;
2019-08-21 20:43:54 - [MESSAGE][PASSED] - Object 'Object Repository/PartyOnboarding/PartyOnboarding/LineofBusiness_List' is checked&#xD;
&#xD;
2019-08-21 20:43:54 - [TEST_STEP][PASSED] - log.logInfo("--- Click Next to Party Check List  ---"): --- Click Next to Party Check List  ---&#xD;
&#xD;
2019-08-21 20:43:54 - [MESSAGE][INFO] - --- Click Next to Party Check List  ---&#xD;
&#xD;
2019-08-21 20:43:54 - [TEST_STEP][PASSED] - partyOnboardingEnterprise.clickNextbutton(): Object: 'Object Repository/PartyOnboarding/btn_Next' is clicked on&#xD;
&#xD;
2019-08-21 20:43:54 - [MESSAGE][PASSED] - Object 'Object Repository/PartyOnboarding/btn_Next' is visible&#xD;
&#xD;
2019-08-21 20:43:55 - [MESSAGE][PASSED] - Object: 'Object Repository/PartyOnboarding/btn_Next' is clicked on&#xD;
&#xD;
2019-08-21 20:43:55 - [TEST_STEP][PASSED] - delay(1): Delayed 1 second(s)&#xD;
&#xD;
2019-08-21 20:43:56 - [MESSAGE][PASSED] - Delayed 1 second(s)&#xD;
&#xD;
2019-08-21 20:43:56 - [TEST_STEP][PASSED] - partyOnboardingEnterprise.clickNextbutton(): Object: 'Object Repository/PartyOnboarding/btn_Next' is clicked on&#xD;
&#xD;
2019-08-21 20:43:56 - [MESSAGE][PASSED] - Object 'Object Repository/PartyOnboarding/btn_Next' is visible&#xD;
&#xD;
2019-08-21 20:43:56 - [MESSAGE][PASSED] - Object: 'Object Repository/PartyOnboarding/btn_Next' is clicked on&#xD;
&#xD;
2019-08-21 20:43:56 - [TEST_STEP][PASSED] - log.logInfo("/---------------Pre-Existence Check---------------/"): /---------------Pre-Existence Check---------------/&#xD;
&#xD;
2019-08-21 20:43:56 - [MESSAGE][INFO] - /---------------Pre-Existence Check---------------/&#xD;
&#xD;
2019-08-21 20:43:56 - [TEST_STEP][PASSED] - partyOnboardingEnterprise.inputEnterpriseName(s02_enterpriseName): Keys 'Enterprise 0000003' sent to object: 'Object Repository/PartyOnboarding/Enterprise/PreExistenceCheck/txt_EnterpriseName'&#xD;
&#xD;
2019-08-21 20:43:56 - [MESSAGE][PASSED] - Object 'Object Repository/PartyOnboarding/Enterprise/PreExistenceCheck/txt_EnterpriseName' is visible&#xD;
&#xD;
2019-08-21 20:43:57 - [MESSAGE][PASSED] - Keys 'Enterprise 0000003' sent to object: 'Object Repository/PartyOnboarding/Enterprise/PreExistenceCheck/txt_EnterpriseName'&#xD;
&#xD;
2019-08-21 20:43:57 - [TEST_STEP][PASSED] - partyOnboardingEnterprise.inputRegistration(): Keys 'ymGfTHTp' sent to object: 'Object Repository/PartyOnboarding/Enterprise/PreExistenceCheck/txt_Registration'&#xD;
&#xD;
2019-08-21 20:43:57 - [MESSAGE][PASSED] - Object 'Object Repository/PartyOnboarding/Enterprise/PreExistenceCheck/txt_Registration' is visible&#xD;
&#xD;
2019-08-21 20:43:57 - [MESSAGE][PASSED] - Keys 'ymGfTHTp' sent to object: 'Object Repository/PartyOnboarding/Enterprise/PreExistenceCheck/txt_Registration'&#xD;
&#xD;
2019-08-21 20:43:57 - [TEST_STEP][PASSED] - partyOnboardingEnterprise.clickNextbutton(): Object: 'Object Repository/PartyOnboarding/btn_Next' is clicked on&#xD;
&#xD;
2019-08-21 20:43:57 - [MESSAGE][PASSED] - Object 'Object Repository/PartyOnboarding/btn_Next' is visible&#xD;
&#xD;
2019-08-21 20:43:57 - [MESSAGE][PASSED] - Object: 'Object Repository/PartyOnboarding/btn_Next' is clicked on&#xD;
&#xD;
2019-08-21 20:43:57 - [TEST_STEP][PASSED] - log.logInfo("/--------------- Party Onboarding---------------/"): /--------------- Party Onboarding---------------/&#xD;
&#xD;
2019-08-21 20:43:57 - [MESSAGE][INFO] - /--------------- Party Onboarding---------------/&#xD;
&#xD;
2019-08-21 20:43:57 - [TEST_STEP][PASSED] - partyOnboardingEnterprise.inputPartyId(): Web element with id: 'Object Repository/PartyOnboarding/Personal/PersonalParty/Message/pop_ErrorDuplicatePartyID' located by 'By.xpath: //textarea[@name='03messages']' not found&#xD;
&#xD;
2019-08-21 20:43:58 - [MESSAGE][PASSED] - Object 'Object Repository/PartyOnboarding/Personal/PersonalParty/txt_PartyID' is visible&#xD;
&#xD;
2019-08-21 20:43:58 - [MESSAGE][PASSED] - Object 'Object Repository/PartyOnboarding/Personal/PersonalParty/txt_PartyID' is visible&#xD;
&#xD;
2019-08-21 20:43:58 - [MESSAGE][PASSED] - Keys 'TAB + ppIMSAxb' sent to object: 'Object Repository/PartyOnboarding/Personal/PersonalParty/txt_PartyID'&#xD;
&#xD;
2019-08-21 20:44:29 - [MESSAGE][INFO] - Unable to find the element located by 'By.xpath: //textarea[@name='03messages']'. Please recheck the objects properties to make sure the desired element is located. &#xD;
&#xD;
2019-08-21 20:44:29 - [MESSAGE][WARNING] - Web element with id: 'Object Repository/PartyOnboarding/Personal/PersonalParty/Message/pop_ErrorDuplicatePartyID' located by 'By.xpath: //textarea[@name='03messages']' not found&#xD;
&#xD;
2019-08-21 20:44:29 - [TEST_STEP][PASSED] - partyOnboardingEnterprise.inputShortNameEnterprise(s03_shortName): Keys 'TAB + Enterprise' sent to object: 'Object Repository/PartyOnboarding/Enterprise/EnterpriseParty/Short Name_txt'&#xD;
&#xD;
2019-08-21 20:44:30 - [MESSAGE][PASSED] - Object 'Object Repository/PartyOnboarding/Enterprise/EnterpriseParty/Short Name_txt' is visible&#xD;
&#xD;
2019-08-21 20:44:30 - [MESSAGE][PASSED] - Keys 'TAB + Enterprise' sent to object: 'Object Repository/PartyOnboarding/Enterprise/EnterpriseParty/Short Name_txt'&#xD;
&#xD;
2019-08-21 20:44:30 - [TEST_STEP][PASSED] - partyOnboardingEnterprise.clickNextbutton(): Object: 'Object Repository/PartyOnboarding/btn_Next' is clicked on&#xD;
&#xD;
2019-08-21 20:44:30 - [MESSAGE][PASSED] - Object 'Object Repository/PartyOnboarding/btn_Next' is visible&#xD;
&#xD;
2019-08-21 20:44:30 - [MESSAGE][PASSED] - Object: 'Object Repository/PartyOnboarding/btn_Next' is clicked on&#xD;
&#xD;
2019-08-21 20:44:30 - [TEST_STEP][PASSED] - partyOnboardingEnterprise.clickProcessInWarningBox(): Object: 'Object Repository/PartyOnboarding/Personal/PersonalParty/btn_Warnings_Proceed_NotCapture' is clicked on&#xD;
&#xD;
2019-08-21 20:44:30 - [MESSAGE][PASSED] - Object 'Object Repository/PartyOnboarding/Personal/PersonalParty/btn_Warnings_Proceed_NotCapture' is visible&#xD;
&#xD;
2019-08-21 20:44:31 - [MESSAGE][PASSED] - Object: 'Object Repository/PartyOnboarding/Personal/PersonalParty/btn_Warnings_Proceed_NotCapture' is clicked on&#xD;
&#xD;
2019-08-21 20:44:31 - [TEST_STEP][PASSED] - log.logInfo("/--------------- Party Onboarding - Address---------------/"): /--------------- Party Onboarding - Address---------------/&#xD;
&#xD;
2019-08-21 20:44:31 - [MESSAGE][INFO] - /--------------- Party Onboarding - Address---------------/&#xD;
&#xD;
2019-08-21 20:44:31 - [TEST_STEP][PASSED] - partyOnboardingEnterprise.inputRDataForAddressParty(s04_addressType, s04_userForCommunication, s04_validFrom): Execute JavaScript 'arguments[0].click();' successfully&#xD;
&#xD;
2019-08-21 20:44:32 - [MESSAGE][PASSED] - Object 'Object Repository/PartyOnboarding/Personal/PartyAddress/button_New Row_PartyAddress' is visible&#xD;
&#xD;
2019-08-21 20:44:32 - [MESSAGE][PASSED] - Execute JavaScript 'arguments[0].click();' successfully&#xD;
&#xD;
2019-08-21 20:44:32 - [MESSAGE][PASSED] - Object 'Object Repository/PartyOnboarding/Personal/PartyAddress/Address Type' is visible&#xD;
&#xD;
2019-08-21 20:44:32 - [MESSAGE][PASSED] - Keys 'TAB + Home Address' sent to object: 'Object Repository/PartyOnboarding/Personal/PartyAddress/Address Type'&#xD;
&#xD;
2019-08-21 20:44:32 - [MESSAGE][PASSED] - Object 'Object Repository/PartyOnboarding/Personal/PartyAddress/Valid From' is visible&#xD;
&#xD;
2019-08-21 20:44:32 - [MESSAGE][PASSED] - Text of object 'Object Repository/PartyOnboarding/Personal/PartyAddress/Valid From' is cleared&#xD;
&#xD;
2019-08-21 20:44:32 - [MESSAGE][PASSED] - Object 'Object Repository/PartyOnboarding/Personal/PartyAddress/Valid From' is visible&#xD;
&#xD;
2019-08-21 20:44:33 - [MESSAGE][PASSED] - Keys '2018-01-14' sent to object: 'Object Repository/PartyOnboarding/Personal/PartyAddress/Valid From'&#xD;
&#xD;
2019-08-21 20:44:33 - [MESSAGE][PASSED] - Object 'Object Repository/PartyOnboarding/Personal/PartyAddress/chk_Use  for Communication' is present&#xD;
&#xD;
2019-08-21 20:44:33 - [MESSAGE][PASSED] - Attribute 'aria-checked' of object 'Object Repository/PartyOnboarding/Personal/PartyAddress/chk_Use  for Communication' is: 'false'&#xD;
&#xD;
2019-08-21 20:44:33 - [MESSAGE][PASSED] - Object 'Object Repository/PartyOnboarding/Personal/PartyAddress/chk_Use  for Communication' is checked&#xD;
&#xD;
2019-08-21 20:44:33 - [MESSAGE][PASSED] - Object 'Object Repository/PartyOnboarding/Personal/PartyAddress/SaveRow' is visible&#xD;
&#xD;
2019-08-21 20:44:33 - [MESSAGE][PASSED] - Execute JavaScript 'arguments[0].click();' successfully&#xD;
&#xD;
2019-08-21 20:44:33 - [MESSAGE][PASSED] - Object 'Object Repository/PartyOnboarding/Personal/PartyAddress/button_New Row_PartyAddress' is visible&#xD;
&#xD;
2019-08-21 20:44:33 - [MESSAGE][PASSED] - Execute JavaScript 'arguments[0].click();' successfully&#xD;
&#xD;
2019-08-21 20:44:33 - [MESSAGE][PASSED] - Object 'Object Repository/PartyOnboarding/Personal/PartyAddress/Address Type' is visible&#xD;
&#xD;
2019-08-21 20:44:34 - [MESSAGE][PASSED] - Keys 'TAB + Current Address' sent to object: 'Object Repository/PartyOnboarding/Personal/PartyAddress/Address Type'&#xD;
&#xD;
2019-08-21 20:44:34 - [MESSAGE][PASSED] - Object 'Object Repository/PartyOnboarding/Personal/PartyAddress/Valid From' is visible&#xD;
&#xD;
2019-08-21 20:44:34 - [MESSAGE][PASSED] - Text of object 'Object Repository/PartyOnboarding/Personal/PartyAddress/Valid From' is cleared&#xD;
&#xD;
2019-08-21 20:44:34 - [MESSAGE][PASSED] - Object 'Object Repository/PartyOnboarding/Personal/PartyAddress/Valid From' is visible&#xD;
&#xD;
2019-08-21 20:44:34 - [MESSAGE][PASSED] - Keys '2018-01-17' sent to object: 'Object Repository/PartyOnboarding/Personal/PartyAddress/Valid From'&#xD;
&#xD;
2019-08-21 20:44:34 - [MESSAGE][PASSED] - Object 'Object Repository/PartyOnboarding/Personal/PartyAddress/SaveRow' is visible&#xD;
&#xD;
2019-08-21 20:44:34 - [MESSAGE][PASSED] - Execute JavaScript 'arguments[0].click();' successfully&#xD;
&#xD;
2019-08-21 20:44:34 - [MESSAGE][PASSED] - Object 'Object Repository/PartyOnboarding/Personal/PartyAddress/button_New Row_PartyAddress' is visible&#xD;
&#xD;
2019-08-21 20:44:34 - [MESSAGE][PASSED] - Execute JavaScript 'arguments[0].click();' successfully&#xD;
&#xD;
2019-08-21 20:44:34 - [MESSAGE][PASSED] - Object 'Object Repository/PartyOnboarding/Personal/PartyAddress/Address Type' is visible&#xD;
&#xD;
2019-08-21 20:44:35 - [MESSAGE][PASSED] - Keys 'TAB + Office Address' sent to object: 'Object Repository/PartyOnboarding/Personal/PartyAddress/Address Type'&#xD;
&#xD;
2019-08-21 20:44:35 - [MESSAGE][PASSED] - Object 'Object Repository/PartyOnboarding/Personal/PartyAddress/Valid From' is visible&#xD;
&#xD;
2019-08-21 20:44:35 - [MESSAGE][PASSED] - Text of object 'Object Repository/PartyOnboarding/Personal/PartyAddress/Valid From' is cleared&#xD;
&#xD;
2019-08-21 20:44:35 - [MESSAGE][PASSED] - Object 'Object Repository/PartyOnboarding/Personal/PartyAddress/Valid From' is visible&#xD;
&#xD;
2019-08-21 20:44:35 - [MESSAGE][PASSED] - Keys '2017-01-17' sent to object: 'Object Repository/PartyOnboarding/Personal/PartyAddress/Valid From'&#xD;
&#xD;
2019-08-21 20:44:35 - [MESSAGE][PASSED] - Object 'Object Repository/PartyOnboarding/Personal/PartyAddress/SaveRow' is visible&#xD;
&#xD;
2019-08-21 20:44:35 - [MESSAGE][PASSED] - Execute JavaScript 'arguments[0].click();' successfully&#xD;
&#xD;
2019-08-21 20:44:35 - [TEST_STEP][PASSED] - partyOnboardingEnterprise.clickNextbutton(): Object: 'Object Repository/PartyOnboarding/btn_Next' is clicked on&#xD;
&#xD;
2019-08-21 20:44:35 - [MESSAGE][PASSED] - Object 'Object Repository/PartyOnboarding/btn_Next' is visible&#xD;
&#xD;
2019-08-21 20:44:35 - [MESSAGE][PASSED] - Object: 'Object Repository/PartyOnboarding/btn_Next' is clicked on&#xD;
&#xD;
2019-08-21 20:44:35 - [TEST_STEP][PASSED] - partyOnboardingEnterprise.inputDataForPartyContacts(s05_contactMethod, s05_contactTypeLocation, s05_contactCountryCode, s05_contactAreaCode, s05_contactNumber, s05_contactEmail, s05_confirmEmail, s05_validFrom): Execute JavaScript 'arguments[0].click();' successfully&#xD;
&#xD;
2019-08-21 20:44:36 - [MESSAGE][PASSED] - Object 'Object Repository/PartyOnboarding/Personal/PartyContacts/New Row' is visible&#xD;
&#xD;
2019-08-21 20:44:36 - [MESSAGE][PASSED] - Execute JavaScript 'arguments[0].click();' successfully&#xD;
&#xD;
2019-08-21 20:44:37 - [MESSAGE][PASSED] - Delayed 1 second(s)&#xD;
&#xD;
2019-08-21 20:44:37 - [MESSAGE][PASSED] - Object 'Object Repository/PartyOnboarding/Personal/PartyContacts/Contact Method' is visible&#xD;
&#xD;
2019-08-21 20:44:38 - [MESSAGE][PASSED] - Keys 'TAB + Telephone' sent to object: 'Object Repository/PartyOnboarding/Personal/PartyContacts/Contact Method'&#xD;
&#xD;
2019-08-21 20:44:39 - [MESSAGE][PASSED] - Delayed 1 second(s)&#xD;
&#xD;
2019-08-21 20:44:39 - [MESSAGE][PASSED] - Object 'Object Repository/PartyOnboarding/Personal/PartyContacts/Contact Type  Location' is visible&#xD;
&#xD;
2019-08-21 20:44:39 - [MESSAGE][PASSED] - Keys 'TAB + Personal' sent to object: 'Object Repository/PartyOnboarding/Personal/PartyContacts/Contact Type  Location'&#xD;
&#xD;
2019-08-21 20:44:39 - [MESSAGE][PASSED] - Object 'Object Repository/PartyOnboarding/Personal/PartyContacts/Contact Email' is visible&#xD;
&#xD;
2019-08-21 20:44:39 - [MESSAGE][PASSED] - Object 'Object Repository/PartyOnboarding/Personal/PartyContacts/Contact Email' has attribute 'readonly'&#xD;
&#xD;
2019-08-21 20:44:39 - [MESSAGE][PASSED] - Object 'Object Repository/PartyOnboarding/Personal/PartyContacts/Contact Number_03_Code' is visible&#xD;
&#xD;
2019-08-21 20:44:39 - [MESSAGE][PASSED] - Text of object 'Object Repository/PartyOnboarding/Personal/PartyContacts/Contact Number_03_Code' is cleared&#xD;
&#xD;
2019-08-21 20:44:39 - [MESSAGE][PASSED] - Object 'Object Repository/PartyOnboarding/Personal/PartyContacts/Contact Number_03_Code' is visible&#xD;
&#xD;
2019-08-21 20:44:39 - [MESSAGE][PASSED] - Keys '+95' sent to object: 'Object Repository/PartyOnboarding/Personal/PartyContacts/Contact Number_03_Code'&#xD;
&#xD;
2019-08-21 20:44:39 - [MESSAGE][PASSED] - Object 'Object Repository/PartyOnboarding/Personal/PartyContacts/Contact Number_AreaCode' is visible&#xD;
&#xD;
2019-08-21 20:44:39 - [MESSAGE][PASSED] - Keys '' sent to object: 'Object Repository/PartyOnboarding/Personal/PartyContacts/Contact Number_AreaCode'&#xD;
&#xD;
2019-08-21 20:44:39 - [MESSAGE][PASSED] - Object 'Object Repository/PartyOnboarding/Personal/PartyContacts/Contact Number_Number' is visible&#xD;
&#xD;
2019-08-21 20:44:40 - [MESSAGE][PASSED] - Keys '9697989903' sent to object: 'Object Repository/PartyOnboarding/Personal/PartyContacts/Contact Number_Number'&#xD;
&#xD;
2019-08-21 20:44:40 - [MESSAGE][PASSED] - Object 'Object Repository/PartyOnboarding/Personal/PartyContacts/Contact Number_03_Code' is visible&#xD;
&#xD;
2019-08-21 20:44:40 - [MESSAGE][WARNING] - Object 'Object Repository/PartyOnboarding/Personal/PartyContacts/Contact Number_03_Code' does not have attribute 'readonly' (Root cause: com.kms.katalon.core.exception.StepFailedException: Object 'Object Repository/PartyOnboarding/Personal/PartyContacts/Contact Number_03_Code' does not have attribute 'readonly'&#xD;
	at com.kms.katalon.core.webui.keyword.internal.WebUIKeywordMain.stepFailed(WebUIKeywordMain.groovy:64)&#xD;
	at com.kms.katalon.core.webui.keyword.builtin.VerifyElementHasAttributeKeyword$_verifyElementHasAttribute_closure1.doCall(VerifyElementHasAttributeKeyword.groovy:89)&#xD;
	at com.kms.katalon.core.webui.keyword.builtin.VerifyElementHasAttributeKeyword$_verifyElementHasAttribute_closure1.call(VerifyElementHasAttributeKeyword.groovy)&#xD;
	at com.kms.katalon.core.webui.keyword.internal.WebUIKeywordMain.runKeyword(WebUIKeywordMain.groovy:20)&#xD;
	at com.kms.katalon.core.webui.keyword.builtin.VerifyElementHasAttributeKeyword.verifyElementHasAttribute(VerifyElementHasAttributeKeyword.groovy:100)&#xD;
	at com.kms.katalon.core.webui.keyword.builtin.VerifyElementHasAttributeKeyword.execute(VerifyElementHasAttributeKeyword.groovy:69)&#xD;
	at com.kms.katalon.core.keyword.internal.KeywordExecutor.executeKeywordForPlatform(KeywordExecutor.groovy:56)&#xD;
	at com.kms.katalon.core.webui.keyword.WebUiBuiltInKeywords.verifyElementHasAttribute(WebUiBuiltInKeywords.groovy:3166)&#xD;
	at com.kms.katalon.core.webui.keyword.WebUiBuiltInKeywords$verifyElementHasAttribute$11.call(Unknown Source)&#xD;
	at pageObjects.PartyOnboarding.inputDataForPartyContacts(PartyOnboarding.groovy:736)&#xD;
	at PartyOnboardingEnterprise.run(PartyOnboardingEnterprise:61)&#xD;
	at com.kms.katalon.core.main.ScriptEngine.run(ScriptEngine.java:194)&#xD;
	at com.kms.katalon.core.main.ScriptEngine.runScriptAsRawText(ScriptEngine.java:119)&#xD;
	at com.kms.katalon.core.main.TestCaseExecutor.runScript(TestCaseExecutor.java:337)&#xD;
	at com.kms.katalon.core.main.TestCaseExecutor.doExecute(TestCaseExecutor.java:328)&#xD;
	at com.kms.katalon.core.main.TestCaseExecutor.processExecutionPhase(TestCaseExecutor.java:307)&#xD;
	at com.kms.katalon.core.main.TestCaseExecutor.accessMainPhase(TestCaseExecutor.java:299)&#xD;
	at com.kms.katalon.core.main.TestCaseExecutor.execute(TestCaseExecutor.java:233)&#xD;
	at com.kms.katalon.core.main.TestSuiteExecutor.accessTestCaseMainPhase(TestSuiteExecutor.java:133)&#xD;
	at com.kms.katalon.core.main.TestSuiteExecutor.accessTestSuiteMainPhase(TestSuiteExecutor.java:116)&#xD;
	at com.kms.katalon.core.main.TestSuiteExecutor.execute(TestSuiteExecutor.java:83)&#xD;
	at com.kms.katalon.core.main.TestCaseMain.startTestSuite(TestCaseMain.java:157)&#xD;
	at com.kms.katalon.core.main.TestCaseMain$startTestSuite$0.call(Unknown Source)&#xD;
	at TempTestSuite1566396522347.run(TempTestSuite1566396522347.groovy:35)&#xD;
)&#xD;
[[ATTACHMENT|C:\\ML\\JITS\\AYA\\Automation\\FBE\\FBE\\Reports\\DataPreparation\\PartyOnboardingPersonal\\20190821_203842\\1566396880192.png]]&#xD;
&#xD;
2019-08-21 20:44:40 - [MESSAGE][PASSED] - Object 'Object Repository/PartyOnboarding/Personal/PartyContacts/Valid From' is visible&#xD;
&#xD;
2019-08-21 20:44:40 - [MESSAGE][PASSED] - Text of object 'Object Repository/PartyOnboarding/Personal/PartyContacts/Valid From' is cleared&#xD;
&#xD;
2019-08-21 20:44:40 - [MESSAGE][PASSED] - Object 'Object Repository/PartyOnboarding/Personal/PartyContacts/Valid From' is visible&#xD;
&#xD;
2019-08-21 20:44:40 - [MESSAGE][PASSED] - Keys '2018-12-20' sent to object: 'Object Repository/PartyOnboarding/Personal/PartyContacts/Valid From'&#xD;
&#xD;
2019-08-21 20:44:41 - [MESSAGE][PASSED] - Object 'Object Repository/PartyOnboarding/Personal/PartyContacts/Save Row' is visible&#xD;
&#xD;
2019-08-21 20:44:41 - [MESSAGE][PASSED] - Execute JavaScript 'arguments[0].click();' successfully&#xD;
&#xD;
2019-08-21 20:44:41 - [MESSAGE][PASSED] - Object 'Object Repository/PartyOnboarding/Personal/PartyContacts/New Row' is visible&#xD;
&#xD;
2019-08-21 20:44:41 - [MESSAGE][PASSED] - Execute JavaScript 'arguments[0].click();' successfully&#xD;
&#xD;
2019-08-21 20:44:42 - [MESSAGE][PASSED] - Delayed 1 second(s)&#xD;
&#xD;
2019-08-21 20:44:42 - [MESSAGE][PASSED] - Object 'Object Repository/PartyOnboarding/Personal/PartyContacts/Contact Method' is visible&#xD;
&#xD;
2019-08-21 20:44:42 - [MESSAGE][PASSED] - Keys 'TAB + Mobile' sent to object: 'Object Repository/PartyOnboarding/Personal/PartyContacts/Contact Method'&#xD;
&#xD;
2019-08-21 20:44:43 - [MESSAGE][PASSED] - Delayed 1 second(s)&#xD;
&#xD;
2019-08-21 20:44:43 - [MESSAGE][PASSED] - Object 'Object Repository/PartyOnboarding/Personal/PartyContacts/Contact Type  Location' is visible&#xD;
&#xD;
2019-08-21 20:44:43 - [MESSAGE][PASSED] - Keys 'TAB + Work' sent to object: 'Object Repository/PartyOnboarding/Personal/PartyContacts/Contact Type  Location'&#xD;
&#xD;
2019-08-21 20:44:43 - [MESSAGE][PASSED] - Object 'Object Repository/PartyOnboarding/Personal/PartyContacts/Contact Email' is visible&#xD;
&#xD;
2019-08-21 20:44:43 - [MESSAGE][PASSED] - Object 'Object Repository/PartyOnboarding/Personal/PartyContacts/Contact Email' has attribute 'readonly'&#xD;
&#xD;
2019-08-21 20:44:43 - [MESSAGE][PASSED] - Object 'Object Repository/PartyOnboarding/Personal/PartyContacts/Contact Number_03_Code' is visible&#xD;
&#xD;
2019-08-21 20:44:43 - [MESSAGE][PASSED] - Text of object 'Object Repository/PartyOnboarding/Personal/PartyContacts/Contact Number_03_Code' is cleared&#xD;
&#xD;
2019-08-21 20:44:43 - [MESSAGE][PASSED] - Object 'Object Repository/PartyOnboarding/Personal/PartyContacts/Contact Number_03_Code' is visible&#xD;
&#xD;
2019-08-21 20:44:43 - [MESSAGE][PASSED] - Keys '+1' sent to object: 'Object Repository/PartyOnboarding/Personal/PartyContacts/Contact Number_03_Code'&#xD;
&#xD;
2019-08-21 20:44:43 - [MESSAGE][PASSED] - Object 'Object Repository/PartyOnboarding/Personal/PartyContacts/Contact Number_AreaCode' is visible&#xD;
&#xD;
2019-08-21 20:44:43 - [MESSAGE][PASSED] - Keys '' sent to object: 'Object Repository/PartyOnboarding/Personal/PartyContacts/Contact Number_AreaCode'&#xD;
&#xD;
2019-08-21 20:44:44 - [MESSAGE][PASSED] - Object 'Object Repository/PartyOnboarding/Personal/PartyContacts/Contact Number_Number' is visible&#xD;
&#xD;
2019-08-21 20:44:44 - [MESSAGE][PASSED] - Keys '9697989901' sent to object: 'Object Repository/PartyOnboarding/Personal/PartyContacts/Contact Number_Number'&#xD;
&#xD;
2019-08-21 20:44:44 - [MESSAGE][PASSED] - Object 'Object Repository/PartyOnboarding/Personal/PartyContacts/Contact Number_03_Code' is visible&#xD;
&#xD;
2019-08-21 20:44:44 - [MESSAGE][WARNING] - Object 'Object Repository/PartyOnboarding/Personal/PartyContacts/Contact Number_03_Code' does not have attribute 'readonly' (Root cause: com.kms.katalon.core.exception.StepFailedException: Object 'Object Repository/PartyOnboarding/Personal/PartyContacts/Contact Number_03_Code' does not have attribute 'readonly'&#xD;
	at com.kms.katalon.core.webui.keyword.internal.WebUIKeywordMain.stepFailed(WebUIKeywordMain.groovy:64)&#xD;
	at com.kms.katalon.core.webui.keyword.builtin.VerifyElementHasAttributeKeyword$_verifyElementHasAttribute_closure1.doCall(VerifyElementHasAttributeKeyword.groovy:89)&#xD;
	at com.kms.katalon.core.webui.keyword.builtin.VerifyElementHasAttributeKeyword$_verifyElementHasAttribute_closure1.call(VerifyElementHasAttributeKeyword.groovy)&#xD;
	at com.kms.katalon.core.webui.keyword.internal.WebUIKeywordMain.runKeyword(WebUIKeywordMain.groovy:20)&#xD;
	at com.kms.katalon.core.webui.keyword.builtin.VerifyElementHasAttributeKeyword.verifyElementHasAttribute(VerifyElementHasAttributeKeyword.groovy:100)&#xD;
	at com.kms.katalon.core.webui.keyword.builtin.VerifyElementHasAttributeKeyword.execute(VerifyElementHasAttributeKeyword.groovy:69)&#xD;
	at com.kms.katalon.core.keyword.internal.KeywordExecutor.executeKeywordForPlatform(KeywordExecutor.groovy:56)&#xD;
	at com.kms.katalon.core.webui.keyword.WebUiBuiltInKeywords.verifyElementHasAttribute(WebUiBuiltInKeywords.groovy:3166)&#xD;
	at com.kms.katalon.core.webui.keyword.WebUiBuiltInKeywords$verifyElementHasAttribute$11.call(Unknown Source)&#xD;
	at pageObjects.PartyOnboarding.inputDataForPartyContacts(PartyOnboarding.groovy:736)&#xD;
	at PartyOnboardingEnterprise.run(PartyOnboardingEnterprise:61)&#xD;
	at com.kms.katalon.core.main.ScriptEngine.run(ScriptEngine.java:194)&#xD;
	at com.kms.katalon.core.main.ScriptEngine.runScriptAsRawText(ScriptEngine.java:119)&#xD;
	at com.kms.katalon.core.main.TestCaseExecutor.runScript(TestCaseExecutor.java:337)&#xD;
	at com.kms.katalon.core.main.TestCaseExecutor.doExecute(TestCaseExecutor.java:328)&#xD;
	at com.kms.katalon.core.main.TestCaseExecutor.processExecutionPhase(TestCaseExecutor.java:307)&#xD;
	at com.kms.katalon.core.main.TestCaseExecutor.accessMainPhase(TestCaseExecutor.java:299)&#xD;
	at com.kms.katalon.core.main.TestCaseExecutor.execute(TestCaseExecutor.java:233)&#xD;
	at com.kms.katalon.core.main.TestSuiteExecutor.accessTestCaseMainPhase(TestSuiteExecutor.java:133)&#xD;
	at com.kms.katalon.core.main.TestSuiteExecutor.accessTestSuiteMainPhase(TestSuiteExecutor.java:116)&#xD;
	at com.kms.katalon.core.main.TestSuiteExecutor.execute(TestSuiteExecutor.java:83)&#xD;
	at com.kms.katalon.core.main.TestCaseMain.startTestSuite(TestCaseMain.java:157)&#xD;
	at com.kms.katalon.core.main.TestCaseMain$startTestSuite$0.call(Unknown Source)&#xD;
	at TempTestSuite1566396522347.run(TempTestSuite1566396522347.groovy:35)&#xD;
)&#xD;
[[ATTACHMENT|C:\\ML\\JITS\\AYA\\Automation\\FBE\\FBE\\Reports\\DataPreparation\\PartyOnboardingPersonal\\20190821_203842\\1566396884384.png]]&#xD;
&#xD;
2019-08-21 20:44:44 - [MESSAGE][PASSED] - Object 'Object Repository/PartyOnboarding/Personal/PartyContacts/Valid From' is visible&#xD;
&#xD;
2019-08-21 20:44:44 - [MESSAGE][PASSED] - Text of object 'Object Repository/PartyOnboarding/Personal/PartyContacts/Valid From' is cleared&#xD;
&#xD;
2019-08-21 20:44:44 - [MESSAGE][PASSED] - Object 'Object Repository/PartyOnboarding/Personal/PartyContacts/Valid From' is visible&#xD;
&#xD;
2019-08-21 20:44:45 - [MESSAGE][PASSED] - Keys '2018-01-24' sent to object: 'Object Repository/PartyOnboarding/Personal/PartyContacts/Valid From'&#xD;
&#xD;
2019-08-21 20:44:45 - [MESSAGE][PASSED] - Object 'Object Repository/PartyOnboarding/Personal/PartyContacts/Save Row' is visible&#xD;
&#xD;
2019-08-21 20:44:45 - [MESSAGE][PASSED] - Execute JavaScript 'arguments[0].click();' successfully&#xD;
&#xD;
2019-08-21 20:44:45 - [MESSAGE][PASSED] - Object 'Object Repository/PartyOnboarding/Personal/PartyContacts/New Row' is visible&#xD;
&#xD;
2019-08-21 20:44:45 - [MESSAGE][PASSED] - Execute JavaScript 'arguments[0].click();' successfully&#xD;
&#xD;
2019-08-21 20:44:46 - [MESSAGE][PASSED] - Delayed 1 second(s)&#xD;
&#xD;
2019-08-21 20:44:46 - [MESSAGE][PASSED] - Object 'Object Repository/PartyOnboarding/Personal/PartyContacts/Contact Method' is visible&#xD;
&#xD;
2019-08-21 20:44:46 - [MESSAGE][PASSED] - Keys 'TAB + Email' sent to object: 'Object Repository/PartyOnboarding/Personal/PartyContacts/Contact Method'&#xD;
&#xD;
2019-08-21 20:44:47 - [MESSAGE][PASSED] - Delayed 1 second(s)&#xD;
&#xD;
2019-08-21 20:44:47 - [MESSAGE][PASSED] - Object 'Object Repository/PartyOnboarding/Personal/PartyContacts/Contact Type  Location' is visible&#xD;
&#xD;
2019-08-21 20:44:47 - [MESSAGE][PASSED] - Keys 'TAB + Personal' sent to object: 'Object Repository/PartyOnboarding/Personal/PartyContacts/Contact Type  Location'&#xD;
&#xD;
2019-08-21 20:44:47 - [MESSAGE][PASSED] - Object 'Object Repository/PartyOnboarding/Personal/PartyContacts/Contact Email' is visible&#xD;
&#xD;
2019-08-21 20:44:48 - [MESSAGE][WARNING] - Object 'Object Repository/PartyOnboarding/Personal/PartyContacts/Contact Email' does not have attribute 'readonly' (Root cause: com.kms.katalon.core.exception.StepFailedException: Object 'Object Repository/PartyOnboarding/Personal/PartyContacts/Contact Email' does not have attribute 'readonly'&#xD;
	at com.kms.katalon.core.webui.keyword.internal.WebUIKeywordMain.stepFailed(WebUIKeywordMain.groovy:64)&#xD;
	at com.kms.katalon.core.webui.keyword.builtin.VerifyElementHasAttributeKeyword$_verifyElementHasAttribute_closure1.doCall(VerifyElementHasAttributeKeyword.groovy:89)&#xD;
	at com.kms.katalon.core.webui.keyword.builtin.VerifyElementHasAttributeKeyword$_verifyElementHasAttribute_closure1.call(VerifyElementHasAttributeKeyword.groovy)&#xD;
	at com.kms.katalon.core.webui.keyword.internal.WebUIKeywordMain.runKeyword(WebUIKeywordMain.groovy:20)&#xD;
	at com.kms.katalon.core.webui.keyword.builtin.VerifyElementHasAttributeKeyword.verifyElementHasAttribute(VerifyElementHasAttributeKeyword.groovy:100)&#xD;
	at com.kms.katalon.core.webui.keyword.builtin.VerifyElementHasAttributeKeyword.execute(VerifyElementHasAttributeKeyword.groovy:69)&#xD;
	at com.kms.katalon.core.keyword.internal.KeywordExecutor.executeKeywordForPlatform(KeywordExecutor.groovy:56)&#xD;
	at com.kms.katalon.core.webui.keyword.WebUiBuiltInKeywords.verifyElementHasAttribute(WebUiBuiltInKeywords.groovy:3166)&#xD;
	at com.kms.katalon.core.webui.keyword.WebUiBuiltInKeywords$verifyElementHasAttribute$11.call(Unknown Source)&#xD;
	at pageObjects.PartyOnboarding.inputDataForPartyContacts(PartyOnboarding.groovy:721)&#xD;
	at PartyOnboardingEnterprise.run(PartyOnboardingEnterprise:61)&#xD;
	at com.kms.katalon.core.main.ScriptEngine.run(ScriptEngine.java:194)&#xD;
	at com.kms.katalon.core.main.ScriptEngine.runScriptAsRawText(ScriptEngine.java:119)&#xD;
	at com.kms.katalon.core.main.TestCaseExecutor.runScript(TestCaseExecutor.java:337)&#xD;
	at com.kms.katalon.core.main.TestCaseExecutor.doExecute(TestCaseExecutor.java:328)&#xD;
	at com.kms.katalon.core.main.TestCaseExecutor.processExecutionPhase(TestCaseExecutor.java:307)&#xD;
	at com.kms.katalon.core.main.TestCaseExecutor.accessMainPhase(TestCaseExecutor.java:299)&#xD;
	at com.kms.katalon.core.main.TestCaseExecutor.execute(TestCaseExecutor.java:233)&#xD;
	at com.kms.katalon.core.main.TestSuiteExecutor.accessTestCaseMainPhase(TestSuiteExecutor.java:133)&#xD;
	at com.kms.katalon.core.main.TestSuiteExecutor.accessTestSuiteMainPhase(TestSuiteExecutor.java:116)&#xD;
	at com.kms.katalon.core.main.TestSuiteExecutor.execute(TestSuiteExecutor.java:83)&#xD;
	at com.kms.katalon.core.main.TestCaseMain.startTestSuite(TestCaseMain.java:157)&#xD;
	at com.kms.katalon.core.main.TestCaseMain$startTestSuite$0.call(Unknown Source)&#xD;
	at TempTestSuite1566396522347.run(TempTestSuite1566396522347.groovy:35)&#xD;
)&#xD;
[[ATTACHMENT|C:\\ML\\JITS\\AYA\\Automation\\FBE\\FBE\\Reports\\DataPreparation\\PartyOnboardingPersonal\\20190821_203842\\1566396887915.png]]&#xD;
&#xD;
2019-08-21 20:44:48 - [MESSAGE][PASSED] - Object 'Object Repository/PartyOnboarding/Personal/PartyContacts/Contact Number_03_Code' is visible&#xD;
&#xD;
2019-08-21 20:44:48 - [MESSAGE][PASSED] - Object 'Object Repository/PartyOnboarding/Personal/PartyContacts/Contact Number_03_Code' has attribute 'readonly'&#xD;
&#xD;
2019-08-21 20:44:48 - [MESSAGE][PASSED] - Object 'Object Repository/PartyOnboarding/Personal/PartyContacts/Contact Email' is visible&#xD;
&#xD;
2019-08-21 20:44:49 - [MESSAGE][PASSED] - Keys 'nguyenthimyle@gmail.com' sent to object: 'Object Repository/PartyOnboarding/Personal/PartyContacts/Contact Email'&#xD;
&#xD;
2019-08-21 20:44:49 - [MESSAGE][PASSED] - Object 'Object Repository/PartyOnboarding/Personal/PartyContacts/Confirm Email' is visible&#xD;
&#xD;
2019-08-21 20:44:49 - [MESSAGE][PASSED] - Keys 'nguyenthimyle@gmail.com' sent to object: 'Object Repository/PartyOnboarding/Personal/PartyContacts/Confirm Email'&#xD;
&#xD;
2019-08-21 20:44:49 - [MESSAGE][PASSED] - Object 'Object Repository/PartyOnboarding/Personal/PartyContacts/Valid From' is visible&#xD;
&#xD;
2019-08-21 20:44:49 - [MESSAGE][PASSED] - Text of object 'Object Repository/PartyOnboarding/Personal/PartyContacts/Valid From' is cleared&#xD;
&#xD;
2019-08-21 20:44:49 - [MESSAGE][PASSED] - Object 'Object Repository/PartyOnboarding/Personal/PartyContacts/Valid From' is visible&#xD;
&#xD;
2019-08-21 20:44:50 - [MESSAGE][PASSED] - Keys '2017-01-24' sent to object: 'Object Repository/PartyOnboarding/Personal/PartyContacts/Valid From'&#xD;
&#xD;
2019-08-21 20:44:50 - [MESSAGE][PASSED] - Object 'Object Repository/PartyOnboarding/Personal/PartyContacts/Save Row' is visible&#xD;
&#xD;
2019-08-21 20:44:50 - [MESSAGE][PASSED] - Execute JavaScript 'arguments[0].click();' successfully&#xD;
&#xD;
2019-08-21 20:44:50 - [TEST_STEP][PASSED] - partyOnboardingEnterprise.clickNextbutton(): Object: 'Object Repository/PartyOnboarding/btn_Next' is clicked on&#xD;
&#xD;
2019-08-21 20:44:50 - [MESSAGE][PASSED] - Object 'Object Repository/PartyOnboarding/btn_Next' is visible&#xD;
&#xD;
2019-08-21 20:44:50 - [MESSAGE][PASSED] - Object: 'Object Repository/PartyOnboarding/btn_Next' is clicked on&#xD;
&#xD;
2019-08-21 20:44:50 - [TEST_STEP][PASSED] - partyOnboardingEnterprise.inputDataForPartyRequiredDocuments(s06_documentCategory, s06_kycExpired, s06_documentType, s06_validFrom, s06_validTo, s06_referenceNumber, s06_issuingAuthority, s06_issuingCountry, s06_documentVerified, s06_image, s06_documentCollectionStatus): Keys 'Documents collected and validated centrally' sent to object: 'Object Repository/PartyOnboarding/Personal/PartyRequiredDocument/ddl_DocumentsCollectionStatus'&#xD;
&#xD;
2019-08-21 20:44:51 - [MESSAGE][PASSED] - Delayed 1 second(s)&#xD;
&#xD;
2019-08-21 20:44:51 - [MESSAGE][PASSED] - Object 'Object Repository/PartyOnboarding/Personal/PartyRequiredDocument/New Row' is visible&#xD;
&#xD;
2019-08-21 20:44:51 - [MESSAGE][PASSED] - Execute JavaScript 'arguments[0].click();' successfully&#xD;
&#xD;
2019-08-21 20:44:51 - [MESSAGE][PASSED] - Object 'Object Repository/PartyOnboarding/Personal/PartyRequiredDocument/DocumentCategory' is visible&#xD;
&#xD;
2019-08-21 20:44:52 - [MESSAGE][PASSED] - Keys 'TAB + PT-AUTHORIZED MYCO USER' sent to object: 'Object Repository/PartyOnboarding/Personal/PartyRequiredDocument/DocumentCategory'&#xD;
&#xD;
2019-08-21 20:44:53 - [MESSAGE][PASSED] - Delayed 1 second(s)&#xD;
&#xD;
2019-08-21 20:44:53 - [MESSAGE][PASSED] - Object 'Object Repository/PartyOnboarding/Personal/PartyRequiredDocument/Document Type' is visible&#xD;
&#xD;
2019-08-21 20:44:54 - [MESSAGE][PASSED] - Keys 'TAB + AUTHORIZED MYCO USER' sent to object: 'Object Repository/PartyOnboarding/Personal/PartyRequiredDocument/Document Type'&#xD;
&#xD;
2019-08-21 20:44:55 - [MESSAGE][PASSED] - Delayed 1 second(s)&#xD;
&#xD;
2019-08-21 20:44:55 - [MESSAGE][PASSED] - Object 'Object Repository/PartyOnboarding/Personal/PartyRequiredDocument/Issuing Country' is visible&#xD;
&#xD;
2019-08-21 20:44:55 - [MESSAGE][PASSED] - Keys 'Myanmar' sent to object: 'Object Repository/PartyOnboarding/Personal/PartyRequiredDocument/Issuing Country'&#xD;
&#xD;
2019-08-21 20:44:56 - [MESSAGE][PASSED] - Delayed 1 second(s)&#xD;
&#xD;
2019-08-21 20:44:56 - [MESSAGE][PASSED] - Object 'Object Repository/PartyOnboarding/Personal/PartyRequiredDocument/Document Verified' is visible&#xD;
&#xD;
2019-08-21 20:44:57 - [MESSAGE][PASSED] - Keys 'TAB + TRUE' sent to object: 'Object Repository/PartyOnboarding/Personal/PartyRequiredDocument/Document Verified'&#xD;
&#xD;
2019-08-21 20:44:57 - [MESSAGE][PASSED] - Object 'Object Repository/PartyOnboarding/Personal/PartyRequiredDocument/Save Row' is visible&#xD;
&#xD;
2019-08-21 20:44:57 - [MESSAGE][PASSED] - Execute JavaScript 'arguments[0].click();' successfully&#xD;
&#xD;
2019-08-21 20:44:57 - [MESSAGE][PASSED] - Object 'Object Repository/PartyOnboarding/Personal/PartyRequiredDocument/New Row' is visible&#xD;
&#xD;
2019-08-21 20:44:57 - [MESSAGE][PASSED] - Execute JavaScript 'arguments[0].click();' successfully&#xD;
&#xD;
2019-08-21 20:44:57 - [MESSAGE][PASSED] - Object 'Object Repository/PartyOnboarding/Personal/PartyRequiredDocument/DocumentCategory' is visible&#xD;
&#xD;
2019-08-21 20:44:58 - [MESSAGE][PASSED] - Keys 'TAB + PT-BOARD OF DIRECTORS RESOLUTION' sent to object: 'Object Repository/PartyOnboarding/Personal/PartyRequiredDocument/DocumentCategory'&#xD;
&#xD;
2019-08-21 20:44:59 - [MESSAGE][PASSED] - Delayed 1 second(s)&#xD;
&#xD;
2019-08-21 20:45:00 - [MESSAGE][PASSED] - Object 'Object Repository/PartyOnboarding/Personal/PartyRequiredDocument/Document Type' is visible&#xD;
&#xD;
2019-08-21 20:45:01 - [MESSAGE][PASSED] - Keys 'TAB + BOARD OF DIRECTORS RESOLUTION' sent to object: 'Object Repository/PartyOnboarding/Personal/PartyRequiredDocument/Document Type'&#xD;
&#xD;
2019-08-21 20:45:02 - [MESSAGE][PASSED] - Delayed 1 second(s)&#xD;
&#xD;
2019-08-21 20:45:02 - [MESSAGE][PASSED] - Object 'Object Repository/PartyOnboarding/Personal/PartyRequiredDocument/Issuing Country' is visible&#xD;
&#xD;
2019-08-21 20:45:02 - [MESSAGE][PASSED] - Keys 'Myanmar' sent to object: 'Object Repository/PartyOnboarding/Personal/PartyRequiredDocument/Issuing Country'&#xD;
&#xD;
2019-08-21 20:45:03 - [MESSAGE][PASSED] - Delayed 1 second(s)&#xD;
&#xD;
2019-08-21 20:45:03 - [MESSAGE][PASSED] - Object 'Object Repository/PartyOnboarding/Personal/PartyRequiredDocument/Document Verified' is visible&#xD;
&#xD;
2019-08-21 20:45:03 - [MESSAGE][PASSED] - Keys 'TAB + TRUE' sent to object: 'Object Repository/PartyOnboarding/Personal/PartyRequiredDocument/Document Verified'&#xD;
&#xD;
2019-08-21 20:45:03 - [MESSAGE][PASSED] - Object 'Object Repository/PartyOnboarding/Personal/PartyRequiredDocument/Save Row' is visible&#xD;
&#xD;
2019-08-21 20:45:03 - [MESSAGE][PASSED] - Execute JavaScript 'arguments[0].click();' successfully&#xD;
&#xD;
2019-08-21 20:45:03 - [MESSAGE][PASSED] - Object 'Object Repository/PartyOnboarding/Personal/PartyRequiredDocument/New Row' is visible&#xD;
&#xD;
2019-08-21 20:45:04 - [MESSAGE][PASSED] - Execute JavaScript 'arguments[0].click();' successfully&#xD;
&#xD;
2019-08-21 20:45:04 - [MESSAGE][PASSED] - Object 'Object Repository/PartyOnboarding/Personal/PartyRequiredDocument/DocumentCategory' is visible&#xD;
&#xD;
2019-08-21 20:45:05 - [MESSAGE][PASSED] - Keys 'TAB + PT-CERTIFICATE OF INCORPORATION' sent to object: 'Object Repository/PartyOnboarding/Personal/PartyRequiredDocument/DocumentCategory'&#xD;
&#xD;
2019-08-21 20:45:06 - [MESSAGE][PASSED] - Delayed 1 second(s)&#xD;
&#xD;
2019-08-21 20:45:06 - [MESSAGE][PASSED] - Object 'Object Repository/PartyOnboarding/Personal/PartyRequiredDocument/Document Type' is visible&#xD;
&#xD;
2019-08-21 20:45:07 - [MESSAGE][PASSED] - Keys 'TAB + CERTIFICATE OF INCORPORATION' sent to object: 'Object Repository/PartyOnboarding/Personal/PartyRequiredDocument/Document Type'&#xD;
&#xD;
2019-08-21 20:45:08 - [MESSAGE][PASSED] - Delayed 1 second(s)&#xD;
&#xD;
2019-08-21 20:45:08 - [MESSAGE][PASSED] - Object 'Object Repository/PartyOnboarding/Personal/PartyRequiredDocument/Issuing Country' is visible&#xD;
&#xD;
2019-08-21 20:45:08 - [MESSAGE][PASSED] - Keys 'Myanmar' sent to object: 'Object Repository/PartyOnboarding/Personal/PartyRequiredDocument/Issuing Country'&#xD;
&#xD;
2019-08-21 20:45:09 - [MESSAGE][PASSED] - Delayed 1 second(s)&#xD;
&#xD;
2019-08-21 20:45:10 - [MESSAGE][PASSED] - Object 'Object Repository/PartyOnboarding/Personal/PartyRequiredDocument/Document Verified' is visible&#xD;
&#xD;
2019-08-21 20:45:10 - [MESSAGE][PASSED] - Keys 'TAB + TRUE' sent to object: 'Object Repository/PartyOnboarding/Personal/PartyRequiredDocument/Document Verified'&#xD;
&#xD;
2019-08-21 20:45:10 - [MESSAGE][PASSED] - Object 'Object Repository/PartyOnboarding/Personal/PartyRequiredDocument/Save Row' is visible&#xD;
&#xD;
2019-08-21 20:45:10 - [MESSAGE][PASSED] - Execute JavaScript 'arguments[0].click();' successfully&#xD;
&#xD;
2019-08-21 20:45:10 - [MESSAGE][PASSED] - Object 'Object Repository/PartyOnboarding/Personal/PartyRequiredDocument/New Row' is visible&#xD;
&#xD;
2019-08-21 20:45:10 - [MESSAGE][PASSED] - Execute JavaScript 'arguments[0].click();' successfully&#xD;
&#xD;
2019-08-21 20:45:10 - [MESSAGE][PASSED] - Object 'Object Repository/PartyOnboarding/Personal/PartyRequiredDocument/DocumentCategory' is visible&#xD;
&#xD;
2019-08-21 20:45:11 - [MESSAGE][PASSED] - Keys 'TAB + PT-FILING HISTORY' sent to object: 'Object Repository/PartyOnboarding/Personal/PartyRequiredDocument/DocumentCategory'&#xD;
&#xD;
2019-08-21 20:45:12 - [MESSAGE][PASSED] - Delayed 1 second(s)&#xD;
&#xD;
2019-08-21 20:45:12 - [MESSAGE][PASSED] - Object 'Object Repository/PartyOnboarding/Personal/PartyRequiredDocument/Document Type' is visible&#xD;
&#xD;
2019-08-21 20:45:12 - [MESSAGE][PASSED] - Keys 'TAB + FILING HISTORY' sent to object: 'Object Repository/PartyOnboarding/Personal/PartyRequiredDocument/Document Type'&#xD;
&#xD;
2019-08-21 20:45:13 - [MESSAGE][PASSED] - Delayed 1 second(s)&#xD;
&#xD;
2019-08-21 20:45:13 - [MESSAGE][PASSED] - Object 'Object Repository/PartyOnboarding/Personal/PartyRequiredDocument/Issuing Country' is visible&#xD;
&#xD;
2019-08-21 20:45:14 - [MESSAGE][PASSED] - Keys 'Myanmar' sent to object: 'Object Repository/PartyOnboarding/Personal/PartyRequiredDocument/Issuing Country'&#xD;
&#xD;
2019-08-21 20:45:15 - [MESSAGE][PASSED] - Delayed 1 second(s)&#xD;
&#xD;
2019-08-21 20:45:15 - [MESSAGE][PASSED] - Object 'Object Repository/PartyOnboarding/Personal/PartyRequiredDocument/Document Verified' is visible&#xD;
&#xD;
2019-08-21 20:45:15 - [MESSAGE][PASSED] - Keys 'TAB + TRUE' sent to object: 'Object Repository/PartyOnboarding/Personal/PartyRequiredDocument/Document Verified'&#xD;
&#xD;
2019-08-21 20:45:15 - [MESSAGE][PASSED] - Object 'Object Repository/PartyOnboarding/Personal/PartyRequiredDocument/Save Row' is visible&#xD;
&#xD;
2019-08-21 20:45:15 - [MESSAGE][PASSED] - Execute JavaScript 'arguments[0].click();' successfully&#xD;
&#xD;
2019-08-21 20:45:15 - [MESSAGE][PASSED] - Object 'Object Repository/PartyOnboarding/Personal/PartyRequiredDocument/New Row' is visible&#xD;
&#xD;
2019-08-21 20:45:15 - [MESSAGE][PASSED] - Execute JavaScript 'arguments[0].click();' successfully&#xD;
&#xD;
2019-08-21 20:45:15 - [MESSAGE][PASSED] - Object 'Object Repository/PartyOnboarding/Personal/PartyRequiredDocument/DocumentCategory' is visible&#xD;
&#xD;
2019-08-21 20:45:16 - [MESSAGE][PASSED] - Keys 'TAB + PT-FORM QA 22(FOREIGNER)' sent to object: 'Object Repository/PartyOnboarding/Personal/PartyRequiredDocument/DocumentCategory'&#xD;
&#xD;
2019-08-21 20:45:17 - [MESSAGE][PASSED] - Delayed 1 second(s)&#xD;
&#xD;
2019-08-21 20:45:17 - [MESSAGE][PASSED] - Object 'Object Repository/PartyOnboarding/Personal/PartyRequiredDocument/Document Type' is visible&#xD;
&#xD;
2019-08-21 20:45:18 - [MESSAGE][PASSED] - Keys 'TAB + FORM QA 22(FOREIGNER)' sent to object: 'Object Repository/PartyOnboarding/Personal/PartyRequiredDocument/Document Type'&#xD;
&#xD;
2019-08-21 20:45:19 - [MESSAGE][PASSED] - Delayed 1 second(s)&#xD;
&#xD;
2019-08-21 20:45:19 - [MESSAGE][PASSED] - Object 'Object Repository/PartyOnboarding/Personal/PartyRequiredDocument/Issuing Country' is visible&#xD;
&#xD;
2019-08-21 20:45:20 - [MESSAGE][PASSED] - Keys 'Myanmar' sent to object: 'Object Repository/PartyOnboarding/Personal/PartyRequiredDocument/Issuing Country'&#xD;
&#xD;
2019-08-21 20:45:21 - [MESSAGE][PASSED] - Delayed 1 second(s)&#xD;
&#xD;
2019-08-21 20:45:21 - [MESSAGE][PASSED] - Object 'Object Repository/PartyOnboarding/Personal/PartyRequiredDocument/Document Verified' is visible&#xD;
&#xD;
2019-08-21 20:45:21 - [MESSAGE][PASSED] - Keys 'TAB + TRUE' sent to object: 'Object Repository/PartyOnboarding/Personal/PartyRequiredDocument/Document Verified'&#xD;
&#xD;
2019-08-21 20:45:21 - [MESSAGE][PASSED] - Object 'Object Repository/PartyOnboarding/Personal/PartyRequiredDocument/Save Row' is visible&#xD;
&#xD;
2019-08-21 20:45:21 - [MESSAGE][PASSED] - Execute JavaScript 'arguments[0].click();' successfully&#xD;
&#xD;
2019-08-21 20:45:21 - [MESSAGE][PASSED] - Object 'Object Repository/PartyOnboarding/Personal/PartyRequiredDocument/New Row' is visible&#xD;
&#xD;
2019-08-21 20:45:21 - [MESSAGE][PASSED] - Execute JavaScript 'arguments[0].click();' successfully&#xD;
&#xD;
2019-08-21 20:45:21 - [MESSAGE][PASSED] - Object 'Object Repository/PartyOnboarding/Personal/PartyRequiredDocument/DocumentCategory' is visible&#xD;
&#xD;
2019-08-21 20:45:23 - [MESSAGE][PASSED] - Keys 'TAB + PT-LIST OF DIRECTORS AND MEMBER DETAILS' sent to object: 'Object Repository/PartyOnboarding/Personal/PartyRequiredDocument/DocumentCategory'&#xD;
&#xD;
2019-08-21 20:45:24 - [MESSAGE][PASSED] - Delayed 1 second(s)&#xD;
&#xD;
2019-08-21 20:45:24 - [MESSAGE][PASSED] - Object 'Object Repository/PartyOnboarding/Personal/PartyRequiredDocument/Document Type' is visible&#xD;
&#xD;
2019-08-21 20:45:25 - [MESSAGE][PASSED] - Keys 'TAB + LIST OF DIRECTORS AND MEMBER DETAILS' sent to object: 'Object Repository/PartyOnboarding/Personal/PartyRequiredDocument/Document Type'&#xD;
&#xD;
2019-08-21 20:45:26 - [MESSAGE][PASSED] - Delayed 1 second(s)&#xD;
&#xD;
2019-08-21 20:45:26 - [MESSAGE][PASSED] - Object 'Object Repository/PartyOnboarding/Personal/PartyRequiredDocument/Issuing Country' is visible&#xD;
&#xD;
2019-08-21 20:45:27 - [MESSAGE][PASSED] - Keys 'Myanmar' sent to object: 'Object Repository/PartyOnboarding/Personal/PartyRequiredDocument/Issuing Country'&#xD;
&#xD;
2019-08-21 20:45:28 - [MESSAGE][PASSED] - Delayed 1 second(s)&#xD;
&#xD;
2019-08-21 20:45:28 - [MESSAGE][PASSED] - Object 'Object Repository/PartyOnboarding/Personal/PartyRequiredDocument/Document Verified' is visible&#xD;
&#xD;
2019-08-21 20:45:28 - [MESSAGE][PASSED] - Keys 'TAB + TRUE' sent to object: 'Object Repository/PartyOnboarding/Personal/PartyRequiredDocument/Document Verified'&#xD;
&#xD;
2019-08-21 20:45:28 - [MESSAGE][PASSED] - Object 'Object Repository/PartyOnboarding/Personal/PartyRequiredDocument/Save Row' is visible&#xD;
&#xD;
2019-08-21 20:45:28 - [MESSAGE][PASSED] - Execute JavaScript 'arguments[0].click();' successfully&#xD;
&#xD;
2019-08-21 20:45:28 - [MESSAGE][PASSED] - Object 'Object Repository/PartyOnboarding/Personal/PartyRequiredDocument/New Row' is visible&#xD;
&#xD;
2019-08-21 20:45:28 - [MESSAGE][PASSED] - Execute JavaScript 'arguments[0].click();' successfully&#xD;
&#xD;
2019-08-21 20:45:28 - [MESSAGE][PASSED] - Object 'Object Repository/PartyOnboarding/Personal/PartyRequiredDocument/DocumentCategory' is visible&#xD;
&#xD;
2019-08-21 20:45:30 - [MESSAGE][PASSED] - Keys 'TAB + PT-LIST OF SHAREHOLDERS AND MEMBER DETAILS' sent to object: 'Object Repository/PartyOnboarding/Personal/PartyRequiredDocument/DocumentCategory'&#xD;
&#xD;
2019-08-21 20:45:31 - [MESSAGE][PASSED] - Delayed 1 second(s)&#xD;
&#xD;
2019-08-21 20:45:31 - [MESSAGE][PASSED] - Object 'Object Repository/PartyOnboarding/Personal/PartyRequiredDocument/Document Type' is visible&#xD;
&#xD;
2019-08-21 20:45:33 - [MESSAGE][PASSED] - Keys 'TAB + LIST OF SHAREHOLDERS AND MEMBER DETAILS' sent to object: 'Object Repository/PartyOnboarding/Personal/PartyRequiredDocument/Document Type'&#xD;
&#xD;
2019-08-21 20:45:34 - [MESSAGE][PASSED] - Delayed 1 second(s)&#xD;
&#xD;
2019-08-21 20:45:34 - [MESSAGE][PASSED] - Object 'Object Repository/PartyOnboarding/Personal/PartyRequiredDocument/Issuing Country' is visible&#xD;
&#xD;
2019-08-21 20:45:34 - [MESSAGE][PASSED] - Keys 'Myanmar' sent to object: 'Object Repository/PartyOnboarding/Personal/PartyRequiredDocument/Issuing Country'&#xD;
&#xD;
2019-08-21 20:45:35 - [MESSAGE][PASSED] - Delayed 1 second(s)&#xD;
&#xD;
2019-08-21 20:45:35 - [MESSAGE][PASSED] - Object 'Object Repository/PartyOnboarding/Personal/PartyRequiredDocument/Document Verified' is visible&#xD;
&#xD;
2019-08-21 20:45:35 - [MESSAGE][PASSED] - Keys 'TAB + TRUE' sent to object: 'Object Repository/PartyOnboarding/Personal/PartyRequiredDocument/Document Verified'&#xD;
&#xD;
2019-08-21 20:45:35 - [MESSAGE][PASSED] - Object 'Object Repository/PartyOnboarding/Personal/PartyRequiredDocument/Save Row' is visible&#xD;
&#xD;
2019-08-21 20:45:35 - [MESSAGE][PASSED] - Execute JavaScript 'arguments[0].click();' successfully&#xD;
&#xD;
2019-08-21 20:45:35 - [MESSAGE][PASSED] - Object 'Object Repository/PartyOnboarding/Personal/PartyRequiredDocument/New Row' is visible&#xD;
&#xD;
2019-08-21 20:45:36 - [MESSAGE][PASSED] - Execute JavaScript 'arguments[0].click();' successfully&#xD;
&#xD;
2019-08-21 20:45:36 - [MESSAGE][PASSED] - Object 'Object Repository/PartyOnboarding/Personal/PartyRequiredDocument/DocumentCategory' is visible&#xD;
&#xD;
2019-08-21 20:45:37 - [MESSAGE][PASSED] - Keys 'TAB + PT-NRC/PASSPORT COPY OF AUTHORIZED SIGNATORY' sent to object: 'Object Repository/PartyOnboarding/Personal/PartyRequiredDocument/DocumentCategory'&#xD;
&#xD;
2019-08-21 20:45:38 - [MESSAGE][PASSED] - Delayed 1 second(s)&#xD;
&#xD;
2019-08-21 20:45:39 - [MESSAGE][PASSED] - Object 'Object Repository/PartyOnboarding/Personal/PartyRequiredDocument/Document Type' is visible&#xD;
&#xD;
2019-08-21 20:45:40 - [MESSAGE][PASSED] - Keys 'TAB + NRC/PASSPORT COPY OF AUTHORIZED SIGNATORY' sent to object: 'Object Repository/PartyOnboarding/Personal/PartyRequiredDocument/Document Type'&#xD;
&#xD;
2019-08-21 20:45:41 - [MESSAGE][PASSED] - Delayed 1 second(s)&#xD;
&#xD;
2019-08-21 20:45:41 - [MESSAGE][PASSED] - Object 'Object Repository/PartyOnboarding/Personal/PartyRequiredDocument/Issuing Country' is visible&#xD;
&#xD;
2019-08-21 20:45:42 - [MESSAGE][PASSED] - Keys 'Myanmar' sent to object: 'Object Repository/PartyOnboarding/Personal/PartyRequiredDocument/Issuing Country'&#xD;
&#xD;
2019-08-21 20:45:43 - [MESSAGE][PASSED] - Delayed 1 second(s)&#xD;
&#xD;
2019-08-21 20:45:43 - [MESSAGE][PASSED] - Object 'Object Repository/PartyOnboarding/Personal/PartyRequiredDocument/Document Verified' is visible&#xD;
&#xD;
2019-08-21 20:45:43 - [MESSAGE][PASSED] - Keys 'TAB + TRUE' sent to object: 'Object Repository/PartyOnboarding/Personal/PartyRequiredDocument/Document Verified'&#xD;
&#xD;
2019-08-21 20:45:43 - [MESSAGE][PASSED] - Object 'Object Repository/PartyOnboarding/Personal/PartyRequiredDocument/Save Row' is visible&#xD;
&#xD;
2019-08-21 20:45:43 - [MESSAGE][PASSED] - Execute JavaScript 'arguments[0].click();' successfully&#xD;
&#xD;
2019-08-21 20:45:43 - [MESSAGE][PASSED] - Object 'Object Repository/PartyOnboarding/Personal/PartyRequiredDocument/New Row' is visible&#xD;
&#xD;
2019-08-21 20:45:43 - [MESSAGE][PASSED] - Execute JavaScript 'arguments[0].click();' successfully&#xD;
&#xD;
2019-08-21 20:45:43 - [MESSAGE][PASSED] - Object 'Object Repository/PartyOnboarding/Personal/PartyRequiredDocument/DocumentCategory' is visible&#xD;
&#xD;
2019-08-21 20:45:45 - [MESSAGE][PASSED] - Keys 'TAB + PT-NRC/PASSPORT COPY OF SHAREHOLDERS' sent to object: 'Object Repository/PartyOnboarding/Personal/PartyRequiredDocument/DocumentCategory'&#xD;
&#xD;
2019-08-21 20:45:46 - [MESSAGE][PASSED] - Delayed 1 second(s)&#xD;
&#xD;
2019-08-21 20:45:46 - [MESSAGE][PASSED] - Object 'Object Repository/PartyOnboarding/Personal/PartyRequiredDocument/Document Type' is visible&#xD;
&#xD;
2019-08-21 20:45:47 - [MESSAGE][PASSED] - Keys 'TAB + NRC/PASSPORT COPY OF SHAREHOLDERS' sent to object: 'Object Repository/PartyOnboarding/Personal/PartyRequiredDocument/Document Type'&#xD;
&#xD;
2019-08-21 20:45:48 - [MESSAGE][PASSED] - Delayed 1 second(s)&#xD;
&#xD;
2019-08-21 20:45:48 - [MESSAGE][PASSED] - Object 'Object Repository/PartyOnboarding/Personal/PartyRequiredDocument/Issuing Country' is visible&#xD;
&#xD;
2019-08-21 20:45:48 - [MESSAGE][PASSED] - Keys 'Myanmar' sent to object: 'Object Repository/PartyOnboarding/Personal/PartyRequiredDocument/Issuing Country'&#xD;
&#xD;
2019-08-21 20:45:49 - [MESSAGE][PASSED] - Delayed 1 second(s)&#xD;
&#xD;
2019-08-21 20:45:50 - [MESSAGE][PASSED] - Object 'Object Repository/PartyOnboarding/Personal/PartyRequiredDocument/Document Verified' is visible&#xD;
&#xD;
2019-08-21 20:45:50 - [MESSAGE][PASSED] - Keys 'TAB + TRUE' sent to object: 'Object Repository/PartyOnboarding/Personal/PartyRequiredDocument/Document Verified'&#xD;
&#xD;
2019-08-21 20:45:50 - [MESSAGE][PASSED] - Object 'Object Repository/PartyOnboarding/Personal/PartyRequiredDocument/Save Row' is visible&#xD;
&#xD;
2019-08-21 20:45:50 - [MESSAGE][PASSED] - Execute JavaScript 'arguments[0].click();' successfully&#xD;
&#xD;
2019-08-21 20:45:50 - [MESSAGE][PASSED] - Object 'Object Repository/PartyOnboarding/Personal/PartyRequiredDocument/New Row' is visible&#xD;
&#xD;
2019-08-21 20:45:50 - [MESSAGE][PASSED] - Execute JavaScript 'arguments[0].click();' successfully&#xD;
&#xD;
2019-08-21 20:45:50 - [MESSAGE][PASSED] - Object 'Object Repository/PartyOnboarding/Personal/PartyRequiredDocument/DocumentCategory' is visible&#xD;
&#xD;
2019-08-21 20:45:51 - [MESSAGE][PASSED] - Keys 'TAB + PT-REGISTERED COMPANY ADDRESS' sent to object: 'Object Repository/PartyOnboarding/Personal/PartyRequiredDocument/DocumentCategory'&#xD;
&#xD;
2019-08-21 20:45:52 - [MESSAGE][PASSED] - Delayed 1 second(s)&#xD;
&#xD;
2019-08-21 20:45:52 - [MESSAGE][PASSED] - Object 'Object Repository/PartyOnboarding/Personal/PartyRequiredDocument/Document Type' is visible&#xD;
&#xD;
2019-08-21 20:45:53 - [MESSAGE][PASSED] - Keys 'TAB + REGISTERED COMPANY ADDRESS' sent to object: 'Object Repository/PartyOnboarding/Personal/PartyRequiredDocument/Document Type'&#xD;
&#xD;
2019-08-21 20:45:54 - [MESSAGE][PASSED] - Delayed 1 second(s)&#xD;
&#xD;
2019-08-21 20:45:54 - [MESSAGE][PASSED] - Object 'Object Repository/PartyOnboarding/Personal/PartyRequiredDocument/Issuing Country' is visible&#xD;
&#xD;
2019-08-21 20:45:55 - [MESSAGE][PASSED] - Keys 'Myanmar' sent to object: 'Object Repository/PartyOnboarding/Personal/PartyRequiredDocument/Issuing Country'&#xD;
&#xD;
2019-08-21 20:45:56 - [MESSAGE][PASSED] - Delayed 1 second(s)&#xD;
&#xD;
2019-08-21 20:45:56 - [MESSAGE][PASSED] - Object 'Object Repository/PartyOnboarding/Personal/PartyRequiredDocument/Document Verified' is visible&#xD;
&#xD;
2019-08-21 20:45:56 - [MESSAGE][PASSED] - Keys 'TAB + TRUE' sent to object: 'Object Repository/PartyOnboarding/Personal/PartyRequiredDocument/Document Verified'&#xD;
&#xD;
2019-08-21 20:45:56 - [MESSAGE][PASSED] - Object 'Object Repository/PartyOnboarding/Personal/PartyRequiredDocument/Save Row' is visible&#xD;
&#xD;
2019-08-21 20:45:56 - [MESSAGE][PASSED] - Execute JavaScript 'arguments[0].click();' successfully&#xD;
&#xD;
2019-08-21 20:45:56 - [MESSAGE][PASSED] - Object 'Object Repository/PartyOnboarding/Personal/PartyRequiredDocument/New Row' is visible&#xD;
&#xD;
2019-08-21 20:45:56 - [MESSAGE][PASSED] - Execute JavaScript 'arguments[0].click();' successfully&#xD;
&#xD;
2019-08-21 20:45:56 - [MESSAGE][PASSED] - Object 'Object Repository/PartyOnboarding/Personal/PartyRequiredDocument/DocumentCategory' is visible&#xD;
&#xD;
2019-08-21 20:45:58 - [MESSAGE][PASSED] - Keys 'TAB + PT-VALID VISA COPY OF AUTH. SIGNATORY(FOREIGNER)' sent to object: 'Object Repository/PartyOnboarding/Personal/PartyRequiredDocument/DocumentCategory'&#xD;
&#xD;
2019-08-21 20:45:59 - [MESSAGE][PASSED] - Delayed 1 second(s)&#xD;
&#xD;
2019-08-21 20:45:59 - [MESSAGE][PASSED] - Object 'Object Repository/PartyOnboarding/Personal/PartyRequiredDocument/Document Type' is visible&#xD;
&#xD;
2019-08-21 20:46:01 - [MESSAGE][PASSED] - Keys 'TAB + VALID VISA COPY OF AUTH. SIGNATORY(FOREIGNER)' sent to object: 'Object Repository/PartyOnboarding/Personal/PartyRequiredDocument/Document Type'&#xD;
&#xD;
2019-08-21 20:46:02 - [MESSAGE][PASSED] - Delayed 1 second(s)&#xD;
&#xD;
2019-08-21 20:46:02 - [MESSAGE][PASSED] - Object 'Object Repository/PartyOnboarding/Personal/PartyRequiredDocument/Issuing Country' is visible&#xD;
&#xD;
2019-08-21 20:46:03 - [MESSAGE][PASSED] - Keys 'Myanmar' sent to object: 'Object Repository/PartyOnboarding/Personal/PartyRequiredDocument/Issuing Country'&#xD;
&#xD;
2019-08-21 20:46:04 - [MESSAGE][PASSED] - Delayed 1 second(s)&#xD;
&#xD;
2019-08-21 20:46:04 - [MESSAGE][PASSED] - Object 'Object Repository/PartyOnboarding/Personal/PartyRequiredDocument/Document Verified' is visible&#xD;
&#xD;
2019-08-21 20:46:04 - [MESSAGE][PASSED] - Keys 'TAB + TRUE' sent to object: 'Object Repository/PartyOnboarding/Personal/PartyRequiredDocument/Document Verified'&#xD;
&#xD;
2019-08-21 20:46:04 - [MESSAGE][PASSED] - Object 'Object Repository/PartyOnboarding/Personal/PartyRequiredDocument/Save Row' is visible&#xD;
&#xD;
2019-08-21 20:46:04 - [MESSAGE][PASSED] - Execute JavaScript 'arguments[0].click();' successfully&#xD;
&#xD;
2019-08-21 20:46:04 - [MESSAGE][PASSED] - Object 'Object Repository/PartyOnboarding/Personal/PartyRequiredDocument/ddl_DocumentsCollectionStatus' is visible&#xD;
&#xD;
2019-08-21 20:46:06 - [MESSAGE][PASSED] - Keys 'Documents collected and validated centrally' sent to object: 'Object Repository/PartyOnboarding/Personal/PartyRequiredDocument/ddl_DocumentsCollectionStatus'&#xD;
&#xD;
2019-08-21 20:46:06 - [TEST_STEP][PASSED] - partyOnboardingEnterprise.clickNextbutton(): Object: 'Object Repository/PartyOnboarding/btn_Next' is clicked on&#xD;
&#xD;
2019-08-21 20:46:06 - [MESSAGE][PASSED] - Object 'Object Repository/PartyOnboarding/btn_Next' is visible&#xD;
&#xD;
2019-08-21 20:46:06 - [MESSAGE][PASSED] - Object: 'Object Repository/PartyOnboarding/btn_Next' is clicked on&#xD;
&#xD;
2019-08-21 20:46:06 - [TEST_STEP][PASSED] - delay(1): Delayed 1 second(s)&#xD;
&#xD;
2019-08-21 20:46:07 - [MESSAGE][PASSED] - Delayed 1 second(s)&#xD;
&#xD;
2019-08-21 20:46:07 - [TEST_STEP][PASSED] - log.logInfo("--- " + " Click Next button ---"): ---  Click Next button ---&#xD;
&#xD;
2019-08-21 20:46:07 - [MESSAGE][INFO] - ---  Click Next button ---&#xD;
&#xD;
2019-08-21 20:46:07 - [TEST_STEP][PASSED] - partyOnboardingEnterprise.clickNextbutton(): Object: 'Object Repository/PartyOnboarding/btn_Next' is clicked on&#xD;
&#xD;
2019-08-21 20:46:07 - [MESSAGE][PASSED] - Object 'Object Repository/PartyOnboarding/btn_Next' is visible&#xD;
&#xD;
2019-08-21 20:46:07 - [MESSAGE][PASSED] - Object: 'Object Repository/PartyOnboarding/btn_Next' is clicked on&#xD;
&#xD;
2019-08-21 20:46:07 - [TEST_STEP][PASSED] - log.logInfo("--- " + " Click Next button ---"): ---  Click Next button ---&#xD;
&#xD;
2019-08-21 20:46:07 - [MESSAGE][INFO] - ---  Click Next button ---&#xD;
&#xD;
2019-08-21 20:46:07 - [TEST_STEP][PASSED] - delay(1): Delayed 1 second(s)&#xD;
&#xD;
2019-08-21 20:46:08 - [MESSAGE][PASSED] - Delayed 1 second(s)&#xD;
&#xD;
2019-08-21 20:46:08 - [TEST_STEP][PASSED] - partyOnboardingEnterprise.clickNextbutton(): Object: 'Object Repository/PartyOnboarding/btn_Next' is clicked on&#xD;
&#xD;
2019-08-21 20:46:08 - [MESSAGE][PASSED] - Object 'Object Repository/PartyOnboarding/btn_Next' is visible&#xD;
&#xD;
2019-08-21 20:46:08 - [MESSAGE][PASSED] - Object: 'Object Repository/PartyOnboarding/btn_Next' is clicked on&#xD;
&#xD;
2019-08-21 20:46:08 - [TEST_STEP][PASSED] - log.logInfo("--- " + " Click Process on Warning box ---"): ---  Click Process on Warning box ---&#xD;
&#xD;
2019-08-21 20:46:08 - [MESSAGE][INFO] - ---  Click Process on Warning box ---&#xD;
&#xD;
2019-08-21 20:46:08 - [TEST_STEP][PASSED] - partyOnboardingEnterprise.clickAskForApprovalbutton(): Object: 'Object Repository/PartyOnboarding/RequestToApproval/AskForApproval_btn' is clicked on&#xD;
&#xD;
2019-08-21 20:46:09 - [MESSAGE][PASSED] - Object 'Object Repository/PartyOnboarding/RequestToApproval/AskForApproval_btn' is visible&#xD;
&#xD;
2019-08-21 20:46:09 - [MESSAGE][PASSED] - Object: 'Object Repository/PartyOnboarding/RequestToApproval/AskForApproval_btn' is clicked on</system-out>
            <system-err></system-err>
        </testcase>
        <testcase name="Test Cases/DataPreparation/PartyOnboardingEnterprise" classname="Test Cases/DataPreparation/PartyOnboardingEnterprise" status="PASSED">
            <system-out>2019-08-21 20:46:09 - [TEST_CASE][PASSED] - Test Cases/DataPreparation/PartyOnboardingEnterprise: Test Cases/DataPreparation/PartyOnboardingEnterprise&#xD;
&#xD;
2019-08-21 20:46:09 - [TEST_STEP][PASSED] - Start listener action : sampleBeforeTestCase: null&#xD;
&#xD;
2019-08-21 20:46:09 - [TEST_STEP][PASSED] - testCaseID = testCaseContext.getTestCaseId(): null&#xD;
&#xD;
2019-08-21 20:46:09 - [TEST_STEP][PASSED] - log = new com.kms.katalon.core.util.KeywordUtil(): null&#xD;
&#xD;
2019-08-21 20:46:09 - [TEST_STEP][PASSED] - partyOnboardingEnterprise = new pageObjects.PartyOnboarding(): null&#xD;
&#xD;
2019-08-21 20:46:09 - [TEST_STEP][PASSED] - delay(3): Delayed 3 second(s)&#xD;
&#xD;
2019-08-21 20:46:12 - [MESSAGE][PASSED] - Delayed 3 second(s)&#xD;
&#xD;
2019-08-21 20:46:12 - [TEST_STEP][PASSED] - log.logInfo("--- Open Party Onboarding in Menu Search ---"): --- Open Party Onboarding in Menu Search ---&#xD;
&#xD;
2019-08-21 20:46:12 - [MESSAGE][INFO] - --- Open Party Onboarding in Menu Search ---&#xD;
&#xD;
2019-08-21 20:46:12 - [TEST_STEP][PASSED] - partyOnboardingEnterprise.inputPartyOnboardingMenuSearch(): Object 'menuSearch_txt' is present&#xD;
&#xD;
2019-08-21 20:46:12 - [MESSAGE][PASSED] - Object 'Object Repository/Menu_Search' is visible&#xD;
&#xD;
2019-08-21 20:46:12 - [MESSAGE][PASSED] - Keys 'ENTER + Party Onboarding' sent to object: 'Object Repository/Menu_Search'&#xD;
&#xD;
2019-08-21 20:46:12 - [MESSAGE][PASSED] - Object 'menuSearch_txt' is present&#xD;
&#xD;
2019-08-21 20:46:12 - [TEST_STEP][PASSED] - log.logInfo("/---------------Party Onboarding---------------/"): /---------------Party Onboarding---------------/&#xD;
&#xD;
2019-08-21 20:46:12 - [MESSAGE][INFO] - /---------------Party Onboarding---------------/&#xD;
&#xD;
2019-08-21 20:46:12 - [TEST_STEP][PASSED] - log.logInfo("--- Input Local Global ---"): --- Input Local Global ---&#xD;
&#xD;
2019-08-21 20:46:12 - [MESSAGE][INFO] - --- Input Local Global ---&#xD;
&#xD;
2019-08-21 20:46:12 - [TEST_STEP][PASSED] - partyOnboardingEnterprise.inputLocalGlobal(s01_localglobal): Keys 'Local Private' sent to object: 'Object Repository/PartyOnboarding/PartyOnboarding/Local Global'&#xD;
&#xD;
2019-08-21 20:46:14 - [MESSAGE][PASSED] - Text of object 'Object Repository/PartyOnboarding/PartyOnboarding/Local Global' is cleared&#xD;
&#xD;
2019-08-21 20:46:14 - [MESSAGE][PASSED] - Object 'Object Repository/PartyOnboarding/PartyOnboarding/Local Global' is visible&#xD;
&#xD;
2019-08-21 20:46:14 - [MESSAGE][PASSED] - Object 'Object Repository/PartyOnboarding/PartyOnboarding/Local Global' is visible&#xD;
&#xD;
2019-08-21 20:46:14 - [MESSAGE][PASSED] - Keys 'Local Private' sent to object: 'Object Repository/PartyOnboarding/PartyOnboarding/Local Global'&#xD;
&#xD;
2019-08-21 20:46:14 - [TEST_STEP][PASSED] - log.logInfo("--- Input Party Type ---"): --- Input Party Type ---&#xD;
&#xD;
2019-08-21 20:46:14 - [MESSAGE][INFO] - --- Input Party Type ---&#xD;
&#xD;
2019-08-21 20:46:14 - [TEST_STEP][PASSED] - partyOnboardingEnterprise.inputPartyType(s01_partytype): Keys 'TAB + Enterprise' sent to object: 'Object Repository/PartyOnboarding/PartyOnboarding/Party Type'&#xD;
&#xD;
2019-08-21 20:46:14 - [MESSAGE][PASSED] - Object 'Object Repository/PartyOnboarding/PartyOnboarding/Party Type' is visible&#xD;
&#xD;
2019-08-21 20:46:14 - [MESSAGE][PASSED] - Keys 'TAB + Enterprise' sent to object: 'Object Repository/PartyOnboarding/PartyOnboarding/Party Type'&#xD;
&#xD;
2019-08-21 20:46:14 - [TEST_STEP][PASSED] - log.logInfo("--- Input Party Sub Type ---"): --- Input Party Sub Type ---&#xD;
&#xD;
2019-08-21 20:46:14 - [MESSAGE][INFO] - --- Input Party Sub Type ---&#xD;
&#xD;
2019-08-21 20:46:14 - [TEST_STEP][PASSED] - partyOnboardingEnterprise.inputPartySubType(s01_partysubtype): Keys 'PRIVATE/PUBLIC/PUBLIC LISTED COMPANY (MYANMAR)' sent to object: 'Object Repository/PartyOnboarding/PartyOnboarding/Party Sub-Type'&#xD;
&#xD;
2019-08-21 20:46:15 - [MESSAGE][PASSED] - Delayed 1 second(s)&#xD;
&#xD;
2019-08-21 20:46:15 - [MESSAGE][PASSED] - Object 'Object Repository/PartyOnboarding/PartyOnboarding/Party Type' is visible&#xD;
&#xD;
2019-08-21 20:46:16 - [MESSAGE][PASSED] - Keys 'PRIVATE/PUBLIC/PUBLIC LISTED COMPANY (MYANMAR)' sent to object: 'Object Repository/PartyOnboarding/PartyOnboarding/Party Sub-Type'&#xD;
&#xD;
2019-08-21 20:46:16 - [TEST_STEP][PASSED] - log.logInfo("--- Input Party Category ---"): --- Input Party Category ---&#xD;
&#xD;
2019-08-21 20:46:16 - [MESSAGE][INFO] - --- Input Party Category ---&#xD;
&#xD;
2019-08-21 20:46:16 - [TEST_STEP][PASSED] - partyOnboardingEnterprise.inputPartyCategory(s01_partycategory): Keys 'Full' sent to object: 'Object Repository/PartyOnboarding/PartyOnboarding/Party Category'&#xD;
&#xD;
2019-08-21 20:46:16 - [MESSAGE][PASSED] - Object 'Object Repository/PartyOnboarding/PartyOnboarding/Party Category' is visible&#xD;
&#xD;
2019-08-21 20:46:16 - [MESSAGE][PASSED] - Keys 'Full' sent to object: 'Object Repository/PartyOnboarding/PartyOnboarding/Party Category'&#xD;
&#xD;
2019-08-21 20:46:16 - [TEST_STEP][PASSED] - log.logInfo("--- Check Line of Business ---"): --- Check Line of Business ---&#xD;
&#xD;
2019-08-21 20:46:16 - [MESSAGE][INFO] - --- Check Line of Business ---&#xD;
&#xD;
2019-08-21 20:46:16 - [TEST_STEP][PASSED] - partyOnboardingEnterprise.clickLineofBusiness(s01_lineofbusiness, findTestObject("PartyOnboarding/PartyOnboarding/div_Core Banking")): Object 'Object Repository/PartyOnboarding/PartyOnboarding/LineofBusiness_List' is checked&#xD;
&#xD;
2019-08-21 20:46:16 - [MESSAGE][PASSED] - Object 'Object Repository/PartyOnboarding/PartyOnboarding/div_Core Banking' is visible&#xD;
&#xD;
2019-08-21 20:46:16 - [MESSAGE][PASSED] - Attribute 'aria-checked' of object 'Object Repository/PartyOnboarding/PartyOnboarding/div_Core Banking' is: 'true'&#xD;
&#xD;
2019-08-21 20:46:16 - [MESSAGE][PASSED] - Object 'Object Repository/PartyOnboarding/PartyOnboarding/chk_SelectAllLineOfBusiness' is visible&#xD;
&#xD;
2019-08-21 20:46:16 - [MESSAGE][PASSED] - Attribute 'aria-checked' of object 'Object Repository/PartyOnboarding/PartyOnboarding/chk_SelectAllLineOfBusiness' is: 'true'&#xD;
&#xD;
2019-08-21 20:46:16 - [MESSAGE][PASSED] - Object 'Object Repository/PartyOnboarding/PartyOnboarding/LineofBusiness_List' is visible&#xD;
&#xD;
2019-08-21 20:46:16 - [MESSAGE][PASSED] - Attribute 'aria-checked' of object 'Object Repository/PartyOnboarding/PartyOnboarding/LineofBusiness_List' is: 'true'&#xD;
&#xD;
2019-08-21 20:46:17 - [MESSAGE][PASSED] - Object 'Object Repository/PartyOnboarding/PartyOnboarding/LineofBusiness_List' is visible&#xD;
&#xD;
2019-08-21 20:46:17 - [MESSAGE][PASSED] - Attribute 'aria-checked' of object 'Object Repository/PartyOnboarding/PartyOnboarding/LineofBusiness_List' is: 'true'&#xD;
&#xD;
2019-08-21 20:46:17 - [MESSAGE][PASSED] - Object 'Object Repository/PartyOnboarding/PartyOnboarding/chk_SelectAllLineOfBusiness' is visible&#xD;
&#xD;
2019-08-21 20:46:17 - [MESSAGE][PASSED] - Attribute 'aria-checked' of object 'Object Repository/PartyOnboarding/PartyOnboarding/chk_SelectAllLineOfBusiness' is: 'true'&#xD;
&#xD;
2019-08-21 20:46:17 - [MESSAGE][PASSED] - Object 'Object Repository/PartyOnboarding/PartyOnboarding/chk_SelectAllLineOfBusiness' is checked&#xD;
&#xD;
2019-08-21 20:46:17 - [MESSAGE][PASSED] - Object 'Object Repository/PartyOnboarding/PartyOnboarding/div_Core Banking' is visible&#xD;
&#xD;
2019-08-21 20:46:17 - [MESSAGE][PASSED] - Attribute 'aria-checked' of object 'Object Repository/PartyOnboarding/PartyOnboarding/div_Core Banking' is: 'false'&#xD;
&#xD;
2019-08-21 20:46:17 - [MESSAGE][PASSED] - Object 'Object Repository/PartyOnboarding/PartyOnboarding/div_Core Banking' is checked&#xD;
&#xD;
2019-08-21 20:46:17 - [MESSAGE][PASSED] - Object 'Object Repository/PartyOnboarding/PartyOnboarding/LineofBusiness_List' is visible&#xD;
&#xD;
2019-08-21 20:46:17 - [MESSAGE][PASSED] - Attribute 'aria-checked' of object 'Object Repository/PartyOnboarding/PartyOnboarding/LineofBusiness_List' is: 'false'&#xD;
&#xD;
2019-08-21 20:46:17 - [MESSAGE][PASSED] - Object 'Object Repository/PartyOnboarding/PartyOnboarding/LineofBusiness_List' is checked&#xD;
&#xD;
2019-08-21 20:46:17 - [TEST_STEP][PASSED] - log.logInfo("--- Click Next to Party Check List  ---"): --- Click Next to Party Check List  ---&#xD;
&#xD;
2019-08-21 20:46:17 - [MESSAGE][INFO] - --- Click Next to Party Check List  ---&#xD;
&#xD;
2019-08-21 20:46:17 - [TEST_STEP][PASSED] - partyOnboardingEnterprise.clickNextbutton(): Object: 'Object Repository/PartyOnboarding/btn_Next' is clicked on&#xD;
&#xD;
2019-08-21 20:46:17 - [MESSAGE][PASSED] - Object 'Object Repository/PartyOnboarding/btn_Next' is visible&#xD;
&#xD;
2019-08-21 20:46:17 - [MESSAGE][PASSED] - Object: 'Object Repository/PartyOnboarding/btn_Next' is clicked on&#xD;
&#xD;
2019-08-21 20:46:17 - [TEST_STEP][PASSED] - delay(1): Delayed 1 second(s)&#xD;
&#xD;
2019-08-21 20:46:18 - [MESSAGE][PASSED] - Delayed 1 second(s)&#xD;
&#xD;
2019-08-21 20:46:18 - [TEST_STEP][PASSED] - partyOnboardingEnterprise.clickNextbutton(): Object: 'Object Repository/PartyOnboarding/btn_Next' is clicked on&#xD;
&#xD;
2019-08-21 20:46:18 - [MESSAGE][PASSED] - Object 'Object Repository/PartyOnboarding/btn_Next' is visible&#xD;
&#xD;
2019-08-21 20:46:18 - [MESSAGE][PASSED] - Object: 'Object Repository/PartyOnboarding/btn_Next' is clicked on&#xD;
&#xD;
2019-08-21 20:46:18 - [TEST_STEP][PASSED] - log.logInfo("/---------------Pre-Existence Check---------------/"): /---------------Pre-Existence Check---------------/&#xD;
&#xD;
2019-08-21 20:46:18 - [MESSAGE][INFO] - /---------------Pre-Existence Check---------------/&#xD;
&#xD;
2019-08-21 20:46:18 - [TEST_STEP][PASSED] - partyOnboardingEnterprise.inputEnterpriseName(s02_enterpriseName): Keys 'Enterprise 0000004' sent to object: 'Object Repository/PartyOnboarding/Enterprise/PreExistenceCheck/txt_EnterpriseName'&#xD;
&#xD;
2019-08-21 20:46:19 - [MESSAGE][PASSED] - Object 'Object Repository/PartyOnboarding/Enterprise/PreExistenceCheck/txt_EnterpriseName' is visible&#xD;
&#xD;
2019-08-21 20:46:19 - [MESSAGE][PASSED] - Keys 'Enterprise 0000004' sent to object: 'Object Repository/PartyOnboarding/Enterprise/PreExistenceCheck/txt_EnterpriseName'&#xD;
&#xD;
2019-08-21 20:46:19 - [TEST_STEP][PASSED] - partyOnboardingEnterprise.inputRegistration(): Keys 'V0l1OZ8J' sent to object: 'Object Repository/PartyOnboarding/Enterprise/PreExistenceCheck/txt_Registration'&#xD;
&#xD;
2019-08-21 20:46:19 - [MESSAGE][PASSED] - Object 'Object Repository/PartyOnboarding/Enterprise/PreExistenceCheck/txt_Registration' is visible&#xD;
&#xD;
2019-08-21 20:46:19 - [MESSAGE][PASSED] - Keys 'V0l1OZ8J' sent to object: 'Object Repository/PartyOnboarding/Enterprise/PreExistenceCheck/txt_Registration'&#xD;
&#xD;
2019-08-21 20:46:19 - [TEST_STEP][PASSED] - partyOnboardingEnterprise.clickNextbutton(): Object: 'Object Repository/PartyOnboarding/btn_Next' is clicked on&#xD;
&#xD;
2019-08-21 20:46:19 - [MESSAGE][PASSED] - Object 'Object Repository/PartyOnboarding/btn_Next' is visible&#xD;
&#xD;
2019-08-21 20:46:19 - [MESSAGE][PASSED] - Object: 'Object Repository/PartyOnboarding/btn_Next' is clicked on&#xD;
&#xD;
2019-08-21 20:46:19 - [TEST_STEP][PASSED] - log.logInfo("/--------------- Party Onboarding---------------/"): /--------------- Party Onboarding---------------/&#xD;
&#xD;
2019-08-21 20:46:19 - [MESSAGE][INFO] - /--------------- Party Onboarding---------------/&#xD;
&#xD;
2019-08-21 20:46:19 - [TEST_STEP][PASSED] - partyOnboardingEnterprise.inputPartyId(): Web element with id: 'Object Repository/PartyOnboarding/Personal/PersonalParty/Message/pop_ErrorDuplicatePartyID' located by 'By.xpath: //textarea[@name='03messages']' not found&#xD;
&#xD;
2019-08-21 20:46:21 - [MESSAGE][PASSED] - Object 'Object Repository/PartyOnboarding/Personal/PersonalParty/txt_PartyID' is visible&#xD;
&#xD;
2019-08-21 20:46:21 - [MESSAGE][PASSED] - Object 'Object Repository/PartyOnboarding/Personal/PersonalParty/txt_PartyID' is visible&#xD;
&#xD;
2019-08-21 20:46:21 - [MESSAGE][PASSED] - Keys 'TAB + EYYn97X4' sent to object: 'Object Repository/PartyOnboarding/Personal/PersonalParty/txt_PartyID'&#xD;
&#xD;
2019-08-21 20:46:52 - [MESSAGE][INFO] - Unable to find the element located by 'By.xpath: //textarea[@name='03messages']'. Please recheck the objects properties to make sure the desired element is located. &#xD;
&#xD;
2019-08-21 20:46:52 - [MESSAGE][WARNING] - Web element with id: 'Object Repository/PartyOnboarding/Personal/PersonalParty/Message/pop_ErrorDuplicatePartyID' located by 'By.xpath: //textarea[@name='03messages']' not found&#xD;
&#xD;
2019-08-21 20:46:52 - [TEST_STEP][PASSED] - partyOnboardingEnterprise.inputShortNameEnterprise(s03_shortName): Keys 'TAB + Enterprise' sent to object: 'Object Repository/PartyOnboarding/Enterprise/EnterpriseParty/Short Name_txt'&#xD;
&#xD;
2019-08-21 20:46:52 - [MESSAGE][PASSED] - Object 'Object Repository/PartyOnboarding/Enterprise/EnterpriseParty/Short Name_txt' is visible&#xD;
&#xD;
2019-08-21 20:46:52 - [MESSAGE][PASSED] - Keys 'TAB + Enterprise' sent to object: 'Object Repository/PartyOnboarding/Enterprise/EnterpriseParty/Short Name_txt'&#xD;
&#xD;
2019-08-21 20:46:52 - [TEST_STEP][PASSED] - partyOnboardingEnterprise.clickNextbutton(): Object: 'Object Repository/PartyOnboarding/btn_Next' is clicked on&#xD;
&#xD;
2019-08-21 20:46:52 - [MESSAGE][PASSED] - Object 'Object Repository/PartyOnboarding/btn_Next' is visible&#xD;
&#xD;
2019-08-21 20:46:52 - [MESSAGE][PASSED] - Object: 'Object Repository/PartyOnboarding/btn_Next' is clicked on&#xD;
&#xD;
2019-08-21 20:46:52 - [TEST_STEP][PASSED] - partyOnboardingEnterprise.clickProcessInWarningBox(): Object: 'Object Repository/PartyOnboarding/Personal/PersonalParty/btn_Warnings_Proceed_NotCapture' is clicked on&#xD;
&#xD;
2019-08-21 20:46:53 - [MESSAGE][PASSED] - Object 'Object Repository/PartyOnboarding/Personal/PersonalParty/btn_Warnings_Proceed_NotCapture' is visible&#xD;
&#xD;
2019-08-21 20:46:53 - [MESSAGE][PASSED] - Object: 'Object Repository/PartyOnboarding/Personal/PersonalParty/btn_Warnings_Proceed_NotCapture' is clicked on&#xD;
&#xD;
2019-08-21 20:46:53 - [TEST_STEP][PASSED] - log.logInfo("/--------------- Party Onboarding - Address---------------/"): /--------------- Party Onboarding - Address---------------/&#xD;
&#xD;
2019-08-21 20:46:53 - [MESSAGE][INFO] - /--------------- Party Onboarding - Address---------------/&#xD;
&#xD;
2019-08-21 20:46:53 - [TEST_STEP][PASSED] - partyOnboardingEnterprise.inputRDataForAddressParty(s04_addressType, s04_userForCommunication, s04_validFrom): Execute JavaScript 'arguments[0].click();' successfully&#xD;
&#xD;
2019-08-21 20:46:54 - [MESSAGE][PASSED] - Object 'Object Repository/PartyOnboarding/Personal/PartyAddress/button_New Row_PartyAddress' is visible&#xD;
&#xD;
2019-08-21 20:46:54 - [MESSAGE][PASSED] - Execute JavaScript 'arguments[0].click();' successfully&#xD;
&#xD;
2019-08-21 20:46:54 - [MESSAGE][PASSED] - Object 'Object Repository/PartyOnboarding/Personal/PartyAddress/Address Type' is visible&#xD;
&#xD;
2019-08-21 20:46:55 - [MESSAGE][PASSED] - Keys 'TAB + Home Address' sent to object: 'Object Repository/PartyOnboarding/Personal/PartyAddress/Address Type'&#xD;
&#xD;
2019-08-21 20:46:55 - [MESSAGE][PASSED] - Object 'Object Repository/PartyOnboarding/Personal/PartyAddress/Valid From' is visible&#xD;
&#xD;
2019-08-21 20:46:55 - [MESSAGE][PASSED] - Text of object 'Object Repository/PartyOnboarding/Personal/PartyAddress/Valid From' is cleared&#xD;
&#xD;
2019-08-21 20:46:55 - [MESSAGE][PASSED] - Object 'Object Repository/PartyOnboarding/Personal/PartyAddress/Valid From' is visible&#xD;
&#xD;
2019-08-21 20:46:55 - [MESSAGE][PASSED] - Keys '2018-01-14' sent to object: 'Object Repository/PartyOnboarding/Personal/PartyAddress/Valid From'&#xD;
&#xD;
2019-08-21 20:46:55 - [MESSAGE][PASSED] - Object 'Object Repository/PartyOnboarding/Personal/PartyAddress/chk_Use  for Communication' is present&#xD;
&#xD;
2019-08-21 20:46:55 - [MESSAGE][PASSED] - Attribute 'aria-checked' of object 'Object Repository/PartyOnboarding/Personal/PartyAddress/chk_Use  for Communication' is: 'false'&#xD;
&#xD;
2019-08-21 20:46:56 - [MESSAGE][PASSED] - Object 'Object Repository/PartyOnboarding/Personal/PartyAddress/chk_Use  for Communication' is checked&#xD;
&#xD;
2019-08-21 20:46:56 - [MESSAGE][PASSED] - Object 'Object Repository/PartyOnboarding/Personal/PartyAddress/SaveRow' is visible&#xD;
&#xD;
2019-08-21 20:46:56 - [MESSAGE][PASSED] - Execute JavaScript 'arguments[0].click();' successfully&#xD;
&#xD;
2019-08-21 20:46:56 - [MESSAGE][PASSED] - Object 'Object Repository/PartyOnboarding/Personal/PartyAddress/button_New Row_PartyAddress' is visible&#xD;
&#xD;
2019-08-21 20:46:56 - [MESSAGE][PASSED] - Execute JavaScript 'arguments[0].click();' successfully&#xD;
&#xD;
2019-08-21 20:46:56 - [MESSAGE][PASSED] - Object 'Object Repository/PartyOnboarding/Personal/PartyAddress/Address Type' is visible&#xD;
&#xD;
2019-08-21 20:46:56 - [MESSAGE][PASSED] - Keys 'TAB + Current Address' sent to object: 'Object Repository/PartyOnboarding/Personal/PartyAddress/Address Type'&#xD;
&#xD;
2019-08-21 20:46:56 - [MESSAGE][PASSED] - Object 'Object Repository/PartyOnboarding/Personal/PartyAddress/Valid From' is visible&#xD;
&#xD;
2019-08-21 20:46:56 - [MESSAGE][PASSED] - Text of object 'Object Repository/PartyOnboarding/Personal/PartyAddress/Valid From' is cleared&#xD;
&#xD;
2019-08-21 20:46:56 - [MESSAGE][PASSED] - Object 'Object Repository/PartyOnboarding/Personal/PartyAddress/Valid From' is visible&#xD;
&#xD;
2019-08-21 20:46:57 - [MESSAGE][PASSED] - Keys '2018-01-17' sent to object: 'Object Repository/PartyOnboarding/Personal/PartyAddress/Valid From'&#xD;
&#xD;
2019-08-21 20:46:57 - [MESSAGE][PASSED] - Object 'Object Repository/PartyOnboarding/Personal/PartyAddress/SaveRow' is visible&#xD;
&#xD;
2019-08-21 20:46:57 - [MESSAGE][PASSED] - Execute JavaScript 'arguments[0].click();' successfully&#xD;
&#xD;
2019-08-21 20:46:57 - [MESSAGE][PASSED] - Object 'Object Repository/PartyOnboarding/Personal/PartyAddress/button_New Row_PartyAddress' is visible&#xD;
&#xD;
2019-08-21 20:46:57 - [MESSAGE][PASSED] - Execute JavaScript 'arguments[0].click();' successfully&#xD;
&#xD;
2019-08-21 20:46:57 - [MESSAGE][PASSED] - Object 'Object Repository/PartyOnboarding/Personal/PartyAddress/Address Type' is visible&#xD;
&#xD;
2019-08-21 20:46:57 - [MESSAGE][PASSED] - Keys 'TAB + Office Address' sent to object: 'Object Repository/PartyOnboarding/Personal/PartyAddress/Address Type'&#xD;
&#xD;
2019-08-21 20:46:57 - [MESSAGE][PASSED] - Object 'Object Repository/PartyOnboarding/Personal/PartyAddress/Valid From' is visible&#xD;
&#xD;
2019-08-21 20:46:58 - [MESSAGE][PASSED] - Text of object 'Object Repository/PartyOnboarding/Personal/PartyAddress/Valid From' is cleared&#xD;
&#xD;
2019-08-21 20:46:58 - [MESSAGE][PASSED] - Object 'Object Repository/PartyOnboarding/Personal/PartyAddress/Valid From' is visible&#xD;
&#xD;
2019-08-21 20:46:58 - [MESSAGE][PASSED] - Keys '2017-01-17' sent to object: 'Object Repository/PartyOnboarding/Personal/PartyAddress/Valid From'&#xD;
&#xD;
2019-08-21 20:46:58 - [MESSAGE][PASSED] - Object 'Object Repository/PartyOnboarding/Personal/PartyAddress/SaveRow' is visible&#xD;
&#xD;
2019-08-21 20:46:58 - [MESSAGE][PASSED] - Execute JavaScript 'arguments[0].click();' successfully&#xD;
&#xD;
2019-08-21 20:46:58 - [TEST_STEP][PASSED] - partyOnboardingEnterprise.clickNextbutton(): Object: 'Object Repository/PartyOnboarding/btn_Next' is clicked on&#xD;
&#xD;
2019-08-21 20:46:58 - [MESSAGE][PASSED] - Object 'Object Repository/PartyOnboarding/btn_Next' is visible&#xD;
&#xD;
2019-08-21 20:46:58 - [MESSAGE][PASSED] - Object: 'Object Repository/PartyOnboarding/btn_Next' is clicked on&#xD;
&#xD;
2019-08-21 20:46:58 - [TEST_STEP][PASSED] - partyOnboardingEnterprise.inputDataForPartyContacts(s05_contactMethod, s05_contactTypeLocation, s05_contactCountryCode, s05_contactAreaCode, s05_contactNumber, s05_contactEmail, s05_confirmEmail, s05_validFrom): Execute JavaScript 'arguments[0].click();' successfully&#xD;
&#xD;
2019-08-21 20:46:59 - [MESSAGE][PASSED] - Object 'Object Repository/PartyOnboarding/Personal/PartyContacts/New Row' is visible&#xD;
&#xD;
2019-08-21 20:46:59 - [MESSAGE][PASSED] - Execute JavaScript 'arguments[0].click();' successfully&#xD;
&#xD;
2019-08-21 20:47:00 - [MESSAGE][PASSED] - Delayed 1 second(s)&#xD;
&#xD;
2019-08-21 20:47:00 - [MESSAGE][PASSED] - Object 'Object Repository/PartyOnboarding/Personal/PartyContacts/Contact Method' is visible&#xD;
&#xD;
2019-08-21 20:47:00 - [MESSAGE][PASSED] - Keys 'TAB + Telephone' sent to object: 'Object Repository/PartyOnboarding/Personal/PartyContacts/Contact Method'&#xD;
&#xD;
2019-08-21 20:47:01 - [MESSAGE][PASSED] - Delayed 1 second(s)&#xD;
&#xD;
2019-08-21 20:47:01 - [MESSAGE][PASSED] - Object 'Object Repository/PartyOnboarding/Personal/PartyContacts/Contact Type  Location' is visible&#xD;
&#xD;
2019-08-21 20:47:02 - [MESSAGE][PASSED] - Keys 'TAB + Personal' sent to object: 'Object Repository/PartyOnboarding/Personal/PartyContacts/Contact Type  Location'&#xD;
&#xD;
2019-08-21 20:47:02 - [MESSAGE][PASSED] - Object 'Object Repository/PartyOnboarding/Personal/PartyContacts/Contact Email' is visible&#xD;
&#xD;
2019-08-21 20:47:02 - [MESSAGE][PASSED] - Object 'Object Repository/PartyOnboarding/Personal/PartyContacts/Contact Email' has attribute 'readonly'&#xD;
&#xD;
2019-08-21 20:47:02 - [MESSAGE][PASSED] - Object 'Object Repository/PartyOnboarding/Personal/PartyContacts/Contact Number_03_Code' is visible&#xD;
&#xD;
2019-08-21 20:47:02 - [MESSAGE][PASSED] - Text of object 'Object Repository/PartyOnboarding/Personal/PartyContacts/Contact Number_03_Code' is cleared&#xD;
&#xD;
2019-08-21 20:47:02 - [MESSAGE][PASSED] - Object 'Object Repository/PartyOnboarding/Personal/PartyContacts/Contact Number_03_Code' is visible&#xD;
&#xD;
2019-08-21 20:47:02 - [MESSAGE][PASSED] - Keys '+95' sent to object: 'Object Repository/PartyOnboarding/Personal/PartyContacts/Contact Number_03_Code'&#xD;
&#xD;
2019-08-21 20:47:02 - [MESSAGE][PASSED] - Object 'Object Repository/PartyOnboarding/Personal/PartyContacts/Contact Number_AreaCode' is visible&#xD;
&#xD;
2019-08-21 20:47:02 - [MESSAGE][PASSED] - Keys '' sent to object: 'Object Repository/PartyOnboarding/Personal/PartyContacts/Contact Number_AreaCode'&#xD;
&#xD;
2019-08-21 20:47:02 - [MESSAGE][PASSED] - Object 'Object Repository/PartyOnboarding/Personal/PartyContacts/Contact Number_Number' is visible&#xD;
&#xD;
2019-08-21 20:47:02 - [MESSAGE][PASSED] - Keys '9697989904' sent to object: 'Object Repository/PartyOnboarding/Personal/PartyContacts/Contact Number_Number'&#xD;
&#xD;
2019-08-21 20:47:02 - [MESSAGE][PASSED] - Object 'Object Repository/PartyOnboarding/Personal/PartyContacts/Contact Number_03_Code' is visible&#xD;
&#xD;
2019-08-21 20:47:03 - [MESSAGE][WARNING] - Object 'Object Repository/PartyOnboarding/Personal/PartyContacts/Contact Number_03_Code' does not have attribute 'readonly' (Root cause: com.kms.katalon.core.exception.StepFailedException: Object 'Object Repository/PartyOnboarding/Personal/PartyContacts/Contact Number_03_Code' does not have attribute 'readonly'&#xD;
	at com.kms.katalon.core.webui.keyword.internal.WebUIKeywordMain.stepFailed(WebUIKeywordMain.groovy:64)&#xD;
	at com.kms.katalon.core.webui.keyword.builtin.VerifyElementHasAttributeKeyword$_verifyElementHasAttribute_closure1.doCall(VerifyElementHasAttributeKeyword.groovy:89)&#xD;
	at com.kms.katalon.core.webui.keyword.builtin.VerifyElementHasAttributeKeyword$_verifyElementHasAttribute_closure1.call(VerifyElementHasAttributeKeyword.groovy)&#xD;
	at com.kms.katalon.core.webui.keyword.internal.WebUIKeywordMain.runKeyword(WebUIKeywordMain.groovy:20)&#xD;
	at com.kms.katalon.core.webui.keyword.builtin.VerifyElementHasAttributeKeyword.verifyElementHasAttribute(VerifyElementHasAttributeKeyword.groovy:100)&#xD;
	at com.kms.katalon.core.webui.keyword.builtin.VerifyElementHasAttributeKeyword.execute(VerifyElementHasAttributeKeyword.groovy:69)&#xD;
	at com.kms.katalon.core.keyword.internal.KeywordExecutor.executeKeywordForPlatform(KeywordExecutor.groovy:56)&#xD;
	at com.kms.katalon.core.webui.keyword.WebUiBuiltInKeywords.verifyElementHasAttribute(WebUiBuiltInKeywords.groovy:3166)&#xD;
	at com.kms.katalon.core.webui.keyword.WebUiBuiltInKeywords$verifyElementHasAttribute$11.call(Unknown Source)&#xD;
	at pageObjects.PartyOnboarding.inputDataForPartyContacts(PartyOnboarding.groovy:736)&#xD;
	at PartyOnboardingEnterprise.run(PartyOnboardingEnterprise:61)&#xD;
	at com.kms.katalon.core.main.ScriptEngine.run(ScriptEngine.java:194)&#xD;
	at com.kms.katalon.core.main.ScriptEngine.runScriptAsRawText(ScriptEngine.java:119)&#xD;
	at com.kms.katalon.core.main.TestCaseExecutor.runScript(TestCaseExecutor.java:337)&#xD;
	at com.kms.katalon.core.main.TestCaseExecutor.doExecute(TestCaseExecutor.java:328)&#xD;
	at com.kms.katalon.core.main.TestCaseExecutor.processExecutionPhase(TestCaseExecutor.java:307)&#xD;
	at com.kms.katalon.core.main.TestCaseExecutor.accessMainPhase(TestCaseExecutor.java:299)&#xD;
	at com.kms.katalon.core.main.TestCaseExecutor.execute(TestCaseExecutor.java:233)&#xD;
	at com.kms.katalon.core.main.TestSuiteExecutor.accessTestCaseMainPhase(TestSuiteExecutor.java:133)&#xD;
	at com.kms.katalon.core.main.TestSuiteExecutor.accessTestSuiteMainPhase(TestSuiteExecutor.java:116)&#xD;
	at com.kms.katalon.core.main.TestSuiteExecutor.execute(TestSuiteExecutor.java:83)&#xD;
	at com.kms.katalon.core.main.TestCaseMain.startTestSuite(TestCaseMain.java:157)&#xD;
	at com.kms.katalon.core.main.TestCaseMain$startTestSuite$0.call(Unknown Source)&#xD;
	at TempTestSuite1566396522347.run(TempTestSuite1566396522347.groovy:35)&#xD;
)&#xD;
[[ATTACHMENT|C:\\ML\\JITS\\AYA\\Automation\\FBE\\FBE\\Reports\\DataPreparation\\PartyOnboardingPersonal\\20190821_203842\\1566397022946.png]]&#xD;
&#xD;
2019-08-21 20:47:03 - [MESSAGE][PASSED] - Object 'Object Repository/PartyOnboarding/Personal/PartyContacts/Valid From' is visible&#xD;
&#xD;
2019-08-21 20:47:03 - [MESSAGE][PASSED] - Text of object 'Object Repository/PartyOnboarding/Personal/PartyContacts/Valid From' is cleared&#xD;
&#xD;
2019-08-21 20:47:03 - [MESSAGE][PASSED] - Object 'Object Repository/PartyOnboarding/Personal/PartyContacts/Valid From' is visible&#xD;
&#xD;
2019-08-21 20:47:03 - [MESSAGE][PASSED] - Keys '2018-12-20' sent to object: 'Object Repository/PartyOnboarding/Personal/PartyContacts/Valid From'&#xD;
&#xD;
2019-08-21 20:47:03 - [MESSAGE][PASSED] - Object 'Object Repository/PartyOnboarding/Personal/PartyContacts/Save Row' is visible&#xD;
&#xD;
2019-08-21 20:47:03 - [MESSAGE][PASSED] - Execute JavaScript 'arguments[0].click();' successfully&#xD;
&#xD;
2019-08-21 20:47:03 - [MESSAGE][PASSED] - Object 'Object Repository/PartyOnboarding/Personal/PartyContacts/New Row' is visible&#xD;
&#xD;
2019-08-21 20:47:03 - [MESSAGE][PASSED] - Execute JavaScript 'arguments[0].click();' successfully&#xD;
&#xD;
2019-08-21 20:47:04 - [MESSAGE][PASSED] - Delayed 1 second(s)&#xD;
&#xD;
2019-08-21 20:47:04 - [MESSAGE][PASSED] - Object 'Object Repository/PartyOnboarding/Personal/PartyContacts/Contact Method' is visible&#xD;
&#xD;
2019-08-21 20:47:05 - [MESSAGE][PASSED] - Keys 'TAB + Mobile' sent to object: 'Object Repository/PartyOnboarding/Personal/PartyContacts/Contact Method'&#xD;
&#xD;
2019-08-21 20:47:06 - [MESSAGE][PASSED] - Delayed 1 second(s)&#xD;
&#xD;
2019-08-21 20:47:06 - [MESSAGE][PASSED] - Object 'Object Repository/PartyOnboarding/Personal/PartyContacts/Contact Type  Location' is visible&#xD;
&#xD;
2019-08-21 20:47:06 - [MESSAGE][PASSED] - Keys 'TAB + Work' sent to object: 'Object Repository/PartyOnboarding/Personal/PartyContacts/Contact Type  Location'&#xD;
&#xD;
2019-08-21 20:47:06 - [MESSAGE][PASSED] - Object 'Object Repository/PartyOnboarding/Personal/PartyContacts/Contact Email' is visible&#xD;
&#xD;
2019-08-21 20:47:06 - [MESSAGE][PASSED] - Object 'Object Repository/PartyOnboarding/Personal/PartyContacts/Contact Email' has attribute 'readonly'&#xD;
&#xD;
2019-08-21 20:47:06 - [MESSAGE][PASSED] - Object 'Object Repository/PartyOnboarding/Personal/PartyContacts/Contact Number_03_Code' is visible&#xD;
&#xD;
2019-08-21 20:47:06 - [MESSAGE][PASSED] - Text of object 'Object Repository/PartyOnboarding/Personal/PartyContacts/Contact Number_03_Code' is cleared&#xD;
&#xD;
2019-08-21 20:47:06 - [MESSAGE][PASSED] - Object 'Object Repository/PartyOnboarding/Personal/PartyContacts/Contact Number_03_Code' is visible&#xD;
&#xD;
2019-08-21 20:47:06 - [MESSAGE][PASSED] - Keys '+1' sent to object: 'Object Repository/PartyOnboarding/Personal/PartyContacts/Contact Number_03_Code'&#xD;
&#xD;
2019-08-21 20:47:06 - [MESSAGE][PASSED] - Object 'Object Repository/PartyOnboarding/Personal/PartyContacts/Contact Number_AreaCode' is visible&#xD;
&#xD;
2019-08-21 20:47:06 - [MESSAGE][PASSED] - Keys '' sent to object: 'Object Repository/PartyOnboarding/Personal/PartyContacts/Contact Number_AreaCode'&#xD;
&#xD;
2019-08-21 20:47:06 - [MESSAGE][PASSED] - Object 'Object Repository/PartyOnboarding/Personal/PartyContacts/Contact Number_Number' is visible&#xD;
&#xD;
2019-08-21 20:47:07 - [MESSAGE][PASSED] - Keys '9697989901' sent to object: 'Object Repository/PartyOnboarding/Personal/PartyContacts/Contact Number_Number'&#xD;
&#xD;
2019-08-21 20:47:07 - [MESSAGE][PASSED] - Object 'Object Repository/PartyOnboarding/Personal/PartyContacts/Contact Number_03_Code' is visible&#xD;
&#xD;
2019-08-21 20:47:07 - [MESSAGE][WARNING] - Object 'Object Repository/PartyOnboarding/Personal/PartyContacts/Contact Number_03_Code' does not have attribute 'readonly' (Root cause: com.kms.katalon.core.exception.StepFailedException: Object 'Object Repository/PartyOnboarding/Personal/PartyContacts/Contact Number_03_Code' does not have attribute 'readonly'&#xD;
	at com.kms.katalon.core.webui.keyword.internal.WebUIKeywordMain.stepFailed(WebUIKeywordMain.groovy:64)&#xD;
	at com.kms.katalon.core.webui.keyword.builtin.VerifyElementHasAttributeKeyword$_verifyElementHasAttribute_closure1.doCall(VerifyElementHasAttributeKeyword.groovy:89)&#xD;
	at com.kms.katalon.core.webui.keyword.builtin.VerifyElementHasAttributeKeyword$_verifyElementHasAttribute_closure1.call(VerifyElementHasAttributeKeyword.groovy)&#xD;
	at com.kms.katalon.core.webui.keyword.internal.WebUIKeywordMain.runKeyword(WebUIKeywordMain.groovy:20)&#xD;
	at com.kms.katalon.core.webui.keyword.builtin.VerifyElementHasAttributeKeyword.verifyElementHasAttribute(VerifyElementHasAttributeKeyword.groovy:100)&#xD;
	at com.kms.katalon.core.webui.keyword.builtin.VerifyElementHasAttributeKeyword.execute(VerifyElementHasAttributeKeyword.groovy:69)&#xD;
	at com.kms.katalon.core.keyword.internal.KeywordExecutor.executeKeywordForPlatform(KeywordExecutor.groovy:56)&#xD;
	at com.kms.katalon.core.webui.keyword.WebUiBuiltInKeywords.verifyElementHasAttribute(WebUiBuiltInKeywords.groovy:3166)&#xD;
	at com.kms.katalon.core.webui.keyword.WebUiBuiltInKeywords$verifyElementHasAttribute$11.call(Unknown Source)&#xD;
	at pageObjects.PartyOnboarding.inputDataForPartyContacts(PartyOnboarding.groovy:736)&#xD;
	at PartyOnboardingEnterprise.run(PartyOnboardingEnterprise:61)&#xD;
	at com.kms.katalon.core.main.ScriptEngine.run(ScriptEngine.java:194)&#xD;
	at com.kms.katalon.core.main.ScriptEngine.runScriptAsRawText(ScriptEngine.java:119)&#xD;
	at com.kms.katalon.core.main.TestCaseExecutor.runScript(TestCaseExecutor.java:337)&#xD;
	at com.kms.katalon.core.main.TestCaseExecutor.doExecute(TestCaseExecutor.java:328)&#xD;
	at com.kms.katalon.core.main.TestCaseExecutor.processExecutionPhase(TestCaseExecutor.java:307)&#xD;
	at com.kms.katalon.core.main.TestCaseExecutor.accessMainPhase(TestCaseExecutor.java:299)&#xD;
	at com.kms.katalon.core.main.TestCaseExecutor.execute(TestCaseExecutor.java:233)&#xD;
	at com.kms.katalon.core.main.TestSuiteExecutor.accessTestCaseMainPhase(TestSuiteExecutor.java:133)&#xD;
	at com.kms.katalon.core.main.TestSuiteExecutor.accessTestSuiteMainPhase(TestSuiteExecutor.java:116)&#xD;
	at com.kms.katalon.core.main.TestSuiteExecutor.execute(TestSuiteExecutor.java:83)&#xD;
	at com.kms.katalon.core.main.TestCaseMain.startTestSuite(TestCaseMain.java:157)&#xD;
	at com.kms.katalon.core.main.TestCaseMain$startTestSuite$0.call(Unknown Source)&#xD;
	at TempTestSuite1566396522347.run(TempTestSuite1566396522347.groovy:35)&#xD;
)&#xD;
[[ATTACHMENT|C:\\ML\\JITS\\AYA\\Automation\\FBE\\FBE\\Reports\\DataPreparation\\PartyOnboardingPersonal\\20190821_203842\\1566397027121.png]]&#xD;
&#xD;
2019-08-21 20:47:07 - [MESSAGE][PASSED] - Object 'Object Repository/PartyOnboarding/Personal/PartyContacts/Valid From' is visible&#xD;
&#xD;
2019-08-21 20:47:07 - [MESSAGE][PASSED] - Text of object 'Object Repository/PartyOnboarding/Personal/PartyContacts/Valid From' is cleared&#xD;
&#xD;
2019-08-21 20:47:07 - [MESSAGE][PASSED] - Object 'Object Repository/PartyOnboarding/Personal/PartyContacts/Valid From' is visible&#xD;
&#xD;
2019-08-21 20:47:07 - [MESSAGE][PASSED] - Keys '2018-01-24' sent to object: 'Object Repository/PartyOnboarding/Personal/PartyContacts/Valid From'&#xD;
&#xD;
2019-08-21 20:47:07 - [MESSAGE][PASSED] - Object 'Object Repository/PartyOnboarding/Personal/PartyContacts/Save Row' is visible&#xD;
&#xD;
2019-08-21 20:47:07 - [MESSAGE][PASSED] - Execute JavaScript 'arguments[0].click();' successfully&#xD;
&#xD;
2019-08-21 20:47:07 - [MESSAGE][PASSED] - Object 'Object Repository/PartyOnboarding/Personal/PartyContacts/New Row' is visible&#xD;
&#xD;
2019-08-21 20:47:08 - [MESSAGE][PASSED] - Execute JavaScript 'arguments[0].click();' successfully&#xD;
&#xD;
2019-08-21 20:47:09 - [MESSAGE][PASSED] - Delayed 1 second(s)&#xD;
&#xD;
2019-08-21 20:47:09 - [MESSAGE][PASSED] - Object 'Object Repository/PartyOnboarding/Personal/PartyContacts/Contact Method' is visible&#xD;
&#xD;
2019-08-21 20:47:09 - [MESSAGE][PASSED] - Keys 'TAB + Email' sent to object: 'Object Repository/PartyOnboarding/Personal/PartyContacts/Contact Method'&#xD;
&#xD;
2019-08-21 20:47:10 - [MESSAGE][PASSED] - Delayed 1 second(s)&#xD;
&#xD;
2019-08-21 20:47:10 - [MESSAGE][PASSED] - Object 'Object Repository/PartyOnboarding/Personal/PartyContacts/Contact Type  Location' is visible&#xD;
&#xD;
2019-08-21 20:47:10 - [MESSAGE][PASSED] - Keys 'TAB + Personal' sent to object: 'Object Repository/PartyOnboarding/Personal/PartyContacts/Contact Type  Location'&#xD;
&#xD;
2019-08-21 20:47:10 - [MESSAGE][PASSED] - Object 'Object Repository/PartyOnboarding/Personal/PartyContacts/Contact Email' is visible&#xD;
&#xD;
2019-08-21 20:47:10 - [MESSAGE][WARNING] - Object 'Object Repository/PartyOnboarding/Personal/PartyContacts/Contact Email' does not have attribute 'readonly' (Root cause: com.kms.katalon.core.exception.StepFailedException: Object 'Object Repository/PartyOnboarding/Personal/PartyContacts/Contact Email' does not have attribute 'readonly'&#xD;
	at com.kms.katalon.core.webui.keyword.internal.WebUIKeywordMain.stepFailed(WebUIKeywordMain.groovy:64)&#xD;
	at com.kms.katalon.core.webui.keyword.builtin.VerifyElementHasAttributeKeyword$_verifyElementHasAttribute_closure1.doCall(VerifyElementHasAttributeKeyword.groovy:89)&#xD;
	at com.kms.katalon.core.webui.keyword.builtin.VerifyElementHasAttributeKeyword$_verifyElementHasAttribute_closure1.call(VerifyElementHasAttributeKeyword.groovy)&#xD;
	at com.kms.katalon.core.webui.keyword.internal.WebUIKeywordMain.runKeyword(WebUIKeywordMain.groovy:20)&#xD;
	at com.kms.katalon.core.webui.keyword.builtin.VerifyElementHasAttributeKeyword.verifyElementHasAttribute(VerifyElementHasAttributeKeyword.groovy:100)&#xD;
	at com.kms.katalon.core.webui.keyword.builtin.VerifyElementHasAttributeKeyword.execute(VerifyElementHasAttributeKeyword.groovy:69)&#xD;
	at com.kms.katalon.core.keyword.internal.KeywordExecutor.executeKeywordForPlatform(KeywordExecutor.groovy:56)&#xD;
	at com.kms.katalon.core.webui.keyword.WebUiBuiltInKeywords.verifyElementHasAttribute(WebUiBuiltInKeywords.groovy:3166)&#xD;
	at com.kms.katalon.core.webui.keyword.WebUiBuiltInKeywords$verifyElementHasAttribute$11.call(Unknown Source)&#xD;
	at pageObjects.PartyOnboarding.inputDataForPartyContacts(PartyOnboarding.groovy:721)&#xD;
	at PartyOnboardingEnterprise.run(PartyOnboardingEnterprise:61)&#xD;
	at com.kms.katalon.core.main.ScriptEngine.run(ScriptEngine.java:194)&#xD;
	at com.kms.katalon.core.main.ScriptEngine.runScriptAsRawText(ScriptEngine.java:119)&#xD;
	at com.kms.katalon.core.main.TestCaseExecutor.runScript(TestCaseExecutor.java:337)&#xD;
	at com.kms.katalon.core.main.TestCaseExecutor.doExecute(TestCaseExecutor.java:328)&#xD;
	at com.kms.katalon.core.main.TestCaseExecutor.processExecutionPhase(TestCaseExecutor.java:307)&#xD;
	at com.kms.katalon.core.main.TestCaseExecutor.accessMainPhase(TestCaseExecutor.java:299)&#xD;
	at com.kms.katalon.core.main.TestCaseExecutor.execute(TestCaseExecutor.java:233)&#xD;
	at com.kms.katalon.core.main.TestSuiteExecutor.accessTestCaseMainPhase(TestSuiteExecutor.java:133)&#xD;
	at com.kms.katalon.core.main.TestSuiteExecutor.accessTestSuiteMainPhase(TestSuiteExecutor.java:116)&#xD;
	at com.kms.katalon.core.main.TestSuiteExecutor.execute(TestSuiteExecutor.java:83)&#xD;
	at com.kms.katalon.core.main.TestCaseMain.startTestSuite(TestCaseMain.java:157)&#xD;
	at com.kms.katalon.core.main.TestCaseMain$startTestSuite$0.call(Unknown Source)&#xD;
	at TempTestSuite1566396522347.run(TempTestSuite1566396522347.groovy:35)&#xD;
)&#xD;
[[ATTACHMENT|C:\\ML\\JITS\\AYA\\Automation\\FBE\\FBE\\Reports\\DataPreparation\\PartyOnboardingPersonal\\20190821_203842\\1566397030658.png]]&#xD;
&#xD;
2019-08-21 20:47:11 - [MESSAGE][PASSED] - Object 'Object Repository/PartyOnboarding/Personal/PartyContacts/Contact Number_03_Code' is visible&#xD;
&#xD;
2019-08-21 20:47:11 - [MESSAGE][PASSED] - Object 'Object Repository/PartyOnboarding/Personal/PartyContacts/Contact Number_03_Code' has attribute 'readonly'&#xD;
&#xD;
2019-08-21 20:47:11 - [MESSAGE][PASSED] - Object 'Object Repository/PartyOnboarding/Personal/PartyContacts/Contact Email' is visible&#xD;
&#xD;
2019-08-21 20:47:11 - [MESSAGE][PASSED] - Keys 'nguyenthimyle@gmail.com' sent to object: 'Object Repository/PartyOnboarding/Personal/PartyContacts/Contact Email'&#xD;
&#xD;
2019-08-21 20:47:11 - [MESSAGE][PASSED] - Object 'Object Repository/PartyOnboarding/Personal/PartyContacts/Confirm Email' is visible&#xD;
&#xD;
2019-08-21 20:47:12 - [MESSAGE][PASSED] - Keys 'nguyenthimyle@gmail.com' sent to object: 'Object Repository/PartyOnboarding/Personal/PartyContacts/Confirm Email'&#xD;
&#xD;
2019-08-21 20:47:12 - [MESSAGE][PASSED] - Object 'Object Repository/PartyOnboarding/Personal/PartyContacts/Valid From' is visible&#xD;
&#xD;
2019-08-21 20:47:12 - [MESSAGE][PASSED] - Text of object 'Object Repository/PartyOnboarding/Personal/PartyContacts/Valid From' is cleared&#xD;
&#xD;
2019-08-21 20:47:12 - [MESSAGE][PASSED] - Object 'Object Repository/PartyOnboarding/Personal/PartyContacts/Valid From' is visible&#xD;
&#xD;
2019-08-21 20:47:12 - [MESSAGE][PASSED] - Keys '2017-01-24' sent to object: 'Object Repository/PartyOnboarding/Personal/PartyContacts/Valid From'&#xD;
&#xD;
2019-08-21 20:47:12 - [MESSAGE][PASSED] - Object 'Object Repository/PartyOnboarding/Personal/PartyContacts/Save Row' is visible&#xD;
&#xD;
2019-08-21 20:47:13 - [MESSAGE][PASSED] - Execute JavaScript 'arguments[0].click();' successfully&#xD;
&#xD;
2019-08-21 20:47:13 - [TEST_STEP][PASSED] - partyOnboardingEnterprise.clickNextbutton(): Object: 'Object Repository/PartyOnboarding/btn_Next' is clicked on&#xD;
&#xD;
2019-08-21 20:47:13 - [MESSAGE][PASSED] - Object 'Object Repository/PartyOnboarding/btn_Next' is visible&#xD;
&#xD;
2019-08-21 20:47:13 - [MESSAGE][PASSED] - Object: 'Object Repository/PartyOnboarding/btn_Next' is clicked on&#xD;
&#xD;
2019-08-21 20:47:13 - [TEST_STEP][PASSED] - partyOnboardingEnterprise.inputDataForPartyRequiredDocuments(s06_documentCategory, s06_kycExpired, s06_documentType, s06_validFrom, s06_validTo, s06_referenceNumber, s06_issuingAuthority, s06_issuingCountry, s06_documentVerified, s06_image, s06_documentCollectionStatus): Keys 'Documents collected and validated centrally' sent to object: 'Object Repository/PartyOnboarding/Personal/PartyRequiredDocument/ddl_DocumentsCollectionStatus'&#xD;
&#xD;
2019-08-21 20:47:14 - [MESSAGE][PASSED] - Delayed 1 second(s)&#xD;
&#xD;
2019-08-21 20:47:14 - [MESSAGE][PASSED] - Object 'Object Repository/PartyOnboarding/Personal/PartyRequiredDocument/New Row' is visible&#xD;
&#xD;
2019-08-21 20:47:14 - [MESSAGE][PASSED] - Execute JavaScript 'arguments[0].click();' successfully&#xD;
&#xD;
2019-08-21 20:47:14 - [MESSAGE][PASSED] - Object 'Object Repository/PartyOnboarding/Personal/PartyRequiredDocument/DocumentCategory' is visible&#xD;
&#xD;
2019-08-21 20:47:15 - [MESSAGE][PASSED] - Keys 'TAB + PT-AUTHORIZED MYCO USER' sent to object: 'Object Repository/PartyOnboarding/Personal/PartyRequiredDocument/DocumentCategory'&#xD;
&#xD;
2019-08-21 20:47:16 - [MESSAGE][PASSED] - Delayed 1 second(s)&#xD;
&#xD;
2019-08-21 20:47:16 - [MESSAGE][PASSED] - Object 'Object Repository/PartyOnboarding/Personal/PartyRequiredDocument/Document Type' is visible&#xD;
&#xD;
2019-08-21 20:47:17 - [MESSAGE][PASSED] - Keys 'TAB + AUTHORIZED MYCO USER' sent to object: 'Object Repository/PartyOnboarding/Personal/PartyRequiredDocument/Document Type'&#xD;
&#xD;
2019-08-21 20:47:18 - [MESSAGE][PASSED] - Delayed 1 second(s)&#xD;
&#xD;
2019-08-21 20:47:18 - [MESSAGE][PASSED] - Object 'Object Repository/PartyOnboarding/Personal/PartyRequiredDocument/Issuing Country' is visible&#xD;
&#xD;
2019-08-21 20:47:18 - [MESSAGE][PASSED] - Keys 'Myanmar' sent to object: 'Object Repository/PartyOnboarding/Personal/PartyRequiredDocument/Issuing Country'&#xD;
&#xD;
2019-08-21 20:47:19 - [MESSAGE][PASSED] - Delayed 1 second(s)&#xD;
&#xD;
2019-08-21 20:47:19 - [MESSAGE][PASSED] - Object 'Object Repository/PartyOnboarding/Personal/PartyRequiredDocument/Document Verified' is visible&#xD;
&#xD;
2019-08-21 20:47:20 - [MESSAGE][PASSED] - Keys 'TAB + TRUE' sent to object: 'Object Repository/PartyOnboarding/Personal/PartyRequiredDocument/Document Verified'&#xD;
&#xD;
2019-08-21 20:47:20 - [MESSAGE][PASSED] - Object 'Object Repository/PartyOnboarding/Personal/PartyRequiredDocument/Save Row' is visible&#xD;
&#xD;
2019-08-21 20:47:20 - [MESSAGE][PASSED] - Execute JavaScript 'arguments[0].click();' successfully&#xD;
&#xD;
2019-08-21 20:47:20 - [MESSAGE][PASSED] - Object 'Object Repository/PartyOnboarding/Personal/PartyRequiredDocument/New Row' is visible&#xD;
&#xD;
2019-08-21 20:47:20 - [MESSAGE][PASSED] - Execute JavaScript 'arguments[0].click();' successfully&#xD;
&#xD;
2019-08-21 20:47:20 - [MESSAGE][PASSED] - Object 'Object Repository/PartyOnboarding/Personal/PartyRequiredDocument/DocumentCategory' is visible&#xD;
&#xD;
2019-08-21 20:47:21 - [MESSAGE][PASSED] - Keys 'TAB + PT-BOARD OF DIRECTORS RESOLUTION' sent to object: 'Object Repository/PartyOnboarding/Personal/PartyRequiredDocument/DocumentCategory'&#xD;
&#xD;
2019-08-21 20:47:22 - [MESSAGE][PASSED] - Delayed 1 second(s)&#xD;
&#xD;
2019-08-21 20:47:22 - [MESSAGE][PASSED] - Object 'Object Repository/PartyOnboarding/Personal/PartyRequiredDocument/Document Type' is visible&#xD;
&#xD;
2019-08-21 20:47:23 - [MESSAGE][PASSED] - Keys 'TAB + BOARD OF DIRECTORS RESOLUTION' sent to object: 'Object Repository/PartyOnboarding/Personal/PartyRequiredDocument/Document Type'&#xD;
&#xD;
2019-08-21 20:47:24 - [MESSAGE][PASSED] - Delayed 1 second(s)&#xD;
&#xD;
2019-08-21 20:47:24 - [MESSAGE][PASSED] - Object 'Object Repository/PartyOnboarding/Personal/PartyRequiredDocument/Issuing Country' is visible&#xD;
&#xD;
2019-08-21 20:47:25 - [MESSAGE][PASSED] - Keys 'Myanmar' sent to object: 'Object Repository/PartyOnboarding/Personal/PartyRequiredDocument/Issuing Country'&#xD;
&#xD;
2019-08-21 20:47:26 - [MESSAGE][PASSED] - Delayed 1 second(s)&#xD;
&#xD;
2019-08-21 20:47:26 - [MESSAGE][PASSED] - Object 'Object Repository/PartyOnboarding/Personal/PartyRequiredDocument/Document Verified' is visible&#xD;
&#xD;
2019-08-21 20:47:26 - [MESSAGE][PASSED] - Keys 'TAB + TRUE' sent to object: 'Object Repository/PartyOnboarding/Personal/PartyRequiredDocument/Document Verified'&#xD;
&#xD;
2019-08-21 20:47:26 - [MESSAGE][PASSED] - Object 'Object Repository/PartyOnboarding/Personal/PartyRequiredDocument/Save Row' is visible&#xD;
&#xD;
2019-08-21 20:47:26 - [MESSAGE][PASSED] - Execute JavaScript 'arguments[0].click();' successfully&#xD;
&#xD;
2019-08-21 20:47:26 - [MESSAGE][PASSED] - Object 'Object Repository/PartyOnboarding/Personal/PartyRequiredDocument/New Row' is visible&#xD;
&#xD;
2019-08-21 20:47:26 - [MESSAGE][PASSED] - Execute JavaScript 'arguments[0].click();' successfully&#xD;
&#xD;
2019-08-21 20:47:26 - [MESSAGE][PASSED] - Object 'Object Repository/PartyOnboarding/Personal/PartyRequiredDocument/DocumentCategory' is visible&#xD;
&#xD;
2019-08-21 20:47:28 - [MESSAGE][PASSED] - Keys 'TAB + PT-CERTIFICATE OF INCORPORATION' sent to object: 'Object Repository/PartyOnboarding/Personal/PartyRequiredDocument/DocumentCategory'&#xD;
&#xD;
2019-08-21 20:47:29 - [MESSAGE][PASSED] - Delayed 1 second(s)&#xD;
&#xD;
2019-08-21 20:47:29 - [MESSAGE][PASSED] - Object 'Object Repository/PartyOnboarding/Personal/PartyRequiredDocument/Document Type' is visible&#xD;
&#xD;
2019-08-21 20:47:30 - [MESSAGE][PASSED] - Keys 'TAB + CERTIFICATE OF INCORPORATION' sent to object: 'Object Repository/PartyOnboarding/Personal/PartyRequiredDocument/Document Type'&#xD;
&#xD;
2019-08-21 20:47:31 - [MESSAGE][PASSED] - Delayed 1 second(s)&#xD;
&#xD;
2019-08-21 20:47:31 - [MESSAGE][PASSED] - Object 'Object Repository/PartyOnboarding/Personal/PartyRequiredDocument/Issuing Country' is visible&#xD;
&#xD;
2019-08-21 20:47:31 - [MESSAGE][PASSED] - Keys 'Myanmar' sent to object: 'Object Repository/PartyOnboarding/Personal/PartyRequiredDocument/Issuing Country'&#xD;
&#xD;
2019-08-21 20:47:32 - [MESSAGE][PASSED] - Delayed 1 second(s)&#xD;
&#xD;
2019-08-21 20:47:32 - [MESSAGE][PASSED] - Object 'Object Repository/PartyOnboarding/Personal/PartyRequiredDocument/Document Verified' is visible&#xD;
&#xD;
2019-08-21 20:47:32 - [MESSAGE][PASSED] - Keys 'TAB + TRUE' sent to object: 'Object Repository/PartyOnboarding/Personal/PartyRequiredDocument/Document Verified'&#xD;
&#xD;
2019-08-21 20:47:32 - [MESSAGE][PASSED] - Object 'Object Repository/PartyOnboarding/Personal/PartyRequiredDocument/Save Row' is visible&#xD;
&#xD;
2019-08-21 20:47:33 - [MESSAGE][PASSED] - Execute JavaScript 'arguments[0].click();' successfully&#xD;
&#xD;
2019-08-21 20:47:33 - [MESSAGE][PASSED] - Object 'Object Repository/PartyOnboarding/Personal/PartyRequiredDocument/New Row' is visible&#xD;
&#xD;
2019-08-21 20:47:33 - [MESSAGE][PASSED] - Execute JavaScript 'arguments[0].click();' successfully&#xD;
&#xD;
2019-08-21 20:47:33 - [MESSAGE][PASSED] - Object 'Object Repository/PartyOnboarding/Personal/PartyRequiredDocument/DocumentCategory' is visible&#xD;
&#xD;
2019-08-21 20:47:33 - [MESSAGE][PASSED] - Keys 'TAB + PT-FILING HISTORY' sent to object: 'Object Repository/PartyOnboarding/Personal/PartyRequiredDocument/DocumentCategory'&#xD;
&#xD;
2019-08-21 20:47:34 - [MESSAGE][PASSED] - Delayed 1 second(s)&#xD;
&#xD;
2019-08-21 20:47:34 - [MESSAGE][PASSED] - Object 'Object Repository/PartyOnboarding/Personal/PartyRequiredDocument/Document Type' is visible&#xD;
&#xD;
2019-08-21 20:47:35 - [MESSAGE][PASSED] - Keys 'TAB + FILING HISTORY' sent to object: 'Object Repository/PartyOnboarding/Personal/PartyRequiredDocument/Document Type'&#xD;
&#xD;
2019-08-21 20:47:36 - [MESSAGE][PASSED] - Delayed 1 second(s)&#xD;
&#xD;
2019-08-21 20:47:36 - [MESSAGE][PASSED] - Object 'Object Repository/PartyOnboarding/Personal/PartyRequiredDocument/Issuing Country' is visible&#xD;
&#xD;
2019-08-21 20:47:37 - [MESSAGE][PASSED] - Keys 'Myanmar' sent to object: 'Object Repository/PartyOnboarding/Personal/PartyRequiredDocument/Issuing Country'&#xD;
&#xD;
2019-08-21 20:47:38 - [MESSAGE][PASSED] - Delayed 1 second(s)&#xD;
&#xD;
2019-08-21 20:47:38 - [MESSAGE][PASSED] - Object 'Object Repository/PartyOnboarding/Personal/PartyRequiredDocument/Document Verified' is visible&#xD;
&#xD;
2019-08-21 20:47:38 - [MESSAGE][PASSED] - Keys 'TAB + TRUE' sent to object: 'Object Repository/PartyOnboarding/Personal/PartyRequiredDocument/Document Verified'&#xD;
&#xD;
2019-08-21 20:47:38 - [MESSAGE][PASSED] - Object 'Object Repository/PartyOnboarding/Personal/PartyRequiredDocument/Save Row' is visible&#xD;
&#xD;
2019-08-21 20:47:38 - [MESSAGE][PASSED] - Execute JavaScript 'arguments[0].click();' successfully&#xD;
&#xD;
2019-08-21 20:47:38 - [MESSAGE][PASSED] - Object 'Object Repository/PartyOnboarding/Personal/PartyRequiredDocument/New Row' is visible&#xD;
&#xD;
2019-08-21 20:47:38 - [MESSAGE][PASSED] - Execute JavaScript 'arguments[0].click();' successfully&#xD;
&#xD;
2019-08-21 20:47:38 - [MESSAGE][PASSED] - Object 'Object Repository/PartyOnboarding/Personal/PartyRequiredDocument/DocumentCategory' is visible&#xD;
&#xD;
2019-08-21 20:47:39 - [MESSAGE][PASSED] - Keys 'TAB + PT-FORM QA 22(FOREIGNER)' sent to object: 'Object Repository/PartyOnboarding/Personal/PartyRequiredDocument/DocumentCategory'&#xD;
&#xD;
2019-08-21 20:47:40 - [MESSAGE][PASSED] - Delayed 1 second(s)&#xD;
&#xD;
2019-08-21 20:47:40 - [MESSAGE][PASSED] - Object 'Object Repository/PartyOnboarding/Personal/PartyRequiredDocument/Document Type' is visible&#xD;
&#xD;
2019-08-21 20:47:41 - [MESSAGE][PASSED] - Keys 'TAB + FORM QA 22(FOREIGNER)' sent to object: 'Object Repository/PartyOnboarding/Personal/PartyRequiredDocument/Document Type'&#xD;
&#xD;
2019-08-21 20:47:42 - [MESSAGE][PASSED] - Delayed 1 second(s)&#xD;
&#xD;
2019-08-21 20:47:42 - [MESSAGE][PASSED] - Object 'Object Repository/PartyOnboarding/Personal/PartyRequiredDocument/Issuing Country' is visible&#xD;
&#xD;
2019-08-21 20:47:42 - [MESSAGE][PASSED] - Keys 'Myanmar' sent to object: 'Object Repository/PartyOnboarding/Personal/PartyRequiredDocument/Issuing Country'&#xD;
&#xD;
2019-08-21 20:47:43 - [MESSAGE][PASSED] - Delayed 1 second(s)&#xD;
&#xD;
2019-08-21 20:47:43 - [MESSAGE][PASSED] - Object 'Object Repository/PartyOnboarding/Personal/PartyRequiredDocument/Document Verified' is visible&#xD;
&#xD;
2019-08-21 20:47:44 - [MESSAGE][PASSED] - Keys 'TAB + TRUE' sent to object: 'Object Repository/PartyOnboarding/Personal/PartyRequiredDocument/Document Verified'&#xD;
&#xD;
2019-08-21 20:47:44 - [MESSAGE][PASSED] - Object 'Object Repository/PartyOnboarding/Personal/PartyRequiredDocument/Save Row' is visible&#xD;
&#xD;
2019-08-21 20:47:44 - [MESSAGE][PASSED] - Execute JavaScript 'arguments[0].click();' successfully&#xD;
&#xD;
2019-08-21 20:47:44 - [MESSAGE][PASSED] - Object 'Object Repository/PartyOnboarding/Personal/PartyRequiredDocument/New Row' is visible&#xD;
&#xD;
2019-08-21 20:47:44 - [MESSAGE][PASSED] - Execute JavaScript 'arguments[0].click();' successfully&#xD;
&#xD;
2019-08-21 20:47:44 - [MESSAGE][PASSED] - Object 'Object Repository/PartyOnboarding/Personal/PartyRequiredDocument/DocumentCategory' is visible&#xD;
&#xD;
2019-08-21 20:47:45 - [MESSAGE][PASSED] - Keys 'TAB + PT-LIST OF DIRECTORS AND MEMBER DETAILS' sent to object: 'Object Repository/PartyOnboarding/Personal/PartyRequiredDocument/DocumentCategory'&#xD;
&#xD;
2019-08-21 20:47:46 - [MESSAGE][PASSED] - Delayed 1 second(s)&#xD;
&#xD;
2019-08-21 20:47:47 - [MESSAGE][PASSED] - Object 'Object Repository/PartyOnboarding/Personal/PartyRequiredDocument/Document Type' is visible&#xD;
&#xD;
2019-08-21 20:47:48 - [MESSAGE][PASSED] - Keys 'TAB + LIST OF DIRECTORS AND MEMBER DETAILS' sent to object: 'Object Repository/PartyOnboarding/Personal/PartyRequiredDocument/Document Type'&#xD;
&#xD;
2019-08-21 20:47:49 - [MESSAGE][PASSED] - Delayed 1 second(s)&#xD;
&#xD;
2019-08-21 20:47:49 - [MESSAGE][PASSED] - Object 'Object Repository/PartyOnboarding/Personal/PartyRequiredDocument/Issuing Country' is visible&#xD;
&#xD;
2019-08-21 20:47:49 - [MESSAGE][PASSED] - Keys 'Myanmar' sent to object: 'Object Repository/PartyOnboarding/Personal/PartyRequiredDocument/Issuing Country'&#xD;
&#xD;
2019-08-21 20:47:50 - [MESSAGE][PASSED] - Delayed 1 second(s)&#xD;
&#xD;
2019-08-21 20:47:50 - [MESSAGE][PASSED] - Object 'Object Repository/PartyOnboarding/Personal/PartyRequiredDocument/Document Verified' is visible&#xD;
&#xD;
2019-08-21 20:47:51 - [MESSAGE][PASSED] - Keys 'TAB + TRUE' sent to object: 'Object Repository/PartyOnboarding/Personal/PartyRequiredDocument/Document Verified'&#xD;
&#xD;
2019-08-21 20:47:51 - [MESSAGE][PASSED] - Object 'Object Repository/PartyOnboarding/Personal/PartyRequiredDocument/Save Row' is visible&#xD;
&#xD;
2019-08-21 20:47:51 - [MESSAGE][PASSED] - Execute JavaScript 'arguments[0].click();' successfully&#xD;
&#xD;
2019-08-21 20:47:51 - [MESSAGE][PASSED] - Object 'Object Repository/PartyOnboarding/Personal/PartyRequiredDocument/New Row' is visible&#xD;
&#xD;
2019-08-21 20:47:51 - [MESSAGE][PASSED] - Execute JavaScript 'arguments[0].click();' successfully&#xD;
&#xD;
2019-08-21 20:47:51 - [MESSAGE][PASSED] - Object 'Object Repository/PartyOnboarding/Personal/PartyRequiredDocument/DocumentCategory' is visible&#xD;
&#xD;
2019-08-21 20:47:53 - [MESSAGE][PASSED] - Keys 'TAB + PT-LIST OF SHAREHOLDERS AND MEMBER DETAILS' sent to object: 'Object Repository/PartyOnboarding/Personal/PartyRequiredDocument/DocumentCategory'&#xD;
&#xD;
2019-08-21 20:47:54 - [MESSAGE][PASSED] - Delayed 1 second(s)&#xD;
&#xD;
2019-08-21 20:47:54 - [MESSAGE][PASSED] - Object 'Object Repository/PartyOnboarding/Personal/PartyRequiredDocument/Document Type' is visible&#xD;
&#xD;
2019-08-21 20:47:55 - [MESSAGE][PASSED] - Keys 'TAB + LIST OF SHAREHOLDERS AND MEMBER DETAILS' sent to object: 'Object Repository/PartyOnboarding/Personal/PartyRequiredDocument/Document Type'&#xD;
&#xD;
2019-08-21 20:47:56 - [MESSAGE][PASSED] - Delayed 1 second(s)&#xD;
&#xD;
2019-08-21 20:47:56 - [MESSAGE][PASSED] - Object 'Object Repository/PartyOnboarding/Personal/PartyRequiredDocument/Issuing Country' is visible&#xD;
&#xD;
2019-08-21 20:47:57 - [MESSAGE][PASSED] - Keys 'Myanmar' sent to object: 'Object Repository/PartyOnboarding/Personal/PartyRequiredDocument/Issuing Country'&#xD;
&#xD;
2019-08-21 20:47:58 - [MESSAGE][PASSED] - Delayed 1 second(s)&#xD;
&#xD;
2019-08-21 20:47:58 - [MESSAGE][PASSED] - Object 'Object Repository/PartyOnboarding/Personal/PartyRequiredDocument/Document Verified' is visible&#xD;
&#xD;
2019-08-21 20:47:58 - [MESSAGE][PASSED] - Keys 'TAB + TRUE' sent to object: 'Object Repository/PartyOnboarding/Personal/PartyRequiredDocument/Document Verified'&#xD;
&#xD;
2019-08-21 20:47:58 - [MESSAGE][PASSED] - Object 'Object Repository/PartyOnboarding/Personal/PartyRequiredDocument/Save Row' is visible&#xD;
&#xD;
2019-08-21 20:47:58 - [MESSAGE][PASSED] - Execute JavaScript 'arguments[0].click();' successfully&#xD;
&#xD;
2019-08-21 20:47:58 - [MESSAGE][PASSED] - Object 'Object Repository/PartyOnboarding/Personal/PartyRequiredDocument/New Row' is visible&#xD;
&#xD;
2019-08-21 20:47:58 - [MESSAGE][PASSED] - Execute JavaScript 'arguments[0].click();' successfully&#xD;
&#xD;
2019-08-21 20:47:58 - [MESSAGE][PASSED] - Object 'Object Repository/PartyOnboarding/Personal/PartyRequiredDocument/DocumentCategory' is visible&#xD;
&#xD;
2019-08-21 20:48:00 - [MESSAGE][PASSED] - Keys 'TAB + PT-NRC/PASSPORT COPY OF AUTHORIZED SIGNATORY' sent to object: 'Object Repository/PartyOnboarding/Personal/PartyRequiredDocument/DocumentCategory'&#xD;
&#xD;
2019-08-21 20:48:01 - [MESSAGE][PASSED] - Delayed 1 second(s)&#xD;
&#xD;
2019-08-21 20:48:01 - [MESSAGE][PASSED] - Object 'Object Repository/PartyOnboarding/Personal/PartyRequiredDocument/Document Type' is visible&#xD;
&#xD;
2019-08-21 20:48:03 - [MESSAGE][PASSED] - Keys 'TAB + NRC/PASSPORT COPY OF AUTHORIZED SIGNATORY' sent to object: 'Object Repository/PartyOnboarding/Personal/PartyRequiredDocument/Document Type'&#xD;
&#xD;
2019-08-21 20:48:04 - [MESSAGE][PASSED] - Delayed 1 second(s)&#xD;
&#xD;
2019-08-21 20:48:04 - [MESSAGE][PASSED] - Object 'Object Repository/PartyOnboarding/Personal/PartyRequiredDocument/Issuing Country' is visible&#xD;
&#xD;
2019-08-21 20:48:04 - [MESSAGE][PASSED] - Keys 'Myanmar' sent to object: 'Object Repository/PartyOnboarding/Personal/PartyRequiredDocument/Issuing Country'&#xD;
&#xD;
2019-08-21 20:48:05 - [MESSAGE][PASSED] - Delayed 1 second(s)&#xD;
&#xD;
2019-08-21 20:48:05 - [MESSAGE][PASSED] - Object 'Object Repository/PartyOnboarding/Personal/PartyRequiredDocument/Document Verified' is visible&#xD;
&#xD;
2019-08-21 20:48:05 - [MESSAGE][PASSED] - Keys 'TAB + TRUE' sent to object: 'Object Repository/PartyOnboarding/Personal/PartyRequiredDocument/Document Verified'&#xD;
&#xD;
2019-08-21 20:48:05 - [MESSAGE][PASSED] - Object 'Object Repository/PartyOnboarding/Personal/PartyRequiredDocument/Save Row' is visible&#xD;
&#xD;
2019-08-21 20:48:06 - [MESSAGE][PASSED] - Execute JavaScript 'arguments[0].click();' successfully&#xD;
&#xD;
2019-08-21 20:48:06 - [MESSAGE][PASSED] - Object 'Object Repository/PartyOnboarding/Personal/PartyRequiredDocument/New Row' is visible&#xD;
&#xD;
2019-08-21 20:48:06 - [MESSAGE][PASSED] - Execute JavaScript 'arguments[0].click();' successfully&#xD;
&#xD;
2019-08-21 20:48:06 - [MESSAGE][PASSED] - Object 'Object Repository/PartyOnboarding/Personal/PartyRequiredDocument/DocumentCategory' is visible&#xD;
&#xD;
2019-08-21 20:48:07 - [MESSAGE][PASSED] - Keys 'TAB + PT-NRC/PASSPORT COPY OF SHAREHOLDERS' sent to object: 'Object Repository/PartyOnboarding/Personal/PartyRequiredDocument/DocumentCategory'&#xD;
&#xD;
2019-08-21 20:48:08 - [MESSAGE][PASSED] - Delayed 1 second(s)&#xD;
&#xD;
2019-08-21 20:48:08 - [MESSAGE][PASSED] - Object 'Object Repository/PartyOnboarding/Personal/PartyRequiredDocument/Document Type' is visible&#xD;
&#xD;
2019-08-21 20:48:10 - [MESSAGE][PASSED] - Keys 'TAB + NRC/PASSPORT COPY OF SHAREHOLDERS' sent to object: 'Object Repository/PartyOnboarding/Personal/PartyRequiredDocument/Document Type'&#xD;
&#xD;
2019-08-21 20:48:11 - [MESSAGE][PASSED] - Delayed 1 second(s)&#xD;
&#xD;
2019-08-21 20:48:11 - [MESSAGE][PASSED] - Object 'Object Repository/PartyOnboarding/Personal/PartyRequiredDocument/Issuing Country' is visible&#xD;
&#xD;
2019-08-21 20:48:11 - [MESSAGE][PASSED] - Keys 'Myanmar' sent to object: 'Object Repository/PartyOnboarding/Personal/PartyRequiredDocument/Issuing Country'&#xD;
&#xD;
2019-08-21 20:48:12 - [MESSAGE][PASSED] - Delayed 1 second(s)&#xD;
&#xD;
2019-08-21 20:48:12 - [MESSAGE][PASSED] - Object 'Object Repository/PartyOnboarding/Personal/PartyRequiredDocument/Document Verified' is visible&#xD;
&#xD;
2019-08-21 20:48:12 - [MESSAGE][PASSED] - Keys 'TAB + TRUE' sent to object: 'Object Repository/PartyOnboarding/Personal/PartyRequiredDocument/Document Verified'&#xD;
&#xD;
2019-08-21 20:48:13 - [MESSAGE][PASSED] - Object 'Object Repository/PartyOnboarding/Personal/PartyRequiredDocument/Save Row' is visible&#xD;
&#xD;
2019-08-21 20:48:13 - [MESSAGE][PASSED] - Execute JavaScript 'arguments[0].click();' successfully&#xD;
&#xD;
2019-08-21 20:48:13 - [MESSAGE][PASSED] - Object 'Object Repository/PartyOnboarding/Personal/PartyRequiredDocument/New Row' is visible&#xD;
&#xD;
2019-08-21 20:48:13 - [MESSAGE][PASSED] - Execute JavaScript 'arguments[0].click();' successfully&#xD;
&#xD;
2019-08-21 20:48:13 - [MESSAGE][PASSED] - Object 'Object Repository/PartyOnboarding/Personal/PartyRequiredDocument/DocumentCategory' is visible&#xD;
&#xD;
2019-08-21 20:48:14 - [MESSAGE][PASSED] - Keys 'TAB + PT-REGISTERED COMPANY ADDRESS' sent to object: 'Object Repository/PartyOnboarding/Personal/PartyRequiredDocument/DocumentCategory'&#xD;
&#xD;
2019-08-21 20:48:15 - [MESSAGE][PASSED] - Delayed 1 second(s)&#xD;
&#xD;
2019-08-21 20:48:15 - [MESSAGE][PASSED] - Object 'Object Repository/PartyOnboarding/Personal/PartyRequiredDocument/Document Type' is visible&#xD;
&#xD;
2019-08-21 20:48:16 - [MESSAGE][PASSED] - Keys 'TAB + REGISTERED COMPANY ADDRESS' sent to object: 'Object Repository/PartyOnboarding/Personal/PartyRequiredDocument/Document Type'&#xD;
&#xD;
2019-08-21 20:48:17 - [MESSAGE][PASSED] - Delayed 1 second(s)&#xD;
&#xD;
2019-08-21 20:48:17 - [MESSAGE][PASSED] - Object 'Object Repository/PartyOnboarding/Personal/PartyRequiredDocument/Issuing Country' is visible&#xD;
&#xD;
2019-08-21 20:48:17 - [MESSAGE][PASSED] - Keys 'Myanmar' sent to object: 'Object Repository/PartyOnboarding/Personal/PartyRequiredDocument/Issuing Country'&#xD;
&#xD;
2019-08-21 20:48:18 - [MESSAGE][PASSED] - Delayed 1 second(s)&#xD;
&#xD;
2019-08-21 20:48:18 - [MESSAGE][PASSED] - Object 'Object Repository/PartyOnboarding/Personal/PartyRequiredDocument/Document Verified' is visible&#xD;
&#xD;
2019-08-21 20:48:19 - [MESSAGE][PASSED] - Keys 'TAB + TRUE' sent to object: 'Object Repository/PartyOnboarding/Personal/PartyRequiredDocument/Document Verified'&#xD;
&#xD;
2019-08-21 20:48:19 - [MESSAGE][PASSED] - Object 'Object Repository/PartyOnboarding/Personal/PartyRequiredDocument/Save Row' is visible&#xD;
&#xD;
2019-08-21 20:48:19 - [MESSAGE][PASSED] - Execute JavaScript 'arguments[0].click();' successfully&#xD;
&#xD;
2019-08-21 20:48:19 - [MESSAGE][PASSED] - Object 'Object Repository/PartyOnboarding/Personal/PartyRequiredDocument/New Row' is visible&#xD;
&#xD;
2019-08-21 20:48:19 - [MESSAGE][PASSED] - Execute JavaScript 'arguments[0].click();' successfully&#xD;
&#xD;
2019-08-21 20:48:19 - [MESSAGE][PASSED] - Object 'Object Repository/PartyOnboarding/Personal/PartyRequiredDocument/DocumentCategory' is visible&#xD;
&#xD;
2019-08-21 20:48:21 - [MESSAGE][PASSED] - Keys 'TAB + PT-VALID VISA COPY OF AUTH. SIGNATORY(FOREIGNER)' sent to object: 'Object Repository/PartyOnboarding/Personal/PartyRequiredDocument/DocumentCategory'&#xD;
&#xD;
2019-08-21 20:48:22 - [MESSAGE][PASSED] - Delayed 1 second(s)&#xD;
&#xD;
2019-08-21 20:48:22 - [MESSAGE][PASSED] - Object 'Object Repository/PartyOnboarding/Personal/PartyRequiredDocument/Document Type' is visible&#xD;
&#xD;
2019-08-21 20:48:24 - [MESSAGE][PASSED] - Keys 'TAB + VALID VISA COPY OF AUTH. SIGNATORY(FOREIGNER)' sent to object: 'Object Repository/PartyOnboarding/Personal/PartyRequiredDocument/Document Type'&#xD;
&#xD;
2019-08-21 20:48:25 - [MESSAGE][PASSED] - Delayed 1 second(s)&#xD;
&#xD;
2019-08-21 20:48:25 - [MESSAGE][PASSED] - Object 'Object Repository/PartyOnboarding/Personal/PartyRequiredDocument/Issuing Country' is visible&#xD;
&#xD;
2019-08-21 20:48:25 - [MESSAGE][PASSED] - Keys 'Myanmar' sent to object: 'Object Repository/PartyOnboarding/Personal/PartyRequiredDocument/Issuing Country'&#xD;
&#xD;
2019-08-21 20:48:26 - [MESSAGE][PASSED] - Delayed 1 second(s)&#xD;
&#xD;
2019-08-21 20:48:26 - [MESSAGE][PASSED] - Object 'Object Repository/PartyOnboarding/Personal/PartyRequiredDocument/Document Verified' is visible&#xD;
&#xD;
2019-08-21 20:48:27 - [MESSAGE][PASSED] - Keys 'TAB + TRUE' sent to object: 'Object Repository/PartyOnboarding/Personal/PartyRequiredDocument/Document Verified'&#xD;
&#xD;
2019-08-21 20:48:27 - [MESSAGE][PASSED] - Object 'Object Repository/PartyOnboarding/Personal/PartyRequiredDocument/Save Row' is visible&#xD;
&#xD;
2019-08-21 20:48:27 - [MESSAGE][PASSED] - Execute JavaScript 'arguments[0].click();' successfully&#xD;
&#xD;
2019-08-21 20:48:27 - [MESSAGE][PASSED] - Object 'Object Repository/PartyOnboarding/Personal/PartyRequiredDocument/ddl_DocumentsCollectionStatus' is visible&#xD;
&#xD;
2019-08-21 20:48:28 - [MESSAGE][PASSED] - Keys 'Documents collected and validated centrally' sent to object: 'Object Repository/PartyOnboarding/Personal/PartyRequiredDocument/ddl_DocumentsCollectionStatus'&#xD;
&#xD;
2019-08-21 20:48:28 - [TEST_STEP][PASSED] - partyOnboardingEnterprise.clickNextbutton(): Object: 'Object Repository/PartyOnboarding/btn_Next' is clicked on&#xD;
&#xD;
2019-08-21 20:48:28 - [MESSAGE][PASSED] - Object 'Object Repository/PartyOnboarding/btn_Next' is visible&#xD;
&#xD;
2019-08-21 20:48:29 - [MESSAGE][PASSED] - Object: 'Object Repository/PartyOnboarding/btn_Next' is clicked on&#xD;
&#xD;
2019-08-21 20:48:29 - [TEST_STEP][PASSED] - delay(1): Delayed 1 second(s)&#xD;
&#xD;
2019-08-21 20:48:30 - [MESSAGE][PASSED] - Delayed 1 second(s)&#xD;
&#xD;
2019-08-21 20:48:30 - [TEST_STEP][PASSED] - log.logInfo("--- " + " Click Next button ---"): ---  Click Next button ---&#xD;
&#xD;
2019-08-21 20:48:30 - [MESSAGE][INFO] - ---  Click Next button ---&#xD;
&#xD;
2019-08-21 20:48:30 - [TEST_STEP][PASSED] - partyOnboardingEnterprise.clickNextbutton(): Object: 'Object Repository/PartyOnboarding/btn_Next' is clicked on&#xD;
&#xD;
2019-08-21 20:48:30 - [MESSAGE][PASSED] - Object 'Object Repository/PartyOnboarding/btn_Next' is visible&#xD;
&#xD;
2019-08-21 20:48:30 - [MESSAGE][PASSED] - Object: 'Object Repository/PartyOnboarding/btn_Next' is clicked on&#xD;
&#xD;
2019-08-21 20:48:30 - [TEST_STEP][PASSED] - log.logInfo("--- " + " Click Next button ---"): ---  Click Next button ---&#xD;
&#xD;
2019-08-21 20:48:30 - [MESSAGE][INFO] - ---  Click Next button ---&#xD;
&#xD;
2019-08-21 20:48:30 - [TEST_STEP][PASSED] - delay(1): Delayed 1 second(s)&#xD;
&#xD;
2019-08-21 20:48:31 - [MESSAGE][PASSED] - Delayed 1 second(s)&#xD;
&#xD;
2019-08-21 20:48:31 - [TEST_STEP][PASSED] - partyOnboardingEnterprise.clickNextbutton(): Object: 'Object Repository/PartyOnboarding/btn_Next' is clicked on&#xD;
&#xD;
2019-08-21 20:48:31 - [MESSAGE][PASSED] - Object 'Object Repository/PartyOnboarding/btn_Next' is visible&#xD;
&#xD;
2019-08-21 20:48:31 - [MESSAGE][PASSED] - Object: 'Object Repository/PartyOnboarding/btn_Next' is clicked on&#xD;
&#xD;
2019-08-21 20:48:31 - [TEST_STEP][PASSED] - log.logInfo("--- " + " Click Process on Warning box ---"): ---  Click Process on Warning box ---&#xD;
&#xD;
2019-08-21 20:48:31 - [MESSAGE][INFO] - ---  Click Process on Warning box ---&#xD;
&#xD;
2019-08-21 20:48:31 - [TEST_STEP][PASSED] - partyOnboardingEnterprise.clickAskForApprovalbutton(): Object: 'Object Repository/PartyOnboarding/RequestToApproval/AskForApproval_btn' is clicked on&#xD;
&#xD;
2019-08-21 20:48:31 - [MESSAGE][PASSED] - Object 'Object Repository/PartyOnboarding/RequestToApproval/AskForApproval_btn' is visible&#xD;
&#xD;
2019-08-21 20:48:31 - [MESSAGE][PASSED] - Object: 'Object Repository/PartyOnboarding/RequestToApproval/AskForApproval_btn' is clicked on</system-out>
            <system-err></system-err>
        </testcase>
        <testcase name="Test Cases/DataPreparation/PartyOnboardingPersonal" classname="Test Cases/DataPreparation/PartyOnboardingPersonal" status="PASSED">
            <system-out>2019-08-21 20:48:32 - [TEST_CASE][PASSED] - Test Cases/DataPreparation/PartyOnboardingPersonal: Test Cases/DataPreparation/PartyOnboardingPersonal&#xD;
&#xD;
2019-08-21 20:48:32 - [TEST_STEP][PASSED] - Start listener action : sampleBeforeTestCase: null&#xD;
&#xD;
2019-08-21 20:48:32 - [TEST_STEP][PASSED] - testCaseID = testCaseContext.getTestCaseId(): null&#xD;
&#xD;
2019-08-21 20:48:32 - [TEST_STEP][PASSED] - partyOnboardingPersonal = new pageObjects.PartyOnboarding(): null&#xD;
&#xD;
2019-08-21 20:48:32 - [TEST_STEP][PASSED] - abtractTest = new commons.AbtractTest(): null&#xD;
&#xD;
2019-08-21 20:48:32 - [TEST_STEP][PASSED] - excelFiles = new report.ExcelFiles(): null&#xD;
&#xD;
2019-08-21 20:48:32 - [TEST_STEP][PASSED] - log = new com.kms.katalon.core.util.KeywordUtil(): null&#xD;
&#xD;
2019-08-21 20:48:32 - [TEST_STEP][PASSED] - results = "": null&#xD;
&#xD;
2019-08-21 20:48:32 - [TEST_STEP][PASSED] - delay(3): Delayed 3 second(s)&#xD;
&#xD;
2019-08-21 20:48:35 - [MESSAGE][PASSED] - Delayed 3 second(s)&#xD;
&#xD;
2019-08-21 20:48:35 - [TEST_STEP][PASSED] - log.logInfo("--- Open Party Onboarding in Menu Search ---"): --- Open Party Onboarding in Menu Search ---&#xD;
&#xD;
2019-08-21 20:48:35 - [MESSAGE][INFO] - --- Open Party Onboarding in Menu Search ---&#xD;
&#xD;
2019-08-21 20:48:35 - [TEST_STEP][PASSED] - partyOnboardingPersonal.inputPartyOnboardingMenuSearch(): Object 'menuSearch_txt' is present&#xD;
&#xD;
2019-08-21 20:48:35 - [MESSAGE][PASSED] - Object 'Object Repository/Menu_Search' is visible&#xD;
&#xD;
2019-08-21 20:48:35 - [MESSAGE][PASSED] - Keys 'ENTER + Party Onboarding' sent to object: 'Object Repository/Menu_Search'&#xD;
&#xD;
2019-08-21 20:48:35 - [MESSAGE][PASSED] - Object 'menuSearch_txt' is present&#xD;
&#xD;
2019-08-21 20:48:35 - [TEST_STEP][PASSED] - log.logInfo("--- Input Local Global ---"): --- Input Local Global ---&#xD;
&#xD;
2019-08-21 20:48:35 - [MESSAGE][INFO] - --- Input Local Global ---&#xD;
&#xD;
2019-08-21 20:48:35 - [TEST_STEP][PASSED] - partyOnboardingPersonal.inputLocalGlobal(s05_localglobal): Keys 'Local Private' sent to object: 'Object Repository/PartyOnboarding/PartyOnboarding/Local Global'&#xD;
&#xD;
2019-08-21 20:48:36 - [MESSAGE][PASSED] - Text of object 'Object Repository/PartyOnboarding/PartyOnboarding/Local Global' is cleared&#xD;
&#xD;
2019-08-21 20:48:36 - [MESSAGE][PASSED] - Object 'Object Repository/PartyOnboarding/PartyOnboarding/Local Global' is visible&#xD;
&#xD;
2019-08-21 20:48:36 - [MESSAGE][PASSED] - Object 'Object Repository/PartyOnboarding/PartyOnboarding/Local Global' is visible&#xD;
&#xD;
2019-08-21 20:48:37 - [MESSAGE][PASSED] - Keys 'Local Private' sent to object: 'Object Repository/PartyOnboarding/PartyOnboarding/Local Global'&#xD;
&#xD;
2019-08-21 20:48:37 - [TEST_STEP][PASSED] - log.logInfo("--- Input Party Type ---"): --- Input Party Type ---&#xD;
&#xD;
2019-08-21 20:48:37 - [MESSAGE][INFO] - --- Input Party Type ---&#xD;
&#xD;
2019-08-21 20:48:37 - [TEST_STEP][PASSED] - partyOnboardingPersonal.inputPartyType(s05_partytype): Keys 'TAB + Personal' sent to object: 'Object Repository/PartyOnboarding/PartyOnboarding/Party Type'&#xD;
&#xD;
2019-08-21 20:48:37 - [MESSAGE][PASSED] - Object 'Object Repository/PartyOnboarding/PartyOnboarding/Party Type' is visible&#xD;
&#xD;
2019-08-21 20:48:37 - [MESSAGE][PASSED] - Keys 'TAB + Personal' sent to object: 'Object Repository/PartyOnboarding/PartyOnboarding/Party Type'&#xD;
&#xD;
2019-08-21 20:48:37 - [TEST_STEP][PASSED] - log.logInfo("--- Input Party Sub Type ---"): --- Input Party Sub Type ---&#xD;
&#xD;
2019-08-21 20:48:37 - [MESSAGE][INFO] - --- Input Party Sub Type ---&#xD;
&#xD;
2019-08-21 20:48:37 - [TEST_STEP][PASSED] - partyOnboardingPersonal.inputPartySubType(s05_partysubtype): Keys 'Individual' sent to object: 'Object Repository/PartyOnboarding/PartyOnboarding/Party Sub-Type'&#xD;
&#xD;
2019-08-21 20:48:38 - [MESSAGE][PASSED] - Delayed 1 second(s)&#xD;
&#xD;
2019-08-21 20:48:38 - [MESSAGE][PASSED] - Object 'Object Repository/PartyOnboarding/PartyOnboarding/Party Type' is visible&#xD;
&#xD;
2019-08-21 20:48:38 - [MESSAGE][PASSED] - Keys 'Individual' sent to object: 'Object Repository/PartyOnboarding/PartyOnboarding/Party Sub-Type'&#xD;
&#xD;
2019-08-21 20:48:38 - [TEST_STEP][PASSED] - log.logInfo("--- Input Party Category ---"): --- Input Party Category ---&#xD;
&#xD;
2019-08-21 20:48:38 - [MESSAGE][INFO] - --- Input Party Category ---&#xD;
&#xD;
2019-08-21 20:48:38 - [TEST_STEP][PASSED] - partyOnboardingPersonal.inputPartyCategory(s05_partycategory): Keys 'Full' sent to object: 'Object Repository/PartyOnboarding/PartyOnboarding/Party Category'&#xD;
&#xD;
2019-08-21 20:48:38 - [MESSAGE][PASSED] - Object 'Object Repository/PartyOnboarding/PartyOnboarding/Party Category' is visible&#xD;
&#xD;
2019-08-21 20:48:38 - [MESSAGE][PASSED] - Keys 'Full' sent to object: 'Object Repository/PartyOnboarding/PartyOnboarding/Party Category'&#xD;
&#xD;
2019-08-21 20:48:38 - [TEST_STEP][PASSED] - log.logInfo("--- Check Line of Business ---"): --- Check Line of Business ---&#xD;
&#xD;
2019-08-21 20:48:38 - [MESSAGE][INFO] - --- Check Line of Business ---&#xD;
&#xD;
2019-08-21 20:48:38 - [TEST_STEP][PASSED] - log.logInfo("--- Click Next to Party Check List  ---"): --- Click Next to Party Check List  ---&#xD;
&#xD;
2019-08-21 20:48:38 - [MESSAGE][INFO] - --- Click Next to Party Check List  ---&#xD;
&#xD;
2019-08-21 20:48:38 - [TEST_STEP][PASSED] - partyOnboardingPersonal.clickNextbutton(): Object: 'Object Repository/PartyOnboarding/btn_Next' is clicked on&#xD;
&#xD;
2019-08-21 20:48:38 - [MESSAGE][PASSED] - Object 'Object Repository/PartyOnboarding/btn_Next' is visible&#xD;
&#xD;
2019-08-21 20:48:39 - [MESSAGE][PASSED] - Object: 'Object Repository/PartyOnboarding/btn_Next' is clicked on&#xD;
&#xD;
2019-08-21 20:48:39 - [TEST_STEP][PASSED] - delay(1): Delayed 1 second(s)&#xD;
&#xD;
2019-08-21 20:48:40 - [MESSAGE][PASSED] - Delayed 1 second(s)&#xD;
&#xD;
2019-08-21 20:48:40 - [TEST_STEP][PASSED] - log.logInfo("--- Click Next to Party Pre-Existence Check  ---"): --- Click Next to Party Pre-Existence Check  ---&#xD;
&#xD;
2019-08-21 20:48:40 - [MESSAGE][INFO] - --- Click Next to Party Pre-Existence Check  ---&#xD;
&#xD;
2019-08-21 20:48:40 - [TEST_STEP][PASSED] - partyOnboardingPersonal.clickNextbutton(): Object: 'Object Repository/PartyOnboarding/btn_Next' is clicked on&#xD;
&#xD;
2019-08-21 20:48:40 - [MESSAGE][PASSED] - Object 'Object Repository/PartyOnboarding/btn_Next' is visible&#xD;
&#xD;
2019-08-21 20:48:40 - [MESSAGE][PASSED] - Object: 'Object Repository/PartyOnboarding/btn_Next' is clicked on&#xD;
&#xD;
2019-08-21 20:48:40 - [TEST_STEP][PASSED] - delay(1): Delayed 1 second(s)&#xD;
&#xD;
2019-08-21 20:48:41 - [MESSAGE][PASSED] - Delayed 1 second(s)&#xD;
&#xD;
2019-08-21 20:48:41 - [TEST_STEP][PASSED] - log.logInfo("--- Input data on Party Pre-Existence Check  ---"): --- Input data on Party Pre-Existence Check  ---&#xD;
&#xD;
2019-08-21 20:48:41 - [MESSAGE][INFO] - --- Input data on Party Pre-Existence Check  ---&#xD;
&#xD;
2019-08-21 20:48:41 - [TEST_STEP][PASSED] - partyOnboardingPersonal.inputPreExistenceCheck(s08_firstname, s08_dateofbirth, s08_nationalldType, s08_nationalldNo, s08_lastname, s08_strState, s08_district01, s08_district02, s08_district03, s08_strType, s08_strregstrationNo): Keys '237516' sent to object: 'Object Repository/PartyOnboarding/Personal/Pre-Existence Check/txt_NationalldNo'&#xD;
&#xD;
2019-08-21 20:48:41 - [MESSAGE][PASSED] - Object 'Object Repository/PartyOnboarding/Personal/Pre-Existence Check/txt_FirstName' is visible&#xD;
&#xD;
2019-08-21 20:48:41 - [MESSAGE][PASSED] - Keys 'ATO 0000001' sent to object: 'Object Repository/PartyOnboarding/Personal/Pre-Existence Check/txt_FirstName'&#xD;
&#xD;
2019-08-21 20:48:41 - [MESSAGE][PASSED] - Object 'Object Repository/PartyOnboarding/Personal/Pre-Existence Check/txt_LastName' is visible&#xD;
&#xD;
2019-08-21 20:48:41 - [MESSAGE][PASSED] - Keys 'Nguyen' sent to object: 'Object Repository/PartyOnboarding/Personal/Pre-Existence Check/txt_LastName'&#xD;
&#xD;
2019-08-21 20:48:41 - [MESSAGE][PASSED] - Object 'Object Repository/PartyOnboarding/Personal/Pre-Existence Check/txt_DateOfBirth' is visible&#xD;
&#xD;
2019-08-21 20:48:41 - [MESSAGE][PASSED] - Keys '12-17-1990' sent to object: 'Object Repository/PartyOnboarding/Personal/Pre-Existence Check/txt_DateOfBirth'&#xD;
&#xD;
2019-08-21 20:48:41 - [MESSAGE][PASSED] - Object 'Object Repository/PartyOnboarding/Personal/Pre-Existence Check/ddl_NationlldType' is visible&#xD;
&#xD;
2019-08-21 20:48:42 - [MESSAGE][PASSED] - Keys 'TAB + Birth Certificate Number' sent to object: 'Object Repository/PartyOnboarding/Personal/Pre-Existence Check/ddl_NationlldType'&#xD;
&#xD;
2019-08-21 20:48:42 - [MESSAGE][PASSED] - Object 'Object Repository/PartyOnboarding/Personal/Pre-Existence Check/txt_NationalldNo' is visible&#xD;
&#xD;
2019-08-21 20:48:42 - [MESSAGE][PASSED] - Keys '237516' sent to object: 'Object Repository/PartyOnboarding/Personal/Pre-Existence Check/txt_NationalldNo'&#xD;
&#xD;
2019-08-21 20:48:42 - [TEST_STEP][PASSED] - log.logInfo("--- Click Next button ---"): --- Click Next button ---&#xD;
&#xD;
2019-08-21 20:48:42 - [MESSAGE][INFO] - --- Click Next button ---&#xD;
&#xD;
2019-08-21 20:48:42 - [TEST_STEP][PASSED] - partyOnboardingPersonal.clickNextbutton(): Object: 'Object Repository/PartyOnboarding/btn_Next' is clicked on&#xD;
&#xD;
2019-08-21 20:48:42 - [MESSAGE][PASSED] - Object 'Object Repository/PartyOnboarding/btn_Next' is visible&#xD;
&#xD;
2019-08-21 20:48:42 - [MESSAGE][PASSED] - Object: 'Object Repository/PartyOnboarding/btn_Next' is clicked on&#xD;
&#xD;
2019-08-21 20:48:42 - [TEST_STEP][PASSED] - log.logInfo("--- Key in data all required fields on Personal Party - PartyId ---"): --- Key in data all required fields on Personal Party - PartyId ---&#xD;
&#xD;
2019-08-21 20:48:42 - [MESSAGE][INFO] - --- Key in data all required fields on Personal Party - PartyId ---&#xD;
&#xD;
2019-08-21 20:48:42 - [TEST_STEP][PASSED] - partyOnboardingPersonal.inputPartyId(): Web element with id: 'Object Repository/PartyOnboarding/Personal/PersonalParty/Message/pop_ErrorDuplicatePartyID' located by 'By.xpath: //textarea[@name='03messages']' not found&#xD;
&#xD;
2019-08-21 20:48:43 - [MESSAGE][PASSED] - Object 'Object Repository/PartyOnboarding/Personal/PersonalParty/txt_PartyID' is visible&#xD;
&#xD;
2019-08-21 20:48:43 - [MESSAGE][PASSED] - Object 'Object Repository/PartyOnboarding/Personal/PersonalParty/txt_PartyID' is visible&#xD;
&#xD;
2019-08-21 20:48:43 - [MESSAGE][PASSED] - Keys 'TAB + gnhNNbMC' sent to object: 'Object Repository/PartyOnboarding/Personal/PersonalParty/txt_PartyID'&#xD;
&#xD;
2019-08-21 20:49:14 - [MESSAGE][INFO] - Unable to find the element located by 'By.xpath: //textarea[@name='03messages']'. Please recheck the objects properties to make sure the desired element is located. &#xD;
&#xD;
2019-08-21 20:49:14 - [MESSAGE][WARNING] - Web element with id: 'Object Repository/PartyOnboarding/Personal/PersonalParty/Message/pop_ErrorDuplicatePartyID' located by 'By.xpath: //textarea[@name='03messages']' not found&#xD;
&#xD;
2019-08-21 20:49:14 - [TEST_STEP][PASSED] - log.logInfo("--- Key in data all required fields on Personal Party - Input Nation Identifer Type ---"): --- Key in data all required fields on Personal Party - Input Nation Identifer Type ---&#xD;
&#xD;
2019-08-21 20:49:14 - [MESSAGE][INFO] - --- Key in data all required fields on Personal Party - Input Nation Identifer Type ---&#xD;
&#xD;
2019-08-21 20:49:14 - [TEST_STEP][PASSED] - partyOnboardingPersonal.inputNationalIdentifierType(s09_nationIdentifierType): Keys 'TAB + Passport' sent to object: 'Object Repository/PartyOnboarding/Personal/PersonalParty/ddl_NationalIdentifierType'&#xD;
&#xD;
2019-08-21 20:49:14 - [MESSAGE][PASSED] - Object 'Object Repository/PartyOnboarding/Personal/PersonalParty/ddl_NationalIdentifierType' is visible&#xD;
&#xD;
2019-08-21 20:49:14 - [MESSAGE][PASSED] - Keys 'TAB + Passport' sent to object: 'Object Repository/PartyOnboarding/Personal/PersonalParty/ddl_NationalIdentifierType'&#xD;
&#xD;
2019-08-21 20:49:14 - [TEST_STEP][PASSED] - log.logInfo("--- Key in data all required fields on Personal Party - Input Nation Identifer ---"): --- Key in data all required fields on Personal Party - Input Nation Identifer ---&#xD;
&#xD;
2019-08-21 20:49:14 - [MESSAGE][INFO] - --- Key in data all required fields on Personal Party - Input Nation Identifer ---&#xD;
&#xD;
2019-08-21 20:49:14 - [TEST_STEP][PASSED] - partyOnboardingPersonal.inputNationalIdentifier(s09_nationIdentifier): Keys 'TAB + 12345601' sent to object: 'Object Repository/PartyOnboarding/Personal/PersonalParty/txt_NationalIdentifier'&#xD;
&#xD;
2019-08-21 20:49:15 - [MESSAGE][PASSED] - Object 'Object Repository/PartyOnboarding/Personal/PersonalParty/txt_NationalIdentifier' is visible&#xD;
&#xD;
2019-08-21 20:49:15 - [MESSAGE][PASSED] - Keys 'TAB + 12345601' sent to object: 'Object Repository/PartyOnboarding/Personal/PersonalParty/txt_NationalIdentifier'&#xD;
&#xD;
2019-08-21 20:49:15 - [TEST_STEP][PASSED] - log.logInfo("--- Key in data all required fields on Personal Party - Input Title ---"): --- Key in data all required fields on Personal Party - Input Title ---&#xD;
&#xD;
2019-08-21 20:49:15 - [MESSAGE][INFO] - --- Key in data all required fields on Personal Party - Input Title ---&#xD;
&#xD;
2019-08-21 20:49:15 - [TEST_STEP][PASSED] - partyOnboardingPersonal.inputTitle(s09_title): Keys 'TAB + Ms' sent to object: 'Object Repository/PartyOnboarding/Personal/PersonalParty/ddl_Title'&#xD;
&#xD;
2019-08-21 20:49:15 - [MESSAGE][PASSED] - Object 'Object Repository/PartyOnboarding/Personal/PersonalParty/ddl_Title' is visible&#xD;
&#xD;
2019-08-21 20:49:15 - [MESSAGE][PASSED] - Keys 'TAB + Ms' sent to object: 'Object Repository/PartyOnboarding/Personal/PersonalParty/ddl_Title'&#xD;
&#xD;
2019-08-21 20:49:15 - [TEST_STEP][PASSED] - log.logInfo("--- Key in data all required fields on Personal Party - Input Employment Status ---"): --- Key in data all required fields on Personal Party - Input Employment Status ---&#xD;
&#xD;
2019-08-21 20:49:15 - [MESSAGE][INFO] - --- Key in data all required fields on Personal Party - Input Employment Status ---&#xD;
&#xD;
2019-08-21 20:49:15 - [TEST_STEP][PASSED] - partyOnboardingPersonal.inputEmploymentStatus(s09_employmentStatus): Keys 'TAB + Student' sent to object: 'Object Repository/PartyOnboarding/Personal/PersonalParty/ddl_EmploymentStatus'&#xD;
&#xD;
2019-08-21 20:49:15 - [MESSAGE][PASSED] - Object 'Object Repository/PartyOnboarding/Personal/PersonalParty/ddl_EmploymentStatus' is visible&#xD;
&#xD;
2019-08-21 20:49:15 - [MESSAGE][PASSED] - Keys 'TAB + Student' sent to object: 'Object Repository/PartyOnboarding/Personal/PersonalParty/ddl_EmploymentStatus'&#xD;
&#xD;
2019-08-21 20:49:15 - [TEST_STEP][PASSED] - log.logInfo("--- Key in data all required fields on Personal Party - Input Gender ---"): --- Key in data all required fields on Personal Party - Input Gender ---&#xD;
&#xD;
2019-08-21 20:49:15 - [MESSAGE][INFO] - --- Key in data all required fields on Personal Party - Input Gender ---&#xD;
&#xD;
2019-08-21 20:49:15 - [TEST_STEP][PASSED] - partyOnboardingPersonal.inputGender(s09_gender): Keys 'TAB + Female' sent to object: 'Object Repository/PartyOnboarding/Personal/PersonalParty/ddl_Gender'&#xD;
&#xD;
2019-08-21 20:49:15 - [MESSAGE][PASSED] - Object 'Object Repository/PartyOnboarding/Personal/PersonalParty/ddl_Gender' is visible&#xD;
&#xD;
2019-08-21 20:49:15 - [MESSAGE][PASSED] - Keys 'TAB + Female' sent to object: 'Object Repository/PartyOnboarding/Personal/PersonalParty/ddl_Gender'&#xD;
&#xD;
2019-08-21 20:49:15 - [TEST_STEP][PASSED] - log.logInfo("--- Key in data all required fields on Personal Party - Input Civil Status ---"): --- Key in data all required fields on Personal Party - Input Civil Status ---&#xD;
&#xD;
2019-08-21 20:49:15 - [MESSAGE][INFO] - --- Key in data all required fields on Personal Party - Input Civil Status ---&#xD;
&#xD;
2019-08-21 20:49:15 - [TEST_STEP][PASSED] - partyOnboardingPersonal.inputCivilStatus(s09_civilStatus): Keys 'TAB + Single' sent to object: 'Object Repository/PartyOnboarding/Personal/PersonalParty/txt_CivilStatus'&#xD;
&#xD;
2019-08-21 20:49:15 - [MESSAGE][PASSED] - Object 'Object Repository/PartyOnboarding/Personal/PersonalParty/txt_CivilStatus' is visible&#xD;
&#xD;
2019-08-21 20:49:15 - [MESSAGE][PASSED] - Keys 'TAB + Single' sent to object: 'Object Repository/PartyOnboarding/Personal/PersonalParty/txt_CivilStatus'&#xD;
&#xD;
2019-08-21 20:49:15 - [TEST_STEP][PASSED] - log.logInfo("--- Key in data all required fields on Personal Party - Input Mother's Maiden Name ---"): --- Key in data all required fields on Personal Party - Input Mother's Maiden Name ---&#xD;
&#xD;
2019-08-21 20:49:15 - [MESSAGE][INFO] - --- Key in data all required fields on Personal Party - Input Mother's Maiden Name ---&#xD;
&#xD;
2019-08-21 20:49:15 - [TEST_STEP][PASSED] - partyOnboardingPersonal.inputMotherMaidenName(s09_motherMaidenName): Keys 'TAB + Mother's Name' sent to object: 'Object Repository/PartyOnboarding/Personal/PersonalParty/txt_MothersMaidenName'&#xD;
&#xD;
2019-08-21 20:49:15 - [MESSAGE][PASSED] - Object 'Object Repository/PartyOnboarding/Personal/PersonalParty/txt_MothersMaidenName' is visible&#xD;
&#xD;
2019-08-21 20:49:16 - [MESSAGE][PASSED] - Keys 'TAB + Mother's Name' sent to object: 'Object Repository/PartyOnboarding/Personal/PersonalParty/txt_MothersMaidenName'&#xD;
&#xD;
2019-08-21 20:49:16 - [TEST_STEP][PASSED] - log.logInfo("--- Key in data all required fields on Personal Party - Input Short Name ---"): --- Key in data all required fields on Personal Party - Input Short Name ---&#xD;
&#xD;
2019-08-21 20:49:16 - [MESSAGE][INFO] - --- Key in data all required fields on Personal Party - Input Short Name ---&#xD;
&#xD;
2019-08-21 20:49:16 - [TEST_STEP][PASSED] - partyOnboardingPersonal.inputShortName(s09_shortName): Keys 'TAB + Le 11' sent to object: 'Object Repository/PartyOnboarding/Personal/PersonalParty/txt_ShortName'&#xD;
&#xD;
2019-08-21 20:49:16 - [MESSAGE][PASSED] - Object 'Object Repository/PartyOnboarding/Personal/PersonalParty/txt_ShortName' is visible&#xD;
&#xD;
2019-08-21 20:49:16 - [MESSAGE][PASSED] - Keys 'TAB + Le 11' sent to object: 'Object Repository/PartyOnboarding/Personal/PersonalParty/txt_ShortName'&#xD;
&#xD;
2019-08-21 20:49:16 - [TEST_STEP][PASSED] - log.logInfo("---Key in data all required fields on Personal Party - Input Grandfather's Name ---"): ---Key in data all required fields on Personal Party - Input Grandfather's Name ---&#xD;
&#xD;
2019-08-21 20:49:16 - [MESSAGE][INFO] - ---Key in data all required fields on Personal Party - Input Grandfather's Name ---&#xD;
&#xD;
2019-08-21 20:49:16 - [TEST_STEP][PASSED] - partyOnboardingPersonal.inputGrandfatherName(s09_grandfatherName): Keys 'TAB + Grandfatther' sent to object: 'Object Repository/PartyOnboarding/Personal/PersonalParty/txt_GrandfathersName'&#xD;
&#xD;
2019-08-21 20:49:16 - [MESSAGE][PASSED] - Object 'Object Repository/PartyOnboarding/Personal/PersonalParty/txt_GrandfathersName' is visible&#xD;
&#xD;
2019-08-21 20:49:16 - [MESSAGE][PASSED] - Keys 'TAB + Grandfatther' sent to object: 'Object Repository/PartyOnboarding/Personal/PersonalParty/txt_GrandfathersName'&#xD;
&#xD;
2019-08-21 20:49:16 - [TEST_STEP][PASSED] - log.logInfo("---Key in data all required fields on Personal Party - Input Nationality ---"): ---Key in data all required fields on Personal Party - Input Nationality ---&#xD;
&#xD;
2019-08-21 20:49:16 - [MESSAGE][INFO] - ---Key in data all required fields on Personal Party - Input Nationality ---&#xD;
&#xD;
2019-08-21 20:49:16 - [TEST_STEP][PASSED] - partyOnboardingPersonal.inputNationality(s09_nationality): Keys 'TAB + Myanmar' sent to object: 'Object Repository/PartyOnboarding/Personal/PersonalParty/ddl_Nationality'&#xD;
&#xD;
2019-08-21 20:49:16 - [MESSAGE][PASSED] - Object 'Object Repository/PartyOnboarding/Personal/PersonalParty/ddl_Nationality' is visible&#xD;
&#xD;
2019-08-21 20:49:16 - [MESSAGE][PASSED] - Keys 'TAB + Myanmar' sent to object: 'Object Repository/PartyOnboarding/Personal/PersonalParty/ddl_Nationality'&#xD;
&#xD;
2019-08-21 20:49:16 - [TEST_STEP][PASSED] - log.logInfo("--- Key in data all required fields on Personal Party - Input Resident Status ---"): --- Key in data all required fields on Personal Party - Input Resident Status ---&#xD;
&#xD;
2019-08-21 20:49:16 - [MESSAGE][INFO] - --- Key in data all required fields on Personal Party - Input Resident Status ---&#xD;
&#xD;
2019-08-21 20:49:16 - [TEST_STEP][PASSED] - partyOnboardingPersonal.inputResidentStatus(s09_residentStatus): Keys 'Diplomat' sent to object: 'Object Repository/PartyOnboarding/Personal/PersonalParty/ddl_ResidentStatus'&#xD;
&#xD;
2019-08-21 20:49:16 - [MESSAGE][PASSED] - Object 'Object Repository/PartyOnboarding/Personal/PersonalParty/ddl_ResidentStatus' is visible&#xD;
&#xD;
2019-08-21 20:49:16 - [MESSAGE][PASSED] - Keys 'Diplomat' sent to object: 'Object Repository/PartyOnboarding/Personal/PersonalParty/ddl_ResidentStatus'&#xD;
&#xD;
2019-08-21 20:49:16 - [TEST_STEP][PASSED] - log.logInfo("--- Key in data all required fields on Personal Party - Input Tax ID Number ---"): --- Key in data all required fields on Personal Party - Input Tax ID Number ---&#xD;
&#xD;
2019-08-21 20:49:16 - [MESSAGE][INFO] - --- Key in data all required fields on Personal Party - Input Tax ID Number ---&#xD;
&#xD;
2019-08-21 20:49:16 - [TEST_STEP][PASSED] - partyOnboardingPersonal.inputTaxIDNumber(s09_taxIDNumber): Keys 'TAB + 12345678' sent to object: 'Object Repository/PartyOnboarding/Personal/PersonalParty/txt_TaxIDNumber'&#xD;
&#xD;
2019-08-21 20:49:17 - [MESSAGE][PASSED] - Object 'Object Repository/PartyOnboarding/Personal/PersonalParty/txt_TaxIDNumber' is visible&#xD;
&#xD;
2019-08-21 20:49:17 - [MESSAGE][PASSED] - Keys 'TAB + 12345678' sent to object: 'Object Repository/PartyOnboarding/Personal/PersonalParty/txt_TaxIDNumber'&#xD;
&#xD;
2019-08-21 20:49:17 - [TEST_STEP][PASSED] - log.logInfo("--- Key in data all required fields on Personal Party - Input Religion ---"): --- Key in data all required fields on Personal Party - Input Religion ---&#xD;
&#xD;
2019-08-21 20:49:17 - [MESSAGE][INFO] - --- Key in data all required fields on Personal Party - Input Religion ---&#xD;
&#xD;
2019-08-21 20:49:17 - [TEST_STEP][PASSED] - partyOnboardingPersonal.inputReligion(s09_religion): Keys 'TAB + Christianity' sent to object: 'Object Repository/PartyOnboarding/Personal/PersonalParty/ddl_Religion'&#xD;
&#xD;
2019-08-21 20:49:17 - [MESSAGE][PASSED] - Object 'Object Repository/PartyOnboarding/Personal/PersonalParty/ddl_Religion' is visible&#xD;
&#xD;
2019-08-21 20:49:17 - [MESSAGE][PASSED] - Keys 'TAB + Christianity' sent to object: 'Object Repository/PartyOnboarding/Personal/PersonalParty/ddl_Religion'&#xD;
&#xD;
2019-08-21 20:49:17 - [TEST_STEP][PASSED] - log.logInfo("--- Key in data all required fields on Personal Party - Click Next button ---"): --- Key in data all required fields on Personal Party - Click Next button ---&#xD;
&#xD;
2019-08-21 20:49:17 - [MESSAGE][INFO] - --- Key in data all required fields on Personal Party - Click Next button ---&#xD;
&#xD;
2019-08-21 20:49:17 - [TEST_STEP][PASSED] - partyOnboardingPersonal.clickNextbutton(): Object: 'Object Repository/PartyOnboarding/btn_Next' is clicked on&#xD;
&#xD;
2019-08-21 20:49:17 - [MESSAGE][PASSED] - Object 'Object Repository/PartyOnboarding/btn_Next' is visible&#xD;
&#xD;
2019-08-21 20:49:17 - [MESSAGE][PASSED] - Object: 'Object Repository/PartyOnboarding/btn_Next' is clicked on&#xD;
&#xD;
2019-08-21 20:49:17 - [TEST_STEP][PASSED] - log.logInfo("--- Key in data all required fields on Personal Party - Click Process on Warning box ---"): --- Key in data all required fields on Personal Party - Click Process on Warning box ---&#xD;
&#xD;
2019-08-21 20:49:17 - [MESSAGE][INFO] - --- Key in data all required fields on Personal Party - Click Process on Warning box ---&#xD;
&#xD;
2019-08-21 20:49:17 - [TEST_STEP][PASSED] - partyOnboardingPersonal.clickProcessInWarningBox(): Object: 'Object Repository/PartyOnboarding/Personal/PersonalParty/btn_Warnings_Proceed_NotCapture' is clicked on&#xD;
&#xD;
2019-08-21 20:49:18 - [MESSAGE][PASSED] - Object 'Object Repository/PartyOnboarding/Personal/PersonalParty/btn_Warnings_Proceed_NotCapture' is visible&#xD;
&#xD;
2019-08-21 20:49:18 - [MESSAGE][PASSED] - Object: 'Object Repository/PartyOnboarding/Personal/PersonalParty/btn_Warnings_Proceed_NotCapture' is clicked on&#xD;
&#xD;
2019-08-21 20:49:18 - [TEST_STEP][PASSED] - log.logInfo("--- Input required fields for Party Address - Input Address Type, User of Communication and Valid From---"): --- Input required fields for Party Address - Input Address Type, User of Communication and Valid From---&#xD;
&#xD;
2019-08-21 20:49:18 - [MESSAGE][INFO] - --- Input required fields for Party Address - Input Address Type, User of Communication and Valid From---&#xD;
&#xD;
2019-08-21 20:49:18 - [TEST_STEP][PASSED] - partyOnboardingPersonal.inputRDataForAddressParty(s10_addressType, s10_userForCommunication, s10_validFrom): Execute JavaScript 'arguments[0].click();' successfully&#xD;
&#xD;
2019-08-21 20:49:19 - [MESSAGE][PASSED] - Object 'Object Repository/PartyOnboarding/Personal/PartyAddress/button_New Row_PartyAddress' is visible&#xD;
&#xD;
2019-08-21 20:49:19 - [MESSAGE][PASSED] - Execute JavaScript 'arguments[0].click();' successfully&#xD;
&#xD;
2019-08-21 20:49:19 - [MESSAGE][PASSED] - Object 'Object Repository/PartyOnboarding/Personal/PartyAddress/Address Type' is visible&#xD;
&#xD;
2019-08-21 20:49:19 - [MESSAGE][PASSED] - Keys 'TAB + Home Address' sent to object: 'Object Repository/PartyOnboarding/Personal/PartyAddress/Address Type'&#xD;
&#xD;
2019-08-21 20:49:19 - [MESSAGE][PASSED] - Object 'Object Repository/PartyOnboarding/Personal/PartyAddress/Valid From' is visible&#xD;
&#xD;
2019-08-21 20:49:19 - [MESSAGE][PASSED] - Text of object 'Object Repository/PartyOnboarding/Personal/PartyAddress/Valid From' is cleared&#xD;
&#xD;
2019-08-21 20:49:20 - [MESSAGE][PASSED] - Object 'Object Repository/PartyOnboarding/Personal/PartyAddress/Valid From' is visible&#xD;
&#xD;
2019-08-21 20:49:20 - [MESSAGE][PASSED] - Keys '2018-01-14' sent to object: 'Object Repository/PartyOnboarding/Personal/PartyAddress/Valid From'&#xD;
&#xD;
2019-08-21 20:49:20 - [MESSAGE][PASSED] - Object 'Object Repository/PartyOnboarding/Personal/PartyAddress/chk_Use  for Communication' is present&#xD;
&#xD;
2019-08-21 20:49:20 - [MESSAGE][PASSED] - Attribute 'aria-checked' of object 'Object Repository/PartyOnboarding/Personal/PartyAddress/chk_Use  for Communication' is: 'false'&#xD;
&#xD;
2019-08-21 20:49:20 - [MESSAGE][PASSED] - Object 'Object Repository/PartyOnboarding/Personal/PartyAddress/chk_Use  for Communication' is checked&#xD;
&#xD;
2019-08-21 20:49:20 - [MESSAGE][PASSED] - Object 'Object Repository/PartyOnboarding/Personal/PartyAddress/SaveRow' is visible&#xD;
&#xD;
2019-08-21 20:49:20 - [MESSAGE][PASSED] - Execute JavaScript 'arguments[0].click();' successfully&#xD;
&#xD;
2019-08-21 20:49:20 - [MESSAGE][PASSED] - Object 'Object Repository/PartyOnboarding/Personal/PartyAddress/button_New Row_PartyAddress' is visible&#xD;
&#xD;
2019-08-21 20:49:20 - [MESSAGE][PASSED] - Execute JavaScript 'arguments[0].click();' successfully&#xD;
&#xD;
2019-08-21 20:49:20 - [MESSAGE][PASSED] - Object 'Object Repository/PartyOnboarding/Personal/PartyAddress/Address Type' is visible&#xD;
&#xD;
2019-08-21 20:49:21 - [MESSAGE][PASSED] - Keys 'TAB + Office Address' sent to object: 'Object Repository/PartyOnboarding/Personal/PartyAddress/Address Type'&#xD;
&#xD;
2019-08-21 20:49:21 - [MESSAGE][PASSED] - Object 'Object Repository/PartyOnboarding/Personal/PartyAddress/Valid From' is visible&#xD;
&#xD;
2019-08-21 20:49:21 - [MESSAGE][PASSED] - Text of object 'Object Repository/PartyOnboarding/Personal/PartyAddress/Valid From' is cleared&#xD;
&#xD;
2019-08-21 20:49:21 - [MESSAGE][PASSED] - Object 'Object Repository/PartyOnboarding/Personal/PartyAddress/Valid From' is visible&#xD;
&#xD;
2019-08-21 20:49:21 - [MESSAGE][PASSED] - Keys '2018-01-17' sent to object: 'Object Repository/PartyOnboarding/Personal/PartyAddress/Valid From'&#xD;
&#xD;
2019-08-21 20:49:21 - [MESSAGE][PASSED] - Object 'Object Repository/PartyOnboarding/Personal/PartyAddress/SaveRow' is visible&#xD;
&#xD;
2019-08-21 20:49:21 - [MESSAGE][PASSED] - Execute JavaScript 'arguments[0].click();' successfully&#xD;
&#xD;
2019-08-21 20:49:21 - [MESSAGE][PASSED] - Object 'Object Repository/PartyOnboarding/Personal/PartyAddress/button_New Row_PartyAddress' is visible&#xD;
&#xD;
2019-08-21 20:49:21 - [MESSAGE][PASSED] - Execute JavaScript 'arguments[0].click();' successfully&#xD;
&#xD;
2019-08-21 20:49:21 - [MESSAGE][PASSED] - Object 'Object Repository/PartyOnboarding/Personal/PartyAddress/Address Type' is visible&#xD;
&#xD;
2019-08-21 20:49:22 - [MESSAGE][PASSED] - Keys 'TAB + Current Address' sent to object: 'Object Repository/PartyOnboarding/Personal/PartyAddress/Address Type'&#xD;
&#xD;
2019-08-21 20:49:22 - [MESSAGE][PASSED] - Object 'Object Repository/PartyOnboarding/Personal/PartyAddress/Valid From' is visible&#xD;
&#xD;
2019-08-21 20:49:22 - [MESSAGE][PASSED] - Text of object 'Object Repository/PartyOnboarding/Personal/PartyAddress/Valid From' is cleared&#xD;
&#xD;
2019-08-21 20:49:22 - [MESSAGE][PASSED] - Object 'Object Repository/PartyOnboarding/Personal/PartyAddress/Valid From' is visible&#xD;
&#xD;
2019-08-21 20:49:22 - [MESSAGE][PASSED] - Keys '2017-01-17' sent to object: 'Object Repository/PartyOnboarding/Personal/PartyAddress/Valid From'&#xD;
&#xD;
2019-08-21 20:49:22 - [MESSAGE][PASSED] - Object 'Object Repository/PartyOnboarding/Personal/PartyAddress/SaveRow' is visible&#xD;
&#xD;
2019-08-21 20:49:22 - [MESSAGE][PASSED] - Execute JavaScript 'arguments[0].click();' successfully&#xD;
&#xD;
2019-08-21 20:49:22 - [TEST_STEP][PASSED] - log.logInfo("--- Input required fields for Party Address - click Next button---"): --- Input required fields for Party Address - click Next button---&#xD;
&#xD;
2019-08-21 20:49:22 - [MESSAGE][INFO] - --- Input required fields for Party Address - click Next button---&#xD;
&#xD;
2019-08-21 20:49:22 - [TEST_STEP][PASSED] - partyOnboardingPersonal.clickNextbutton(): Object: 'Object Repository/PartyOnboarding/btn_Next' is clicked on&#xD;
&#xD;
2019-08-21 20:49:22 - [MESSAGE][PASSED] - Object 'Object Repository/PartyOnboarding/btn_Next' is visible&#xD;
&#xD;
2019-08-21 20:49:23 - [MESSAGE][PASSED] - Object: 'Object Repository/PartyOnboarding/btn_Next' is clicked on&#xD;
&#xD;
2019-08-21 20:49:23 - [TEST_STEP][PASSED] - log.logInfo("--- Input data for Party Contacts ---"): --- Input data for Party Contacts ---&#xD;
&#xD;
2019-08-21 20:49:23 - [MESSAGE][INFO] - --- Input data for Party Contacts ---&#xD;
&#xD;
2019-08-21 20:49:23 - [TEST_STEP][PASSED] - partyOnboardingPersonal.inputDataForPartyContacts(s11_contactMethod, s11_contactTypeLocation, s11_contactCountryCode, s11_contactAreaCode, s11_contactNumber, s11_contactEmail, s11_confirmEmail, s11_validFrom): Execute JavaScript 'arguments[0].click();' successfully&#xD;
&#xD;
2019-08-21 20:49:23 - [MESSAGE][PASSED] - Object 'Object Repository/PartyOnboarding/Personal/PartyContacts/New Row' is visible&#xD;
&#xD;
2019-08-21 20:49:23 - [MESSAGE][PASSED] - Execute JavaScript 'arguments[0].click();' successfully&#xD;
&#xD;
2019-08-21 20:49:24 - [MESSAGE][PASSED] - Delayed 1 second(s)&#xD;
&#xD;
2019-08-21 20:49:24 - [MESSAGE][PASSED] - Object 'Object Repository/PartyOnboarding/Personal/PartyContacts/Contact Method' is visible&#xD;
&#xD;
2019-08-21 20:49:25 - [MESSAGE][PASSED] - Keys 'TAB + Telephone' sent to object: 'Object Repository/PartyOnboarding/Personal/PartyContacts/Contact Method'&#xD;
&#xD;
2019-08-21 20:49:26 - [MESSAGE][PASSED] - Delayed 1 second(s)&#xD;
&#xD;
2019-08-21 20:49:26 - [MESSAGE][PASSED] - Object 'Object Repository/PartyOnboarding/Personal/PartyContacts/Contact Type  Location' is visible&#xD;
&#xD;
2019-08-21 20:49:26 - [MESSAGE][PASSED] - Keys 'TAB + Personal' sent to object: 'Object Repository/PartyOnboarding/Personal/PartyContacts/Contact Type  Location'&#xD;
&#xD;
2019-08-21 20:49:26 - [MESSAGE][PASSED] - Object 'Object Repository/PartyOnboarding/Personal/PartyContacts/Contact Email' is visible&#xD;
&#xD;
2019-08-21 20:49:26 - [MESSAGE][PASSED] - Object 'Object Repository/PartyOnboarding/Personal/PartyContacts/Contact Email' has attribute 'readonly'&#xD;
&#xD;
2019-08-21 20:49:26 - [MESSAGE][PASSED] - Object 'Object Repository/PartyOnboarding/Personal/PartyContacts/Contact Number_03_Code' is visible&#xD;
&#xD;
2019-08-21 20:49:26 - [MESSAGE][PASSED] - Text of object 'Object Repository/PartyOnboarding/Personal/PartyContacts/Contact Number_03_Code' is cleared&#xD;
&#xD;
2019-08-21 20:49:26 - [MESSAGE][PASSED] - Object 'Object Repository/PartyOnboarding/Personal/PartyContacts/Contact Number_03_Code' is visible&#xD;
&#xD;
2019-08-21 20:49:26 - [MESSAGE][PASSED] - Keys '+95' sent to object: 'Object Repository/PartyOnboarding/Personal/PartyContacts/Contact Number_03_Code'&#xD;
&#xD;
2019-08-21 20:49:26 - [MESSAGE][PASSED] - Object 'Object Repository/PartyOnboarding/Personal/PartyContacts/Contact Number_AreaCode' is visible&#xD;
&#xD;
2019-08-21 20:49:26 - [MESSAGE][PASSED] - Keys '' sent to object: 'Object Repository/PartyOnboarding/Personal/PartyContacts/Contact Number_AreaCode'&#xD;
&#xD;
2019-08-21 20:49:27 - [MESSAGE][PASSED] - Object 'Object Repository/PartyOnboarding/Personal/PartyContacts/Contact Number_Number' is visible&#xD;
&#xD;
2019-08-21 20:49:27 - [MESSAGE][PASSED] - Keys '9697989901' sent to object: 'Object Repository/PartyOnboarding/Personal/PartyContacts/Contact Number_Number'&#xD;
&#xD;
2019-08-21 20:49:27 - [MESSAGE][PASSED] - Object 'Object Repository/PartyOnboarding/Personal/PartyContacts/Contact Number_03_Code' is visible&#xD;
&#xD;
2019-08-21 20:49:27 - [MESSAGE][WARNING] - Object 'Object Repository/PartyOnboarding/Personal/PartyContacts/Contact Number_03_Code' does not have attribute 'readonly' (Root cause: com.kms.katalon.core.exception.StepFailedException: Object 'Object Repository/PartyOnboarding/Personal/PartyContacts/Contact Number_03_Code' does not have attribute 'readonly'&#xD;
	at com.kms.katalon.core.webui.keyword.internal.WebUIKeywordMain.stepFailed(WebUIKeywordMain.groovy:64)&#xD;
	at com.kms.katalon.core.webui.keyword.builtin.VerifyElementHasAttributeKeyword$_verifyElementHasAttribute_closure1.doCall(VerifyElementHasAttributeKeyword.groovy:89)&#xD;
	at com.kms.katalon.core.webui.keyword.builtin.VerifyElementHasAttributeKeyword$_verifyElementHasAttribute_closure1.call(VerifyElementHasAttributeKeyword.groovy)&#xD;
	at com.kms.katalon.core.webui.keyword.internal.WebUIKeywordMain.runKeyword(WebUIKeywordMain.groovy:20)&#xD;
	at com.kms.katalon.core.webui.keyword.builtin.VerifyElementHasAttributeKeyword.verifyElementHasAttribute(VerifyElementHasAttributeKeyword.groovy:100)&#xD;
	at com.kms.katalon.core.webui.keyword.builtin.VerifyElementHasAttributeKeyword.execute(VerifyElementHasAttributeKeyword.groovy:69)&#xD;
	at com.kms.katalon.core.keyword.internal.KeywordExecutor.executeKeywordForPlatform(KeywordExecutor.groovy:56)&#xD;
	at com.kms.katalon.core.webui.keyword.WebUiBuiltInKeywords.verifyElementHasAttribute(WebUiBuiltInKeywords.groovy:3166)&#xD;
	at com.kms.katalon.core.webui.keyword.WebUiBuiltInKeywords$verifyElementHasAttribute$11.call(Unknown Source)&#xD;
	at pageObjects.PartyOnboarding.inputDataForPartyContacts(PartyOnboarding.groovy:736)&#xD;
	at PartyOnboardingPersonal.run(PartyOnboardingPersonal:77)&#xD;
	at com.kms.katalon.core.main.ScriptEngine.run(ScriptEngine.java:194)&#xD;
	at com.kms.katalon.core.main.ScriptEngine.runScriptAsRawText(ScriptEngine.java:119)&#xD;
	at com.kms.katalon.core.main.TestCaseExecutor.runScript(TestCaseExecutor.java:337)&#xD;
	at com.kms.katalon.core.main.TestCaseExecutor.doExecute(TestCaseExecutor.java:328)&#xD;
	at com.kms.katalon.core.main.TestCaseExecutor.processExecutionPhase(TestCaseExecutor.java:307)&#xD;
	at com.kms.katalon.core.main.TestCaseExecutor.accessMainPhase(TestCaseExecutor.java:299)&#xD;
	at com.kms.katalon.core.main.TestCaseExecutor.execute(TestCaseExecutor.java:233)&#xD;
	at com.kms.katalon.core.main.TestSuiteExecutor.accessTestCaseMainPhase(TestSuiteExecutor.java:133)&#xD;
	at com.kms.katalon.core.main.TestSuiteExecutor.accessTestSuiteMainPhase(TestSuiteExecutor.java:116)&#xD;
	at com.kms.katalon.core.main.TestSuiteExecutor.execute(TestSuiteExecutor.java:83)&#xD;
	at com.kms.katalon.core.main.TestCaseMain.startTestSuite(TestCaseMain.java:157)&#xD;
	at com.kms.katalon.core.main.TestCaseMain$startTestSuite$0.call(Unknown Source)&#xD;
	at TempTestSuite1566396522347.run(TempTestSuite1566396522347.groovy:35)&#xD;
)&#xD;
[[ATTACHMENT|C:\\ML\\JITS\\AYA\\Automation\\FBE\\FBE\\Reports\\DataPreparation\\PartyOnboardingPersonal\\20190821_203842\\1566397167415.png]]&#xD;
&#xD;
2019-08-21 20:49:27 - [MESSAGE][PASSED] - Object 'Object Repository/PartyOnboarding/Personal/PartyContacts/Valid From' is visible&#xD;
&#xD;
2019-08-21 20:49:27 - [MESSAGE][PASSED] - Text of object 'Object Repository/PartyOnboarding/Personal/PartyContacts/Valid From' is cleared&#xD;
&#xD;
2019-08-21 20:49:27 - [MESSAGE][PASSED] - Object 'Object Repository/PartyOnboarding/Personal/PartyContacts/Valid From' is visible&#xD;
&#xD;
2019-08-21 20:49:28 - [MESSAGE][PASSED] - Keys '2018-12-20' sent to object: 'Object Repository/PartyOnboarding/Personal/PartyContacts/Valid From'&#xD;
&#xD;
2019-08-21 20:49:28 - [MESSAGE][PASSED] - Object 'Object Repository/PartyOnboarding/Personal/PartyContacts/Save Row' is visible&#xD;
&#xD;
2019-08-21 20:49:28 - [MESSAGE][PASSED] - Execute JavaScript 'arguments[0].click();' successfully&#xD;
&#xD;
2019-08-21 20:49:28 - [MESSAGE][PASSED] - Object 'Object Repository/PartyOnboarding/Personal/PartyContacts/New Row' is visible&#xD;
&#xD;
2019-08-21 20:49:28 - [MESSAGE][PASSED] - Execute JavaScript 'arguments[0].click();' successfully&#xD;
&#xD;
2019-08-21 20:49:29 - [MESSAGE][PASSED] - Delayed 1 second(s)&#xD;
&#xD;
2019-08-21 20:49:29 - [MESSAGE][PASSED] - Object 'Object Repository/PartyOnboarding/Personal/PartyContacts/Contact Method' is visible&#xD;
&#xD;
2019-08-21 20:49:29 - [MESSAGE][PASSED] - Keys 'TAB + Mobile' sent to object: 'Object Repository/PartyOnboarding/Personal/PartyContacts/Contact Method'&#xD;
&#xD;
2019-08-21 20:49:30 - [MESSAGE][PASSED] - Delayed 1 second(s)&#xD;
&#xD;
2019-08-21 20:49:30 - [MESSAGE][PASSED] - Object 'Object Repository/PartyOnboarding/Personal/PartyContacts/Contact Type  Location' is visible&#xD;
&#xD;
2019-08-21 20:49:30 - [MESSAGE][PASSED] - Keys 'TAB + Work' sent to object: 'Object Repository/PartyOnboarding/Personal/PartyContacts/Contact Type  Location'&#xD;
&#xD;
2019-08-21 20:49:30 - [MESSAGE][PASSED] - Object 'Object Repository/PartyOnboarding/Personal/PartyContacts/Contact Email' is visible&#xD;
&#xD;
2019-08-21 20:49:30 - [MESSAGE][PASSED] - Object 'Object Repository/PartyOnboarding/Personal/PartyContacts/Contact Email' has attribute 'readonly'&#xD;
&#xD;
2019-08-21 20:49:30 - [MESSAGE][PASSED] - Object 'Object Repository/PartyOnboarding/Personal/PartyContacts/Contact Number_03_Code' is visible&#xD;
&#xD;
2019-08-21 20:49:30 - [MESSAGE][PASSED] - Text of object 'Object Repository/PartyOnboarding/Personal/PartyContacts/Contact Number_03_Code' is cleared&#xD;
&#xD;
2019-08-21 20:49:30 - [MESSAGE][PASSED] - Object 'Object Repository/PartyOnboarding/Personal/PartyContacts/Contact Number_03_Code' is visible&#xD;
&#xD;
2019-08-21 20:49:31 - [MESSAGE][PASSED] - Keys '+1' sent to object: 'Object Repository/PartyOnboarding/Personal/PartyContacts/Contact Number_03_Code'&#xD;
&#xD;
2019-08-21 20:49:31 - [MESSAGE][PASSED] - Object 'Object Repository/PartyOnboarding/Personal/PartyContacts/Contact Number_AreaCode' is visible&#xD;
&#xD;
2019-08-21 20:49:31 - [MESSAGE][PASSED] - Keys '' sent to object: 'Object Repository/PartyOnboarding/Personal/PartyContacts/Contact Number_AreaCode'&#xD;
&#xD;
2019-08-21 20:49:31 - [MESSAGE][PASSED] - Object 'Object Repository/PartyOnboarding/Personal/PartyContacts/Contact Number_Number' is visible&#xD;
&#xD;
2019-08-21 20:49:31 - [MESSAGE][PASSED] - Keys '12312313' sent to object: 'Object Repository/PartyOnboarding/Personal/PartyContacts/Contact Number_Number'&#xD;
&#xD;
2019-08-21 20:49:31 - [MESSAGE][PASSED] - Object 'Object Repository/PartyOnboarding/Personal/PartyContacts/Contact Number_03_Code' is visible&#xD;
&#xD;
2019-08-21 20:49:31 - [MESSAGE][WARNING] - Object 'Object Repository/PartyOnboarding/Personal/PartyContacts/Contact Number_03_Code' does not have attribute 'readonly' (Root cause: com.kms.katalon.core.exception.StepFailedException: Object 'Object Repository/PartyOnboarding/Personal/PartyContacts/Contact Number_03_Code' does not have attribute 'readonly'&#xD;
	at com.kms.katalon.core.webui.keyword.internal.WebUIKeywordMain.stepFailed(WebUIKeywordMain.groovy:64)&#xD;
	at com.kms.katalon.core.webui.keyword.builtin.VerifyElementHasAttributeKeyword$_verifyElementHasAttribute_closure1.doCall(VerifyElementHasAttributeKeyword.groovy:89)&#xD;
	at com.kms.katalon.core.webui.keyword.builtin.VerifyElementHasAttributeKeyword$_verifyElementHasAttribute_closure1.call(VerifyElementHasAttributeKeyword.groovy)&#xD;
	at com.kms.katalon.core.webui.keyword.internal.WebUIKeywordMain.runKeyword(WebUIKeywordMain.groovy:20)&#xD;
	at com.kms.katalon.core.webui.keyword.builtin.VerifyElementHasAttributeKeyword.verifyElementHasAttribute(VerifyElementHasAttributeKeyword.groovy:100)&#xD;
	at com.kms.katalon.core.webui.keyword.builtin.VerifyElementHasAttributeKeyword.execute(VerifyElementHasAttributeKeyword.groovy:69)&#xD;
	at com.kms.katalon.core.keyword.internal.KeywordExecutor.executeKeywordForPlatform(KeywordExecutor.groovy:56)&#xD;
	at com.kms.katalon.core.webui.keyword.WebUiBuiltInKeywords.verifyElementHasAttribute(WebUiBuiltInKeywords.groovy:3166)&#xD;
	at com.kms.katalon.core.webui.keyword.WebUiBuiltInKeywords$verifyElementHasAttribute$11.call(Unknown Source)&#xD;
	at pageObjects.PartyOnboarding.inputDataForPartyContacts(PartyOnboarding.groovy:736)&#xD;
	at PartyOnboardingPersonal.run(PartyOnboardingPersonal:77)&#xD;
	at com.kms.katalon.core.main.ScriptEngine.run(ScriptEngine.java:194)&#xD;
	at com.kms.katalon.core.main.ScriptEngine.runScriptAsRawText(ScriptEngine.java:119)&#xD;
	at com.kms.katalon.core.main.TestCaseExecutor.runScript(TestCaseExecutor.java:337)&#xD;
	at com.kms.katalon.core.main.TestCaseExecutor.doExecute(TestCaseExecutor.java:328)&#xD;
	at com.kms.katalon.core.main.TestCaseExecutor.processExecutionPhase(TestCaseExecutor.java:307)&#xD;
	at com.kms.katalon.core.main.TestCaseExecutor.accessMainPhase(TestCaseExecutor.java:299)&#xD;
	at com.kms.katalon.core.main.TestCaseExecutor.execute(TestCaseExecutor.java:233)&#xD;
	at com.kms.katalon.core.main.TestSuiteExecutor.accessTestCaseMainPhase(TestSuiteExecutor.java:133)&#xD;
	at com.kms.katalon.core.main.TestSuiteExecutor.accessTestSuiteMainPhase(TestSuiteExecutor.java:116)&#xD;
	at com.kms.katalon.core.main.TestSuiteExecutor.execute(TestSuiteExecutor.java:83)&#xD;
	at com.kms.katalon.core.main.TestCaseMain.startTestSuite(TestCaseMain.java:157)&#xD;
	at com.kms.katalon.core.main.TestCaseMain$startTestSuite$0.call(Unknown Source)&#xD;
	at TempTestSuite1566396522347.run(TempTestSuite1566396522347.groovy:35)&#xD;
)&#xD;
[[ATTACHMENT|C:\\ML\\JITS\\AYA\\Automation\\FBE\\FBE\\Reports\\DataPreparation\\PartyOnboardingPersonal\\20190821_203842\\1566397171520.png]]&#xD;
&#xD;
2019-08-21 20:49:31 - [MESSAGE][PASSED] - Object 'Object Repository/PartyOnboarding/Personal/PartyContacts/Valid From' is visible&#xD;
&#xD;
2019-08-21 20:49:31 - [MESSAGE][PASSED] - Text of object 'Object Repository/PartyOnboarding/Personal/PartyContacts/Valid From' is cleared&#xD;
&#xD;
2019-08-21 20:49:31 - [MESSAGE][PASSED] - Object 'Object Repository/PartyOnboarding/Personal/PartyContacts/Valid From' is visible&#xD;
&#xD;
2019-08-21 20:49:32 - [MESSAGE][PASSED] - Keys '2018-01-24' sent to object: 'Object Repository/PartyOnboarding/Personal/PartyContacts/Valid From'&#xD;
&#xD;
2019-08-21 20:49:32 - [MESSAGE][PASSED] - Object 'Object Repository/PartyOnboarding/Personal/PartyContacts/Save Row' is visible&#xD;
&#xD;
2019-08-21 20:49:32 - [MESSAGE][PASSED] - Execute JavaScript 'arguments[0].click();' successfully&#xD;
&#xD;
2019-08-21 20:49:32 - [MESSAGE][PASSED] - Object 'Object Repository/PartyOnboarding/Personal/PartyContacts/New Row' is visible&#xD;
&#xD;
2019-08-21 20:49:32 - [MESSAGE][PASSED] - Execute JavaScript 'arguments[0].click();' successfully&#xD;
&#xD;
2019-08-21 20:49:33 - [MESSAGE][PASSED] - Delayed 1 second(s)&#xD;
&#xD;
2019-08-21 20:49:33 - [MESSAGE][PASSED] - Object 'Object Repository/PartyOnboarding/Personal/PartyContacts/Contact Method' is visible&#xD;
&#xD;
2019-08-21 20:49:33 - [MESSAGE][PASSED] - Keys 'TAB + Email' sent to object: 'Object Repository/PartyOnboarding/Personal/PartyContacts/Contact Method'&#xD;
&#xD;
2019-08-21 20:49:34 - [MESSAGE][PASSED] - Delayed 1 second(s)&#xD;
&#xD;
2019-08-21 20:49:34 - [MESSAGE][PASSED] - Object 'Object Repository/PartyOnboarding/Personal/PartyContacts/Contact Type  Location' is visible&#xD;
&#xD;
2019-08-21 20:49:34 - [MESSAGE][PASSED] - Keys 'TAB + Personal' sent to object: 'Object Repository/PartyOnboarding/Personal/PartyContacts/Contact Type  Location'&#xD;
&#xD;
2019-08-21 20:49:35 - [MESSAGE][PASSED] - Object 'Object Repository/PartyOnboarding/Personal/PartyContacts/Contact Email' is visible&#xD;
&#xD;
2019-08-21 20:49:35 - [MESSAGE][WARNING] - Object 'Object Repository/PartyOnboarding/Personal/PartyContacts/Contact Email' does not have attribute 'readonly' (Root cause: com.kms.katalon.core.exception.StepFailedException: Object 'Object Repository/PartyOnboarding/Personal/PartyContacts/Contact Email' does not have attribute 'readonly'&#xD;
	at com.kms.katalon.core.webui.keyword.internal.WebUIKeywordMain.stepFailed(WebUIKeywordMain.groovy:64)&#xD;
	at com.kms.katalon.core.webui.keyword.builtin.VerifyElementHasAttributeKeyword$_verifyElementHasAttribute_closure1.doCall(VerifyElementHasAttributeKeyword.groovy:89)&#xD;
	at com.kms.katalon.core.webui.keyword.builtin.VerifyElementHasAttributeKeyword$_verifyElementHasAttribute_closure1.call(VerifyElementHasAttributeKeyword.groovy)&#xD;
	at com.kms.katalon.core.webui.keyword.internal.WebUIKeywordMain.runKeyword(WebUIKeywordMain.groovy:20)&#xD;
	at com.kms.katalon.core.webui.keyword.builtin.VerifyElementHasAttributeKeyword.verifyElementHasAttribute(VerifyElementHasAttributeKeyword.groovy:100)&#xD;
	at com.kms.katalon.core.webui.keyword.builtin.VerifyElementHasAttributeKeyword.execute(VerifyElementHasAttributeKeyword.groovy:69)&#xD;
	at com.kms.katalon.core.keyword.internal.KeywordExecutor.executeKeywordForPlatform(KeywordExecutor.groovy:56)&#xD;
	at com.kms.katalon.core.webui.keyword.WebUiBuiltInKeywords.verifyElementHasAttribute(WebUiBuiltInKeywords.groovy:3166)&#xD;
	at com.kms.katalon.core.webui.keyword.WebUiBuiltInKeywords$verifyElementHasAttribute$11.call(Unknown Source)&#xD;
	at pageObjects.PartyOnboarding.inputDataForPartyContacts(PartyOnboarding.groovy:721)&#xD;
	at PartyOnboardingPersonal.run(PartyOnboardingPersonal:77)&#xD;
	at com.kms.katalon.core.main.ScriptEngine.run(ScriptEngine.java:194)&#xD;
	at com.kms.katalon.core.main.ScriptEngine.runScriptAsRawText(ScriptEngine.java:119)&#xD;
	at com.kms.katalon.core.main.TestCaseExecutor.runScript(TestCaseExecutor.java:337)&#xD;
	at com.kms.katalon.core.main.TestCaseExecutor.doExecute(TestCaseExecutor.java:328)&#xD;
	at com.kms.katalon.core.main.TestCaseExecutor.processExecutionPhase(TestCaseExecutor.java:307)&#xD;
	at com.kms.katalon.core.main.TestCaseExecutor.accessMainPhase(TestCaseExecutor.java:299)&#xD;
	at com.kms.katalon.core.main.TestCaseExecutor.execute(TestCaseExecutor.java:233)&#xD;
	at com.kms.katalon.core.main.TestSuiteExecutor.accessTestCaseMainPhase(TestSuiteExecutor.java:133)&#xD;
	at com.kms.katalon.core.main.TestSuiteExecutor.accessTestSuiteMainPhase(TestSuiteExecutor.java:116)&#xD;
	at com.kms.katalon.core.main.TestSuiteExecutor.execute(TestSuiteExecutor.java:83)&#xD;
	at com.kms.katalon.core.main.TestCaseMain.startTestSuite(TestCaseMain.java:157)&#xD;
	at com.kms.katalon.core.main.TestCaseMain$startTestSuite$0.call(Unknown Source)&#xD;
	at TempTestSuite1566396522347.run(TempTestSuite1566396522347.groovy:35)&#xD;
)&#xD;
[[ATTACHMENT|C:\\ML\\JITS\\AYA\\Automation\\FBE\\FBE\\Reports\\DataPreparation\\PartyOnboardingPersonal\\20190821_203842\\1566397175048.png]]&#xD;
&#xD;
2019-08-21 20:49:35 - [MESSAGE][PASSED] - Object 'Object Repository/PartyOnboarding/Personal/PartyContacts/Contact Number_03_Code' is visible&#xD;
&#xD;
2019-08-21 20:49:35 - [MESSAGE][PASSED] - Object 'Object Repository/PartyOnboarding/Personal/PartyContacts/Contact Number_03_Code' has attribute 'readonly'&#xD;
&#xD;
2019-08-21 20:49:35 - [MESSAGE][PASSED] - Object 'Object Repository/PartyOnboarding/Personal/PartyContacts/Contact Email' is visible&#xD;
&#xD;
2019-08-21 20:49:36 - [MESSAGE][PASSED] - Keys 'nguyenthimyle@gmail.com' sent to object: 'Object Repository/PartyOnboarding/Personal/PartyContacts/Contact Email'&#xD;
&#xD;
2019-08-21 20:49:36 - [MESSAGE][PASSED] - Object 'Object Repository/PartyOnboarding/Personal/PartyContacts/Confirm Email' is visible&#xD;
&#xD;
2019-08-21 20:49:36 - [MESSAGE][PASSED] - Keys 'nguyenthimyle@gmail.com' sent to object: 'Object Repository/PartyOnboarding/Personal/PartyContacts/Confirm Email'&#xD;
&#xD;
2019-08-21 20:49:36 - [MESSAGE][PASSED] - Object 'Object Repository/PartyOnboarding/Personal/PartyContacts/Valid From' is visible&#xD;
&#xD;
2019-08-21 20:49:36 - [MESSAGE][PASSED] - Text of object 'Object Repository/PartyOnboarding/Personal/PartyContacts/Valid From' is cleared&#xD;
&#xD;
2019-08-21 20:49:37 - [MESSAGE][PASSED] - Object 'Object Repository/PartyOnboarding/Personal/PartyContacts/Valid From' is visible&#xD;
&#xD;
2019-08-21 20:49:37 - [MESSAGE][PASSED] - Keys '2018-01-25' sent to object: 'Object Repository/PartyOnboarding/Personal/PartyContacts/Valid From'&#xD;
&#xD;
2019-08-21 20:49:37 - [MESSAGE][PASSED] - Object 'Object Repository/PartyOnboarding/Personal/PartyContacts/Save Row' is visible&#xD;
&#xD;
2019-08-21 20:49:37 - [MESSAGE][PASSED] - Execute JavaScript 'arguments[0].click();' successfully&#xD;
&#xD;
2019-08-21 20:49:37 - [TEST_STEP][PASSED] - log.logInfo("--- Input data for Party Contacts - click Next ---"): --- Input data for Party Contacts - click Next ---&#xD;
&#xD;
2019-08-21 20:49:37 - [MESSAGE][INFO] - --- Input data for Party Contacts - click Next ---&#xD;
&#xD;
2019-08-21 20:49:37 - [TEST_STEP][PASSED] - partyOnboardingPersonal.clickNextbutton(): Object: 'Object Repository/PartyOnboarding/btn_Next' is clicked on&#xD;
&#xD;
2019-08-21 20:49:37 - [MESSAGE][PASSED] - Object 'Object Repository/PartyOnboarding/btn_Next' is visible&#xD;
&#xD;
2019-08-21 20:49:37 - [MESSAGE][PASSED] - Object: 'Object Repository/PartyOnboarding/btn_Next' is clicked on&#xD;
&#xD;
2019-08-21 20:49:37 - [TEST_STEP][PASSED] - log.logInfo("--- Input Party Required Documents - Input information for document---"): --- Input Party Required Documents - Input information for document---&#xD;
&#xD;
2019-08-21 20:49:37 - [MESSAGE][INFO] - --- Input Party Required Documents - Input information for document---&#xD;
&#xD;
2019-08-21 20:49:37 - [TEST_STEP][PASSED] - partyOnboardingPersonal.inputDataForPartyRequiredDocuments(s12_documentCategory, s12_kycExpired, s12_documentType, s12_validFrom, s12_validTo, s12_referenceNumber, s12_issuingAuthority, s12_issuingCountry, s12_documentVerified, s12_image, s12_documentCollectionStatus): Keys 'Documents collected and validated centrally' sent to object: 'Object Repository/PartyOnboarding/Personal/PartyRequiredDocument/ddl_DocumentsCollectionStatus'&#xD;
&#xD;
2019-08-21 20:49:38 - [MESSAGE][PASSED] - Delayed 1 second(s)&#xD;
&#xD;
2019-08-21 20:49:38 - [MESSAGE][PASSED] - Object 'Object Repository/PartyOnboarding/Personal/PartyRequiredDocument/New Row' is visible&#xD;
&#xD;
2019-08-21 20:49:38 - [MESSAGE][PASSED] - Execute JavaScript 'arguments[0].click();' successfully&#xD;
&#xD;
2019-08-21 20:49:38 - [MESSAGE][PASSED] - Object 'Object Repository/PartyOnboarding/Personal/PartyRequiredDocument/DocumentCategory' is visible&#xD;
&#xD;
2019-08-21 20:49:39 - [MESSAGE][PASSED] - Keys 'TAB + PT-NRC' sent to object: 'Object Repository/PartyOnboarding/Personal/PartyRequiredDocument/DocumentCategory'&#xD;
&#xD;
2019-08-21 20:49:40 - [MESSAGE][PASSED] - Delayed 1 second(s)&#xD;
&#xD;
2019-08-21 20:49:40 - [MESSAGE][PASSED] - Object 'Object Repository/PartyOnboarding/Personal/PartyRequiredDocument/Document Type' is visible&#xD;
&#xD;
2019-08-21 20:49:40 - [MESSAGE][PASSED] - Keys 'TAB + NRC' sent to object: 'Object Repository/PartyOnboarding/Personal/PartyRequiredDocument/Document Type'&#xD;
&#xD;
2019-08-21 20:49:41 - [MESSAGE][PASSED] - Delayed 1 second(s)&#xD;
&#xD;
2019-08-21 20:49:41 - [MESSAGE][PASSED] - Object 'Object Repository/PartyOnboarding/Personal/PartyRequiredDocument/Issuing Country' is visible&#xD;
&#xD;
2019-08-21 20:49:41 - [MESSAGE][PASSED] - Keys 'Bahrain' sent to object: 'Object Repository/PartyOnboarding/Personal/PartyRequiredDocument/Issuing Country'&#xD;
&#xD;
2019-08-21 20:49:42 - [MESSAGE][PASSED] - Delayed 1 second(s)&#xD;
&#xD;
2019-08-21 20:49:42 - [MESSAGE][PASSED] - Object 'Object Repository/PartyOnboarding/Personal/PartyRequiredDocument/Document Verified' is visible&#xD;
&#xD;
2019-08-21 20:49:42 - [MESSAGE][PASSED] - Keys 'TAB + TRUE' sent to object: 'Object Repository/PartyOnboarding/Personal/PartyRequiredDocument/Document Verified'&#xD;
&#xD;
2019-08-21 20:49:43 - [MESSAGE][PASSED] - Object 'Object Repository/PartyOnboarding/Personal/PartyRequiredDocument/Save Row' is visible&#xD;
&#xD;
2019-08-21 20:49:43 - [MESSAGE][PASSED] - Execute JavaScript 'arguments[0].click();' successfully&#xD;
&#xD;
2019-08-21 20:49:43 - [MESSAGE][PASSED] - Object 'Object Repository/PartyOnboarding/Personal/PartyRequiredDocument/ddl_DocumentsCollectionStatus' is visible&#xD;
&#xD;
2019-08-21 20:49:44 - [MESSAGE][PASSED] - Keys 'Documents collected and validated centrally' sent to object: 'Object Repository/PartyOnboarding/Personal/PartyRequiredDocument/ddl_DocumentsCollectionStatus'&#xD;
&#xD;
2019-08-21 20:49:44 - [TEST_STEP][PASSED] - log.logInfo("--- Input Party Required Documents - Click Next button---"): --- Input Party Required Documents - Click Next button---&#xD;
&#xD;
2019-08-21 20:49:44 - [MESSAGE][INFO] - --- Input Party Required Documents - Click Next button---&#xD;
&#xD;
2019-08-21 20:49:44 - [TEST_STEP][PASSED] - partyOnboardingPersonal.clickNextbutton(): Object: 'Object Repository/PartyOnboarding/btn_Next' is clicked on&#xD;
&#xD;
2019-08-21 20:49:44 - [MESSAGE][PASSED] - Object 'Object Repository/PartyOnboarding/btn_Next' is visible&#xD;
&#xD;
2019-08-21 20:49:44 - [MESSAGE][PASSED] - Object: 'Object Repository/PartyOnboarding/btn_Next' is clicked on&#xD;
&#xD;
2019-08-21 20:49:44 - [TEST_STEP][PASSED] - log.logInfo("--- Input Party Required Documents - Record PartyID ---"): --- Input Party Required Documents - Record PartyID ---&#xD;
&#xD;
2019-08-21 20:49:44 - [MESSAGE][INFO] - --- Input Party Required Documents - Record PartyID ---&#xD;
&#xD;
2019-08-21 20:49:44 - [TEST_STEP][PASSED] - partyOnboardingPersonal.recordPartyId(): Attribute 'value' of object 'Object Repository/PartyOnboarding/Confirmation/PartyID' is: 'GNHNNBMC'&#xD;
&#xD;
2019-08-21 20:49:46 - [MESSAGE][PASSED] - Attribute 'value' of object 'Object Repository/PartyOnboarding/Confirmation/PartyID' is: 'GNHNNBMC'&#xD;
&#xD;
2019-08-21 20:49:47 - [TEST_STEP][PASSED] - log.logInfo("--- Ask For Approve - Click Next button ---"): --- Ask For Approve - Click Next button ---&#xD;
&#xD;
2019-08-21 20:49:47 - [MESSAGE][INFO] - --- Ask For Approve - Click Next button ---&#xD;
&#xD;
2019-08-21 20:49:47 - [TEST_STEP][PASSED] - partyOnboardingPersonal.clickNextbutton(): Object: 'Object Repository/PartyOnboarding/btn_Next' is clicked on&#xD;
&#xD;
2019-08-21 20:49:47 - [MESSAGE][PASSED] - Object 'Object Repository/PartyOnboarding/btn_Next' is visible&#xD;
&#xD;
2019-08-21 20:49:47 - [MESSAGE][PASSED] - Object: 'Object Repository/PartyOnboarding/btn_Next' is clicked on&#xD;
&#xD;
2019-08-21 20:49:47 - [TEST_STEP][PASSED] - log.logInfo("--- Ask For Approve - Click Ask For Approval button ---"): --- Ask For Approve - Click Ask For Approval button ---&#xD;
&#xD;
2019-08-21 20:49:47 - [MESSAGE][INFO] - --- Ask For Approve - Click Ask For Approval button ---&#xD;
&#xD;
2019-08-21 20:49:47 - [TEST_STEP][PASSED] - partyOnboardingPersonal.clickAskForApprovalbutton(): Object: 'Object Repository/PartyOnboarding/RequestToApproval/AskForApproval_btn' is clicked on&#xD;
&#xD;
2019-08-21 20:49:47 - [MESSAGE][PASSED] - Object 'Object Repository/PartyOnboarding/RequestToApproval/AskForApproval_btn' is visible&#xD;
&#xD;
2019-08-21 20:49:48 - [MESSAGE][PASSED] - Object: 'Object Repository/PartyOnboarding/RequestToApproval/AskForApproval_btn' is clicked on</system-out>
            <system-err></system-err>
        </testcase>
        <testcase name="Test Cases/DataPreparation/PartyOnboardingPersonal" classname="Test Cases/DataPreparation/PartyOnboardingPersonal" status="PASSED">
            <system-out>2019-08-21 20:49:48 - [TEST_CASE][PASSED] - Test Cases/DataPreparation/PartyOnboardingPersonal: Test Cases/DataPreparation/PartyOnboardingPersonal&#xD;
&#xD;
2019-08-21 20:49:48 - [TEST_STEP][PASSED] - Start listener action : sampleBeforeTestCase: null&#xD;
&#xD;
2019-08-21 20:49:48 - [TEST_STEP][PASSED] - testCaseID = testCaseContext.getTestCaseId(): null&#xD;
&#xD;
2019-08-21 20:49:48 - [TEST_STEP][PASSED] - partyOnboardingPersonal = new pageObjects.PartyOnboarding(): null&#xD;
&#xD;
2019-08-21 20:49:48 - [TEST_STEP][PASSED] - abtractTest = new commons.AbtractTest(): null&#xD;
&#xD;
2019-08-21 20:49:48 - [TEST_STEP][PASSED] - excelFiles = new report.ExcelFiles(): null&#xD;
&#xD;
2019-08-21 20:49:48 - [TEST_STEP][PASSED] - log = new com.kms.katalon.core.util.KeywordUtil(): null&#xD;
&#xD;
2019-08-21 20:49:48 - [TEST_STEP][PASSED] - results = "": null&#xD;
&#xD;
2019-08-21 20:49:48 - [TEST_STEP][PASSED] - delay(3): Delayed 3 second(s)&#xD;
&#xD;
2019-08-21 20:49:51 - [MESSAGE][PASSED] - Delayed 3 second(s)&#xD;
&#xD;
2019-08-21 20:49:51 - [TEST_STEP][PASSED] - log.logInfo("--- Open Party Onboarding in Menu Search ---"): --- Open Party Onboarding in Menu Search ---&#xD;
&#xD;
2019-08-21 20:49:51 - [MESSAGE][INFO] - --- Open Party Onboarding in Menu Search ---&#xD;
&#xD;
2019-08-21 20:49:51 - [TEST_STEP][PASSED] - partyOnboardingPersonal.inputPartyOnboardingMenuSearch(): Object 'menuSearch_txt' is present&#xD;
&#xD;
2019-08-21 20:49:51 - [MESSAGE][PASSED] - Object 'Object Repository/Menu_Search' is visible&#xD;
&#xD;
2019-08-21 20:49:51 - [MESSAGE][PASSED] - Keys 'ENTER + Party Onboarding' sent to object: 'Object Repository/Menu_Search'&#xD;
&#xD;
2019-08-21 20:49:51 - [MESSAGE][PASSED] - Object 'menuSearch_txt' is present&#xD;
&#xD;
2019-08-21 20:49:51 - [TEST_STEP][PASSED] - log.logInfo("--- Input Local Global ---"): --- Input Local Global ---&#xD;
&#xD;
2019-08-21 20:49:51 - [MESSAGE][INFO] - --- Input Local Global ---&#xD;
&#xD;
2019-08-21 20:49:51 - [TEST_STEP][PASSED] - partyOnboardingPersonal.inputLocalGlobal(s05_localglobal): Keys 'Local Private' sent to object: 'Object Repository/PartyOnboarding/PartyOnboarding/Local Global'&#xD;
&#xD;
2019-08-21 20:49:52 - [MESSAGE][PASSED] - Text of object 'Object Repository/PartyOnboarding/PartyOnboarding/Local Global' is cleared&#xD;
&#xD;
2019-08-21 20:49:52 - [MESSAGE][PASSED] - Object 'Object Repository/PartyOnboarding/PartyOnboarding/Local Global' is visible&#xD;
&#xD;
2019-08-21 20:49:52 - [MESSAGE][PASSED] - Object 'Object Repository/PartyOnboarding/PartyOnboarding/Local Global' is visible&#xD;
&#xD;
2019-08-21 20:49:53 - [MESSAGE][PASSED] - Keys 'Local Private' sent to object: 'Object Repository/PartyOnboarding/PartyOnboarding/Local Global'&#xD;
&#xD;
2019-08-21 20:49:53 - [TEST_STEP][PASSED] - log.logInfo("--- Input Party Type ---"): --- Input Party Type ---&#xD;
&#xD;
2019-08-21 20:49:53 - [MESSAGE][INFO] - --- Input Party Type ---&#xD;
&#xD;
2019-08-21 20:49:53 - [TEST_STEP][PASSED] - partyOnboardingPersonal.inputPartyType(s05_partytype): Keys 'TAB + Personal' sent to object: 'Object Repository/PartyOnboarding/PartyOnboarding/Party Type'&#xD;
&#xD;
2019-08-21 20:49:53 - [MESSAGE][PASSED] - Object 'Object Repository/PartyOnboarding/PartyOnboarding/Party Type' is visible&#xD;
&#xD;
2019-08-21 20:49:53 - [MESSAGE][PASSED] - Keys 'TAB + Personal' sent to object: 'Object Repository/PartyOnboarding/PartyOnboarding/Party Type'&#xD;
&#xD;
2019-08-21 20:49:53 - [TEST_STEP][PASSED] - log.logInfo("--- Input Party Sub Type ---"): --- Input Party Sub Type ---&#xD;
&#xD;
2019-08-21 20:49:53 - [MESSAGE][INFO] - --- Input Party Sub Type ---&#xD;
&#xD;
2019-08-21 20:49:53 - [TEST_STEP][PASSED] - partyOnboardingPersonal.inputPartySubType(s05_partysubtype): Keys 'Individual' sent to object: 'Object Repository/PartyOnboarding/PartyOnboarding/Party Sub-Type'&#xD;
&#xD;
2019-08-21 20:49:54 - [MESSAGE][PASSED] - Delayed 1 second(s)&#xD;
&#xD;
2019-08-21 20:49:54 - [MESSAGE][PASSED] - Object 'Object Repository/PartyOnboarding/PartyOnboarding/Party Type' is visible&#xD;
&#xD;
2019-08-21 20:49:54 - [MESSAGE][PASSED] - Keys 'Individual' sent to object: 'Object Repository/PartyOnboarding/PartyOnboarding/Party Sub-Type'&#xD;
&#xD;
2019-08-21 20:49:54 - [TEST_STEP][PASSED] - log.logInfo("--- Input Party Category ---"): --- Input Party Category ---&#xD;
&#xD;
2019-08-21 20:49:54 - [MESSAGE][INFO] - --- Input Party Category ---&#xD;
&#xD;
2019-08-21 20:49:54 - [TEST_STEP][PASSED] - partyOnboardingPersonal.inputPartyCategory(s05_partycategory): Keys 'Full' sent to object: 'Object Repository/PartyOnboarding/PartyOnboarding/Party Category'&#xD;
&#xD;
2019-08-21 20:49:54 - [MESSAGE][PASSED] - Object 'Object Repository/PartyOnboarding/PartyOnboarding/Party Category' is visible&#xD;
&#xD;
2019-08-21 20:49:55 - [MESSAGE][PASSED] - Keys 'Full' sent to object: 'Object Repository/PartyOnboarding/PartyOnboarding/Party Category'&#xD;
&#xD;
2019-08-21 20:49:55 - [TEST_STEP][PASSED] - log.logInfo("--- Check Line of Business ---"): --- Check Line of Business ---&#xD;
&#xD;
2019-08-21 20:49:55 - [MESSAGE][INFO] - --- Check Line of Business ---&#xD;
&#xD;
2019-08-21 20:49:55 - [TEST_STEP][PASSED] - log.logInfo("--- Click Next to Party Check List  ---"): --- Click Next to Party Check List  ---&#xD;
&#xD;
2019-08-21 20:49:55 - [MESSAGE][INFO] - --- Click Next to Party Check List  ---&#xD;
&#xD;
2019-08-21 20:49:55 - [TEST_STEP][PASSED] - partyOnboardingPersonal.clickNextbutton(): Object: 'Object Repository/PartyOnboarding/btn_Next' is clicked on&#xD;
&#xD;
2019-08-21 20:49:55 - [MESSAGE][PASSED] - Object 'Object Repository/PartyOnboarding/btn_Next' is visible&#xD;
&#xD;
2019-08-21 20:49:55 - [MESSAGE][PASSED] - Object: 'Object Repository/PartyOnboarding/btn_Next' is clicked on&#xD;
&#xD;
2019-08-21 20:49:55 - [TEST_STEP][PASSED] - delay(1): Delayed 1 second(s)&#xD;
&#xD;
2019-08-21 20:49:56 - [MESSAGE][PASSED] - Delayed 1 second(s)&#xD;
&#xD;
2019-08-21 20:49:56 - [TEST_STEP][PASSED] - log.logInfo("--- Click Next to Party Pre-Existence Check  ---"): --- Click Next to Party Pre-Existence Check  ---&#xD;
&#xD;
2019-08-21 20:49:56 - [MESSAGE][INFO] - --- Click Next to Party Pre-Existence Check  ---&#xD;
&#xD;
2019-08-21 20:49:56 - [TEST_STEP][PASSED] - partyOnboardingPersonal.clickNextbutton(): Object: 'Object Repository/PartyOnboarding/btn_Next' is clicked on&#xD;
&#xD;
2019-08-21 20:49:56 - [MESSAGE][PASSED] - Object 'Object Repository/PartyOnboarding/btn_Next' is visible&#xD;
&#xD;
2019-08-21 20:49:56 - [MESSAGE][PASSED] - Object: 'Object Repository/PartyOnboarding/btn_Next' is clicked on&#xD;
&#xD;
2019-08-21 20:49:56 - [TEST_STEP][PASSED] - delay(1): Delayed 1 second(s)&#xD;
&#xD;
2019-08-21 20:49:57 - [MESSAGE][PASSED] - Delayed 1 second(s)&#xD;
&#xD;
2019-08-21 20:49:57 - [TEST_STEP][PASSED] - log.logInfo("--- Input data on Party Pre-Existence Check  ---"): --- Input data on Party Pre-Existence Check  ---&#xD;
&#xD;
2019-08-21 20:49:57 - [MESSAGE][INFO] - --- Input data on Party Pre-Existence Check  ---&#xD;
&#xD;
2019-08-21 20:49:57 - [TEST_STEP][PASSED] - partyOnboardingPersonal.inputPreExistenceCheck(s08_firstname, s08_dateofbirth, s08_nationalldType, s08_nationalldNo, s08_lastname, s08_strState, s08_district01, s08_district02, s08_district03, s08_strType, s08_strregstrationNo): Keys '893064' sent to object: 'Object Repository/PartyOnboarding/Personal/Pre-Existence Check/NRC_fields/txt_RegstrationNo'&#xD;
&#xD;
2019-08-21 20:49:57 - [MESSAGE][PASSED] - Object 'Object Repository/PartyOnboarding/Personal/Pre-Existence Check/txt_FirstName' is visible&#xD;
&#xD;
2019-08-21 20:49:57 - [MESSAGE][PASSED] - Keys 'ATO 0000002' sent to object: 'Object Repository/PartyOnboarding/Personal/Pre-Existence Check/txt_FirstName'&#xD;
&#xD;
2019-08-21 20:49:57 - [MESSAGE][PASSED] - Object 'Object Repository/PartyOnboarding/Personal/Pre-Existence Check/txt_LastName' is visible&#xD;
&#xD;
2019-08-21 20:49:57 - [MESSAGE][PASSED] - Keys 'Nguyen' sent to object: 'Object Repository/PartyOnboarding/Personal/Pre-Existence Check/txt_LastName'&#xD;
&#xD;
2019-08-21 20:49:57 - [MESSAGE][PASSED] - Object 'Object Repository/PartyOnboarding/Personal/Pre-Existence Check/txt_DateOfBirth' is visible&#xD;
&#xD;
2019-08-21 20:49:58 - [MESSAGE][PASSED] - Keys '12-17-1990' sent to object: 'Object Repository/PartyOnboarding/Personal/Pre-Existence Check/txt_DateOfBirth'&#xD;
&#xD;
2019-08-21 20:49:58 - [MESSAGE][PASSED] - Object 'Object Repository/PartyOnboarding/Personal/Pre-Existence Check/ddl_NationlldType' is visible&#xD;
&#xD;
2019-08-21 20:49:58 - [MESSAGE][PASSED] - Keys 'TAB + NRC' sent to object: 'Object Repository/PartyOnboarding/Personal/Pre-Existence Check/ddl_NationlldType'&#xD;
&#xD;
2019-08-21 20:49:58 - [MESSAGE][PASSED] - Object 'Object Repository/PartyOnboarding/Personal/Pre-Existence Check/txt_NationalldNo' is visible&#xD;
&#xD;
2019-08-21 20:49:58 - [MESSAGE][PASSED] - Object 'Object Repository/PartyOnboarding/Personal/Pre-Existence Check/NRC_fields/ddl_State' is visible&#xD;
&#xD;
2019-08-21 20:49:58 - [MESSAGE][PASSED] - Keys '10' sent to object: 'Object Repository/PartyOnboarding/Personal/Pre-Existence Check/NRC_fields/ddl_State'&#xD;
&#xD;
2019-08-21 20:49:58 - [MESSAGE][PASSED] - Object 'Object Repository/PartyOnboarding/Personal/Pre-Existence Check/NRC_fields/ddl_District01' is visible&#xD;
&#xD;
2019-08-21 20:49:58 - [MESSAGE][PASSED] - Keys 'AH' sent to object: 'Object Repository/PartyOnboarding/Personal/Pre-Existence Check/NRC_fields/ddl_District01'&#xD;
&#xD;
2019-08-21 20:49:58 - [MESSAGE][PASSED] - Object 'Object Repository/PartyOnboarding/Personal/Pre-Existence Check/NRC_fields/ddl_District02' is visible&#xD;
&#xD;
2019-08-21 20:49:58 - [MESSAGE][PASSED] - Keys 'AH' sent to object: 'Object Repository/PartyOnboarding/Personal/Pre-Existence Check/NRC_fields/ddl_District02'&#xD;
&#xD;
2019-08-21 20:49:58 - [MESSAGE][PASSED] - Object 'Object Repository/PartyOnboarding/Personal/Pre-Existence Check/NRC_fields/ddl_District03' is visible&#xD;
&#xD;
2019-08-21 20:49:58 - [MESSAGE][PASSED] - Keys 'AH' sent to object: 'Object Repository/PartyOnboarding/Personal/Pre-Existence Check/NRC_fields/ddl_District03'&#xD;
&#xD;
2019-08-21 20:49:58 - [MESSAGE][PASSED] - Object 'Object Repository/PartyOnboarding/Personal/Pre-Existence Check/NRC_fields/ddl_Type' is visible&#xD;
&#xD;
2019-08-21 20:49:59 - [MESSAGE][PASSED] - Keys '(HTAYA)' sent to object: 'Object Repository/PartyOnboarding/Personal/Pre-Existence Check/NRC_fields/ddl_Type'&#xD;
&#xD;
2019-08-21 20:49:59 - [MESSAGE][PASSED] - Object 'Object Repository/PartyOnboarding/Personal/Pre-Existence Check/NRC_fields/txt_RegstrationNo' is visible&#xD;
&#xD;
2019-08-21 20:49:59 - [MESSAGE][PASSED] - Keys '893064' sent to object: 'Object Repository/PartyOnboarding/Personal/Pre-Existence Check/NRC_fields/txt_RegstrationNo'&#xD;
&#xD;
2019-08-21 20:49:59 - [TEST_STEP][PASSED] - log.logInfo("--- Click Next button ---"): --- Click Next button ---&#xD;
&#xD;
2019-08-21 20:49:59 - [MESSAGE][INFO] - --- Click Next button ---&#xD;
&#xD;
2019-08-21 20:49:59 - [TEST_STEP][PASSED] - partyOnboardingPersonal.clickNextbutton(): Object: 'Object Repository/PartyOnboarding/btn_Next' is clicked on&#xD;
&#xD;
2019-08-21 20:49:59 - [MESSAGE][PASSED] - Object 'Object Repository/PartyOnboarding/btn_Next' is visible&#xD;
&#xD;
2019-08-21 20:49:59 - [MESSAGE][PASSED] - Object: 'Object Repository/PartyOnboarding/btn_Next' is clicked on&#xD;
&#xD;
2019-08-21 20:49:59 - [TEST_STEP][PASSED] - log.logInfo("--- Key in data all required fields on Personal Party - PartyId ---"): --- Key in data all required fields on Personal Party - PartyId ---&#xD;
&#xD;
2019-08-21 20:49:59 - [MESSAGE][INFO] - --- Key in data all required fields on Personal Party - PartyId ---&#xD;
&#xD;
2019-08-21 20:49:59 - [TEST_STEP][PASSED] - partyOnboardingPersonal.inputPartyId(): Web element with id: 'Object Repository/PartyOnboarding/Personal/PersonalParty/Message/pop_ErrorDuplicatePartyID' located by 'By.xpath: //textarea[@name='03messages']' not found&#xD;
&#xD;
2019-08-21 20:50:00 - [MESSAGE][PASSED] - Object 'Object Repository/PartyOnboarding/Personal/PersonalParty/txt_PartyID' is visible&#xD;
&#xD;
2019-08-21 20:50:00 - [MESSAGE][PASSED] - Object 'Object Repository/PartyOnboarding/Personal/PersonalParty/txt_PartyID' is visible&#xD;
&#xD;
2019-08-21 20:50:00 - [MESSAGE][PASSED] - Keys 'TAB + qEXMcfcc' sent to object: 'Object Repository/PartyOnboarding/Personal/PersonalParty/txt_PartyID'&#xD;
&#xD;
2019-08-21 20:50:31 - [MESSAGE][INFO] - Unable to find the element located by 'By.xpath: //textarea[@name='03messages']'. Please recheck the objects properties to make sure the desired element is located. &#xD;
&#xD;
2019-08-21 20:50:31 - [MESSAGE][WARNING] - Web element with id: 'Object Repository/PartyOnboarding/Personal/PersonalParty/Message/pop_ErrorDuplicatePartyID' located by 'By.xpath: //textarea[@name='03messages']' not found&#xD;
&#xD;
2019-08-21 20:50:31 - [TEST_STEP][PASSED] - log.logInfo("--- Key in data all required fields on Personal Party - Input Nation Identifer Type ---"): --- Key in data all required fields on Personal Party - Input Nation Identifer Type ---&#xD;
&#xD;
2019-08-21 20:50:31 - [MESSAGE][INFO] - --- Key in data all required fields on Personal Party - Input Nation Identifer Type ---&#xD;
&#xD;
2019-08-21 20:50:31 - [TEST_STEP][PASSED] - partyOnboardingPersonal.inputNationalIdentifierType(s09_nationIdentifierType): Keys 'TAB + Passport' sent to object: 'Object Repository/PartyOnboarding/Personal/PersonalParty/ddl_NationalIdentifierType'&#xD;
&#xD;
2019-08-21 20:50:32 - [MESSAGE][PASSED] - Object 'Object Repository/PartyOnboarding/Personal/PersonalParty/ddl_NationalIdentifierType' is visible&#xD;
&#xD;
2019-08-21 20:50:32 - [MESSAGE][PASSED] - Keys 'TAB + Passport' sent to object: 'Object Repository/PartyOnboarding/Personal/PersonalParty/ddl_NationalIdentifierType'&#xD;
&#xD;
2019-08-21 20:50:32 - [TEST_STEP][PASSED] - log.logInfo("--- Key in data all required fields on Personal Party - Input Nation Identifer ---"): --- Key in data all required fields on Personal Party - Input Nation Identifer ---&#xD;
&#xD;
2019-08-21 20:50:32 - [MESSAGE][INFO] - --- Key in data all required fields on Personal Party - Input Nation Identifer ---&#xD;
&#xD;
2019-08-21 20:50:32 - [TEST_STEP][PASSED] - partyOnboardingPersonal.inputNationalIdentifier(s09_nationIdentifier): Keys 'TAB + 12345602' sent to object: 'Object Repository/PartyOnboarding/Personal/PersonalParty/txt_NationalIdentifier'&#xD;
&#xD;
2019-08-21 20:50:32 - [MESSAGE][PASSED] - Object 'Object Repository/PartyOnboarding/Personal/PersonalParty/txt_NationalIdentifier' is visible&#xD;
&#xD;
2019-08-21 20:50:32 - [MESSAGE][PASSED] - Keys 'TAB + 12345602' sent to object: 'Object Repository/PartyOnboarding/Personal/PersonalParty/txt_NationalIdentifier'&#xD;
&#xD;
2019-08-21 20:50:32 - [TEST_STEP][PASSED] - log.logInfo("--- Key in data all required fields on Personal Party - Input Title ---"): --- Key in data all required fields on Personal Party - Input Title ---&#xD;
&#xD;
2019-08-21 20:50:32 - [MESSAGE][INFO] - --- Key in data all required fields on Personal Party - Input Title ---&#xD;
&#xD;
2019-08-21 20:50:32 - [TEST_STEP][PASSED] - partyOnboardingPersonal.inputTitle(s09_title): Keys 'TAB + Ms' sent to object: 'Object Repository/PartyOnboarding/Personal/PersonalParty/ddl_Title'&#xD;
&#xD;
2019-08-21 20:50:32 - [MESSAGE][PASSED] - Object 'Object Repository/PartyOnboarding/Personal/PersonalParty/ddl_Title' is visible&#xD;
&#xD;
2019-08-21 20:50:32 - [MESSAGE][PASSED] - Keys 'TAB + Ms' sent to object: 'Object Repository/PartyOnboarding/Personal/PersonalParty/ddl_Title'&#xD;
&#xD;
2019-08-21 20:50:32 - [TEST_STEP][PASSED] - log.logInfo("--- Key in data all required fields on Personal Party - Input Employment Status ---"): --- Key in data all required fields on Personal Party - Input Employment Status ---&#xD;
&#xD;
2019-08-21 20:50:32 - [MESSAGE][INFO] - --- Key in data all required fields on Personal Party - Input Employment Status ---&#xD;
&#xD;
2019-08-21 20:50:32 - [TEST_STEP][PASSED] - partyOnboardingPersonal.inputEmploymentStatus(s09_employmentStatus): Keys 'TAB + Student' sent to object: 'Object Repository/PartyOnboarding/Personal/PersonalParty/ddl_EmploymentStatus'&#xD;
&#xD;
2019-08-21 20:50:32 - [MESSAGE][PASSED] - Object 'Object Repository/PartyOnboarding/Personal/PersonalParty/ddl_EmploymentStatus' is visible&#xD;
&#xD;
2019-08-21 20:50:32 - [MESSAGE][PASSED] - Keys 'TAB + Student' sent to object: 'Object Repository/PartyOnboarding/Personal/PersonalParty/ddl_EmploymentStatus'&#xD;
&#xD;
2019-08-21 20:50:32 - [TEST_STEP][PASSED] - log.logInfo("--- Key in data all required fields on Personal Party - Input Gender ---"): --- Key in data all required fields on Personal Party - Input Gender ---&#xD;
&#xD;
2019-08-21 20:50:32 - [MESSAGE][INFO] - --- Key in data all required fields on Personal Party - Input Gender ---&#xD;
&#xD;
2019-08-21 20:50:32 - [TEST_STEP][PASSED] - partyOnboardingPersonal.inputGender(s09_gender): Keys 'TAB + Female' sent to object: 'Object Repository/PartyOnboarding/Personal/PersonalParty/ddl_Gender'&#xD;
&#xD;
2019-08-21 20:50:32 - [MESSAGE][PASSED] - Object 'Object Repository/PartyOnboarding/Personal/PersonalParty/ddl_Gender' is visible&#xD;
&#xD;
2019-08-21 20:50:32 - [MESSAGE][PASSED] - Keys 'TAB + Female' sent to object: 'Object Repository/PartyOnboarding/Personal/PersonalParty/ddl_Gender'&#xD;
&#xD;
2019-08-21 20:50:32 - [TEST_STEP][PASSED] - log.logInfo("--- Key in data all required fields on Personal Party - Input Civil Status ---"): --- Key in data all required fields on Personal Party - Input Civil Status ---&#xD;
&#xD;
2019-08-21 20:50:32 - [MESSAGE][INFO] - --- Key in data all required fields on Personal Party - Input Civil Status ---&#xD;
&#xD;
2019-08-21 20:50:32 - [TEST_STEP][PASSED] - partyOnboardingPersonal.inputCivilStatus(s09_civilStatus): Keys 'TAB + Single' sent to object: 'Object Repository/PartyOnboarding/Personal/PersonalParty/txt_CivilStatus'&#xD;
&#xD;
2019-08-21 20:50:33 - [MESSAGE][PASSED] - Object 'Object Repository/PartyOnboarding/Personal/PersonalParty/txt_CivilStatus' is visible&#xD;
&#xD;
2019-08-21 20:50:33 - [MESSAGE][PASSED] - Keys 'TAB + Single' sent to object: 'Object Repository/PartyOnboarding/Personal/PersonalParty/txt_CivilStatus'&#xD;
&#xD;
2019-08-21 20:50:33 - [TEST_STEP][PASSED] - log.logInfo("--- Key in data all required fields on Personal Party - Input Mother's Maiden Name ---"): --- Key in data all required fields on Personal Party - Input Mother's Maiden Name ---&#xD;
&#xD;
2019-08-21 20:50:33 - [MESSAGE][INFO] - --- Key in data all required fields on Personal Party - Input Mother's Maiden Name ---&#xD;
&#xD;
2019-08-21 20:50:33 - [TEST_STEP][PASSED] - partyOnboardingPersonal.inputMotherMaidenName(s09_motherMaidenName): Keys 'TAB + Mother's Name' sent to object: 'Object Repository/PartyOnboarding/Personal/PersonalParty/txt_MothersMaidenName'&#xD;
&#xD;
2019-08-21 20:50:33 - [MESSAGE][PASSED] - Object 'Object Repository/PartyOnboarding/Personal/PersonalParty/txt_MothersMaidenName' is visible&#xD;
&#xD;
2019-08-21 20:50:33 - [MESSAGE][PASSED] - Keys 'TAB + Mother's Name' sent to object: 'Object Repository/PartyOnboarding/Personal/PersonalParty/txt_MothersMaidenName'&#xD;
&#xD;
2019-08-21 20:50:33 - [TEST_STEP][PASSED] - log.logInfo("--- Key in data all required fields on Personal Party - Input Short Name ---"): --- Key in data all required fields on Personal Party - Input Short Name ---&#xD;
&#xD;
2019-08-21 20:50:33 - [MESSAGE][INFO] - --- Key in data all required fields on Personal Party - Input Short Name ---&#xD;
&#xD;
2019-08-21 20:50:33 - [TEST_STEP][PASSED] - partyOnboardingPersonal.inputShortName(s09_shortName): Keys 'TAB + Le 12' sent to object: 'Object Repository/PartyOnboarding/Personal/PersonalParty/txt_ShortName'&#xD;
&#xD;
2019-08-21 20:50:33 - [MESSAGE][PASSED] - Object 'Object Repository/PartyOnboarding/Personal/PersonalParty/txt_ShortName' is visible&#xD;
&#xD;
2019-08-21 20:50:33 - [MESSAGE][PASSED] - Keys 'TAB + Le 12' sent to object: 'Object Repository/PartyOnboarding/Personal/PersonalParty/txt_ShortName'&#xD;
&#xD;
2019-08-21 20:50:33 - [TEST_STEP][PASSED] - log.logInfo("---Key in data all required fields on Personal Party - Input Grandfather's Name ---"): ---Key in data all required fields on Personal Party - Input Grandfather's Name ---&#xD;
&#xD;
2019-08-21 20:50:33 - [MESSAGE][INFO] - ---Key in data all required fields on Personal Party - Input Grandfather's Name ---&#xD;
&#xD;
2019-08-21 20:50:33 - [TEST_STEP][PASSED] - partyOnboardingPersonal.inputGrandfatherName(s09_grandfatherName): Keys 'TAB + Grandfatther' sent to object: 'Object Repository/PartyOnboarding/Personal/PersonalParty/txt_GrandfathersName'&#xD;
&#xD;
2019-08-21 20:50:33 - [MESSAGE][PASSED] - Object 'Object Repository/PartyOnboarding/Personal/PersonalParty/txt_GrandfathersName' is visible&#xD;
&#xD;
2019-08-21 20:50:33 - [MESSAGE][PASSED] - Keys 'TAB + Grandfatther' sent to object: 'Object Repository/PartyOnboarding/Personal/PersonalParty/txt_GrandfathersName'&#xD;
&#xD;
2019-08-21 20:50:33 - [TEST_STEP][PASSED] - log.logInfo("---Key in data all required fields on Personal Party - Input Nationality ---"): ---Key in data all required fields on Personal Party - Input Nationality ---&#xD;
&#xD;
2019-08-21 20:50:33 - [MESSAGE][INFO] - ---Key in data all required fields on Personal Party - Input Nationality ---&#xD;
&#xD;
2019-08-21 20:50:33 - [TEST_STEP][PASSED] - partyOnboardingPersonal.inputNationality(s09_nationality): Keys 'TAB + Myanmar' sent to object: 'Object Repository/PartyOnboarding/Personal/PersonalParty/ddl_Nationality'&#xD;
&#xD;
2019-08-21 20:50:33 - [MESSAGE][PASSED] - Object 'Object Repository/PartyOnboarding/Personal/PersonalParty/ddl_Nationality' is visible&#xD;
&#xD;
2019-08-21 20:50:34 - [MESSAGE][PASSED] - Keys 'TAB + Myanmar' sent to object: 'Object Repository/PartyOnboarding/Personal/PersonalParty/ddl_Nationality'&#xD;
&#xD;
2019-08-21 20:50:34 - [TEST_STEP][PASSED] - log.logInfo("--- Key in data all required fields on Personal Party - Input Resident Status ---"): --- Key in data all required fields on Personal Party - Input Resident Status ---&#xD;
&#xD;
2019-08-21 20:50:34 - [MESSAGE][INFO] - --- Key in data all required fields on Personal Party - Input Resident Status ---&#xD;
&#xD;
2019-08-21 20:50:34 - [TEST_STEP][PASSED] - partyOnboardingPersonal.inputResidentStatus(s09_residentStatus): Keys 'Diplomat' sent to object: 'Object Repository/PartyOnboarding/Personal/PersonalParty/ddl_ResidentStatus'&#xD;
&#xD;
2019-08-21 20:50:34 - [MESSAGE][PASSED] - Object 'Object Repository/PartyOnboarding/Personal/PersonalParty/ddl_ResidentStatus' is visible&#xD;
&#xD;
2019-08-21 20:50:34 - [MESSAGE][PASSED] - Keys 'Diplomat' sent to object: 'Object Repository/PartyOnboarding/Personal/PersonalParty/ddl_ResidentStatus'&#xD;
&#xD;
2019-08-21 20:50:34 - [TEST_STEP][PASSED] - log.logInfo("--- Key in data all required fields on Personal Party - Input Tax ID Number ---"): --- Key in data all required fields on Personal Party - Input Tax ID Number ---&#xD;
&#xD;
2019-08-21 20:50:34 - [MESSAGE][INFO] - --- Key in data all required fields on Personal Party - Input Tax ID Number ---&#xD;
&#xD;
2019-08-21 20:50:34 - [TEST_STEP][PASSED] - partyOnboardingPersonal.inputTaxIDNumber(s09_taxIDNumber): Keys 'TAB + 12345678' sent to object: 'Object Repository/PartyOnboarding/Personal/PersonalParty/txt_TaxIDNumber'&#xD;
&#xD;
2019-08-21 20:50:34 - [MESSAGE][PASSED] - Object 'Object Repository/PartyOnboarding/Personal/PersonalParty/txt_TaxIDNumber' is visible&#xD;
&#xD;
2019-08-21 20:50:34 - [MESSAGE][PASSED] - Keys 'TAB + 12345678' sent to object: 'Object Repository/PartyOnboarding/Personal/PersonalParty/txt_TaxIDNumber'&#xD;
&#xD;
2019-08-21 20:50:34 - [TEST_STEP][PASSED] - log.logInfo("--- Key in data all required fields on Personal Party - Input Religion ---"): --- Key in data all required fields on Personal Party - Input Religion ---&#xD;
&#xD;
2019-08-21 20:50:34 - [MESSAGE][INFO] - --- Key in data all required fields on Personal Party - Input Religion ---&#xD;
&#xD;
2019-08-21 20:50:34 - [TEST_STEP][PASSED] - partyOnboardingPersonal.inputReligion(s09_religion): Keys 'TAB + Christianity' sent to object: 'Object Repository/PartyOnboarding/Personal/PersonalParty/ddl_Religion'&#xD;
&#xD;
2019-08-21 20:50:34 - [MESSAGE][PASSED] - Object 'Object Repository/PartyOnboarding/Personal/PersonalParty/ddl_Religion' is visible&#xD;
&#xD;
2019-08-21 20:50:34 - [MESSAGE][PASSED] - Keys 'TAB + Christianity' sent to object: 'Object Repository/PartyOnboarding/Personal/PersonalParty/ddl_Religion'&#xD;
&#xD;
2019-08-21 20:50:34 - [TEST_STEP][PASSED] - log.logInfo("--- Key in data all required fields on Personal Party - Click Next button ---"): --- Key in data all required fields on Personal Party - Click Next button ---&#xD;
&#xD;
2019-08-21 20:50:34 - [MESSAGE][INFO] - --- Key in data all required fields on Personal Party - Click Next button ---&#xD;
&#xD;
2019-08-21 20:50:34 - [TEST_STEP][PASSED] - partyOnboardingPersonal.clickNextbutton(): Object: 'Object Repository/PartyOnboarding/btn_Next' is clicked on&#xD;
&#xD;
2019-08-21 20:50:35 - [MESSAGE][PASSED] - Object 'Object Repository/PartyOnboarding/btn_Next' is visible&#xD;
&#xD;
2019-08-21 20:50:35 - [MESSAGE][PASSED] - Object: 'Object Repository/PartyOnboarding/btn_Next' is clicked on&#xD;
&#xD;
2019-08-21 20:50:35 - [TEST_STEP][PASSED] - log.logInfo("--- Key in data all required fields on Personal Party - Click Process on Warning box ---"): --- Key in data all required fields on Personal Party - Click Process on Warning box ---&#xD;
&#xD;
2019-08-21 20:50:35 - [MESSAGE][INFO] - --- Key in data all required fields on Personal Party - Click Process on Warning box ---&#xD;
&#xD;
2019-08-21 20:50:35 - [TEST_STEP][PASSED] - partyOnboardingPersonal.clickProcessInWarningBox(): Object: 'Object Repository/PartyOnboarding/Personal/PersonalParty/btn_Warnings_Proceed_NotCapture' is clicked on&#xD;
&#xD;
2019-08-21 20:50:35 - [MESSAGE][PASSED] - Object 'Object Repository/PartyOnboarding/Personal/PersonalParty/btn_Warnings_Proceed_NotCapture' is visible&#xD;
&#xD;
2019-08-21 20:50:35 - [MESSAGE][PASSED] - Object: 'Object Repository/PartyOnboarding/Personal/PersonalParty/btn_Warnings_Proceed_NotCapture' is clicked on&#xD;
&#xD;
2019-08-21 20:50:35 - [TEST_STEP][PASSED] - log.logInfo("--- Input required fields for Party Address - Input Address Type, User of Communication and Valid From---"): --- Input required fields for Party Address - Input Address Type, User of Communication and Valid From---&#xD;
&#xD;
2019-08-21 20:50:35 - [MESSAGE][INFO] - --- Input required fields for Party Address - Input Address Type, User of Communication and Valid From---&#xD;
&#xD;
2019-08-21 20:50:35 - [TEST_STEP][PASSED] - partyOnboardingPersonal.inputRDataForAddressParty(s10_addressType, s10_userForCommunication, s10_validFrom): Execute JavaScript 'arguments[0].click();' successfully&#xD;
&#xD;
2019-08-21 20:50:37 - [MESSAGE][PASSED] - Object 'Object Repository/PartyOnboarding/Personal/PartyAddress/button_New Row_PartyAddress' is visible&#xD;
&#xD;
2019-08-21 20:50:37 - [MESSAGE][PASSED] - Execute JavaScript 'arguments[0].click();' successfully&#xD;
&#xD;
2019-08-21 20:50:37 - [MESSAGE][PASSED] - Object 'Object Repository/PartyOnboarding/Personal/PartyAddress/Address Type' is visible&#xD;
&#xD;
2019-08-21 20:50:37 - [MESSAGE][PASSED] - Keys 'TAB + Home Address' sent to object: 'Object Repository/PartyOnboarding/Personal/PartyAddress/Address Type'&#xD;
&#xD;
2019-08-21 20:50:37 - [MESSAGE][PASSED] - Object 'Object Repository/PartyOnboarding/Personal/PartyAddress/Valid From' is visible&#xD;
&#xD;
2019-08-21 20:50:37 - [MESSAGE][PASSED] - Text of object 'Object Repository/PartyOnboarding/Personal/PartyAddress/Valid From' is cleared&#xD;
&#xD;
2019-08-21 20:50:37 - [MESSAGE][PASSED] - Object 'Object Repository/PartyOnboarding/Personal/PartyAddress/Valid From' is visible&#xD;
&#xD;
2019-08-21 20:50:38 - [MESSAGE][PASSED] - Keys '2018-01-14' sent to object: 'Object Repository/PartyOnboarding/Personal/PartyAddress/Valid From'&#xD;
&#xD;
2019-08-21 20:50:38 - [MESSAGE][PASSED] - Object 'Object Repository/PartyOnboarding/Personal/PartyAddress/chk_Use  for Communication' is present&#xD;
&#xD;
2019-08-21 20:50:38 - [MESSAGE][PASSED] - Attribute 'aria-checked' of object 'Object Repository/PartyOnboarding/Personal/PartyAddress/chk_Use  for Communication' is: 'false'&#xD;
&#xD;
2019-08-21 20:50:38 - [MESSAGE][PASSED] - Object 'Object Repository/PartyOnboarding/Personal/PartyAddress/chk_Use  for Communication' is checked&#xD;
&#xD;
2019-08-21 20:50:38 - [MESSAGE][PASSED] - Object 'Object Repository/PartyOnboarding/Personal/PartyAddress/SaveRow' is visible&#xD;
&#xD;
2019-08-21 20:50:38 - [MESSAGE][PASSED] - Execute JavaScript 'arguments[0].click();' successfully&#xD;
&#xD;
2019-08-21 20:50:38 - [MESSAGE][PASSED] - Object 'Object Repository/PartyOnboarding/Personal/PartyAddress/button_New Row_PartyAddress' is visible&#xD;
&#xD;
2019-08-21 20:50:38 - [MESSAGE][PASSED] - Execute JavaScript 'arguments[0].click();' successfully&#xD;
&#xD;
2019-08-21 20:50:38 - [MESSAGE][PASSED] - Object 'Object Repository/PartyOnboarding/Personal/PartyAddress/Address Type' is visible&#xD;
&#xD;
2019-08-21 20:50:39 - [MESSAGE][PASSED] - Keys 'TAB + Office Address' sent to object: 'Object Repository/PartyOnboarding/Personal/PartyAddress/Address Type'&#xD;
&#xD;
2019-08-21 20:50:39 - [MESSAGE][PASSED] - Object 'Object Repository/PartyOnboarding/Personal/PartyAddress/Valid From' is visible&#xD;
&#xD;
2019-08-21 20:50:39 - [MESSAGE][PASSED] - Text of object 'Object Repository/PartyOnboarding/Personal/PartyAddress/Valid From' is cleared&#xD;
&#xD;
2019-08-21 20:50:39 - [MESSAGE][PASSED] - Object 'Object Repository/PartyOnboarding/Personal/PartyAddress/Valid From' is visible&#xD;
&#xD;
2019-08-21 20:50:39 - [MESSAGE][PASSED] - Keys '2018-01-17' sent to object: 'Object Repository/PartyOnboarding/Personal/PartyAddress/Valid From'&#xD;
&#xD;
2019-08-21 20:50:39 - [MESSAGE][PASSED] - Object 'Object Repository/PartyOnboarding/Personal/PartyAddress/SaveRow' is visible&#xD;
&#xD;
2019-08-21 20:50:39 - [MESSAGE][PASSED] - Execute JavaScript 'arguments[0].click();' successfully&#xD;
&#xD;
2019-08-21 20:50:39 - [MESSAGE][PASSED] - Object 'Object Repository/PartyOnboarding/Personal/PartyAddress/button_New Row_PartyAddress' is visible&#xD;
&#xD;
2019-08-21 20:50:39 - [MESSAGE][PASSED] - Execute JavaScript 'arguments[0].click();' successfully&#xD;
&#xD;
2019-08-21 20:50:39 - [MESSAGE][PASSED] - Object 'Object Repository/PartyOnboarding/Personal/PartyAddress/Address Type' is visible&#xD;
&#xD;
2019-08-21 20:50:40 - [MESSAGE][PASSED] - Keys 'TAB + Current Address' sent to object: 'Object Repository/PartyOnboarding/Personal/PartyAddress/Address Type'&#xD;
&#xD;
2019-08-21 20:50:40 - [MESSAGE][PASSED] - Object 'Object Repository/PartyOnboarding/Personal/PartyAddress/Valid From' is visible&#xD;
&#xD;
2019-08-21 20:50:40 - [MESSAGE][PASSED] - Text of object 'Object Repository/PartyOnboarding/Personal/PartyAddress/Valid From' is cleared&#xD;
&#xD;
2019-08-21 20:50:40 - [MESSAGE][PASSED] - Object 'Object Repository/PartyOnboarding/Personal/PartyAddress/Valid From' is visible&#xD;
&#xD;
2019-08-21 20:50:40 - [MESSAGE][PASSED] - Keys '2017-01-18' sent to object: 'Object Repository/PartyOnboarding/Personal/PartyAddress/Valid From'&#xD;
&#xD;
2019-08-21 20:50:40 - [MESSAGE][PASSED] - Object 'Object Repository/PartyOnboarding/Personal/PartyAddress/SaveRow' is visible&#xD;
&#xD;
2019-08-21 20:50:40 - [MESSAGE][PASSED] - Execute JavaScript 'arguments[0].click();' successfully&#xD;
&#xD;
2019-08-21 20:50:40 - [TEST_STEP][PASSED] - log.logInfo("--- Input required fields for Party Address - click Next button---"): --- Input required fields for Party Address - click Next button---&#xD;
&#xD;
2019-08-21 20:50:40 - [MESSAGE][INFO] - --- Input required fields for Party Address - click Next button---&#xD;
&#xD;
2019-08-21 20:50:40 - [TEST_STEP][PASSED] - partyOnboardingPersonal.clickNextbutton(): Object: 'Object Repository/PartyOnboarding/btn_Next' is clicked on&#xD;
&#xD;
2019-08-21 20:50:40 - [MESSAGE][PASSED] - Object 'Object Repository/PartyOnboarding/btn_Next' is visible&#xD;
&#xD;
2019-08-21 20:50:41 - [MESSAGE][PASSED] - Object: 'Object Repository/PartyOnboarding/btn_Next' is clicked on&#xD;
&#xD;
2019-08-21 20:50:41 - [TEST_STEP][PASSED] - log.logInfo("--- Input data for Party Contacts ---"): --- Input data for Party Contacts ---&#xD;
&#xD;
2019-08-21 20:50:41 - [MESSAGE][INFO] - --- Input data for Party Contacts ---&#xD;
&#xD;
2019-08-21 20:50:41 - [TEST_STEP][PASSED] - partyOnboardingPersonal.inputDataForPartyContacts(s11_contactMethod, s11_contactTypeLocation, s11_contactCountryCode, s11_contactAreaCode, s11_contactNumber, s11_contactEmail, s11_confirmEmail, s11_validFrom): Execute JavaScript 'arguments[0].click();' successfully&#xD;
&#xD;
2019-08-21 20:50:41 - [MESSAGE][PASSED] - Object 'Object Repository/PartyOnboarding/Personal/PartyContacts/New Row' is visible&#xD;
&#xD;
2019-08-21 20:50:41 - [MESSAGE][PASSED] - Execute JavaScript 'arguments[0].click();' successfully&#xD;
&#xD;
2019-08-21 20:50:42 - [MESSAGE][PASSED] - Delayed 1 second(s)&#xD;
&#xD;
2019-08-21 20:50:42 - [MESSAGE][PASSED] - Object 'Object Repository/PartyOnboarding/Personal/PartyContacts/Contact Method' is visible&#xD;
&#xD;
2019-08-21 20:50:43 - [MESSAGE][PASSED] - Keys 'TAB + Telephone' sent to object: 'Object Repository/PartyOnboarding/Personal/PartyContacts/Contact Method'&#xD;
&#xD;
2019-08-21 20:50:44 - [MESSAGE][PASSED] - Delayed 1 second(s)&#xD;
&#xD;
2019-08-21 20:50:44 - [MESSAGE][PASSED] - Object 'Object Repository/PartyOnboarding/Personal/PartyContacts/Contact Type  Location' is visible&#xD;
&#xD;
2019-08-21 20:50:44 - [MESSAGE][PASSED] - Keys 'TAB + Personal' sent to object: 'Object Repository/PartyOnboarding/Personal/PartyContacts/Contact Type  Location'&#xD;
&#xD;
2019-08-21 20:50:44 - [MESSAGE][PASSED] - Object 'Object Repository/PartyOnboarding/Personal/PartyContacts/Contact Email' is visible&#xD;
&#xD;
2019-08-21 20:50:44 - [MESSAGE][PASSED] - Object 'Object Repository/PartyOnboarding/Personal/PartyContacts/Contact Email' has attribute 'readonly'&#xD;
&#xD;
2019-08-21 20:50:44 - [MESSAGE][PASSED] - Object 'Object Repository/PartyOnboarding/Personal/PartyContacts/Contact Number_03_Code' is visible&#xD;
&#xD;
2019-08-21 20:50:44 - [MESSAGE][PASSED] - Text of object 'Object Repository/PartyOnboarding/Personal/PartyContacts/Contact Number_03_Code' is cleared&#xD;
&#xD;
2019-08-21 20:50:44 - [MESSAGE][PASSED] - Object 'Object Repository/PartyOnboarding/Personal/PartyContacts/Contact Number_03_Code' is visible&#xD;
&#xD;
2019-08-21 20:50:44 - [MESSAGE][PASSED] - Keys '+95' sent to object: 'Object Repository/PartyOnboarding/Personal/PartyContacts/Contact Number_03_Code'&#xD;
&#xD;
2019-08-21 20:50:44 - [MESSAGE][PASSED] - Object 'Object Repository/PartyOnboarding/Personal/PartyContacts/Contact Number_AreaCode' is visible&#xD;
&#xD;
2019-08-21 20:50:44 - [MESSAGE][PASSED] - Keys '' sent to object: 'Object Repository/PartyOnboarding/Personal/PartyContacts/Contact Number_AreaCode'&#xD;
&#xD;
2019-08-21 20:50:44 - [MESSAGE][PASSED] - Object 'Object Repository/PartyOnboarding/Personal/PartyContacts/Contact Number_Number' is visible&#xD;
&#xD;
2019-08-21 20:50:45 - [MESSAGE][PASSED] - Keys '9697989901' sent to object: 'Object Repository/PartyOnboarding/Personal/PartyContacts/Contact Number_Number'&#xD;
&#xD;
2019-08-21 20:50:45 - [MESSAGE][PASSED] - Object 'Object Repository/PartyOnboarding/Personal/PartyContacts/Contact Number_03_Code' is visible&#xD;
&#xD;
2019-08-21 20:50:45 - [MESSAGE][WARNING] - Object 'Object Repository/PartyOnboarding/Personal/PartyContacts/Contact Number_03_Code' does not have attribute 'readonly' (Root cause: com.kms.katalon.core.exception.StepFailedException: Object 'Object Repository/PartyOnboarding/Personal/PartyContacts/Contact Number_03_Code' does not have attribute 'readonly'&#xD;
	at com.kms.katalon.core.webui.keyword.internal.WebUIKeywordMain.stepFailed(WebUIKeywordMain.groovy:64)&#xD;
	at com.kms.katalon.core.webui.keyword.builtin.VerifyElementHasAttributeKeyword$_verifyElementHasAttribute_closure1.doCall(VerifyElementHasAttributeKeyword.groovy:89)&#xD;
	at com.kms.katalon.core.webui.keyword.builtin.VerifyElementHasAttributeKeyword$_verifyElementHasAttribute_closure1.call(VerifyElementHasAttributeKeyword.groovy)&#xD;
	at com.kms.katalon.core.webui.keyword.internal.WebUIKeywordMain.runKeyword(WebUIKeywordMain.groovy:20)&#xD;
	at com.kms.katalon.core.webui.keyword.builtin.VerifyElementHasAttributeKeyword.verifyElementHasAttribute(VerifyElementHasAttributeKeyword.groovy:100)&#xD;
	at com.kms.katalon.core.webui.keyword.builtin.VerifyElementHasAttributeKeyword.execute(VerifyElementHasAttributeKeyword.groovy:69)&#xD;
	at com.kms.katalon.core.keyword.internal.KeywordExecutor.executeKeywordForPlatform(KeywordExecutor.groovy:56)&#xD;
	at com.kms.katalon.core.webui.keyword.WebUiBuiltInKeywords.verifyElementHasAttribute(WebUiBuiltInKeywords.groovy:3166)&#xD;
	at com.kms.katalon.core.webui.keyword.WebUiBuiltInKeywords$verifyElementHasAttribute$11.call(Unknown Source)&#xD;
	at pageObjects.PartyOnboarding.inputDataForPartyContacts(PartyOnboarding.groovy:736)&#xD;
	at PartyOnboardingPersonal.run(PartyOnboardingPersonal:77)&#xD;
	at com.kms.katalon.core.main.ScriptEngine.run(ScriptEngine.java:194)&#xD;
	at com.kms.katalon.core.main.ScriptEngine.runScriptAsRawText(ScriptEngine.java:119)&#xD;
	at com.kms.katalon.core.main.TestCaseExecutor.runScript(TestCaseExecutor.java:337)&#xD;
	at com.kms.katalon.core.main.TestCaseExecutor.doExecute(TestCaseExecutor.java:328)&#xD;
	at com.kms.katalon.core.main.TestCaseExecutor.processExecutionPhase(TestCaseExecutor.java:307)&#xD;
	at com.kms.katalon.core.main.TestCaseExecutor.accessMainPhase(TestCaseExecutor.java:299)&#xD;
	at com.kms.katalon.core.main.TestCaseExecutor.execute(TestCaseExecutor.java:233)&#xD;
	at com.kms.katalon.core.main.TestSuiteExecutor.accessTestCaseMainPhase(TestSuiteExecutor.java:133)&#xD;
	at com.kms.katalon.core.main.TestSuiteExecutor.accessTestSuiteMainPhase(TestSuiteExecutor.java:116)&#xD;
	at com.kms.katalon.core.main.TestSuiteExecutor.execute(TestSuiteExecutor.java:83)&#xD;
	at com.kms.katalon.core.main.TestCaseMain.startTestSuite(TestCaseMain.java:157)&#xD;
	at com.kms.katalon.core.main.TestCaseMain$startTestSuite$0.call(Unknown Source)&#xD;
	at TempTestSuite1566396522347.run(TempTestSuite1566396522347.groovy:35)&#xD;
)&#xD;
[[ATTACHMENT|C:\\ML\\JITS\\AYA\\Automation\\FBE\\FBE\\Reports\\DataPreparation\\PartyOnboardingPersonal\\20190821_203842\\1566397245328.png]]&#xD;
&#xD;
2019-08-21 20:50:45 - [MESSAGE][PASSED] - Object 'Object Repository/PartyOnboarding/Personal/PartyContacts/Valid From' is visible&#xD;
&#xD;
2019-08-21 20:50:45 - [MESSAGE][PASSED] - Text of object 'Object Repository/PartyOnboarding/Personal/PartyContacts/Valid From' is cleared&#xD;
&#xD;
2019-08-21 20:50:45 - [MESSAGE][PASSED] - Object 'Object Repository/PartyOnboarding/Personal/PartyContacts/Valid From' is visible&#xD;
&#xD;
2019-08-21 20:50:46 - [MESSAGE][PASSED] - Keys '2018-12-20' sent to object: 'Object Repository/PartyOnboarding/Personal/PartyContacts/Valid From'&#xD;
&#xD;
2019-08-21 20:50:46 - [MESSAGE][PASSED] - Object 'Object Repository/PartyOnboarding/Personal/PartyContacts/Save Row' is visible&#xD;
&#xD;
2019-08-21 20:50:46 - [MESSAGE][PASSED] - Execute JavaScript 'arguments[0].click();' successfully&#xD;
&#xD;
2019-08-21 20:50:46 - [MESSAGE][PASSED] - Object 'Object Repository/PartyOnboarding/Personal/PartyContacts/New Row' is visible&#xD;
&#xD;
2019-08-21 20:50:46 - [MESSAGE][PASSED] - Execute JavaScript 'arguments[0].click();' successfully&#xD;
&#xD;
2019-08-21 20:50:47 - [MESSAGE][PASSED] - Delayed 1 second(s)&#xD;
&#xD;
2019-08-21 20:50:47 - [MESSAGE][PASSED] - Object 'Object Repository/PartyOnboarding/Personal/PartyContacts/Contact Method' is visible&#xD;
&#xD;
2019-08-21 20:50:47 - [MESSAGE][PASSED] - Keys 'TAB + Mobile' sent to object: 'Object Repository/PartyOnboarding/Personal/PartyContacts/Contact Method'&#xD;
&#xD;
2019-08-21 20:50:48 - [MESSAGE][PASSED] - Delayed 1 second(s)&#xD;
&#xD;
2019-08-21 20:50:48 - [MESSAGE][PASSED] - Object 'Object Repository/PartyOnboarding/Personal/PartyContacts/Contact Type  Location' is visible&#xD;
&#xD;
2019-08-21 20:50:48 - [MESSAGE][PASSED] - Keys 'TAB + Work' sent to object: 'Object Repository/PartyOnboarding/Personal/PartyContacts/Contact Type  Location'&#xD;
&#xD;
2019-08-21 20:50:48 - [MESSAGE][PASSED] - Object 'Object Repository/PartyOnboarding/Personal/PartyContacts/Contact Email' is visible&#xD;
&#xD;
2019-08-21 20:50:48 - [MESSAGE][PASSED] - Object 'Object Repository/PartyOnboarding/Personal/PartyContacts/Contact Email' has attribute 'readonly'&#xD;
&#xD;
2019-08-21 20:50:48 - [MESSAGE][PASSED] - Object 'Object Repository/PartyOnboarding/Personal/PartyContacts/Contact Number_03_Code' is visible&#xD;
&#xD;
2019-08-21 20:50:49 - [MESSAGE][PASSED] - Text of object 'Object Repository/PartyOnboarding/Personal/PartyContacts/Contact Number_03_Code' is cleared&#xD;
&#xD;
2019-08-21 20:50:49 - [MESSAGE][PASSED] - Object 'Object Repository/PartyOnboarding/Personal/PartyContacts/Contact Number_03_Code' is visible&#xD;
&#xD;
2019-08-21 20:50:49 - [MESSAGE][PASSED] - Keys '+1' sent to object: 'Object Repository/PartyOnboarding/Personal/PartyContacts/Contact Number_03_Code'&#xD;
&#xD;
2019-08-21 20:50:49 - [MESSAGE][PASSED] - Object 'Object Repository/PartyOnboarding/Personal/PartyContacts/Contact Number_AreaCode' is visible&#xD;
&#xD;
2019-08-21 20:50:49 - [MESSAGE][PASSED] - Keys '' sent to object: 'Object Repository/PartyOnboarding/Personal/PartyContacts/Contact Number_AreaCode'&#xD;
&#xD;
2019-08-21 20:50:49 - [MESSAGE][PASSED] - Object 'Object Repository/PartyOnboarding/Personal/PartyContacts/Contact Number_Number' is visible&#xD;
&#xD;
2019-08-21 20:50:49 - [MESSAGE][PASSED] - Keys '12312314' sent to object: 'Object Repository/PartyOnboarding/Personal/PartyContacts/Contact Number_Number'&#xD;
&#xD;
2019-08-21 20:50:49 - [MESSAGE][PASSED] - Object 'Object Repository/PartyOnboarding/Personal/PartyContacts/Contact Number_03_Code' is visible&#xD;
&#xD;
2019-08-21 20:50:49 - [MESSAGE][WARNING] - Object 'Object Repository/PartyOnboarding/Personal/PartyContacts/Contact Number_03_Code' does not have attribute 'readonly' (Root cause: com.kms.katalon.core.exception.StepFailedException: Object 'Object Repository/PartyOnboarding/Personal/PartyContacts/Contact Number_03_Code' does not have attribute 'readonly'&#xD;
	at com.kms.katalon.core.webui.keyword.internal.WebUIKeywordMain.stepFailed(WebUIKeywordMain.groovy:64)&#xD;
	at com.kms.katalon.core.webui.keyword.builtin.VerifyElementHasAttributeKeyword$_verifyElementHasAttribute_closure1.doCall(VerifyElementHasAttributeKeyword.groovy:89)&#xD;
	at com.kms.katalon.core.webui.keyword.builtin.VerifyElementHasAttributeKeyword$_verifyElementHasAttribute_closure1.call(VerifyElementHasAttributeKeyword.groovy)&#xD;
	at com.kms.katalon.core.webui.keyword.internal.WebUIKeywordMain.runKeyword(WebUIKeywordMain.groovy:20)&#xD;
	at com.kms.katalon.core.webui.keyword.builtin.VerifyElementHasAttributeKeyword.verifyElementHasAttribute(VerifyElementHasAttributeKeyword.groovy:100)&#xD;
	at com.kms.katalon.core.webui.keyword.builtin.VerifyElementHasAttributeKeyword.execute(VerifyElementHasAttributeKeyword.groovy:69)&#xD;
	at com.kms.katalon.core.keyword.internal.KeywordExecutor.executeKeywordForPlatform(KeywordExecutor.groovy:56)&#xD;
	at com.kms.katalon.core.webui.keyword.WebUiBuiltInKeywords.verifyElementHasAttribute(WebUiBuiltInKeywords.groovy:3166)&#xD;
	at com.kms.katalon.core.webui.keyword.WebUiBuiltInKeywords$verifyElementHasAttribute$11.call(Unknown Source)&#xD;
	at pageObjects.PartyOnboarding.inputDataForPartyContacts(PartyOnboarding.groovy:736)&#xD;
	at PartyOnboardingPersonal.run(PartyOnboardingPersonal:77)&#xD;
	at com.kms.katalon.core.main.ScriptEngine.run(ScriptEngine.java:194)&#xD;
	at com.kms.katalon.core.main.ScriptEngine.runScriptAsRawText(ScriptEngine.java:119)&#xD;
	at com.kms.katalon.core.main.TestCaseExecutor.runScript(TestCaseExecutor.java:337)&#xD;
	at com.kms.katalon.core.main.TestCaseExecutor.doExecute(TestCaseExecutor.java:328)&#xD;
	at com.kms.katalon.core.main.TestCaseExecutor.processExecutionPhase(TestCaseExecutor.java:307)&#xD;
	at com.kms.katalon.core.main.TestCaseExecutor.accessMainPhase(TestCaseExecutor.java:299)&#xD;
	at com.kms.katalon.core.main.TestCaseExecutor.execute(TestCaseExecutor.java:233)&#xD;
	at com.kms.katalon.core.main.TestSuiteExecutor.accessTestCaseMainPhase(TestSuiteExecutor.java:133)&#xD;
	at com.kms.katalon.core.main.TestSuiteExecutor.accessTestSuiteMainPhase(TestSuiteExecutor.java:116)&#xD;
	at com.kms.katalon.core.main.TestSuiteExecutor.execute(TestSuiteExecutor.java:83)&#xD;
	at com.kms.katalon.core.main.TestCaseMain.startTestSuite(TestCaseMain.java:157)&#xD;
	at com.kms.katalon.core.main.TestCaseMain$startTestSuite$0.call(Unknown Source)&#xD;
	at TempTestSuite1566396522347.run(TempTestSuite1566396522347.groovy:35)&#xD;
)&#xD;
[[ATTACHMENT|C:\\ML\\JITS\\AYA\\Automation\\FBE\\FBE\\Reports\\DataPreparation\\PartyOnboardingPersonal\\20190821_203842\\1566397249533.png]]&#xD;
&#xD;
2019-08-21 20:50:49 - [MESSAGE][PASSED] - Object 'Object Repository/PartyOnboarding/Personal/PartyContacts/Valid From' is visible&#xD;
&#xD;
2019-08-21 20:50:49 - [MESSAGE][PASSED] - Text of object 'Object Repository/PartyOnboarding/Personal/PartyContacts/Valid From' is cleared&#xD;
&#xD;
2019-08-21 20:50:49 - [MESSAGE][PASSED] - Object 'Object Repository/PartyOnboarding/Personal/PartyContacts/Valid From' is visible&#xD;
&#xD;
2019-08-21 20:50:50 - [MESSAGE][PASSED] - Keys '2018-01-24' sent to object: 'Object Repository/PartyOnboarding/Personal/PartyContacts/Valid From'&#xD;
&#xD;
2019-08-21 20:50:50 - [MESSAGE][PASSED] - Object 'Object Repository/PartyOnboarding/Personal/PartyContacts/Save Row' is visible&#xD;
&#xD;
2019-08-21 20:50:50 - [MESSAGE][PASSED] - Execute JavaScript 'arguments[0].click();' successfully&#xD;
&#xD;
2019-08-21 20:50:50 - [MESSAGE][PASSED] - Object 'Object Repository/PartyOnboarding/Personal/PartyContacts/New Row' is visible&#xD;
&#xD;
2019-08-21 20:50:50 - [MESSAGE][PASSED] - Execute JavaScript 'arguments[0].click();' successfully&#xD;
&#xD;
2019-08-21 20:50:51 - [MESSAGE][PASSED] - Delayed 1 second(s)&#xD;
&#xD;
2019-08-21 20:50:51 - [MESSAGE][PASSED] - Object 'Object Repository/PartyOnboarding/Personal/PartyContacts/Contact Method' is visible&#xD;
&#xD;
2019-08-21 20:50:51 - [MESSAGE][PASSED] - Keys 'TAB + Email' sent to object: 'Object Repository/PartyOnboarding/Personal/PartyContacts/Contact Method'&#xD;
&#xD;
2019-08-21 20:50:52 - [MESSAGE][PASSED] - Delayed 1 second(s)&#xD;
&#xD;
2019-08-21 20:50:52 - [MESSAGE][PASSED] - Object 'Object Repository/PartyOnboarding/Personal/PartyContacts/Contact Type  Location' is visible&#xD;
&#xD;
2019-08-21 20:50:53 - [MESSAGE][PASSED] - Keys 'TAB + Personal' sent to object: 'Object Repository/PartyOnboarding/Personal/PartyContacts/Contact Type  Location'&#xD;
&#xD;
2019-08-21 20:50:53 - [MESSAGE][PASSED] - Object 'Object Repository/PartyOnboarding/Personal/PartyContacts/Contact Email' is visible&#xD;
&#xD;
2019-08-21 20:50:53 - [MESSAGE][WARNING] - Object 'Object Repository/PartyOnboarding/Personal/PartyContacts/Contact Email' does not have attribute 'readonly' (Root cause: com.kms.katalon.core.exception.StepFailedException: Object 'Object Repository/PartyOnboarding/Personal/PartyContacts/Contact Email' does not have attribute 'readonly'&#xD;
	at com.kms.katalon.core.webui.keyword.internal.WebUIKeywordMain.stepFailed(WebUIKeywordMain.groovy:64)&#xD;
	at com.kms.katalon.core.webui.keyword.builtin.VerifyElementHasAttributeKeyword$_verifyElementHasAttribute_closure1.doCall(VerifyElementHasAttributeKeyword.groovy:89)&#xD;
	at com.kms.katalon.core.webui.keyword.builtin.VerifyElementHasAttributeKeyword$_verifyElementHasAttribute_closure1.call(VerifyElementHasAttributeKeyword.groovy)&#xD;
	at com.kms.katalon.core.webui.keyword.internal.WebUIKeywordMain.runKeyword(WebUIKeywordMain.groovy:20)&#xD;
	at com.kms.katalon.core.webui.keyword.builtin.VerifyElementHasAttributeKeyword.verifyElementHasAttribute(VerifyElementHasAttributeKeyword.groovy:100)&#xD;
	at com.kms.katalon.core.webui.keyword.builtin.VerifyElementHasAttributeKeyword.execute(VerifyElementHasAttributeKeyword.groovy:69)&#xD;
	at com.kms.katalon.core.keyword.internal.KeywordExecutor.executeKeywordForPlatform(KeywordExecutor.groovy:56)&#xD;
	at com.kms.katalon.core.webui.keyword.WebUiBuiltInKeywords.verifyElementHasAttribute(WebUiBuiltInKeywords.groovy:3166)&#xD;
	at com.kms.katalon.core.webui.keyword.WebUiBuiltInKeywords$verifyElementHasAttribute$11.call(Unknown Source)&#xD;
	at pageObjects.PartyOnboarding.inputDataForPartyContacts(PartyOnboarding.groovy:721)&#xD;
	at PartyOnboardingPersonal.run(PartyOnboardingPersonal:77)&#xD;
	at com.kms.katalon.core.main.ScriptEngine.run(ScriptEngine.java:194)&#xD;
	at com.kms.katalon.core.main.ScriptEngine.runScriptAsRawText(ScriptEngine.java:119)&#xD;
	at com.kms.katalon.core.main.TestCaseExecutor.runScript(TestCaseExecutor.java:337)&#xD;
	at com.kms.katalon.core.main.TestCaseExecutor.doExecute(TestCaseExecutor.java:328)&#xD;
	at com.kms.katalon.core.main.TestCaseExecutor.processExecutionPhase(TestCaseExecutor.java:307)&#xD;
	at com.kms.katalon.core.main.TestCaseExecutor.accessMainPhase(TestCaseExecutor.java:299)&#xD;
	at com.kms.katalon.core.main.TestCaseExecutor.execute(TestCaseExecutor.java:233)&#xD;
	at com.kms.katalon.core.main.TestSuiteExecutor.accessTestCaseMainPhase(TestSuiteExecutor.java:133)&#xD;
	at com.kms.katalon.core.main.TestSuiteExecutor.accessTestSuiteMainPhase(TestSuiteExecutor.java:116)&#xD;
	at com.kms.katalon.core.main.TestSuiteExecutor.execute(TestSuiteExecutor.java:83)&#xD;
	at com.kms.katalon.core.main.TestCaseMain.startTestSuite(TestCaseMain.java:157)&#xD;
	at com.kms.katalon.core.main.TestCaseMain$startTestSuite$0.call(Unknown Source)&#xD;
	at TempTestSuite1566396522347.run(TempTestSuite1566396522347.groovy:35)&#xD;
)&#xD;
[[ATTACHMENT|C:\\ML\\JITS\\AYA\\Automation\\FBE\\FBE\\Reports\\DataPreparation\\PartyOnboardingPersonal\\20190821_203842\\1566397253091.png]]&#xD;
&#xD;
2019-08-21 20:50:53 - [MESSAGE][PASSED] - Object 'Object Repository/PartyOnboarding/Personal/PartyContacts/Contact Number_03_Code' is visible&#xD;
&#xD;
2019-08-21 20:50:53 - [MESSAGE][PASSED] - Object 'Object Repository/PartyOnboarding/Personal/PartyContacts/Contact Number_03_Code' has attribute 'readonly'&#xD;
&#xD;
2019-08-21 20:50:53 - [MESSAGE][PASSED] - Object 'Object Repository/PartyOnboarding/Personal/PartyContacts/Contact Email' is visible&#xD;
&#xD;
2019-08-21 20:50:54 - [MESSAGE][PASSED] - Keys 'nguyenthimyle@gmail.com' sent to object: 'Object Repository/PartyOnboarding/Personal/PartyContacts/Contact Email'&#xD;
&#xD;
2019-08-21 20:50:54 - [MESSAGE][PASSED] - Object 'Object Repository/PartyOnboarding/Personal/PartyContacts/Confirm Email' is visible&#xD;
&#xD;
2019-08-21 20:50:55 - [MESSAGE][PASSED] - Keys 'nguyenthimyle@gmail.com' sent to object: 'Object Repository/PartyOnboarding/Personal/PartyContacts/Confirm Email'&#xD;
&#xD;
2019-08-21 20:50:55 - [MESSAGE][PASSED] - Object 'Object Repository/PartyOnboarding/Personal/PartyContacts/Valid From' is visible&#xD;
&#xD;
2019-08-21 20:50:55 - [MESSAGE][PASSED] - Text of object 'Object Repository/PartyOnboarding/Personal/PartyContacts/Valid From' is cleared&#xD;
&#xD;
2019-08-21 20:50:55 - [MESSAGE][PASSED] - Object 'Object Repository/PartyOnboarding/Personal/PartyContacts/Valid From' is visible&#xD;
&#xD;
2019-08-21 20:50:55 - [MESSAGE][PASSED] - Keys '2018-01-26' sent to object: 'Object Repository/PartyOnboarding/Personal/PartyContacts/Valid From'&#xD;
&#xD;
2019-08-21 20:50:55 - [MESSAGE][PASSED] - Object 'Object Repository/PartyOnboarding/Personal/PartyContacts/Save Row' is visible&#xD;
&#xD;
2019-08-21 20:50:55 - [MESSAGE][PASSED] - Execute JavaScript 'arguments[0].click();' successfully&#xD;
&#xD;
2019-08-21 20:50:55 - [TEST_STEP][PASSED] - log.logInfo("--- Input data for Party Contacts - click Next ---"): --- Input data for Party Contacts - click Next ---&#xD;
&#xD;
2019-08-21 20:50:55 - [MESSAGE][INFO] - --- Input data for Party Contacts - click Next ---&#xD;
&#xD;
2019-08-21 20:50:55 - [TEST_STEP][PASSED] - partyOnboardingPersonal.clickNextbutton(): Object: 'Object Repository/PartyOnboarding/btn_Next' is clicked on&#xD;
&#xD;
2019-08-21 20:50:55 - [MESSAGE][PASSED] - Object 'Object Repository/PartyOnboarding/btn_Next' is visible&#xD;
&#xD;
2019-08-21 20:50:55 - [MESSAGE][PASSED] - Object: 'Object Repository/PartyOnboarding/btn_Next' is clicked on&#xD;
&#xD;
2019-08-21 20:50:55 - [TEST_STEP][PASSED] - log.logInfo("--- Input Party Required Documents - Input information for document---"): --- Input Party Required Documents - Input information for document---&#xD;
&#xD;
2019-08-21 20:50:55 - [MESSAGE][INFO] - --- Input Party Required Documents - Input information for document---&#xD;
&#xD;
2019-08-21 20:50:55 - [TEST_STEP][PASSED] - partyOnboardingPersonal.inputDataForPartyRequiredDocuments(s12_documentCategory, s12_kycExpired, s12_documentType, s12_validFrom, s12_validTo, s12_referenceNumber, s12_issuingAuthority, s12_issuingCountry, s12_documentVerified, s12_image, s12_documentCollectionStatus): Keys 'Documents collected and validated centrally' sent to object: 'Object Repository/PartyOnboarding/Personal/PartyRequiredDocument/ddl_DocumentsCollectionStatus'&#xD;
&#xD;
2019-08-21 20:50:56 - [MESSAGE][PASSED] - Delayed 1 second(s)&#xD;
&#xD;
2019-08-21 20:50:56 - [MESSAGE][PASSED] - Object 'Object Repository/PartyOnboarding/Personal/PartyRequiredDocument/New Row' is visible&#xD;
&#xD;
2019-08-21 20:50:56 - [MESSAGE][PASSED] - Execute JavaScript 'arguments[0].click();' successfully&#xD;
&#xD;
2019-08-21 20:50:56 - [MESSAGE][PASSED] - Object 'Object Repository/PartyOnboarding/Personal/PartyRequiredDocument/DocumentCategory' is visible&#xD;
&#xD;
2019-08-21 20:50:57 - [MESSAGE][PASSED] - Keys 'TAB + PT-NRC' sent to object: 'Object Repository/PartyOnboarding/Personal/PartyRequiredDocument/DocumentCategory'&#xD;
&#xD;
2019-08-21 20:50:58 - [MESSAGE][PASSED] - Delayed 1 second(s)&#xD;
&#xD;
2019-08-21 20:50:58 - [MESSAGE][PASSED] - Object 'Object Repository/PartyOnboarding/Personal/PartyRequiredDocument/Document Type' is visible&#xD;
&#xD;
2019-08-21 20:50:58 - [MESSAGE][PASSED] - Keys 'TAB + NRC' sent to object: 'Object Repository/PartyOnboarding/Personal/PartyRequiredDocument/Document Type'&#xD;
&#xD;
2019-08-21 20:50:59 - [MESSAGE][PASSED] - Delayed 1 second(s)&#xD;
&#xD;
2019-08-21 20:50:59 - [MESSAGE][PASSED] - Object 'Object Repository/PartyOnboarding/Personal/PartyRequiredDocument/Issuing Country' is visible&#xD;
&#xD;
2019-08-21 20:50:59 - [MESSAGE][PASSED] - Keys 'Bahrain' sent to object: 'Object Repository/PartyOnboarding/Personal/PartyRequiredDocument/Issuing Country'&#xD;
&#xD;
2019-08-21 20:51:00 - [MESSAGE][PASSED] - Delayed 1 second(s)&#xD;
&#xD;
2019-08-21 20:51:00 - [MESSAGE][PASSED] - Object 'Object Repository/PartyOnboarding/Personal/PartyRequiredDocument/Document Verified' is visible&#xD;
&#xD;
2019-08-21 20:51:01 - [MESSAGE][PASSED] - Keys 'TAB + TRUE' sent to object: 'Object Repository/PartyOnboarding/Personal/PartyRequiredDocument/Document Verified'&#xD;
&#xD;
2019-08-21 20:51:01 - [MESSAGE][PASSED] - Object 'Object Repository/PartyOnboarding/Personal/PartyRequiredDocument/Save Row' is visible&#xD;
&#xD;
2019-08-21 20:51:01 - [MESSAGE][PASSED] - Execute JavaScript 'arguments[0].click();' successfully&#xD;
&#xD;
2019-08-21 20:51:01 - [MESSAGE][PASSED] - Object 'Object Repository/PartyOnboarding/Personal/PartyRequiredDocument/ddl_DocumentsCollectionStatus' is visible&#xD;
&#xD;
2019-08-21 20:51:02 - [MESSAGE][PASSED] - Keys 'Documents collected and validated centrally' sent to object: 'Object Repository/PartyOnboarding/Personal/PartyRequiredDocument/ddl_DocumentsCollectionStatus'&#xD;
&#xD;
2019-08-21 20:51:02 - [TEST_STEP][PASSED] - log.logInfo("--- Input Party Required Documents - Click Next button---"): --- Input Party Required Documents - Click Next button---&#xD;
&#xD;
2019-08-21 20:51:02 - [MESSAGE][INFO] - --- Input Party Required Documents - Click Next button---&#xD;
&#xD;
2019-08-21 20:51:02 - [TEST_STEP][PASSED] - partyOnboardingPersonal.clickNextbutton(): Object: 'Object Repository/PartyOnboarding/btn_Next' is clicked on&#xD;
&#xD;
2019-08-21 20:51:02 - [MESSAGE][PASSED] - Object 'Object Repository/PartyOnboarding/btn_Next' is visible&#xD;
&#xD;
2019-08-21 20:51:03 - [MESSAGE][PASSED] - Object: 'Object Repository/PartyOnboarding/btn_Next' is clicked on&#xD;
&#xD;
2019-08-21 20:51:03 - [TEST_STEP][PASSED] - log.logInfo("--- Input Party Required Documents - Record PartyID ---"): --- Input Party Required Documents - Record PartyID ---&#xD;
&#xD;
2019-08-21 20:51:03 - [MESSAGE][INFO] - --- Input Party Required Documents - Record PartyID ---&#xD;
&#xD;
2019-08-21 20:51:03 - [TEST_STEP][PASSED] - partyOnboardingPersonal.recordPartyId(): Attribute 'value' of object 'Object Repository/PartyOnboarding/Confirmation/PartyID' is: 'QEXMCFCC'&#xD;
&#xD;
2019-08-21 20:51:04 - [MESSAGE][PASSED] - Attribute 'value' of object 'Object Repository/PartyOnboarding/Confirmation/PartyID' is: 'QEXMCFCC'&#xD;
&#xD;
2019-08-21 20:51:04 - [TEST_STEP][PASSED] - log.logInfo("--- Ask For Approve - Click Next button ---"): --- Ask For Approve - Click Next button ---&#xD;
&#xD;
2019-08-21 20:51:04 - [MESSAGE][INFO] - --- Ask For Approve - Click Next button ---&#xD;
&#xD;
2019-08-21 20:51:04 - [TEST_STEP][PASSED] - partyOnboardingPersonal.clickNextbutton(): Object: 'Object Repository/PartyOnboarding/btn_Next' is clicked on&#xD;
&#xD;
2019-08-21 20:51:04 - [MESSAGE][PASSED] - Object 'Object Repository/PartyOnboarding/btn_Next' is visible&#xD;
&#xD;
2019-08-21 20:51:04 - [MESSAGE][PASSED] - Object: 'Object Repository/PartyOnboarding/btn_Next' is clicked on&#xD;
&#xD;
2019-08-21 20:51:04 - [TEST_STEP][PASSED] - log.logInfo("--- Ask For Approve - Click Ask For Approval button ---"): --- Ask For Approve - Click Ask For Approval button ---&#xD;
&#xD;
2019-08-21 20:51:04 - [MESSAGE][INFO] - --- Ask For Approve - Click Ask For Approval button ---&#xD;
&#xD;
2019-08-21 20:51:04 - [TEST_STEP][PASSED] - partyOnboardingPersonal.clickAskForApprovalbutton(): Object: 'Object Repository/PartyOnboarding/RequestToApproval/AskForApproval_btn' is clicked on&#xD;
&#xD;
2019-08-21 20:51:04 - [MESSAGE][PASSED] - Object 'Object Repository/PartyOnboarding/RequestToApproval/AskForApproval_btn' is visible&#xD;
&#xD;
2019-08-21 20:51:05 - [MESSAGE][PASSED] - Object: 'Object Repository/PartyOnboarding/RequestToApproval/AskForApproval_btn' is clicked on</system-out>
            <system-err></system-err>
        </testcase>
        <testcase name="Test Cases/DataPreparation/PartyOnboardingPersonal" classname="Test Cases/DataPreparation/PartyOnboardingPersonal" status="PASSED">
            <system-out>2019-08-21 20:51:05 - [TEST_CASE][PASSED] - Test Cases/DataPreparation/PartyOnboardingPersonal: Test Cases/DataPreparation/PartyOnboardingPersonal&#xD;
&#xD;
2019-08-21 20:51:05 - [TEST_STEP][PASSED] - Start listener action : sampleBeforeTestCase: null&#xD;
&#xD;
2019-08-21 20:51:05 - [TEST_STEP][PASSED] - testCaseID = testCaseContext.getTestCaseId(): null&#xD;
&#xD;
2019-08-21 20:51:05 - [TEST_STEP][PASSED] - partyOnboardingPersonal = new pageObjects.PartyOnboarding(): null&#xD;
&#xD;
2019-08-21 20:51:05 - [TEST_STEP][PASSED] - abtractTest = new commons.AbtractTest(): null&#xD;
&#xD;
2019-08-21 20:51:05 - [TEST_STEP][PASSED] - excelFiles = new report.ExcelFiles(): null&#xD;
&#xD;
2019-08-21 20:51:05 - [TEST_STEP][PASSED] - log = new com.kms.katalon.core.util.KeywordUtil(): null&#xD;
&#xD;
2019-08-21 20:51:05 - [TEST_STEP][PASSED] - results = "": null&#xD;
&#xD;
2019-08-21 20:51:05 - [TEST_STEP][PASSED] - delay(3): Delayed 3 second(s)&#xD;
&#xD;
2019-08-21 20:51:08 - [MESSAGE][PASSED] - Delayed 3 second(s)&#xD;
&#xD;
2019-08-21 20:51:08 - [TEST_STEP][PASSED] - log.logInfo("--- Open Party Onboarding in Menu Search ---"): --- Open Party Onboarding in Menu Search ---&#xD;
&#xD;
2019-08-21 20:51:08 - [MESSAGE][INFO] - --- Open Party Onboarding in Menu Search ---&#xD;
&#xD;
2019-08-21 20:51:08 - [TEST_STEP][PASSED] - partyOnboardingPersonal.inputPartyOnboardingMenuSearch(): Object 'menuSearch_txt' is present&#xD;
&#xD;
2019-08-21 20:51:08 - [MESSAGE][PASSED] - Object 'Object Repository/Menu_Search' is visible&#xD;
&#xD;
2019-08-21 20:51:08 - [MESSAGE][PASSED] - Keys 'ENTER + Party Onboarding' sent to object: 'Object Repository/Menu_Search'&#xD;
&#xD;
2019-08-21 20:51:08 - [MESSAGE][PASSED] - Object 'menuSearch_txt' is present&#xD;
&#xD;
2019-08-21 20:51:08 - [TEST_STEP][PASSED] - log.logInfo("--- Input Local Global ---"): --- Input Local Global ---&#xD;
&#xD;
2019-08-21 20:51:08 - [MESSAGE][INFO] - --- Input Local Global ---&#xD;
&#xD;
2019-08-21 20:51:08 - [TEST_STEP][PASSED] - partyOnboardingPersonal.inputLocalGlobal(s05_localglobal): Keys 'Local Private' sent to object: 'Object Repository/PartyOnboarding/PartyOnboarding/Local Global'&#xD;
&#xD;
2019-08-21 20:51:09 - [MESSAGE][PASSED] - Text of object 'Object Repository/PartyOnboarding/PartyOnboarding/Local Global' is cleared&#xD;
&#xD;
2019-08-21 20:51:09 - [MESSAGE][PASSED] - Object 'Object Repository/PartyOnboarding/PartyOnboarding/Local Global' is visible&#xD;
&#xD;
2019-08-21 20:51:09 - [MESSAGE][PASSED] - Object 'Object Repository/PartyOnboarding/PartyOnboarding/Local Global' is visible&#xD;
&#xD;
2019-08-21 20:51:10 - [MESSAGE][PASSED] - Keys 'Local Private' sent to object: 'Object Repository/PartyOnboarding/PartyOnboarding/Local Global'&#xD;
&#xD;
2019-08-21 20:51:10 - [TEST_STEP][PASSED] - log.logInfo("--- Input Party Type ---"): --- Input Party Type ---&#xD;
&#xD;
2019-08-21 20:51:10 - [MESSAGE][INFO] - --- Input Party Type ---&#xD;
&#xD;
2019-08-21 20:51:10 - [TEST_STEP][PASSED] - partyOnboardingPersonal.inputPartyType(s05_partytype): Keys 'TAB + Personal' sent to object: 'Object Repository/PartyOnboarding/PartyOnboarding/Party Type'&#xD;
&#xD;
2019-08-21 20:51:10 - [MESSAGE][PASSED] - Object 'Object Repository/PartyOnboarding/PartyOnboarding/Party Type' is visible&#xD;
&#xD;
2019-08-21 20:51:10 - [MESSAGE][PASSED] - Keys 'TAB + Personal' sent to object: 'Object Repository/PartyOnboarding/PartyOnboarding/Party Type'&#xD;
&#xD;
2019-08-21 20:51:10 - [TEST_STEP][PASSED] - log.logInfo("--- Input Party Sub Type ---"): --- Input Party Sub Type ---&#xD;
&#xD;
2019-08-21 20:51:10 - [MESSAGE][INFO] - --- Input Party Sub Type ---&#xD;
&#xD;
2019-08-21 20:51:10 - [TEST_STEP][PASSED] - partyOnboardingPersonal.inputPartySubType(s05_partysubtype): Keys 'Individual' sent to object: 'Object Repository/PartyOnboarding/PartyOnboarding/Party Sub-Type'&#xD;
&#xD;
2019-08-21 20:51:11 - [MESSAGE][PASSED] - Delayed 1 second(s)&#xD;
&#xD;
2019-08-21 20:51:11 - [MESSAGE][PASSED] - Object 'Object Repository/PartyOnboarding/PartyOnboarding/Party Type' is visible&#xD;
&#xD;
2019-08-21 20:51:11 - [MESSAGE][PASSED] - Keys 'Individual' sent to object: 'Object Repository/PartyOnboarding/PartyOnboarding/Party Sub-Type'&#xD;
&#xD;
2019-08-21 20:51:11 - [TEST_STEP][PASSED] - log.logInfo("--- Input Party Category ---"): --- Input Party Category ---&#xD;
&#xD;
2019-08-21 20:51:11 - [MESSAGE][INFO] - --- Input Party Category ---&#xD;
&#xD;
2019-08-21 20:51:11 - [TEST_STEP][PASSED] - partyOnboardingPersonal.inputPartyCategory(s05_partycategory): Keys 'Full' sent to object: 'Object Repository/PartyOnboarding/PartyOnboarding/Party Category'&#xD;
&#xD;
2019-08-21 20:51:11 - [MESSAGE][PASSED] - Object 'Object Repository/PartyOnboarding/PartyOnboarding/Party Category' is visible&#xD;
&#xD;
2019-08-21 20:51:11 - [MESSAGE][PASSED] - Keys 'Full' sent to object: 'Object Repository/PartyOnboarding/PartyOnboarding/Party Category'&#xD;
&#xD;
2019-08-21 20:51:11 - [TEST_STEP][PASSED] - log.logInfo("--- Check Line of Business ---"): --- Check Line of Business ---&#xD;
&#xD;
2019-08-21 20:51:11 - [MESSAGE][INFO] - --- Check Line of Business ---&#xD;
&#xD;
2019-08-21 20:51:11 - [TEST_STEP][PASSED] - log.logInfo("--- Click Next to Party Check List  ---"): --- Click Next to Party Check List  ---&#xD;
&#xD;
2019-08-21 20:51:11 - [MESSAGE][INFO] - --- Click Next to Party Check List  ---&#xD;
&#xD;
2019-08-21 20:51:11 - [TEST_STEP][PASSED] - partyOnboardingPersonal.clickNextbutton(): Object: 'Object Repository/PartyOnboarding/btn_Next' is clicked on&#xD;
&#xD;
2019-08-21 20:51:11 - [MESSAGE][PASSED] - Object 'Object Repository/PartyOnboarding/btn_Next' is visible&#xD;
&#xD;
2019-08-21 20:51:11 - [MESSAGE][PASSED] - Object: 'Object Repository/PartyOnboarding/btn_Next' is clicked on&#xD;
&#xD;
2019-08-21 20:51:11 - [TEST_STEP][PASSED] - delay(1): Delayed 1 second(s)&#xD;
&#xD;
2019-08-21 20:51:12 - [MESSAGE][PASSED] - Delayed 1 second(s)&#xD;
&#xD;
2019-08-21 20:51:12 - [TEST_STEP][PASSED] - log.logInfo("--- Click Next to Party Pre-Existence Check  ---"): --- Click Next to Party Pre-Existence Check  ---&#xD;
&#xD;
2019-08-21 20:51:12 - [MESSAGE][INFO] - --- Click Next to Party Pre-Existence Check  ---&#xD;
&#xD;
2019-08-21 20:51:12 - [TEST_STEP][PASSED] - partyOnboardingPersonal.clickNextbutton(): Object: 'Object Repository/PartyOnboarding/btn_Next' is clicked on&#xD;
&#xD;
2019-08-21 20:51:13 - [MESSAGE][PASSED] - Object 'Object Repository/PartyOnboarding/btn_Next' is visible&#xD;
&#xD;
2019-08-21 20:51:13 - [MESSAGE][PASSED] - Object: 'Object Repository/PartyOnboarding/btn_Next' is clicked on&#xD;
&#xD;
2019-08-21 20:51:13 - [TEST_STEP][PASSED] - delay(1): Delayed 1 second(s)&#xD;
&#xD;
2019-08-21 20:51:14 - [MESSAGE][PASSED] - Delayed 1 second(s)&#xD;
&#xD;
2019-08-21 20:51:14 - [TEST_STEP][PASSED] - log.logInfo("--- Input data on Party Pre-Existence Check  ---"): --- Input data on Party Pre-Existence Check  ---&#xD;
&#xD;
2019-08-21 20:51:14 - [MESSAGE][INFO] - --- Input data on Party Pre-Existence Check  ---&#xD;
&#xD;
2019-08-21 20:51:14 - [TEST_STEP][PASSED] - partyOnboardingPersonal.inputPreExistenceCheck(s08_firstname, s08_dateofbirth, s08_nationalldType, s08_nationalldNo, s08_lastname, s08_strState, s08_district01, s08_district02, s08_district03, s08_strType, s08_strregstrationNo): Keys '237516' sent to object: 'Object Repository/PartyOnboarding/Personal/Pre-Existence Check/txt_NationalldNo'&#xD;
&#xD;
2019-08-21 20:51:14 - [MESSAGE][PASSED] - Object 'Object Repository/PartyOnboarding/Personal/Pre-Existence Check/txt_FirstName' is visible&#xD;
&#xD;
2019-08-21 20:51:14 - [MESSAGE][PASSED] - Keys 'ATO 0000001' sent to object: 'Object Repository/PartyOnboarding/Personal/Pre-Existence Check/txt_FirstName'&#xD;
&#xD;
2019-08-21 20:51:14 - [MESSAGE][PASSED] - Object 'Object Repository/PartyOnboarding/Personal/Pre-Existence Check/txt_LastName' is visible&#xD;
&#xD;
2019-08-21 20:51:14 - [MESSAGE][PASSED] - Keys 'Nguyen' sent to object: 'Object Repository/PartyOnboarding/Personal/Pre-Existence Check/txt_LastName'&#xD;
&#xD;
2019-08-21 20:51:14 - [MESSAGE][PASSED] - Object 'Object Repository/PartyOnboarding/Personal/Pre-Existence Check/txt_DateOfBirth' is visible&#xD;
&#xD;
2019-08-21 20:51:14 - [MESSAGE][PASSED] - Keys '12-17-1990' sent to object: 'Object Repository/PartyOnboarding/Personal/Pre-Existence Check/txt_DateOfBirth'&#xD;
&#xD;
2019-08-21 20:51:14 - [MESSAGE][PASSED] - Object 'Object Repository/PartyOnboarding/Personal/Pre-Existence Check/ddl_NationlldType' is visible&#xD;
&#xD;
2019-08-21 20:51:14 - [MESSAGE][PASSED] - Keys 'TAB + Birth Certificate Number' sent to object: 'Object Repository/PartyOnboarding/Personal/Pre-Existence Check/ddl_NationlldType'&#xD;
&#xD;
2019-08-21 20:51:15 - [MESSAGE][PASSED] - Object 'Object Repository/PartyOnboarding/Personal/Pre-Existence Check/txt_NationalldNo' is visible&#xD;
&#xD;
2019-08-21 20:51:15 - [MESSAGE][PASSED] - Keys '237516' sent to object: 'Object Repository/PartyOnboarding/Personal/Pre-Existence Check/txt_NationalldNo'&#xD;
&#xD;
2019-08-21 20:51:15 - [TEST_STEP][PASSED] - log.logInfo("--- Click Next button ---"): --- Click Next button ---&#xD;
&#xD;
2019-08-21 20:51:15 - [MESSAGE][INFO] - --- Click Next button ---&#xD;
&#xD;
2019-08-21 20:51:15 - [TEST_STEP][PASSED] - partyOnboardingPersonal.clickNextbutton(): Object: 'Object Repository/PartyOnboarding/btn_Next' is clicked on&#xD;
&#xD;
2019-08-21 20:51:15 - [MESSAGE][PASSED] - Object 'Object Repository/PartyOnboarding/btn_Next' is visible&#xD;
&#xD;
2019-08-21 20:51:15 - [MESSAGE][PASSED] - Object: 'Object Repository/PartyOnboarding/btn_Next' is clicked on&#xD;
&#xD;
2019-08-21 20:51:15 - [TEST_STEP][PASSED] - log.logInfo("--- Key in data all required fields on Personal Party - PartyId ---"): --- Key in data all required fields on Personal Party - PartyId ---&#xD;
&#xD;
2019-08-21 20:51:15 - [MESSAGE][INFO] - --- Key in data all required fields on Personal Party - PartyId ---&#xD;
&#xD;
2019-08-21 20:51:15 - [TEST_STEP][PASSED] - partyOnboardingPersonal.inputPartyId(): Web element with id: 'Object Repository/PartyOnboarding/Personal/PersonalParty/Message/pop_ErrorDuplicatePartyID' located by 'By.xpath: //textarea[@name='03messages']' not found&#xD;
&#xD;
2019-08-21 20:51:16 - [MESSAGE][PASSED] - Object 'Object Repository/PartyOnboarding/Personal/PersonalParty/txt_PartyID' is visible&#xD;
&#xD;
2019-08-21 20:51:16 - [MESSAGE][PASSED] - Object 'Object Repository/PartyOnboarding/Personal/PersonalParty/txt_PartyID' is visible&#xD;
&#xD;
2019-08-21 20:51:16 - [MESSAGE][PASSED] - Keys 'TAB + x1dh4zW0' sent to object: 'Object Repository/PartyOnboarding/Personal/PersonalParty/txt_PartyID'&#xD;
&#xD;
2019-08-21 20:51:47 - [MESSAGE][INFO] - Unable to find the element located by 'By.xpath: //textarea[@name='03messages']'. Please recheck the objects properties to make sure the desired element is located. &#xD;
&#xD;
2019-08-21 20:51:47 - [MESSAGE][WARNING] - Web element with id: 'Object Repository/PartyOnboarding/Personal/PersonalParty/Message/pop_ErrorDuplicatePartyID' located by 'By.xpath: //textarea[@name='03messages']' not found&#xD;
&#xD;
2019-08-21 20:51:47 - [TEST_STEP][PASSED] - log.logInfo("--- Key in data all required fields on Personal Party - Input Nation Identifer Type ---"): --- Key in data all required fields on Personal Party - Input Nation Identifer Type ---&#xD;
&#xD;
2019-08-21 20:51:47 - [MESSAGE][INFO] - --- Key in data all required fields on Personal Party - Input Nation Identifer Type ---&#xD;
&#xD;
2019-08-21 20:51:47 - [TEST_STEP][PASSED] - partyOnboardingPersonal.inputNationalIdentifierType(s09_nationIdentifierType): Keys 'TAB + Passport' sent to object: 'Object Repository/PartyOnboarding/Personal/PersonalParty/ddl_NationalIdentifierType'&#xD;
&#xD;
2019-08-21 20:51:47 - [MESSAGE][PASSED] - Object 'Object Repository/PartyOnboarding/Personal/PersonalParty/ddl_NationalIdentifierType' is visible&#xD;
&#xD;
2019-08-21 20:51:47 - [MESSAGE][PASSED] - Keys 'TAB + Passport' sent to object: 'Object Repository/PartyOnboarding/Personal/PersonalParty/ddl_NationalIdentifierType'&#xD;
&#xD;
2019-08-21 20:51:47 - [TEST_STEP][PASSED] - log.logInfo("--- Key in data all required fields on Personal Party - Input Nation Identifer ---"): --- Key in data all required fields on Personal Party - Input Nation Identifer ---&#xD;
&#xD;
2019-08-21 20:51:47 - [MESSAGE][INFO] - --- Key in data all required fields on Personal Party - Input Nation Identifer ---&#xD;
&#xD;
2019-08-21 20:51:47 - [TEST_STEP][PASSED] - partyOnboardingPersonal.inputNationalIdentifier(s09_nationIdentifier): Keys 'TAB + 12345601' sent to object: 'Object Repository/PartyOnboarding/Personal/PersonalParty/txt_NationalIdentifier'&#xD;
&#xD;
2019-08-21 20:51:47 - [MESSAGE][PASSED] - Object 'Object Repository/PartyOnboarding/Personal/PersonalParty/txt_NationalIdentifier' is visible&#xD;
&#xD;
2019-08-21 20:51:48 - [MESSAGE][PASSED] - Keys 'TAB + 12345601' sent to object: 'Object Repository/PartyOnboarding/Personal/PersonalParty/txt_NationalIdentifier'&#xD;
&#xD;
2019-08-21 20:51:48 - [TEST_STEP][PASSED] - log.logInfo("--- Key in data all required fields on Personal Party - Input Title ---"): --- Key in data all required fields on Personal Party - Input Title ---&#xD;
&#xD;
2019-08-21 20:51:48 - [MESSAGE][INFO] - --- Key in data all required fields on Personal Party - Input Title ---&#xD;
&#xD;
2019-08-21 20:51:48 - [TEST_STEP][PASSED] - partyOnboardingPersonal.inputTitle(s09_title): Keys 'TAB + Ms' sent to object: 'Object Repository/PartyOnboarding/Personal/PersonalParty/ddl_Title'&#xD;
&#xD;
2019-08-21 20:51:48 - [MESSAGE][PASSED] - Object 'Object Repository/PartyOnboarding/Personal/PersonalParty/ddl_Title' is visible&#xD;
&#xD;
2019-08-21 20:51:48 - [MESSAGE][PASSED] - Keys 'TAB + Ms' sent to object: 'Object Repository/PartyOnboarding/Personal/PersonalParty/ddl_Title'&#xD;
&#xD;
2019-08-21 20:51:48 - [TEST_STEP][PASSED] - log.logInfo("--- Key in data all required fields on Personal Party - Input Employment Status ---"): --- Key in data all required fields on Personal Party - Input Employment Status ---&#xD;
&#xD;
2019-08-21 20:51:48 - [MESSAGE][INFO] - --- Key in data all required fields on Personal Party - Input Employment Status ---&#xD;
&#xD;
2019-08-21 20:51:48 - [TEST_STEP][PASSED] - partyOnboardingPersonal.inputEmploymentStatus(s09_employmentStatus): Keys 'TAB + Student' sent to object: 'Object Repository/PartyOnboarding/Personal/PersonalParty/ddl_EmploymentStatus'&#xD;
&#xD;
2019-08-21 20:51:48 - [MESSAGE][PASSED] - Object 'Object Repository/PartyOnboarding/Personal/PersonalParty/ddl_EmploymentStatus' is visible&#xD;
&#xD;
2019-08-21 20:51:48 - [MESSAGE][PASSED] - Keys 'TAB + Student' sent to object: 'Object Repository/PartyOnboarding/Personal/PersonalParty/ddl_EmploymentStatus'&#xD;
&#xD;
2019-08-21 20:51:48 - [TEST_STEP][PASSED] - log.logInfo("--- Key in data all required fields on Personal Party - Input Gender ---"): --- Key in data all required fields on Personal Party - Input Gender ---&#xD;
&#xD;
2019-08-21 20:51:48 - [MESSAGE][INFO] - --- Key in data all required fields on Personal Party - Input Gender ---&#xD;
&#xD;
2019-08-21 20:51:48 - [TEST_STEP][PASSED] - partyOnboardingPersonal.inputGender(s09_gender): Keys 'TAB + Female' sent to object: 'Object Repository/PartyOnboarding/Personal/PersonalParty/ddl_Gender'&#xD;
&#xD;
2019-08-21 20:51:48 - [MESSAGE][PASSED] - Object 'Object Repository/PartyOnboarding/Personal/PersonalParty/ddl_Gender' is visible&#xD;
&#xD;
2019-08-21 20:51:48 - [MESSAGE][PASSED] - Keys 'TAB + Female' sent to object: 'Object Repository/PartyOnboarding/Personal/PersonalParty/ddl_Gender'&#xD;
&#xD;
2019-08-21 20:51:48 - [TEST_STEP][PASSED] - log.logInfo("--- Key in data all required fields on Personal Party - Input Civil Status ---"): --- Key in data all required fields on Personal Party - Input Civil Status ---&#xD;
&#xD;
2019-08-21 20:51:48 - [MESSAGE][INFO] - --- Key in data all required fields on Personal Party - Input Civil Status ---&#xD;
&#xD;
2019-08-21 20:51:48 - [TEST_STEP][PASSED] - partyOnboardingPersonal.inputCivilStatus(s09_civilStatus): Keys 'TAB + Single' sent to object: 'Object Repository/PartyOnboarding/Personal/PersonalParty/txt_CivilStatus'&#xD;
&#xD;
2019-08-21 20:51:48 - [MESSAGE][PASSED] - Object 'Object Repository/PartyOnboarding/Personal/PersonalParty/txt_CivilStatus' is visible&#xD;
&#xD;
2019-08-21 20:51:48 - [MESSAGE][PASSED] - Keys 'TAB + Single' sent to object: 'Object Repository/PartyOnboarding/Personal/PersonalParty/txt_CivilStatus'&#xD;
&#xD;
2019-08-21 20:51:48 - [TEST_STEP][PASSED] - log.logInfo("--- Key in data all required fields on Personal Party - Input Mother's Maiden Name ---"): --- Key in data all required fields on Personal Party - Input Mother's Maiden Name ---&#xD;
&#xD;
2019-08-21 20:51:48 - [MESSAGE][INFO] - --- Key in data all required fields on Personal Party - Input Mother's Maiden Name ---&#xD;
&#xD;
2019-08-21 20:51:48 - [TEST_STEP][PASSED] - partyOnboardingPersonal.inputMotherMaidenName(s09_motherMaidenName): Keys 'TAB + Mother's Name' sent to object: 'Object Repository/PartyOnboarding/Personal/PersonalParty/txt_MothersMaidenName'&#xD;
&#xD;
2019-08-21 20:51:48 - [MESSAGE][PASSED] - Object 'Object Repository/PartyOnboarding/Personal/PersonalParty/txt_MothersMaidenName' is visible&#xD;
&#xD;
2019-08-21 20:51:49 - [MESSAGE][PASSED] - Keys 'TAB + Mother's Name' sent to object: 'Object Repository/PartyOnboarding/Personal/PersonalParty/txt_MothersMaidenName'&#xD;
&#xD;
2019-08-21 20:51:49 - [TEST_STEP][PASSED] - log.logInfo("--- Key in data all required fields on Personal Party - Input Short Name ---"): --- Key in data all required fields on Personal Party - Input Short Name ---&#xD;
&#xD;
2019-08-21 20:51:49 - [MESSAGE][INFO] - --- Key in data all required fields on Personal Party - Input Short Name ---&#xD;
&#xD;
2019-08-21 20:51:49 - [TEST_STEP][PASSED] - partyOnboardingPersonal.inputShortName(s09_shortName): Keys 'TAB + Le 11' sent to object: 'Object Repository/PartyOnboarding/Personal/PersonalParty/txt_ShortName'&#xD;
&#xD;
2019-08-21 20:51:49 - [MESSAGE][PASSED] - Object 'Object Repository/PartyOnboarding/Personal/PersonalParty/txt_ShortName' is visible&#xD;
&#xD;
2019-08-21 20:51:49 - [MESSAGE][PASSED] - Keys 'TAB + Le 11' sent to object: 'Object Repository/PartyOnboarding/Personal/PersonalParty/txt_ShortName'&#xD;
&#xD;
2019-08-21 20:51:49 - [TEST_STEP][PASSED] - log.logInfo("---Key in data all required fields on Personal Party - Input Grandfather's Name ---"): ---Key in data all required fields on Personal Party - Input Grandfather's Name ---&#xD;
&#xD;
2019-08-21 20:51:49 - [MESSAGE][INFO] - ---Key in data all required fields on Personal Party - Input Grandfather's Name ---&#xD;
&#xD;
2019-08-21 20:51:49 - [TEST_STEP][PASSED] - partyOnboardingPersonal.inputGrandfatherName(s09_grandfatherName): Keys 'TAB + Grandfatther' sent to object: 'Object Repository/PartyOnboarding/Personal/PersonalParty/txt_GrandfathersName'&#xD;
&#xD;
2019-08-21 20:51:49 - [MESSAGE][PASSED] - Object 'Object Repository/PartyOnboarding/Personal/PersonalParty/txt_GrandfathersName' is visible&#xD;
&#xD;
2019-08-21 20:51:49 - [MESSAGE][PASSED] - Keys 'TAB + Grandfatther' sent to object: 'Object Repository/PartyOnboarding/Personal/PersonalParty/txt_GrandfathersName'&#xD;
&#xD;
2019-08-21 20:51:49 - [TEST_STEP][PASSED] - log.logInfo("---Key in data all required fields on Personal Party - Input Nationality ---"): ---Key in data all required fields on Personal Party - Input Nationality ---&#xD;
&#xD;
2019-08-21 20:51:49 - [MESSAGE][INFO] - ---Key in data all required fields on Personal Party - Input Nationality ---&#xD;
&#xD;
2019-08-21 20:51:49 - [TEST_STEP][PASSED] - partyOnboardingPersonal.inputNationality(s09_nationality): Keys 'TAB + Myanmar' sent to object: 'Object Repository/PartyOnboarding/Personal/PersonalParty/ddl_Nationality'&#xD;
&#xD;
2019-08-21 20:51:49 - [MESSAGE][PASSED] - Object 'Object Repository/PartyOnboarding/Personal/PersonalParty/ddl_Nationality' is visible&#xD;
&#xD;
2019-08-21 20:51:49 - [MESSAGE][PASSED] - Keys 'TAB + Myanmar' sent to object: 'Object Repository/PartyOnboarding/Personal/PersonalParty/ddl_Nationality'&#xD;
&#xD;
2019-08-21 20:51:49 - [TEST_STEP][PASSED] - log.logInfo("--- Key in data all required fields on Personal Party - Input Resident Status ---"): --- Key in data all required fields on Personal Party - Input Resident Status ---&#xD;
&#xD;
2019-08-21 20:51:49 - [MESSAGE][INFO] - --- Key in data all required fields on Personal Party - Input Resident Status ---&#xD;
&#xD;
2019-08-21 20:51:49 - [TEST_STEP][PASSED] - partyOnboardingPersonal.inputResidentStatus(s09_residentStatus): Keys 'Diplomat' sent to object: 'Object Repository/PartyOnboarding/Personal/PersonalParty/ddl_ResidentStatus'&#xD;
&#xD;
2019-08-21 20:51:49 - [MESSAGE][PASSED] - Object 'Object Repository/PartyOnboarding/Personal/PersonalParty/ddl_ResidentStatus' is visible&#xD;
&#xD;
2019-08-21 20:51:49 - [MESSAGE][PASSED] - Keys 'Diplomat' sent to object: 'Object Repository/PartyOnboarding/Personal/PersonalParty/ddl_ResidentStatus'&#xD;
&#xD;
2019-08-21 20:51:49 - [TEST_STEP][PASSED] - log.logInfo("--- Key in data all required fields on Personal Party - Input Tax ID Number ---"): --- Key in data all required fields on Personal Party - Input Tax ID Number ---&#xD;
&#xD;
2019-08-21 20:51:49 - [MESSAGE][INFO] - --- Key in data all required fields on Personal Party - Input Tax ID Number ---&#xD;
&#xD;
2019-08-21 20:51:49 - [TEST_STEP][PASSED] - partyOnboardingPersonal.inputTaxIDNumber(s09_taxIDNumber): Keys 'TAB + 12345678' sent to object: 'Object Repository/PartyOnboarding/Personal/PersonalParty/txt_TaxIDNumber'&#xD;
&#xD;
2019-08-21 20:51:50 - [MESSAGE][PASSED] - Object 'Object Repository/PartyOnboarding/Personal/PersonalParty/txt_TaxIDNumber' is visible&#xD;
&#xD;
2019-08-21 20:51:50 - [MESSAGE][PASSED] - Keys 'TAB + 12345678' sent to object: 'Object Repository/PartyOnboarding/Personal/PersonalParty/txt_TaxIDNumber'&#xD;
&#xD;
2019-08-21 20:51:50 - [TEST_STEP][PASSED] - log.logInfo("--- Key in data all required fields on Personal Party - Input Religion ---"): --- Key in data all required fields on Personal Party - Input Religion ---&#xD;
&#xD;
2019-08-21 20:51:50 - [MESSAGE][INFO] - --- Key in data all required fields on Personal Party - Input Religion ---&#xD;
&#xD;
2019-08-21 20:51:50 - [TEST_STEP][PASSED] - partyOnboardingPersonal.inputReligion(s09_religion): Keys 'TAB + Christianity' sent to object: 'Object Repository/PartyOnboarding/Personal/PersonalParty/ddl_Religion'&#xD;
&#xD;
2019-08-21 20:51:50 - [MESSAGE][PASSED] - Object 'Object Repository/PartyOnboarding/Personal/PersonalParty/ddl_Religion' is visible&#xD;
&#xD;
2019-08-21 20:51:50 - [MESSAGE][PASSED] - Keys 'TAB + Christianity' sent to object: 'Object Repository/PartyOnboarding/Personal/PersonalParty/ddl_Religion'&#xD;
&#xD;
2019-08-21 20:51:50 - [TEST_STEP][PASSED] - log.logInfo("--- Key in data all required fields on Personal Party - Click Next button ---"): --- Key in data all required fields on Personal Party - Click Next button ---&#xD;
&#xD;
2019-08-21 20:51:50 - [MESSAGE][INFO] - --- Key in data all required fields on Personal Party - Click Next button ---&#xD;
&#xD;
2019-08-21 20:51:50 - [TEST_STEP][PASSED] - partyOnboardingPersonal.clickNextbutton(): Object: 'Object Repository/PartyOnboarding/btn_Next' is clicked on&#xD;
&#xD;
2019-08-21 20:51:50 - [MESSAGE][PASSED] - Object 'Object Repository/PartyOnboarding/btn_Next' is visible&#xD;
&#xD;
2019-08-21 20:51:50 - [MESSAGE][PASSED] - Object: 'Object Repository/PartyOnboarding/btn_Next' is clicked on&#xD;
&#xD;
2019-08-21 20:51:50 - [TEST_STEP][PASSED] - log.logInfo("--- Key in data all required fields on Personal Party - Click Process on Warning box ---"): --- Key in data all required fields on Personal Party - Click Process on Warning box ---&#xD;
&#xD;
2019-08-21 20:51:50 - [MESSAGE][INFO] - --- Key in data all required fields on Personal Party - Click Process on Warning box ---&#xD;
&#xD;
2019-08-21 20:51:50 - [TEST_STEP][PASSED] - partyOnboardingPersonal.clickProcessInWarningBox(): Object: 'Object Repository/PartyOnboarding/Personal/PersonalParty/btn_Warnings_Proceed_NotCapture' is clicked on&#xD;
&#xD;
2019-08-21 20:51:51 - [MESSAGE][PASSED] - Object 'Object Repository/PartyOnboarding/Personal/PersonalParty/btn_Warnings_Proceed_NotCapture' is visible&#xD;
&#xD;
2019-08-21 20:51:51 - [MESSAGE][PASSED] - Object: 'Object Repository/PartyOnboarding/Personal/PersonalParty/btn_Warnings_Proceed_NotCapture' is clicked on&#xD;
&#xD;
2019-08-21 20:51:51 - [TEST_STEP][PASSED] - log.logInfo("--- Input required fields for Party Address - Input Address Type, User of Communication and Valid From---"): --- Input required fields for Party Address - Input Address Type, User of Communication and Valid From---&#xD;
&#xD;
2019-08-21 20:51:51 - [MESSAGE][INFO] - --- Input required fields for Party Address - Input Address Type, User of Communication and Valid From---&#xD;
&#xD;
2019-08-21 20:51:51 - [TEST_STEP][PASSED] - partyOnboardingPersonal.inputRDataForAddressParty(s10_addressType, s10_userForCommunication, s10_validFrom): Execute JavaScript 'arguments[0].click();' successfully&#xD;
&#xD;
2019-08-21 20:51:52 - [MESSAGE][PASSED] - Object 'Object Repository/PartyOnboarding/Personal/PartyAddress/button_New Row_PartyAddress' is visible&#xD;
&#xD;
2019-08-21 20:51:52 - [MESSAGE][PASSED] - Execute JavaScript 'arguments[0].click();' successfully&#xD;
&#xD;
2019-08-21 20:51:52 - [MESSAGE][PASSED] - Object 'Object Repository/PartyOnboarding/Personal/PartyAddress/Address Type' is visible&#xD;
&#xD;
2019-08-21 20:51:52 - [MESSAGE][PASSED] - Keys 'TAB + Home Address' sent to object: 'Object Repository/PartyOnboarding/Personal/PartyAddress/Address Type'&#xD;
&#xD;
2019-08-21 20:51:52 - [MESSAGE][PASSED] - Object 'Object Repository/PartyOnboarding/Personal/PartyAddress/Valid From' is visible&#xD;
&#xD;
2019-08-21 20:51:52 - [MESSAGE][PASSED] - Text of object 'Object Repository/PartyOnboarding/Personal/PartyAddress/Valid From' is cleared&#xD;
&#xD;
2019-08-21 20:51:53 - [MESSAGE][PASSED] - Object 'Object Repository/PartyOnboarding/Personal/PartyAddress/Valid From' is visible&#xD;
&#xD;
2019-08-21 20:51:53 - [MESSAGE][PASSED] - Keys '2018-01-14' sent to object: 'Object Repository/PartyOnboarding/Personal/PartyAddress/Valid From'&#xD;
&#xD;
2019-08-21 20:51:53 - [MESSAGE][PASSED] - Object 'Object Repository/PartyOnboarding/Personal/PartyAddress/chk_Use  for Communication' is present&#xD;
&#xD;
2019-08-21 20:51:53 - [MESSAGE][PASSED] - Attribute 'aria-checked' of object 'Object Repository/PartyOnboarding/Personal/PartyAddress/chk_Use  for Communication' is: 'false'&#xD;
&#xD;
2019-08-21 20:51:53 - [MESSAGE][PASSED] - Object 'Object Repository/PartyOnboarding/Personal/PartyAddress/chk_Use  for Communication' is checked&#xD;
&#xD;
2019-08-21 20:51:53 - [MESSAGE][PASSED] - Object 'Object Repository/PartyOnboarding/Personal/PartyAddress/SaveRow' is visible&#xD;
&#xD;
2019-08-21 20:51:53 - [MESSAGE][PASSED] - Execute JavaScript 'arguments[0].click();' successfully&#xD;
&#xD;
2019-08-21 20:51:53 - [MESSAGE][PASSED] - Object 'Object Repository/PartyOnboarding/Personal/PartyAddress/button_New Row_PartyAddress' is visible&#xD;
&#xD;
2019-08-21 20:51:53 - [MESSAGE][PASSED] - Execute JavaScript 'arguments[0].click();' successfully&#xD;
&#xD;
2019-08-21 20:51:53 - [MESSAGE][PASSED] - Object 'Object Repository/PartyOnboarding/Personal/PartyAddress/Address Type' is visible&#xD;
&#xD;
2019-08-21 20:51:54 - [MESSAGE][PASSED] - Keys 'TAB + Office Address' sent to object: 'Object Repository/PartyOnboarding/Personal/PartyAddress/Address Type'&#xD;
&#xD;
2019-08-21 20:51:54 - [MESSAGE][PASSED] - Object 'Object Repository/PartyOnboarding/Personal/PartyAddress/Valid From' is visible&#xD;
&#xD;
2019-08-21 20:51:54 - [MESSAGE][PASSED] - Text of object 'Object Repository/PartyOnboarding/Personal/PartyAddress/Valid From' is cleared&#xD;
&#xD;
2019-08-21 20:51:54 - [MESSAGE][PASSED] - Object 'Object Repository/PartyOnboarding/Personal/PartyAddress/Valid From' is visible&#xD;
&#xD;
2019-08-21 20:51:54 - [MESSAGE][PASSED] - Keys '2018-01-17' sent to object: 'Object Repository/PartyOnboarding/Personal/PartyAddress/Valid From'&#xD;
&#xD;
2019-08-21 20:51:54 - [MESSAGE][PASSED] - Object 'Object Repository/PartyOnboarding/Personal/PartyAddress/SaveRow' is visible&#xD;
&#xD;
2019-08-21 20:51:54 - [MESSAGE][PASSED] - Execute JavaScript 'arguments[0].click();' successfully&#xD;
&#xD;
2019-08-21 20:51:54 - [MESSAGE][PASSED] - Object 'Object Repository/PartyOnboarding/Personal/PartyAddress/button_New Row_PartyAddress' is visible&#xD;
&#xD;
2019-08-21 20:51:54 - [MESSAGE][PASSED] - Execute JavaScript 'arguments[0].click();' successfully&#xD;
&#xD;
2019-08-21 20:51:54 - [MESSAGE][PASSED] - Object 'Object Repository/PartyOnboarding/Personal/PartyAddress/Address Type' is visible&#xD;
&#xD;
2019-08-21 20:51:55 - [MESSAGE][PASSED] - Keys 'TAB + Current Address' sent to object: 'Object Repository/PartyOnboarding/Personal/PartyAddress/Address Type'&#xD;
&#xD;
2019-08-21 20:51:55 - [MESSAGE][PASSED] - Object 'Object Repository/PartyOnboarding/Personal/PartyAddress/Valid From' is visible&#xD;
&#xD;
2019-08-21 20:51:55 - [MESSAGE][PASSED] - Text of object 'Object Repository/PartyOnboarding/Personal/PartyAddress/Valid From' is cleared&#xD;
&#xD;
2019-08-21 20:51:55 - [MESSAGE][PASSED] - Object 'Object Repository/PartyOnboarding/Personal/PartyAddress/Valid From' is visible&#xD;
&#xD;
2019-08-21 20:51:55 - [MESSAGE][PASSED] - Keys '2017-01-17' sent to object: 'Object Repository/PartyOnboarding/Personal/PartyAddress/Valid From'&#xD;
&#xD;
2019-08-21 20:51:55 - [MESSAGE][PASSED] - Object 'Object Repository/PartyOnboarding/Personal/PartyAddress/SaveRow' is visible&#xD;
&#xD;
2019-08-21 20:51:55 - [MESSAGE][PASSED] - Execute JavaScript 'arguments[0].click();' successfully&#xD;
&#xD;
2019-08-21 20:51:55 - [TEST_STEP][PASSED] - log.logInfo("--- Input required fields for Party Address - click Next button---"): --- Input required fields for Party Address - click Next button---&#xD;
&#xD;
2019-08-21 20:51:55 - [MESSAGE][INFO] - --- Input required fields for Party Address - click Next button---&#xD;
&#xD;
2019-08-21 20:51:55 - [TEST_STEP][PASSED] - partyOnboardingPersonal.clickNextbutton(): Object: 'Object Repository/PartyOnboarding/btn_Next' is clicked on&#xD;
&#xD;
2019-08-21 20:51:55 - [MESSAGE][PASSED] - Object 'Object Repository/PartyOnboarding/btn_Next' is visible&#xD;
&#xD;
2019-08-21 20:51:56 - [MESSAGE][PASSED] - Object: 'Object Repository/PartyOnboarding/btn_Next' is clicked on&#xD;
&#xD;
2019-08-21 20:51:56 - [TEST_STEP][PASSED] - log.logInfo("--- Input data for Party Contacts ---"): --- Input data for Party Contacts ---&#xD;
&#xD;
2019-08-21 20:51:56 - [MESSAGE][INFO] - --- Input data for Party Contacts ---&#xD;
&#xD;
2019-08-21 20:51:56 - [TEST_STEP][PASSED] - partyOnboardingPersonal.inputDataForPartyContacts(s11_contactMethod, s11_contactTypeLocation, s11_contactCountryCode, s11_contactAreaCode, s11_contactNumber, s11_contactEmail, s11_confirmEmail, s11_validFrom): Execute JavaScript 'arguments[0].click();' successfully&#xD;
&#xD;
2019-08-21 20:51:56 - [MESSAGE][PASSED] - Object 'Object Repository/PartyOnboarding/Personal/PartyContacts/New Row' is visible&#xD;
&#xD;
2019-08-21 20:51:56 - [MESSAGE][PASSED] - Execute JavaScript 'arguments[0].click();' successfully&#xD;
&#xD;
2019-08-21 20:51:57 - [MESSAGE][PASSED] - Delayed 1 second(s)&#xD;
&#xD;
2019-08-21 20:51:57 - [MESSAGE][PASSED] - Object 'Object Repository/PartyOnboarding/Personal/PartyContacts/Contact Method' is visible&#xD;
&#xD;
2019-08-21 20:51:58 - [MESSAGE][PASSED] - Keys 'TAB + Telephone' sent to object: 'Object Repository/PartyOnboarding/Personal/PartyContacts/Contact Method'&#xD;
&#xD;
2019-08-21 20:51:59 - [MESSAGE][PASSED] - Delayed 1 second(s)&#xD;
&#xD;
2019-08-21 20:51:59 - [MESSAGE][PASSED] - Object 'Object Repository/PartyOnboarding/Personal/PartyContacts/Contact Type  Location' is visible&#xD;
&#xD;
2019-08-21 20:51:59 - [MESSAGE][PASSED] - Keys 'TAB + Personal' sent to object: 'Object Repository/PartyOnboarding/Personal/PartyContacts/Contact Type  Location'&#xD;
&#xD;
2019-08-21 20:51:59 - [MESSAGE][PASSED] - Object 'Object Repository/PartyOnboarding/Personal/PartyContacts/Contact Email' is visible&#xD;
&#xD;
2019-08-21 20:51:59 - [MESSAGE][PASSED] - Object 'Object Repository/PartyOnboarding/Personal/PartyContacts/Contact Email' has attribute 'readonly'&#xD;
&#xD;
2019-08-21 20:51:59 - [MESSAGE][PASSED] - Object 'Object Repository/PartyOnboarding/Personal/PartyContacts/Contact Number_03_Code' is visible&#xD;
&#xD;
2019-08-21 20:51:59 - [MESSAGE][PASSED] - Text of object 'Object Repository/PartyOnboarding/Personal/PartyContacts/Contact Number_03_Code' is cleared&#xD;
&#xD;
2019-08-21 20:51:59 - [MESSAGE][PASSED] - Object 'Object Repository/PartyOnboarding/Personal/PartyContacts/Contact Number_03_Code' is visible&#xD;
&#xD;
2019-08-21 20:51:59 - [MESSAGE][PASSED] - Keys '+95' sent to object: 'Object Repository/PartyOnboarding/Personal/PartyContacts/Contact Number_03_Code'&#xD;
&#xD;
2019-08-21 20:51:59 - [MESSAGE][PASSED] - Object 'Object Repository/PartyOnboarding/Personal/PartyContacts/Contact Number_AreaCode' is visible&#xD;
&#xD;
2019-08-21 20:51:59 - [MESSAGE][PASSED] - Keys '' sent to object: 'Object Repository/PartyOnboarding/Personal/PartyContacts/Contact Number_AreaCode'&#xD;
&#xD;
2019-08-21 20:51:59 - [MESSAGE][PASSED] - Object 'Object Repository/PartyOnboarding/Personal/PartyContacts/Contact Number_Number' is visible&#xD;
&#xD;
2019-08-21 20:52:00 - [MESSAGE][PASSED] - Keys '9697989901' sent to object: 'Object Repository/PartyOnboarding/Personal/PartyContacts/Contact Number_Number'&#xD;
&#xD;
2019-08-21 20:52:00 - [MESSAGE][PASSED] - Object 'Object Repository/PartyOnboarding/Personal/PartyContacts/Contact Number_03_Code' is visible&#xD;
&#xD;
2019-08-21 20:52:00 - [MESSAGE][WARNING] - Object 'Object Repository/PartyOnboarding/Personal/PartyContacts/Contact Number_03_Code' does not have attribute 'readonly' (Root cause: com.kms.katalon.core.exception.StepFailedException: Object 'Object Repository/PartyOnboarding/Personal/PartyContacts/Contact Number_03_Code' does not have attribute 'readonly'&#xD;
	at com.kms.katalon.core.webui.keyword.internal.WebUIKeywordMain.stepFailed(WebUIKeywordMain.groovy:64)&#xD;
	at com.kms.katalon.core.webui.keyword.builtin.VerifyElementHasAttributeKeyword$_verifyElementHasAttribute_closure1.doCall(VerifyElementHasAttributeKeyword.groovy:89)&#xD;
	at com.kms.katalon.core.webui.keyword.builtin.VerifyElementHasAttributeKeyword$_verifyElementHasAttribute_closure1.call(VerifyElementHasAttributeKeyword.groovy)&#xD;
	at com.kms.katalon.core.webui.keyword.internal.WebUIKeywordMain.runKeyword(WebUIKeywordMain.groovy:20)&#xD;
	at com.kms.katalon.core.webui.keyword.builtin.VerifyElementHasAttributeKeyword.verifyElementHasAttribute(VerifyElementHasAttributeKeyword.groovy:100)&#xD;
	at com.kms.katalon.core.webui.keyword.builtin.VerifyElementHasAttributeKeyword.execute(VerifyElementHasAttributeKeyword.groovy:69)&#xD;
	at com.kms.katalon.core.keyword.internal.KeywordExecutor.executeKeywordForPlatform(KeywordExecutor.groovy:56)&#xD;
	at com.kms.katalon.core.webui.keyword.WebUiBuiltInKeywords.verifyElementHasAttribute(WebUiBuiltInKeywords.groovy:3166)&#xD;
	at com.kms.katalon.core.webui.keyword.WebUiBuiltInKeywords$verifyElementHasAttribute$11.call(Unknown Source)&#xD;
	at pageObjects.PartyOnboarding.inputDataForPartyContacts(PartyOnboarding.groovy:736)&#xD;
	at PartyOnboardingPersonal.run(PartyOnboardingPersonal:77)&#xD;
	at com.kms.katalon.core.main.ScriptEngine.run(ScriptEngine.java:194)&#xD;
	at com.kms.katalon.core.main.ScriptEngine.runScriptAsRawText(ScriptEngine.java:119)&#xD;
	at com.kms.katalon.core.main.TestCaseExecutor.runScript(TestCaseExecutor.java:337)&#xD;
	at com.kms.katalon.core.main.TestCaseExecutor.doExecute(TestCaseExecutor.java:328)&#xD;
	at com.kms.katalon.core.main.TestCaseExecutor.processExecutionPhase(TestCaseExecutor.java:307)&#xD;
	at com.kms.katalon.core.main.TestCaseExecutor.accessMainPhase(TestCaseExecutor.java:299)&#xD;
	at com.kms.katalon.core.main.TestCaseExecutor.execute(TestCaseExecutor.java:233)&#xD;
	at com.kms.katalon.core.main.TestSuiteExecutor.accessTestCaseMainPhase(TestSuiteExecutor.java:133)&#xD;
	at com.kms.katalon.core.main.TestSuiteExecutor.accessTestSuiteMainPhase(TestSuiteExecutor.java:116)&#xD;
	at com.kms.katalon.core.main.TestSuiteExecutor.execute(TestSuiteExecutor.java:83)&#xD;
	at com.kms.katalon.core.main.TestCaseMain.startTestSuite(TestCaseMain.java:157)&#xD;
	at com.kms.katalon.core.main.TestCaseMain$startTestSuite$0.call(Unknown Source)&#xD;
	at TempTestSuite1566396522347.run(TempTestSuite1566396522347.groovy:35)&#xD;
)&#xD;
[[ATTACHMENT|C:\\ML\\JITS\\AYA\\Automation\\FBE\\FBE\\Reports\\DataPreparation\\PartyOnboardingPersonal\\20190821_203842\\1566397320368.png]]&#xD;
&#xD;
2019-08-21 20:52:00 - [MESSAGE][PASSED] - Object 'Object Repository/PartyOnboarding/Personal/PartyContacts/Valid From' is visible&#xD;
&#xD;
2019-08-21 20:52:00 - [MESSAGE][PASSED] - Text of object 'Object Repository/PartyOnboarding/Personal/PartyContacts/Valid From' is cleared&#xD;
&#xD;
2019-08-21 20:52:00 - [MESSAGE][PASSED] - Object 'Object Repository/PartyOnboarding/Personal/PartyContacts/Valid From' is visible&#xD;
&#xD;
2019-08-21 20:52:01 - [MESSAGE][PASSED] - Keys '2018-12-20' sent to object: 'Object Repository/PartyOnboarding/Personal/PartyContacts/Valid From'&#xD;
&#xD;
2019-08-21 20:52:01 - [MESSAGE][PASSED] - Object 'Object Repository/PartyOnboarding/Personal/PartyContacts/Save Row' is visible&#xD;
&#xD;
2019-08-21 20:52:01 - [MESSAGE][PASSED] - Execute JavaScript 'arguments[0].click();' successfully&#xD;
&#xD;
2019-08-21 20:52:01 - [MESSAGE][PASSED] - Object 'Object Repository/PartyOnboarding/Personal/PartyContacts/New Row' is visible&#xD;
&#xD;
2019-08-21 20:52:01 - [MESSAGE][PASSED] - Execute JavaScript 'arguments[0].click();' successfully&#xD;
&#xD;
2019-08-21 20:52:02 - [MESSAGE][PASSED] - Delayed 1 second(s)&#xD;
&#xD;
2019-08-21 20:52:02 - [MESSAGE][PASSED] - Object 'Object Repository/PartyOnboarding/Personal/PartyContacts/Contact Method' is visible&#xD;
&#xD;
2019-08-21 20:52:02 - [MESSAGE][PASSED] - Keys 'TAB + Mobile' sent to object: 'Object Repository/PartyOnboarding/Personal/PartyContacts/Contact Method'&#xD;
&#xD;
2019-08-21 20:52:03 - [MESSAGE][PASSED] - Delayed 1 second(s)&#xD;
&#xD;
2019-08-21 20:52:03 - [MESSAGE][PASSED] - Object 'Object Repository/PartyOnboarding/Personal/PartyContacts/Contact Type  Location' is visible&#xD;
&#xD;
2019-08-21 20:52:03 - [MESSAGE][PASSED] - Keys 'TAB + Work' sent to object: 'Object Repository/PartyOnboarding/Personal/PartyContacts/Contact Type  Location'&#xD;
&#xD;
2019-08-21 20:52:03 - [MESSAGE][PASSED] - Object 'Object Repository/PartyOnboarding/Personal/PartyContacts/Contact Email' is visible&#xD;
&#xD;
2019-08-21 20:52:03 - [MESSAGE][PASSED] - Object 'Object Repository/PartyOnboarding/Personal/PartyContacts/Contact Email' has attribute 'readonly'&#xD;
&#xD;
2019-08-21 20:52:03 - [MESSAGE][PASSED] - Object 'Object Repository/PartyOnboarding/Personal/PartyContacts/Contact Number_03_Code' is visible&#xD;
&#xD;
2019-08-21 20:52:03 - [MESSAGE][PASSED] - Text of object 'Object Repository/PartyOnboarding/Personal/PartyContacts/Contact Number_03_Code' is cleared&#xD;
&#xD;
2019-08-21 20:52:03 - [MESSAGE][PASSED] - Object 'Object Repository/PartyOnboarding/Personal/PartyContacts/Contact Number_03_Code' is visible&#xD;
&#xD;
2019-08-21 20:52:04 - [MESSAGE][PASSED] - Keys '+1' sent to object: 'Object Repository/PartyOnboarding/Personal/PartyContacts/Contact Number_03_Code'&#xD;
&#xD;
2019-08-21 20:52:04 - [MESSAGE][PASSED] - Object 'Object Repository/PartyOnboarding/Personal/PartyContacts/Contact Number_AreaCode' is visible&#xD;
&#xD;
2019-08-21 20:52:04 - [MESSAGE][PASSED] - Keys '' sent to object: 'Object Repository/PartyOnboarding/Personal/PartyContacts/Contact Number_AreaCode'&#xD;
&#xD;
2019-08-21 20:52:04 - [MESSAGE][PASSED] - Object 'Object Repository/PartyOnboarding/Personal/PartyContacts/Contact Number_Number' is visible&#xD;
&#xD;
2019-08-21 20:52:04 - [MESSAGE][PASSED] - Keys '12312313' sent to object: 'Object Repository/PartyOnboarding/Personal/PartyContacts/Contact Number_Number'&#xD;
&#xD;
2019-08-21 20:52:04 - [MESSAGE][PASSED] - Object 'Object Repository/PartyOnboarding/Personal/PartyContacts/Contact Number_03_Code' is visible&#xD;
&#xD;
2019-08-21 20:52:04 - [MESSAGE][WARNING] - Object 'Object Repository/PartyOnboarding/Personal/PartyContacts/Contact Number_03_Code' does not have attribute 'readonly' (Root cause: com.kms.katalon.core.exception.StepFailedException: Object 'Object Repository/PartyOnboarding/Personal/PartyContacts/Contact Number_03_Code' does not have attribute 'readonly'&#xD;
	at com.kms.katalon.core.webui.keyword.internal.WebUIKeywordMain.stepFailed(WebUIKeywordMain.groovy:64)&#xD;
	at com.kms.katalon.core.webui.keyword.builtin.VerifyElementHasAttributeKeyword$_verifyElementHasAttribute_closure1.doCall(VerifyElementHasAttributeKeyword.groovy:89)&#xD;
	at com.kms.katalon.core.webui.keyword.builtin.VerifyElementHasAttributeKeyword$_verifyElementHasAttribute_closure1.call(VerifyElementHasAttributeKeyword.groovy)&#xD;
	at com.kms.katalon.core.webui.keyword.internal.WebUIKeywordMain.runKeyword(WebUIKeywordMain.groovy:20)&#xD;
	at com.kms.katalon.core.webui.keyword.builtin.VerifyElementHasAttributeKeyword.verifyElementHasAttribute(VerifyElementHasAttributeKeyword.groovy:100)&#xD;
	at com.kms.katalon.core.webui.keyword.builtin.VerifyElementHasAttributeKeyword.execute(VerifyElementHasAttributeKeyword.groovy:69)&#xD;
	at com.kms.katalon.core.keyword.internal.KeywordExecutor.executeKeywordForPlatform(KeywordExecutor.groovy:56)&#xD;
	at com.kms.katalon.core.webui.keyword.WebUiBuiltInKeywords.verifyElementHasAttribute(WebUiBuiltInKeywords.groovy:3166)&#xD;
	at com.kms.katalon.core.webui.keyword.WebUiBuiltInKeywords$verifyElementHasAttribute$11.call(Unknown Source)&#xD;
	at pageObjects.PartyOnboarding.inputDataForPartyContacts(PartyOnboarding.groovy:736)&#xD;
	at PartyOnboardingPersonal.run(PartyOnboardingPersonal:77)&#xD;
	at com.kms.katalon.core.main.ScriptEngine.run(ScriptEngine.java:194)&#xD;
	at com.kms.katalon.core.main.ScriptEngine.runScriptAsRawText(ScriptEngine.java:119)&#xD;
	at com.kms.katalon.core.main.TestCaseExecutor.runScript(TestCaseExecutor.java:337)&#xD;
	at com.kms.katalon.core.main.TestCaseExecutor.doExecute(TestCaseExecutor.java:328)&#xD;
	at com.kms.katalon.core.main.TestCaseExecutor.processExecutionPhase(TestCaseExecutor.java:307)&#xD;
	at com.kms.katalon.core.main.TestCaseExecutor.accessMainPhase(TestCaseExecutor.java:299)&#xD;
	at com.kms.katalon.core.main.TestCaseExecutor.execute(TestCaseExecutor.java:233)&#xD;
	at com.kms.katalon.core.main.TestSuiteExecutor.accessTestCaseMainPhase(TestSuiteExecutor.java:133)&#xD;
	at com.kms.katalon.core.main.TestSuiteExecutor.accessTestSuiteMainPhase(TestSuiteExecutor.java:116)&#xD;
	at com.kms.katalon.core.main.TestSuiteExecutor.execute(TestSuiteExecutor.java:83)&#xD;
	at com.kms.katalon.core.main.TestCaseMain.startTestSuite(TestCaseMain.java:157)&#xD;
	at com.kms.katalon.core.main.TestCaseMain$startTestSuite$0.call(Unknown Source)&#xD;
	at TempTestSuite1566396522347.run(TempTestSuite1566396522347.groovy:35)&#xD;
)&#xD;
[[ATTACHMENT|C:\\ML\\JITS\\AYA\\Automation\\FBE\\FBE\\Reports\\DataPreparation\\PartyOnboardingPersonal\\20190821_203842\\1566397324488.png]]&#xD;
&#xD;
2019-08-21 20:52:04 - [MESSAGE][PASSED] - Object 'Object Repository/PartyOnboarding/Personal/PartyContacts/Valid From' is visible&#xD;
&#xD;
2019-08-21 20:52:04 - [MESSAGE][PASSED] - Text of object 'Object Repository/PartyOnboarding/Personal/PartyContacts/Valid From' is cleared&#xD;
&#xD;
2019-08-21 20:52:04 - [MESSAGE][PASSED] - Object 'Object Repository/PartyOnboarding/Personal/PartyContacts/Valid From' is visible&#xD;
&#xD;
2019-08-21 20:52:05 - [MESSAGE][PASSED] - Keys '2018-01-24' sent to object: 'Object Repository/PartyOnboarding/Personal/PartyContacts/Valid From'&#xD;
&#xD;
2019-08-21 20:52:05 - [MESSAGE][PASSED] - Object 'Object Repository/PartyOnboarding/Personal/PartyContacts/Save Row' is visible&#xD;
&#xD;
2019-08-21 20:52:05 - [MESSAGE][PASSED] - Execute JavaScript 'arguments[0].click();' successfully&#xD;
&#xD;
2019-08-21 20:52:05 - [MESSAGE][PASSED] - Object 'Object Repository/PartyOnboarding/Personal/PartyContacts/New Row' is visible&#xD;
&#xD;
2019-08-21 20:52:05 - [MESSAGE][PASSED] - Execute JavaScript 'arguments[0].click();' successfully&#xD;
&#xD;
2019-08-21 20:52:06 - [MESSAGE][PASSED] - Delayed 1 second(s)&#xD;
&#xD;
2019-08-21 20:52:06 - [MESSAGE][PASSED] - Object 'Object Repository/PartyOnboarding/Personal/PartyContacts/Contact Method' is visible&#xD;
&#xD;
2019-08-21 20:52:06 - [MESSAGE][PASSED] - Keys 'TAB + Email' sent to object: 'Object Repository/PartyOnboarding/Personal/PartyContacts/Contact Method'&#xD;
&#xD;
2019-08-21 20:52:07 - [MESSAGE][PASSED] - Delayed 1 second(s)&#xD;
&#xD;
2019-08-21 20:52:07 - [MESSAGE][PASSED] - Object 'Object Repository/PartyOnboarding/Personal/PartyContacts/Contact Type  Location' is visible&#xD;
&#xD;
2019-08-21 20:52:08 - [MESSAGE][PASSED] - Keys 'TAB + Personal' sent to object: 'Object Repository/PartyOnboarding/Personal/PartyContacts/Contact Type  Location'&#xD;
&#xD;
2019-08-21 20:52:08 - [MESSAGE][PASSED] - Object 'Object Repository/PartyOnboarding/Personal/PartyContacts/Contact Email' is visible&#xD;
&#xD;
2019-08-21 20:52:08 - [MESSAGE][WARNING] - Object 'Object Repository/PartyOnboarding/Personal/PartyContacts/Contact Email' does not have attribute 'readonly' (Root cause: com.kms.katalon.core.exception.StepFailedException: Object 'Object Repository/PartyOnboarding/Personal/PartyContacts/Contact Email' does not have attribute 'readonly'&#xD;
	at com.kms.katalon.core.webui.keyword.internal.WebUIKeywordMain.stepFailed(WebUIKeywordMain.groovy:64)&#xD;
	at com.kms.katalon.core.webui.keyword.builtin.VerifyElementHasAttributeKeyword$_verifyElementHasAttribute_closure1.doCall(VerifyElementHasAttributeKeyword.groovy:89)&#xD;
	at com.kms.katalon.core.webui.keyword.builtin.VerifyElementHasAttributeKeyword$_verifyElementHasAttribute_closure1.call(VerifyElementHasAttributeKeyword.groovy)&#xD;
	at com.kms.katalon.core.webui.keyword.internal.WebUIKeywordMain.runKeyword(WebUIKeywordMain.groovy:20)&#xD;
	at com.kms.katalon.core.webui.keyword.builtin.VerifyElementHasAttributeKeyword.verifyElementHasAttribute(VerifyElementHasAttributeKeyword.groovy:100)&#xD;
	at com.kms.katalon.core.webui.keyword.builtin.VerifyElementHasAttributeKeyword.execute(VerifyElementHasAttributeKeyword.groovy:69)&#xD;
	at com.kms.katalon.core.keyword.internal.KeywordExecutor.executeKeywordForPlatform(KeywordExecutor.groovy:56)&#xD;
	at com.kms.katalon.core.webui.keyword.WebUiBuiltInKeywords.verifyElementHasAttribute(WebUiBuiltInKeywords.groovy:3166)&#xD;
	at com.kms.katalon.core.webui.keyword.WebUiBuiltInKeywords$verifyElementHasAttribute$11.call(Unknown Source)&#xD;
	at pageObjects.PartyOnboarding.inputDataForPartyContacts(PartyOnboarding.groovy:721)&#xD;
	at PartyOnboardingPersonal.run(PartyOnboardingPersonal:77)&#xD;
	at com.kms.katalon.core.main.ScriptEngine.run(ScriptEngine.java:194)&#xD;
	at com.kms.katalon.core.main.ScriptEngine.runScriptAsRawText(ScriptEngine.java:119)&#xD;
	at com.kms.katalon.core.main.TestCaseExecutor.runScript(TestCaseExecutor.java:337)&#xD;
	at com.kms.katalon.core.main.TestCaseExecutor.doExecute(TestCaseExecutor.java:328)&#xD;
	at com.kms.katalon.core.main.TestCaseExecutor.processExecutionPhase(TestCaseExecutor.java:307)&#xD;
	at com.kms.katalon.core.main.TestCaseExecutor.accessMainPhase(TestCaseExecutor.java:299)&#xD;
	at com.kms.katalon.core.main.TestCaseExecutor.execute(TestCaseExecutor.java:233)&#xD;
	at com.kms.katalon.core.main.TestSuiteExecutor.accessTestCaseMainPhase(TestSuiteExecutor.java:133)&#xD;
	at com.kms.katalon.core.main.TestSuiteExecutor.accessTestSuiteMainPhase(TestSuiteExecutor.java:116)&#xD;
	at com.kms.katalon.core.main.TestSuiteExecutor.execute(TestSuiteExecutor.java:83)&#xD;
	at com.kms.katalon.core.main.TestCaseMain.startTestSuite(TestCaseMain.java:157)&#xD;
	at com.kms.katalon.core.main.TestCaseMain$startTestSuite$0.call(Unknown Source)&#xD;
	at TempTestSuite1566396522347.run(TempTestSuite1566396522347.groovy:35)&#xD;
)&#xD;
[[ATTACHMENT|C:\\ML\\JITS\\AYA\\Automation\\FBE\\FBE\\Reports\\DataPreparation\\PartyOnboardingPersonal\\20190821_203842\\1566397328157.png]]&#xD;
&#xD;
2019-08-21 20:52:08 - [MESSAGE][PASSED] - Object 'Object Repository/PartyOnboarding/Personal/PartyContacts/Contact Number_03_Code' is visible&#xD;
&#xD;
2019-08-21 20:52:08 - [MESSAGE][PASSED] - Object 'Object Repository/PartyOnboarding/Personal/PartyContacts/Contact Number_03_Code' has attribute 'readonly'&#xD;
&#xD;
2019-08-21 20:52:08 - [MESSAGE][PASSED] - Object 'Object Repository/PartyOnboarding/Personal/PartyContacts/Contact Email' is visible&#xD;
&#xD;
2019-08-21 20:52:09 - [MESSAGE][PASSED] - Keys 'nguyenthimyle@gmail.com' sent to object: 'Object Repository/PartyOnboarding/Personal/PartyContacts/Contact Email'&#xD;
&#xD;
2019-08-21 20:52:09 - [MESSAGE][PASSED] - Object 'Object Repository/PartyOnboarding/Personal/PartyContacts/Confirm Email' is visible&#xD;
&#xD;
2019-08-21 20:52:10 - [MESSAGE][PASSED] - Keys 'nguyenthimyle@gmail.com' sent to object: 'Object Repository/PartyOnboarding/Personal/PartyContacts/Confirm Email'&#xD;
&#xD;
2019-08-21 20:52:10 - [MESSAGE][PASSED] - Object 'Object Repository/PartyOnboarding/Personal/PartyContacts/Valid From' is visible&#xD;
&#xD;
2019-08-21 20:52:10 - [MESSAGE][PASSED] - Text of object 'Object Repository/PartyOnboarding/Personal/PartyContacts/Valid From' is cleared&#xD;
&#xD;
2019-08-21 20:52:10 - [MESSAGE][PASSED] - Object 'Object Repository/PartyOnboarding/Personal/PartyContacts/Valid From' is visible&#xD;
&#xD;
2019-08-21 20:52:10 - [MESSAGE][PASSED] - Keys '2018-01-25' sent to object: 'Object Repository/PartyOnboarding/Personal/PartyContacts/Valid From'&#xD;
&#xD;
2019-08-21 20:52:10 - [MESSAGE][PASSED] - Object 'Object Repository/PartyOnboarding/Personal/PartyContacts/Save Row' is visible&#xD;
&#xD;
2019-08-21 20:52:10 - [MESSAGE][PASSED] - Execute JavaScript 'arguments[0].click();' successfully&#xD;
&#xD;
2019-08-21 20:52:10 - [TEST_STEP][PASSED] - log.logInfo("--- Input data for Party Contacts - click Next ---"): --- Input data for Party Contacts - click Next ---&#xD;
&#xD;
2019-08-21 20:52:10 - [MESSAGE][INFO] - --- Input data for Party Contacts - click Next ---&#xD;
&#xD;
2019-08-21 20:52:10 - [TEST_STEP][PASSED] - partyOnboardingPersonal.clickNextbutton(): Object: 'Object Repository/PartyOnboarding/btn_Next' is clicked on&#xD;
&#xD;
2019-08-21 20:52:10 - [MESSAGE][PASSED] - Object 'Object Repository/PartyOnboarding/btn_Next' is visible&#xD;
&#xD;
2019-08-21 20:52:10 - [MESSAGE][PASSED] - Object: 'Object Repository/PartyOnboarding/btn_Next' is clicked on&#xD;
&#xD;
2019-08-21 20:52:10 - [TEST_STEP][PASSED] - log.logInfo("--- Input Party Required Documents - Input information for document---"): --- Input Party Required Documents - Input information for document---&#xD;
&#xD;
2019-08-21 20:52:10 - [MESSAGE][INFO] - --- Input Party Required Documents - Input information for document---&#xD;
&#xD;
2019-08-21 20:52:10 - [TEST_STEP][PASSED] - partyOnboardingPersonal.inputDataForPartyRequiredDocuments(s12_documentCategory, s12_kycExpired, s12_documentType, s12_validFrom, s12_validTo, s12_referenceNumber, s12_issuingAuthority, s12_issuingCountry, s12_documentVerified, s12_image, s12_documentCollectionStatus): Keys 'Documents collected and validated centrally' sent to object: 'Object Repository/PartyOnboarding/Personal/PartyRequiredDocument/ddl_DocumentsCollectionStatus'&#xD;
&#xD;
2019-08-21 20:52:11 - [MESSAGE][PASSED] - Delayed 1 second(s)&#xD;
&#xD;
2019-08-21 20:52:11 - [MESSAGE][PASSED] - Object 'Object Repository/PartyOnboarding/Personal/PartyRequiredDocument/New Row' is visible&#xD;
&#xD;
2019-08-21 20:52:11 - [MESSAGE][PASSED] - Execute JavaScript 'arguments[0].click();' successfully&#xD;
&#xD;
2019-08-21 20:52:11 - [MESSAGE][PASSED] - Object 'Object Repository/PartyOnboarding/Personal/PartyRequiredDocument/DocumentCategory' is visible&#xD;
&#xD;
2019-08-21 20:52:12 - [MESSAGE][PASSED] - Keys 'TAB + PT-NRC' sent to object: 'Object Repository/PartyOnboarding/Personal/PartyRequiredDocument/DocumentCategory'&#xD;
&#xD;
2019-08-21 20:52:13 - [MESSAGE][PASSED] - Delayed 1 second(s)&#xD;
&#xD;
2019-08-21 20:52:13 - [MESSAGE][PASSED] - Object 'Object Repository/PartyOnboarding/Personal/PartyRequiredDocument/Document Type' is visible&#xD;
&#xD;
2019-08-21 20:52:13 - [MESSAGE][PASSED] - Keys 'TAB + NRC' sent to object: 'Object Repository/PartyOnboarding/Personal/PartyRequiredDocument/Document Type'&#xD;
&#xD;
2019-08-21 20:52:14 - [MESSAGE][PASSED] - Delayed 1 second(s)&#xD;
&#xD;
2019-08-21 20:52:14 - [MESSAGE][PASSED] - Object 'Object Repository/PartyOnboarding/Personal/PartyRequiredDocument/Issuing Country' is visible&#xD;
&#xD;
2019-08-21 20:52:14 - [MESSAGE][PASSED] - Keys 'Bahrain' sent to object: 'Object Repository/PartyOnboarding/Personal/PartyRequiredDocument/Issuing Country'&#xD;
&#xD;
2019-08-21 20:52:15 - [MESSAGE][PASSED] - Delayed 1 second(s)&#xD;
&#xD;
2019-08-21 20:52:15 - [MESSAGE][PASSED] - Object 'Object Repository/PartyOnboarding/Personal/PartyRequiredDocument/Document Verified' is visible&#xD;
&#xD;
2019-08-21 20:52:16 - [MESSAGE][PASSED] - Keys 'TAB + TRUE' sent to object: 'Object Repository/PartyOnboarding/Personal/PartyRequiredDocument/Document Verified'&#xD;
&#xD;
2019-08-21 20:52:16 - [MESSAGE][PASSED] - Object 'Object Repository/PartyOnboarding/Personal/PartyRequiredDocument/Save Row' is visible&#xD;
&#xD;
2019-08-21 20:52:16 - [MESSAGE][PASSED] - Execute JavaScript 'arguments[0].click();' successfully&#xD;
&#xD;
2019-08-21 20:52:16 - [MESSAGE][PASSED] - Object 'Object Repository/PartyOnboarding/Personal/PartyRequiredDocument/ddl_DocumentsCollectionStatus' is visible&#xD;
&#xD;
2019-08-21 20:52:17 - [MESSAGE][PASSED] - Keys 'Documents collected and validated centrally' sent to object: 'Object Repository/PartyOnboarding/Personal/PartyRequiredDocument/ddl_DocumentsCollectionStatus'&#xD;
&#xD;
2019-08-21 20:52:17 - [TEST_STEP][PASSED] - log.logInfo("--- Input Party Required Documents - Click Next button---"): --- Input Party Required Documents - Click Next button---&#xD;
&#xD;
2019-08-21 20:52:17 - [MESSAGE][INFO] - --- Input Party Required Documents - Click Next button---&#xD;
&#xD;
2019-08-21 20:52:17 - [TEST_STEP][PASSED] - partyOnboardingPersonal.clickNextbutton(): Object: 'Object Repository/PartyOnboarding/btn_Next' is clicked on&#xD;
&#xD;
2019-08-21 20:52:17 - [MESSAGE][PASSED] - Object 'Object Repository/PartyOnboarding/btn_Next' is visible&#xD;
&#xD;
2019-08-21 20:52:18 - [MESSAGE][PASSED] - Object: 'Object Repository/PartyOnboarding/btn_Next' is clicked on&#xD;
&#xD;
2019-08-21 20:52:18 - [TEST_STEP][PASSED] - log.logInfo("--- Input Party Required Documents - Record PartyID ---"): --- Input Party Required Documents - Record PartyID ---&#xD;
&#xD;
2019-08-21 20:52:18 - [MESSAGE][INFO] - --- Input Party Required Documents - Record PartyID ---&#xD;
&#xD;
2019-08-21 20:52:18 - [TEST_STEP][PASSED] - partyOnboardingPersonal.recordPartyId(): Attribute 'value' of object 'Object Repository/PartyOnboarding/Confirmation/PartyID' is: 'X1DH4ZW0'&#xD;
&#xD;
2019-08-21 20:52:19 - [MESSAGE][PASSED] - Attribute 'value' of object 'Object Repository/PartyOnboarding/Confirmation/PartyID' is: 'X1DH4ZW0'&#xD;
&#xD;
2019-08-21 20:52:19 - [TEST_STEP][PASSED] - log.logInfo("--- Ask For Approve - Click Next button ---"): --- Ask For Approve - Click Next button ---&#xD;
&#xD;
2019-08-21 20:52:19 - [MESSAGE][INFO] - --- Ask For Approve - Click Next button ---&#xD;
&#xD;
2019-08-21 20:52:19 - [TEST_STEP][PASSED] - partyOnboardingPersonal.clickNextbutton(): Object: 'Object Repository/PartyOnboarding/btn_Next' is clicked on&#xD;
&#xD;
2019-08-21 20:52:19 - [MESSAGE][PASSED] - Object 'Object Repository/PartyOnboarding/btn_Next' is visible&#xD;
&#xD;
2019-08-21 20:52:19 - [MESSAGE][PASSED] - Object: 'Object Repository/PartyOnboarding/btn_Next' is clicked on&#xD;
&#xD;
2019-08-21 20:52:19 - [TEST_STEP][PASSED] - log.logInfo("--- Ask For Approve - Click Ask For Approval button ---"): --- Ask For Approve - Click Ask For Approval button ---&#xD;
&#xD;
2019-08-21 20:52:19 - [MESSAGE][INFO] - --- Ask For Approve - Click Ask For Approval button ---&#xD;
&#xD;
2019-08-21 20:52:19 - [TEST_STEP][PASSED] - partyOnboardingPersonal.clickAskForApprovalbutton(): Object: 'Object Repository/PartyOnboarding/RequestToApproval/AskForApproval_btn' is clicked on&#xD;
&#xD;
2019-08-21 20:52:19 - [MESSAGE][PASSED] - Object 'Object Repository/PartyOnboarding/RequestToApproval/AskForApproval_btn' is visible&#xD;
&#xD;
2019-08-21 20:52:20 - [MESSAGE][PASSED] - Object: 'Object Repository/PartyOnboarding/RequestToApproval/AskForApproval_btn' is clicked on</system-out>
            <system-err></system-err>
        </testcase>
        <testcase name="Test Cases/DataPreparation/PartyOnboardingPersonal" classname="Test Cases/DataPreparation/PartyOnboardingPersonal" status="PASSED">
            <system-out>2019-08-21 20:52:20 - [TEST_CASE][PASSED] - Test Cases/DataPreparation/PartyOnboardingPersonal: Test Cases/DataPreparation/PartyOnboardingPersonal&#xD;
&#xD;
2019-08-21 20:52:20 - [TEST_STEP][PASSED] - Start listener action : sampleBeforeTestCase: null&#xD;
&#xD;
2019-08-21 20:52:20 - [TEST_STEP][PASSED] - testCaseID = testCaseContext.getTestCaseId(): null&#xD;
&#xD;
2019-08-21 20:52:20 - [TEST_STEP][PASSED] - partyOnboardingPersonal = new pageObjects.PartyOnboarding(): null&#xD;
&#xD;
2019-08-21 20:52:20 - [TEST_STEP][PASSED] - abtractTest = new commons.AbtractTest(): null&#xD;
&#xD;
2019-08-21 20:52:20 - [TEST_STEP][PASSED] - excelFiles = new report.ExcelFiles(): null&#xD;
&#xD;
2019-08-21 20:52:20 - [TEST_STEP][PASSED] - log = new com.kms.katalon.core.util.KeywordUtil(): null&#xD;
&#xD;
2019-08-21 20:52:20 - [TEST_STEP][PASSED] - results = "": null&#xD;
&#xD;
2019-08-21 20:52:20 - [TEST_STEP][PASSED] - delay(3): Delayed 3 second(s)&#xD;
&#xD;
2019-08-21 20:52:23 - [MESSAGE][PASSED] - Delayed 3 second(s)&#xD;
&#xD;
2019-08-21 20:52:23 - [TEST_STEP][PASSED] - log.logInfo("--- Open Party Onboarding in Menu Search ---"): --- Open Party Onboarding in Menu Search ---&#xD;
&#xD;
2019-08-21 20:52:23 - [MESSAGE][INFO] - --- Open Party Onboarding in Menu Search ---&#xD;
&#xD;
2019-08-21 20:52:23 - [TEST_STEP][PASSED] - partyOnboardingPersonal.inputPartyOnboardingMenuSearch(): Object 'menuSearch_txt' is present&#xD;
&#xD;
2019-08-21 20:52:23 - [MESSAGE][PASSED] - Object 'Object Repository/Menu_Search' is visible&#xD;
&#xD;
2019-08-21 20:52:23 - [MESSAGE][PASSED] - Keys 'ENTER + Party Onboarding' sent to object: 'Object Repository/Menu_Search'&#xD;
&#xD;
2019-08-21 20:52:23 - [MESSAGE][PASSED] - Object 'menuSearch_txt' is present&#xD;
&#xD;
2019-08-21 20:52:23 - [TEST_STEP][PASSED] - log.logInfo("--- Input Local Global ---"): --- Input Local Global ---&#xD;
&#xD;
2019-08-21 20:52:23 - [MESSAGE][INFO] - --- Input Local Global ---&#xD;
&#xD;
2019-08-21 20:52:23 - [TEST_STEP][PASSED] - partyOnboardingPersonal.inputLocalGlobal(s05_localglobal): Keys 'Local Private' sent to object: 'Object Repository/PartyOnboarding/PartyOnboarding/Local Global'&#xD;
&#xD;
2019-08-21 20:52:25 - [MESSAGE][PASSED] - Text of object 'Object Repository/PartyOnboarding/PartyOnboarding/Local Global' is cleared&#xD;
&#xD;
2019-08-21 20:52:25 - [MESSAGE][PASSED] - Object 'Object Repository/PartyOnboarding/PartyOnboarding/Local Global' is visible&#xD;
&#xD;
2019-08-21 20:52:25 - [MESSAGE][PASSED] - Object 'Object Repository/PartyOnboarding/PartyOnboarding/Local Global' is visible&#xD;
&#xD;
2019-08-21 20:52:25 - [MESSAGE][PASSED] - Keys 'Local Private' sent to object: 'Object Repository/PartyOnboarding/PartyOnboarding/Local Global'&#xD;
&#xD;
2019-08-21 20:52:25 - [TEST_STEP][PASSED] - log.logInfo("--- Input Party Type ---"): --- Input Party Type ---&#xD;
&#xD;
2019-08-21 20:52:25 - [MESSAGE][INFO] - --- Input Party Type ---&#xD;
&#xD;
2019-08-21 20:52:25 - [TEST_STEP][PASSED] - partyOnboardingPersonal.inputPartyType(s05_partytype): Keys 'TAB + Personal' sent to object: 'Object Repository/PartyOnboarding/PartyOnboarding/Party Type'&#xD;
&#xD;
2019-08-21 20:52:25 - [MESSAGE][PASSED] - Object 'Object Repository/PartyOnboarding/PartyOnboarding/Party Type' is visible&#xD;
&#xD;
2019-08-21 20:52:25 - [MESSAGE][PASSED] - Keys 'TAB + Personal' sent to object: 'Object Repository/PartyOnboarding/PartyOnboarding/Party Type'&#xD;
&#xD;
2019-08-21 20:52:25 - [TEST_STEP][PASSED] - log.logInfo("--- Input Party Sub Type ---"): --- Input Party Sub Type ---&#xD;
&#xD;
2019-08-21 20:52:25 - [MESSAGE][INFO] - --- Input Party Sub Type ---&#xD;
&#xD;
2019-08-21 20:52:25 - [TEST_STEP][PASSED] - partyOnboardingPersonal.inputPartySubType(s05_partysubtype): Keys 'Individual' sent to object: 'Object Repository/PartyOnboarding/PartyOnboarding/Party Sub-Type'&#xD;
&#xD;
2019-08-21 20:52:26 - [MESSAGE][PASSED] - Delayed 1 second(s)&#xD;
&#xD;
2019-08-21 20:52:26 - [MESSAGE][PASSED] - Object 'Object Repository/PartyOnboarding/PartyOnboarding/Party Type' is visible&#xD;
&#xD;
2019-08-21 20:52:26 - [MESSAGE][PASSED] - Keys 'Individual' sent to object: 'Object Repository/PartyOnboarding/PartyOnboarding/Party Sub-Type'&#xD;
&#xD;
2019-08-21 20:52:26 - [TEST_STEP][PASSED] - log.logInfo("--- Input Party Category ---"): --- Input Party Category ---&#xD;
&#xD;
2019-08-21 20:52:26 - [MESSAGE][INFO] - --- Input Party Category ---&#xD;
&#xD;
2019-08-21 20:52:26 - [TEST_STEP][PASSED] - partyOnboardingPersonal.inputPartyCategory(s05_partycategory): Keys 'Full' sent to object: 'Object Repository/PartyOnboarding/PartyOnboarding/Party Category'&#xD;
&#xD;
2019-08-21 20:52:27 - [MESSAGE][PASSED] - Object 'Object Repository/PartyOnboarding/PartyOnboarding/Party Category' is visible&#xD;
&#xD;
2019-08-21 20:52:27 - [MESSAGE][PASSED] - Keys 'Full' sent to object: 'Object Repository/PartyOnboarding/PartyOnboarding/Party Category'&#xD;
&#xD;
2019-08-21 20:52:27 - [TEST_STEP][PASSED] - log.logInfo("--- Check Line of Business ---"): --- Check Line of Business ---&#xD;
&#xD;
2019-08-21 20:52:27 - [MESSAGE][INFO] - --- Check Line of Business ---&#xD;
&#xD;
2019-08-21 20:52:27 - [TEST_STEP][PASSED] - log.logInfo("--- Click Next to Party Check List  ---"): --- Click Next to Party Check List  ---&#xD;
&#xD;
2019-08-21 20:52:27 - [MESSAGE][INFO] - --- Click Next to Party Check List  ---&#xD;
&#xD;
2019-08-21 20:52:27 - [TEST_STEP][PASSED] - partyOnboardingPersonal.clickNextbutton(): Object: 'Object Repository/PartyOnboarding/btn_Next' is clicked on&#xD;
&#xD;
2019-08-21 20:52:27 - [MESSAGE][PASSED] - Object 'Object Repository/PartyOnboarding/btn_Next' is visible&#xD;
&#xD;
2019-08-21 20:52:27 - [MESSAGE][PASSED] - Object: 'Object Repository/PartyOnboarding/btn_Next' is clicked on&#xD;
&#xD;
2019-08-21 20:52:27 - [TEST_STEP][PASSED] - delay(1): Delayed 1 second(s)&#xD;
&#xD;
2019-08-21 20:52:28 - [MESSAGE][PASSED] - Delayed 1 second(s)&#xD;
&#xD;
2019-08-21 20:52:28 - [TEST_STEP][PASSED] - log.logInfo("--- Click Next to Party Pre-Existence Check  ---"): --- Click Next to Party Pre-Existence Check  ---&#xD;
&#xD;
2019-08-21 20:52:28 - [MESSAGE][INFO] - --- Click Next to Party Pre-Existence Check  ---&#xD;
&#xD;
2019-08-21 20:52:28 - [TEST_STEP][PASSED] - partyOnboardingPersonal.clickNextbutton(): Object: 'Object Repository/PartyOnboarding/btn_Next' is clicked on&#xD;
&#xD;
2019-08-21 20:52:28 - [MESSAGE][PASSED] - Object 'Object Repository/PartyOnboarding/btn_Next' is visible&#xD;
&#xD;
2019-08-21 20:52:28 - [MESSAGE][PASSED] - Object: 'Object Repository/PartyOnboarding/btn_Next' is clicked on&#xD;
&#xD;
2019-08-21 20:52:28 - [TEST_STEP][PASSED] - delay(1): Delayed 1 second(s)&#xD;
&#xD;
2019-08-21 20:52:29 - [MESSAGE][PASSED] - Delayed 1 second(s)&#xD;
&#xD;
2019-08-21 20:52:29 - [TEST_STEP][PASSED] - log.logInfo("--- Input data on Party Pre-Existence Check  ---"): --- Input data on Party Pre-Existence Check  ---&#xD;
&#xD;
2019-08-21 20:52:29 - [MESSAGE][INFO] - --- Input data on Party Pre-Existence Check  ---&#xD;
&#xD;
2019-08-21 20:52:29 - [TEST_STEP][PASSED] - partyOnboardingPersonal.inputPreExistenceCheck(s08_firstname, s08_dateofbirth, s08_nationalldType, s08_nationalldNo, s08_lastname, s08_strState, s08_district01, s08_district02, s08_district03, s08_strType, s08_strregstrationNo): Keys '893064' sent to object: 'Object Repository/PartyOnboarding/Personal/Pre-Existence Check/NRC_fields/txt_RegstrationNo'&#xD;
&#xD;
2019-08-21 20:52:29 - [MESSAGE][PASSED] - Object 'Object Repository/PartyOnboarding/Personal/Pre-Existence Check/txt_FirstName' is visible&#xD;
&#xD;
2019-08-21 20:52:29 - [MESSAGE][PASSED] - Keys 'ATO 0000002' sent to object: 'Object Repository/PartyOnboarding/Personal/Pre-Existence Check/txt_FirstName'&#xD;
&#xD;
2019-08-21 20:52:29 - [MESSAGE][PASSED] - Object 'Object Repository/PartyOnboarding/Personal/Pre-Existence Check/txt_LastName' is visible&#xD;
&#xD;
2019-08-21 20:52:29 - [MESSAGE][PASSED] - Keys 'Nguyen' sent to object: 'Object Repository/PartyOnboarding/Personal/Pre-Existence Check/txt_LastName'&#xD;
&#xD;
2019-08-21 20:52:29 - [MESSAGE][PASSED] - Object 'Object Repository/PartyOnboarding/Personal/Pre-Existence Check/txt_DateOfBirth' is visible&#xD;
&#xD;
2019-08-21 20:52:29 - [MESSAGE][PASSED] - Keys '12-17-1990' sent to object: 'Object Repository/PartyOnboarding/Personal/Pre-Existence Check/txt_DateOfBirth'&#xD;
&#xD;
2019-08-21 20:52:29 - [MESSAGE][PASSED] - Object 'Object Repository/PartyOnboarding/Personal/Pre-Existence Check/ddl_NationlldType' is visible&#xD;
&#xD;
2019-08-21 20:52:30 - [MESSAGE][PASSED] - Keys 'TAB + NRC' sent to object: 'Object Repository/PartyOnboarding/Personal/Pre-Existence Check/ddl_NationlldType'&#xD;
&#xD;
2019-08-21 20:52:30 - [MESSAGE][PASSED] - Object 'Object Repository/PartyOnboarding/Personal/Pre-Existence Check/txt_NationalldNo' is visible&#xD;
&#xD;
2019-08-21 20:52:30 - [MESSAGE][PASSED] - Object 'Object Repository/PartyOnboarding/Personal/Pre-Existence Check/NRC_fields/ddl_State' is visible&#xD;
&#xD;
2019-08-21 20:52:30 - [MESSAGE][PASSED] - Keys '10' sent to object: 'Object Repository/PartyOnboarding/Personal/Pre-Existence Check/NRC_fields/ddl_State'&#xD;
&#xD;
2019-08-21 20:52:30 - [MESSAGE][PASSED] - Object 'Object Repository/PartyOnboarding/Personal/Pre-Existence Check/NRC_fields/ddl_District01' is visible&#xD;
&#xD;
2019-08-21 20:52:30 - [MESSAGE][PASSED] - Keys 'AH' sent to object: 'Object Repository/PartyOnboarding/Personal/Pre-Existence Check/NRC_fields/ddl_District01'&#xD;
&#xD;
2019-08-21 20:52:30 - [MESSAGE][PASSED] - Object 'Object Repository/PartyOnboarding/Personal/Pre-Existence Check/NRC_fields/ddl_District02' is visible&#xD;
&#xD;
2019-08-21 20:52:30 - [MESSAGE][PASSED] - Keys 'AH' sent to object: 'Object Repository/PartyOnboarding/Personal/Pre-Existence Check/NRC_fields/ddl_District02'&#xD;
&#xD;
2019-08-21 20:52:30 - [MESSAGE][PASSED] - Object 'Object Repository/PartyOnboarding/Personal/Pre-Existence Check/NRC_fields/ddl_District03' is visible&#xD;
&#xD;
2019-08-21 20:52:30 - [MESSAGE][PASSED] - Keys 'AH' sent to object: 'Object Repository/PartyOnboarding/Personal/Pre-Existence Check/NRC_fields/ddl_District03'&#xD;
&#xD;
2019-08-21 20:52:30 - [MESSAGE][PASSED] - Object 'Object Repository/PartyOnboarding/Personal/Pre-Existence Check/NRC_fields/ddl_Type' is visible&#xD;
&#xD;
2019-08-21 20:52:30 - [MESSAGE][PASSED] - Keys '(HTAYA)' sent to object: 'Object Repository/PartyOnboarding/Personal/Pre-Existence Check/NRC_fields/ddl_Type'&#xD;
&#xD;
2019-08-21 20:52:30 - [MESSAGE][PASSED] - Object 'Object Repository/PartyOnboarding/Personal/Pre-Existence Check/NRC_fields/txt_RegstrationNo' is visible&#xD;
&#xD;
2019-08-21 20:52:30 - [MESSAGE][PASSED] - Keys '893064' sent to object: 'Object Repository/PartyOnboarding/Personal/Pre-Existence Check/NRC_fields/txt_RegstrationNo'&#xD;
&#xD;
2019-08-21 20:52:30 - [TEST_STEP][PASSED] - log.logInfo("--- Click Next button ---"): --- Click Next button ---&#xD;
&#xD;
2019-08-21 20:52:30 - [MESSAGE][INFO] - --- Click Next button ---&#xD;
&#xD;
2019-08-21 20:52:30 - [TEST_STEP][PASSED] - partyOnboardingPersonal.clickNextbutton(): Object: 'Object Repository/PartyOnboarding/btn_Next' is clicked on&#xD;
&#xD;
2019-08-21 20:52:30 - [MESSAGE][PASSED] - Object 'Object Repository/PartyOnboarding/btn_Next' is visible&#xD;
&#xD;
2019-08-21 20:52:31 - [MESSAGE][PASSED] - Object: 'Object Repository/PartyOnboarding/btn_Next' is clicked on&#xD;
&#xD;
2019-08-21 20:52:31 - [TEST_STEP][PASSED] - log.logInfo("--- Key in data all required fields on Personal Party - PartyId ---"): --- Key in data all required fields on Personal Party - PartyId ---&#xD;
&#xD;
2019-08-21 20:52:31 - [MESSAGE][INFO] - --- Key in data all required fields on Personal Party - PartyId ---&#xD;
&#xD;
2019-08-21 20:52:31 - [TEST_STEP][PASSED] - partyOnboardingPersonal.inputPartyId(): Web element with id: 'Object Repository/PartyOnboarding/Personal/PersonalParty/Message/pop_ErrorDuplicatePartyID' located by 'By.xpath: //textarea[@name='03messages']' not found&#xD;
&#xD;
2019-08-21 20:52:32 - [MESSAGE][PASSED] - Object 'Object Repository/PartyOnboarding/Personal/PersonalParty/txt_PartyID' is visible&#xD;
&#xD;
2019-08-21 20:52:32 - [MESSAGE][PASSED] - Object 'Object Repository/PartyOnboarding/Personal/PersonalParty/txt_PartyID' is visible&#xD;
&#xD;
2019-08-21 20:52:32 - [MESSAGE][PASSED] - Keys 'TAB + lngi2jYq' sent to object: 'Object Repository/PartyOnboarding/Personal/PersonalParty/txt_PartyID'&#xD;
&#xD;
2019-08-21 20:53:03 - [MESSAGE][INFO] - Unable to find the element located by 'By.xpath: //textarea[@name='03messages']'. Please recheck the objects properties to make sure the desired element is located. &#xD;
&#xD;
2019-08-21 20:53:03 - [MESSAGE][WARNING] - Web element with id: 'Object Repository/PartyOnboarding/Personal/PersonalParty/Message/pop_ErrorDuplicatePartyID' located by 'By.xpath: //textarea[@name='03messages']' not found&#xD;
&#xD;
2019-08-21 20:53:03 - [TEST_STEP][PASSED] - log.logInfo("--- Key in data all required fields on Personal Party - Input Nation Identifer Type ---"): --- Key in data all required fields on Personal Party - Input Nation Identifer Type ---&#xD;
&#xD;
2019-08-21 20:53:03 - [MESSAGE][INFO] - --- Key in data all required fields on Personal Party - Input Nation Identifer Type ---&#xD;
&#xD;
2019-08-21 20:53:03 - [TEST_STEP][PASSED] - partyOnboardingPersonal.inputNationalIdentifierType(s09_nationIdentifierType): Keys 'TAB + Passport' sent to object: 'Object Repository/PartyOnboarding/Personal/PersonalParty/ddl_NationalIdentifierType'&#xD;
&#xD;
2019-08-21 20:53:03 - [MESSAGE][PASSED] - Object 'Object Repository/PartyOnboarding/Personal/PersonalParty/ddl_NationalIdentifierType' is visible&#xD;
&#xD;
2019-08-21 20:53:03 - [MESSAGE][PASSED] - Keys 'TAB + Passport' sent to object: 'Object Repository/PartyOnboarding/Personal/PersonalParty/ddl_NationalIdentifierType'&#xD;
&#xD;
2019-08-21 20:53:03 - [TEST_STEP][PASSED] - log.logInfo("--- Key in data all required fields on Personal Party - Input Nation Identifer ---"): --- Key in data all required fields on Personal Party - Input Nation Identifer ---&#xD;
&#xD;
2019-08-21 20:53:03 - [MESSAGE][INFO] - --- Key in data all required fields on Personal Party - Input Nation Identifer ---&#xD;
&#xD;
2019-08-21 20:53:03 - [TEST_STEP][PASSED] - partyOnboardingPersonal.inputNationalIdentifier(s09_nationIdentifier): Keys 'TAB + 12345602' sent to object: 'Object Repository/PartyOnboarding/Personal/PersonalParty/txt_NationalIdentifier'&#xD;
&#xD;
2019-08-21 20:53:03 - [MESSAGE][PASSED] - Object 'Object Repository/PartyOnboarding/Personal/PersonalParty/txt_NationalIdentifier' is visible&#xD;
&#xD;
2019-08-21 20:53:03 - [MESSAGE][PASSED] - Keys 'TAB + 12345602' sent to object: 'Object Repository/PartyOnboarding/Personal/PersonalParty/txt_NationalIdentifier'&#xD;
&#xD;
2019-08-21 20:53:03 - [TEST_STEP][PASSED] - log.logInfo("--- Key in data all required fields on Personal Party - Input Title ---"): --- Key in data all required fields on Personal Party - Input Title ---&#xD;
&#xD;
2019-08-21 20:53:03 - [MESSAGE][INFO] - --- Key in data all required fields on Personal Party - Input Title ---&#xD;
&#xD;
2019-08-21 20:53:03 - [TEST_STEP][PASSED] - partyOnboardingPersonal.inputTitle(s09_title): Keys 'TAB + Ms' sent to object: 'Object Repository/PartyOnboarding/Personal/PersonalParty/ddl_Title'&#xD;
&#xD;
2019-08-21 20:53:03 - [MESSAGE][PASSED] - Object 'Object Repository/PartyOnboarding/Personal/PersonalParty/ddl_Title' is visible&#xD;
&#xD;
2019-08-21 20:53:04 - [MESSAGE][PASSED] - Keys 'TAB + Ms' sent to object: 'Object Repository/PartyOnboarding/Personal/PersonalParty/ddl_Title'&#xD;
&#xD;
2019-08-21 20:53:04 - [TEST_STEP][PASSED] - log.logInfo("--- Key in data all required fields on Personal Party - Input Employment Status ---"): --- Key in data all required fields on Personal Party - Input Employment Status ---&#xD;
&#xD;
2019-08-21 20:53:04 - [MESSAGE][INFO] - --- Key in data all required fields on Personal Party - Input Employment Status ---&#xD;
&#xD;
2019-08-21 20:53:04 - [TEST_STEP][PASSED] - partyOnboardingPersonal.inputEmploymentStatus(s09_employmentStatus): Keys 'TAB + Student' sent to object: 'Object Repository/PartyOnboarding/Personal/PersonalParty/ddl_EmploymentStatus'&#xD;
&#xD;
2019-08-21 20:53:04 - [MESSAGE][PASSED] - Object 'Object Repository/PartyOnboarding/Personal/PersonalParty/ddl_EmploymentStatus' is visible&#xD;
&#xD;
2019-08-21 20:53:04 - [MESSAGE][PASSED] - Keys 'TAB + Student' sent to object: 'Object Repository/PartyOnboarding/Personal/PersonalParty/ddl_EmploymentStatus'&#xD;
&#xD;
2019-08-21 20:53:04 - [TEST_STEP][PASSED] - log.logInfo("--- Key in data all required fields on Personal Party - Input Gender ---"): --- Key in data all required fields on Personal Party - Input Gender ---&#xD;
&#xD;
2019-08-21 20:53:04 - [MESSAGE][INFO] - --- Key in data all required fields on Personal Party - Input Gender ---&#xD;
&#xD;
2019-08-21 20:53:04 - [TEST_STEP][PASSED] - partyOnboardingPersonal.inputGender(s09_gender): Keys 'TAB + Female' sent to object: 'Object Repository/PartyOnboarding/Personal/PersonalParty/ddl_Gender'&#xD;
&#xD;
2019-08-21 20:53:04 - [MESSAGE][PASSED] - Object 'Object Repository/PartyOnboarding/Personal/PersonalParty/ddl_Gender' is visible&#xD;
&#xD;
2019-08-21 20:53:04 - [MESSAGE][PASSED] - Keys 'TAB + Female' sent to object: 'Object Repository/PartyOnboarding/Personal/PersonalParty/ddl_Gender'&#xD;
&#xD;
2019-08-21 20:53:04 - [TEST_STEP][PASSED] - log.logInfo("--- Key in data all required fields on Personal Party - Input Civil Status ---"): --- Key in data all required fields on Personal Party - Input Civil Status ---&#xD;
&#xD;
2019-08-21 20:53:04 - [MESSAGE][INFO] - --- Key in data all required fields on Personal Party - Input Civil Status ---&#xD;
&#xD;
2019-08-21 20:53:04 - [TEST_STEP][PASSED] - partyOnboardingPersonal.inputCivilStatus(s09_civilStatus): Keys 'TAB + Single' sent to object: 'Object Repository/PartyOnboarding/Personal/PersonalParty/txt_CivilStatus'&#xD;
&#xD;
2019-08-21 20:53:04 - [MESSAGE][PASSED] - Object 'Object Repository/PartyOnboarding/Personal/PersonalParty/txt_CivilStatus' is visible&#xD;
&#xD;
2019-08-21 20:53:04 - [MESSAGE][PASSED] - Keys 'TAB + Single' sent to object: 'Object Repository/PartyOnboarding/Personal/PersonalParty/txt_CivilStatus'&#xD;
&#xD;
2019-08-21 20:53:04 - [TEST_STEP][PASSED] - log.logInfo("--- Key in data all required fields on Personal Party - Input Mother's Maiden Name ---"): --- Key in data all required fields on Personal Party - Input Mother's Maiden Name ---&#xD;
&#xD;
2019-08-21 20:53:04 - [MESSAGE][INFO] - --- Key in data all required fields on Personal Party - Input Mother's Maiden Name ---&#xD;
&#xD;
2019-08-21 20:53:04 - [TEST_STEP][PASSED] - partyOnboardingPersonal.inputMotherMaidenName(s09_motherMaidenName): Keys 'TAB + Mother's Name' sent to object: 'Object Repository/PartyOnboarding/Personal/PersonalParty/txt_MothersMaidenName'&#xD;
&#xD;
2019-08-21 20:53:04 - [MESSAGE][PASSED] - Object 'Object Repository/PartyOnboarding/Personal/PersonalParty/txt_MothersMaidenName' is visible&#xD;
&#xD;
2019-08-21 20:53:04 - [MESSAGE][PASSED] - Keys 'TAB + Mother's Name' sent to object: 'Object Repository/PartyOnboarding/Personal/PersonalParty/txt_MothersMaidenName'&#xD;
&#xD;
2019-08-21 20:53:04 - [TEST_STEP][PASSED] - log.logInfo("--- Key in data all required fields on Personal Party - Input Short Name ---"): --- Key in data all required fields on Personal Party - Input Short Name ---&#xD;
&#xD;
2019-08-21 20:53:04 - [MESSAGE][INFO] - --- Key in data all required fields on Personal Party - Input Short Name ---&#xD;
&#xD;
2019-08-21 20:53:04 - [TEST_STEP][PASSED] - partyOnboardingPersonal.inputShortName(s09_shortName): Keys 'TAB + Le 12' sent to object: 'Object Repository/PartyOnboarding/Personal/PersonalParty/txt_ShortName'&#xD;
&#xD;
2019-08-21 20:53:05 - [MESSAGE][PASSED] - Object 'Object Repository/PartyOnboarding/Personal/PersonalParty/txt_ShortName' is visible&#xD;
&#xD;
2019-08-21 20:53:05 - [MESSAGE][PASSED] - Keys 'TAB + Le 12' sent to object: 'Object Repository/PartyOnboarding/Personal/PersonalParty/txt_ShortName'&#xD;
&#xD;
2019-08-21 20:53:05 - [TEST_STEP][PASSED] - log.logInfo("---Key in data all required fields on Personal Party - Input Grandfather's Name ---"): ---Key in data all required fields on Personal Party - Input Grandfather's Name ---&#xD;
&#xD;
2019-08-21 20:53:05 - [MESSAGE][INFO] - ---Key in data all required fields on Personal Party - Input Grandfather's Name ---&#xD;
&#xD;
2019-08-21 20:53:05 - [TEST_STEP][PASSED] - partyOnboardingPersonal.inputGrandfatherName(s09_grandfatherName): Keys 'TAB + Grandfatther' sent to object: 'Object Repository/PartyOnboarding/Personal/PersonalParty/txt_GrandfathersName'&#xD;
&#xD;
2019-08-21 20:53:05 - [MESSAGE][PASSED] - Object 'Object Repository/PartyOnboarding/Personal/PersonalParty/txt_GrandfathersName' is visible&#xD;
&#xD;
2019-08-21 20:53:05 - [MESSAGE][PASSED] - Keys 'TAB + Grandfatther' sent to object: 'Object Repository/PartyOnboarding/Personal/PersonalParty/txt_GrandfathersName'&#xD;
&#xD;
2019-08-21 20:53:05 - [TEST_STEP][PASSED] - log.logInfo("---Key in data all required fields on Personal Party - Input Nationality ---"): ---Key in data all required fields on Personal Party - Input Nationality ---&#xD;
&#xD;
2019-08-21 20:53:05 - [MESSAGE][INFO] - ---Key in data all required fields on Personal Party - Input Nationality ---&#xD;
&#xD;
2019-08-21 20:53:05 - [TEST_STEP][PASSED] - partyOnboardingPersonal.inputNationality(s09_nationality): Keys 'TAB + Myanmar' sent to object: 'Object Repository/PartyOnboarding/Personal/PersonalParty/ddl_Nationality'&#xD;
&#xD;
2019-08-21 20:53:05 - [MESSAGE][PASSED] - Object 'Object Repository/PartyOnboarding/Personal/PersonalParty/ddl_Nationality' is visible&#xD;
&#xD;
2019-08-21 20:53:05 - [MESSAGE][PASSED] - Keys 'TAB + Myanmar' sent to object: 'Object Repository/PartyOnboarding/Personal/PersonalParty/ddl_Nationality'&#xD;
&#xD;
2019-08-21 20:53:05 - [TEST_STEP][PASSED] - log.logInfo("--- Key in data all required fields on Personal Party - Input Resident Status ---"): --- Key in data all required fields on Personal Party - Input Resident Status ---&#xD;
&#xD;
2019-08-21 20:53:05 - [MESSAGE][INFO] - --- Key in data all required fields on Personal Party - Input Resident Status ---&#xD;
&#xD;
2019-08-21 20:53:05 - [TEST_STEP][PASSED] - partyOnboardingPersonal.inputResidentStatus(s09_residentStatus): Keys 'Diplomat' sent to object: 'Object Repository/PartyOnboarding/Personal/PersonalParty/ddl_ResidentStatus'&#xD;
&#xD;
2019-08-21 20:53:05 - [MESSAGE][PASSED] - Object 'Object Repository/PartyOnboarding/Personal/PersonalParty/ddl_ResidentStatus' is visible&#xD;
&#xD;
2019-08-21 20:53:05 - [MESSAGE][PASSED] - Keys 'Diplomat' sent to object: 'Object Repository/PartyOnboarding/Personal/PersonalParty/ddl_ResidentStatus'&#xD;
&#xD;
2019-08-21 20:53:05 - [TEST_STEP][PASSED] - log.logInfo("--- Key in data all required fields on Personal Party - Input Tax ID Number ---"): --- Key in data all required fields on Personal Party - Input Tax ID Number ---&#xD;
&#xD;
2019-08-21 20:53:05 - [MESSAGE][INFO] - --- Key in data all required fields on Personal Party - Input Tax ID Number ---&#xD;
&#xD;
2019-08-21 20:53:05 - [TEST_STEP][PASSED] - partyOnboardingPersonal.inputTaxIDNumber(s09_taxIDNumber): Keys 'TAB + 12345678' sent to object: 'Object Repository/PartyOnboarding/Personal/PersonalParty/txt_TaxIDNumber'&#xD;
&#xD;
2019-08-21 20:53:05 - [MESSAGE][PASSED] - Object 'Object Repository/PartyOnboarding/Personal/PersonalParty/txt_TaxIDNumber' is visible&#xD;
&#xD;
2019-08-21 20:53:06 - [MESSAGE][PASSED] - Keys 'TAB + 12345678' sent to object: 'Object Repository/PartyOnboarding/Personal/PersonalParty/txt_TaxIDNumber'&#xD;
&#xD;
2019-08-21 20:53:06 - [TEST_STEP][PASSED] - log.logInfo("--- Key in data all required fields on Personal Party - Input Religion ---"): --- Key in data all required fields on Personal Party - Input Religion ---&#xD;
&#xD;
2019-08-21 20:53:06 - [MESSAGE][INFO] - --- Key in data all required fields on Personal Party - Input Religion ---&#xD;
&#xD;
2019-08-21 20:53:06 - [TEST_STEP][PASSED] - partyOnboardingPersonal.inputReligion(s09_religion): Keys 'TAB + Christianity' sent to object: 'Object Repository/PartyOnboarding/Personal/PersonalParty/ddl_Religion'&#xD;
&#xD;
2019-08-21 20:53:06 - [MESSAGE][PASSED] - Object 'Object Repository/PartyOnboarding/Personal/PersonalParty/ddl_Religion' is visible&#xD;
&#xD;
2019-08-21 20:53:06 - [MESSAGE][PASSED] - Keys 'TAB + Christianity' sent to object: 'Object Repository/PartyOnboarding/Personal/PersonalParty/ddl_Religion'&#xD;
&#xD;
2019-08-21 20:53:06 - [TEST_STEP][PASSED] - log.logInfo("--- Key in data all required fields on Personal Party - Click Next button ---"): --- Key in data all required fields on Personal Party - Click Next button ---&#xD;
&#xD;
2019-08-21 20:53:06 - [MESSAGE][INFO] - --- Key in data all required fields on Personal Party - Click Next button ---&#xD;
&#xD;
2019-08-21 20:53:06 - [TEST_STEP][PASSED] - partyOnboardingPersonal.clickNextbutton(): Object: 'Object Repository/PartyOnboarding/btn_Next' is clicked on&#xD;
&#xD;
2019-08-21 20:53:06 - [MESSAGE][PASSED] - Object 'Object Repository/PartyOnboarding/btn_Next' is visible&#xD;
&#xD;
2019-08-21 20:53:06 - [MESSAGE][PASSED] - Object: 'Object Repository/PartyOnboarding/btn_Next' is clicked on&#xD;
&#xD;
2019-08-21 20:53:06 - [TEST_STEP][PASSED] - log.logInfo("--- Key in data all required fields on Personal Party - Click Process on Warning box ---"): --- Key in data all required fields on Personal Party - Click Process on Warning box ---&#xD;
&#xD;
2019-08-21 20:53:06 - [MESSAGE][INFO] - --- Key in data all required fields on Personal Party - Click Process on Warning box ---&#xD;
&#xD;
2019-08-21 20:53:06 - [TEST_STEP][PASSED] - partyOnboardingPersonal.clickProcessInWarningBox(): Object: 'Object Repository/PartyOnboarding/Personal/PersonalParty/btn_Warnings_Proceed_NotCapture' is clicked on&#xD;
&#xD;
2019-08-21 20:53:07 - [MESSAGE][PASSED] - Object 'Object Repository/PartyOnboarding/Personal/PersonalParty/btn_Warnings_Proceed_NotCapture' is visible&#xD;
&#xD;
2019-08-21 20:53:07 - [MESSAGE][PASSED] - Object: 'Object Repository/PartyOnboarding/Personal/PersonalParty/btn_Warnings_Proceed_NotCapture' is clicked on&#xD;
&#xD;
2019-08-21 20:53:07 - [TEST_STEP][PASSED] - log.logInfo("--- Input required fields for Party Address - Input Address Type, User of Communication and Valid From---"): --- Input required fields for Party Address - Input Address Type, User of Communication and Valid From---&#xD;
&#xD;
2019-08-21 20:53:07 - [MESSAGE][INFO] - --- Input required fields for Party Address - Input Address Type, User of Communication and Valid From---&#xD;
&#xD;
2019-08-21 20:53:07 - [TEST_STEP][PASSED] - partyOnboardingPersonal.inputRDataForAddressParty(s10_addressType, s10_userForCommunication, s10_validFrom): Execute JavaScript 'arguments[0].click();' successfully&#xD;
&#xD;
2019-08-21 20:53:08 - [MESSAGE][PASSED] - Object 'Object Repository/PartyOnboarding/Personal/PartyAddress/button_New Row_PartyAddress' is visible&#xD;
&#xD;
2019-08-21 20:53:08 - [MESSAGE][PASSED] - Execute JavaScript 'arguments[0].click();' successfully&#xD;
&#xD;
2019-08-21 20:53:08 - [MESSAGE][PASSED] - Object 'Object Repository/PartyOnboarding/Personal/PartyAddress/Address Type' is visible&#xD;
&#xD;
2019-08-21 20:53:09 - [MESSAGE][PASSED] - Keys 'TAB + Home Address' sent to object: 'Object Repository/PartyOnboarding/Personal/PartyAddress/Address Type'&#xD;
&#xD;
2019-08-21 20:53:09 - [MESSAGE][PASSED] - Object 'Object Repository/PartyOnboarding/Personal/PartyAddress/Valid From' is visible&#xD;
&#xD;
2019-08-21 20:53:09 - [MESSAGE][PASSED] - Text of object 'Object Repository/PartyOnboarding/Personal/PartyAddress/Valid From' is cleared&#xD;
&#xD;
2019-08-21 20:53:09 - [MESSAGE][PASSED] - Object 'Object Repository/PartyOnboarding/Personal/PartyAddress/Valid From' is visible&#xD;
&#xD;
2019-08-21 20:53:09 - [MESSAGE][PASSED] - Keys '2018-01-14' sent to object: 'Object Repository/PartyOnboarding/Personal/PartyAddress/Valid From'&#xD;
&#xD;
2019-08-21 20:53:09 - [MESSAGE][PASSED] - Object 'Object Repository/PartyOnboarding/Personal/PartyAddress/chk_Use  for Communication' is present&#xD;
&#xD;
2019-08-21 20:53:09 - [MESSAGE][PASSED] - Attribute 'aria-checked' of object 'Object Repository/PartyOnboarding/Personal/PartyAddress/chk_Use  for Communication' is: 'false'&#xD;
&#xD;
2019-08-21 20:53:09 - [MESSAGE][PASSED] - Object 'Object Repository/PartyOnboarding/Personal/PartyAddress/chk_Use  for Communication' is checked&#xD;
&#xD;
2019-08-21 20:53:09 - [MESSAGE][PASSED] - Object 'Object Repository/PartyOnboarding/Personal/PartyAddress/SaveRow' is visible&#xD;
&#xD;
2019-08-21 20:53:09 - [MESSAGE][PASSED] - Execute JavaScript 'arguments[0].click();' successfully&#xD;
&#xD;
2019-08-21 20:53:09 - [MESSAGE][PASSED] - Object 'Object Repository/PartyOnboarding/Personal/PartyAddress/button_New Row_PartyAddress' is visible&#xD;
&#xD;
2019-08-21 20:53:09 - [MESSAGE][PASSED] - Execute JavaScript 'arguments[0].click();' successfully&#xD;
&#xD;
2019-08-21 20:53:09 - [MESSAGE][PASSED] - Object 'Object Repository/PartyOnboarding/Personal/PartyAddress/Address Type' is visible&#xD;
&#xD;
2019-08-21 20:53:10 - [MESSAGE][PASSED] - Keys 'TAB + Office Address' sent to object: 'Object Repository/PartyOnboarding/Personal/PartyAddress/Address Type'&#xD;
&#xD;
2019-08-21 20:53:10 - [MESSAGE][PASSED] - Object 'Object Repository/PartyOnboarding/Personal/PartyAddress/Valid From' is visible&#xD;
&#xD;
2019-08-21 20:53:10 - [MESSAGE][PASSED] - Text of object 'Object Repository/PartyOnboarding/Personal/PartyAddress/Valid From' is cleared&#xD;
&#xD;
2019-08-21 20:53:10 - [MESSAGE][PASSED] - Object 'Object Repository/PartyOnboarding/Personal/PartyAddress/Valid From' is visible&#xD;
&#xD;
2019-08-21 20:53:10 - [MESSAGE][PASSED] - Keys '2018-01-17' sent to object: 'Object Repository/PartyOnboarding/Personal/PartyAddress/Valid From'&#xD;
&#xD;
2019-08-21 20:53:10 - [MESSAGE][PASSED] - Object 'Object Repository/PartyOnboarding/Personal/PartyAddress/SaveRow' is visible&#xD;
&#xD;
2019-08-21 20:53:10 - [MESSAGE][PASSED] - Execute JavaScript 'arguments[0].click();' successfully&#xD;
&#xD;
2019-08-21 20:53:11 - [MESSAGE][PASSED] - Object 'Object Repository/PartyOnboarding/Personal/PartyAddress/button_New Row_PartyAddress' is visible&#xD;
&#xD;
2019-08-21 20:53:11 - [MESSAGE][PASSED] - Execute JavaScript 'arguments[0].click();' successfully&#xD;
&#xD;
2019-08-21 20:53:11 - [MESSAGE][PASSED] - Object 'Object Repository/PartyOnboarding/Personal/PartyAddress/Address Type' is visible&#xD;
&#xD;
2019-08-21 20:53:11 - [MESSAGE][PASSED] - Keys 'TAB + Current Address' sent to object: 'Object Repository/PartyOnboarding/Personal/PartyAddress/Address Type'&#xD;
&#xD;
2019-08-21 20:53:11 - [MESSAGE][PASSED] - Object 'Object Repository/PartyOnboarding/Personal/PartyAddress/Valid From' is visible&#xD;
&#xD;
2019-08-21 20:53:11 - [MESSAGE][PASSED] - Text of object 'Object Repository/PartyOnboarding/Personal/PartyAddress/Valid From' is cleared&#xD;
&#xD;
2019-08-21 20:53:11 - [MESSAGE][PASSED] - Object 'Object Repository/PartyOnboarding/Personal/PartyAddress/Valid From' is visible&#xD;
&#xD;
2019-08-21 20:53:12 - [MESSAGE][PASSED] - Keys '2017-01-18' sent to object: 'Object Repository/PartyOnboarding/Personal/PartyAddress/Valid From'&#xD;
&#xD;
2019-08-21 20:53:12 - [MESSAGE][PASSED] - Object 'Object Repository/PartyOnboarding/Personal/PartyAddress/SaveRow' is visible&#xD;
&#xD;
2019-08-21 20:53:12 - [MESSAGE][PASSED] - Execute JavaScript 'arguments[0].click();' successfully&#xD;
&#xD;
2019-08-21 20:53:12 - [TEST_STEP][PASSED] - log.logInfo("--- Input required fields for Party Address - click Next button---"): --- Input required fields for Party Address - click Next button---&#xD;
&#xD;
2019-08-21 20:53:12 - [MESSAGE][INFO] - --- Input required fields for Party Address - click Next button---&#xD;
&#xD;
2019-08-21 20:53:12 - [TEST_STEP][PASSED] - partyOnboardingPersonal.clickNextbutton(): Object: 'Object Repository/PartyOnboarding/btn_Next' is clicked on&#xD;
&#xD;
2019-08-21 20:53:12 - [MESSAGE][PASSED] - Object 'Object Repository/PartyOnboarding/btn_Next' is visible&#xD;
&#xD;
2019-08-21 20:53:12 - [MESSAGE][PASSED] - Object: 'Object Repository/PartyOnboarding/btn_Next' is clicked on&#xD;
&#xD;
2019-08-21 20:53:12 - [TEST_STEP][PASSED] - log.logInfo("--- Input data for Party Contacts ---"): --- Input data for Party Contacts ---&#xD;
&#xD;
2019-08-21 20:53:12 - [MESSAGE][INFO] - --- Input data for Party Contacts ---&#xD;
&#xD;
2019-08-21 20:53:12 - [TEST_STEP][PASSED] - partyOnboardingPersonal.inputDataForPartyContacts(s11_contactMethod, s11_contactTypeLocation, s11_contactCountryCode, s11_contactAreaCode, s11_contactNumber, s11_contactEmail, s11_confirmEmail, s11_validFrom): Execute JavaScript 'arguments[0].click();' successfully&#xD;
&#xD;
2019-08-21 20:53:12 - [MESSAGE][PASSED] - Object 'Object Repository/PartyOnboarding/Personal/PartyContacts/New Row' is visible&#xD;
&#xD;
2019-08-21 20:53:13 - [MESSAGE][PASSED] - Execute JavaScript 'arguments[0].click();' successfully&#xD;
&#xD;
2019-08-21 20:53:14 - [MESSAGE][PASSED] - Delayed 1 second(s)&#xD;
&#xD;
2019-08-21 20:53:14 - [MESSAGE][PASSED] - Object 'Object Repository/PartyOnboarding/Personal/PartyContacts/Contact Method' is visible&#xD;
&#xD;
2019-08-21 20:53:14 - [MESSAGE][PASSED] - Keys 'TAB + Telephone' sent to object: 'Object Repository/PartyOnboarding/Personal/PartyContacts/Contact Method'&#xD;
&#xD;
2019-08-21 20:53:15 - [MESSAGE][PASSED] - Delayed 1 second(s)&#xD;
&#xD;
2019-08-21 20:53:15 - [MESSAGE][PASSED] - Object 'Object Repository/PartyOnboarding/Personal/PartyContacts/Contact Type  Location' is visible&#xD;
&#xD;
2019-08-21 20:53:15 - [MESSAGE][PASSED] - Keys 'TAB + Personal' sent to object: 'Object Repository/PartyOnboarding/Personal/PartyContacts/Contact Type  Location'&#xD;
&#xD;
2019-08-21 20:53:15 - [MESSAGE][PASSED] - Object 'Object Repository/PartyOnboarding/Personal/PartyContacts/Contact Email' is visible&#xD;
&#xD;
2019-08-21 20:53:15 - [MESSAGE][PASSED] - Object 'Object Repository/PartyOnboarding/Personal/PartyContacts/Contact Email' has attribute 'readonly'&#xD;
&#xD;
2019-08-21 20:53:15 - [MESSAGE][PASSED] - Object 'Object Repository/PartyOnboarding/Personal/PartyContacts/Contact Number_03_Code' is visible&#xD;
&#xD;
2019-08-21 20:53:15 - [MESSAGE][PASSED] - Text of object 'Object Repository/PartyOnboarding/Personal/PartyContacts/Contact Number_03_Code' is cleared&#xD;
&#xD;
2019-08-21 20:53:15 - [MESSAGE][PASSED] - Object 'Object Repository/PartyOnboarding/Personal/PartyContacts/Contact Number_03_Code' is visible&#xD;
&#xD;
2019-08-21 20:53:16 - [MESSAGE][PASSED] - Keys '+95' sent to object: 'Object Repository/PartyOnboarding/Personal/PartyContacts/Contact Number_03_Code'&#xD;
&#xD;
2019-08-21 20:53:16 - [MESSAGE][PASSED] - Object 'Object Repository/PartyOnboarding/Personal/PartyContacts/Contact Number_AreaCode' is visible&#xD;
&#xD;
2019-08-21 20:53:16 - [MESSAGE][PASSED] - Keys '' sent to object: 'Object Repository/PartyOnboarding/Personal/PartyContacts/Contact Number_AreaCode'&#xD;
&#xD;
2019-08-21 20:53:16 - [MESSAGE][PASSED] - Object 'Object Repository/PartyOnboarding/Personal/PartyContacts/Contact Number_Number' is visible&#xD;
&#xD;
2019-08-21 20:53:16 - [MESSAGE][PASSED] - Keys '9697989901' sent to object: 'Object Repository/PartyOnboarding/Personal/PartyContacts/Contact Number_Number'&#xD;
&#xD;
2019-08-21 20:53:16 - [MESSAGE][PASSED] - Object 'Object Repository/PartyOnboarding/Personal/PartyContacts/Contact Number_03_Code' is visible&#xD;
&#xD;
2019-08-21 20:53:16 - [MESSAGE][WARNING] - Object 'Object Repository/PartyOnboarding/Personal/PartyContacts/Contact Number_03_Code' does not have attribute 'readonly' (Root cause: com.kms.katalon.core.exception.StepFailedException: Object 'Object Repository/PartyOnboarding/Personal/PartyContacts/Contact Number_03_Code' does not have attribute 'readonly'&#xD;
	at com.kms.katalon.core.webui.keyword.internal.WebUIKeywordMain.stepFailed(WebUIKeywordMain.groovy:64)&#xD;
	at com.kms.katalon.core.webui.keyword.builtin.VerifyElementHasAttributeKeyword$_verifyElementHasAttribute_closure1.doCall(VerifyElementHasAttributeKeyword.groovy:89)&#xD;
	at com.kms.katalon.core.webui.keyword.builtin.VerifyElementHasAttributeKeyword$_verifyElementHasAttribute_closure1.call(VerifyElementHasAttributeKeyword.groovy)&#xD;
	at com.kms.katalon.core.webui.keyword.internal.WebUIKeywordMain.runKeyword(WebUIKeywordMain.groovy:20)&#xD;
	at com.kms.katalon.core.webui.keyword.builtin.VerifyElementHasAttributeKeyword.verifyElementHasAttribute(VerifyElementHasAttributeKeyword.groovy:100)&#xD;
	at com.kms.katalon.core.webui.keyword.builtin.VerifyElementHasAttributeKeyword.execute(VerifyElementHasAttributeKeyword.groovy:69)&#xD;
	at com.kms.katalon.core.keyword.internal.KeywordExecutor.executeKeywordForPlatform(KeywordExecutor.groovy:56)&#xD;
	at com.kms.katalon.core.webui.keyword.WebUiBuiltInKeywords.verifyElementHasAttribute(WebUiBuiltInKeywords.groovy:3166)&#xD;
	at com.kms.katalon.core.webui.keyword.WebUiBuiltInKeywords$verifyElementHasAttribute$11.call(Unknown Source)&#xD;
	at pageObjects.PartyOnboarding.inputDataForPartyContacts(PartyOnboarding.groovy:736)&#xD;
	at PartyOnboardingPersonal.run(PartyOnboardingPersonal:77)&#xD;
	at com.kms.katalon.core.main.ScriptEngine.run(ScriptEngine.java:194)&#xD;
	at com.kms.katalon.core.main.ScriptEngine.runScriptAsRawText(ScriptEngine.java:119)&#xD;
	at com.kms.katalon.core.main.TestCaseExecutor.runScript(TestCaseExecutor.java:337)&#xD;
	at com.kms.katalon.core.main.TestCaseExecutor.doExecute(TestCaseExecutor.java:328)&#xD;
	at com.kms.katalon.core.main.TestCaseExecutor.processExecutionPhase(TestCaseExecutor.java:307)&#xD;
	at com.kms.katalon.core.main.TestCaseExecutor.accessMainPhase(TestCaseExecutor.java:299)&#xD;
	at com.kms.katalon.core.main.TestCaseExecutor.execute(TestCaseExecutor.java:233)&#xD;
	at com.kms.katalon.core.main.TestSuiteExecutor.accessTestCaseMainPhase(TestSuiteExecutor.java:133)&#xD;
	at com.kms.katalon.core.main.TestSuiteExecutor.accessTestSuiteMainPhase(TestSuiteExecutor.java:116)&#xD;
	at com.kms.katalon.core.main.TestSuiteExecutor.execute(TestSuiteExecutor.java:83)&#xD;
	at com.kms.katalon.core.main.TestCaseMain.startTestSuite(TestCaseMain.java:157)&#xD;
	at com.kms.katalon.core.main.TestCaseMain$startTestSuite$0.call(Unknown Source)&#xD;
	at TempTestSuite1566396522347.run(TempTestSuite1566396522347.groovy:35)&#xD;
)&#xD;
[[ATTACHMENT|C:\\ML\\JITS\\AYA\\Automation\\FBE\\FBE\\Reports\\DataPreparation\\PartyOnboardingPersonal\\20190821_203842\\1566397396560.png]]&#xD;
&#xD;
2019-08-21 20:53:16 - [MESSAGE][PASSED] - Object 'Object Repository/PartyOnboarding/Personal/PartyContacts/Valid From' is visible&#xD;
&#xD;
2019-08-21 20:53:16 - [MESSAGE][PASSED] - Text of object 'Object Repository/PartyOnboarding/Personal/PartyContacts/Valid From' is cleared&#xD;
&#xD;
2019-08-21 20:53:17 - [MESSAGE][PASSED] - Object 'Object Repository/PartyOnboarding/Personal/PartyContacts/Valid From' is visible&#xD;
&#xD;
2019-08-21 20:53:17 - [MESSAGE][PASSED] - Keys '2018-12-20' sent to object: 'Object Repository/PartyOnboarding/Personal/PartyContacts/Valid From'&#xD;
&#xD;
2019-08-21 20:53:17 - [MESSAGE][PASSED] - Object 'Object Repository/PartyOnboarding/Personal/PartyContacts/Save Row' is visible&#xD;
&#xD;
2019-08-21 20:53:17 - [MESSAGE][PASSED] - Execute JavaScript 'arguments[0].click();' successfully&#xD;
&#xD;
2019-08-21 20:53:17 - [MESSAGE][PASSED] - Object 'Object Repository/PartyOnboarding/Personal/PartyContacts/New Row' is visible&#xD;
&#xD;
2019-08-21 20:53:17 - [MESSAGE][PASSED] - Execute JavaScript 'arguments[0].click();' successfully&#xD;
&#xD;
2019-08-21 20:53:18 - [MESSAGE][PASSED] - Delayed 1 second(s)&#xD;
&#xD;
2019-08-21 20:53:18 - [MESSAGE][PASSED] - Object 'Object Repository/PartyOnboarding/Personal/PartyContacts/Contact Method' is visible&#xD;
&#xD;
2019-08-21 20:53:18 - [MESSAGE][PASSED] - Keys 'TAB + Mobile' sent to object: 'Object Repository/PartyOnboarding/Personal/PartyContacts/Contact Method'&#xD;
&#xD;
2019-08-21 20:53:19 - [MESSAGE][PASSED] - Delayed 1 second(s)&#xD;
&#xD;
2019-08-21 20:53:19 - [MESSAGE][PASSED] - Object 'Object Repository/PartyOnboarding/Personal/PartyContacts/Contact Type  Location' is visible&#xD;
&#xD;
2019-08-21 20:53:20 - [MESSAGE][PASSED] - Keys 'TAB + Work' sent to object: 'Object Repository/PartyOnboarding/Personal/PartyContacts/Contact Type  Location'&#xD;
&#xD;
2019-08-21 20:53:20 - [MESSAGE][PASSED] - Object 'Object Repository/PartyOnboarding/Personal/PartyContacts/Contact Email' is visible&#xD;
&#xD;
2019-08-21 20:53:20 - [MESSAGE][PASSED] - Object 'Object Repository/PartyOnboarding/Personal/PartyContacts/Contact Email' has attribute 'readonly'&#xD;
&#xD;
2019-08-21 20:53:20 - [MESSAGE][PASSED] - Object 'Object Repository/PartyOnboarding/Personal/PartyContacts/Contact Number_03_Code' is visible&#xD;
&#xD;
2019-08-21 20:53:20 - [MESSAGE][PASSED] - Text of object 'Object Repository/PartyOnboarding/Personal/PartyContacts/Contact Number_03_Code' is cleared&#xD;
&#xD;
2019-08-21 20:53:20 - [MESSAGE][PASSED] - Object 'Object Repository/PartyOnboarding/Personal/PartyContacts/Contact Number_03_Code' is visible&#xD;
&#xD;
2019-08-21 20:53:20 - [MESSAGE][PASSED] - Keys '+1' sent to object: 'Object Repository/PartyOnboarding/Personal/PartyContacts/Contact Number_03_Code'&#xD;
&#xD;
2019-08-21 20:53:20 - [MESSAGE][PASSED] - Object 'Object Repository/PartyOnboarding/Personal/PartyContacts/Contact Number_AreaCode' is visible&#xD;
&#xD;
2019-08-21 20:53:20 - [MESSAGE][PASSED] - Keys '' sent to object: 'Object Repository/PartyOnboarding/Personal/PartyContacts/Contact Number_AreaCode'&#xD;
&#xD;
2019-08-21 20:53:20 - [MESSAGE][PASSED] - Object 'Object Repository/PartyOnboarding/Personal/PartyContacts/Contact Number_Number' is visible&#xD;
&#xD;
2019-08-21 20:53:20 - [MESSAGE][PASSED] - Keys '12312314' sent to object: 'Object Repository/PartyOnboarding/Personal/PartyContacts/Contact Number_Number'&#xD;
&#xD;
2019-08-21 20:53:20 - [MESSAGE][PASSED] - Object 'Object Repository/PartyOnboarding/Personal/PartyContacts/Contact Number_03_Code' is visible&#xD;
&#xD;
2019-08-21 20:53:21 - [MESSAGE][WARNING] - Object 'Object Repository/PartyOnboarding/Personal/PartyContacts/Contact Number_03_Code' does not have attribute 'readonly' (Root cause: com.kms.katalon.core.exception.StepFailedException: Object 'Object Repository/PartyOnboarding/Personal/PartyContacts/Contact Number_03_Code' does not have attribute 'readonly'&#xD;
	at com.kms.katalon.core.webui.keyword.internal.WebUIKeywordMain.stepFailed(WebUIKeywordMain.groovy:64)&#xD;
	at com.kms.katalon.core.webui.keyword.builtin.VerifyElementHasAttributeKeyword$_verifyElementHasAttribute_closure1.doCall(VerifyElementHasAttributeKeyword.groovy:89)&#xD;
	at com.kms.katalon.core.webui.keyword.builtin.VerifyElementHasAttributeKeyword$_verifyElementHasAttribute_closure1.call(VerifyElementHasAttributeKeyword.groovy)&#xD;
	at com.kms.katalon.core.webui.keyword.internal.WebUIKeywordMain.runKeyword(WebUIKeywordMain.groovy:20)&#xD;
	at com.kms.katalon.core.webui.keyword.builtin.VerifyElementHasAttributeKeyword.verifyElementHasAttribute(VerifyElementHasAttributeKeyword.groovy:100)&#xD;
	at com.kms.katalon.core.webui.keyword.builtin.VerifyElementHasAttributeKeyword.execute(VerifyElementHasAttributeKeyword.groovy:69)&#xD;
	at com.kms.katalon.core.keyword.internal.KeywordExecutor.executeKeywordForPlatform(KeywordExecutor.groovy:56)&#xD;
	at com.kms.katalon.core.webui.keyword.WebUiBuiltInKeywords.verifyElementHasAttribute(WebUiBuiltInKeywords.groovy:3166)&#xD;
	at com.kms.katalon.core.webui.keyword.WebUiBuiltInKeywords$verifyElementHasAttribute$11.call(Unknown Source)&#xD;
	at pageObjects.PartyOnboarding.inputDataForPartyContacts(PartyOnboarding.groovy:736)&#xD;
	at PartyOnboardingPersonal.run(PartyOnboardingPersonal:77)&#xD;
	at com.kms.katalon.core.main.ScriptEngine.run(ScriptEngine.java:194)&#xD;
	at com.kms.katalon.core.main.ScriptEngine.runScriptAsRawText(ScriptEngine.java:119)&#xD;
	at com.kms.katalon.core.main.TestCaseExecutor.runScript(TestCaseExecutor.java:337)&#xD;
	at com.kms.katalon.core.main.TestCaseExecutor.doExecute(TestCaseExecutor.java:328)&#xD;
	at com.kms.katalon.core.main.TestCaseExecutor.processExecutionPhase(TestCaseExecutor.java:307)&#xD;
	at com.kms.katalon.core.main.TestCaseExecutor.accessMainPhase(TestCaseExecutor.java:299)&#xD;
	at com.kms.katalon.core.main.TestCaseExecutor.execute(TestCaseExecutor.java:233)&#xD;
	at com.kms.katalon.core.main.TestSuiteExecutor.accessTestCaseMainPhase(TestSuiteExecutor.java:133)&#xD;
	at com.kms.katalon.core.main.TestSuiteExecutor.accessTestSuiteMainPhase(TestSuiteExecutor.java:116)&#xD;
	at com.kms.katalon.core.main.TestSuiteExecutor.execute(TestSuiteExecutor.java:83)&#xD;
	at com.kms.katalon.core.main.TestCaseMain.startTestSuite(TestCaseMain.java:157)&#xD;
	at com.kms.katalon.core.main.TestCaseMain$startTestSuite$0.call(Unknown Source)&#xD;
	at TempTestSuite1566396522347.run(TempTestSuite1566396522347.groovy:35)&#xD;
)&#xD;
[[ATTACHMENT|C:\\ML\\JITS\\AYA\\Automation\\FBE\\FBE\\Reports\\DataPreparation\\PartyOnboardingPersonal\\20190821_203842\\1566397400738.png]]&#xD;
&#xD;
2019-08-21 20:53:21 - [MESSAGE][PASSED] - Object 'Object Repository/PartyOnboarding/Personal/PartyContacts/Valid From' is visible&#xD;
&#xD;
2019-08-21 20:53:21 - [MESSAGE][PASSED] - Text of object 'Object Repository/PartyOnboarding/Personal/PartyContacts/Valid From' is cleared&#xD;
&#xD;
2019-08-21 20:53:21 - [MESSAGE][PASSED] - Object 'Object Repository/PartyOnboarding/Personal/PartyContacts/Valid From' is visible&#xD;
&#xD;
2019-08-21 20:53:21 - [MESSAGE][PASSED] - Keys '2018-01-24' sent to object: 'Object Repository/PartyOnboarding/Personal/PartyContacts/Valid From'&#xD;
&#xD;
2019-08-21 20:53:21 - [MESSAGE][PASSED] - Object 'Object Repository/PartyOnboarding/Personal/PartyContacts/Save Row' is visible&#xD;
&#xD;
2019-08-21 20:53:21 - [MESSAGE][PASSED] - Execute JavaScript 'arguments[0].click();' successfully&#xD;
&#xD;
2019-08-21 20:53:21 - [MESSAGE][PASSED] - Object 'Object Repository/PartyOnboarding/Personal/PartyContacts/New Row' is visible&#xD;
&#xD;
2019-08-21 20:53:21 - [MESSAGE][PASSED] - Execute JavaScript 'arguments[0].click();' successfully&#xD;
&#xD;
2019-08-21 20:53:22 - [MESSAGE][PASSED] - Delayed 1 second(s)&#xD;
&#xD;
2019-08-21 20:53:22 - [MESSAGE][PASSED] - Object 'Object Repository/PartyOnboarding/Personal/PartyContacts/Contact Method' is visible&#xD;
&#xD;
2019-08-21 20:53:22 - [MESSAGE][PASSED] - Keys 'TAB + Email' sent to object: 'Object Repository/PartyOnboarding/Personal/PartyContacts/Contact Method'&#xD;
&#xD;
2019-08-21 20:53:23 - [MESSAGE][PASSED] - Delayed 1 second(s)&#xD;
&#xD;
2019-08-21 20:53:23 - [MESSAGE][PASSED] - Object 'Object Repository/PartyOnboarding/Personal/PartyContacts/Contact Type  Location' is visible&#xD;
&#xD;
2019-08-21 20:53:24 - [MESSAGE][PASSED] - Keys 'TAB + Personal' sent to object: 'Object Repository/PartyOnboarding/Personal/PartyContacts/Contact Type  Location'&#xD;
&#xD;
2019-08-21 20:53:24 - [MESSAGE][PASSED] - Object 'Object Repository/PartyOnboarding/Personal/PartyContacts/Contact Email' is visible&#xD;
&#xD;
2019-08-21 20:53:24 - [MESSAGE][WARNING] - Object 'Object Repository/PartyOnboarding/Personal/PartyContacts/Contact Email' does not have attribute 'readonly' (Root cause: com.kms.katalon.core.exception.StepFailedException: Object 'Object Repository/PartyOnboarding/Personal/PartyContacts/Contact Email' does not have attribute 'readonly'&#xD;
	at com.kms.katalon.core.webui.keyword.internal.WebUIKeywordMain.stepFailed(WebUIKeywordMain.groovy:64)&#xD;
	at com.kms.katalon.core.webui.keyword.builtin.VerifyElementHasAttributeKeyword$_verifyElementHasAttribute_closure1.doCall(VerifyElementHasAttributeKeyword.groovy:89)&#xD;
	at com.kms.katalon.core.webui.keyword.builtin.VerifyElementHasAttributeKeyword$_verifyElementHasAttribute_closure1.call(VerifyElementHasAttributeKeyword.groovy)&#xD;
	at com.kms.katalon.core.webui.keyword.internal.WebUIKeywordMain.runKeyword(WebUIKeywordMain.groovy:20)&#xD;
	at com.kms.katalon.core.webui.keyword.builtin.VerifyElementHasAttributeKeyword.verifyElementHasAttribute(VerifyElementHasAttributeKeyword.groovy:100)&#xD;
	at com.kms.katalon.core.webui.keyword.builtin.VerifyElementHasAttributeKeyword.execute(VerifyElementHasAttributeKeyword.groovy:69)&#xD;
	at com.kms.katalon.core.keyword.internal.KeywordExecutor.executeKeywordForPlatform(KeywordExecutor.groovy:56)&#xD;
	at com.kms.katalon.core.webui.keyword.WebUiBuiltInKeywords.verifyElementHasAttribute(WebUiBuiltInKeywords.groovy:3166)&#xD;
	at com.kms.katalon.core.webui.keyword.WebUiBuiltInKeywords$verifyElementHasAttribute$11.call(Unknown Source)&#xD;
	at pageObjects.PartyOnboarding.inputDataForPartyContacts(PartyOnboarding.groovy:721)&#xD;
	at PartyOnboardingPersonal.run(PartyOnboardingPersonal:77)&#xD;
	at com.kms.katalon.core.main.ScriptEngine.run(ScriptEngine.java:194)&#xD;
	at com.kms.katalon.core.main.ScriptEngine.runScriptAsRawText(ScriptEngine.java:119)&#xD;
	at com.kms.katalon.core.main.TestCaseExecutor.runScript(TestCaseExecutor.java:337)&#xD;
	at com.kms.katalon.core.main.TestCaseExecutor.doExecute(TestCaseExecutor.java:328)&#xD;
	at com.kms.katalon.core.main.TestCaseExecutor.processExecutionPhase(TestCaseExecutor.java:307)&#xD;
	at com.kms.katalon.core.main.TestCaseExecutor.accessMainPhase(TestCaseExecutor.java:299)&#xD;
	at com.kms.katalon.core.main.TestCaseExecutor.execute(TestCaseExecutor.java:233)&#xD;
	at com.kms.katalon.core.main.TestSuiteExecutor.accessTestCaseMainPhase(TestSuiteExecutor.java:133)&#xD;
	at com.kms.katalon.core.main.TestSuiteExecutor.accessTestSuiteMainPhase(TestSuiteExecutor.java:116)&#xD;
	at com.kms.katalon.core.main.TestSuiteExecutor.execute(TestSuiteExecutor.java:83)&#xD;
	at com.kms.katalon.core.main.TestCaseMain.startTestSuite(TestCaseMain.java:157)&#xD;
	at com.kms.katalon.core.main.TestCaseMain$startTestSuite$0.call(Unknown Source)&#xD;
	at TempTestSuite1566396522347.run(TempTestSuite1566396522347.groovy:35)&#xD;
)&#xD;
[[ATTACHMENT|C:\\ML\\JITS\\AYA\\Automation\\FBE\\FBE\\Reports\\DataPreparation\\PartyOnboardingPersonal\\20190821_203842\\1566397404299.png]]&#xD;
&#xD;
2019-08-21 20:53:24 - [MESSAGE][PASSED] - Object 'Object Repository/PartyOnboarding/Personal/PartyContacts/Contact Number_03_Code' is visible&#xD;
&#xD;
2019-08-21 20:53:24 - [MESSAGE][PASSED] - Object 'Object Repository/PartyOnboarding/Personal/PartyContacts/Contact Number_03_Code' has attribute 'readonly'&#xD;
&#xD;
2019-08-21 20:53:24 - [MESSAGE][PASSED] - Object 'Object Repository/PartyOnboarding/Personal/PartyContacts/Contact Email' is visible&#xD;
&#xD;
2019-08-21 20:53:25 - [MESSAGE][PASSED] - Keys 'nguyenthimyle@gmail.com' sent to object: 'Object Repository/PartyOnboarding/Personal/PartyContacts/Contact Email'&#xD;
&#xD;
2019-08-21 20:53:25 - [MESSAGE][PASSED] - Object 'Object Repository/PartyOnboarding/Personal/PartyContacts/Confirm Email' is visible&#xD;
&#xD;
2019-08-21 20:53:26 - [MESSAGE][PASSED] - Keys 'nguyenthimyle@gmail.com' sent to object: 'Object Repository/PartyOnboarding/Personal/PartyContacts/Confirm Email'&#xD;
&#xD;
2019-08-21 20:53:26 - [MESSAGE][PASSED] - Object 'Object Repository/PartyOnboarding/Personal/PartyContacts/Valid From' is visible&#xD;
&#xD;
2019-08-21 20:53:26 - [MESSAGE][PASSED] - Text of object 'Object Repository/PartyOnboarding/Personal/PartyContacts/Valid From' is cleared&#xD;
&#xD;
2019-08-21 20:53:26 - [MESSAGE][PASSED] - Object 'Object Repository/PartyOnboarding/Personal/PartyContacts/Valid From' is visible&#xD;
&#xD;
2019-08-21 20:53:26 - [MESSAGE][PASSED] - Keys '2018-01-26' sent to object: 'Object Repository/PartyOnboarding/Personal/PartyContacts/Valid From'&#xD;
&#xD;
2019-08-21 20:53:26 - [MESSAGE][PASSED] - Object 'Object Repository/PartyOnboarding/Personal/PartyContacts/Save Row' is visible&#xD;
&#xD;
2019-08-21 20:53:26 - [MESSAGE][PASSED] - Execute JavaScript 'arguments[0].click();' successfully&#xD;
&#xD;
2019-08-21 20:53:26 - [TEST_STEP][PASSED] - log.logInfo("--- Input data for Party Contacts - click Next ---"): --- Input data for Party Contacts - click Next ---&#xD;
&#xD;
2019-08-21 20:53:26 - [MESSAGE][INFO] - --- Input data for Party Contacts - click Next ---&#xD;
&#xD;
2019-08-21 20:53:26 - [TEST_STEP][PASSED] - partyOnboardingPersonal.clickNextbutton(): Object: 'Object Repository/PartyOnboarding/btn_Next' is clicked on&#xD;
&#xD;
2019-08-21 20:53:26 - [MESSAGE][PASSED] - Object 'Object Repository/PartyOnboarding/btn_Next' is visible&#xD;
&#xD;
2019-08-21 20:53:26 - [MESSAGE][PASSED] - Object: 'Object Repository/PartyOnboarding/btn_Next' is clicked on&#xD;
&#xD;
2019-08-21 20:53:26 - [TEST_STEP][PASSED] - log.logInfo("--- Input Party Required Documents - Input information for document---"): --- Input Party Required Documents - Input information for document---&#xD;
&#xD;
2019-08-21 20:53:26 - [MESSAGE][INFO] - --- Input Party Required Documents - Input information for document---&#xD;
&#xD;
2019-08-21 20:53:26 - [TEST_STEP][PASSED] - partyOnboardingPersonal.inputDataForPartyRequiredDocuments(s12_documentCategory, s12_kycExpired, s12_documentType, s12_validFrom, s12_validTo, s12_referenceNumber, s12_issuingAuthority, s12_issuingCountry, s12_documentVerified, s12_image, s12_documentCollectionStatus): Keys 'Documents collected and validated centrally' sent to object: 'Object Repository/PartyOnboarding/Personal/PartyRequiredDocument/ddl_DocumentsCollectionStatus'&#xD;
&#xD;
2019-08-21 20:53:27 - [MESSAGE][PASSED] - Delayed 1 second(s)&#xD;
&#xD;
2019-08-21 20:53:27 - [MESSAGE][PASSED] - Object 'Object Repository/PartyOnboarding/Personal/PartyRequiredDocument/New Row' is visible&#xD;
&#xD;
2019-08-21 20:53:27 - [MESSAGE][PASSED] - Execute JavaScript 'arguments[0].click();' successfully&#xD;
&#xD;
2019-08-21 20:53:27 - [MESSAGE][PASSED] - Object 'Object Repository/PartyOnboarding/Personal/PartyRequiredDocument/DocumentCategory' is visible&#xD;
&#xD;
2019-08-21 20:53:28 - [MESSAGE][PASSED] - Keys 'TAB + PT-NRC' sent to object: 'Object Repository/PartyOnboarding/Personal/PartyRequiredDocument/DocumentCategory'&#xD;
&#xD;
2019-08-21 20:53:29 - [MESSAGE][PASSED] - Delayed 1 second(s)&#xD;
&#xD;
2019-08-21 20:53:29 - [MESSAGE][PASSED] - Object 'Object Repository/PartyOnboarding/Personal/PartyRequiredDocument/Document Type' is visible&#xD;
&#xD;
2019-08-21 20:53:29 - [MESSAGE][PASSED] - Keys 'TAB + NRC' sent to object: 'Object Repository/PartyOnboarding/Personal/PartyRequiredDocument/Document Type'&#xD;
&#xD;
2019-08-21 20:53:30 - [MESSAGE][PASSED] - Delayed 1 second(s)&#xD;
&#xD;
2019-08-21 20:53:30 - [MESSAGE][PASSED] - Object 'Object Repository/PartyOnboarding/Personal/PartyRequiredDocument/Issuing Country' is visible&#xD;
&#xD;
2019-08-21 20:53:30 - [MESSAGE][PASSED] - Keys 'Bahrain' sent to object: 'Object Repository/PartyOnboarding/Personal/PartyRequiredDocument/Issuing Country'&#xD;
&#xD;
2019-08-21 20:53:31 - [MESSAGE][PASSED] - Delayed 1 second(s)&#xD;
&#xD;
2019-08-21 20:53:31 - [MESSAGE][PASSED] - Object 'Object Repository/PartyOnboarding/Personal/PartyRequiredDocument/Document Verified' is visible&#xD;
&#xD;
2019-08-21 20:53:32 - [MESSAGE][PASSED] - Keys 'TAB + TRUE' sent to object: 'Object Repository/PartyOnboarding/Personal/PartyRequiredDocument/Document Verified'&#xD;
&#xD;
2019-08-21 20:53:32 - [MESSAGE][PASSED] - Object 'Object Repository/PartyOnboarding/Personal/PartyRequiredDocument/Save Row' is visible&#xD;
&#xD;
2019-08-21 20:53:32 - [MESSAGE][PASSED] - Execute JavaScript 'arguments[0].click();' successfully&#xD;
&#xD;
2019-08-21 20:53:32 - [MESSAGE][PASSED] - Object 'Object Repository/PartyOnboarding/Personal/PartyRequiredDocument/ddl_DocumentsCollectionStatus' is visible&#xD;
&#xD;
2019-08-21 20:53:34 - [MESSAGE][PASSED] - Keys 'Documents collected and validated centrally' sent to object: 'Object Repository/PartyOnboarding/Personal/PartyRequiredDocument/ddl_DocumentsCollectionStatus'&#xD;
&#xD;
2019-08-21 20:53:34 - [TEST_STEP][PASSED] - log.logInfo("--- Input Party Required Documents - Click Next button---"): --- Input Party Required Documents - Click Next button---&#xD;
&#xD;
2019-08-21 20:53:34 - [MESSAGE][INFO] - --- Input Party Required Documents - Click Next button---&#xD;
&#xD;
2019-08-21 20:53:34 - [TEST_STEP][PASSED] - partyOnboardingPersonal.clickNextbutton(): Object: 'Object Repository/PartyOnboarding/btn_Next' is clicked on&#xD;
&#xD;
2019-08-21 20:53:34 - [MESSAGE][PASSED] - Object 'Object Repository/PartyOnboarding/btn_Next' is visible&#xD;
&#xD;
2019-08-21 20:53:34 - [MESSAGE][PASSED] - Object: 'Object Repository/PartyOnboarding/btn_Next' is clicked on&#xD;
&#xD;
2019-08-21 20:53:34 - [TEST_STEP][PASSED] - log.logInfo("--- Input Party Required Documents - Record PartyID ---"): --- Input Party Required Documents - Record PartyID ---&#xD;
&#xD;
2019-08-21 20:53:34 - [MESSAGE][INFO] - --- Input Party Required Documents - Record PartyID ---&#xD;
&#xD;
2019-08-21 20:53:34 - [TEST_STEP][PASSED] - partyOnboardingPersonal.recordPartyId(): Attribute 'value' of object 'Object Repository/PartyOnboarding/Confirmation/PartyID' is: 'LNGI2JYQ'&#xD;
&#xD;
2019-08-21 20:53:35 - [MESSAGE][PASSED] - Attribute 'value' of object 'Object Repository/PartyOnboarding/Confirmation/PartyID' is: 'LNGI2JYQ'&#xD;
&#xD;
2019-08-21 20:53:35 - [TEST_STEP][PASSED] - log.logInfo("--- Ask For Approve - Click Next button ---"): --- Ask For Approve - Click Next button ---&#xD;
&#xD;
2019-08-21 20:53:35 - [MESSAGE][INFO] - --- Ask For Approve - Click Next button ---&#xD;
&#xD;
2019-08-21 20:53:35 - [TEST_STEP][PASSED] - partyOnboardingPersonal.clickNextbutton(): Object: 'Object Repository/PartyOnboarding/btn_Next' is clicked on&#xD;
&#xD;
2019-08-21 20:53:35 - [MESSAGE][PASSED] - Object 'Object Repository/PartyOnboarding/btn_Next' is visible&#xD;
&#xD;
2019-08-21 20:53:35 - [MESSAGE][PASSED] - Object: 'Object Repository/PartyOnboarding/btn_Next' is clicked on&#xD;
&#xD;
2019-08-21 20:53:35 - [TEST_STEP][PASSED] - log.logInfo("--- Ask For Approve - Click Ask For Approval button ---"): --- Ask For Approve - Click Ask For Approval button ---&#xD;
&#xD;
2019-08-21 20:53:35 - [MESSAGE][INFO] - --- Ask For Approve - Click Ask For Approval button ---&#xD;
&#xD;
2019-08-21 20:53:35 - [TEST_STEP][PASSED] - partyOnboardingPersonal.clickAskForApprovalbutton(): Object: 'Object Repository/PartyOnboarding/RequestToApproval/AskForApproval_btn' is clicked on&#xD;
&#xD;
2019-08-21 20:53:36 - [MESSAGE][PASSED] - Object 'Object Repository/PartyOnboarding/RequestToApproval/AskForApproval_btn' is visible&#xD;
&#xD;
2019-08-21 20:53:36 - [MESSAGE][PASSED] - Object: 'Object Repository/PartyOnboarding/RequestToApproval/AskForApproval_btn' is clicked on</system-out>
            <system-err></system-err>
        </testcase>
        <system-out>2019-08-21 20:38:45 - [TEST_SUITE][INCOMPLETE] - PartyOnboardingPersonal: null</system-out>
        <system-err>2019-08-21 20:38:45 - [TEST_SUITE][INCOMPLETE] - PartyOnboardingPersonal: null</system-err>
    </testsuite>
</testsuites>
