<?xml version="1.0" encoding="UTF-8" standalone="yes"?>
<testsuites name="PartyOnboardingPersonal" time="57" tests="3" failures="0" errors="0">
    <testsuite name="PartyOnboardingPersonal" tests="3" failures="0" errors="0" time="57" timestamp="2019-08-22 20:35:24" hostname="HP - CNU406BFVL" id="Test Suites/DataPreparation/PartyOnboardingPersonal">
        <properties>
            <property name="deviceName" value=""/>
            <property name="devicePlatform" value=""/>
            <property name="logFolder" value="C:\\ML\\JITS\\AYA\\Automation\\FBE\\FBE\\Reports\\DataPreparation\\PartyOnboardingPersonal\\20190822_203520"/>
            <property name="logFiles" value="C:\\ML\\JITS\\AYA\\Automation\\FBE\\FBE\\Reports\\DataPreparation\\PartyOnboardingPersonal\\20190822_203520\\execution0.log"/>
            <property name="attachments" value=""/>
            <property name="hostName" value="HP - CNU406BFVL"/>
            <property name="os" value="Windows 7 64bit"/>
            <property name="katalonVersion" value="6.2.2.4"/>
            <property name="browser" value="Chrome 76.0.3809.100"/>
            <property name="hostAddress" value="10.9.13.62"/>
            <property name="sessionId" value="8c8139d9a9c90e1d8d61e4bd1a044a16"/>
            <property name="seleniumVersion" value="3.141.59"/>
            <property name="proxyInformation" value="ProxyInformation{proxyOption=NO_PROXY, proxyServerType=HTTP, password=, proxyServerAddress=, proxyServerPort=0}"/>
            <property name="platform" value="Windows 7"/>
        </properties>
        <testcase name="Test Cases/Login" classname="Test Cases/Login" status="PASSED">
            <system-out>2019-08-22 20:35:24 - [TEST_CASE][PASSED] - Test Cases/Login: Test Cases/Login&#xD;
&#xD;
2019-08-22 20:35:24 - [TEST_STEP][PASSED] - Start listener action : sampleBeforeTestCase: null&#xD;
&#xD;
2019-08-22 20:35:24 - [TEST_STEP][PASSED] - testCaseID = testCaseContext.getTestCaseId(): null&#xD;
&#xD;
2019-08-22 20:35:25 - [TEST_STEP][PASSED] - logger = new com.kms.katalon.core.util.KeywordUtil(): null&#xD;
&#xD;
2019-08-22 20:35:25 - [TEST_STEP][PASSED] - loginPage = new pageObjects.LoginPage(): null&#xD;
&#xD;
2019-08-22 20:35:25 - [TEST_STEP][PASSED] - logger.logInfo("Login - Step01 - Open browser"): Login - Step01 - Open browser&#xD;
&#xD;
2019-08-22 20:35:25 - [MESSAGE][INFO] - Login - Step01 - Open browser&#xD;
&#xD;
2019-08-22 20:35:25 - [TEST_STEP][PASSED] - loginPage.openBrowser(url, active): Current window maximized&#xD;
&#xD;
2019-08-22 20:35:25 - [MESSAGE][INFO] - Starting 'Chrome' driver&#xD;
&#xD;
2019-08-22 20:35:25 - [MESSAGE][INFO] - Action delay is set to 0 seconds&#xD;
&#xD;
2019-08-22 20:35:34 - [MESSAGE][PASSED] - Browser is opened with url: 'http://172.24.192.30:9080/uxp/rt/html/layout.html?locale=en-gb'&#xD;
&#xD;
2019-08-22 20:35:35 - [MESSAGE][PASSED] - Current window maximized&#xD;
&#xD;
2019-08-22 20:35:35 - [TEST_STEP][PASSED] - logger.logInfo("Login - Step02 - Input Username"): Login - Step02 - Input Username&#xD;
&#xD;
2019-08-22 20:35:35 - [MESSAGE][INFO] - Login - Step02 - Input Username&#xD;
&#xD;
2019-08-22 20:35:35 - [TEST_STEP][PASSED] - loginPage.inputUsername(username, active): Keys 'br1user017' sent to object: 'Object Repository/LogIn/input_Username_user'&#xD;
&#xD;
2019-08-22 20:35:35 - [MESSAGE][PASSED] - Object 'Object Repository/LogIn/input_Username_user' is present&#xD;
&#xD;
2019-08-22 20:35:36 - [MESSAGE][PASSED] - Keys 'br1user017' sent to object: 'Object Repository/LogIn/input_Username_user'&#xD;
&#xD;
2019-08-22 20:35:36 - [TEST_STEP][PASSED] - logger.logInfo("Login - Step03 - Input Password"): Login - Step03 - Input Password&#xD;
&#xD;
2019-08-22 20:35:36 - [MESSAGE][INFO] - Login - Step03 - Input Password&#xD;
&#xD;
2019-08-22 20:35:36 - [TEST_STEP][PASSED] - loginPage.inputPassword(password, active): Keys 'User017$#@' sent to object: 'Object Repository/LogIn/input_Password_pwd'&#xD;
&#xD;
2019-08-22 20:35:36 - [MESSAGE][PASSED] - Object 'Object Repository/LogIn/input_Password_pwd' is present&#xD;
&#xD;
2019-08-22 20:35:36 - [MESSAGE][PASSED] - Keys 'User017$#@' sent to object: 'Object Repository/LogIn/input_Password_pwd'&#xD;
&#xD;
2019-08-22 20:35:36 - [TEST_STEP][PASSED] - logger.logInfo("Login - Step04 - Click Sign In button"): Login - Step04 - Click Sign In button&#xD;
&#xD;
2019-08-22 20:35:36 - [MESSAGE][INFO] - Login - Step04 - Click Sign In button&#xD;
&#xD;
2019-08-22 20:35:36 - [TEST_STEP][PASSED] - loginPage.clickSingin(active): Object: 'Object Repository/LogIn/input_Password_login' is clicked on&#xD;
&#xD;
2019-08-22 20:35:36 - [MESSAGE][PASSED] - Object 'Object Repository/LogIn/input_Password_login' is present&#xD;
&#xD;
2019-08-22 20:35:37 - [MESSAGE][PASSED] - Object: 'Object Repository/LogIn/input_Password_login' is clicked on&#xD;
&#xD;
2019-08-22 20:35:37 - [TEST_STEP][PASSED] - logger.logInfo("Login - wait load page"): Login - wait load page&#xD;
&#xD;
2019-08-22 20:35:37 - [MESSAGE][INFO] - Login - wait load page&#xD;
&#xD;
2019-08-22 20:35:37 - [TEST_STEP][PASSED] - loginPage.waitLoadPage(active): Wait for page load successfully&#xD;
&#xD;
2019-08-22 20:35:37 - [MESSAGE][PASSED] - Wait for page load successfully</system-out>
            <system-err></system-err>
        </testcase>
        <testcase name="Test Cases/DataPreparation/ApprovalDataPreparation" classname="Test Cases/DataPreparation/ApprovalDataPreparation" status="PASSED">
            <system-out>2019-08-22 20:35:37 - [TEST_CASE][PASSED] - Test Cases/DataPreparation/ApprovalDataPreparation: Test Cases/DataPreparation/ApprovalDataPreparation&#xD;
&#xD;
2019-08-22 20:35:37 - [TEST_STEP][PASSED] - Start listener action : sampleBeforeTestCase: null&#xD;
&#xD;
2019-08-22 20:35:37 - [TEST_STEP][PASSED] - testCaseID = testCaseContext.getTestCaseId(): null&#xD;
&#xD;
2019-08-22 20:35:37 - [TEST_STEP][PASSED] - log = new com.kms.katalon.core.util.KeywordUtil(): null&#xD;
&#xD;
2019-08-22 20:35:37 - [TEST_STEP][PASSED] - notificationPage = new pageObjects.NotificationPage(): null&#xD;
&#xD;
2019-08-22 20:35:37 - [TEST_STEP][PASSED] - step = "": null&#xD;
&#xD;
2019-08-22 20:35:37 - [TEST_STEP][PASSED] - step = "1": null&#xD;
&#xD;
2019-08-22 20:35:37 - [TEST_STEP][PASSED] - log.logInfo("Approval - Step0" + step + " Click Notification icon"): Approval - Step01 Click Notification icon&#xD;
&#xD;
2019-08-22 20:35:37 - [MESSAGE][INFO] - Approval - Step01 Click Notification icon&#xD;
&#xD;
2019-08-22 20:35:37 - [TEST_STEP][PASSED] - notificationPage.clickNotificationIcon(): Object: 'Object Repository/ProcessApprovalConfirmation/NotificationIcon_btn' is clicked on&#xD;
&#xD;
2019-08-22 20:35:39 - [MESSAGE][PASSED] - Delayed 2 second(s)&#xD;
&#xD;
2019-08-22 20:35:39 - [MESSAGE][PASSED] - Object 'Object Repository/ProcessApprovalConfirmation/NotificationIcon_btn' is visible&#xD;
&#xD;
2019-08-22 20:35:40 - [MESSAGE][PASSED] - Object: 'Object Repository/ProcessApprovalConfirmation/NotificationIcon_btn' is clicked on&#xD;
&#xD;
2019-08-22 20:35:40 - [TEST_STEP][PASSED] - step = "2": null&#xD;
&#xD;
2019-08-22 20:35:40 - [TEST_STEP][PASSED] - log.logInfo("Approval - Step0" + step + " Click Referral description"): Approval - Step02 Click Referral description&#xD;
&#xD;
2019-08-22 20:35:40 - [MESSAGE][INFO] - Approval - Step02 Click Referral description&#xD;
&#xD;
2019-08-22 20:35:40 - [TEST_STEP][PASSED] - notificationPage.clickDescription("Referral"): Execute JavaScript 'arguments[0].click();' successfully&#xD;
&#xD;
2019-08-22 20:35:41 - [MESSAGE][PASSED] - Object 'Object Repository/NotificationPage/NotificationTypes_rdo' is visible&#xD;
&#xD;
2019-08-22 20:35:43 - [MESSAGE][PASSED] - Delayed 2 second(s)&#xD;
&#xD;
2019-08-22 20:35:43 - [MESSAGE][PASSED] - Object 'Object Repository/NotificationPage/NotificationTypes_rdo' is visible&#xD;
&#xD;
2019-08-22 20:35:43 - [MESSAGE][PASSED] - Execute JavaScript 'arguments[0].click();' successfully&#xD;
&#xD;
2019-08-22 20:35:45 - [MESSAGE][PASSED] - Delayed 2 second(s)&#xD;
&#xD;
2019-08-22 20:35:45 - [MESSAGE][PASSED] - Object 'Object Repository/PartyOnboarding/btn_Next' is visible&#xD;
&#xD;
2019-08-22 20:35:45 - [MESSAGE][PASSED] - Execute JavaScript 'arguments[0].click();' successfully&#xD;
&#xD;
2019-08-22 20:35:45 - [TEST_STEP][PASSED] - step = "3": null&#xD;
&#xD;
2019-08-22 20:35:45 - [TEST_STEP][PASSED] - log.logInfo("Approval - Step0" + step + " Click Approval for Party"): Approval - Step03 Click Approval for Party&#xD;
&#xD;
2019-08-22 20:35:45 - [MESSAGE][INFO] - Approval - Step03 Click Approval for Party&#xD;
&#xD;
2019-08-22 20:35:45 - [TEST_STEP][PASSED] - notificationPage.clickApproved(description): Unable to find the element located by 'By.xpath: //td[text()='Referral' and @idx=1]/preceding-sibling::td[@idx='0']'. Please recheck the objects properties to make sure the desired element is located. &#xD;
&#xD;
2019-08-22 20:35:46 - [MESSAGE][PASSED] - Delayed 1 second(s)&#xD;
&#xD;
2019-08-22 20:35:46 - [MESSAGE][PASSED] - Object 'Object Repository/ProcessApprovalConfirmation/ListTaskID_txt' is visible&#xD;
&#xD;
2019-08-22 20:35:47 - [MESSAGE][PASSED] - Object 'Object Repository/ProcessApprovalConfirmation/ListTaskID_rdo' is visible&#xD;
&#xD;
2019-08-22 20:35:47 - [MESSAGE][PASSED] - Object 'Object Repository/ProcessApprovalConfirmation/ListTaskID_rdo' is present&#xD;
&#xD;
2019-08-22 20:35:47 - [MESSAGE][PASSED] - Object 'Object Repository/ProcessApprovalConfirmation/ListTaskID_txt' is visible&#xD;
&#xD;
2019-08-22 20:35:47 - [MESSAGE][PASSED] - Object 'Object Repository/ProcessApprovalConfirmation/ListTaskID_rdo' is visible&#xD;
&#xD;
2019-08-22 20:35:47 - [MESSAGE][PASSED] - Object 'Object Repository/ProcessApprovalConfirmation/ListTaskID_rdo' is clickable&#xD;
&#xD;
2019-08-22 20:35:48 - [MESSAGE][PASSED] - Delayed 1 second(s)&#xD;
&#xD;
2019-08-22 20:35:48 - [MESSAGE][PASSED] - Text of object 'Object Repository/NotificationPage/TaskDescription_txt' is: 'Supervisor Authorization required for Party Onboarding'&#xD;
&#xD;
2019-08-22 20:35:49 - [MESSAGE][PASSED] - Delayed 1 second(s)&#xD;
&#xD;
2019-08-22 20:35:49 - [MESSAGE][PASSED] - Object 'Object Repository/ProcessApprovalConfirmation/Approve_btn' is visible&#xD;
&#xD;
2019-08-22 20:35:49 - [MESSAGE][PASSED] - Object: 'Object Repository/ProcessApprovalConfirmation/Approve_btn' is clicked on&#xD;
&#xD;
2019-08-22 20:35:49 - [MESSAGE][PASSED] - Object 'Object Repository/ProcessApprovalConfirmation/ListTaskID_rdo' is present&#xD;
&#xD;
2019-08-22 20:35:49 - [MESSAGE][PASSED] - Object 'Object Repository/ProcessApprovalConfirmation/ListTaskID_txt' is visible&#xD;
&#xD;
2019-08-22 20:35:49 - [MESSAGE][PASSED] - Object 'Object Repository/ProcessApprovalConfirmation/ListTaskID_rdo' is visible&#xD;
&#xD;
2019-08-22 20:35:49 - [MESSAGE][PASSED] - Object 'Object Repository/ProcessApprovalConfirmation/ListTaskID_rdo' is clickable&#xD;
&#xD;
2019-08-22 20:36:20 - [MESSAGE][INFO] - Unable to find the element located by 'By.xpath: //td[text()='Referral' and @idx=1]/preceding-sibling::td[@idx='0']'. Please recheck the objects properties to make sure the desired element is located.</system-out>
            <system-err></system-err>
        </testcase>
        <testcase name="Test Cases/LogOutFromSystem" classname="Test Cases/LogOutFromSystem" status="PASSED">
            <system-out>2019-08-22 20:36:21 - [TEST_CASE][PASSED] - Test Cases/LogOutFromSystem: Test Cases/LogOutFromSystem&#xD;
&#xD;
2019-08-22 20:36:21 - [TEST_STEP][PASSED] - Start listener action : sampleBeforeTestCase: null&#xD;
&#xD;
2019-08-22 20:36:21 - [TEST_STEP][PASSED] - testCaseID = testCaseContext.getTestCaseId(): null&#xD;
&#xD;
2019-08-22 20:36:21 - [TEST_STEP][PASSED] - click(findTestObject("LogOut/Menu_Logoff")): Object: 'Object Repository/LogOut/Menu_Logoff' is clicked on&#xD;
&#xD;
2019-08-22 20:36:21 - [MESSAGE][PASSED] - Object: 'Object Repository/LogOut/Menu_Logoff' is clicked on&#xD;
&#xD;
2019-08-22 20:36:21 - [TEST_STEP][PASSED] - click(findTestObject("LogOut/SignOut")): Object: 'Object Repository/LogOut/SignOut' is clicked on&#xD;
&#xD;
2019-08-22 20:36:21 - [MESSAGE][PASSED] - Object: 'Object Repository/LogOut/SignOut' is clicked on</system-out>
            <system-err></system-err>
        </testcase>
        <system-out>2019-08-22 20:35:24 - [TEST_SUITE][INCOMPLETE] - PartyOnboardingPersonal: null</system-out>
        <system-err>2019-08-22 20:35:24 - [TEST_SUITE][INCOMPLETE] - PartyOnboardingPersonal: null</system-err>
    </testsuite>
</testsuites>
